Log started at 28.04.2021	02:53:03
Number of used processors (NPROC): 4.
Number of mesh partitions (NPART): 4.
Total Physical Memory = 15.87 Gb, Available Physical Memory = 11.05 Gb
Computer name:	MCAE33
Operating system:	Windows 10 (or higher) (Version 10.0.18363)

SOLIDWORKS 2020 SP4.0
Flow Simulation 2020  x64 / 4995 / MESHER ver. efd_dev.4663_05.07.2019 

Project: N:\Downloads\GitHub\liquid-propellant-engine\2kN Heat Sink Engine\Revised Stack OD 6in\1\Parametric Study 1\16\16.xmlconfig
Configuration name: Default
Project name: Project(1)
NGK: OFF
MBO: OFF

Mesh generation started:	28.4.2021	2:53:3
-----------------------------------------------------------------------
Mesher option run = eRunMesherNormal
-----------------------------------------------------------------------
Current CPU = 0 sec
-----------------------------------------------------------------------
Geometries initialization:
-----------------------------------------------------------------------
Loading mesh settings (global/local)...
-----------------------------------------------------------------------
Number of geometries from DB: 1
Geometry(0):
	Guid = {00000000-0000-0000-0000-000000000000}
	Fluid..
	1 Body.
	1 Real body.
	-- Bodyset 0 --
		Tolerance=1.27281e-05.
		28 Face(s).
			28 of b-spline type.
		0 Face(s) that have no ref faces
		7 Plane surface(s).
		7 Cylinder surface(s).
		1 Cone surface(s).
		1 Torus surface(s).
		12 B- surface(s).
		12666 Triangle(s).
		Getting triangle connectivities from DB: 0.001 s
		51 Edge(s).
			51 of b-spline type.
		BodyGeom reading: 0.012 s.
		15 Reference Face(s).
		4296 Reference Triangles.
		Getting triangle connectivities from DB (Ref): 0.000 s
		BodyGeom Ref reading: 0.001 s.
		Getting triangle connectivities from DB (Extra Triangulation): 0.001 s
Geometry(1):
	Solid.
	-- Bodyset 1 --
	Empty
-----------------------------------------------------------------------
Number of geometries in task: 2
Number of bodysets   in task: 2
-----------------------------------------------------------------------
	Making hash and connectivity for Bodyset ...
		CBodyGeom:
		Hash size: {18, 38, 24}.
		Mesh size: {6, 38, 6}.
		Hashing triangles...Ok.
			axis(0) tr sizes: average=37 max=601
			axis(1) tr sizes: average=77 max=391
			axis(2) tr sizes: average=44 max=667
		Number of t-connected sets:2
			(0) size=12
			(1) size=12654 cavity
		Done.
		CBodyGeomRef:
		Hashing triangles...Ok.
			axis(0) tr sizes: average=142 max=463
			axis(1) tr sizes: average=223 max=358
			axis(2) tr sizes: average=141 max=403
		Done.
	0.0102 s.
Geometries reading and preparing has taken 0.028 s.

Mapped triangles:
Hashing geometries triangles
	Triangles num=12666
	Triangles box={-0.00559566  ,0.00559569  ,-0.0781617  ,-0.0067476  ,-0.00542155  ,0.00542156  }
		3d-hash size is 101712 bytes
Hashing peculiar surfaces triangles
	Triangles num=69
	Triangles box={-0.00533362  ,-0.00299701  ,-0.0774457  ,-0.0727693  ,-0.00442823  ,-0.000377974  }
		3d-hash size is 6076 bytes
	Triangles num=69
	Triangles box={0.00299701  ,0.00533362  ,-0.0774457  ,-0.0727693  ,0.000377974  ,0.00442823  }
		3d-hash size is 6076 bytes
	Triangles num=69
	Triangles box={-0.00233948  ,0.00233646  ,-0.0774457  ,-0.0727693  ,-0.00534642  ,-0.00480804  }
		3d-hash size is 6044 bytes
	Triangles num=69
	Triangles box={-0.00533347  ,-0.00299414  ,-0.0774457  ,-0.0727693  ,0.00038137  ,0.00443006  }
		3d-hash size is 6072 bytes
	Triangles num=69
	Triangles box={-0.00233646  ,0.00233948  ,-0.0774457  ,-0.0727693  ,0.00480804  ,0.00534642  }
		3d-hash size is 6048 bytes
	Triangles num=69
	Triangles box={0.00299414  ,0.00533347  ,-0.0774457  ,-0.0727693  ,-0.00443006  ,-0.00038137  }
		3d-hash size is 6072 bytes
	Triangles num=17
	Triangles box={-0.00168922  ,0.00168922  ,-0.00689  ,-0.00689  ,-0.00169645  ,0.00166757  }
		3d-hash size is 5624 bytes
Mapped triangles processed in 0.014 s.
-----------------------------------------------------------------------
Getting sectors:
Number of sectors: 0
-----------------------------------------------------------------------
-----------------------------------------------------------------------

Current CPU = 0 sec

-----------------------------------------------------------------------
Mesh dimensions:
				I[0 ]=6
				I[1 ]=38
				I[2 ]=6

Comp. domain size:
				a[0  ]=-0.0055845
				a[1  ]=0.00558452
				a[2  ]=-0.0780905
				a[3  ]=-0.00681887
				a[4  ]=-0.00541055
				a[5  ]=0.00541056

Fluid calculated			1
Solid calculated			0
-----------------------------------------------------------------------
MESH Build started...
-----------------------------------------------------------------------
Mesh LEVEL = 2
-----------------------------------------------------------------------
Setting regions...OK (0.000 s)
Base mesh info------------------
	2D flag  =0
	Period   =[0, 0, 0]
	Nx=6
		x[0]=-0.0055845
		x[1]=-0.00372241
		x[2]=-0.00186091
		x[3]=5.95688e-07
		x[4]=0.0018621
		x[5]=0.0037236
		x[6]=0.00558452
	Ny=38
		y[0]=-0.0780905
		y[1]=-0.0762144
		y[2]=-0.0743388
		y[3]=-0.0724632
		y[4]=-0.0705877
		y[5]=-0.0687121
		y[6]=-0.0668365
		y[7]=-0.064961
		y[8]=-0.0630854
		y[9]=-0.0612098
		y[10]=-0.0593343
		y[11]=-0.0574587
		y[12]=-0.0555831
		y[13]=-0.0537076
		y[14]=-0.051832
		y[15]=-0.0499564
		y[16]=-0.0480809
		y[17]=-0.0462053
		y[18]=-0.0443297
		y[19]=-0.0424542
		y[20]=-0.0405786
		y[21]=-0.038703
		y[22]=-0.0368275
		y[23]=-0.0349519
		y[24]=-0.0330763
		y[25]=-0.0312007
		y[26]=-0.0293252
		y[27]=-0.0274496
		y[28]=-0.025574
		y[29]=-0.0236985
		y[30]=-0.0218229
		y[31]=-0.0199473
		y[32]=-0.0180718
		y[33]=-0.0161962
		y[34]=-0.0143206
		y[35]=-0.0124451
		y[36]=-0.0105695
		y[37]=-0.00869393
		y[38]=-0.00681887
	Nz=6
		z[0]=-0.00541055
		z[1]=-0.00360661
		z[2]=-0.00180309
		z[3]=4.23192e-07
		z[4]=0.00180394
		z[5]=0.00360746
		z[6]=0.00541056
End of base mesh info---------
Input_mesh_settings--------------------------------
Settings 0----------------
	Scope: GLOBAL
	Type:	------MESHER_SETTINGS----------
	RefAllCells           =0
	RefFluidCells         =0
	RefPartCells          =0
	RefSolidCells         =0
	l_SSFR(Capture crit)  =1
	l_curv(Curvature crit)=0
	l_tol(Tolerance crit) =1
	  k_tol               =0.000858406
	UseChannelRef         =1
	  NCR_method          =0
	  l_NCR               =2
	  N_gap               =5
	  Use d_NCR_min       =0
	  Use d_NCR_max       =0
	IgnoreThinChannelsHeight         =0
	--END_OF_MESHER_SETTINGS-------
End of input mesh settings-------------------------

-----------------------------------------------------------------------
Building geometries:
-----------------------------------------------------------------------
Building body-set (0) of geometry Fluid.0.(0). ...

-----------------------------------------------------------------------
Refining by triangulation...
Refinement input: 1368 bricks
Setting regions...OK (0.000 s)
Setting regions...OK (0.000 s)
Refinement result: 1788 bricks (0.022 s)
Refinement input: 1788 bricks
Refinement result: 1788 bricks (0.000 s)
Collecting and processing rays...OK (0.011 s)
Capturing...OK (0.000 s)
Refining by triangulation takes 0.034 s
-----------------------------------------------------------------------

-----------------------------------------------------------------------
Refining peculiar surfaces...
0 surfaces refined
Refining peculiar surfaces takes 0 s
-----------------------------------------------------------------------
Collecting and processing rays...OK (0.000 s)
Capturing...OK (0.000 s)
Collecting and processing rays...OK (0.000 s)
Capturing...OK (0.000 s)
Collecting and processing rays...OK (0.000 s)
Capturing...OK (0.000 s)

-----------------------------------------------------------------------
Base mesh 1 Refining...
Refinement input: 1788 bricks
Refinement result: 1788 bricks (0.000 s)
Collecting and processing rays...OK (0.000 s)
Capturing...OK (0.000 s)
-----------------------------------------------------------------------
Refining channels...
FYI: CNarrowChannelRefiner::RefineChannels_PRLL
Refinement input: 1788 bricks
Setting regions...OK (0.000 s)
Refinement result: 3244 bricks (0.001 s)
Collecting and processing rays...OK (0.004 s)
Capturing...OK (0.000 s)
FYI: m_iteration_count = 0
FYI: level1 statistics:
     level1_cnt_plus[1]=1664;		level1_cnt_minus[1]=0
     level1_cnt_plus[2]=0;		level1_cnt_minus[2]=0
     level1_cnt_plus[3]=0;		level1_cnt_minus[3]=0
     level1_cnt_plus[4]=0;		level1_cnt_minus[4]=0
     level1_cnt_plus[5]=0;		level1_cnt_minus[5]=0
     level1_cnt_plus[6]=0;		level1_cnt_minus[6]=0
     level1_cnt_plus[7]=0;		level1_cnt_minus[7]=0
     level1_cnt_plus[8]=0;		level1_cnt_minus[8]=0
     level1_cnt_plus[9]=0;		level1_cnt_minus[9]=0
FYI: m_iteration_count = 1
FYI: level1 statistics:
     level1_cnt_plus[1]=1664;		level1_cnt_minus[1]=0
     level1_cnt_plus[2]=0;		level1_cnt_minus[2]=0
     level1_cnt_plus[3]=0;		level1_cnt_minus[3]=0
     level1_cnt_plus[4]=0;		level1_cnt_minus[4]=0
     level1_cnt_plus[5]=0;		level1_cnt_minus[5]=0
     level1_cnt_plus[6]=0;		level1_cnt_minus[6]=0
     level1_cnt_plus[7]=0;		level1_cnt_minus[7]=0
     level1_cnt_plus[8]=0;		level1_cnt_minus[8]=0
     level1_cnt_plus[9]=0;		level1_cnt_minus[9]=0
Refinement input: 3244 bricks
Setting regions...OK (0.000 s)
Refinement result: 15389 bricks (0.002 s)
Collecting and processing rays...OK (0.017 s)
Capturing...OK (0.002 s)
FYI: m_iteration_count = 2
FYI: level1 statistics:
     level1_cnt_plus[1]=4231;		level1_cnt_minus[1]=0
     level1_cnt_plus[2]=10056;		level1_cnt_minus[2]=0
     level1_cnt_plus[3]=0;		level1_cnt_minus[3]=0
     level1_cnt_plus[4]=0;		level1_cnt_minus[4]=0
     level1_cnt_plus[5]=0;		level1_cnt_minus[5]=0
     level1_cnt_plus[6]=0;		level1_cnt_minus[6]=0
     level1_cnt_plus[7]=0;		level1_cnt_minus[7]=0
     level1_cnt_plus[8]=0;		level1_cnt_minus[8]=0
     level1_cnt_plus[9]=0;		level1_cnt_minus[9]=0
Refinement input: 15389 bricks
Setting regions...OK (0.000 s)
Refinement result: 15858 bricks (0.001 s)
Collecting and processing rays...OK (0.001 s)
Capturing...OK (0.000 s)
FYI: m_iteration_count = 3
FYI: level1 statistics:
     level1_cnt_plus[1]=4452;		level1_cnt_minus[1]=0
     level1_cnt_plus[2]=10336;		level1_cnt_minus[2]=0
     level1_cnt_plus[3]=0;		level1_cnt_minus[3]=0
     level1_cnt_plus[4]=0;		level1_cnt_minus[4]=0
     level1_cnt_plus[5]=0;		level1_cnt_minus[5]=0
     level1_cnt_plus[6]=0;		level1_cnt_minus[6]=0
     level1_cnt_plus[7]=0;		level1_cnt_minus[7]=0
     level1_cnt_plus[8]=0;		level1_cnt_minus[8]=0
     level1_cnt_plus[9]=0;		level1_cnt_minus[9]=0
Refinement input: 15858 bricks
Setting regions...OK (0.000 s)
Refinement result: 15963 bricks (0.001 s)
Collecting and processing rays...OK (0.000 s)
Capturing...OK (0.000 s)
FYI: m_iteration_count = 4
FYI: level1 statistics:
     level1_cnt_plus[1]=4527;		level1_cnt_minus[1]=0
     level1_cnt_plus[2]=10376;		level1_cnt_minus[2]=0
     level1_cnt_plus[3]=0;		level1_cnt_minus[3]=0
     level1_cnt_plus[4]=0;		level1_cnt_minus[4]=0
     level1_cnt_plus[5]=0;		level1_cnt_minus[5]=0
     level1_cnt_plus[6]=0;		level1_cnt_minus[6]=0
     level1_cnt_plus[7]=0;		level1_cnt_minus[7]=0
     level1_cnt_plus[8]=0;		level1_cnt_minus[8]=0
     level1_cnt_plus[9]=0;		level1_cnt_minus[9]=0
Refinement input: 15963 bricks
Setting regions...OK (0.000 s)
Refinement result: 15977 bricks (0.001 s)
Collecting and processing rays...OK (0.000 s)
Capturing...OK (0.000 s)
FYI: m_iteration_count = 5
FYI: level1 statistics:
     level1_cnt_plus[1]=4543;		level1_cnt_minus[1]=0
     level1_cnt_plus[2]=10376;		level1_cnt_minus[2]=0
     level1_cnt_plus[3]=0;		level1_cnt_minus[3]=0
     level1_cnt_plus[4]=0;		level1_cnt_minus[4]=0
     level1_cnt_plus[5]=0;		level1_cnt_minus[5]=0
     level1_cnt_plus[6]=0;		level1_cnt_minus[6]=0
     level1_cnt_plus[7]=0;		level1_cnt_minus[7]=0
     level1_cnt_plus[8]=0;		level1_cnt_minus[8]=0
     level1_cnt_plus[9]=0;		level1_cnt_minus[9]=0
FYI: m_iteration_count = 6
FYI: level1 statistics:
     level1_cnt_plus[1]=4543;		level1_cnt_minus[1]=0
     level1_cnt_plus[2]=10376;		level1_cnt_minus[2]=0
     level1_cnt_plus[3]=0;		level1_cnt_minus[3]=0
     level1_cnt_plus[4]=0;		level1_cnt_minus[4]=0
     level1_cnt_plus[5]=0;		level1_cnt_minus[5]=0
     level1_cnt_plus[6]=0;		level1_cnt_minus[6]=0
     level1_cnt_plus[7]=0;		level1_cnt_minus[7]=0
     level1_cnt_plus[8]=0;		level1_cnt_minus[8]=0
     level1_cnt_plus[9]=0;		level1_cnt_minus[9]=0
FYI: level1 statistics:
     level1_cnt_plus[1]=4543;		level1_cnt_minus[1]=0
     level1_cnt_plus[2]=10376;		level1_cnt_minus[2]=0
     level1_cnt_plus[3]=0;		level1_cnt_minus[3]=0
     level1_cnt_plus[4]=0;		level1_cnt_minus[4]=0
     level1_cnt_plus[5]=0;		level1_cnt_minus[5]=0
     level1_cnt_plus[6]=0;		level1_cnt_minus[6]=0
     level1_cnt_plus[7]=0;		level1_cnt_minus[7]=0
     level1_cnt_plus[8]=0;		level1_cnt_minus[8]=0
     level1_cnt_plus[9]=0;		level1_cnt_minus[9]=0

-----------------------------------------------------------------------
U-shapes refinement...
Refinement input: 15977 bricks
Refinement result: 15977 bricks (0.001 s)
Collecting and processing rays...OK (0.000 s)
Capturing...OK (0.000 s)
-----------------------------------------------------------------------

-----------------------------------------------------------------------
Equi Distant Refiner:
Equi Distant Refiner takes 0.00 s
-----------------------------------------------------------------------
Building geometry takes 0.212 s
Geometry Fluid.0.
Total		15977
Partial	5739
Fluid		5264
Solid		4960
Bad		14

/-Ray Intersection---------------/ Time	0.068 s
Calls			4436
CorrectRay Calls	0



-----------------------------------------------------------------------
Building geometries takes 0.212 s
-----------------------------------------------------------------------

-----------------------------------------------------------------------
PostBuilding geometries:
-----------------------------------------------------------------------
PostBuilding body-set (0) geometry Fluid.0. (0)...
Collecting and processing rays...OK (0.000 s)
Capturing...OK (0.000 s)
PostBuilding geometry takes 0.001 s
Geometry Fluid.0.
Total		15977
Partial	5739
Fluid		5264
Solid		4960
Bad		14

-----------------------------------------------------------------------
PostBuilding geometries takes 0.001 s
-----------------------------------------------------------------------
Defect ray count	0
FYI: CNarrowChannelRefiner::RedistributeLevel1_step_1: is finished
FYI: level1 statistics:
     level1_cnt_plus[1]=2807;		level1_cnt_minus[1]=0
     level1_cnt_plus[2]=12112;		level1_cnt_minus[2]=0
     level1_cnt_plus[3]=0;		level1_cnt_minus[3]=0
     level1_cnt_plus[4]=0;		level1_cnt_minus[4]=0
     level1_cnt_plus[5]=0;		level1_cnt_minus[5]=0
     level1_cnt_plus[6]=0;		level1_cnt_minus[6]=0
     level1_cnt_plus[7]=0;		level1_cnt_minus[7]=0
     level1_cnt_plus[8]=0;		level1_cnt_minus[8]=0
     level1_cnt_plus[9]=0;		level1_cnt_minus[9]=0
FYI: CNarrowChannelRefiner::RedistributeLevel1_step_2: is started
FYI: CNarrowChannelRefiner::RedistributeLevel1_step_2: is finished
FYI: level1 statistics:
     level1_cnt_plus[1]=2904;		level1_cnt_minus[1]=0
     level1_cnt_plus[2]=12200;		level1_cnt_minus[2]=0
     level1_cnt_plus[3]=0;		level1_cnt_minus[3]=0
     level1_cnt_plus[4]=0;		level1_cnt_minus[4]=0
     level1_cnt_plus[5]=0;		level1_cnt_minus[5]=0
     level1_cnt_plus[6]=0;		level1_cnt_minus[6]=0
     level1_cnt_plus[7]=0;		level1_cnt_minus[7]=0
     level1_cnt_plus[8]=0;		level1_cnt_minus[8]=0
     level1_cnt_plus[9]=0;		level1_cnt_minus[9]=0
FYI: CNarrowChannelRefiner::RedistributeLevel1_step_3: is started
FYI: CNarrowChannelRefiner::RedistributeLevel1_step_3: is finished
RedistributeLevel1 takes:
FYI: level1 statistics:
     level1_cnt_plus[1]=2904;		level1_cnt_minus[1]=0
     level1_cnt_plus[2]=12200;		level1_cnt_minus[2]=0
     level1_cnt_plus[3]=0;		level1_cnt_minus[3]=0
     level1_cnt_plus[4]=0;		level1_cnt_minus[4]=0
     level1_cnt_plus[5]=0;		level1_cnt_minus[5]=0
     level1_cnt_plus[6]=0;		level1_cnt_minus[6]=0
     level1_cnt_plus[7]=0;		level1_cnt_minus[7]=0
     level1_cnt_plus[8]=0;		level1_cnt_minus[8]=0
     level1_cnt_plus[9]=0;		level1_cnt_minus[9]=0
-----------------------------------------------------------------------
MSH format builder (Iteration 0)
-----------------------------------------------------------------------
Memory Working Set Current = 39.91 Mb, Memory Working Set Peak = 52.21 Mb
Process Threads Number: 13
-----------------------------------------------------------------------
Loading geometries triangulation & x-stacks...OK
x-stacks size = 0.31 Mb
Total bricks count: 15977
-----------------------------------------------------------------------
MSH (Real Geometry) format constructor:
	Getting brick sets...OK (0.000 s)
	Min x-stack xeps = 8.65402e-06
	D / dh / eps [axis=0] = (0.011169, 0.000465229, 4.65229e-07)
	D / dh / eps [axis=1] = (0.0712716, 0.000468765, 4.68765e-07)
	D / dh / eps [axis=2] = (0.0108211, 0.000450776, 4.50776e-07)
	Time (xeps): 0.000 s
Level 2
	Set (0)  size: 6140
	Set (0)  time: 0.042 s
	Set (1)  size: 6140
	Set (1)  time: 0.040 s
Level 1
	Set (0)  size: 1441
	Set (0)  time: 0.003 s
	Set (1)  size: 1440
	Set (1)  time: 0.003 s
Level 0
	Set (0)  size: 408
	Set (0)  time: 0.000 s
	Set (1)  size: 408
	Set (1)  time: 0.000 s
Result:
	Bricks number:                        15977

	Memory usage:                         2.984 MB
	Memory usage (per brick):             0.191 KB
	Construction time:                    0.090 s

	Topology features:
	------------------
	- High quality bricks                 100.00 % (15977)
	- Medium quality bricks                 0.00 % (0)
	- Bad quality bricks                    0.00 % (0)
	- Ribs corrected bricks                 0.00 % (0)
	- Points with geom-info (bricks)        0.00 % (0)
	- Points with closest-info (bricks)     0.00 % (0)
	- Triangulated by center (bricks)       0.07 % (11)
	- Facet w-faces mergings (bricks)       0.00 % (0)
	- To refine (bricks)                    0.00 % (0)

-----------------------------------------------------------------------
Memory Working Set Current = 55.19 Mb, Memory Working Set Peak = 55.19 Mb
Process Threads Number: 13
-----------------------------------------------------------------------
-----------------------------------------------------------------------
-----------------------------------------------------------------------
MSH --> BCF format (Iteration 0)...
BCF collector...(remove mode=0)
	Time (alloc counter per brick): 0.001 s
	Brick    count: 15977
	Av.f all count: 11041
	Av.s all count: 10732
	Av.f pid count: 5781
	Av.s pid count: 5772
	Faces fs count: 9123
	Faces ff count: 0
	Faces ss count: 0
	Faces bb count: 0
	Faces fe count: 0
	Faces se count: 2088
	Faces fw count: 11211
	Faces af count: 30256
	Faces as count: 31766
	Time (all count): 	0.002 s
	Time (bcf alloc): 	0.001 s
	Time (shifts alloc): 	0.001 s
	Time (shifts init): 	0.001 s
	Time (bcf fill): 	0.006 s
	Time (add av to faces): 0.000 s
	Time (add faces to av): 0.002 s
Time (bcf collect): 		0.015 s
	AV checker...
	Time (check av): 	0.004 s
	Subdomain checker...
		Subdomains construction time: 0.001 s.
		Subdomains sort time: 0.000 s.
			Subdomain 0 (geom_ind=0): 11041 av
			Subdomain 1 (geom_ind=1): 10732 av
		gi: 0, subdomains: 1, real bodies: 1
		gi: 1, subdomains: 1, real bodies: 0
		Defect subdomains: 0
	Time (check subdoms): 	0.002 s
Time (bcf iteration total): 	0.021 s
	Time (fw-nb): 		0.001 s
	Fixed mutual fw-nb:     3606 (bb: 0)
	Time (fw-nb mutual): 	0.001 s
	Time (fw-nb sort): 	0.000 s
	Fw-opt BEFORE total:    11211 (fs=9123, ff=0, ss=0)
	Fw-opt AFTER  total:    8693 (fs=6605, ff=0, ss=0, failed fw/br=7/1, big_curv=0, big_poly=0)
	Fw-opt RESULT:          2518 (res/(fs+ff+ss) = 27.60 %)
	Time (fw-opt): 		0.002 s
	Time (fw-re-order): 	0.001 s
	Time (fw-nb): 		0.006 s
	Fixed mutual fw-nb:     17576 (bb: 0)
	Time (fw-nb mutual): 	0.001 s
	Time (fw-nb sort): 	0.000 s
	Time (rfd fix): 	0.000 s
	Time (av convexity): 	0.003 s
	Time (av small volume): 0.000 s
	Time (diagonal fw-nb): 	0.012 s
	Fixed mutual fw-nb:     0 (bb: 0)
	Time (fw-nb mutual): 	0.001 s
	Time (fw-nb sort): 	0.000 s
	Fluid subdomains: 1
	Faces fw-nb diff sd:    0
	Time (fw-nb diff sd): 	0.001 s
Time (bcf calc): 		0.031 s
-----------------------------------------------------------------------
Time (bcf total): 		0.052 s
-----------------------------------------------------------------------
-----------------------------------------------------------------------
Mega-cv constructor for fluid...
	 15 av's is treated as thin
Relative size generator (threshold = 0.05)...
	Iteration 1 (small cluster count = 714)
	Iteration 2 (small cluster count = 362)
	Iteration 3 (small cluster count = 75)
	Iteration 4 (small cluster count = 0)
	 706 mega-cv's generated
	 8 mega-cv's removed
Relative size generator is completed OK (0.002 s)
Apply fa-rules to mega-cv clusters fixes...
	Fa-rule violation fixes:        8 of        8 (total cluster# =      705)
OK (0.000 s)
Convert clusters:
	 702 mega-cv's total
Mega-cv count: 702
Time (mega-cv fill): 	0.001 s
Time (mega-cv total): 	0.006 s
-----------------------------------------------------------------------
Mixing plane rotation regions: NO.
Sliding mesh rotation regions: NO.
Fluid/fluid faces: NO.
----------------------------------------------------------
BCF --> BCF.GEOMSUBDOM (bridge arrays):
MESH (0):
	Fluid Subdom Constructor: 1 subdom(s).
	Solid Subdom Constructor: 1 subdom(s).
	Net Asm Subdom Constructor: 0 subdom(s).
	GEOMSUBDOM (0): gi=0 fluid av=11041 cv=10327 fa=30256 fb=0 fw=6605 V=9.336577e-07
	Cache data...OK
	GEOMSUBDOM (1): gi=1 solid av=10732 cv=10732 fa=31766 fb=0 fw=8693 V=7.680305e-06
	Cache data...OK
	Setting nb of w-faces...OK (0.003 s).
	Correcting nb of w-faces...
	Time(correct_fw_nb)=0.002 s

MESH (0) checking:
	GEOMSUBDOM (0):fa_s=0.0053824502749853 fb_s=0.0000000000000000 fw_s=0.0010225159027509 fw_nb=52634
	              :d_const(2992)=3.50878e-14 d_linear(3196)=4.09288e-13
	GEOMSUBDOM (1):fa_s=0.0164997715575240 fb_s=0.0000000000000000 fw_s=0.0043987798683941 fw_nb=61200
	              :d_const(719)=9.12003e-14 d_linear(1261)=8.34762e-12
MESH (0) checking: OK.
Time (MDS): 	0.022 s
----------------------------------------------------------

-----------------------------------------------------------------------
BCF CHECKSUM DATA (Mesh 0):

WARNING! 345 w-face(s) without RefFacesData.
BRICK |Level1| Sum:               27304
FACE_A Area Sum:   G.Fluid        0.0053824502749853
FACE_A Area Sum:   G.Solid        0.0164997715575240
FACE_W Area Sum:                  0.0043987798683941
FACE_W Nb   Sum:                  61200
FACE_W min curvatures sum:        -3861199.81296158
FACE_W max curvatures sum:        6974174.51652527
AV Max Disbalance(Const) :        9.12003e-14 (cid=1432, t={10, 10, 6}, avid=12255, pid=555)
AV Max Disbalance(Linear):        1.11983e-11 (cid=15144, t={6, 2, 20}, avid=10677, pid=5493)
-----------------------------------------------------------------------


-----------------------------------------------------------------------
MESHER TOPOLOGY DATA:

BRICKS: Total                 15977
BRICKS: 1-CV                  10220
BRICKS: 2-CV                  5718
BRICKS: 3-CV                  39
BRICKS: Bad                   0

AV:     G.Total               21773
AV:     G.Fluid               11041
AV:     G.Solid               10732

AV:     G.Fluid Thin Profile    0.14 % (15)
AV:     G.Solid Thin Profile    0.22 % (24)

AV:     G.Fluid Thin For Mega   0.14 % (15)
AV:     G.Solid Thin For Mega   0.15 % (16)

AV:     G.Fluid Non-Convex      6.43 % (710)
AV:     G.Solid Non-Convex      8.69 % (933)

AV:     G.Fluid Non-Ess-Convex      1.92 % (212)
AV:     G.Solid Non-Ess-Convex      3.28 % (352)

FACE_A: G.Fluid          (af) 30256 (partially opened 11638)
FACE_A: G.Solid          (as) 31766 (partially opened 11617)

FACE_B: G.Total          (b)  0

FACE_W: G.Total                 8693        Brick/Bound
FACE_W: G.Fluid/Solid    (fs_g) 6605        0           
FACE_W: G.Fluid/Fluid    (ff_g) 0           0           
FACE_W: G.Solid/Solid    (ss_g) 0           0           
FACE_W: G.Fluid/External (fe_g) 0
FACE_W: G.Solid/External (se_g) 2088

AV/CV max fa count (on brick side):5
AV/CV max fw count:                5
AV/CV max fb count:                0
AV/CV max fw poly count:           14

MEMORY: Total                   7.398 MB
MEMORY: Per Brick               0.474 KB
-----------------------------------------------------------------------

-----------------------------------------------------------------------
Connectivities information:
	Number of conns: 0
-----------------------------------------------------------------------
	Time (gap size): 	0.014 s
-----------------------------------------------------------------------
Calculating curvature and tolerance criteria...
Curvature: min=0 max=2.10008
Tolerance: min=0 max=0.000467823
Calculating curvature and tolerance criteria takes 0.051 s
-----------------------------------------------------------------------
MESH Build(FS) finished. Time=0.552 s
-----------------------------------------------------------------------
Current CPU = 1 sec

Nx=6
Ny=38
Nz=6
Max BRICK Level=2
Mesh Level=2
-----------------CModelBodies2MeshMapper::CollectData started -------------------------------
-----------------CModelBodies2MeshMapper Report -------------------------------
FluidDomains 1 SolidDomains 1 VoidDomains 0 
Domains RefIndexes
Domain 0, Index count 15
Domain 1, Index count 15
----------------- -------------------------------
	ModelBodies
Total resolved Bodies 0 BodySets 0

--------------------------------------------------------------------------
	Positive geometry Bodies
Total resolved Bodies 1 BodySets 1
BodySet 0
	Bodies list:
			#0	Name: ;	ID: 0b39a4c3-58a8-48ac-bbd4-b0db36e1ecda
	Domains list:		 0 

--------------------------------------------------------------------------
	Fluid regions
Total resolved Bodies 1 BodySets 1
BodySet 0	Material: Oxygen; 
	Bodies list:
			#0	Name: ;	ID: 0b39a4c3-58a8-48ac-bbd4-b0db36e1ecda
	Domains list:		 0 

--------------------------------------------------------------------------
-----------------CModelBodies2MeshMapper::CollectData finished successfully-------------------
Saving initial mesh in: N:\Downloads\GitHub\liquid-propellant-engine\2kN Heat Sink Engine\Revised Stack OD 6in\1\Parametric Study 1\16\16.fld .
Storing results...
Estimated CPT size=3.547 MB.
	Time (write bcf): 0.440 s
OK
-----------------------------------------------------------------------
Memory Working Set Current = 70.53 Mb, Memory Working Set Peak = 70.54 Mb
Process Threads Number: 13
-----------------------------------------------------------------------
Cleaning memory...
		Time (free xsl):                    	0.001 s
Free Geometry DB takes 0.000 s
	Time (free bcf): 	0.005 s
		Time (free bcf mesh):               	0.014 s
	Time (free mesher data):              	0.016 s
Copying... OK
Mesh generation normally finished at	28.4.2021	2:53:4
Mesher CPU = 1 sec
Mesher is finished at	28.4.2021	2:53:4
-----------------------------------------------------------------------
Memory Working Set Current = 33.68 Mb, Memory Working Set Peak = 70.89 Mb
Process Threads Number: 13
-----------------------------------------------------------------------
Algebra Pool      : mem_usage = 0.44 Mb, allocated count = 0
Log ended at 28.04.2021	02:53:04
