Log started at 07.04.2021	14:02:26
Number of used processors (NPROC): 8.
Number of mesh partitions (NPART): 8.
Total Physical Memory = 15.96 Gb, Available Physical Memory = 10.08 Gb
Computer name:	MCAE01
Operating system:	Windows 10 (or higher) (Version 10.0.18363)

SOLIDWORKS 2020 SP4.0
Flow Simulation 2020  x64 / 4995 / MESHER ver. efd_dev.4663_05.07.2019 

Project: N:\Downloads\GitHub\liquid-propellant-engine\2kN Heat Sink Engine\Simulation Only\1\Parametric Study 2\8\8.xmlconfig
Configuration name: Default
Project name: Single Fluid (Water Substitute)
NGK: OFF
MBO: OFF

Mesh generation started:	7.4.2021	14:2:26
-----------------------------------------------------------------------
Mesher option run = eRunMesherNormal
-----------------------------------------------------------------------
Current CPU = 0 sec
-----------------------------------------------------------------------
Geometries initialization:
-----------------------------------------------------------------------
Loading mesh settings (global/local)...
-----------------------------------------------------------------------
Number of geometries from DB: 1
Geometry(0):
	Guid = {00000000-0000-0000-0000-000000000000}
	Fluid..
	1 Body.
	2 Real bodies.
	-- Bodyset 0 --
		Tolerance=3.3166e-05.
		103 Face(s).
			103 of b-spline type.
		0 Face(s) that have no ref faces
		13 Plane surface(s).
		33 Cylinder surface(s).
		5 Cone surface(s).
		4 Torus surface(s).
		48 B- surface(s).
		14820 Triangle(s).
		Getting triangle connectivities from DB: 0.002 s
		209 Edge(s).
			209 of b-spline type.
		BodyGeom reading: 0.024 s.
		61 Reference Face(s).
		10030 Reference Triangles.
		Getting triangle connectivities from DB (Ref): 0.001 s
		BodyGeom Ref reading: 0.002 s.
		Getting triangle connectivities from DB (Extra Triangulation): 0.002 s
Geometry(1):
	Solid.
	-- Bodyset 1 --
	Empty
-----------------------------------------------------------------------
Number of geometries in task: 2
Number of bodysets   in task: 2
-----------------------------------------------------------------------
	Making hash and connectivity for Bodyset ...
		CBodyGeom:
		Hash size: {18, 30, 16}.
		Mesh size: {18, 10, 16}.
		Hashing triangles...Ok.
			axis(0) tr sizes: average=62 max=5128
			axis(1) tr sizes: average=77 max=3449
			axis(2) tr sizes: average=56 max=4790
		Number of t-connected sets:3
			(0) size=12
			(1) size=8214 cavity
			(2) size=6594 cavity
		Done.
		CBodyGeomRef:
		Hashing triangles...Ok.
			axis(0) tr sizes: average=283 max=2150
			axis(1) tr sizes: average=206 max=2251
			axis(2) tr sizes: average=285 max=2535
		Done.
	0.0136 s.
Geometries reading and preparing has taken 0.047 s.

Mapped triangles:
Hashing geometries triangles
	Triangles num=14820
	Triangles box={0.0247278  ,0.147908  ,0.141673  ,0.213399  ,0.103266  ,0.216417  }
		3d-hash size is 108012 bytes
Hashing peculiar surfaces triangles
	Triangles num=37
	Triangles box={0.0702151  ,0.0815803  ,0.185147  ,0.196579  ,0.215167  ,0.216361  }
		3d-hash size is 11924 bytes
	Triangles num=37
	Triangles box={0.024018  ,0.0307351  ,0.185147  ,0.196579  ,0.102187  ,0.111432  }
		3d-hash size is 11712 bytes
	Triangles num=37
	Triangles box={0.14367  ,0.148319  ,0.185147  ,0.196579  ,0.114046  ,0.124486  }
		3d-hash size is 11824 bytes
	Triangles num=37
	Triangles box={0.0773704  ,0.0888028  ,0.213256  ,0.213256  ,0.141572  ,0.153  }
		3d-hash size is 11924 bytes
	Triangles num=30
	Triangles box={0.0831231  ,0.0845875  ,0.143437  ,0.144933  ,0.141933  ,0.142147  }
		3d-hash size is 11648 bytes
	Triangles num=30
	Triangles box={0.0784758  ,0.0793933  ,0.143437  ,0.144933  ,0.143416  ,0.144577  }
		3d-hash size is 11648 bytes
	Triangles num=30
	Triangles box={0.0778954  ,0.0784423  ,0.143437  ,0.144933  ,0.148549  ,0.149924  }
		3d-hash size is 11648 bytes
	Triangles num=30
	Triangles box={0.0877369  ,0.0882838  ,0.143437  ,0.144933  ,0.144635  ,0.14601  }
		3d-hash size is 11684 bytes
	Triangles num=30
	Triangles box={0.0857921  ,0.0869533  ,0.143437  ,0.144933  ,0.142666  ,0.143583  }
		3d-hash size is 11704 bytes
	Triangles num=30
	Triangles box={0.0815917  ,0.0830561  ,0.143437  ,0.144933  ,0.152413  ,0.152627  }
		3d-hash size is 11648 bytes
	Triangles num=30
	Triangles box={0.0843588  ,0.085734  ,0.143437  ,0.144933  ,0.151927  ,0.152474  }
		3d-hash size is 11648 bytes
	Triangles num=30
	Triangles box={0.0792259  ,0.0803871  ,0.143437  ,0.144933  ,0.150976  ,0.151894  }
		3d-hash size is 11692 bytes
	Triangles num=30
	Triangles box={0.0867859  ,0.0877034  ,0.143437  ,0.144933  ,0.149982  ,0.151143  }
		3d-hash size is 11648 bytes
	Triangles num=30
	Triangles box={0.0804451  ,0.0818203  ,0.143437  ,0.144933  ,0.142085  ,0.142632  }
		3d-hash size is 11648 bytes
	Triangles num=30
	Triangles box={0.0882225  ,0.0884365  ,0.143437  ,0.144933  ,0.147313  ,0.148778  }
		3d-hash size is 11648 bytes
	Triangles num=30
	Triangles box={0.0777427  ,0.0779566  ,0.143437  ,0.144933  ,0.145782  ,0.147246  }
		3d-hash size is 11648 bytes
	Triangles num=78
	Triangles box={0.0769688  ,0.0892111  ,0.173621  ,0.173621  ,0.141158  ,0.153401  }
		3d-hash size is 11940 bytes
Mapped triangles processed in 0.022 s.
-----------------------------------------------------------------------
Getting sectors:
Number of sectors: 0
-----------------------------------------------------------------------
-----------------------------------------------------------------------

Current CPU = 1 sec

-----------------------------------------------------------------------
Mesh dimensions:
				I[0 ]=18
				I[1 ]=10
				I[2 ]=16

Comp. domain size:
				a[0  ]=0.0248507
				a[1  ]=0.147785
				a[2  ]=0.141745
				a[3  ]=0.213327
				a[4  ]=0.103379
				a[5  ]=0.216304

Fluid calculated			1
Solid calculated			0
-----------------------------------------------------------------------
MESH Build started...
-----------------------------------------------------------------------
Mesh LEVEL = 4
-----------------------------------------------------------------------
Setting regions...OK (0.000 s)
Base mesh info------------------
	2D flag  =0
	Period   =[0, 0, 0]
	Nx=18
		x[0]=0.0248507
		x[1]=0.0316825
		x[2]=0.0385122
		x[3]=0.0453419
		x[4]=0.0521716
		x[5]=0.0590013
		x[6]=0.065831
		x[7]=0.0726606
		x[8]=0.0794903
		x[9]=0.08632
		x[10]=0.0931497
		x[11]=0.0999794
		x[12]=0.106809
		x[13]=0.113639
		x[14]=0.120468
		x[15]=0.127298
		x[16]=0.134128
		x[17]=0.140958
		x[18]=0.147785
	Ny=10
		y[0]=0.141745
		y[1]=0.148905
		y[2]=0.156063
		y[3]=0.163222
		y[4]=0.17038
		y[5]=0.177538
		y[6]=0.184696
		y[7]=0.191855
		y[8]=0.199013
		y[9]=0.206171
		y[10]=0.213327
	Nz=16
		z[0]=0.103379
		z[1]=0.110439
		z[2]=0.117496
		z[3]=0.124554
		z[4]=0.131612
		z[5]=0.13867
		z[6]=0.145728
		z[7]=0.152785
		z[8]=0.159843
		z[9]=0.166901
		z[10]=0.173959
		z[11]=0.181017
		z[12]=0.188074
		z[13]=0.195132
		z[14]=0.20219
		z[15]=0.209248
		z[16]=0.216304
End of base mesh info---------
Input_mesh_settings--------------------------------
Settings 0----------------
	Scope: GLOBAL
	Type:	------MESHER_SETTINGS----------
	RefAllCells           =0
	RefFluidCells         =0
	RefPartCells          =0
	RefSolidCells         =0
	l_SSFR(Capture crit)  =4
	l_curv(Curvature crit)=0
	l_tol(Tolerance crit) =4
	  k_tol               =0.000377956
	UseChannelRef         =1
	  NCR_method          =0
	  l_NCR               =2
	  N_gap               =5
	  Use d_NCR_min       =0
	  Use d_NCR_max       =0
	IgnoreThinChannelsHeight         =0
	--END_OF_MESHER_SETTINGS-------
End of input mesh settings-------------------------

-----------------------------------------------------------------------
Building geometries:
-----------------------------------------------------------------------
Building body-set (0) of geometry Fluid.0.(0). ...

-----------------------------------------------------------------------
Refining by triangulation...
Refinement input: 2880 bricks
Setting regions...OK (0.000 s)
Setting regions...OK (0.000 s)
Setting regions...OK (0.000 s)
Setting regions...OK (0.000 s)
Setting regions...OK (0.000 s)
Refinement result: 19414 bricks (0.139 s)
Refinement input: 19414 bricks
Refinement result: 19414 bricks (0.005 s)
Collecting and processing rays...OK (0.124 s)
Capturing...OK (0.004 s)
Refining by triangulation takes 0.272 s
-----------------------------------------------------------------------

-----------------------------------------------------------------------
Refining peculiar surfaces...
Refinement input: 19414 bricks
Setting regions...OK (0.000 s)
Refinement result: 19463 bricks (0.003 s)
Refinement input: 19463 bricks
Setting regions...OK (0.000 s)
Refinement result: 19505 bricks (0.002 s)
Refinement input: 19505 bricks
Setting regions...OK (0.000 s)
Refinement result: 19512 bricks (0.002 s)
Refinement input: 19512 bricks
Setting regions...OK (0.000 s)
Refinement result: 19575 bricks (0.003 s)
Refinement input: 19575 bricks
Setting regions...OK (0.000 s)
Refinement result: 19638 bricks (0.003 s)
Refinement input: 19638 bricks
Setting regions...OK (0.000 s)
Refinement result: 19645 bricks (0.002 s)
Refinement input: 19645 bricks
Setting regions...OK (0.000 s)
Refinement result: 19694 bricks (0.002 s)
Refinement input: 19694 bricks
Setting regions...OK (0.000 s)
Refinement result: 19778 bricks (0.003 s)
Refinement input: 19778 bricks
Setting regions...OK (0.000 s)
Refinement result: 19862 bricks (0.003 s)
7 surfaces refined
Refining peculiar surfaces takes 0.049 s
-----------------------------------------------------------------------
Collecting and processing rays...OK (0.003 s)
Capturing...OK (0.000 s)
Collecting and processing rays...OK (0.000 s)
Capturing...OK (0.000 s)
Collecting and processing rays...OK (0.000 s)
Capturing...OK (0.000 s)

-----------------------------------------------------------------------
Base mesh 1 Refining...
Refinement input: 19862 bricks
Refinement result: 19862 bricks (0.000 s)
Collecting and processing rays...OK (0.000 s)
Capturing...OK (0.000 s)
-----------------------------------------------------------------------
Refining channels...
FYI: CNarrowChannelRefiner::RefineChannels_PRLL
Refinement input: 19862 bricks
Setting regions...OK (0.000 s)
Refinement result: 21640 bricks (0.002 s)
Collecting and processing rays...OK (0.002 s)
Capturing...OK (0.001 s)
FYI: m_iteration_count = 0
FYI: level1 statistics:
     level1_cnt_plus[1]=2032;		level1_cnt_minus[1]=0
     level1_cnt_plus[2]=0;		level1_cnt_minus[2]=0
     level1_cnt_plus[3]=0;		level1_cnt_minus[3]=0
     level1_cnt_plus[4]=0;		level1_cnt_minus[4]=0
     level1_cnt_plus[5]=0;		level1_cnt_minus[5]=0
     level1_cnt_plus[6]=0;		level1_cnt_minus[6]=0
     level1_cnt_plus[7]=0;		level1_cnt_minus[7]=0
     level1_cnt_plus[8]=0;		level1_cnt_minus[8]=0
     level1_cnt_plus[9]=0;		level1_cnt_minus[9]=0
Refinement input: 21640 bricks
Setting regions...OK (0.000 s)
Refinement result: 21745 bricks (0.002 s)
Collecting and processing rays...OK (0.000 s)
Capturing...OK (0.000 s)
FYI: m_iteration_count = 1
FYI: level1 statistics:
     level1_cnt_plus[1]=2152;		level1_cnt_minus[1]=0
     level1_cnt_plus[2]=0;		level1_cnt_minus[2]=0
     level1_cnt_plus[3]=0;		level1_cnt_minus[3]=0
     level1_cnt_plus[4]=0;		level1_cnt_minus[4]=0
     level1_cnt_plus[5]=0;		level1_cnt_minus[5]=0
     level1_cnt_plus[6]=0;		level1_cnt_minus[6]=0
     level1_cnt_plus[7]=0;		level1_cnt_minus[7]=0
     level1_cnt_plus[8]=0;		level1_cnt_minus[8]=0
     level1_cnt_plus[9]=0;		level1_cnt_minus[9]=0
Refinement input: 21745 bricks
Setting regions...OK (0.000 s)
Refinement result: 21759 bricks (0.002 s)
Collecting and processing rays...OK (0.000 s)
Capturing...OK (0.000 s)
FYI: m_iteration_count = 2
FYI: level1 statistics:
     level1_cnt_plus[1]=2168;		level1_cnt_minus[1]=0
     level1_cnt_plus[2]=0;		level1_cnt_minus[2]=0
     level1_cnt_plus[3]=0;		level1_cnt_minus[3]=0
     level1_cnt_plus[4]=0;		level1_cnt_minus[4]=0
     level1_cnt_plus[5]=0;		level1_cnt_minus[5]=0
     level1_cnt_plus[6]=0;		level1_cnt_minus[6]=0
     level1_cnt_plus[7]=0;		level1_cnt_minus[7]=0
     level1_cnt_plus[8]=0;		level1_cnt_minus[8]=0
     level1_cnt_plus[9]=0;		level1_cnt_minus[9]=0
FYI: m_iteration_count = 3
FYI: level1 statistics:
     level1_cnt_plus[1]=2168;		level1_cnt_minus[1]=0
     level1_cnt_plus[2]=0;		level1_cnt_minus[2]=0
     level1_cnt_plus[3]=0;		level1_cnt_minus[3]=0
     level1_cnt_plus[4]=0;		level1_cnt_minus[4]=0
     level1_cnt_plus[5]=0;		level1_cnt_minus[5]=0
     level1_cnt_plus[6]=0;		level1_cnt_minus[6]=0
     level1_cnt_plus[7]=0;		level1_cnt_minus[7]=0
     level1_cnt_plus[8]=0;		level1_cnt_minus[8]=0
     level1_cnt_plus[9]=0;		level1_cnt_minus[9]=0
Refinement input: 21759 bricks
Setting regions...OK (0.000 s)
Refinement result: 22501 bricks (0.003 s)
Collecting and processing rays...OK (0.001 s)
Capturing...OK (0.000 s)
FYI: m_iteration_count = 4
FYI: level1 statistics:
     level1_cnt_plus[1]=2998;		level1_cnt_minus[1]=0
     level1_cnt_plus[2]=16;		level1_cnt_minus[2]=0
     level1_cnt_plus[3]=0;		level1_cnt_minus[3]=0
     level1_cnt_plus[4]=0;		level1_cnt_minus[4]=0
     level1_cnt_plus[5]=0;		level1_cnt_minus[5]=0
     level1_cnt_plus[6]=0;		level1_cnt_minus[6]=0
     level1_cnt_plus[7]=0;		level1_cnt_minus[7]=0
     level1_cnt_plus[8]=0;		level1_cnt_minus[8]=0
     level1_cnt_plus[9]=0;		level1_cnt_minus[9]=0
FYI: m_iteration_count = 5
FYI: level1 statistics:
     level1_cnt_plus[1]=2998;		level1_cnt_minus[1]=0
     level1_cnt_plus[2]=16;		level1_cnt_minus[2]=0
     level1_cnt_plus[3]=0;		level1_cnt_minus[3]=0
     level1_cnt_plus[4]=0;		level1_cnt_minus[4]=0
     level1_cnt_plus[5]=0;		level1_cnt_minus[5]=0
     level1_cnt_plus[6]=0;		level1_cnt_minus[6]=0
     level1_cnt_plus[7]=0;		level1_cnt_minus[7]=0
     level1_cnt_plus[8]=0;		level1_cnt_minus[8]=0
     level1_cnt_plus[9]=0;		level1_cnt_minus[9]=0
FYI: level1 statistics:
     level1_cnt_plus[1]=2998;		level1_cnt_minus[1]=0
     level1_cnt_plus[2]=16;		level1_cnt_minus[2]=0
     level1_cnt_plus[3]=0;		level1_cnt_minus[3]=0
     level1_cnt_plus[4]=0;		level1_cnt_minus[4]=0
     level1_cnt_plus[5]=0;		level1_cnt_minus[5]=0
     level1_cnt_plus[6]=0;		level1_cnt_minus[6]=0
     level1_cnt_plus[7]=0;		level1_cnt_minus[7]=0
     level1_cnt_plus[8]=0;		level1_cnt_minus[8]=0
     level1_cnt_plus[9]=0;		level1_cnt_minus[9]=0

-----------------------------------------------------------------------
U-shapes refinement...
Refinement input: 22501 bricks
Setting regions...OK (0.000 s)
Refinement result: 22977 bricks (0.009 s)
Collecting and processing rays...OK (0.006 s)
Capturing...OK (0.000 s)
-----------------------------------------------------------------------

-----------------------------------------------------------------------
Equi Distant Refiner:
Equi Distant Refiner takes 0.00 s
-----------------------------------------------------------------------
Building geometry takes 0.825 s
Geometry Fluid.0.
Total		22977
Partial	7707
Fluid		3134
Solid		12069
Bad		67

/-Ray Intersection---------------/ Time	0.489 s
Calls			9449
CorrectRay Calls	0



-----------------------------------------------------------------------
Building geometries takes 0.826 s
-----------------------------------------------------------------------

-----------------------------------------------------------------------
PostBuilding geometries:
-----------------------------------------------------------------------
PostBuilding body-set (0) geometry Fluid.0. (0)...
Collecting and processing rays...OK (0.000 s)
Capturing...OK (0.000 s)
PostBuilding geometry takes 0.001 s
Geometry Fluid.0.
Total		22977
Partial	7707
Fluid		3134
Solid		12069
Bad		67

-----------------------------------------------------------------------
PostBuilding geometries takes 0.001 s
-----------------------------------------------------------------------
Defect ray count	0
FYI: CNarrowChannelRefiner::RedistributeLevel1_step_1: is finished
FYI: level1 statistics:
     level1_cnt_plus[1]=1801;		level1_cnt_minus[1]=0
     level1_cnt_plus[2]=1208;		level1_cnt_minus[2]=0
     level1_cnt_plus[3]=0;		level1_cnt_minus[3]=0
     level1_cnt_plus[4]=0;		level1_cnt_minus[4]=0
     level1_cnt_plus[5]=0;		level1_cnt_minus[5]=0
     level1_cnt_plus[6]=0;		level1_cnt_minus[6]=0
     level1_cnt_plus[7]=0;		level1_cnt_minus[7]=0
     level1_cnt_plus[8]=0;		level1_cnt_minus[8]=0
     level1_cnt_plus[9]=0;		level1_cnt_minus[9]=0
FYI: CNarrowChannelRefiner::RedistributeLevel1_step_2: is started
FYI: CNarrowChannelRefiner::RedistributeLevel1_step_2: is finished
FYI: level1 statistics:
     level1_cnt_plus[1]=3830;		level1_cnt_minus[1]=0
     level1_cnt_plus[2]=3579;		level1_cnt_minus[2]=0
     level1_cnt_plus[3]=0;		level1_cnt_minus[3]=0
     level1_cnt_plus[4]=0;		level1_cnt_minus[4]=0
     level1_cnt_plus[5]=0;		level1_cnt_minus[5]=0
     level1_cnt_plus[6]=0;		level1_cnt_minus[6]=0
     level1_cnt_plus[7]=0;		level1_cnt_minus[7]=0
     level1_cnt_plus[8]=0;		level1_cnt_minus[8]=0
     level1_cnt_plus[9]=0;		level1_cnt_minus[9]=0
FYI: CNarrowChannelRefiner::RedistributeLevel1_step_3: is started
FYI: CNarrowChannelRefiner::RedistributeLevel1_step_3: is finished
RedistributeLevel1 takes:
FYI: level1 statistics:
     level1_cnt_plus[1]=3830;		level1_cnt_minus[1]=3396
     level1_cnt_plus[2]=3579;		level1_cnt_minus[2]=1367
     level1_cnt_plus[3]=0;		level1_cnt_minus[3]=0
     level1_cnt_plus[4]=0;		level1_cnt_minus[4]=0
     level1_cnt_plus[5]=0;		level1_cnt_minus[5]=0
     level1_cnt_plus[6]=0;		level1_cnt_minus[6]=0
     level1_cnt_plus[7]=0;		level1_cnt_minus[7]=0
     level1_cnt_plus[8]=0;		level1_cnt_minus[8]=0
     level1_cnt_plus[9]=0;		level1_cnt_minus[9]=0
-----------------------------------------------------------------------
MSH format builder (Iteration 0)
-----------------------------------------------------------------------
Memory Working Set Current = 56.69 Mb, Memory Working Set Peak = 67.88 Mb
Process Threads Number: 21
-----------------------------------------------------------------------
Loading geometries triangulation & x-stacks...OK
x-stacks size = 0.68 Mb
Total bricks count: 22977
-----------------------------------------------------------------------
MSH (Real Geometry) format constructor:
	Getting brick sets...OK (0.001 s)
	Min x-stack xeps = 9.41707e-06
	D / dh / eps [axis=0] = (0.122934, 0.000426721, 4.26721e-07)
	D / dh / eps [axis=1] = (0.0715826, 0.00044727, 4.4727e-07)
	D / dh / eps [axis=2] = (0.112925, 0.000441011, 4.41011e-07)
	Time (xeps): 0.000 s
Level 4
	Set (0)  size: 1756
	Set (0)  time: 0.031 s
	Set (1)  size: 1756
	Set (1)  time: 0.024 s
Level 3
	Set (0)  size: 2917
	Set (0)  time: 0.029 s
	Set (1)  size: 2900
	Set (1)  time: 0.026 s
Level 2
	Set (0)  size: 4542
	Set (0)  time: 0.035 s
	Set (1)  size: 4548
	Set (1)  time: 0.034 s
Level 1
	Set (0)  size: 1041
	Set (0)  time: 0.001 s
	Set (1)  size: 1053
	Set (1)  time: 0.001 s
Level 0
	Set (0)  size: 1234
	Set (0)  time: 0.001 s
	Set (1)  size: 1230
	Set (1)  time: 0.001 s
Result:
	Bricks number:                        22977

	Memory usage:                         4.861 MB
	Memory usage (per brick):             0.217 KB
	Construction time:                    0.185 s

	Topology features:
	------------------
	- High quality bricks                  99.98 % (22973)
	- Medium quality bricks                 0.02 % (4)
	- Bad quality bricks                    0.00 % (0)
	- Ribs corrected bricks                 0.00 % (0)
	- Points with geom-info (bricks)        0.07 % (17)
	- Points with closest-info (bricks)     0.03 % (7)
	- Triangulated by center (bricks)       0.92 % (212)
	- Facet w-faces mergings (bricks)       0.00 % (0)
	- To refine (bricks)                    0.00 % (0)

-----------------------------------------------------------------------
Memory Working Set Current = 85.51 Mb, Memory Working Set Peak = 85.52 Mb
Process Threads Number: 21
-----------------------------------------------------------------------
-----------------------------------------------------------------------
-----------------------------------------------------------------------
MSH --> BCF format (Iteration 0)...
BCF collector...(remove mode=0)
	Time (alloc counter per brick): 0.001 s
	Brick    count: 22977
	Av.f all count: 11138
	Av.s all count: 20141
	Av.f pid count: 8029
	Av.s pid count: 8244
	Faces fs count: 19601
	Faces ff count: 0
	Faces ss count: 0
	Faces bb count: 0
	Faces fe count: 0
	Faces se count: 2375
	Faces fw count: 21976
	Faces af count: 31312
	Faces as count: 63457
	Time (all count): 	0.004 s
	Time (bcf alloc): 	0.001 s
	Time (shifts alloc): 	0.001 s
	Time (shifts init): 	0.001 s
	Time (bcf fill): 	0.011 s
	Time (add av to faces): 0.000 s
	Time (add faces to av): 0.005 s
Time (bcf collect): 		0.026 s
	AV checker...
	Time (check av): 	0.008 s
	Subdomain checker...
		Subdomains construction time: 0.005 s.
		Subdomains sort time: 0.000 s.
			Subdomain 0 (geom_ind=0): 8954 av
			Subdomain 1 (geom_ind=0): 2184 av
			Subdomain 2 (geom_ind=1): 20141 av
		gi: 0, subdomains: 2, real bodies: 2
		gi: 1, subdomains: 1, real bodies: 0
		Defect subdomains: 0
	Time (check subdoms): 	0.006 s
Time (bcf iteration total): 	0.040 s
	Time (fw-nb): 		0.002 s
	Fixed mutual fw-nb:     11804 (bb: 0)
	Time (fw-nb mutual): 	0.002 s
	Time (fw-nb sort): 	0.000 s
	Fw-opt BEFORE total:    21976 (fs=19601, ff=0, ss=0)
	Fw-opt AFTER  total:    13007 (fs=10632, ff=0, ss=0, failed fw/br=15/0, big_curv=41, big_poly=0)
	Fw-opt RESULT:          8969 (res/(fs+ff+ss) = 45.76 %)
	Time (fw-opt): 		0.007 s
	Time (fw-re-order): 	0.002 s
	Time (fw-nb): 		0.008 s
	Fixed mutual fw-nb:     27314 (bb: 0)
	Time (fw-nb mutual): 	0.002 s
	Time (fw-nb sort): 	0.001 s
	Time (rfd fix): 	0.000 s
	Time (av convexity): 	0.004 s
	Time (av small volume): 0.000 s
	Time (diagonal fw-nb): 	0.019 s
	Fixed mutual fw-nb:     0 (bb: 0)
	Time (fw-nb mutual): 	0.002 s
	Time (fw-nb sort): 	0.000 s
	Fluid subdomains: 2
	Faces fw-nb diff sd:    0
	Time (fw-nb diff sd): 	0.002 s
Time (bcf calc): 		0.055 s
-----------------------------------------------------------------------
Time (bcf total): 		0.095 s
-----------------------------------------------------------------------
-----------------------------------------------------------------------
Mega-cv constructor for fluid...
	 262 av's is treated as thin
Relative size generator (threshold = 0.05)...
	Iteration 1 (small cluster count = 721)
	Iteration 2 (small cluster count = 297)
	Iteration 3 (small cluster count = 67)
	Iteration 4 (small cluster count = 16)
	Iteration 5 (small cluster count = 3)
	Iteration 6 (small cluster count = 0)
	 701 mega-cv's generated
	 36 mega-cv's removed
Relative size generator is completed OK (0.003 s)
Apply fa-rules to mega-cv clusters fixes...
	Fa-rule violation fixes:       22 of       23 (total cluster# =      682)
OK (0.001 s)
Convert clusters:
	 669 mega-cv's total
Mega-cv count: 669
Time (mega-cv fill): 	0.002 s
WARNING! Mega-cv normal-direction rule violation counts: rule-I = 1, rule-II = 0
Time (mega-cv total): 	0.013 s
-----------------------------------------------------------------------
Mixing plane rotation regions: NO.
Sliding mesh rotation regions: NO.
Fluid/fluid faces: NO.
----------------------------------------------------------
BCF --> BCF.GEOMSUBDOM (bridge arrays):
MESH (0):
	Fluid Subdom Constructor: 2 subdom(s).
	Solid Subdom Constructor: 1 subdom(s).
	Net Asm Subdom Constructor: 0 subdom(s).
	GEOMSUBDOM (0): gi=0 fluid av=8954 cv=8425 fa=25341 fb=0 fw=7931 V=1.786311e-05
	Cache data...OK
	GEOMSUBDOM (1): gi=0 fluid av=2184 cv=1933 fa=5971 fb=0 fw=2701 V=2.182125e-06
	Cache data...OK
	GEOMSUBDOM (2): gi=1 solid av=20141 cv=20141 fa=63457 fb=0 fw=13007 V=9.736888e-04
	Cache data...OK
	Setting nb of w-faces...OK (0.005 s).
	Correcting nb of w-faces...
	Time(correct_fw_nb)=0.004 s

MESH (0) checking:
	GEOMSUBDOM (0):fa_s=0.0329547278878524 fb_s=0.0000000000000000 fw_s=0.0082335487373565 fw_nb=61724
	              :d_const(209)=1.19297e-10 d_linear(280)=4.5783e-10
	GEOMSUBDOM (1):fa_s=0.0043843737780430 fb_s=0.0000000000000000 fw_s=0.0016265252463588 fw_nb=22120
	              :d_const(268)=6.78828e-14 d_linear(518)=9.99694e-13
	GEOMSUBDOM (2):fa_s=0.4721925227265486 fb_s=0.0000000000000000 fw_s=0.0713915780223840 fw_nb=93868
	              :d_const(13316)=1.43556e-10 d_linear(13316)=2.94802e-09
MESH (0) checking: OK.
Time (MDS): 	0.052 s
----------------------------------------------------------

-----------------------------------------------------------------------
BCF CHECKSUM DATA (Mesh 0):

WARNING! 270 w-face(s) without RefFacesData.
BRICK |Level1| Sum:               17118
FACE_A Area Sum:   G.Fluid        0.0373391016658955
FACE_A Area Sum:   G.Solid        0.4721925227265484
FACE_W Area Sum:                  0.0713915780223840
FACE_W Nb   Sum:                  93868
FACE_W min curvatures sum:        -3508343.67360306
FACE_W max curvatures sum:        5638176.46727899
AV Max Disbalance(Const) :        2.81609e-10 (cid=2883, t={287, 114, 42}, avid=1313, pid=1029)
AV Max Disbalance(Linear):        2.94802e-09 (cid=11562, t={137, 158, 87}, avid=21348, pid=4350)
-----------------------------------------------------------------------


-----------------------------------------------------------------------
MESHER TOPOLOGY DATA:

BRICKS: Total                 22977
BRICKS: 1-CV                  15006
BRICKS: 2-CV                  7640
BRICKS: 3-CV                  331
BRICKS: Bad                   0

AV:     G.Total               31279
AV:     G.Fluid               11138
AV:     G.Solid               20141

AV:     G.Fluid Thin Profile    2.45 % (273)
AV:     G.Solid Thin Profile    0.29 % (58)

AV:     G.Fluid Thin For Mega   2.35 % (262)
AV:     G.Solid Thin For Mega   0.26 % (52)

AV:     G.Fluid Non-Convex     22.06 % (2457)
AV:     G.Solid Non-Convex     18.18 % (3661)

AV:     G.Fluid Non-Ess-Convex      6.38 % (711)
AV:     G.Solid Non-Ess-Convex      6.64 % (1338)

FACE_A: G.Fluid          (af) 31312 (partially opened 17304)
FACE_A: G.Solid          (as) 63457 (partially opened 17662)

FACE_B: G.Total          (b)  0

FACE_W: G.Total                 13007       Brick/Bound
FACE_W: G.Fluid/Solid    (fs_g) 10632       0           
FACE_W: G.Fluid/Fluid    (ff_g) 0           0           
FACE_W: G.Solid/Solid    (ss_g) 0           0           
FACE_W: G.Fluid/External (fe_g) 0
FACE_W: G.Solid/External (se_g) 2375

AV/CV max fa count (on brick side):6
AV/CV max fw count:                6
AV/CV max fb count:                0
AV/CV max fw poly count:           30

MEMORY: Total                   10.926 MB
MEMORY: Per Brick               0.487 KB
-----------------------------------------------------------------------

-----------------------------------------------------------------------
Connectivities information:
	Number of conns: 0
-----------------------------------------------------------------------
	Time (gap size): 	0.028 s
-----------------------------------------------------------------------
Calculating curvature and tolerance criteria...
Curvature: min=0 max=3.11761
Tolerance: min=0 max=0.000441796
Calculating curvature and tolerance criteria takes 0.157 s
-----------------------------------------------------------------------
MESH Build(FS) finished. Time=1.653 s
-----------------------------------------------------------------------
Current CPU = 2 sec

Nx=18
Ny=10
Nz=16
Max BRICK Level=4
Mesh Level=4
-----------------CModelBodies2MeshMapper::CollectData started -------------------------------
-----------------CModelBodies2MeshMapper Report -------------------------------
FluidDomains 2 SolidDomains 1 VoidDomains 0 
Domains RefIndexes
Domain 0, Index count 19
Domain 1, Index count 42
Domain 2, Index count 61
----------------- -------------------------------
	ModelBodies
Total resolved Bodies 0 BodySets 0

--------------------------------------------------------------------------
	Positive geometry Bodies
Total resolved Bodies 2 BodySets 2
BodySet 0
	Bodies list:
			#0	Name: ;	ID: 2b5db562-acb4-4ce1-b64a-c950ee8dbd85
	Domains list:		 1 
BodySet 1
	Bodies list:
			#0	Name: ;	ID: fab1af35-65c2-4d04-bca4-e88c4bd9b5d6
	Domains list:		 0 

--------------------------------------------------------------------------
	Fluid regions
Total resolved Bodies 2 BodySets 1
BodySet 0	Material: Water; 
	Bodies list:
			#0	Name: ;	ID: 2b5db562-acb4-4ce1-b64a-c950ee8dbd85
			#1	Name: ;	ID: fab1af35-65c2-4d04-bca4-e88c4bd9b5d6
	Domains list:		 0 		 1 

--------------------------------------------------------------------------
-----------------CModelBodies2MeshMapper::CollectData finished successfully-------------------
Saving initial mesh in: N:\Downloads\GitHub\liquid-propellant-engine\2kN Heat Sink Engine\Simulation Only\1\Parametric Study 2\8\8.fld .
Storing results...
Estimated CPT size=5.387 MB.
	Time (write bcf): 1.080 s
OK
-----------------------------------------------------------------------
Memory Working Set Current = 103.89 Mb, Memory Working Set Peak = 103.90 Mb
Process Threads Number: 21
-----------------------------------------------------------------------
Cleaning memory...
		Time (free xsl):                    	0.003 s
Free Geometry DB takes 0.000 s
	Time (free bcf): 	0.011 s
		Time (free bcf mesh):               	0.026 s
	Time (free mesher data):              	0.031 s
Copying... OK
Mesh generation normally finished at	7.4.2021	14:2:29
Mesher CPU = 3 sec
Mesher is finished at	7.4.2021	14:2:29
-----------------------------------------------------------------------
Memory Working Set Current = 48.88 Mb, Memory Working Set Peak = 104.27 Mb
Process Threads Number: 21
-----------------------------------------------------------------------
Algebra Pool      : mem_usage = 0.75 Mb, allocated count = 0
Log ended at 07.04.2021	14:02:29
