Log started at 09.04.2021	17:08:13
Number of used processors (NPROC): 8.
Number of mesh partitions (NPART): 8.
Total Physical Memory = 15.93 Gb, Available Physical Memory = 10.38 Gb
Computer name:	MCAE02
Operating system:	Windows 10 (or higher) (Version 10.0.18363)

SOLIDWORKS 2020 SP4.0
Flow Simulation 2020  x64 / 4995 / MESHER ver. efd_dev.4663_05.07.2019 

Project: N:\Downloads\GitHub\liquid-propellant-engine\2kN Heat Sink Engine\Simulation Only\1\Parametric Study 2\23\23.xmlconfig
Configuration name: Default
Project name: Single Fluid (Water Substitute)
NGK: OFF
MBO: OFF

Mesh generation started:	9.4.2021	17:8:13
-----------------------------------------------------------------------
Mesher option run = eRunMesherNormal
-----------------------------------------------------------------------
Current CPU = 1 sec
-----------------------------------------------------------------------
Geometries initialization:
-----------------------------------------------------------------------
Loading mesh settings (global/local)...
-----------------------------------------------------------------------
Number of geometries from DB: 1
Geometry(0):
	Guid = {00000000-0000-0000-0000-000000000000}
	Fluid..
	1 Body.
	2 Real bodies.
	-- Bodyset 0 --
		Tolerance=3.3166e-05.
		103 Face(s).
			103 of b-spline type.
		0 Face(s) that have no ref faces
		13 Plane surface(s).
		33 Cylinder surface(s).
		5 Cone surface(s).
		4 Torus surface(s).
		48 B- surface(s).
		15112 Triangle(s).
		Getting triangle connectivities from DB: 0.002 s
		214 Edge(s).
			214 of b-spline type.
		BodyGeom reading: 0.022 s.
		61 Reference Face(s).
		10322 Reference Triangles.
		Getting triangle connectivities from DB (Ref): 0.001 s
		BodyGeom Ref reading: 0.002 s.
		Getting triangle connectivities from DB (Extra Triangulation): 0.002 s
Geometry(1):
	Solid.
	-- Bodyset 1 --
	Empty
-----------------------------------------------------------------------
Number of geometries in task: 2
Number of bodysets   in task: 2
-----------------------------------------------------------------------
	Making hash and connectivity for Bodyset ...
		CBodyGeom:
		Hash size: {18, 30, 16}.
		Mesh size: {18, 10, 16}.
		Hashing triangles...Ok.
			axis(0) tr sizes: average=63 max=5082
			axis(1) tr sizes: average=80 max=3532
			axis(2) tr sizes: average=58 max=4755
		Number of t-connected sets:3
			(0) size=12
			(1) size=8214 cavity
			(2) size=6886 cavity
		Done.
		CBodyGeomRef:
		Hashing triangles...Ok.
			axis(0) tr sizes: average=271 max=2072
			axis(1) tr sizes: average=197 max=2320
			axis(2) tr sizes: average=258 max=2528
		Done.
	0.0144 s.
Geometries reading and preparing has taken 0.046 s.

Mapped triangles:
Hashing geometries triangles
	Triangles num=15112
	Triangles box={0.0249145  ,0.147779  ,0.150231  ,0.213382  ,0.103523  ,0.216383  }
		3d-hash size is 113448 bytes
Hashing peculiar surfaces triangles
	Triangles num=37
	Triangles box={0.024018  ,0.0307351  ,0.185147  ,0.196579  ,0.102187  ,0.111432  }
		3d-hash size is 11760 bytes
	Triangles num=37
	Triangles box={0.0702151  ,0.0815803  ,0.185147  ,0.196579  ,0.215167  ,0.216361  }
		3d-hash size is 11980 bytes
	Triangles num=37
	Triangles box={0.14367  ,0.148319  ,0.185147  ,0.196579  ,0.114046  ,0.124486  }
		3d-hash size is 11872 bytes
	Triangles num=37
	Triangles box={0.0773704  ,0.0888028  ,0.213256  ,0.213256  ,0.141572  ,0.153  }
		3d-hash size is 11924 bytes
	Triangles num=30
	Triangles box={0.0831231  ,0.0845875  ,0.151978  ,0.153474  ,0.141933  ,0.142147  }
		3d-hash size is 11648 bytes
	Triangles num=30
	Triangles box={0.0784758  ,0.0793933  ,0.151978  ,0.153474  ,0.143416  ,0.144577  }
		3d-hash size is 11648 bytes
	Triangles num=30
	Triangles box={0.0857921  ,0.0869533  ,0.151978  ,0.153474  ,0.142666  ,0.143583  }
		3d-hash size is 11704 bytes
	Triangles num=30
	Triangles box={0.0877369  ,0.0882838  ,0.151978  ,0.153474  ,0.144635  ,0.14601  }
		3d-hash size is 11684 bytes
	Triangles num=30
	Triangles box={0.0778954  ,0.0784423  ,0.151978  ,0.153474  ,0.148549  ,0.149924  }
		3d-hash size is 11648 bytes
	Triangles num=30
	Triangles box={0.0843588  ,0.085734  ,0.151978  ,0.153474  ,0.151927  ,0.152474  }
		3d-hash size is 11648 bytes
	Triangles num=30
	Triangles box={0.0815917  ,0.0830561  ,0.151978  ,0.153474  ,0.152413  ,0.152627  }
		3d-hash size is 11648 bytes
	Triangles num=30
	Triangles box={0.0792259  ,0.0803871  ,0.151978  ,0.153474  ,0.150976  ,0.151894  }
		3d-hash size is 11692 bytes
	Triangles num=30
	Triangles box={0.0867859  ,0.0877034  ,0.151978  ,0.153474  ,0.149982  ,0.151143  }
		3d-hash size is 11648 bytes
	Triangles num=30
	Triangles box={0.0804451  ,0.0818203  ,0.151978  ,0.153474  ,0.142085  ,0.142632  }
		3d-hash size is 11648 bytes
	Triangles num=30
	Triangles box={0.0882225  ,0.0884365  ,0.151978  ,0.153474  ,0.147313  ,0.148778  }
		3d-hash size is 11648 bytes
	Triangles num=30
	Triangles box={0.0777427  ,0.0779566  ,0.151978  ,0.153474  ,0.145782  ,0.147246  }
		3d-hash size is 11676 bytes
	Triangles num=78
	Triangles box={0.0769688  ,0.0892111  ,0.173621  ,0.173621  ,0.141158  ,0.153401  }
		3d-hash size is 11948 bytes
Mapped triangles processed in 0.019 s.
-----------------------------------------------------------------------
Getting sectors:
Number of sectors: 0
-----------------------------------------------------------------------
-----------------------------------------------------------------------

Current CPU = 1 sec

-----------------------------------------------------------------------
Mesh dimensions:
				I[0 ]=18
				I[1 ]=10
				I[2 ]=16

Comp. domain size:
				a[0  ]=0.0250371
				a[1  ]=0.147656
				a[2  ]=0.150294
				a[3  ]=0.213319
				a[4  ]=0.103636
				a[5  ]=0.21627

Fluid calculated			1
Solid calculated			0
-----------------------------------------------------------------------
MESH Build started...
-----------------------------------------------------------------------
Mesh LEVEL = 4
-----------------------------------------------------------------------
Setting regions...OK (0.000 s)
Base mesh info------------------
	2D flag  =0
	Period   =[0, 0, 0]
	Nx=18
		x[0]=0.0250371
		x[1]=0.0318514
		x[2]=0.0386636
		x[3]=0.0454757
		x[4]=0.0522879
		x[5]=0.0591
		x[6]=0.0659122
		x[7]=0.0727244
		x[8]=0.0795365
		x[9]=0.0863487
		x[10]=0.0931608
		x[11]=0.099973
		x[12]=0.106785
		x[13]=0.113597
		x[14]=0.120409
		x[15]=0.127222
		x[16]=0.134034
		x[17]=0.140846
		x[18]=0.147656
	Ny=10
		y[0]=0.150294
		y[1]=0.156598
		y[2]=0.162901
		y[3]=0.169203
		y[4]=0.175506
		y[5]=0.181808
		y[6]=0.188111
		y[7]=0.194413
		y[8]=0.200716
		y[9]=0.207018
		y[10]=0.213319
	Nz=16
		z[0]=0.103636
		z[1]=0.110677
		z[2]=0.117717
		z[3]=0.124756
		z[4]=0.131796
		z[5]=0.138836
		z[6]=0.145875
		z[7]=0.152915
		z[8]=0.159955
		z[9]=0.166994
		z[10]=0.174034
		z[11]=0.181074
		z[12]=0.188113
		z[13]=0.195153
		z[14]=0.202193
		z[15]=0.209232
		z[16]=0.21627
End of base mesh info---------
Input_mesh_settings--------------------------------
Settings 0----------------
	Scope: GLOBAL
	Type:	------MESHER_SETTINGS----------
	RefAllCells           =0
	RefFluidCells         =0
	RefPartCells          =0
	RefSolidCells         =0
	l_SSFR(Capture crit)  =4
	l_curv(Curvature crit)=0
	l_tol(Tolerance crit) =4
	  k_tol               =0.000377956
	UseChannelRef         =1
	  NCR_method          =0
	  l_NCR               =2
	  N_gap               =5
	  Use d_NCR_min       =0
	  Use d_NCR_max       =0
	IgnoreThinChannelsHeight         =0
	--END_OF_MESHER_SETTINGS-------
End of input mesh settings-------------------------

-----------------------------------------------------------------------
Building geometries:
-----------------------------------------------------------------------
Building body-set (0) of geometry Fluid.0.(0). ...

-----------------------------------------------------------------------
Refining by triangulation...
Refinement input: 2880 bricks
Setting regions...OK (0.000 s)
Setting regions...OK (0.000 s)
Setting regions...OK (0.000 s)
Setting regions...OK (0.000 s)
Setting regions...OK (0.000 s)
Refinement result: 19610 bricks (0.103 s)
Refinement input: 19610 bricks
Refinement result: 19610 bricks (0.003 s)
Collecting and processing rays...OK (0.093 s)
Capturing...OK (0.003 s)
Refining by triangulation takes 0.203 s
-----------------------------------------------------------------------

-----------------------------------------------------------------------
Refining peculiar surfaces...
Refinement input: 19610 bricks
Setting regions...OK (0.000 s)
Refinement result: 19645 bricks (0.003 s)
Refinement input: 19645 bricks
Setting regions...OK (0.000 s)
Refinement result: 19652 bricks (0.002 s)
Refinement input: 19652 bricks
Setting regions...OK (0.000 s)
Refinement result: 19729 bricks (0.003 s)
Refinement input: 19729 bricks
Setting regions...OK (0.000 s)
Refinement result: 19792 bricks (0.003 s)
Refinement input: 19792 bricks
Setting regions...OK (0.000 s)
Refinement result: 19855 bricks (0.003 s)
Refinement input: 19855 bricks
Setting regions...OK (0.000 s)
Refinement result: 19939 bricks (0.003 s)
5 surfaces refined
Refining peculiar surfaces takes 0.044 s
-----------------------------------------------------------------------
Collecting and processing rays...OK (0.002 s)
Capturing...OK (0.000 s)
Collecting and processing rays...OK (0.000 s)
Capturing...OK (0.000 s)
Collecting and processing rays...OK (0.000 s)
Capturing...OK (0.000 s)

-----------------------------------------------------------------------
Base mesh 1 Refining...
Refinement input: 19939 bricks
Refinement result: 19939 bricks (0.000 s)
Collecting and processing rays...OK (0.000 s)
Capturing...OK (0.000 s)
-----------------------------------------------------------------------
Refining channels...
FYI: CNarrowChannelRefiner::RefineChannels_PRLL
Refinement input: 19939 bricks
Setting regions...OK (0.000 s)
Refinement result: 22298 bricks (0.003 s)
Collecting and processing rays...OK (0.005 s)
Capturing...OK (0.001 s)
FYI: m_iteration_count = 0
FYI: level1 statistics:
     level1_cnt_plus[1]=2696;		level1_cnt_minus[1]=0
     level1_cnt_plus[2]=0;		level1_cnt_minus[2]=0
     level1_cnt_plus[3]=0;		level1_cnt_minus[3]=0
     level1_cnt_plus[4]=0;		level1_cnt_minus[4]=0
     level1_cnt_plus[5]=0;		level1_cnt_minus[5]=0
     level1_cnt_plus[6]=0;		level1_cnt_minus[6]=0
     level1_cnt_plus[7]=0;		level1_cnt_minus[7]=0
     level1_cnt_plus[8]=0;		level1_cnt_minus[8]=0
     level1_cnt_plus[9]=0;		level1_cnt_minus[9]=0
Refinement input: 22298 bricks
Setting regions...OK (0.000 s)
Refinement result: 22760 bricks (0.003 s)
Collecting and processing rays...OK (0.001 s)
Capturing...OK (0.000 s)
FYI: m_iteration_count = 1
FYI: level1 statistics:
     level1_cnt_plus[1]=3188;		level1_cnt_minus[1]=0
     level1_cnt_plus[2]=32;		level1_cnt_minus[2]=0
     level1_cnt_plus[3]=0;		level1_cnt_minus[3]=0
     level1_cnt_plus[4]=0;		level1_cnt_minus[4]=0
     level1_cnt_plus[5]=0;		level1_cnt_minus[5]=0
     level1_cnt_plus[6]=0;		level1_cnt_minus[6]=0
     level1_cnt_plus[7]=0;		level1_cnt_minus[7]=0
     level1_cnt_plus[8]=0;		level1_cnt_minus[8]=0
     level1_cnt_plus[9]=0;		level1_cnt_minus[9]=0
Refinement input: 22760 bricks
Setting regions...OK (0.000 s)
Refinement result: 22858 bricks (0.003 s)
Collecting and processing rays...OK (0.000 s)
Capturing...OK (0.000 s)
FYI: m_iteration_count = 2
FYI: level1 statistics:
     level1_cnt_plus[1]=3300;		level1_cnt_minus[1]=0
     level1_cnt_plus[2]=32;		level1_cnt_minus[2]=0
     level1_cnt_plus[3]=0;		level1_cnt_minus[3]=0
     level1_cnt_plus[4]=0;		level1_cnt_minus[4]=0
     level1_cnt_plus[5]=0;		level1_cnt_minus[5]=0
     level1_cnt_plus[6]=0;		level1_cnt_minus[6]=0
     level1_cnt_plus[7]=0;		level1_cnt_minus[7]=0
     level1_cnt_plus[8]=0;		level1_cnt_minus[8]=0
     level1_cnt_plus[9]=0;		level1_cnt_minus[9]=0
Refinement input: 22858 bricks
Setting regions...OK (0.000 s)
Refinement result: 22886 bricks (0.002 s)
Collecting and processing rays...OK (0.000 s)
Capturing...OK (0.000 s)
FYI: m_iteration_count = 3
FYI: level1 statistics:
     level1_cnt_plus[1]=3332;		level1_cnt_minus[1]=0
     level1_cnt_plus[2]=32;		level1_cnt_minus[2]=0
     level1_cnt_plus[3]=0;		level1_cnt_minus[3]=0
     level1_cnt_plus[4]=0;		level1_cnt_minus[4]=0
     level1_cnt_plus[5]=0;		level1_cnt_minus[5]=0
     level1_cnt_plus[6]=0;		level1_cnt_minus[6]=0
     level1_cnt_plus[7]=0;		level1_cnt_minus[7]=0
     level1_cnt_plus[8]=0;		level1_cnt_minus[8]=0
     level1_cnt_plus[9]=0;		level1_cnt_minus[9]=0
FYI: m_iteration_count = 4
FYI: level1 statistics:
     level1_cnt_plus[1]=3332;		level1_cnt_minus[1]=0
     level1_cnt_plus[2]=32;		level1_cnt_minus[2]=0
     level1_cnt_plus[3]=0;		level1_cnt_minus[3]=0
     level1_cnt_plus[4]=0;		level1_cnt_minus[4]=0
     level1_cnt_plus[5]=0;		level1_cnt_minus[5]=0
     level1_cnt_plus[6]=0;		level1_cnt_minus[6]=0
     level1_cnt_plus[7]=0;		level1_cnt_minus[7]=0
     level1_cnt_plus[8]=0;		level1_cnt_minus[8]=0
     level1_cnt_plus[9]=0;		level1_cnt_minus[9]=0
Refinement input: 22886 bricks
Setting regions...OK (0.000 s)
Refinement result: 25196 bricks (0.003 s)
Collecting and processing rays...OK (0.002 s)
Capturing...OK (0.001 s)
FYI: m_iteration_count = 5
FYI: level1 statistics:
     level1_cnt_plus[1]=5891;		level1_cnt_minus[1]=0
     level1_cnt_plus[2]=104;		level1_cnt_minus[2]=0
     level1_cnt_plus[3]=0;		level1_cnt_minus[3]=0
     level1_cnt_plus[4]=0;		level1_cnt_minus[4]=0
     level1_cnt_plus[5]=0;		level1_cnt_minus[5]=0
     level1_cnt_plus[6]=0;		level1_cnt_minus[6]=0
     level1_cnt_plus[7]=0;		level1_cnt_minus[7]=0
     level1_cnt_plus[8]=0;		level1_cnt_minus[8]=0
     level1_cnt_plus[9]=0;		level1_cnt_minus[9]=0
FYI: m_iteration_count = 6
FYI: level1 statistics:
     level1_cnt_plus[1]=5891;		level1_cnt_minus[1]=0
     level1_cnt_plus[2]=104;		level1_cnt_minus[2]=0
     level1_cnt_plus[3]=0;		level1_cnt_minus[3]=0
     level1_cnt_plus[4]=0;		level1_cnt_minus[4]=0
     level1_cnt_plus[5]=0;		level1_cnt_minus[5]=0
     level1_cnt_plus[6]=0;		level1_cnt_minus[6]=0
     level1_cnt_plus[7]=0;		level1_cnt_minus[7]=0
     level1_cnt_plus[8]=0;		level1_cnt_minus[8]=0
     level1_cnt_plus[9]=0;		level1_cnt_minus[9]=0
FYI: level1 statistics:
     level1_cnt_plus[1]=5891;		level1_cnt_minus[1]=0
     level1_cnt_plus[2]=104;		level1_cnt_minus[2]=0
     level1_cnt_plus[3]=0;		level1_cnt_minus[3]=0
     level1_cnt_plus[4]=0;		level1_cnt_minus[4]=0
     level1_cnt_plus[5]=0;		level1_cnt_minus[5]=0
     level1_cnt_plus[6]=0;		level1_cnt_minus[6]=0
     level1_cnt_plus[7]=0;		level1_cnt_minus[7]=0
     level1_cnt_plus[8]=0;		level1_cnt_minus[8]=0
     level1_cnt_plus[9]=0;		level1_cnt_minus[9]=0

-----------------------------------------------------------------------
U-shapes refinement...
Refinement input: 25196 bricks
Setting regions...OK (0.000 s)
Setting regions...OK (0.000 s)
Refinement result: 25791 bricks (0.013 s)
Collecting and processing rays...OK (0.008 s)
Capturing...OK (0.000 s)
-----------------------------------------------------------------------

-----------------------------------------------------------------------
Equi Distant Refiner:
Equi Distant Refiner takes 0.00 s
-----------------------------------------------------------------------
Building geometry takes 0.715 s
Geometry Fluid.0.
Total		25791
Partial	8666
Fluid		4018
Solid		13064
Bad		43

/-Ray Intersection---------------/ Time	0.399 s
Calls			9541
CorrectRay Calls	0



-----------------------------------------------------------------------
Building geometries takes 0.717 s
-----------------------------------------------------------------------

-----------------------------------------------------------------------
PostBuilding geometries:
-----------------------------------------------------------------------
PostBuilding body-set (0) geometry Fluid.0. (0)...
Collecting and processing rays...OK (0.000 s)
Capturing...OK (0.000 s)
PostBuilding geometry takes 0.001 s
Geometry Fluid.0.
Total		25791
Partial	8666
Fluid		4018
Solid		13064
Bad		43

-----------------------------------------------------------------------
PostBuilding geometries takes 0.002 s
-----------------------------------------------------------------------
Defect ray count	0
FYI: CNarrowChannelRefiner::RedistributeLevel1_step_1: is finished
FYI: level1 statistics:
     level1_cnt_plus[1]=1984;		level1_cnt_minus[1]=0
     level1_cnt_plus[2]=4005;		level1_cnt_minus[2]=0
     level1_cnt_plus[3]=0;		level1_cnt_minus[3]=0
     level1_cnt_plus[4]=0;		level1_cnt_minus[4]=0
     level1_cnt_plus[5]=0;		level1_cnt_minus[5]=0
     level1_cnt_plus[6]=0;		level1_cnt_minus[6]=0
     level1_cnt_plus[7]=0;		level1_cnt_minus[7]=0
     level1_cnt_plus[8]=0;		level1_cnt_minus[8]=0
     level1_cnt_plus[9]=0;		level1_cnt_minus[9]=0
FYI: CNarrowChannelRefiner::RedistributeLevel1_step_2: is started
FYI: CNarrowChannelRefiner::RedistributeLevel1_step_2: is finished
FYI: level1 statistics:
     level1_cnt_plus[1]=3944;		level1_cnt_minus[1]=0
     level1_cnt_plus[2]=6865;		level1_cnt_minus[2]=0
     level1_cnt_plus[3]=0;		level1_cnt_minus[3]=0
     level1_cnt_plus[4]=0;		level1_cnt_minus[4]=0
     level1_cnt_plus[5]=0;		level1_cnt_minus[5]=0
     level1_cnt_plus[6]=0;		level1_cnt_minus[6]=0
     level1_cnt_plus[7]=0;		level1_cnt_minus[7]=0
     level1_cnt_plus[8]=0;		level1_cnt_minus[8]=0
     level1_cnt_plus[9]=0;		level1_cnt_minus[9]=0
FYI: CNarrowChannelRefiner::RedistributeLevel1_step_3: is started
FYI: CNarrowChannelRefiner::RedistributeLevel1_step_3: is finished
RedistributeLevel1 takes:
FYI: level1 statistics:
     level1_cnt_plus[1]=3944;		level1_cnt_minus[1]=2224
     level1_cnt_plus[2]=6865;		level1_cnt_minus[2]=1885
     level1_cnt_plus[3]=0;		level1_cnt_minus[3]=0
     level1_cnt_plus[4]=0;		level1_cnt_minus[4]=0
     level1_cnt_plus[5]=0;		level1_cnt_minus[5]=0
     level1_cnt_plus[6]=0;		level1_cnt_minus[6]=0
     level1_cnt_plus[7]=0;		level1_cnt_minus[7]=0
     level1_cnt_plus[8]=0;		level1_cnt_minus[8]=0
     level1_cnt_plus[9]=0;		level1_cnt_minus[9]=0
-----------------------------------------------------------------------
MSH format builder (Iteration 0)
-----------------------------------------------------------------------
Memory Working Set Current = 59.58 Mb, Memory Working Set Peak = 71.76 Mb
Process Threads Number: 21
-----------------------------------------------------------------------
Loading geometries triangulation & x-stacks...OK
x-stacks size = 0.68 Mb
Total bricks count: 25791
-----------------------------------------------------------------------
MSH (Real Geometry) format constructor:
	Getting brick sets...OK (0.001 s)
	Min x-stack xeps = 1.34931e-05
	D / dh / eps [axis=0] = (0.122619, 0.000425626, 4.25626e-07)
	D / dh / eps [axis=1] = (0.0630247, 0.000393798, 3.93798e-07)
	D / dh / eps [axis=2] = (0.112635, 0.000439879, 4.39879e-07)
	Time (xeps): 0.000 s
Level 4
	Set (0)  size: 1868
	Set (0)  time: 0.033 s
	Set (1)  size: 1868
	Set (1)  time: 0.023 s
Level 3
	Set (0)  size: 2867
	Set (0)  time: 0.024 s
	Set (1)  size: 2874
	Set (1)  time: 0.023 s
Level 2
	Set (0)  size: 5875
	Set (0)  time: 0.034 s
	Set (1)  size: 5869
	Set (1)  time: 0.037 s
Level 1
	Set (0)  size: 1075
	Set (0)  time: 0.000 s
	Set (1)  size: 1080
	Set (1)  time: 0.000 s
Level 0
	Set (0)  size: 1209
	Set (0)  time: 0.000 s
	Set (1)  size: 1206
	Set (1)  time: 0.000 s
Result:
	Bricks number:                        25791

	Memory usage:                         5.340 MB
	Memory usage (per brick):             0.212 KB
	Construction time:                    0.179 s

	Topology features:
	------------------
	- High quality bricks                  99.98 % (25787)
	- Medium quality bricks                 0.02 % (4)
	- Bad quality bricks                    0.00 % (0)
	- Ribs corrected bricks                 0.00 % (0)
	- Points with geom-info (bricks)        0.04 % (11)
	- Points with closest-info (bricks)     0.01 % (3)
	- Triangulated by center (bricks)       0.72 % (185)
	- Facet w-faces mergings (bricks)       0.00 % (0)
	- To refine (bricks)                    0.00 % (0)

-----------------------------------------------------------------------
Memory Working Set Current = 90.31 Mb, Memory Working Set Peak = 90.31 Mb
Process Threads Number: 21
-----------------------------------------------------------------------
-----------------------------------------------------------------------
-----------------------------------------------------------------------
MSH --> BCF format (Iteration 0)...
BCF collector...(remove mode=0)
	Time (alloc counter per brick): 0.001 s
	Brick    count: 25791
	Av.f all count: 12992
	Av.s all count: 22095
	Av.f pid count: 8992
	Av.s pid count: 9243
	Faces fs count: 21404
	Faces ff count: 0
	Faces ss count: 0
	Faces bb count: 0
	Faces fe count: 0
	Faces se count: 2348
	Faces fw count: 23752
	Faces af count: 35939
	Faces as count: 69424
	Time (all count): 	0.004 s
	Time (bcf alloc): 	0.001 s
	Time (shifts alloc): 	0.002 s
	Time (shifts init): 	0.002 s
	Time (bcf fill): 	0.010 s
	Time (add av to faces): 0.000 s
	Time (add faces to av): 0.004 s
Time (bcf collect): 		0.024 s
	AV checker...
	Time (check av): 	0.007 s
	Subdomain checker...
		Subdomains construction time: 0.004 s.
		Subdomains sort time: 0.000 s.
			Subdomain 0 (geom_ind=0): 10604 av
			Subdomain 1 (geom_ind=0): 2388 av
			Subdomain 2 (geom_ind=1): 22095 av
		gi: 0, subdomains: 2, real bodies: 2
		gi: 1, subdomains: 1, real bodies: 0
		Defect subdomains: 0
	Time (check subdoms): 	0.004 s
Time (bcf iteration total): 	0.036 s
	Time (fw-nb): 		0.002 s
	Fixed mutual fw-nb:     12589 (bb: 0)
	Time (fw-nb mutual): 	0.002 s
	Time (fw-nb sort): 	0.000 s
	Fw-opt BEFORE total:    23752 (fs=21404, ff=0, ss=0)
	Fw-opt AFTER  total:    14077 (fs=11729, ff=0, ss=0, failed fw/br=4/2, big_curv=44, big_poly=0)
	Fw-opt RESULT:          9675 (res/(fs+ff+ss) = 45.20 %)
	Time (fw-opt): 		0.005 s
	Time (fw-re-order): 	0.002 s
	Time (fw-nb): 		0.008 s
	Fixed mutual fw-nb:     29392 (bb: 0)
	Time (fw-nb mutual): 	0.002 s
	Time (fw-nb sort): 	0.000 s
	Time (rfd fix): 	0.000 s
	Time (av convexity): 	0.003 s
	Time (av small volume): 0.000 s
	Time (diagonal fw-nb): 	0.018 s
	Fixed mutual fw-nb:     0 (bb: 0)
	Time (fw-nb mutual): 	0.001 s
	Time (fw-nb sort): 	0.000 s
	Fluid subdomains: 2
	Faces fw-nb diff sd:    0
	Time (fw-nb diff sd): 	0.002 s
Time (bcf calc): 		0.051 s
-----------------------------------------------------------------------
Time (bcf total): 		0.087 s
-----------------------------------------------------------------------
-----------------------------------------------------------------------
Mega-cv constructor for fluid...
	 297 av's is treated as thin
Relative size generator (threshold = 0.05)...
	Iteration 1 (small cluster count = 932)
	Iteration 2 (small cluster count = 400)
	Iteration 3 (small cluster count = 87)
	Iteration 4 (small cluster count = 24)
	Iteration 5 (small cluster count = 9)
	Iteration 6 (small cluster count = 3)
	Iteration 7 (small cluster count = 0)
	 919 mega-cv's generated
	 44 mega-cv's removed
Relative size generator is completed OK (0.003 s)
Apply fa-rules to mega-cv clusters fixes...
	Fa-rule violation fixes:       10 of       10 (total cluster# =      882)
OK (0.001 s)
Convert clusters:
	 878 mega-cv's total
Mega-cv count: 878
Time (mega-cv fill): 	0.002 s
Time (mega-cv total): 	0.011 s
-----------------------------------------------------------------------
Mixing plane rotation regions: NO.
Sliding mesh rotation regions: NO.
Fluid/fluid faces: NO.
----------------------------------------------------------
BCF --> BCF.GEOMSUBDOM (bridge arrays):
MESH (0):
	Fluid Subdom Constructor: 2 subdom(s).
	Solid Subdom Constructor: 1 subdom(s).
	Net Asm Subdom Constructor: 0 subdom(s).
	GEOMSUBDOM (0): gi=0 fluid av=10604 cv=9842 fa=29305 fb=0 fw=8854 V=2.237388e-05
	Cache data...OK
	GEOMSUBDOM (1): gi=0 fluid av=2388 cv=2159 fa=6634 fb=0 fw=2875 V=1.984043e-06
	Cache data...OK
	GEOMSUBDOM (2): gi=1 solid av=22095 cv=22095 fa=69424 fb=0 fw=14077 V=8.460875e-04
	Cache data...OK
	Setting nb of w-faces...OK (0.005 s).
	Correcting nb of w-faces...
	Time(correct_fw_nb)=0.003 s

MESH (0) checking:
	GEOMSUBDOM (0):fa_s=0.0417586791322782 fb_s=0.0000000000000000 fw_s=0.0086796810244709 fw_nb=69228
	              :d_const(2)=7.68238e-11 d_linear(262)=2.32735e-10
	GEOMSUBDOM (1):fa_s=0.0042331861041299 fb_s=0.0000000000000000 fw_s=0.0014778856606318 fw_nb=23572
	              :d_const(26)=1.6749e-13 d_linear(983)=1.1319e-12
	GEOMSUBDOM (2):fa_s=0.4382681136103843 fb_s=0.0000000000000000 fw_s=0.0674335270620875 fw_nb=102714
	              :d_const(620)=4.36855e-11 d_linear(620)=3.57662e-10
MESH (0) checking: OK.
Time (MDS): 	0.044 s
----------------------------------------------------------

-----------------------------------------------------------------------
BCF CHECKSUM DATA (Mesh 0):

WARNING! 271 w-face(s) without RefFacesData.
BRICK |Level1| Sum:               23668
FACE_A Area Sum:   G.Fluid        0.0459918652364081
FACE_A Area Sum:   G.Solid        0.4382681136103836
FACE_W Area Sum:                  0.0674335270620875
FACE_W Nb   Sum:                  102714
FACE_W min curvatures sum:        -3588071.32033920
FACE_W max curvatures sum:        5645475.91306162
AV Max Disbalance(Const) :        8.4752e-11 (cid=505, t={0, 108, 10}, avid=273, pid=217)
AV Max Disbalance(Linear):        3.71356e-10 (cid=16792, t={90, 130, 103}, avid=9068, pid=6341)
-----------------------------------------------------------------------


-----------------------------------------------------------------------
MESHER TOPOLOGY DATA:

BRICKS: Total                 25791
BRICKS: 1-CV                  16852
BRICKS: 2-CV                  8583
BRICKS: 3-CV                  355
BRICKS: 4-CV                  1
BRICKS: Bad                   0

AV:     G.Total               35087
AV:     G.Fluid               12992
AV:     G.Solid               22095

AV:     G.Fluid Thin Profile    2.34 % (304)
AV:     G.Solid Thin Profile    0.24 % (52)

AV:     G.Fluid Thin For Mega   2.29 % (297)
AV:     G.Solid Thin For Mega   0.21 % (46)

AV:     G.Fluid Non-Convex     20.28 % (2635)
AV:     G.Solid Non-Convex     17.81 % (3936)

AV:     G.Fluid Non-Ess-Convex      5.45 % (708)
AV:     G.Solid Non-Ess-Convex      6.38 % (1409)

FACE_A: G.Fluid          (af) 35939 (partially opened 19209)
FACE_A: G.Solid          (as) 69424 (partially opened 19617)

FACE_B: G.Total          (b)  0

FACE_W: G.Total                 14077       Brick/Bound
FACE_W: G.Fluid/Solid    (fs_g) 11729       0           
FACE_W: G.Fluid/Fluid    (ff_g) 0           0           
FACE_W: G.Solid/Solid    (ss_g) 0           0           
FACE_W: G.Fluid/External (fe_g) 0
FACE_W: G.Solid/External (se_g) 2348

AV/CV max fa count (on brick side):7
AV/CV max fw count:                7
AV/CV max fb count:                0
AV/CV max fw poly count:           25

MEMORY: Total                   12.160 MB
MEMORY: Per Brick               0.483 KB
-----------------------------------------------------------------------

-----------------------------------------------------------------------
Connectivities information:
	Number of conns: 0
-----------------------------------------------------------------------
	Time (gap size): 	0.023 s
-----------------------------------------------------------------------
Calculating curvature and tolerance criteria...
Curvature: min=0 max=3.14056
Tolerance: min=0 max=0.000415335
Calculating curvature and tolerance criteria takes 0.187 s
-----------------------------------------------------------------------
MESH Build(FS) finished. Time=1.499 s
-----------------------------------------------------------------------
Current CPU = 2 sec

Nx=18
Ny=10
Nz=16
Max BRICK Level=4
Mesh Level=4
-----------------CModelBodies2MeshMapper::CollectData started -------------------------------
-----------------CModelBodies2MeshMapper Report -------------------------------
FluidDomains 2 SolidDomains 1 VoidDomains 0 
Domains RefIndexes
Domain 0, Index count 19
Domain 1, Index count 42
Domain 2, Index count 61
----------------- -------------------------------
	ModelBodies
Total resolved Bodies 0 BodySets 0

--------------------------------------------------------------------------
	Positive geometry Bodies
Total resolved Bodies 2 BodySets 2
BodySet 0
	Bodies list:
			#0	Name: ;	ID: e97b8694-a46d-457d-9155-b28b6707daf7
	Domains list:		 1 
BodySet 1
	Bodies list:
			#0	Name: ;	ID: a8481fd3-475e-4665-96b7-b2b886321602
	Domains list:		 0 

--------------------------------------------------------------------------
	Fluid regions
Total resolved Bodies 2 BodySets 1
BodySet 0	Material: Water; 
	Bodies list:
			#0	Name: ;	ID: e97b8694-a46d-457d-9155-b28b6707daf7
			#1	Name: ;	ID: a8481fd3-475e-4665-96b7-b2b886321602
	Domains list:		 0 		 1 

--------------------------------------------------------------------------
-----------------CModelBodies2MeshMapper::CollectData finished successfully-------------------
Saving initial mesh in: N:\Downloads\GitHub\liquid-propellant-engine\2kN Heat Sink Engine\Simulation Only\1\Parametric Study 2\23\23.fld .
Storing results...
Estimated CPT size=5.973 MB.
	Time (write bcf): 1.133 s
OK
-----------------------------------------------------------------------
Memory Working Set Current = 110.16 Mb, Memory Working Set Peak = 110.16 Mb
Process Threads Number: 21
-----------------------------------------------------------------------
Cleaning memory...
		Time (free xsl):                    	0.002 s
Free Geometry DB takes 0.000 s
	Time (free bcf): 	0.010 s
		Time (free bcf mesh):               	0.026 s
	Time (free mesher data):              	0.030 s
Copying... OK
Mesh generation normally finished at	9.4.2021	17:8:16
Mesher CPU = 3 sec
Mesher is finished at	9.4.2021	17:8:16
-----------------------------------------------------------------------
Memory Working Set Current = 50.58 Mb, Memory Working Set Peak = 110.56 Mb
Process Threads Number: 21
-----------------------------------------------------------------------
Algebra Pool      : mem_usage = 0.94 Mb, allocated count = 0
Log ended at 09.04.2021	17:08:16
