Log started at 13.04.2021	22:47:19
Number of used processors (NPROC): 4.
Number of mesh partitions (NPART): 4.
Total Physical Memory = 15.87 Gb, Available Physical Memory = 10.28 Gb
Computer name:	MCAE33
Operating system:	Windows 10 (or higher) (Version 10.0.18363)

SOLIDWORKS 2020 SP4.0
Flow Simulation 2020  x64 / 4995 / MESHER ver. efd_dev.4663_05.07.2019 

Project: N:\Downloads\GitHub\liquid-propellant-engine\2kN Heat Sink Engine\Simulation Only\1\Parametric Study 2\35\35.xmlconfig
Configuration name: Default
Project name: Single Fluid (Water Substitute)
NGK: OFF
MBO: OFF

Mesh generation started:	13.4.2021	22:47:19
-----------------------------------------------------------------------
Mesher option run = eRunMesherNormal
-----------------------------------------------------------------------
Current CPU = 0 sec
-----------------------------------------------------------------------
Geometries initialization:
-----------------------------------------------------------------------
Loading mesh settings (global/local)...
-----------------------------------------------------------------------
Number of geometries from DB: 1
Geometry(0):
	Guid = {00000000-0000-0000-0000-000000000000}
	Fluid..
	1 Body.
	2 Real bodies.
	-- Bodyset 0 --
		Tolerance=3.3166e-05.
		107 Face(s).
			107 of b-spline type.
		0 Face(s) that have no ref faces
		15 Plane surface(s).
		35 Cylinder surface(s).
		5 Cone surface(s).
		4 Torus surface(s).
		48 B- surface(s).
		15980 Triangle(s).
		Getting triangle connectivities from DB: 0.001 s
		218 Edge(s).
			218 of b-spline type.
		BodyGeom reading: 0.021 s.
		65 Reference Face(s).
		11185 Reference Triangles.
		Getting triangle connectivities from DB (Ref): 0.001 s
		BodyGeom Ref reading: 0.001 s.
		Getting triangle connectivities from DB (Extra Triangulation): 0.001 s
Geometry(1):
	Solid.
	-- Bodyset 1 --
	Empty
-----------------------------------------------------------------------
Number of geometries in task: 2
Number of bodysets   in task: 2
-----------------------------------------------------------------------
	Making hash and connectivity for Bodyset ...
		CBodyGeom:
		Hash size: {18, 30, 32}.
		Mesh size: {18, 10, 16}.
		Hashing triangles...Ok.
			axis(0) tr sizes: average=39 max=2483
			axis(1) tr sizes: average=47 max=2420
			axis(2) tr sizes: average=61 max=4622
		Number of t-connected sets:3
			(0) size=12
			(1) size=8224 cavity
			(2) size=7744 cavity
		Done.
		CBodyGeomRef:
		Hashing triangles...Ok.
			axis(0) tr sizes: average=334 max=1776
			axis(1) tr sizes: average=203 max=2145
			axis(2) tr sizes: average=330 max=2511
		Done.
	0.0111 s.
Geometries reading and preparing has taken 0.039 s.

Mapped triangles:
Hashing geometries triangles
	Triangles num=15980
	Triangles box={0.0260506  ,0.146991  ,0.150841  ,0.213381  ,0.105085  ,0.216178  }
		3d-hash size is 114284 bytes
Hashing peculiar surfaces triangles
	Triangles num=37
	Triangles box={0.024018  ,0.0307351  ,0.185147  ,0.196579  ,0.102187  ,0.111432  }
		3d-hash size is 11680 bytes
	Triangles num=37
	Triangles box={0.0702151  ,0.0815803  ,0.185147  ,0.196579  ,0.215167  ,0.216361  }
		3d-hash size is 11856 bytes
	Triangles num=37
	Triangles box={0.14367  ,0.148319  ,0.185147  ,0.196579  ,0.114046  ,0.124486  }
		3d-hash size is 11840 bytes
	Triangles num=37
	Triangles box={0.0773704  ,0.0888028  ,0.213256  ,0.213256  ,0.141572  ,0.153  }
		3d-hash size is 11868 bytes
	Triangles num=30
	Triangles box={0.0831231  ,0.0845875  ,0.152586  ,0.154083  ,0.141933  ,0.142147  }
		3d-hash size is 11648 bytes
	Triangles num=30
	Triangles box={0.0784758  ,0.0793933  ,0.152586  ,0.154083  ,0.143416  ,0.144577  }
		3d-hash size is 11648 bytes
	Triangles num=30
	Triangles box={0.0857921  ,0.0869533  ,0.152586  ,0.154083  ,0.142666  ,0.143583  }
		3d-hash size is 11684 bytes
	Triangles num=30
	Triangles box={0.0877369  ,0.0882838  ,0.152586  ,0.154083  ,0.144635  ,0.14601  }
		3d-hash size is 11648 bytes
	Triangles num=30
	Triangles box={0.0778954  ,0.0784423  ,0.152586  ,0.154083  ,0.148549  ,0.149924  }
		3d-hash size is 11648 bytes
	Triangles num=30
	Triangles box={0.0843588  ,0.085734  ,0.152586  ,0.154083  ,0.151927  ,0.152474  }
		3d-hash size is 11648 bytes
	Triangles num=30
	Triangles box={0.0815917  ,0.0830561  ,0.152586  ,0.154083  ,0.152413  ,0.152627  }
		3d-hash size is 11648 bytes
	Triangles num=30
	Triangles box={0.0792259  ,0.0803871  ,0.152586  ,0.154083  ,0.150976  ,0.151894  }
		3d-hash size is 11704 bytes
	Triangles num=30
	Triangles box={0.0867859  ,0.0877034  ,0.152586  ,0.154083  ,0.149982  ,0.151143  }
		3d-hash size is 11648 bytes
	Triangles num=30
	Triangles box={0.0804451  ,0.0818203  ,0.152586  ,0.154083  ,0.142085  ,0.142632  }
		3d-hash size is 11648 bytes
	Triangles num=30
	Triangles box={0.0882225  ,0.0884365  ,0.152586  ,0.154083  ,0.147313  ,0.148778  }
		3d-hash size is 11648 bytes
	Triangles num=30
	Triangles box={0.0777427  ,0.0779566  ,0.152586  ,0.154083  ,0.145782  ,0.147246  }
		3d-hash size is 11684 bytes
	Triangles num=78
	Triangles box={0.0769688  ,0.0892111  ,0.173621  ,0.173621  ,0.141158  ,0.153401  }
		3d-hash size is 11904 bytes
Mapped triangles processed in 0.016 s.
-----------------------------------------------------------------------
Getting sectors:
Number of sectors: 0
-----------------------------------------------------------------------
-----------------------------------------------------------------------

Current CPU = 0 sec

-----------------------------------------------------------------------
Mesh dimensions:
				I[0 ]=18
				I[1 ]=10
				I[2 ]=16

Comp. domain size:
				a[0  ]=0.0261713
				a[1  ]=0.146871
				a[2  ]=0.150903
				a[3  ]=0.213318
				a[4  ]=0.105196
				a[5  ]=0.216067

Fluid calculated			1
Solid calculated			0
-----------------------------------------------------------------------
MESH Build started...
-----------------------------------------------------------------------
Mesh LEVEL = 4
-----------------------------------------------------------------------
Setting regions...OK (0.000 s)
Base mesh info------------------
	2D flag  =0
	Period   =[0, 0, 0]
	Nx=18
		x[0]=0.0261713
		x[1]=0.0328789
		x[2]=0.0395845
		x[3]=0.04629
		x[4]=0.0529955
		x[5]=0.059701
		x[6]=0.0664065
		x[7]=0.073112
		x[8]=0.0798175
		x[9]=0.086523
		x[10]=0.0932285
		x[11]=0.0999341
		x[12]=0.10664
		x[13]=0.113345
		x[14]=0.120051
		x[15]=0.126756
		x[16]=0.133462
		x[17]=0.140167
		x[18]=0.146871
	Ny=10
		y[0]=0.150903
		y[1]=0.157146
		y[2]=0.163388
		y[3]=0.169629
		y[4]=0.175871
		y[5]=0.182112
		y[6]=0.188354
		y[7]=0.194595
		y[8]=0.200837
		y[9]=0.207079
		y[10]=0.213318
	Nz=16
		z[0]=0.105196
		z[1]=0.112127
		z[2]=0.119056
		z[3]=0.125986
		z[4]=0.132915
		z[5]=0.139845
		z[6]=0.146774
		z[7]=0.153704
		z[8]=0.160633
		z[9]=0.167563
		z[10]=0.174492
		z[11]=0.181422
		z[12]=0.188351
		z[13]=0.195281
		z[14]=0.20221
		z[15]=0.209139
		z[16]=0.216067
End of base mesh info---------
Input_mesh_settings--------------------------------
Settings 0----------------
	Scope: GLOBAL
	Type:	------MESHER_SETTINGS----------
	RefAllCells           =0
	RefFluidCells         =0
	RefPartCells          =0
	RefSolidCells         =0
	l_SSFR(Capture crit)  =4
	l_curv(Curvature crit)=0
	l_tol(Tolerance crit) =4
	  k_tol               =0.000377956
	UseChannelRef         =1
	  NCR_method          =0
	  l_NCR               =2
	  N_gap               =5
	  Use d_NCR_min       =0
	  Use d_NCR_max       =0
	IgnoreThinChannelsHeight         =0
	--END_OF_MESHER_SETTINGS-------
End of input mesh settings-------------------------

-----------------------------------------------------------------------
Building geometries:
-----------------------------------------------------------------------
Building body-set (0) of geometry Fluid.0.(0). ...

-----------------------------------------------------------------------
Refining by triangulation...
Refinement input: 2880 bricks
Setting regions...OK (0.000 s)
Setting regions...OK (0.000 s)
Setting regions...OK (0.000 s)
Setting regions...OK (0.000 s)
Refinement result: 17587 bricks (0.104 s)
Refinement input: 17587 bricks
Refinement result: 17587 bricks (0.004 s)
Collecting and processing rays...OK (0.081 s)
Capturing...OK (0.005 s)
Refining by triangulation takes 0.194 s
-----------------------------------------------------------------------

-----------------------------------------------------------------------
Refining peculiar surfaces...
Refinement input: 17587 bricks
Setting regions...OK (0.000 s)
Refinement result: 17671 bricks (0.002 s)
Refinement input: 17671 bricks
Setting regions...OK (0.000 s)
Refinement result: 17678 bricks (0.002 s)
Refinement input: 17678 bricks
Setting regions...OK (0.000 s)
Refinement result: 17776 bricks (0.003 s)
Refinement input: 17776 bricks
Setting regions...OK (0.000 s)
Refinement result: 17804 bricks (0.002 s)
Refinement input: 17804 bricks
Setting regions...OK (0.000 s)
Refinement result: 17867 bricks (0.003 s)
Refinement input: 17867 bricks
Setting regions...OK (0.000 s)
Refinement result: 17874 bricks (0.001 s)
Refinement input: 17874 bricks
Setting regions...OK (0.000 s)
Refinement result: 17951 bricks (0.002 s)
Refinement input: 17951 bricks
Setting regions...OK (0.000 s)
Refinement result: 18014 bricks (0.002 s)
Refinement input: 18014 bricks
Setting regions...OK (0.000 s)
Refinement result: 18028 bricks (0.002 s)
Refinement input: 18028 bricks
Setting regions...OK (0.000 s)
Refinement result: 18098 bricks (0.002 s)
Refinement input: 18098 bricks
Setting regions...OK (0.000 s)
Refinement result: 18735 bricks (0.003 s)
8 surfaces refined
Refining peculiar surfaces takes 0.04 s
-----------------------------------------------------------------------
Collecting and processing rays...OK (0.006 s)
Capturing...OK (0.001 s)
Collecting and processing rays...OK (0.000 s)
Capturing...OK (0.000 s)
Collecting and processing rays...OK (0.000 s)
Capturing...OK (0.000 s)

-----------------------------------------------------------------------
Base mesh 1 Refining...
Refinement input: 18735 bricks
Refinement result: 18735 bricks (0.000 s)
Collecting and processing rays...OK (0.000 s)
Capturing...OK (0.000 s)
-----------------------------------------------------------------------
Refining channels...
FYI: CNarrowChannelRefiner::RefineChannels_PRLL
Refinement input: 18735 bricks
Setting regions...OK (0.000 s)
Refinement result: 20030 bricks (0.002 s)
Collecting and processing rays...OK (0.003 s)
Capturing...OK (0.001 s)
FYI: m_iteration_count = 0
FYI: level1 statistics:
     level1_cnt_plus[1]=1480;		level1_cnt_minus[1]=0
     level1_cnt_plus[2]=0;		level1_cnt_minus[2]=0
     level1_cnt_plus[3]=0;		level1_cnt_minus[3]=0
     level1_cnt_plus[4]=0;		level1_cnt_minus[4]=0
     level1_cnt_plus[5]=0;		level1_cnt_minus[5]=0
     level1_cnt_plus[6]=0;		level1_cnt_minus[6]=0
     level1_cnt_plus[7]=0;		level1_cnt_minus[7]=0
     level1_cnt_plus[8]=0;		level1_cnt_minus[8]=0
     level1_cnt_plus[9]=0;		level1_cnt_minus[9]=0
Refinement input: 20030 bricks
Setting regions...OK (0.000 s)
Refinement result: 20107 bricks (0.001 s)
Collecting and processing rays...OK (0.001 s)
Capturing...OK (0.000 s)
FYI: m_iteration_count = 1
FYI: level1 statistics:
     level1_cnt_plus[1]=1568;		level1_cnt_minus[1]=0
     level1_cnt_plus[2]=0;		level1_cnt_minus[2]=0
     level1_cnt_plus[3]=0;		level1_cnt_minus[3]=0
     level1_cnt_plus[4]=0;		level1_cnt_minus[4]=0
     level1_cnt_plus[5]=0;		level1_cnt_minus[5]=0
     level1_cnt_plus[6]=0;		level1_cnt_minus[6]=0
     level1_cnt_plus[7]=0;		level1_cnt_minus[7]=0
     level1_cnt_plus[8]=0;		level1_cnt_minus[8]=0
     level1_cnt_plus[9]=0;		level1_cnt_minus[9]=0
Refinement input: 20107 bricks
Setting regions...OK (0.000 s)
Refinement result: 20128 bricks (0.001 s)
Collecting and processing rays...OK (0.000 s)
Capturing...OK (0.000 s)
FYI: m_iteration_count = 2
FYI: level1 statistics:
     level1_cnt_plus[1]=1592;		level1_cnt_minus[1]=0
     level1_cnt_plus[2]=0;		level1_cnt_minus[2]=0
     level1_cnt_plus[3]=0;		level1_cnt_minus[3]=0
     level1_cnt_plus[4]=0;		level1_cnt_minus[4]=0
     level1_cnt_plus[5]=0;		level1_cnt_minus[5]=0
     level1_cnt_plus[6]=0;		level1_cnt_minus[6]=0
     level1_cnt_plus[7]=0;		level1_cnt_minus[7]=0
     level1_cnt_plus[8]=0;		level1_cnt_minus[8]=0
     level1_cnt_plus[9]=0;		level1_cnt_minus[9]=0
Refinement input: 20128 bricks
Setting regions...OK (0.000 s)
Refinement result: 20142 bricks (0.001 s)
Collecting and processing rays...OK (0.000 s)
Capturing...OK (0.000 s)
FYI: m_iteration_count = 3
FYI: level1 statistics:
     level1_cnt_plus[1]=1608;		level1_cnt_minus[1]=0
     level1_cnt_plus[2]=0;		level1_cnt_minus[2]=0
     level1_cnt_plus[3]=0;		level1_cnt_minus[3]=0
     level1_cnt_plus[4]=0;		level1_cnt_minus[4]=0
     level1_cnt_plus[5]=0;		level1_cnt_minus[5]=0
     level1_cnt_plus[6]=0;		level1_cnt_minus[6]=0
     level1_cnt_plus[7]=0;		level1_cnt_minus[7]=0
     level1_cnt_plus[8]=0;		level1_cnt_minus[8]=0
     level1_cnt_plus[9]=0;		level1_cnt_minus[9]=0
FYI: m_iteration_count = 4
FYI: level1 statistics:
     level1_cnt_plus[1]=1608;		level1_cnt_minus[1]=0
     level1_cnt_plus[2]=0;		level1_cnt_minus[2]=0
     level1_cnt_plus[3]=0;		level1_cnt_minus[3]=0
     level1_cnt_plus[4]=0;		level1_cnt_minus[4]=0
     level1_cnt_plus[5]=0;		level1_cnt_minus[5]=0
     level1_cnt_plus[6]=0;		level1_cnt_minus[6]=0
     level1_cnt_plus[7]=0;		level1_cnt_minus[7]=0
     level1_cnt_plus[8]=0;		level1_cnt_minus[8]=0
     level1_cnt_plus[9]=0;		level1_cnt_minus[9]=0
Refinement input: 20142 bricks
Setting regions...OK (0.000 s)
Refinement result: 21780 bricks (0.002 s)
Collecting and processing rays...OK (0.002 s)
Capturing...OK (0.000 s)
FYI: m_iteration_count = 5
FYI: level1 statistics:
     level1_cnt_plus[1]=3372;		level1_cnt_minus[1]=0
     level1_cnt_plus[2]=96;		level1_cnt_minus[2]=0
     level1_cnt_plus[3]=0;		level1_cnt_minus[3]=0
     level1_cnt_plus[4]=0;		level1_cnt_minus[4]=0
     level1_cnt_plus[5]=0;		level1_cnt_minus[5]=0
     level1_cnt_plus[6]=0;		level1_cnt_minus[6]=0
     level1_cnt_plus[7]=0;		level1_cnt_minus[7]=0
     level1_cnt_plus[8]=0;		level1_cnt_minus[8]=0
     level1_cnt_plus[9]=0;		level1_cnt_minus[9]=0
Refinement input: 21780 bricks
Setting regions...OK (0.000 s)
Refinement result: 21871 bricks (0.002 s)
Collecting and processing rays...OK (0.000 s)
Capturing...OK (0.000 s)
FYI: m_iteration_count = 6
FYI: level1 statistics:
     level1_cnt_plus[1]=3476;		level1_cnt_minus[1]=0
     level1_cnt_plus[2]=96;		level1_cnt_minus[2]=0
     level1_cnt_plus[3]=0;		level1_cnt_minus[3]=0
     level1_cnt_plus[4]=0;		level1_cnt_minus[4]=0
     level1_cnt_plus[5]=0;		level1_cnt_minus[5]=0
     level1_cnt_plus[6]=0;		level1_cnt_minus[6]=0
     level1_cnt_plus[7]=0;		level1_cnt_minus[7]=0
     level1_cnt_plus[8]=0;		level1_cnt_minus[8]=0
     level1_cnt_plus[9]=0;		level1_cnt_minus[9]=0
Refinement input: 21871 bricks
Setting regions...OK (0.000 s)
Refinement result: 21906 bricks (0.002 s)
Collecting and processing rays...OK (0.000 s)
Capturing...OK (0.000 s)
FYI: m_iteration_count = 7
FYI: level1 statistics:
     level1_cnt_plus[1]=3516;		level1_cnt_minus[1]=0
     level1_cnt_plus[2]=96;		level1_cnt_minus[2]=0
     level1_cnt_plus[3]=0;		level1_cnt_minus[3]=0
     level1_cnt_plus[4]=0;		level1_cnt_minus[4]=0
     level1_cnt_plus[5]=0;		level1_cnt_minus[5]=0
     level1_cnt_plus[6]=0;		level1_cnt_minus[6]=0
     level1_cnt_plus[7]=0;		level1_cnt_minus[7]=0
     level1_cnt_plus[8]=0;		level1_cnt_minus[8]=0
     level1_cnt_plus[9]=0;		level1_cnt_minus[9]=0
FYI: m_iteration_count = 8
FYI: level1 statistics:
     level1_cnt_plus[1]=3516;		level1_cnt_minus[1]=0
     level1_cnt_plus[2]=96;		level1_cnt_minus[2]=0
     level1_cnt_plus[3]=0;		level1_cnt_minus[3]=0
     level1_cnt_plus[4]=0;		level1_cnt_minus[4]=0
     level1_cnt_plus[5]=0;		level1_cnt_minus[5]=0
     level1_cnt_plus[6]=0;		level1_cnt_minus[6]=0
     level1_cnt_plus[7]=0;		level1_cnt_minus[7]=0
     level1_cnt_plus[8]=0;		level1_cnt_minus[8]=0
     level1_cnt_plus[9]=0;		level1_cnt_minus[9]=0
FYI: level1 statistics:
     level1_cnt_plus[1]=3516;		level1_cnt_minus[1]=0
     level1_cnt_plus[2]=96;		level1_cnt_minus[2]=0
     level1_cnt_plus[3]=0;		level1_cnt_minus[3]=0
     level1_cnt_plus[4]=0;		level1_cnt_minus[4]=0
     level1_cnt_plus[5]=0;		level1_cnt_minus[5]=0
     level1_cnt_plus[6]=0;		level1_cnt_minus[6]=0
     level1_cnt_plus[7]=0;		level1_cnt_minus[7]=0
     level1_cnt_plus[8]=0;		level1_cnt_minus[8]=0
     level1_cnt_plus[9]=0;		level1_cnt_minus[9]=0

-----------------------------------------------------------------------
U-shapes refinement...
Refinement input: 21906 bricks
Setting regions...OK (0.000 s)
Refinement result: 22340 bricks (0.010 s)
Collecting and processing rays...OK (0.005 s)
Capturing...OK (0.000 s)
-----------------------------------------------------------------------

-----------------------------------------------------------------------
Equi Distant Refiner:
Equi Distant Refiner takes 0.00 s
-----------------------------------------------------------------------
Building geometry takes 0.743 s
Geometry Fluid.0.
Total		22340
Partial	8364
Fluid		3114
Solid		10782
Bad		80

/-Ray Intersection---------------/ Time	0.211 s
Calls			8646
CorrectRay Calls	0



-----------------------------------------------------------------------
Building geometries takes 0.744 s
-----------------------------------------------------------------------

-----------------------------------------------------------------------
PostBuilding geometries:
-----------------------------------------------------------------------
PostBuilding body-set (0) geometry Fluid.0. (0)...
Collecting and processing rays...OK (0.000 s)
Capturing...OK (0.000 s)
PostBuilding geometry takes 0.001 s
Geometry Fluid.0.
Total		22340
Partial	8364
Fluid		3114
Solid		10782
Bad		80

-----------------------------------------------------------------------
PostBuilding geometries takes 0.002 s
-----------------------------------------------------------------------
Defect ray count	0
FYI: CNarrowChannelRefiner::RedistributeLevel1_step_1: is finished
FYI: level1 statistics:
     level1_cnt_plus[1]=1613;		level1_cnt_minus[1]=0
     level1_cnt_plus[2]=1995;		level1_cnt_minus[2]=0
     level1_cnt_plus[3]=0;		level1_cnt_minus[3]=0
     level1_cnt_plus[4]=0;		level1_cnt_minus[4]=0
     level1_cnt_plus[5]=0;		level1_cnt_minus[5]=0
     level1_cnt_plus[6]=0;		level1_cnt_minus[6]=0
     level1_cnt_plus[7]=0;		level1_cnt_minus[7]=0
     level1_cnt_plus[8]=0;		level1_cnt_minus[8]=0
     level1_cnt_plus[9]=0;		level1_cnt_minus[9]=0
FYI: CNarrowChannelRefiner::RedistributeLevel1_step_2: is started
FYI: CNarrowChannelRefiner::RedistributeLevel1_step_2: is finished
FYI: level1 statistics:
     level1_cnt_plus[1]=2556;		level1_cnt_minus[1]=0
     level1_cnt_plus[2]=5033;		level1_cnt_minus[2]=0
     level1_cnt_plus[3]=0;		level1_cnt_minus[3]=0
     level1_cnt_plus[4]=0;		level1_cnt_minus[4]=0
     level1_cnt_plus[5]=0;		level1_cnt_minus[5]=0
     level1_cnt_plus[6]=0;		level1_cnt_minus[6]=0
     level1_cnt_plus[7]=0;		level1_cnt_minus[7]=0
     level1_cnt_plus[8]=0;		level1_cnt_minus[8]=0
     level1_cnt_plus[9]=0;		level1_cnt_minus[9]=0
FYI: CNarrowChannelRefiner::RedistributeLevel1_step_3: is started
FYI: CNarrowChannelRefiner::RedistributeLevel1_step_3: is finished
RedistributeLevel1 takes:
FYI: level1 statistics:
     level1_cnt_plus[1]=2556;		level1_cnt_minus[1]=2274
     level1_cnt_plus[2]=5033;		level1_cnt_minus[2]=938
     level1_cnt_plus[3]=0;		level1_cnt_minus[3]=0
     level1_cnt_plus[4]=0;		level1_cnt_minus[4]=0
     level1_cnt_plus[5]=0;		level1_cnt_minus[5]=0
     level1_cnt_plus[6]=0;		level1_cnt_minus[6]=0
     level1_cnt_plus[7]=0;		level1_cnt_minus[7]=0
     level1_cnt_plus[8]=0;		level1_cnt_minus[8]=0
     level1_cnt_plus[9]=0;		level1_cnt_minus[9]=0
-----------------------------------------------------------------------
MSH format builder (Iteration 0)
-----------------------------------------------------------------------
Memory Working Set Current = 54.70 Mb, Memory Working Set Peak = 67.29 Mb
Process Threads Number: 13
-----------------------------------------------------------------------
Loading geometries triangulation & x-stacks...OK
x-stacks size = 0.64 Mb
Total bricks count: 22340
-----------------------------------------------------------------------
MSH (Real Geometry) format constructor:
	Getting brick sets...OK (0.001 s)
	Min x-stack xeps = 1.38671e-06
	D / dh / eps [axis=0] = (0.120699, 0.000418963, 4.18963e-07)
	D / dh / eps [axis=1] = (0.0624151, 0.000389989, 3.89989e-07)
	D / dh / eps [axis=2] = (0.110872, 0.000432992, 4.32992e-07)
	Time (xeps): 0.000 s
Level 4
	Set (0)  size: 1508
	Set (0)  time: 0.025 s
	Set (1)  size: 1508
	Set (1)  time: 0.022 s
Level 3
	Set (0)  size: 2795
	Set (0)  time: 0.029 s
	Set (1)  size: 2796
	Set (1)  time: 0.030 s
Level 2
	Set (0)  size: 4337
	Set (0)  time: 0.038 s
	Set (1)  size: 4341
	Set (1)  time: 0.039 s
Level 1
	Set (0)  size: 1327
	Set (0)  time: 0.003 s
	Set (1)  size: 1327
	Set (1)  time: 0.002 s
Level 0
	Set (0)  size: 1200
	Set (0)  time: 0.001 s
	Set (1)  size: 1201
	Set (1)  time: 0.001 s
Result:
	Bricks number:                        22340

	Memory usage:                         5.159 MB
	Memory usage (per brick):             0.236 KB
	Construction time:                    0.192 s

	Topology features:
	------------------
	- High quality bricks                  99.98 % (22336)
	- Medium quality bricks                 0.02 % (4)
	- Bad quality bricks                    0.00 % (0)
	- Ribs corrected bricks                 0.00 % (0)
	- Points with geom-info (bricks)        0.05 % (11)
	- Points with closest-info (bricks)     0.03 % (7)
	- Triangulated by center (bricks)       0.91 % (204)
	- Facet w-faces mergings (bricks)       0.00 % (0)
	- To refine (bricks)                    0.00 % (0)

-----------------------------------------------------------------------
Memory Working Set Current = 75.14 Mb, Memory Working Set Peak = 75.14 Mb
Process Threads Number: 13
-----------------------------------------------------------------------
-----------------------------------------------------------------------
-----------------------------------------------------------------------
MSH --> BCF format (Iteration 0)...
BCF collector...(remove mode=0)
	Time (alloc counter per brick): 0.001 s
	Brick    count: 22340
	Av.f all count: 11648
	Av.s all count: 19370
	Av.f pid count: 8554
	Av.s pid count: 8612
	Faces fs count: 20827
	Faces ff count: 0
	Faces ss count: 0
	Faces bb count: 0
	Faces fe count: 0
	Faces se count: 2234
	Faces fw count: 23061
	Faces af count: 33575
	Faces as count: 60411
	Time (all count): 	0.004 s
	Time (bcf alloc): 	0.001 s
	Time (shifts alloc): 	0.001 s
	Time (shifts init): 	0.001 s
	Time (bcf fill): 	0.013 s
	Time (add av to faces): 0.000 s
	Time (add faces to av): 0.005 s
Time (bcf collect): 		0.028 s
	AV checker...
	Time (check av): 	0.011 s
	Subdomain checker...
		Subdomains construction time: 0.003 s.
		Subdomains sort time: 0.000 s.
			Subdomain 0 (geom_ind=0): 9226 av
			Subdomain 1 (geom_ind=0): 2422 av
			Subdomain 2 (geom_ind=1): 19370 av
		gi: 0, subdomains: 2, real bodies: 2
		gi: 1, subdomains: 1, real bodies: 0
		Defect subdomains: 0
	Time (check subdoms): 	0.003 s
Time (bcf iteration total): 	0.043 s
	Time (fw-nb): 		0.002 s
	Fixed mutual fw-nb:     12652 (bb: 0)
	Time (fw-nb mutual): 	0.002 s
	Time (fw-nb sort): 	0.000 s
	Fw-opt BEFORE total:    23061 (fs=20827, ff=0, ss=0)
	Fw-opt AFTER  total:    13737 (fs=11503, ff=0, ss=0, failed fw/br=1/0, big_curv=78, big_poly=0)
	Fw-opt RESULT:          9324 (res/(fs+ff+ss) = 44.77 %)
	Time (fw-opt): 		0.006 s
	Time (fw-re-order): 	0.002 s
	Time (fw-nb): 		0.009 s
	Fixed mutual fw-nb:     28787 (bb: 0)
	Time (fw-nb mutual): 	0.002 s
	Time (fw-nb sort): 	0.000 s
	Time (rfd fix): 	0.000 s
	Time (av convexity): 	0.004 s
	Time (av small volume): 0.000 s
	Time (diagonal fw-nb): 	0.022 s
	Fixed mutual fw-nb:     0 (bb: 0)
	Time (fw-nb mutual): 	0.001 s
	Time (fw-nb sort): 	0.000 s
	Fluid subdomains: 2
	Faces fw-nb diff sd:    0
	Time (fw-nb diff sd): 	0.002 s
Time (bcf calc): 		0.056 s
-----------------------------------------------------------------------
Time (bcf total): 		0.099 s
-----------------------------------------------------------------------
-----------------------------------------------------------------------
Mega-cv constructor for fluid...
	 101 av's is treated as thin
Relative size generator (threshold = 0.05)...
	Iteration 1 (small cluster count = 933)
	Iteration 2 (small cluster count = 440)
	Iteration 3 (small cluster count = 121)
	Iteration 4 (small cluster count = 26)
	Iteration 5 (small cluster count = 2)
	Iteration 6 (small cluster count = 0)
	 923 mega-cv's generated
	 59 mega-cv's removed
Relative size generator is completed OK (0.003 s)
Apply fa-rules to mega-cv clusters fixes...
	Fa-rule violation fixes:       29 of       29 (total cluster# =      877)
OK (0.001 s)
Convert clusters:
	 872 mega-cv's total
Mega-cv count: 872
Time (mega-cv fill): 	0.002 s
Time (mega-cv total): 	0.010 s
-----------------------------------------------------------------------
Mixing plane rotation regions: NO.
Sliding mesh rotation regions: NO.
Fluid/fluid faces: NO.
----------------------------------------------------------
BCF --> BCF.GEOMSUBDOM (bridge arrays):
MESH (0):
	Fluid Subdom Constructor: 2 subdom(s).
	Solid Subdom Constructor: 1 subdom(s).
	Net Asm Subdom Constructor: 0 subdom(s).
	GEOMSUBDOM (0): gi=0 fluid av=9226 cv=8421 fa=26850 fb=0 fw=8523 V=2.420064e-05
	Cache data...OK
	GEOMSUBDOM (1): gi=0 fluid av=2422 cv=2191 fa=6725 fb=0 fw=2980 V=1.971729e-06
	Cache data...OK
	GEOMSUBDOM (2): gi=1 solid av=19370 cv=19370 fa=60411 fb=0 fw=13737 V=8.090738e-04
	Cache data...OK
	Setting nb of w-faces...OK (0.005 s).
	Correcting nb of w-faces...
	Time(correct_fw_nb)=0.004 s

MESH (0) checking:
	GEOMSUBDOM (0):fa_s=0.0363259921631452 fb_s=0.0000000000000000 fw_s=0.0083666663553226 fw_nb=66728
	              :d_const(90)=9.39792e-11 d_linear(90)=2.67814e-10
	GEOMSUBDOM (1):fa_s=0.0042438055084174 fb_s=0.0000000000000000 fw_s=0.0014680533129537 fw_nb=24370
	              :d_const(107)=8.79069e-14 d_linear(218)=1.17473e-12
	GEOMSUBDOM (2):fa_s=0.4191891917009071 fb_s=0.0000000000000000 fw_s=0.0655059798012045 fw_nb=100502
	              :d_const(8347)=6.30559e-11 d_linear(8347)=5.9203e-09
MESH (0) checking: OK.
Time (MDS): 	0.039 s
----------------------------------------------------------

-----------------------------------------------------------------------
BCF CHECKSUM DATA (Mesh 0):

WARNING! 319 w-face(s) without RefFacesData.
BRICK |Level1| Sum:               16772
FACE_A Area Sum:   G.Fluid        0.0405697976715626
FACE_A Area Sum:   G.Solid        0.4191891917009067
FACE_W Area Sum:                  0.0655059798012044
FACE_W Nb   Sum:                  100502
FACE_W min curvatures sum:        -3965509.73538476
FACE_W max curvatures sum:        6703672.56823015
AV Max Disbalance(Const) :        9.39792e-11 (cid=284, t={0, 106, 4}, avid=103, pid=94)
AV Max Disbalance(Linear):        5.9203e-09 (cid=13614, t={136, 59, 110}, avid=23520, pid=5651)
-----------------------------------------------------------------------


-----------------------------------------------------------------------
MESHER TOPOLOGY DATA:

BRICKS: Total                 22340
BRICKS: 1-CV                  13852
BRICKS: 2-CV                  8299
BRICKS: 3-CV                  188
BRICKS: 4-CV                  1
BRICKS: Bad                   0

AV:     G.Total               31018
AV:     G.Fluid               11648
AV:     G.Solid               19370

AV:     G.Fluid Thin Profile    1.06 % (124)
AV:     G.Solid Thin Profile    0.34 % (65)

AV:     G.Fluid Thin For Mega   0.87 % (101)
AV:     G.Solid Thin For Mega   0.26 % (50)

AV:     G.Fluid Non-Convex     25.54 % (2975)
AV:     G.Solid Non-Convex     18.75 % (3632)

AV:     G.Fluid Non-Ess-Convex      8.89 % (1035)
AV:     G.Solid Non-Ess-Convex      7.43 % (1440)

FACE_A: G.Fluid          (af) 33575 (partially opened 18511)
FACE_A: G.Solid          (as) 60411 (partially opened 18552)

FACE_B: G.Total          (b)  0

FACE_W: G.Total                 13737       Brick/Bound
FACE_W: G.Fluid/Solid    (fs_g) 11503       0           
FACE_W: G.Fluid/Fluid    (ff_g) 0           0           
FACE_W: G.Solid/Solid    (ss_g) 0           0           
FACE_W: G.Fluid/External (fe_g) 0
FACE_W: G.Solid/External (se_g) 2234

AV/CV max fa count (on brick side):7
AV/CV max fw count:                7
AV/CV max fb count:                0
AV/CV max fw poly count:           27

MEMORY: Total                   11.016 MB
MEMORY: Per Brick               0.505 KB
-----------------------------------------------------------------------

-----------------------------------------------------------------------
Connectivities information:
	Number of conns: 0
-----------------------------------------------------------------------
	Time (gap size): 	0.025 s
-----------------------------------------------------------------------
Calculating curvature and tolerance criteria...
Curvature: min=0 max=2.66625
Tolerance: min=0 max=0.000388533
Calculating curvature and tolerance criteria takes 0.104 s
-----------------------------------------------------------------------
MESH Build(FS) finished. Time=1.493 s
-----------------------------------------------------------------------
Current CPU = 2 sec

Nx=18
Ny=10
Nz=16
Max BRICK Level=4
Mesh Level=4
-----------------CModelBodies2MeshMapper::CollectData started -------------------------------
-----------------CModelBodies2MeshMapper Report -------------------------------
FluidDomains 2 SolidDomains 1 VoidDomains 0 
Domains RefIndexes
Domain 0, Index count 23
Domain 1, Index count 42
Domain 2, Index count 65
----------------- -------------------------------
	ModelBodies
Total resolved Bodies 0 BodySets 0

--------------------------------------------------------------------------
	Positive geometry Bodies
Total resolved Bodies 2 BodySets 2
BodySet 0
	Bodies list:
			#0	Name: ;	ID: 6a73f2e7-1021-4c1a-bd4f-18a1e3101de7
	Domains list:		 1 
BodySet 1
	Bodies list:
			#0	Name: ;	ID: 3e15edf6-9bc2-44d2-96f8-d11e3f4d4cf2
	Domains list:		 0 

--------------------------------------------------------------------------
	Fluid regions
Total resolved Bodies 2 BodySets 1
BodySet 0	Material: Water; 
	Bodies list:
			#0	Name: ;	ID: 6a73f2e7-1021-4c1a-bd4f-18a1e3101de7
			#1	Name: ;	ID: 3e15edf6-9bc2-44d2-96f8-d11e3f4d4cf2
	Domains list:		 0 		 1 

--------------------------------------------------------------------------
-----------------CModelBodies2MeshMapper::CollectData finished successfully-------------------
Saving initial mesh in: N:\Downloads\GitHub\liquid-propellant-engine\2kN Heat Sink Engine\Simulation Only\1\Parametric Study 2\35\35.fld .
Storing results...
Estimated CPT size=5.512 MB.
	Time (write bcf): 1.227 s
OK
-----------------------------------------------------------------------
Memory Working Set Current = 100.63 Mb, Memory Working Set Peak = 100.63 Mb
Process Threads Number: 13
-----------------------------------------------------------------------
Cleaning memory...
		Time (free xsl):                    	0.002 s
Free Geometry DB takes 0.000 s
	Time (free bcf): 	0.009 s
		Time (free bcf mesh):               	0.020 s
	Time (free mesher data):              	0.024 s
Copying... OK
Mesh generation normally finished at	13.4.2021	22:47:22
Mesher CPU = 3 sec
Mesher is finished at	13.4.2021	22:47:22
-----------------------------------------------------------------------
Memory Working Set Current = 44.55 Mb, Memory Working Set Peak = 101.03 Mb
Process Threads Number: 13
-----------------------------------------------------------------------
Algebra Pool      : mem_usage = 0.75 Mb, allocated count = 0
Log ended at 13.04.2021	22:47:22
