Log started at 28.04.2021	02:52:39
Number of used processors (NPROC): 4.
Number of mesh partitions (NPART): 4.
Total Physical Memory = 15.87 Gb, Available Physical Memory = 11.04 Gb
Computer name:	MCAE33
Operating system:	Windows 10 (or higher) (Version 10.0.18363)

SOLIDWORKS 2020 SP4.0
Flow Simulation 2020  x64 / 4995 / MESHER ver. efd_dev.4663_05.07.2019 

Project: N:\Downloads\GitHub\liquid-propellant-engine\2kN Heat Sink Engine\Revised Stack OD 6in\1\Parametric Study 1\15\15.xmlconfig
Configuration name: Default
Project name: Project(1)
NGK: OFF
MBO: OFF

Mesh generation started:	28.4.2021	2:52:39
-----------------------------------------------------------------------
Mesher option run = eRunMesherNormal
-----------------------------------------------------------------------
Current CPU = 0 sec
-----------------------------------------------------------------------
Geometries initialization:
-----------------------------------------------------------------------
Loading mesh settings (global/local)...
-----------------------------------------------------------------------
Number of geometries from DB: 1
Geometry(0):
	Guid = {00000000-0000-0000-0000-000000000000}
	Fluid..
	1 Body.
	1 Real body.
	-- Bodyset 0 --
		Tolerance=1.27281e-05.
		34 Face(s).
			34 of b-spline type.
		0 Face(s) that have no ref faces
		7 Plane surface(s).
		13 Cylinder surface(s).
		1 Cone surface(s).
		1 Torus surface(s).
		12 B- surface(s).
		12628 Triangle(s).
		Getting triangle connectivities from DB: 0.001 s
		69 Edge(s).
			69 of b-spline type.
		BodyGeom reading: 0.013 s.
		21 Reference Face(s).
		4389 Reference Triangles.
		Getting triangle connectivities from DB (Ref): 0.000 s
		BodyGeom Ref reading: 0.001 s.
		Getting triangle connectivities from DB (Extra Triangulation): 0.001 s
Geometry(1):
	Solid.
	-- Bodyset 1 --
	Empty
-----------------------------------------------------------------------
Number of geometries in task: 2
Number of bodysets   in task: 2
-----------------------------------------------------------------------
	Making hash and connectivity for Bodyset ...
		CBodyGeom:
		Hash size: {24, 36, 24}.
		Mesh size: {6, 36, 6}.
		Hashing triangles...Ok.
			axis(0) tr sizes: average=42 max=604
			axis(1) tr sizes: average=64 max=366
			axis(2) tr sizes: average=40 max=626
		Number of t-connected sets:2
			(0) size=12
			(1) size=12616 cavity
		Done.
		CBodyGeomRef:
		Hashing triangles...Ok.
			axis(0) tr sizes: average=96 max=528
			axis(1) tr sizes: average=229 max=325
			axis(2) tr sizes: average=95 max=480
		Done.
	0.0128 s.
Geometries reading and preparing has taken 0.031 s.

Mapped triangles:
Hashing geometries triangles
	Triangles num=12628
	Triangles box={-0.0055308  ,0.00553077  ,-0.0785469  ,-0.00674683  ,-0.00541216  ,0.00541277  }
		3d-hash size is 106988 bytes
Hashing peculiar surfaces triangles
	Triangles num=68
	Triangles box={-0.00531346  ,-0.0031746  ,-0.0772477  ,-0.0729698  ,-0.00430271  ,-0.000597889  }
		3d-hash size is 5776 bytes
	Triangles num=68
	Triangles box={0.0031746  ,0.00531346  ,-0.0772477  ,-0.0729698  ,0.000597889  ,0.00430271  }
		3d-hash size is 5776 bytes
	Triangles num=67
	Triangles box={-0.00213895  ,0.00213895  ,-0.0772477  ,-0.0729698  ,-0.0053464  ,-0.00490054  }
		3d-hash size is 5744 bytes
	Triangles num=68
	Triangles box={-0.00531356  ,-0.00317452  ,-0.0772477  ,-0.0729698  ,0.000597932  ,0.00430265  }
		3d-hash size is 5772 bytes
	Triangles num=67
	Triangles box={-0.00213895  ,0.00213895  ,-0.0772477  ,-0.0729698  ,0.00490054  ,0.0053464  }
		3d-hash size is 5744 bytes
	Triangles num=68
	Triangles box={0.00317452  ,0.00531356  ,-0.0772477  ,-0.0729698  ,-0.00430265  ,-0.000597932  }
		3d-hash size is 5772 bytes
	Triangles num=20
	Triangles box={-0.00233613  ,0.00233613  ,-0.00689  ,-0.00689  ,-0.00233613  ,0.00233613  }
		3d-hash size is 5468 bytes
Mapped triangles processed in 0.015 s.
-----------------------------------------------------------------------
Getting sectors:
Number of sectors: 0
-----------------------------------------------------------------------
-----------------------------------------------------------------------

Current CPU = 0 sec

-----------------------------------------------------------------------
Mesh dimensions:
				I[0 ]=6
				I[1 ]=36
				I[2 ]=6

Comp. domain size:
				a[0  ]=-0.00551976
				a[1  ]=0.00551973
				a[2  ]=-0.0784752
				a[3  ]=-0.00681849
				a[4  ]=-0.00540116
				a[5  ]=0.00540177

Fluid calculated			1
Solid calculated			0
-----------------------------------------------------------------------
MESH Build started...
-----------------------------------------------------------------------
Mesh LEVEL = 2
-----------------------------------------------------------------------
Setting regions...OK (0.000 s)
Base mesh info------------------
	2D flag  =0
	Period   =[0, 0, 0]
	Nx=6
		x[0]=-0.00551976
		x[1]=-0.00367926
		x[2]=-0.00183935
		x[3]=5.66606e-07
		x[4]=0.00184048
		x[5]=0.0036804
		x[6]=0.00551973
	Ny=36
		y[0]=-0.0784752
		y[1]=-0.0764842
		y[2]=-0.0744937
		y[3]=-0.0725033
		y[4]=-0.0705128
		y[5]=-0.0685223
		y[6]=-0.0665319
		y[7]=-0.0645414
		y[8]=-0.0625509
		y[9]=-0.0605605
		y[10]=-0.05857
		y[11]=-0.0565796
		y[12]=-0.0545891
		y[13]=-0.0525986
		y[14]=-0.0506082
		y[15]=-0.0486177
		y[16]=-0.0466272
		y[17]=-0.0446368
		y[18]=-0.0426463
		y[19]=-0.0406558
		y[20]=-0.0386654
		y[21]=-0.0366749
		y[22]=-0.0346844
		y[23]=-0.032694
		y[24]=-0.0307035
		y[25]=-0.0287131
		y[26]=-0.0267226
		y[27]=-0.0247321
		y[28]=-0.0227417
		y[29]=-0.0207512
		y[30]=-0.0187607
		y[31]=-0.0167703
		y[32]=-0.0147798
		y[33]=-0.0127893
		y[34]=-0.0107989
		y[35]=-0.00880841
		y[36]=-0.00681849
	Nz=6
		z[0]=-0.00540116
		z[1]=-0.00360026
		z[2]=-0.00179977
		z[3]=7.21114e-07
		z[4]=0.00180121
		z[5]=0.0036017
		z[6]=0.00540177
End of base mesh info---------
Input_mesh_settings--------------------------------
Settings 0----------------
	Scope: GLOBAL
	Type:	------MESHER_SETTINGS----------
	RefAllCells           =0
	RefFluidCells         =0
	RefPartCells          =0
	RefSolidCells         =0
	l_SSFR(Capture crit)  =1
	l_curv(Curvature crit)=0
	l_tol(Tolerance crit) =1
	  k_tol               =0.00107498
	UseChannelRef         =1
	  NCR_method          =0
	  l_NCR               =2
	  N_gap               =5
	  Use d_NCR_min       =0
	  Use d_NCR_max       =0
	IgnoreThinChannelsHeight         =0
	--END_OF_MESHER_SETTINGS-------
End of input mesh settings-------------------------

-----------------------------------------------------------------------
Building geometries:
-----------------------------------------------------------------------
Building body-set (0) of geometry Fluid.0.(0). ...

-----------------------------------------------------------------------
Refining by triangulation...
Refinement input: 1296 bricks
Setting regions...OK (0.000 s)
Setting regions...OK (0.000 s)
Refinement result: 1681 bricks (0.019 s)
Refinement input: 1681 bricks
Refinement result: 1681 bricks (0.000 s)
Collecting and processing rays...OK (0.013 s)
Capturing...OK (0.000 s)
Refining by triangulation takes 0.033 s
-----------------------------------------------------------------------

-----------------------------------------------------------------------
Refining peculiar surfaces...
0 surfaces refined
Refining peculiar surfaces takes 0 s
-----------------------------------------------------------------------
Collecting and processing rays...OK (0.000 s)
Capturing...OK (0.000 s)
Collecting and processing rays...OK (0.000 s)
Capturing...OK (0.000 s)
Collecting and processing rays...OK (0.000 s)
Capturing...OK (0.000 s)

-----------------------------------------------------------------------
Base mesh 1 Refining...
Refinement input: 1681 bricks
Refinement result: 1681 bricks (0.000 s)
Collecting and processing rays...OK (0.000 s)
Capturing...OK (0.000 s)
-----------------------------------------------------------------------
Refining channels...
FYI: CNarrowChannelRefiner::RefineChannels_PRLL
Refinement input: 1681 bricks
Setting regions...OK (0.000 s)
Refinement result: 5055 bricks (0.001 s)
Collecting and processing rays...OK (0.007 s)
Capturing...OK (0.001 s)
FYI: m_iteration_count = 0
FYI: level1 statistics:
     level1_cnt_plus[1]=3856;		level1_cnt_minus[1]=0
     level1_cnt_plus[2]=0;		level1_cnt_minus[2]=0
     level1_cnt_plus[3]=0;		level1_cnt_minus[3]=0
     level1_cnt_plus[4]=0;		level1_cnt_minus[4]=0
     level1_cnt_plus[5]=0;		level1_cnt_minus[5]=0
     level1_cnt_plus[6]=0;		level1_cnt_minus[6]=0
     level1_cnt_plus[7]=0;		level1_cnt_minus[7]=0
     level1_cnt_plus[8]=0;		level1_cnt_minus[8]=0
     level1_cnt_plus[9]=0;		level1_cnt_minus[9]=0
Refinement input: 5055 bricks
Setting regions...OK (0.000 s)
Refinement result: 5083 bricks (0.001 s)
Collecting and processing rays...OK (0.000 s)
Capturing...OK (0.000 s)
FYI: m_iteration_count = 1
FYI: level1 statistics:
     level1_cnt_plus[1]=3888;		level1_cnt_minus[1]=0
     level1_cnt_plus[2]=0;		level1_cnt_minus[2]=0
     level1_cnt_plus[3]=0;		level1_cnt_minus[3]=0
     level1_cnt_plus[4]=0;		level1_cnt_minus[4]=0
     level1_cnt_plus[5]=0;		level1_cnt_minus[5]=0
     level1_cnt_plus[6]=0;		level1_cnt_minus[6]=0
     level1_cnt_plus[7]=0;		level1_cnt_minus[7]=0
     level1_cnt_plus[8]=0;		level1_cnt_minus[8]=0
     level1_cnt_plus[9]=0;		level1_cnt_minus[9]=0
FYI: m_iteration_count = 2
FYI: level1 statistics:
     level1_cnt_plus[1]=3888;		level1_cnt_minus[1]=0
     level1_cnt_plus[2]=0;		level1_cnt_minus[2]=0
     level1_cnt_plus[3]=0;		level1_cnt_minus[3]=0
     level1_cnt_plus[4]=0;		level1_cnt_minus[4]=0
     level1_cnt_plus[5]=0;		level1_cnt_minus[5]=0
     level1_cnt_plus[6]=0;		level1_cnt_minus[6]=0
     level1_cnt_plus[7]=0;		level1_cnt_minus[7]=0
     level1_cnt_plus[8]=0;		level1_cnt_minus[8]=0
     level1_cnt_plus[9]=0;		level1_cnt_minus[9]=0
Refinement input: 5083 bricks
Setting regions...OK (0.000 s)
Refinement result: 7876 bricks (0.001 s)
Collecting and processing rays...OK (0.010 s)
Capturing...OK (0.001 s)
FYI: m_iteration_count = 3
FYI: level1 statistics:
     level1_cnt_plus[1]=4956;		level1_cnt_minus[1]=0
     level1_cnt_plus[2]=1888;		level1_cnt_minus[2]=0
     level1_cnt_plus[3]=0;		level1_cnt_minus[3]=0
     level1_cnt_plus[4]=0;		level1_cnt_minus[4]=0
     level1_cnt_plus[5]=0;		level1_cnt_minus[5]=0
     level1_cnt_plus[6]=0;		level1_cnt_minus[6]=0
     level1_cnt_plus[7]=0;		level1_cnt_minus[7]=0
     level1_cnt_plus[8]=0;		level1_cnt_minus[8]=0
     level1_cnt_plus[9]=0;		level1_cnt_minus[9]=0
Refinement input: 7876 bricks
Setting regions...OK (0.000 s)
Refinement result: 8191 bricks (0.001 s)
Collecting and processing rays...OK (0.001 s)
Capturing...OK (0.000 s)
FYI: m_iteration_count = 4
FYI: level1 statistics:
     level1_cnt_plus[1]=5073;		level1_cnt_minus[1]=0
     level1_cnt_plus[2]=2104;		level1_cnt_minus[2]=0
     level1_cnt_plus[3]=0;		level1_cnt_minus[3]=0
     level1_cnt_plus[4]=0;		level1_cnt_minus[4]=0
     level1_cnt_plus[5]=0;		level1_cnt_minus[5]=0
     level1_cnt_plus[6]=0;		level1_cnt_minus[6]=0
     level1_cnt_plus[7]=0;		level1_cnt_minus[7]=0
     level1_cnt_plus[8]=0;		level1_cnt_minus[8]=0
     level1_cnt_plus[9]=0;		level1_cnt_minus[9]=0
Refinement input: 8191 bricks
Setting regions...OK (0.000 s)
Refinement result: 8205 bricks (0.001 s)
Collecting and processing rays...OK (0.000 s)
Capturing...OK (0.000 s)
FYI: m_iteration_count = 5
FYI: level1 statistics:
     level1_cnt_plus[1]=5071;		level1_cnt_minus[1]=0
     level1_cnt_plus[2]=2120;		level1_cnt_minus[2]=0
     level1_cnt_plus[3]=0;		level1_cnt_minus[3]=0
     level1_cnt_plus[4]=0;		level1_cnt_minus[4]=0
     level1_cnt_plus[5]=0;		level1_cnt_minus[5]=0
     level1_cnt_plus[6]=0;		level1_cnt_minus[6]=0
     level1_cnt_plus[7]=0;		level1_cnt_minus[7]=0
     level1_cnt_plus[8]=0;		level1_cnt_minus[8]=0
     level1_cnt_plus[9]=0;		level1_cnt_minus[9]=0
FYI: m_iteration_count = 6
FYI: level1 statistics:
     level1_cnt_plus[1]=5071;		level1_cnt_minus[1]=0
     level1_cnt_plus[2]=2120;		level1_cnt_minus[2]=0
     level1_cnt_plus[3]=0;		level1_cnt_minus[3]=0
     level1_cnt_plus[4]=0;		level1_cnt_minus[4]=0
     level1_cnt_plus[5]=0;		level1_cnt_minus[5]=0
     level1_cnt_plus[6]=0;		level1_cnt_minus[6]=0
     level1_cnt_plus[7]=0;		level1_cnt_minus[7]=0
     level1_cnt_plus[8]=0;		level1_cnt_minus[8]=0
     level1_cnt_plus[9]=0;		level1_cnt_minus[9]=0
FYI: level1 statistics:
     level1_cnt_plus[1]=5071;		level1_cnt_minus[1]=0
     level1_cnt_plus[2]=2120;		level1_cnt_minus[2]=0
     level1_cnt_plus[3]=0;		level1_cnt_minus[3]=0
     level1_cnt_plus[4]=0;		level1_cnt_minus[4]=0
     level1_cnt_plus[5]=0;		level1_cnt_minus[5]=0
     level1_cnt_plus[6]=0;		level1_cnt_minus[6]=0
     level1_cnt_plus[7]=0;		level1_cnt_minus[7]=0
     level1_cnt_plus[8]=0;		level1_cnt_minus[8]=0
     level1_cnt_plus[9]=0;		level1_cnt_minus[9]=0

-----------------------------------------------------------------------
U-shapes refinement...
Refinement input: 8205 bricks
Refinement result: 8205 bricks (0.001 s)
Collecting and processing rays...OK (0.000 s)
Capturing...OK (0.000 s)
-----------------------------------------------------------------------

-----------------------------------------------------------------------
Equi Distant Refiner:
Equi Distant Refiner takes 0.00 s
-----------------------------------------------------------------------
Building geometry takes 0.182 s
Geometry Fluid.0.
Total		8205
Partial	3173
Fluid		2000
Solid		3032
Bad		0

/-Ray Intersection---------------/ Time	0.048 s
Calls			2457
CorrectRay Calls	0



-----------------------------------------------------------------------
Building geometries takes 0.182 s
-----------------------------------------------------------------------

-----------------------------------------------------------------------
PostBuilding geometries:
-----------------------------------------------------------------------
PostBuilding body-set (0) geometry Fluid.0. (0)...
Collecting and processing rays...OK (0.000 s)
Capturing...OK (0.000 s)
PostBuilding geometry takes 0.000 s
Geometry Fluid.0.
Total		8205
Partial	3173
Fluid		2000
Solid		3032
Bad		0

-----------------------------------------------------------------------
PostBuilding geometries takes 0.001 s
-----------------------------------------------------------------------
Defect ray count	0
FYI: CNarrowChannelRefiner::RedistributeLevel1_step_1: is finished
FYI: level1 statistics:
     level1_cnt_plus[1]=3690;		level1_cnt_minus[1]=0
     level1_cnt_plus[2]=3501;		level1_cnt_minus[2]=0
     level1_cnt_plus[3]=0;		level1_cnt_minus[3]=0
     level1_cnt_plus[4]=0;		level1_cnt_minus[4]=0
     level1_cnt_plus[5]=0;		level1_cnt_minus[5]=0
     level1_cnt_plus[6]=0;		level1_cnt_minus[6]=0
     level1_cnt_plus[7]=0;		level1_cnt_minus[7]=0
     level1_cnt_plus[8]=0;		level1_cnt_minus[8]=0
     level1_cnt_plus[9]=0;		level1_cnt_minus[9]=0
FYI: CNarrowChannelRefiner::RedistributeLevel1_step_2: is started
FYI: CNarrowChannelRefiner::RedistributeLevel1_step_2: is finished
FYI: level1 statistics:
     level1_cnt_plus[1]=3762;		level1_cnt_minus[1]=0
     level1_cnt_plus[2]=3599;		level1_cnt_minus[2]=0
     level1_cnt_plus[3]=0;		level1_cnt_minus[3]=0
     level1_cnt_plus[4]=0;		level1_cnt_minus[4]=0
     level1_cnt_plus[5]=0;		level1_cnt_minus[5]=0
     level1_cnt_plus[6]=0;		level1_cnt_minus[6]=0
     level1_cnt_plus[7]=0;		level1_cnt_minus[7]=0
     level1_cnt_plus[8]=0;		level1_cnt_minus[8]=0
     level1_cnt_plus[9]=0;		level1_cnt_minus[9]=0
FYI: CNarrowChannelRefiner::RedistributeLevel1_step_3: is started
FYI: CNarrowChannelRefiner::RedistributeLevel1_step_3: is finished
RedistributeLevel1 takes:
FYI: level1 statistics:
     level1_cnt_plus[1]=3762;		level1_cnt_minus[1]=0
     level1_cnt_plus[2]=3599;		level1_cnt_minus[2]=0
     level1_cnt_plus[3]=0;		level1_cnt_minus[3]=0
     level1_cnt_plus[4]=0;		level1_cnt_minus[4]=0
     level1_cnt_plus[5]=0;		level1_cnt_minus[5]=0
     level1_cnt_plus[6]=0;		level1_cnt_minus[6]=0
     level1_cnt_plus[7]=0;		level1_cnt_minus[7]=0
     level1_cnt_plus[8]=0;		level1_cnt_minus[8]=0
     level1_cnt_plus[9]=0;		level1_cnt_minus[9]=0
-----------------------------------------------------------------------
MSH format builder (Iteration 0)
-----------------------------------------------------------------------
Memory Working Set Current = 37.89 Mb, Memory Working Set Peak = 45.14 Mb
Process Threads Number: 13
-----------------------------------------------------------------------
Loading geometries triangulation & x-stacks...OK
x-stacks size = 0.17 Mb
Total bricks count: 8205
-----------------------------------------------------------------------
MSH (Real Geometry) format constructor:
	Getting brick sets...OK (0.000 s)
	Min x-stack xeps = 1.30218e-05
	D / dh / eps [axis=0] = (0.0110395, 0.000459834, 4.59834e-07)
	D / dh / eps [axis=1] = (0.0716567, 0.000497616, 4.97616e-07)
	D / dh / eps [axis=2] = (0.0108029, 0.000450019, 4.50019e-07)
	Time (xeps): 0.000 s
Level 2
	Set (0)  size: 1836
	Set (0)  time: 0.022 s
	Set (1)  size: 1836
	Set (1)  time: 0.023 s
Level 1
	Set (0)  size: 1883
	Set (0)  time: 0.008 s
	Set (1)  size: 1882
	Set (1)  time: 0.008 s
Level 0
	Set (0)  size: 384
	Set (0)  time: 0.000 s
	Set (1)  size: 384
	Set (1)  time: 0.000 s
Result:
	Bricks number:                        8205

	Memory usage:                         1.711 MB
	Memory usage (per brick):             0.214 KB
	Construction time:                    0.063 s

	Topology features:
	------------------
	- High quality bricks                 100.00 % (8205)
	- Medium quality bricks                 0.00 % (0)
	- Bad quality bricks                    0.00 % (0)
	- Ribs corrected bricks                 0.00 % (0)
	- Points with geom-info (bricks)        0.00 % (0)
	- Points with closest-info (bricks)     0.00 % (0)
	- Triangulated by center (bricks)       0.05 % (4)
	- Facet w-faces mergings (bricks)       0.00 % (0)
	- To refine (bricks)                    0.00 % (0)

-----------------------------------------------------------------------
Memory Working Set Current = 49.28 Mb, Memory Working Set Peak = 49.29 Mb
Process Threads Number: 13
-----------------------------------------------------------------------
-----------------------------------------------------------------------
-----------------------------------------------------------------------
MSH --> BCF format (Iteration 0)...
BCF collector...(remove mode=0)
	Time (alloc counter per brick): 0.000 s
	Brick    count: 8205
	Av.f all count: 5189
	Av.s all count: 6221
	Av.f pid count: 3193
	Av.s pid count: 3201
	Faces fs count: 6368
	Faces ff count: 0
	Faces ss count: 0
	Faces bb count: 0
	Faces fe count: 0
	Faces se count: 1716
	Faces fw count: 8084
	Faces af count: 14075
	Faces as count: 17827
	Time (all count): 	0.002 s
	Time (bcf alloc): 	0.001 s
	Time (shifts alloc): 	0.001 s
	Time (shifts init): 	0.001 s
	Time (bcf fill): 	0.003 s
	Time (add av to faces): 0.000 s
	Time (add faces to av): 0.001 s
Time (bcf collect): 		0.008 s
	AV checker...
	Time (check av): 	0.003 s
	Subdomain checker...
		Subdomains construction time: 0.001 s.
		Subdomains sort time: 0.000 s.
			Subdomain 0 (geom_ind=0): 5189 av
			Subdomain 1 (geom_ind=1): 6221 av
		gi: 0, subdomains: 1, real bodies: 1
		gi: 1, subdomains: 1, real bodies: 0
		Defect subdomains: 0
	Time (check subdoms): 	0.001 s
Time (bcf iteration total): 	0.012 s
	Time (fw-nb): 		0.000 s
	Fixed mutual fw-nb:     3423 (bb: 0)
	Time (fw-nb mutual): 	0.001 s
	Time (fw-nb sort): 	0.000 s
	Fw-opt BEFORE total:    8084 (fs=6368, ff=0, ss=0)
	Fw-opt AFTER  total:    5687 (fs=3971, ff=0, ss=0, failed fw/br=0/0, big_curv=0, big_poly=0)
	Fw-opt RESULT:          2397 (res/(fs+ff+ss) = 37.64 %)
	Time (fw-opt): 		0.002 s
	Time (fw-re-order): 	0.001 s
	Time (fw-nb): 		0.003 s
	Fixed mutual fw-nb:     11476 (bb: 0)
	Time (fw-nb mutual): 	0.001 s
	Time (fw-nb sort): 	0.000 s
	Time (rfd fix): 	0.000 s
	Time (av convexity): 	0.001 s
	Time (av small volume): 0.000 s
	Time (diagonal fw-nb): 	0.006 s
	Fixed mutual fw-nb:     0 (bb: 0)
	Time (fw-nb mutual): 	0.000 s
	Time (fw-nb sort): 	0.000 s
	Fluid subdomains: 1
	Faces fw-nb diff sd:    0
	Time (fw-nb diff sd): 	0.001 s
Time (bcf calc): 		0.017 s
-----------------------------------------------------------------------
Time (bcf total): 		0.029 s
-----------------------------------------------------------------------
-----------------------------------------------------------------------
Mega-cv constructor for fluid...
	 12 av's is treated as thin
Relative size generator (threshold = 0.05)...
	Iteration 1 (small cluster count = 244)
	Iteration 2 (small cluster count = 101)
	Iteration 3 (small cluster count = 23)
	Iteration 4 (small cluster count = 8)
	Iteration 5 (small cluster count = 0)
	 238 mega-cv's generated
	 2 mega-cv's removed
Relative size generator is completed OK (0.001 s)
Apply fa-rules to mega-cv clusters fixes...
OK (0.000 s)
Convert clusters:
	 236 mega-cv's total
Mega-cv count: 236
Time (mega-cv fill): 	0.000 s
Time (mega-cv total): 	0.003 s
-----------------------------------------------------------------------
Mixing plane rotation regions: NO.
Sliding mesh rotation regions: NO.
Fluid/fluid faces: NO.
----------------------------------------------------------
BCF --> BCF.GEOMSUBDOM (bridge arrays):
MESH (0):
	Fluid Subdom Constructor: 1 subdom(s).
	Solid Subdom Constructor: 1 subdom(s).
	Net Asm Subdom Constructor: 0 subdom(s).
	GEOMSUBDOM (0): gi=0 fluid av=5189 cv=4945 fa=14075 fb=0 fw=3971 V=1.422116e-06
	Cache data...OK
	GEOMSUBDOM (1): gi=1 solid av=6221 cv=6221 fa=17827 fb=0 fw=5687 V=7.123584e-06
	Cache data...OK
	Setting nb of w-faces...OK (0.002 s).
	Correcting nb of w-faces...
	Time(correct_fw_nb)=0.001 s

MESH (0) checking:
	GEOMSUBDOM (0):fa_s=0.0052673270943636 fb_s=0.0000000000000000 fw_s=0.0012750103392302 fw_nb=31688
	              :d_const(309)=8.05291e-14 d_linear(2511)=6.121e-13
	GEOMSUBDOM (1):fa_s=0.0135193098644362 fb_s=0.0000000000000000 fw_s=0.0046438407475781 fw_nb=38700
	              :d_const(2963)=2.05372e-13 d_linear(1922)=1.1865e-11
MESH (0) checking: OK.
Time (MDS): 	0.012 s
----------------------------------------------------------

-----------------------------------------------------------------------
BCF CHECKSUM DATA (Mesh 0):

WARNING! 317 w-face(s) without RefFacesData.
BRICK |Level1| Sum:               10960
FACE_A Area Sum:   G.Fluid        0.0052673270943636
FACE_A Area Sum:   G.Solid        0.0135193098644362
FACE_W Area Sum:                  0.0046438407475781
FACE_W Nb   Sum:                  38700
FACE_W min curvatures sum:        -1869369.68536663
FACE_W max curvatures sum:        6403075.20718384
AV Max Disbalance(Const) :        2.05372e-13 (cid=7852, t={15, 8, 20}, avid=11065, pid=3149)
AV Max Disbalance(Linear):        1.1865e-11 (cid=4660, t={16, 10, 14}, avid=8633, pid=1846)
-----------------------------------------------------------------------


-----------------------------------------------------------------------
MESHER TOPOLOGY DATA:

BRICKS: Total                 8205
BRICKS: 1-CV                  5016
BRICKS: 2-CV                  3173
BRICKS: 3-CV                  16
BRICKS: Bad                   0

AV:     G.Total               11410
AV:     G.Fluid               5189
AV:     G.Solid               6221

AV:     G.Fluid Thin Profile    0.23 % (12)
AV:     G.Solid Thin Profile    0.06 % (4)

AV:     G.Fluid Thin For Mega   0.23 % (12)
AV:     G.Solid Thin For Mega   0.06 % (4)

AV:     G.Fluid Non-Convex     13.80 % (716)
AV:     G.Solid Non-Convex     15.37 % (956)

AV:     G.Fluid Non-Ess-Convex      4.22 % (219)
AV:     G.Solid Non-Ess-Convex      5.50 % (342)

FACE_A: G.Fluid          (af) 14075 (partially opened 6402)
FACE_A: G.Solid          (as) 17827 (partially opened 6418)

FACE_B: G.Total          (b)  0

FACE_W: G.Total                 5687        Brick/Bound
FACE_W: G.Fluid/Solid    (fs_g) 3971        0           
FACE_W: G.Fluid/Fluid    (ff_g) 0           0           
FACE_W: G.Solid/Solid    (ss_g) 0           0           
FACE_W: G.Fluid/External (fe_g) 0
FACE_W: G.Solid/External (se_g) 1716

AV/CV max fa count (on brick side):4
AV/CV max fw count:                4
AV/CV max fb count:                0
AV/CV max fw poly count:           14

MEMORY: Total                   4.031 MB
MEMORY: Per Brick               0.503 KB
-----------------------------------------------------------------------

-----------------------------------------------------------------------
Connectivities information:
	Number of conns: 0
-----------------------------------------------------------------------
	Time (gap size): 	0.010 s
-----------------------------------------------------------------------
Calculating curvature and tolerance criteria...
Curvature: min=0 max=3.05709
Tolerance: min=0 max=0.000591873
Calculating curvature and tolerance criteria takes 0.036 s
-----------------------------------------------------------------------
MESH Build(FS) finished. Time=0.419 s
-----------------------------------------------------------------------
Current CPU = 0 sec

Nx=6
Ny=36
Nz=6
Max BRICK Level=2
Mesh Level=2
-----------------CModelBodies2MeshMapper::CollectData started -------------------------------
-----------------CModelBodies2MeshMapper Report -------------------------------
FluidDomains 1 SolidDomains 1 VoidDomains 0 
Domains RefIndexes
Domain 0, Index count 21
Domain 1, Index count 21
----------------- -------------------------------
	ModelBodies
Total resolved Bodies 0 BodySets 0

--------------------------------------------------------------------------
	Positive geometry Bodies
Total resolved Bodies 1 BodySets 1
BodySet 0
	Bodies list:
			#0	Name: ;	ID: 0d88520b-1a57-4573-bc98-5accbf8f396f
	Domains list:		 0 

--------------------------------------------------------------------------
	Fluid regions
Total resolved Bodies 1 BodySets 1
BodySet 0	Material: Oxygen; 
	Bodies list:
			#0	Name: ;	ID: 0d88520b-1a57-4573-bc98-5accbf8f396f
	Domains list:		 0 

--------------------------------------------------------------------------
-----------------CModelBodies2MeshMapper::CollectData finished successfully-------------------
Saving initial mesh in: N:\Downloads\GitHub\liquid-propellant-engine\2kN Heat Sink Engine\Revised Stack OD 6in\1\Parametric Study 1\15\15.fld .
Storing results...
Estimated CPT size=1.958 MB.
	Time (write bcf): 0.276 s
OK
-----------------------------------------------------------------------
Memory Working Set Current = 54.86 Mb, Memory Working Set Peak = 54.87 Mb
Process Threads Number: 13
-----------------------------------------------------------------------
Cleaning memory...
		Time (free xsl):                    	0.001 s
Free Geometry DB takes 0.000 s
	Time (free bcf): 	0.003 s
		Time (free bcf mesh):               	0.008 s
	Time (free mesher data):              	0.010 s
Copying... OK
Mesh generation normally finished at	28.4.2021	2:52:40
Mesher CPU = 1 sec
Mesher is finished at	28.4.2021	2:52:40
-----------------------------------------------------------------------
Memory Working Set Current = 32.29 Mb, Memory Working Set Peak = 55.23 Mb
Process Threads Number: 13
-----------------------------------------------------------------------
Algebra Pool      : mem_usage = 0.31 Mb, allocated count = 0
Log ended at 28.04.2021	02:52:40
