Log started at 28.04.2021	05:13:07
Number of used processors (NPROC): 4.
Number of mesh partitions (NPART): 4.
Total Physical Memory = 15.87 Gb, Available Physical Memory = 10.40 Gb
Computer name:	MCAE33
Operating system:	Windows 10 (or higher) (Version 10.0.18363)

SOLIDWORKS 2020 SP4.0
Flow Simulation 2020  x64 / 4995 / MESHER ver. efd_dev.4663_05.07.2019 

Project: N:\Downloads\GitHub\liquid-propellant-engine\2kN Heat Sink Engine\Revised Stack OD 6in\1\Parametric Study 1\19\19.xmlconfig
Configuration name: Default
Project name: Project(1)
NGK: OFF
MBO: OFF

Mesh generation started:	28.4.2021	5:13:7
-----------------------------------------------------------------------
Mesher option run = eRunMesherNormal
-----------------------------------------------------------------------
Current CPU = 0 sec
-----------------------------------------------------------------------
Geometries initialization:
-----------------------------------------------------------------------
Loading mesh settings (global/local)...
-----------------------------------------------------------------------
Number of geometries from DB: 1
Geometry(0):
	Guid = {00000000-0000-0000-0000-000000000000}
	Fluid..
	1 Body.
	1 Real body.
	-- Bodyset 0 --
		Tolerance=1.24686e-05.
		34 Face(s).
			34 of b-spline type.
		0 Face(s) that have no ref faces
		8 Plane surface(s).
		9 Cylinder surface(s).
		1 Cone surface(s).
		16 B- surface(s).
		13688 Triangle(s).
		Getting triangle connectivities from DB: 0.001 s
		48 Edge(s).
			48 of b-spline type.
		BodyGeom reading: 0.018 s.
		20 Reference Face(s).
		5530 Reference Triangles.
		Getting triangle connectivities from DB (Ref): 0.001 s
		BodyGeom Ref reading: 0.001 s.
		Getting triangle connectivities from DB (Extra Triangulation): 0.001 s
Geometry(1):
	Solid.
	-- Bodyset 1 --
	Empty
-----------------------------------------------------------------------
Number of geometries in task: 2
Number of bodysets   in task: 2
-----------------------------------------------------------------------
	Making hash and connectivity for Bodyset ...
		CBodyGeom:
		Hash size: {24, 28, 24}.
		Mesh size: {8, 28, 8}.
		Hashing triangles...Ok.
			axis(0) tr sizes: average=55 max=1085
			axis(1) tr sizes: average=58 max=504
			axis(2) tr sizes: average=56 max=1017
		Number of t-connected sets:2
			(0) size=12
			(1) size=13676 cavity
		Done.
		CBodyGeomRef:
		Hashing triangles...Ok.
			axis(0) tr sizes: average=113 max=749
			axis(1) tr sizes: average=170 max=354
			axis(2) tr sizes: average=113 max=743
		Done.
	0.0137 s.
Geometries reading and preparing has taken 0.038 s.

Mapped triangles:
Hashing geometries triangles
	Triangles num=13688
	Triangles box={-0.00963396  ,0.00963396  ,-0.073265  ,-0.00672532  ,-0.00963872  ,0.00961987  }
		3d-hash size is 128780 bytes
Hashing peculiar surfaces triangles
	Triangles num=51
	Triangles box={-0.00954227  ,-0.00934776  ,-0.067753  ,-0.0639143  ,-0.00191653  ,0.00192171  }
		3d-hash size is 7492 bytes
	Triangles num=51
	Triangles box={0.00525101  ,0.00796585  ,-0.067753  ,-0.0639143  ,-0.00796872  ,-0.00525547  }
		3d-hash size is 7552 bytes
	Triangles num=51
	Triangles box={-0.00796872  ,-0.00525547  ,-0.067753  ,-0.0639143  ,-0.00796585  ,-0.00525101  }
		3d-hash size is 7552 bytes
	Triangles num=51
	Triangles box={-0.00796585  ,-0.00525101  ,-0.067753  ,-0.0639143  ,0.00525547  ,0.00796872  }
		3d-hash size is 7552 bytes
	Triangles num=51
	Triangles box={-0.00191653  ,0.00192171  ,-0.067753  ,-0.0639143  ,0.00934776  ,0.00954227  }
		3d-hash size is 7492 bytes
	Triangles num=51
	Triangles box={0.00934776  ,0.00954227  ,-0.067753  ,-0.0639143  ,-0.00192171  ,0.00191653  }
		3d-hash size is 7492 bytes
	Triangles num=51
	Triangles box={-0.00192171  ,0.00191653  ,-0.067753  ,-0.0639143  ,-0.00954227  ,-0.00934776  }
		3d-hash size is 7492 bytes
	Triangles num=32
	Triangles box={-0.0063082  ,0.0063082  ,-0.006858  ,-0.006858  ,-0.0063082  ,0.0063082  }
		3d-hash size is 7868 bytes
Mapped triangles processed in 0.014 s.
-----------------------------------------------------------------------
Getting sectors:
Number of sectors: 0
-----------------------------------------------------------------------
-----------------------------------------------------------------------

Current CPU = 0 sec

-----------------------------------------------------------------------
Mesh dimensions:
				I[0 ]=8
				I[1 ]=28
				I[2 ]=8

Comp. domain size:
				a[0  ]=-0.00961473
				a[1  ]=0.00961473
				a[2  ]=-0.0731986
				a[3  ]=-0.00679173
				a[4  ]=-0.0096195
				a[5  ]=0.00960065

Fluid calculated			1
Solid calculated			0
-----------------------------------------------------------------------
MESH Build started...
-----------------------------------------------------------------------
Mesh LEVEL = 2
-----------------------------------------------------------------------
Setting regions...OK (0.000 s)
Base mesh info------------------
	2D flag  =0
	Period   =[0, 0, 0]
	Nx=8
		x[0]=-0.00961473
		x[1]=-0.00721029
		x[2]=-0.00480661
		x[3]=-0.00240293
		x[4]=7.54902e-07
		x[5]=0.00240444
		x[6]=0.00480812
		x[7]=0.0072118
		x[8]=0.00961473
	Ny=28
		y[0]=-0.0731986
		y[1]=-0.0708263
		y[2]=-0.0684546
		y[3]=-0.066083
		y[4]=-0.0637113
		y[5]=-0.0613396
		y[6]=-0.0589679
		y[7]=-0.0565963
		y[8]=-0.0542246
		y[9]=-0.0518529
		y[10]=-0.0494812
		y[11]=-0.0471096
		y[12]=-0.0447379
		y[13]=-0.0423662
		y[14]=-0.0399945
		y[15]=-0.0376229
		y[16]=-0.0352512
		y[17]=-0.0328795
		y[18]=-0.0305078
		y[19]=-0.0281362
		y[20]=-0.0257645
		y[21]=-0.0233928
		y[22]=-0.0210211
		y[23]=-0.0186495
		y[24]=-0.0162778
		y[25]=-0.0139061
		y[26]=-0.0115344
		y[27]=-0.00916276
		y[28]=-0.00679173
	Nz=8
		z[0]=-0.0096195
		z[1]=-0.00721643
		z[2]=-0.00481391
		z[3]=-0.00241139
		z[4]=-8.87288e-06
		z[5]=0.00239365
		z[6]=0.00479616
		z[7]=0.00719868
		z[8]=0.00960065
End of base mesh info---------
Input_mesh_settings--------------------------------
Settings 0----------------
	Scope: GLOBAL
	Type:	------MESHER_SETTINGS----------
	RefAllCells           =0
	RefFluidCells         =0
	RefPartCells          =0
	RefSolidCells         =0
	l_SSFR(Capture crit)  =1
	l_curv(Curvature crit)=0
	l_tol(Tolerance crit) =1
	  k_tol               =0.000961826
	UseChannelRef         =1
	  NCR_method          =0
	  l_NCR               =2
	  N_gap               =5
	  Use d_NCR_min       =0
	  Use d_NCR_max       =0
	IgnoreThinChannelsHeight         =0
	--END_OF_MESHER_SETTINGS-------
End of input mesh settings-------------------------

-----------------------------------------------------------------------
Building geometries:
-----------------------------------------------------------------------
Building body-set (0) of geometry Fluid.0.(0). ...

-----------------------------------------------------------------------
Refining by triangulation...
Refinement input: 1792 bricks
Setting regions...OK (0.000 s)
Setting regions...OK (0.000 s)
Refinement result: 2555 bricks (0.030 s)
Refinement input: 2555 bricks
Refinement result: 2555 bricks (0.000 s)
Collecting and processing rays...OK (0.014 s)
Capturing...OK (0.000 s)
Refining by triangulation takes 0.044 s
-----------------------------------------------------------------------

-----------------------------------------------------------------------
Refining peculiar surfaces...
0 surfaces refined
Refining peculiar surfaces takes 0.001 s
-----------------------------------------------------------------------
Collecting and processing rays...OK (0.000 s)
Capturing...OK (0.000 s)
Collecting and processing rays...OK (0.000 s)
Capturing...OK (0.000 s)
Collecting and processing rays...OK (0.000 s)
Capturing...OK (0.000 s)

-----------------------------------------------------------------------
Base mesh 1 Refining...
Refinement input: 2555 bricks
Refinement result: 2555 bricks (0.000 s)
Collecting and processing rays...OK (0.000 s)
Capturing...OK (0.000 s)
-----------------------------------------------------------------------
Refining channels...
FYI: CNarrowChannelRefiner::RefineChannels_PRLL
Refinement input: 2555 bricks
Setting regions...OK (0.000 s)
Refinement result: 3143 bricks (0.001 s)
Collecting and processing rays...OK (0.003 s)
Capturing...OK (0.000 s)
FYI: m_iteration_count = 0
FYI: level1 statistics:
     level1_cnt_plus[1]=672;		level1_cnt_minus[1]=0
     level1_cnt_plus[2]=0;		level1_cnt_minus[2]=0
     level1_cnt_plus[3]=0;		level1_cnt_minus[3]=0
     level1_cnt_plus[4]=0;		level1_cnt_minus[4]=0
     level1_cnt_plus[5]=0;		level1_cnt_minus[5]=0
     level1_cnt_plus[6]=0;		level1_cnt_minus[6]=0
     level1_cnt_plus[7]=0;		level1_cnt_minus[7]=0
     level1_cnt_plus[8]=0;		level1_cnt_minus[8]=0
     level1_cnt_plus[9]=0;		level1_cnt_minus[9]=0
Refinement input: 3143 bricks
Setting regions...OK (0.000 s)
Refinement result: 3171 bricks (0.000 s)
Collecting and processing rays...OK (0.000 s)
Capturing...OK (0.000 s)
FYI: m_iteration_count = 1
FYI: level1 statistics:
     level1_cnt_plus[1]=704;		level1_cnt_minus[1]=0
     level1_cnt_plus[2]=0;		level1_cnt_minus[2]=0
     level1_cnt_plus[3]=0;		level1_cnt_minus[3]=0
     level1_cnt_plus[4]=0;		level1_cnt_minus[4]=0
     level1_cnt_plus[5]=0;		level1_cnt_minus[5]=0
     level1_cnt_plus[6]=0;		level1_cnt_minus[6]=0
     level1_cnt_plus[7]=0;		level1_cnt_minus[7]=0
     level1_cnt_plus[8]=0;		level1_cnt_minus[8]=0
     level1_cnt_plus[9]=0;		level1_cnt_minus[9]=0
FYI: m_iteration_count = 2
FYI: level1 statistics:
     level1_cnt_plus[1]=704;		level1_cnt_minus[1]=0
     level1_cnt_plus[2]=0;		level1_cnt_minus[2]=0
     level1_cnt_plus[3]=0;		level1_cnt_minus[3]=0
     level1_cnt_plus[4]=0;		level1_cnt_minus[4]=0
     level1_cnt_plus[5]=0;		level1_cnt_minus[5]=0
     level1_cnt_plus[6]=0;		level1_cnt_minus[6]=0
     level1_cnt_plus[7]=0;		level1_cnt_minus[7]=0
     level1_cnt_plus[8]=0;		level1_cnt_minus[8]=0
     level1_cnt_plus[9]=0;		level1_cnt_minus[9]=0
Refinement input: 3171 bricks
Setting regions...OK (0.000 s)
Refinement result: 6776 bricks (0.001 s)
Collecting and processing rays...OK (0.009 s)
Capturing...OK (0.001 s)
FYI: m_iteration_count = 3
FYI: level1 statistics:
     level1_cnt_plus[1]=4122;		level1_cnt_minus[1]=0
     level1_cnt_plus[2]=624;		level1_cnt_minus[2]=0
     level1_cnt_plus[3]=0;		level1_cnt_minus[3]=0
     level1_cnt_plus[4]=0;		level1_cnt_minus[4]=0
     level1_cnt_plus[5]=0;		level1_cnt_minus[5]=0
     level1_cnt_plus[6]=0;		level1_cnt_minus[6]=0
     level1_cnt_plus[7]=0;		level1_cnt_minus[7]=0
     level1_cnt_plus[8]=0;		level1_cnt_minus[8]=0
     level1_cnt_plus[9]=0;		level1_cnt_minus[9]=0
FYI: m_iteration_count = 4
FYI: level1 statistics:
     level1_cnt_plus[1]=4122;		level1_cnt_minus[1]=0
     level1_cnt_plus[2]=624;		level1_cnt_minus[2]=0
     level1_cnt_plus[3]=0;		level1_cnt_minus[3]=0
     level1_cnt_plus[4]=0;		level1_cnt_minus[4]=0
     level1_cnt_plus[5]=0;		level1_cnt_minus[5]=0
     level1_cnt_plus[6]=0;		level1_cnt_minus[6]=0
     level1_cnt_plus[7]=0;		level1_cnt_minus[7]=0
     level1_cnt_plus[8]=0;		level1_cnt_minus[8]=0
     level1_cnt_plus[9]=0;		level1_cnt_minus[9]=0
FYI: level1 statistics:
     level1_cnt_plus[1]=4122;		level1_cnt_minus[1]=0
     level1_cnt_plus[2]=624;		level1_cnt_minus[2]=0
     level1_cnt_plus[3]=0;		level1_cnt_minus[3]=0
     level1_cnt_plus[4]=0;		level1_cnt_minus[4]=0
     level1_cnt_plus[5]=0;		level1_cnt_minus[5]=0
     level1_cnt_plus[6]=0;		level1_cnt_minus[6]=0
     level1_cnt_plus[7]=0;		level1_cnt_minus[7]=0
     level1_cnt_plus[8]=0;		level1_cnt_minus[8]=0
     level1_cnt_plus[9]=0;		level1_cnt_minus[9]=0

-----------------------------------------------------------------------
U-shapes refinement...
Refinement input: 6776 bricks
Refinement result: 6776 bricks (0.001 s)
Collecting and processing rays...OK (0.000 s)
Capturing...OK (0.000 s)
-----------------------------------------------------------------------

-----------------------------------------------------------------------
Equi Distant Refiner:
Equi Distant Refiner takes 0.00 s
-----------------------------------------------------------------------
Building geometry takes 0.179 s
Geometry Fluid.0.
Total		6776
Partial	2634
Fluid		1504
Solid		2638
Bad		0

/-Ray Intersection---------------/ Time	0.044 s
Calls			2014
CorrectRay Calls	0



-----------------------------------------------------------------------
Building geometries takes 0.18 s
-----------------------------------------------------------------------

-----------------------------------------------------------------------
PostBuilding geometries:
-----------------------------------------------------------------------
PostBuilding body-set (0) geometry Fluid.0. (0)...
Collecting and processing rays...OK (0.000 s)
Capturing...OK (0.000 s)
PostBuilding geometry takes 0.000 s
Geometry Fluid.0.
Total		6776
Partial	2634
Fluid		1504
Solid		2638
Bad		0

-----------------------------------------------------------------------
PostBuilding geometries takes 0.001 s
-----------------------------------------------------------------------
Defect ray count	0
FYI: CNarrowChannelRefiner::RedistributeLevel1_step_1: is finished
FYI: level1 statistics:
     level1_cnt_plus[1]=1040;		level1_cnt_minus[1]=0
     level1_cnt_plus[2]=3706;		level1_cnt_minus[2]=0
     level1_cnt_plus[3]=0;		level1_cnt_minus[3]=0
     level1_cnt_plus[4]=0;		level1_cnt_minus[4]=0
     level1_cnt_plus[5]=0;		level1_cnt_minus[5]=0
     level1_cnt_plus[6]=0;		level1_cnt_minus[6]=0
     level1_cnt_plus[7]=0;		level1_cnt_minus[7]=0
     level1_cnt_plus[8]=0;		level1_cnt_minus[8]=0
     level1_cnt_plus[9]=0;		level1_cnt_minus[9]=0
FYI: CNarrowChannelRefiner::RedistributeLevel1_step_2: is started
FYI: CNarrowChannelRefiner::RedistributeLevel1_step_2: is finished
FYI: level1 statistics:
     level1_cnt_plus[1]=1188;		level1_cnt_minus[1]=0
     level1_cnt_plus[2]=3802;		level1_cnt_minus[2]=0
     level1_cnt_plus[3]=0;		level1_cnt_minus[3]=0
     level1_cnt_plus[4]=0;		level1_cnt_minus[4]=0
     level1_cnt_plus[5]=0;		level1_cnt_minus[5]=0
     level1_cnt_plus[6]=0;		level1_cnt_minus[6]=0
     level1_cnt_plus[7]=0;		level1_cnt_minus[7]=0
     level1_cnt_plus[8]=0;		level1_cnt_minus[8]=0
     level1_cnt_plus[9]=0;		level1_cnt_minus[9]=0
FYI: CNarrowChannelRefiner::RedistributeLevel1_step_3: is started
FYI: CNarrowChannelRefiner::RedistributeLevel1_step_3: is finished
RedistributeLevel1 takes:
FYI: level1 statistics:
     level1_cnt_plus[1]=1188;		level1_cnt_minus[1]=0
     level1_cnt_plus[2]=3802;		level1_cnt_minus[2]=0
     level1_cnt_plus[3]=0;		level1_cnt_minus[3]=0
     level1_cnt_plus[4]=0;		level1_cnt_minus[4]=0
     level1_cnt_plus[5]=0;		level1_cnt_minus[5]=0
     level1_cnt_plus[6]=0;		level1_cnt_minus[6]=0
     level1_cnt_plus[7]=0;		level1_cnt_minus[7]=0
     level1_cnt_plus[8]=0;		level1_cnt_minus[8]=0
     level1_cnt_plus[9]=0;		level1_cnt_minus[9]=0
-----------------------------------------------------------------------
MSH format builder (Iteration 0)
-----------------------------------------------------------------------
Memory Working Set Current = 37.51 Mb, Memory Working Set Peak = 44.31 Mb
Process Threads Number: 13
-----------------------------------------------------------------------
Loading geometries triangulation & x-stacks...OK
x-stacks size = 0.14 Mb
Total bricks count: 6776
-----------------------------------------------------------------------
MSH (Real Geometry) format constructor:
	Getting brick sets...OK (0.000 s)
	Min x-stack xeps = 1.14951e-05
	D / dh / eps [axis=0] = (0.0192295, 0.000600732, 6.00732e-07)
	D / dh / eps [axis=1] = (0.0664069, 0.000592919, 5.92919e-07)
	D / dh / eps [axis=2] = (0.0192201, 0.000600491, 6.00491e-07)
	Time (xeps): 0.000 s
Level 2
	Set (0)  size: 2000
	Set (0)  time: 0.024 s
	Set (1)  size: 2000
	Set (1)  time: 0.026 s
Level 1
	Set (0)  size: 598
	Set (0)  time: 0.005 s
	Set (1)  size: 598
	Set (1)  time: 0.004 s
Level 0
	Set (0)  size: 790
	Set (0)  time: 0.003 s
	Set (1)  size: 790
	Set (1)  time: 0.004 s
Result:
	Bricks number:                        6776

	Memory usage:                         1.479 MB
	Memory usage (per brick):             0.224 KB
	Construction time:                    0.067 s

	Topology features:
	------------------
	- High quality bricks                 100.00 % (6776)
	- Medium quality bricks                 0.00 % (0)
	- Bad quality bricks                    0.00 % (0)
	- Ribs corrected bricks                 0.00 % (0)
	- Points with geom-info (bricks)        0.00 % (0)
	- Points with closest-info (bricks)     0.00 % (0)
	- Triangulated by center (bricks)       0.15 % (10)
	- Facet w-faces mergings (bricks)       0.00 % (0)
	- To refine (bricks)                    0.00 % (0)

-----------------------------------------------------------------------
Memory Working Set Current = 47.88 Mb, Memory Working Set Peak = 47.89 Mb
Process Threads Number: 13
-----------------------------------------------------------------------
-----------------------------------------------------------------------
-----------------------------------------------------------------------
MSH --> BCF format (Iteration 0)...
BCF collector...(remove mode=0)
	Time (alloc counter per brick): 0.000 s
	Brick    count: 6776
	Av.f all count: 4153
	Av.s all count: 5287
	Av.f pid count: 2653
	Av.s pid count: 2659
	Faces fs count: 5788
	Faces ff count: 0
	Faces ss count: 0
	Faces bb count: 0
	Faces fe count: 0
	Faces se count: 1564
	Faces fw count: 7352
	Faces af count: 11387
	Faces as count: 15219
	Time (all count): 	0.001 s
	Time (bcf alloc): 	0.001 s
	Time (shifts alloc): 	0.000 s
	Time (shifts init): 	0.000 s
	Time (bcf fill): 	0.003 s
	Time (add av to faces): 0.000 s
	Time (add faces to av): 0.001 s
Time (bcf collect): 		0.007 s
	AV checker...
	Time (check av): 	0.002 s
	Subdomain checker...
		Subdomains construction time: 0.001 s.
		Subdomains sort time: 0.000 s.
			Subdomain 0 (geom_ind=0): 4153 av
			Subdomain 1 (geom_ind=1): 5287 av
		gi: 0, subdomains: 1, real bodies: 1
		gi: 1, subdomains: 1, real bodies: 0
		Defect subdomains: 0
	Time (check subdoms): 	0.001 s
Time (bcf iteration total): 	0.010 s
	Time (fw-nb): 		0.000 s
	Fixed mutual fw-nb:     3318 (bb: 0)
	Time (fw-nb mutual): 	0.000 s
	Time (fw-nb sort): 	0.000 s
	Fw-opt BEFORE total:    7352 (fs=5788, ff=0, ss=0)
	Fw-opt AFTER  total:    5071 (fs=3507, ff=0, ss=0, failed fw/br=1/0, big_curv=11, big_poly=0)
	Fw-opt RESULT:          2281 (res/(fs+ff+ss) = 39.41 %)
	Time (fw-opt): 		0.001 s
	Time (fw-re-order): 	0.001 s
	Time (fw-nb): 		0.003 s
	Fixed mutual fw-nb:     10337 (bb: 0)
	Time (fw-nb mutual): 	0.001 s
	Time (fw-nb sort): 	0.000 s
	Time (rfd fix): 	0.000 s
	Time (av convexity): 	0.001 s
	Time (av small volume): 0.000 s
	Time (diagonal fw-nb): 	0.006 s
	Fixed mutual fw-nb:     0 (bb: 0)
	Time (fw-nb mutual): 	0.000 s
	Time (fw-nb sort): 	0.000 s
	Fluid subdomains: 1
	Faces fw-nb diff sd:    0
	Time (fw-nb diff sd): 	0.000 s
Time (bcf calc): 		0.017 s
-----------------------------------------------------------------------
Time (bcf total): 		0.027 s
-----------------------------------------------------------------------
-----------------------------------------------------------------------
Mega-cv constructor for fluid...
	 11 av's is treated as thin
Relative size generator (threshold = 0.05)...
	Iteration 1 (small cluster count = 181)
	Iteration 2 (small cluster count = 100)
	Iteration 3 (small cluster count = 39)
	Iteration 4 (small cluster count = 11)
	Iteration 5 (small cluster count = 0)
	 146 mega-cv's generated
	 9 mega-cv's removed
Relative size generator is completed OK (0.001 s)
Apply fa-rules to mega-cv clusters fixes...
	Fa-rule violation fixes:       30 of       30 (total cluster# =      153)
OK (0.000 s)
Convert clusters:
	 137 mega-cv's total
Mega-cv count: 137
Time (mega-cv fill): 	0.000 s
Time (mega-cv total): 	0.003 s
-----------------------------------------------------------------------
Mixing plane rotation regions: NO.
Sliding mesh rotation regions: NO.
Fluid/fluid faces: NO.
----------------------------------------------------------
BCF --> BCF.GEOMSUBDOM (bridge arrays):
MESH (0):
	Fluid Subdom Constructor: 1 subdom(s).
	Solid Subdom Constructor: 1 subdom(s).
	Net Asm Subdom Constructor: 0 subdom(s).
	GEOMSUBDOM (0): gi=0 fluid av=4153 cv=3976 fa=11387 fb=0 fw=3507 V=8.128304e-06
	Cache data...OK
	GEOMSUBDOM (1): gi=1 solid av=5287 cv=5287 fa=15219 fb=0 fw=5071 V=1.641524e-05
	Cache data...OK
	Setting nb of w-faces...OK (0.002 s).
	Correcting nb of w-faces...
	Time(correct_fw_nb)=0.001 s

MESH (0) checking:
	GEOMSUBDOM (0):fa_s=0.0125233963540148 fb_s=0.0000000000000000 fw_s=0.0030470949550903 fw_nb=27998
	              :d_const(2509)=2.00692e-14 d_linear(14)=1.2803e-13
	GEOMSUBDOM (1):fa_s=0.0211163139602152 fb_s=0.0000000000000000 fw_s=0.0088929207909448 fw_nb=34470
	              :d_const(3129)=2.88015e-13 d_linear(1371)=1.5268e-11
MESH (0) checking: OK.
Time (MDS): 	0.010 s
----------------------------------------------------------

-----------------------------------------------------------------------
BCF CHECKSUM DATA (Mesh 0):

WARNING! 297 w-face(s) without RefFacesData.
BRICK |Level1| Sum:               8792
FACE_A Area Sum:   G.Fluid        0.0125233963540148
FACE_A Area Sum:   G.Solid        0.0211163139602152
FACE_W Area Sum:                  0.0088929207909448
FACE_W Nb   Sum:                  34470
FACE_W min curvatures sum:        -1067127.52226982
FACE_W max curvatures sum:        5996652.04381180
AV Max Disbalance(Const) :        2.88015e-13 (cid=3846, t={27, 14, 17}, avid=7099, pid=1517)
AV Max Disbalance(Linear):        1.5851e-11 (cid=4986, t={2, 10, 25}, avid=3191, pid=1967)
-----------------------------------------------------------------------


-----------------------------------------------------------------------
MESHER TOPOLOGY DATA:

BRICKS: Total                 6776
BRICKS: 1-CV                  4128
BRICKS: 2-CV                  2632
BRICKS: 3-CV                  16
BRICKS: Bad                   0

AV:     G.Total               9440
AV:     G.Fluid               4153
AV:     G.Solid               5287

AV:     G.Fluid Thin Profile    0.26 % (11)
AV:     G.Solid Thin Profile    0.09 % (5)

AV:     G.Fluid Thin For Mega   0.26 % (11)
AV:     G.Solid Thin For Mega   0.08 % (4)

AV:     G.Fluid Non-Convex     16.71 % (694)
AV:     G.Solid Non-Convex     17.65 % (933)

AV:     G.Fluid Non-Ess-Convex      6.24 % (259)
AV:     G.Solid Non-Ess-Convex      7.07 % (374)

FACE_A: G.Fluid          (af) 11387 (partially opened 5418)
FACE_A: G.Solid          (as) 15219 (partially opened 5430)

FACE_B: G.Total          (b)  0

FACE_W: G.Total                 5071        Brick/Bound
FACE_W: G.Fluid/Solid    (fs_g) 3507        0           
FACE_W: G.Fluid/Fluid    (ff_g) 0           0           
FACE_W: G.Solid/Solid    (ss_g) 0           0           
FACE_W: G.Fluid/External (fe_g) 0
FACE_W: G.Solid/External (se_g) 1564

AV/CV max fa count (on brick side):4
AV/CV max fw count:                4
AV/CV max fb count:                0
AV/CV max fw poly count:           14

MEMORY: Total                   3.402 MB
MEMORY: Per Brick               0.514 KB
-----------------------------------------------------------------------

-----------------------------------------------------------------------
Connectivities information:
	Number of conns: 0
-----------------------------------------------------------------------
	Time (gap size): 	0.010 s
-----------------------------------------------------------------------
Calculating curvature and tolerance criteria...
Curvature: min=0 max=3.12689
Tolerance: min=0 max=0.000815467
Calculating curvature and tolerance criteria takes 0.039 s
-----------------------------------------------------------------------
MESH Build(FS) finished. Time=0.417 s
-----------------------------------------------------------------------
Current CPU = 1 sec

Nx=8
Ny=28
Nz=8
Max BRICK Level=2
Mesh Level=2
-----------------CModelBodies2MeshMapper::CollectData started -------------------------------
-----------------CModelBodies2MeshMapper Report -------------------------------
FluidDomains 1 SolidDomains 1 VoidDomains 0 
Domains RefIndexes
Domain 0, Index count 20
Domain 1, Index count 20
----------------- -------------------------------
	ModelBodies
Total resolved Bodies 0 BodySets 0

--------------------------------------------------------------------------
	Positive geometry Bodies
Total resolved Bodies 1 BodySets 1
BodySet 0
	Bodies list:
			#0	Name: ;	ID: 84875bd0-d617-4734-8801-4b5467a3422c
	Domains list:		 0 

--------------------------------------------------------------------------
	Fluid regions
Total resolved Bodies 1 BodySets 1
BodySet 0	Material: Oxygen; 
	Bodies list:
			#0	Name: ;	ID: 84875bd0-d617-4734-8801-4b5467a3422c
	Domains list:		 0 

--------------------------------------------------------------------------
-----------------CModelBodies2MeshMapper::CollectData finished successfully-------------------
Saving initial mesh in: N:\Downloads\GitHub\liquid-propellant-engine\2kN Heat Sink Engine\Revised Stack OD 6in\1\Parametric Study 1\19\19.fld .
Storing results...
Estimated CPT size=1.664 MB.
	Time (write bcf): 0.277 s
OK
-----------------------------------------------------------------------
Memory Working Set Current = 51.81 Mb, Memory Working Set Peak = 51.81 Mb
Process Threads Number: 13
-----------------------------------------------------------------------
Cleaning memory...
		Time (free xsl):                    	0.000 s
Free Geometry DB takes 0.000 s
	Time (free bcf): 	0.002 s
		Time (free bcf mesh):               	0.006 s
	Time (free mesher data):              	0.008 s
Copying... OK
Mesh generation normally finished at	28.4.2021	5:13:8
Mesher CPU = 1 sec
Mesher is finished at	28.4.2021	5:13:8
-----------------------------------------------------------------------
Memory Working Set Current = 31.66 Mb, Memory Working Set Peak = 52.18 Mb
Process Threads Number: 13
-----------------------------------------------------------------------
Algebra Pool      : mem_usage = 0.19 Mb, allocated count = 0
Log ended at 28.04.2021	05:13:08
