Log started at 25.01.2021	17:19:53
Number of used processors (NPROC): 8.
Number of mesh partitions (NPART): 8.
Total Physical Memory = 15.93 Gb, Available Physical Memory = 10.22 Gb
Computer name:	MCAE24
Operating system:	Windows 10 (or higher) (Version 10.0.18363)

SOLIDWORKS 2020 SP4.0
Flow Simulation 2020  x64 / 4995 / MESHER ver. efd_dev.4663_05.07.2019 

Project: N:\Downloads\GitHub\liquid-propellant-engine\2kN Heat Sink Engine\1\1.xmlconfig
Configuration name: Default
Project name: Project(1)
NGK: OFF
MBO: OFF

Mesh generation started:	25.1.2021	17:19:53
-----------------------------------------------------------------------
Mesher option run = eRunMesherNormal
-----------------------------------------------------------------------
Current CPU = 0 sec
-----------------------------------------------------------------------
Geometries initialization:
-----------------------------------------------------------------------
Loading mesh settings (global/local)...
-----------------------------------------------------------------------
Number of geometries from DB: 1
Geometry(0):
	Guid = {00000000-0000-0000-0000-000000000000}
	Fluid..
	1 Body.
	2 Real bodies.
	-- Bodyset 0 --
		Tolerance=3.3166e-05.
		104 Face(s).
			104 of b-spline type.
		0 Face(s) that have no ref faces
		15 Plane surface(s).
		33 Cylinder surface(s).
		5 Cone surface(s).
		1 Sphere surface(s).
		4 Torus surface(s).
		46 B- surface(s).
		15210 Triangle(s).
		Getting triangle connectivities from DB: 0.003 s
		216 Edge(s).
			216 of b-spline type.
		BodyGeom reading: 0.022 s.
		61 Reference Face(s).
		10349 Reference Triangles.
		Getting triangle connectivities from DB (Ref): 0.001 s
		BodyGeom Ref reading: 0.002 s.
		Getting triangle connectivities from DB (Extra Triangulation): 0.004 s
Geometry(1):
	Solid.
	-- Bodyset 1 --
	Empty
-----------------------------------------------------------------------
Number of geometries in task: 2
Number of bodysets   in task: 2
-----------------------------------------------------------------------
	Making hash and connectivity for Bodyset ...
		CBodyGeom:
		Hash size: {18, 30, 18}.
		Mesh size: {18, 10, 18}.
		Hashing triangles...Ok.
			axis(0) tr sizes: average=54 max=4774
			axis(1) tr sizes: average=68 max=3796
			axis(2) tr sizes: average=54 max=4045
		Number of t-connected sets:3
			(0) size=12
			(1) size=8294 cavity
			(2) size=6904 cavity
		Done.
		CBodyGeomRef:
		Hashing triangles...Ok.
			axis(0) tr sizes: average=233 max=1794
			axis(1) tr sizes: average=184 max=2026
			axis(2) tr sizes: average=239 max=2549
		Done.
	0.0166 s.
Geometries reading and preparing has taken 0.054 s.

Mapped triangles:
Hashing geometries triangles
	Triangles num=15210
	Triangles box={0.00970409  ,0.15631  ,0.148132  ,0.221835  ,0.0726026  ,0.224487  }
		3d-hash size is 108328 bytes
Hashing peculiar surfaces triangles
	Triangles num=37
	Triangles box={0.0773704  ,0.0888028  ,0.213256  ,0.213256  ,0.141572  ,0.153  }
		3d-hash size is 13280 bytes
	Triangles num=37
	Triangles box={0.024018  ,0.0307351  ,0.185147  ,0.196579  ,0.102187  ,0.111432  }
		3d-hash size is 13368 bytes
	Triangles num=37
	Triangles box={0.0702151  ,0.0815803  ,0.185147  ,0.196579  ,0.215167  ,0.216361  }
		3d-hash size is 13364 bytes
	Triangles num=37
	Triangles box={0.14367  ,0.148319  ,0.185147  ,0.196579  ,0.114046  ,0.124486  }
		3d-hash size is 13432 bytes
Mapped triangles processed in 0.019 s.
-----------------------------------------------------------------------
Getting sectors:
Number of sectors: 0
-----------------------------------------------------------------------
-----------------------------------------------------------------------

Current CPU = 0 sec

-----------------------------------------------------------------------
Mesh dimensions:
				I[0 ]=18
				I[1 ]=10
				I[2 ]=18

Comp. domain size:
				a[0  ]=0.0098504
				a[1  ]=0.156163
				a[2  ]=0.148206
				a[3  ]=0.221761
				a[4  ]=0.0727542
				a[5  ]=0.224335

Fluid calculated			1
Solid calculated			0
-----------------------------------------------------------------------
MESH Build started...
-----------------------------------------------------------------------
Mesh LEVEL = 2
-----------------------------------------------------------------------
Setting regions...OK (0.000 s)
Base mesh info------------------
	2D flag  =0
	Period   =[0, 0, 0]
	Nx=18
		x[0]=0.0098504
		x[1]=0.0179814
		x[2]=0.0261099
		x[3]=0.0342384
		x[4]=0.0423669
		x[5]=0.0504954
		x[6]=0.0586239
		x[7]=0.0667524
		x[8]=0.0748809
		x[9]=0.0830094
		x[10]=0.0911379
		x[11]=0.0992664
		x[12]=0.107395
		x[13]=0.115523
		x[14]=0.123652
		x[15]=0.13178
		x[16]=0.139909
		x[17]=0.148037
		x[18]=0.156163
	Ny=10
		y[0]=0.148206
		y[1]=0.155563
		y[2]=0.162919
		y[3]=0.170274
		y[4]=0.17763
		y[5]=0.184986
		y[6]=0.192341
		y[7]=0.199697
		y[8]=0.207052
		y[9]=0.214408
		y[10]=0.221761
	Nz=18
		z[0]=0.0727542
		z[1]=0.0811773
		z[2]=0.0895985
		z[3]=0.0980197
		z[4]=0.106441
		z[5]=0.114862
		z[6]=0.123283
		z[7]=0.131704
		z[8]=0.140126
		z[9]=0.148547
		z[10]=0.156968
		z[11]=0.165389
		z[12]=0.17381
		z[13]=0.182231
		z[14]=0.190653
		z[15]=0.199074
		z[16]=0.207495
		z[17]=0.215916
		z[18]=0.224335
End of base mesh info---------
Input_mesh_settings--------------------------------
Settings 0----------------
	Scope: GLOBAL
	Type:	------MESHER_SETTINGS----------
	RefAllCells           =0
	RefFluidCells         =0
	RefPartCells          =0
	RefSolidCells         =0
	l_SSFR(Capture crit)  =1
	l_curv(Curvature crit)=0
	l_tol(Tolerance crit) =1
	  k_tol               =0.000377956
	UseChannelRef         =1
	  NCR_method          =0
	  l_NCR               =2
	  N_gap               =5
	  Use d_NCR_min       =0
	  Use d_NCR_max       =0
	IgnoreThinChannelsHeight         =0
	--END_OF_MESHER_SETTINGS-------
End of input mesh settings-------------------------

-----------------------------------------------------------------------
Building geometries:
-----------------------------------------------------------------------
Building body-set (0) of geometry Fluid.0.(0). ...

-----------------------------------------------------------------------
Refining by triangulation...
Refinement input: 3240 bricks
Setting regions...OK (0.000 s)
Setting regions...OK (0.000 s)
Refinement result: 5270 bricks (0.079 s)
Refinement input: 5270 bricks
Refinement result: 5270 bricks (0.000 s)
Collecting and processing rays...OK (0.045 s)
Capturing...OK (0.001 s)
Refining by triangulation takes 0.125 s
-----------------------------------------------------------------------

-----------------------------------------------------------------------
Refining peculiar surfaces...
0 surfaces refined
Refining peculiar surfaces takes 0.001 s
-----------------------------------------------------------------------
Collecting and processing rays...OK (0.000 s)
Capturing...OK (0.000 s)
Collecting and processing rays...OK (0.000 s)
Capturing...OK (0.000 s)
Collecting and processing rays...OK (0.000 s)
Capturing...OK (0.000 s)

-----------------------------------------------------------------------
Base mesh 1 Refining...
Refinement input: 5270 bricks
Refinement result: 5270 bricks (0.000 s)
Collecting and processing rays...OK (0.000 s)
Capturing...OK (0.000 s)
-----------------------------------------------------------------------
Refining channels...
FYI: CNarrowChannelRefiner::RefineChannels_PRLL
Refinement input: 5270 bricks
Setting regions...OK (0.000 s)
Refinement result: 5690 bricks (0.001 s)
Collecting and processing rays...OK (0.004 s)
Capturing...OK (0.000 s)
FYI: m_iteration_count = 0
FYI: level1 statistics:
     level1_cnt_plus[1]=480;		level1_cnt_minus[1]=0
     level1_cnt_plus[2]=0;		level1_cnt_minus[2]=0
     level1_cnt_plus[3]=0;		level1_cnt_minus[3]=0
     level1_cnt_plus[4]=0;		level1_cnt_minus[4]=0
     level1_cnt_plus[5]=0;		level1_cnt_minus[5]=0
     level1_cnt_plus[6]=0;		level1_cnt_minus[6]=0
     level1_cnt_plus[7]=0;		level1_cnt_minus[7]=0
     level1_cnt_plus[8]=0;		level1_cnt_minus[8]=0
     level1_cnt_plus[9]=0;		level1_cnt_minus[9]=0
Refinement input: 5690 bricks
Setting regions...OK (0.000 s)
Refinement result: 5718 bricks (0.001 s)
Collecting and processing rays...OK (0.001 s)
Capturing...OK (0.000 s)
FYI: m_iteration_count = 1
FYI: level1 statistics:
     level1_cnt_plus[1]=512;		level1_cnt_minus[1]=0
     level1_cnt_plus[2]=0;		level1_cnt_minus[2]=0
     level1_cnt_plus[3]=0;		level1_cnt_minus[3]=0
     level1_cnt_plus[4]=0;		level1_cnt_minus[4]=0
     level1_cnt_plus[5]=0;		level1_cnt_minus[5]=0
     level1_cnt_plus[6]=0;		level1_cnt_minus[6]=0
     level1_cnt_plus[7]=0;		level1_cnt_minus[7]=0
     level1_cnt_plus[8]=0;		level1_cnt_minus[8]=0
     level1_cnt_plus[9]=0;		level1_cnt_minus[9]=0
FYI: m_iteration_count = 2
FYI: level1 statistics:
     level1_cnt_plus[1]=512;		level1_cnt_minus[1]=0
     level1_cnt_plus[2]=0;		level1_cnt_minus[2]=0
     level1_cnt_plus[3]=0;		level1_cnt_minus[3]=0
     level1_cnt_plus[4]=0;		level1_cnt_minus[4]=0
     level1_cnt_plus[5]=0;		level1_cnt_minus[5]=0
     level1_cnt_plus[6]=0;		level1_cnt_minus[6]=0
     level1_cnt_plus[7]=0;		level1_cnt_minus[7]=0
     level1_cnt_plus[8]=0;		level1_cnt_minus[8]=0
     level1_cnt_plus[9]=0;		level1_cnt_minus[9]=0
Refinement input: 5718 bricks
Setting regions...OK (0.000 s)
Refinement result: 13131 bricks (0.003 s)
Collecting and processing rays...OK (0.011 s)
Capturing...OK (0.001 s)
FYI: m_iteration_count = 3
FYI: level1 statistics:
     level1_cnt_plus[1]=8516;		level1_cnt_minus[1]=0
     level1_cnt_plus[2]=416;		level1_cnt_minus[2]=0
     level1_cnt_plus[3]=0;		level1_cnt_minus[3]=0
     level1_cnt_plus[4]=0;		level1_cnt_minus[4]=0
     level1_cnt_plus[5]=0;		level1_cnt_minus[5]=0
     level1_cnt_plus[6]=0;		level1_cnt_minus[6]=0
     level1_cnt_plus[7]=0;		level1_cnt_minus[7]=0
     level1_cnt_plus[8]=0;		level1_cnt_minus[8]=0
     level1_cnt_plus[9]=0;		level1_cnt_minus[9]=0
FYI: m_iteration_count = 4
FYI: level1 statistics:
     level1_cnt_plus[1]=8516;		level1_cnt_minus[1]=0
     level1_cnt_plus[2]=416;		level1_cnt_minus[2]=0
     level1_cnt_plus[3]=0;		level1_cnt_minus[3]=0
     level1_cnt_plus[4]=0;		level1_cnt_minus[4]=0
     level1_cnt_plus[5]=0;		level1_cnt_minus[5]=0
     level1_cnt_plus[6]=0;		level1_cnt_minus[6]=0
     level1_cnt_plus[7]=0;		level1_cnt_minus[7]=0
     level1_cnt_plus[8]=0;		level1_cnt_minus[8]=0
     level1_cnt_plus[9]=0;		level1_cnt_minus[9]=0
FYI: level1 statistics:
     level1_cnt_plus[1]=8516;		level1_cnt_minus[1]=0
     level1_cnt_plus[2]=416;		level1_cnt_minus[2]=0
     level1_cnt_plus[3]=0;		level1_cnt_minus[3]=0
     level1_cnt_plus[4]=0;		level1_cnt_minus[4]=0
     level1_cnt_plus[5]=0;		level1_cnt_minus[5]=0
     level1_cnt_plus[6]=0;		level1_cnt_minus[6]=0
     level1_cnt_plus[7]=0;		level1_cnt_minus[7]=0
     level1_cnt_plus[8]=0;		level1_cnt_minus[8]=0
     level1_cnt_plus[9]=0;		level1_cnt_minus[9]=0

-----------------------------------------------------------------------
U-shapes refinement...
Refinement input: 13131 bricks
Refinement result: 13131 bricks (0.001 s)
Collecting and processing rays...OK (0.000 s)
Capturing...OK (0.000 s)
-----------------------------------------------------------------------

-----------------------------------------------------------------------
Equi Distant Refiner:
Equi Distant Refiner takes 0.00 s
-----------------------------------------------------------------------
Building geometry takes 0.35 s
Geometry Fluid.0.
Total		13131
Partial	3946
Fluid		2312
Solid		6859
Bad		14

/-Ray Intersection---------------/ Time	0.142 s
Calls			3538
CorrectRay Calls	0



-----------------------------------------------------------------------
Building geometries takes 0.352 s
-----------------------------------------------------------------------

-----------------------------------------------------------------------
PostBuilding geometries:
-----------------------------------------------------------------------
PostBuilding body-set (0) geometry Fluid.0. (0)...
Collecting and processing rays...OK (0.000 s)
Capturing...OK (0.000 s)
PostBuilding geometry takes 0.000 s
Geometry Fluid.0.
Total		13131
Partial	3946
Fluid		2312
Solid		6859
Bad		14

-----------------------------------------------------------------------
PostBuilding geometries takes 0.001 s
-----------------------------------------------------------------------
Defect ray count	0
FYI: CNarrowChannelRefiner::RedistributeLevel1_step_1: is finished
FYI: level1 statistics:
     level1_cnt_plus[1]=2041;		level1_cnt_minus[1]=0
     level1_cnt_plus[2]=6891;		level1_cnt_minus[2]=0
     level1_cnt_plus[3]=0;		level1_cnt_minus[3]=0
     level1_cnt_plus[4]=0;		level1_cnt_minus[4]=0
     level1_cnt_plus[5]=0;		level1_cnt_minus[5]=0
     level1_cnt_plus[6]=0;		level1_cnt_minus[6]=0
     level1_cnt_plus[7]=0;		level1_cnt_minus[7]=0
     level1_cnt_plus[8]=0;		level1_cnt_minus[8]=0
     level1_cnt_plus[9]=0;		level1_cnt_minus[9]=0
FYI: CNarrowChannelRefiner::RedistributeLevel1_step_2: is started
FYI: CNarrowChannelRefiner::RedistributeLevel1_step_2: is finished
FYI: level1 statistics:
     level1_cnt_plus[1]=2221;		level1_cnt_minus[1]=0
     level1_cnt_plus[2]=7071;		level1_cnt_minus[2]=0
     level1_cnt_plus[3]=0;		level1_cnt_minus[3]=0
     level1_cnt_plus[4]=0;		level1_cnt_minus[4]=0
     level1_cnt_plus[5]=0;		level1_cnt_minus[5]=0
     level1_cnt_plus[6]=0;		level1_cnt_minus[6]=0
     level1_cnt_plus[7]=0;		level1_cnt_minus[7]=0
     level1_cnt_plus[8]=0;		level1_cnt_minus[8]=0
     level1_cnt_plus[9]=0;		level1_cnt_minus[9]=0
FYI: CNarrowChannelRefiner::RedistributeLevel1_step_3: is started
FYI: CNarrowChannelRefiner::RedistributeLevel1_step_3: is finished
RedistributeLevel1 takes:
FYI: level1 statistics:
     level1_cnt_plus[1]=2221;		level1_cnt_minus[1]=60
     level1_cnt_plus[2]=7071;		level1_cnt_minus[2]=90
     level1_cnt_plus[3]=0;		level1_cnt_minus[3]=0
     level1_cnt_plus[4]=0;		level1_cnt_minus[4]=0
     level1_cnt_plus[5]=0;		level1_cnt_minus[5]=0
     level1_cnt_plus[6]=0;		level1_cnt_minus[6]=0
     level1_cnt_plus[7]=0;		level1_cnt_minus[7]=0
     level1_cnt_plus[8]=0;		level1_cnt_minus[8]=0
     level1_cnt_plus[9]=0;		level1_cnt_minus[9]=0
-----------------------------------------------------------------------
MSH format builder (Iteration 0)
-----------------------------------------------------------------------
Memory Working Set Current = 45.59 Mb, Memory Working Set Peak = 50.96 Mb
Process Threads Number: 21
-----------------------------------------------------------------------
Loading geometries triangulation & x-stacks...OK
x-stacks size = 0.24 Mb
Total bricks count: 13131
-----------------------------------------------------------------------
MSH (Real Geometry) format constructor:
	Getting brick sets...OK (0.000 s)
	Min x-stack xeps = 5.46425e-05
	D / dh / eps [axis=0] = (0.146313, 0.00203149, 2.03149e-06)
	D / dh / eps [axis=1] = (0.0735552, 0.00183888, 1.83888e-06)
	D / dh / eps [axis=2] = (0.151581, 0.00210481, 2.10481e-06)
	Time (xeps): 0.000 s
Level 2
	Set (0)  size: 4184
	Set (0)  time: 0.043 s
	Set (1)  size: 4184
	Set (1)  time: 0.036 s
Level 1
	Set (0)  size: 950
	Set (0)  time: 0.000 s
	Set (1)  size: 940
	Set (1)  time: 0.000 s
Level 0
	Set (0)  size: 1440
	Set (0)  time: 0.001 s
	Set (1)  size: 1433
	Set (1)  time: 0.000 s
Result:
	Bricks number:                        13131

	Memory usage:                         2.207 MB
	Memory usage (per brick):             0.172 KB
	Construction time:                    0.084 s

	Topology features:
	------------------
	- High quality bricks                  99.99 % (13130)
	- Medium quality bricks                 0.01 % (1)
	- Bad quality bricks                    0.00 % (0)
	- Ribs corrected bricks                 0.00 % (0)
	- Points with geom-info (bricks)        0.03 % (4)
	- Points with closest-info (bricks)     0.02 % (3)
	- Triangulated by center (bricks)       0.07 % (9)
	- Facet w-faces mergings (bricks)       0.00 % (0)
	- To refine (bricks)                    0.00 % (0)

-----------------------------------------------------------------------
Memory Working Set Current = 69.48 Mb, Memory Working Set Peak = 69.48 Mb
Process Threads Number: 21
-----------------------------------------------------------------------
-----------------------------------------------------------------------
-----------------------------------------------------------------------
MSH --> BCF format (Iteration 0)...
BCF collector...(remove mode=0)
	Time (alloc counter per brick): 0.000 s
	Brick    count: 13131
	Av.f all count: 6365
	Av.s all count: 10900
	Av.f pid count: 4057
	Av.s pid count: 4106
	Faces fs count: 8356
	Faces ff count: 0
	Faces ss count: 0
	Faces bb count: 0
	Faces fe count: 0
	Faces se count: 1488
	Faces fw count: 9844
	Faces af count: 16600
	Faces as count: 32941
	Time (all count): 	0.003 s
	Time (bcf alloc): 	0.001 s
	Time (shifts alloc): 	0.001 s
	Time (shifts init): 	0.001 s
	Time (bcf fill): 	0.004 s
	Time (add av to faces): 0.000 s
	Time (add faces to av): 0.002 s
Time (bcf collect): 		0.013 s
	AV checker...
	Time (check av): 	0.004 s
	Subdomain checker...
		Subdomains construction time: 0.001 s.
		Subdomains sort time: 0.000 s.
			Subdomain 0 (geom_ind=0): 5762 av
			Subdomain 1 (geom_ind=0): 603 av
			Subdomain 2 (geom_ind=1): 10900 av
		gi: 0, subdomains: 2, real bodies: 2
		gi: 1, subdomains: 1, real bodies: 0
		Defect subdomains: 0
	Time (check subdoms): 	0.002 s
Time (bcf iteration total): 	0.019 s
	Time (fw-nb): 		0.001 s
	Fixed mutual fw-nb:     4478 (bb: 0)
	Time (fw-nb mutual): 	0.001 s
	Time (fw-nb sort): 	0.000 s
	Fw-opt BEFORE total:    9844 (fs=8356, ff=0, ss=0)
	Fw-opt AFTER  total:    6579 (fs=5091, ff=0, ss=0, failed fw/br=11/4, big_curv=34, big_poly=0)
	Fw-opt RESULT:          3265 (res/(fs+ff+ss) = 39.07 %)
	Time (fw-opt): 		0.003 s
	Time (fw-re-order): 	0.001 s
	Time (fw-nb): 		0.003 s
	Fixed mutual fw-nb:     13096 (bb: 0)
	Time (fw-nb mutual): 	0.001 s
	Time (fw-nb sort): 	0.000 s
	Time (rfd fix): 	0.000 s
	Time (av convexity): 	0.001 s
	Time (av small volume): 0.000 s
	Time (diagonal fw-nb): 	0.007 s
	Fixed mutual fw-nb:     0 (bb: 0)
	Time (fw-nb mutual): 	0.001 s
	Time (fw-nb sort): 	0.000 s
	Fluid subdomains: 2
	Faces fw-nb diff sd:    0
	Time (fw-nb diff sd): 	0.001 s
Time (bcf calc): 		0.022 s
-----------------------------------------------------------------------
Time (bcf total): 		0.041 s
-----------------------------------------------------------------------
-----------------------------------------------------------------------
Mega-cv constructor for fluid...
	 72 av's is treated as thin
Relative size generator (threshold = 0.05)...
	Iteration 1 (small cluster count = 406)
	Iteration 2 (small cluster count = 159)
	Iteration 3 (small cluster count = 17)
	Iteration 4 (small cluster count = 3)
	Iteration 5 (small cluster count = 1)
	Iteration 6 (small cluster count = 0)
	 384 mega-cv's generated
	 15 mega-cv's removed
Relative size generator is completed OK (0.001 s)
Apply fa-rules to mega-cv clusters fixes...
OK (0.000 s)
Convert clusters:
	 369 mega-cv's total
Mega-cv count: 369
Time (mega-cv fill): 	0.001 s
Time (mega-cv total): 	0.005 s
-----------------------------------------------------------------------
Mixing plane rotation regions: NO.
Sliding mesh rotation regions: NO.
Fluid/fluid faces: NO.
----------------------------------------------------------
BCF --> BCF.GEOMSUBDOM (bridge arrays):
MESH (0):
	Fluid Subdom Constructor: 2 subdom(s).
	Solid Subdom Constructor: 1 subdom(s).
	Net Asm Subdom Constructor: 0 subdom(s).
	GEOMSUBDOM (0): gi=0 fluid av=5762 cv=5423 fa=15177 fb=0 fw=4235 V=2.943621e-05
	Cache data...OK
	GEOMSUBDOM (1): gi=0 fluid av=603 cv=537 fa=1423 fb=0 fw=856 V=1.956630e-06
	Cache data...OK
	GEOMSUBDOM (2): gi=1 solid av=10900 cv=10900 fa=32941 fb=0 fw=6579 V=1.599937e-03
	Cache data...OK
	Setting nb of w-faces...OK (0.002 s).
	Correcting nb of w-faces...
	Time(correct_fw_nb)=0.001 s

MESH (0) checking:
	GEOMSUBDOM (0):fa_s=0.0449219418590761 fb_s=0.0000000000000000 fw_s=0.0103263863598438 fw_nb=33876
	              :d_const(5189)=6.36036e-11 d_linear(5197)=2.428e-10
	GEOMSUBDOM (1):fa_s=0.0031095371418303 fb_s=0.0000000000000000 fw_s=0.0014478151687949 fw_nb=7826
	              :d_const(492)=3.63113e-14 d_linear(492)=2.24437e-13
	GEOMSUBDOM (2):fa_s=0.6436015068709111 fb_s=0.0000000000000000 fw_s=0.0999541520267363 fw_nb=47716
	              :d_const(9715)=3.78301e-11 d_linear(9715)=8.20574e-11
MESH (0) checking: OK.
Time (MDS): 	0.020 s
----------------------------------------------------------

-----------------------------------------------------------------------
BCF CHECKSUM DATA (Mesh 0):

WARNING! 39 w-face(s) without RefFacesData.
BRICK |Level1| Sum:               16603
FACE_A Area Sum:   G.Fluid        0.0480314790009064
FACE_A Area Sum:   G.Solid        0.6436015068709110
FACE_W Area Sum:                  0.0999541520267363
FACE_W Nb   Sum:                  47716
FACE_W min curvatures sum:        -1196336.82759476
FACE_W max curvatures sum:        873883.91890144
AV Max Disbalance(Const) :        3.683e-10 (cid=1462, t={66, 24, 19}, avid=295, pid=217)
AV Max Disbalance(Linear):        8.095e-10 (cid=1462, t={66, 24, 19}, avid=295, pid=217)
-----------------------------------------------------------------------


-----------------------------------------------------------------------
MESHER TOPOLOGY DATA:

BRICKS: Total                 13131
BRICKS: 1-CV                  9102
BRICKS: 2-CV                  3927
BRICKS: 3-CV                  99
BRICKS: 4-CV                  3
BRICKS: Bad                   0

AV:     G.Total               17265
AV:     G.Fluid               6365
AV:     G.Solid               10900

AV:     G.Fluid Thin Profile    1.19 % (76)
AV:     G.Solid Thin Profile    0.25 % (27)

AV:     G.Fluid Thin For Mega   1.13 % (72)
AV:     G.Solid Thin For Mega   0.12 % (13)

AV:     G.Fluid Non-Convex     17.53 % (1116)
AV:     G.Solid Non-Convex     13.15 % (1433)

AV:     G.Fluid Non-Ess-Convex      4.51 % (287)
AV:     G.Solid Non-Ess-Convex      4.11 % (448)

FACE_A: G.Fluid          (af) 16600 (partially opened 8110)
FACE_A: G.Solid          (as) 32941 (partially opened 8225)

FACE_B: G.Total          (b)  0

FACE_W: G.Total                 6579        Brick/Bound
FACE_W: G.Fluid/Solid    (fs_g) 5091        0           
FACE_W: G.Fluid/Fluid    (ff_g) 0           0           
FACE_W: G.Solid/Solid    (ss_g) 0           0           
FACE_W: G.Fluid/External (fe_g) 0
FACE_W: G.Solid/External (se_g) 1488

AV/CV max fa count (on brick side):4
AV/CV max fw count:                4
AV/CV max fb count:                0
AV/CV max fw poly count:           55

MEMORY: Total                   5.846 MB
MEMORY: Per Brick               0.456 KB
-----------------------------------------------------------------------

-----------------------------------------------------------------------
Connectivities information:
	Number of conns: 0
-----------------------------------------------------------------------
	Time (gap size): 	0.010 s
-----------------------------------------------------------------------
Calculating curvature and tolerance criteria...
Curvature: min=0 max=3.14146
Tolerance: min=0 max=0.00203277
Calculating curvature and tolerance criteria takes 0.129 s
-----------------------------------------------------------------------
MESH Build(FS) finished. Time=0.798 s
-----------------------------------------------------------------------
Current CPU = 1 sec

Nx=18
Ny=10
Nz=18
Max BRICK Level=2
Mesh Level=2
-----------------CModelBodies2MeshMapper::CollectData started -------------------------------
-----------------CModelBodies2MeshMapper Report -------------------------------
FluidDomains 2 SolidDomains 1 VoidDomains 0 
Domains RefIndexes
Domain 0, Index count 19
Domain 1, Index count 35
Domain 2, Index count 54
----------------- -------------------------------
	ModelBodies
Total resolved Bodies 0 BodySets 0

--------------------------------------------------------------------------
	Positive geometry Bodies
Total resolved Bodies 2 BodySets 2
BodySet 0
	Bodies list:
			#0	Name: ;	ID: 55b66aec-44ab-4b35-96bf-248faf23a856
	Domains list:		 1 
BodySet 1
	Bodies list:
			#0	Name: ;	ID: 32bc1c12-6f50-47ff-90e6-830f8330e57e
	Domains list:		 0 

--------------------------------------------------------------------------
	Fluid regions
Total resolved Bodies 2 BodySets 1
BodySet 0	Material: Water; 
	Bodies list:
			#0	Name: ;	ID: 55b66aec-44ab-4b35-96bf-248faf23a856
			#1	Name: ;	ID: 32bc1c12-6f50-47ff-90e6-830f8330e57e
	Domains list:		 0 		 1 

--------------------------------------------------------------------------
-----------------CModelBodies2MeshMapper::CollectData finished successfully-------------------
Saving initial mesh in: N:\Downloads\GitHub\liquid-propellant-engine\2kN Heat Sink Engine\1\1.fld .
Storing results...
Estimated CPT size=2.755 MB.
	Time (write bcf): 0.482 s
OK
-----------------------------------------------------------------------
Memory Working Set Current = 72.45 Mb, Memory Working Set Peak = 72.46 Mb
Process Threads Number: 21
-----------------------------------------------------------------------
Cleaning memory...
		Time (free xsl):                    	0.001 s
Free Geometry DB takes 0.000 s
	Time (free bcf): 	0.005 s
		Time (free bcf mesh):               	0.012 s
	Time (free mesher data):              	0.016 s
Copying... OK
Mesh generation normally finished at	25.1.2021	17:19:54
Mesher CPU = 1 sec
Mesher is finished at	25.1.2021	17:19:54
-----------------------------------------------------------------------
Memory Working Set Current = 39.44 Mb, Memory Working Set Peak = 72.86 Mb
Process Threads Number: 21
-----------------------------------------------------------------------
Algebra Pool      : mem_usage = 0.38 Mb, allocated count = 0
Log ended at 25.01.2021	17:19:54
