Log started at 06.04.2021	17:37:00
Number of used processors (NPROC): 8.
Number of mesh partitions (NPART): 8.
Total Physical Memory = 15.93 Gb, Available Physical Memory = 11.18 Gb
Computer name:	MCAE13
Operating system:	Windows 10 (or higher) (Version 10.0.18363)

SOLIDWORKS 2020 SP4.0
Flow Simulation 2020  x64 / 4995 / MESHER ver. efd_dev.4663_05.07.2019 

Project: N:\Downloads\GitHub\liquid-propellant-engine\2kN Heat Sink Engine\Simulation Only\1\Parametric Study 1\2\2.xmlconfig
Configuration name: Default
Project name: Single Fluid (Water Substitute)
NGK: OFF
MBO: OFF

Mesh generation started:	6.4.2021	17:37:0
-----------------------------------------------------------------------
Mesher option run = eRunMesherNormal
-----------------------------------------------------------------------
Current CPU = 0 sec
-----------------------------------------------------------------------
Geometries initialization:
-----------------------------------------------------------------------
Loading mesh settings (global/local)...
-----------------------------------------------------------------------
Number of geometries from DB: 1
Geometry(0):
	Guid = {00000000-0000-0000-0000-000000000000}
	Fluid..
	1 Body.
	2 Real bodies.
	-- Bodyset 0 --
		Tolerance=3.3166e-05.
		103 Face(s).
			103 of b-spline type.
		0 Face(s) that have no ref faces
		13 Plane surface(s).
		33 Cylinder surface(s).
		5 Cone surface(s).
		4 Torus surface(s).
		48 B- surface(s).
		15124 Triangle(s).
		Getting triangle connectivities from DB: 0.002 s
		214 Edge(s).
			214 of b-spline type.
		BodyGeom reading: 0.024 s.
		61 Reference Face(s).
		10332 Reference Triangles.
		Getting triangle connectivities from DB (Ref): 0.001 s
		BodyGeom Ref reading: 0.002 s.
		Getting triangle connectivities from DB (Extra Triangulation): 0.002 s
Geometry(1):
	Solid.
	-- Bodyset 1 --
	Empty
-----------------------------------------------------------------------
Number of geometries in task: 2
Number of bodysets   in task: 2
-----------------------------------------------------------------------
	Making hash and connectivity for Bodyset ...
		CBodyGeom:
		Hash size: {18, 30, 32}.
		Mesh size: {18, 10, 16}.
		Hashing triangles...Ok.
			axis(0) tr sizes: average=37 max=2783
			axis(1) tr sizes: average=48 max=2682
			axis(2) tr sizes: average=58 max=4867
		Number of t-connected sets:3
			(0) size=12
			(1) size=8218 cavity
			(2) size=6894 cavity
		Done.
		CBodyGeomRef:
		Hashing triangles...Ok.
			axis(0) tr sizes: average=250 max=2195
			axis(1) tr sizes: average=205 max=2233
			axis(2) tr sizes: average=244 max=2547
		Done.
	0.0162 s.
Geometries reading and preparing has taken 0.050 s.

Mapped triangles:
Hashing geometries triangles
	Triangles num=15124
	Triangles box={0.02419  ,0.148281  ,0.148141  ,0.213386  ,0.102527  ,0.216514  }
		3d-hash size is 116472 bytes
Hashing peculiar surfaces triangles
	Triangles num=37
	Triangles box={0.0702151  ,0.0815803  ,0.185147  ,0.196579  ,0.215167  ,0.216361  }
		3d-hash size is 11976 bytes
	Triangles num=37
	Triangles box={0.024018  ,0.0307351  ,0.185147  ,0.196579  ,0.102187  ,0.111432  }
		3d-hash size is 11868 bytes
	Triangles num=37
	Triangles box={0.14367  ,0.148319  ,0.185147  ,0.196579  ,0.114046  ,0.124486  }
		3d-hash size is 11964 bytes
	Triangles num=37
	Triangles box={0.0773704  ,0.0888028  ,0.213256  ,0.213256  ,0.141572  ,0.153  }
		3d-hash size is 11932 bytes
	Triangles num=30
	Triangles box={0.0831231  ,0.0845875  ,0.149891  ,0.151388  ,0.141933  ,0.142147  }
		3d-hash size is 11648 bytes
	Triangles num=30
	Triangles box={0.0784758  ,0.0793933  ,0.149891  ,0.151388  ,0.143416  ,0.144577  }
		3d-hash size is 11676 bytes
	Triangles num=30
	Triangles box={0.0778954  ,0.0784423  ,0.149891  ,0.151388  ,0.148549  ,0.149924  }
		3d-hash size is 11648 bytes
	Triangles num=30
	Triangles box={0.0877369  ,0.0882838  ,0.149891  ,0.151388  ,0.144635  ,0.14601  }
		3d-hash size is 11704 bytes
	Triangles num=30
	Triangles box={0.0857921  ,0.0869533  ,0.149891  ,0.151388  ,0.142666  ,0.143583  }
		3d-hash size is 11684 bytes
	Triangles num=30
	Triangles box={0.0815917  ,0.0830561  ,0.149891  ,0.151388  ,0.152413  ,0.152627  }
		3d-hash size is 11648 bytes
	Triangles num=30
	Triangles box={0.0843588  ,0.085734  ,0.149891  ,0.151388  ,0.151927  ,0.152474  }
		3d-hash size is 11692 bytes
	Triangles num=30
	Triangles box={0.0792259  ,0.0803871  ,0.149891  ,0.151388  ,0.150976  ,0.151894  }
		3d-hash size is 11684 bytes
	Triangles num=30
	Triangles box={0.0867859  ,0.0877034  ,0.149891  ,0.151388  ,0.149982  ,0.151143  }
		3d-hash size is 11648 bytes
	Triangles num=30
	Triangles box={0.0804451  ,0.0818203  ,0.149891  ,0.151388  ,0.142085  ,0.142632  }
		3d-hash size is 11648 bytes
	Triangles num=30
	Triangles box={0.0882225  ,0.0884365  ,0.149891  ,0.151388  ,0.147313  ,0.148778  }
		3d-hash size is 11648 bytes
	Triangles num=30
	Triangles box={0.0777427  ,0.0779566  ,0.149891  ,0.151388  ,0.145782  ,0.147246  }
		3d-hash size is 11648 bytes
	Triangles num=78
	Triangles box={0.0769688  ,0.0892111  ,0.173621  ,0.173621  ,0.141158  ,0.153401  }
		3d-hash size is 11944 bytes
Mapped triangles processed in 0.018 s.
-----------------------------------------------------------------------
Getting sectors:
Number of sectors: 0
-----------------------------------------------------------------------
-----------------------------------------------------------------------

Current CPU = 0 sec

-----------------------------------------------------------------------
Mesh dimensions:
				I[0 ]=18
				I[1 ]=10
				I[2 ]=16

Comp. domain size:
				a[0  ]=0.0243139
				a[1  ]=0.148157
				a[2  ]=0.148206
				a[3  ]=0.213321
				a[4  ]=0.102641
				a[5  ]=0.2164

Fluid calculated			1
Solid calculated			0
-----------------------------------------------------------------------
MESH Build started...
-----------------------------------------------------------------------
Mesh LEVEL = 4
-----------------------------------------------------------------------
Setting regions...OK (0.000 s)
Base mesh info------------------
	2D flag  =0
	Period   =[0, 0, 0]
	Nx=18
		x[0]=0.0243139
		x[1]=0.0311962
		x[2]=0.0380763
		x[3]=0.0449565
		x[4]=0.0518367
		x[5]=0.0587168
		x[6]=0.065597
		x[7]=0.0724772
		x[8]=0.0793573
		x[9]=0.0862375
		x[10]=0.0931177
		x[11]=0.0999978
		x[12]=0.106878
		x[13]=0.113758
		x[14]=0.120638
		x[15]=0.127518
		x[16]=0.134399
		x[17]=0.141279
		x[18]=0.148157
	Ny=10
		y[0]=0.148206
		y[1]=0.154719
		y[2]=0.161231
		y[3]=0.167742
		y[4]=0.174254
		y[5]=0.180765
		y[6]=0.187277
		y[7]=0.193788
		y[8]=0.2003
		y[9]=0.206811
		y[10]=0.213321
	Nz=16
		z[0]=0.102641
		z[1]=0.109752
		z[2]=0.116862
		z[3]=0.123972
		z[4]=0.131082
		z[5]=0.138192
		z[6]=0.145302
		z[7]=0.152412
		z[8]=0.159522
		z[9]=0.166632
		z[10]=0.173742
		z[11]=0.180852
		z[12]=0.187962
		z[13]=0.195072
		z[14]=0.202182
		z[15]=0.209292
		z[16]=0.2164
End of base mesh info---------
Input_mesh_settings--------------------------------
Settings 0----------------
	Scope: GLOBAL
	Type:	------MESHER_SETTINGS----------
	RefAllCells           =0
	RefFluidCells         =0
	RefPartCells          =0
	RefSolidCells         =0
	l_SSFR(Capture crit)  =4
	l_curv(Curvature crit)=0
	l_tol(Tolerance crit) =4
	  k_tol               =0.000377956
	UseChannelRef         =1
	  NCR_method          =0
	  l_NCR               =2
	  N_gap               =5
	  Use d_NCR_min       =0
	  Use d_NCR_max       =0
	IgnoreThinChannelsHeight         =0
	--END_OF_MESHER_SETTINGS-------
End of input mesh settings-------------------------

-----------------------------------------------------------------------
Building geometries:
-----------------------------------------------------------------------
Building body-set (0) of geometry Fluid.0.(0). ...

-----------------------------------------------------------------------
Refining by triangulation...
Refinement input: 2880 bricks
Setting regions...OK (0.000 s)
Setting regions...OK (0.000 s)
Setting regions...OK (0.000 s)
Setting regions...OK (0.000 s)
Setting regions...OK (0.000 s)
Refinement result: 18763 bricks (0.105 s)
Refinement input: 18763 bricks
Refinement result: 18763 bricks (0.004 s)
Collecting and processing rays...OK (0.094 s)
Capturing...OK (0.003 s)
Refining by triangulation takes 0.206 s
-----------------------------------------------------------------------

-----------------------------------------------------------------------
Refining peculiar surfaces...
Refinement input: 18763 bricks
Setting regions...OK (0.000 s)
Refinement result: 18784 bricks (0.003 s)
Refinement input: 18784 bricks
Setting regions...OK (0.000 s)
Refinement result: 18896 bricks (0.004 s)
Refinement input: 18896 bricks
Setting regions...OK (0.000 s)
Refinement result: 18945 bricks (0.003 s)
Refinement input: 18945 bricks
Setting regions...OK (0.000 s)
Refinement result: 18994 bricks (0.003 s)
Refinement input: 18994 bricks
Setting regions...OK (0.000 s)
Refinement result: 19022 bricks (0.003 s)
Refinement input: 19022 bricks
Setting regions...OK (0.000 s)
Refinement result: 19029 bricks (0.002 s)
Refinement input: 19029 bricks
Setting regions...OK (0.000 s)
Refinement result: 19106 bricks (0.003 s)
Refinement input: 19106 bricks
Setting regions...OK (0.000 s)
Refinement result: 19162 bricks (0.003 s)
Refinement input: 19162 bricks
Setting regions...OK (0.000 s)
Refinement result: 19232 bricks (0.003 s)
Refinement input: 19232 bricks
Setting regions...OK (0.000 s)
Refinement result: 19260 bricks (0.003 s)
Refinement input: 19260 bricks
Setting regions...OK (0.000 s)
Refinement result: 19281 bricks (0.002 s)
Refinement input: 19281 bricks
Setting regions...OK (0.000 s)
Refinement result: 19309 bricks (0.001 s)
Refinement input: 19309 bricks
Setting regions...OK (0.000 s)
Refinement result: 19876 bricks (0.003 s)
12 surfaces refined
Refining peculiar surfaces takes 0.075 s
-----------------------------------------------------------------------
Collecting and processing rays...OK (0.006 s)
Capturing...OK (0.000 s)
Collecting and processing rays...OK (0.000 s)
Capturing...OK (0.000 s)
Collecting and processing rays...OK (0.000 s)
Capturing...OK (0.000 s)

-----------------------------------------------------------------------
Base mesh 1 Refining...
Refinement input: 19876 bricks
Refinement result: 19876 bricks (0.000 s)
Collecting and processing rays...OK (0.000 s)
Capturing...OK (0.000 s)
-----------------------------------------------------------------------
Refining channels...
FYI: CNarrowChannelRefiner::RefineChannels_PRLL
Refinement input: 19876 bricks
Setting regions...OK (0.000 s)
Refinement result: 21710 bricks (0.002 s)
Collecting and processing rays...OK (0.004 s)
Capturing...OK (0.001 s)
FYI: m_iteration_count = 0
FYI: level1 statistics:
     level1_cnt_plus[1]=2096;		level1_cnt_minus[1]=0
     level1_cnt_plus[2]=0;		level1_cnt_minus[2]=0
     level1_cnt_plus[3]=0;		level1_cnt_minus[3]=0
     level1_cnt_plus[4]=0;		level1_cnt_minus[4]=0
     level1_cnt_plus[5]=0;		level1_cnt_minus[5]=0
     level1_cnt_plus[6]=0;		level1_cnt_minus[6]=0
     level1_cnt_plus[7]=0;		level1_cnt_minus[7]=0
     level1_cnt_plus[8]=0;		level1_cnt_minus[8]=0
     level1_cnt_plus[9]=0;		level1_cnt_minus[9]=0
Refinement input: 21710 bricks
Setting regions...OK (0.000 s)
Refinement result: 21962 bricks (0.003 s)
Collecting and processing rays...OK (0.001 s)
Capturing...OK (0.000 s)
FYI: m_iteration_count = 1
FYI: level1 statistics:
     level1_cnt_plus[1]=2375;		level1_cnt_minus[1]=0
     level1_cnt_plus[2]=8;		level1_cnt_minus[2]=0
     level1_cnt_plus[3]=0;		level1_cnt_minus[3]=0
     level1_cnt_plus[4]=0;		level1_cnt_minus[4]=0
     level1_cnt_plus[5]=0;		level1_cnt_minus[5]=0
     level1_cnt_plus[6]=0;		level1_cnt_minus[6]=0
     level1_cnt_plus[7]=0;		level1_cnt_minus[7]=0
     level1_cnt_plus[8]=0;		level1_cnt_minus[8]=0
     level1_cnt_plus[9]=0;		level1_cnt_minus[9]=0
Refinement input: 21962 bricks
Setting regions...OK (0.000 s)
Refinement result: 21983 bricks (0.002 s)
Collecting and processing rays...OK (0.000 s)
Capturing...OK (0.000 s)
FYI: m_iteration_count = 2
FYI: level1 statistics:
     level1_cnt_plus[1]=2399;		level1_cnt_minus[1]=0
     level1_cnt_plus[2]=8;		level1_cnt_minus[2]=0
     level1_cnt_plus[3]=0;		level1_cnt_minus[3]=0
     level1_cnt_plus[4]=0;		level1_cnt_minus[4]=0
     level1_cnt_plus[5]=0;		level1_cnt_minus[5]=0
     level1_cnt_plus[6]=0;		level1_cnt_minus[6]=0
     level1_cnt_plus[7]=0;		level1_cnt_minus[7]=0
     level1_cnt_plus[8]=0;		level1_cnt_minus[8]=0
     level1_cnt_plus[9]=0;		level1_cnt_minus[9]=0
FYI: m_iteration_count = 3
FYI: level1 statistics:
     level1_cnt_plus[1]=2399;		level1_cnt_minus[1]=0
     level1_cnt_plus[2]=8;		level1_cnt_minus[2]=0
     level1_cnt_plus[3]=0;		level1_cnt_minus[3]=0
     level1_cnt_plus[4]=0;		level1_cnt_minus[4]=0
     level1_cnt_plus[5]=0;		level1_cnt_minus[5]=0
     level1_cnt_plus[6]=0;		level1_cnt_minus[6]=0
     level1_cnt_plus[7]=0;		level1_cnt_minus[7]=0
     level1_cnt_plus[8]=0;		level1_cnt_minus[8]=0
     level1_cnt_plus[9]=0;		level1_cnt_minus[9]=0
Refinement input: 21983 bricks
Setting regions...OK (0.000 s)
Refinement result: 26057 bricks (0.004 s)
Collecting and processing rays...OK (0.007 s)
Capturing...OK (0.001 s)
FYI: m_iteration_count = 4
FYI: level1 statistics:
     level1_cnt_plus[1]=6893;		level1_cnt_minus[1]=0
     level1_cnt_plus[2]=152;		level1_cnt_minus[2]=0
     level1_cnt_plus[3]=0;		level1_cnt_minus[3]=0
     level1_cnt_plus[4]=0;		level1_cnt_minus[4]=0
     level1_cnt_plus[5]=0;		level1_cnt_minus[5]=0
     level1_cnt_plus[6]=0;		level1_cnt_minus[6]=0
     level1_cnt_plus[7]=0;		level1_cnt_minus[7]=0
     level1_cnt_plus[8]=0;		level1_cnt_minus[8]=0
     level1_cnt_plus[9]=0;		level1_cnt_minus[9]=0
FYI: m_iteration_count = 5
FYI: level1 statistics:
     level1_cnt_plus[1]=6893;		level1_cnt_minus[1]=0
     level1_cnt_plus[2]=152;		level1_cnt_minus[2]=0
     level1_cnt_plus[3]=0;		level1_cnt_minus[3]=0
     level1_cnt_plus[4]=0;		level1_cnt_minus[4]=0
     level1_cnt_plus[5]=0;		level1_cnt_minus[5]=0
     level1_cnt_plus[6]=0;		level1_cnt_minus[6]=0
     level1_cnt_plus[7]=0;		level1_cnt_minus[7]=0
     level1_cnt_plus[8]=0;		level1_cnt_minus[8]=0
     level1_cnt_plus[9]=0;		level1_cnt_minus[9]=0
FYI: level1 statistics:
     level1_cnt_plus[1]=6893;		level1_cnt_minus[1]=0
     level1_cnt_plus[2]=152;		level1_cnt_minus[2]=0
     level1_cnt_plus[3]=0;		level1_cnt_minus[3]=0
     level1_cnt_plus[4]=0;		level1_cnt_minus[4]=0
     level1_cnt_plus[5]=0;		level1_cnt_minus[5]=0
     level1_cnt_plus[6]=0;		level1_cnt_minus[6]=0
     level1_cnt_plus[7]=0;		level1_cnt_minus[7]=0
     level1_cnt_plus[8]=0;		level1_cnt_minus[8]=0
     level1_cnt_plus[9]=0;		level1_cnt_minus[9]=0

-----------------------------------------------------------------------
U-shapes refinement...
Refinement input: 26057 bricks
Setting regions...OK (0.000 s)
Setting regions...OK (0.000 s)
Refinement result: 26232 bricks (0.013 s)
Collecting and processing rays...OK (0.004 s)
Capturing...OK (0.000 s)
-----------------------------------------------------------------------

-----------------------------------------------------------------------
Equi Distant Refiner:
Equi Distant Refiner takes 0.00 s
-----------------------------------------------------------------------
Building geometry takes 0.794 s
Geometry Fluid.0.
Total		26232
Partial	8313
Fluid		4153
Solid		13754
Bad		12

/-Ray Intersection---------------/ Time	0.403 s
Calls			9599
CorrectRay Calls	0



-----------------------------------------------------------------------
Building geometries takes 0.796 s
-----------------------------------------------------------------------

-----------------------------------------------------------------------
PostBuilding geometries:
-----------------------------------------------------------------------
PostBuilding body-set (0) geometry Fluid.0. (0)...
Collecting and processing rays...OK (0.000 s)
Capturing...OK (0.000 s)
PostBuilding geometry takes 0.001 s
Geometry Fluid.0.
Total		26232
Partial	8313
Fluid		4153
Solid		13754
Bad		12

-----------------------------------------------------------------------
PostBuilding geometries takes 0.002 s
-----------------------------------------------------------------------
Defect ray count	0
FYI: CNarrowChannelRefiner::RedistributeLevel1_step_1: is finished
FYI: level1 statistics:
     level1_cnt_plus[1]=3226;		level1_cnt_minus[1]=0
     level1_cnt_plus[2]=3811;		level1_cnt_minus[2]=0
     level1_cnt_plus[3]=0;		level1_cnt_minus[3]=0
     level1_cnt_plus[4]=0;		level1_cnt_minus[4]=0
     level1_cnt_plus[5]=0;		level1_cnt_minus[5]=0
     level1_cnt_plus[6]=0;		level1_cnt_minus[6]=0
     level1_cnt_plus[7]=0;		level1_cnt_minus[7]=0
     level1_cnt_plus[8]=0;		level1_cnt_minus[8]=0
     level1_cnt_plus[9]=0;		level1_cnt_minus[9]=0
FYI: CNarrowChannelRefiner::RedistributeLevel1_step_2: is started
FYI: CNarrowChannelRefiner::RedistributeLevel1_step_2: is finished
FYI: level1 statistics:
     level1_cnt_plus[1]=5858;		level1_cnt_minus[1]=0
     level1_cnt_plus[2]=5275;		level1_cnt_minus[2]=0
     level1_cnt_plus[3]=0;		level1_cnt_minus[3]=0
     level1_cnt_plus[4]=0;		level1_cnt_minus[4]=0
     level1_cnt_plus[5]=0;		level1_cnt_minus[5]=0
     level1_cnt_plus[6]=0;		level1_cnt_minus[6]=0
     level1_cnt_plus[7]=0;		level1_cnt_minus[7]=0
     level1_cnt_plus[8]=0;		level1_cnt_minus[8]=0
     level1_cnt_plus[9]=0;		level1_cnt_minus[9]=0
FYI: CNarrowChannelRefiner::RedistributeLevel1_step_3: is started
FYI: CNarrowChannelRefiner::RedistributeLevel1_step_3: is finished
RedistributeLevel1 takes:
FYI: level1 statistics:
     level1_cnt_plus[1]=5858;		level1_cnt_minus[1]=2897
     level1_cnt_plus[2]=5275;		level1_cnt_minus[2]=1040
     level1_cnt_plus[3]=0;		level1_cnt_minus[3]=0
     level1_cnt_plus[4]=0;		level1_cnt_minus[4]=0
     level1_cnt_plus[5]=0;		level1_cnt_minus[5]=0
     level1_cnt_plus[6]=0;		level1_cnt_minus[6]=0
     level1_cnt_plus[7]=0;		level1_cnt_minus[7]=0
     level1_cnt_plus[8]=0;		level1_cnt_minus[8]=0
     level1_cnt_plus[9]=0;		level1_cnt_minus[9]=0
-----------------------------------------------------------------------
MSH format builder (Iteration 0)
-----------------------------------------------------------------------
Memory Working Set Current = 59.99 Mb, Memory Working Set Peak = 72.05 Mb
Process Threads Number: 21
-----------------------------------------------------------------------
Loading geometries triangulation & x-stacks...OK
x-stacks size = 0.70 Mb
Total bricks count: 26232
-----------------------------------------------------------------------
MSH (Real Geometry) format constructor:
	Getting brick sets...OK (0.000 s)
	Min x-stack xeps = 3.10865e-06
	D / dh / eps [axis=0] = (0.123843, 0.000429875, 4.29875e-07)
	D / dh / eps [axis=1] = (0.0651151, 0.000406859, 4.06859e-07)
	D / dh / eps [axis=2] = (0.113759, 0.00044427, 4.4427e-07)
	Time (xeps): 0.000 s
Level 4
	Set (0)  size: 2192
	Set (0)  time: 0.030 s
	Set (1)  size: 2192
	Set (1)  time: 0.023 s
Level 3
	Set (0)  size: 2782
	Set (0)  time: 0.020 s
	Set (1)  size: 2782
	Set (1)  time: 0.020 s
Level 2
	Set (0)  size: 5850
	Set (0)  time: 0.034 s
	Set (1)  size: 5834
	Set (1)  time: 0.033 s
Level 1
	Set (0)  size: 1099
	Set (0)  time: 0.000 s
	Set (1)  size: 1089
	Set (1)  time: 0.000 s
Level 0
	Set (0)  size: 1211
	Set (0)  time: 0.001 s
	Set (1)  size: 1201
	Set (1)  time: 0.000 s
Result:
	Bricks number:                        26232

	Memory usage:                         5.183 MB
	Memory usage (per brick):             0.202 KB
	Construction time:                    0.165 s

	Topology features:
	------------------
	- High quality bricks                  99.99 % (26229)
	- Medium quality bricks                 0.01 % (3)
	- Bad quality bricks                    0.00 % (0)
	- Ribs corrected bricks                 0.00 % (0)
	- Points with geom-info (bricks)        0.04 % (11)
	- Points with closest-info (bricks)     0.02 % (5)
	- Triangulated by center (bricks)       0.62 % (163)
	- Facet w-faces mergings (bricks)       0.00 % (0)
	- To refine (bricks)                    0.00 % (0)

-----------------------------------------------------------------------
Memory Working Set Current = 90.86 Mb, Memory Working Set Peak = 90.86 Mb
Process Threads Number: 21
-----------------------------------------------------------------------
-----------------------------------------------------------------------
-----------------------------------------------------------------------
MSH --> BCF format (Iteration 0)...
BCF collector...(remove mode=0)
	Time (alloc counter per brick): 0.001 s
	Brick    count: 26232
	Av.f all count: 12878
	Av.s all count: 22373
	Av.f pid count: 8736
	Av.s pid count: 8960
	Faces fs count: 20473
	Faces ff count: 0
	Faces ss count: 0
	Faces bb count: 0
	Faces fe count: 0
	Faces se count: 2492
	Faces fw count: 22965
	Faces af count: 35625
	Faces as count: 70357
	Time (all count): 	0.005 s
	Time (bcf alloc): 	0.001 s
	Time (shifts alloc): 	0.002 s
	Time (shifts init): 	0.002 s
	Time (bcf fill): 	0.010 s
	Time (add av to faces): 0.000 s
	Time (add faces to av): 0.004 s
Time (bcf collect): 		0.025 s
	AV checker...
	Time (check av): 	0.008 s
	Subdomain checker...
		Subdomains construction time: 0.003 s.
		Subdomains sort time: 0.000 s.
			Subdomain 0 (geom_ind=0): 10596 av
			Subdomain 1 (geom_ind=0): 2282 av
			Subdomain 2 (geom_ind=1): 22373 av
		gi: 0, subdomains: 2, real bodies: 2
		gi: 1, subdomains: 1, real bodies: 0
		Defect subdomains: 0
	Time (check subdoms): 	0.004 s
Time (bcf iteration total): 	0.037 s
	Time (fw-nb): 		0.002 s
	Fixed mutual fw-nb:     11917 (bb: 0)
	Time (fw-nb mutual): 	0.002 s
	Time (fw-nb sort): 	0.000 s
	Fw-opt BEFORE total:    22965 (fs=20473, ff=0, ss=0)
	Fw-opt AFTER  total:    13874 (fs=11382, ff=0, ss=0, failed fw/br=0/0, big_curv=45, big_poly=0)
	Fw-opt RESULT:          9091 (res/(fs+ff+ss) = 44.40 %)
	Time (fw-opt): 		0.005 s
	Time (fw-re-order): 	0.002 s
	Time (fw-nb): 		0.007 s
	Fixed mutual fw-nb:     28955 (bb: 0)
	Time (fw-nb mutual): 	0.002 s
	Time (fw-nb sort): 	0.000 s
	Time (rfd fix): 	0.000 s
	Time (av convexity): 	0.003 s
	Time (av small volume): 0.000 s
	Time (diagonal fw-nb): 	0.017 s
	Fixed mutual fw-nb:     0 (bb: 0)
	Time (fw-nb mutual): 	0.001 s
	Time (fw-nb sort): 	0.000 s
	Fluid subdomains: 2
	Faces fw-nb diff sd:    0
	Time (fw-nb diff sd): 	0.002 s
Time (bcf calc): 		0.049 s
-----------------------------------------------------------------------
Time (bcf total): 		0.086 s
-----------------------------------------------------------------------
-----------------------------------------------------------------------
Mega-cv constructor for fluid...
	 283 av's is treated as thin
Relative size generator (threshold = 0.05)...
	Iteration 1 (small cluster count = 1155)
	Iteration 2 (small cluster count = 589)
	Iteration 3 (small cluster count = 222)
	Iteration 4 (small cluster count = 114)
	Iteration 5 (small cluster count = 67)
	Iteration 6 (small cluster count = 48)
	Iteration 7 (small cluster count = 30)
	Iteration 8 (small cluster count = 16)
	Iteration 9 (small cluster count = 9)
	Iteration 10 (small cluster count = 3)
	Iteration 11 (small cluster count = 0)
	 1030 mega-cv's generated
	 19 mega-cv's removed
Relative size generator is completed OK (0.004 s)
Apply fa-rules to mega-cv clusters fixes...
	Fa-rule violation fixes:       25 of       25 (total cluster# =     1031)
OK (0.001 s)
Convert clusters:
	 1018 mega-cv's total
Mega-cv count: 1018
Time (mega-cv fill): 	0.002 s
Time (mega-cv total): 	0.014 s
-----------------------------------------------------------------------
Mixing plane rotation regions: NO.
Sliding mesh rotation regions: NO.
Fluid/fluid faces: NO.
----------------------------------------------------------
BCF --> BCF.GEOMSUBDOM (bridge arrays):
MESH (0):
	Fluid Subdom Constructor: 2 subdom(s).
	Solid Subdom Constructor: 1 subdom(s).
	Net Asm Subdom Constructor: 0 subdom(s).
	GEOMSUBDOM (0): gi=0 fluid av=10596 cv=9537 fa=29437 fb=0 fw=8639 V=2.391652e-05
	Cache data...OK
	GEOMSUBDOM (1): gi=0 fluid av=2282 cv=2139 fa=6188 fb=0 fw=2743 V=2.030815e-06
	Cache data...OK
	GEOMSUBDOM (2): gi=1 solid av=22373 cv=22373 fa=70357 fb=0 fw=13874 V=8.914138e-04
	Cache data...OK
	Setting nb of w-faces...OK (0.005 s).
	Correcting nb of w-faces...
	Time(correct_fw_nb)=0.004 s

MESH (0) checking:
	GEOMSUBDOM (0):fa_s=0.0441614817898061 fb_s=0.0000000000000000 fw_s=0.0094281686872827 fw_nb=67538
	              :d_const(9083)=1.30047e-10 d_linear(9083)=4.54871e-10
	GEOMSUBDOM (1):fa_s=0.0042100199810337 fb_s=0.0000000000000000 fw_s=0.0015148465921659 fw_nb=22496
	              :d_const(704)=8.75426e-14 d_linear(18)=1.07233e-12
	GEOMSUBDOM (2):fa_s=0.4531874204375457 fb_s=0.0000000000000000 fw_s=0.0700626194040798 fw_nb=100568
	              :d_const(493)=3.78781e-11 d_linear(493)=3.38741e-10
MESH (0) checking: OK.
Time (MDS): 	0.047 s
----------------------------------------------------------

-----------------------------------------------------------------------
BCF CHECKSUM DATA (Mesh 0):

WARNING! 279 w-face(s) without RefFacesData.
BRICK |Level1| Sum:               21385
FACE_A Area Sum:   G.Fluid        0.0483715017708399
FACE_A Area Sum:   G.Solid        0.4531874204375456
FACE_W Area Sum:                  0.0700626194040798
FACE_W Nb   Sum:                  100568
FACE_W min curvatures sum:        -3372487.34914398
FACE_W max curvatures sum:        5817799.21016264
AV Max Disbalance(Const) :        5.3233e-10 (cid=1507, t={279, 111, 28}, avid=658, pid=497)
AV Max Disbalance(Linear):        2.20302e-09 (cid=1507, t={279, 111, 28}, avid=658, pid=497)
-----------------------------------------------------------------------


-----------------------------------------------------------------------
MESHER TOPOLOGY DATA:

BRICKS: Total                 26232
BRICKS: 1-CV                  17555
BRICKS: 2-CV                  8335
BRICKS: 3-CV                  342
BRICKS: Bad                   0

AV:     G.Total               35251
AV:     G.Fluid               12878
AV:     G.Solid               22373

AV:     G.Fluid Thin Profile    2.20 % (283)
AV:     G.Solid Thin Profile    0.26 % (59)

AV:     G.Fluid Thin For Mega   2.20 % (283)
AV:     G.Solid Thin For Mega   0.25 % (55)

AV:     G.Fluid Non-Convex     19.95 % (2569)
AV:     G.Solid Non-Convex     17.02 % (3807)

AV:     G.Fluid Non-Ess-Convex      5.64 % (726)
AV:     G.Solid Non-Ess-Convex      6.18 % (1383)

FACE_A: G.Fluid          (af) 35625 (partially opened 18449)
FACE_A: G.Solid          (as) 70357 (partially opened 18997)

FACE_B: G.Total          (b)  0

FACE_W: G.Total                 13874       Brick/Bound
FACE_W: G.Fluid/Solid    (fs_g) 11382       0           
FACE_W: G.Fluid/Fluid    (ff_g) 0           0           
FACE_W: G.Solid/Solid    (ss_g) 0           0           
FACE_W: G.Fluid/External (fe_g) 0
FACE_W: G.Solid/External (se_g) 2492

AV/CV max fa count (on brick side):7
AV/CV max fw count:                7
AV/CV max fb count:                0
AV/CV max fw poly count:           21

MEMORY: Total                   12.160 MB
MEMORY: Per Brick               0.475 KB
-----------------------------------------------------------------------

-----------------------------------------------------------------------
Connectivities information:
	Number of conns: 0
-----------------------------------------------------------------------
	Time (gap size): 	0.023 s
-----------------------------------------------------------------------
Calculating curvature and tolerance criteria...
Curvature: min=0 max=3.14052
Tolerance: min=0 max=0.000377435
Calculating curvature and tolerance criteria takes 0.174 s
-----------------------------------------------------------------------
MESH Build(FS) finished. Time=1.573 s
-----------------------------------------------------------------------
Current CPU = 1 sec

Nx=18
Ny=10
Nz=16
Max BRICK Level=4
Mesh Level=4
-----------------CModelBodies2MeshMapper::CollectData started -------------------------------
-----------------CModelBodies2MeshMapper Report -------------------------------
FluidDomains 2 SolidDomains 1 VoidDomains 0 
Domains RefIndexes
Domain 0, Index count 19
Domain 1, Index count 42
Domain 2, Index count 61
----------------- -------------------------------
	ModelBodies
Total resolved Bodies 0 BodySets 0

--------------------------------------------------------------------------
	Positive geometry Bodies
Total resolved Bodies 2 BodySets 2
BodySet 0
	Bodies list:
			#0	Name: ;	ID: c427fa50-de31-4faa-a01a-7d72d3f6097f
	Domains list:		 1 
BodySet 1
	Bodies list:
			#0	Name: ;	ID: 4448eef6-35b7-4a13-b316-48b3c3ac21f9
	Domains list:		 0 

--------------------------------------------------------------------------
	Fluid regions
Total resolved Bodies 2 BodySets 1
BodySet 0	Material: Water; 
	Bodies list:
			#0	Name: ;	ID: c427fa50-de31-4faa-a01a-7d72d3f6097f
			#1	Name: ;	ID: 4448eef6-35b7-4a13-b316-48b3c3ac21f9
	Domains list:		 0 		 1 

--------------------------------------------------------------------------
-----------------CModelBodies2MeshMapper::CollectData finished successfully-------------------
Saving initial mesh in: N:\Downloads\GitHub\liquid-propellant-engine\2kN Heat Sink Engine\Simulation Only\1\Parametric Study 1\2\2.fld .
Storing results...
Estimated CPT size=5.923 MB.
	Time (write bcf): 1.035 s
OK
-----------------------------------------------------------------------
Memory Working Set Current = 110.47 Mb, Memory Working Set Peak = 110.47 Mb
Process Threads Number: 21
-----------------------------------------------------------------------
Cleaning memory...
		Time (free xsl):                    	0.002 s
Free Geometry DB takes 0.000 s
	Time (free bcf): 	0.010 s
		Time (free bcf mesh):               	0.026 s
	Time (free mesher data):              	0.030 s
Copying... OK
Mesh generation normally finished at	6.4.2021	17:37:2
Mesher CPU = 2 sec
Mesher is finished at	6.4.2021	17:37:2
-----------------------------------------------------------------------
Memory Working Set Current = 50.59 Mb, Memory Working Set Peak = 110.87 Mb
Process Threads Number: 21
-----------------------------------------------------------------------
Algebra Pool      : mem_usage = 0.94 Mb, allocated count = 0
Log ended at 06.04.2021	17:37:02
