Log started at 09.04.2021	17:16:41
Number of used processors (NPROC): 8.
Number of mesh partitions (NPART): 8.
Total Physical Memory = 15.93 Gb, Available Physical Memory = 10.39 Gb
Computer name:	MCAE02
Operating system:	Windows 10 (or higher) (Version 10.0.18363)

SOLIDWORKS 2020 SP4.0
Flow Simulation 2020  x64 / 4995 / MESHER ver. efd_dev.4663_05.07.2019 

Project: N:\Downloads\GitHub\liquid-propellant-engine\2kN Heat Sink Engine\Simulation Only\1\Parametric Study 2\30\30.xmlconfig
Configuration name: Default
Project name: Single Fluid (Water Substitute)
NGK: OFF
MBO: OFF

Mesh generation started:	9.4.2021	17:16:41
-----------------------------------------------------------------------
Mesher option run = eRunMesherNormal
-----------------------------------------------------------------------
Current CPU = 0 sec
-----------------------------------------------------------------------
Geometries initialization:
-----------------------------------------------------------------------
Loading mesh settings (global/local)...
-----------------------------------------------------------------------
Number of geometries from DB: 1
Geometry(0):
	Guid = {00000000-0000-0000-0000-000000000000}
	Fluid..
	1 Body.
	2 Real bodies.
	-- Bodyset 0 --
		Tolerance=3.3166e-05.
		103 Face(s).
			103 of b-spline type.
		0 Face(s) that have no ref faces
		13 Plane surface(s).
		33 Cylinder surface(s).
		5 Cone surface(s).
		4 Torus surface(s).
		48 B- surface(s).
		15240 Triangle(s).
		Getting triangle connectivities from DB: 0.002 s
		214 Edge(s).
			214 of b-spline type.
		BodyGeom reading: 0.021 s.
		61 Reference Face(s).
		10450 Reference Triangles.
		Getting triangle connectivities from DB (Ref): 0.002 s
		BodyGeom Ref reading: 0.002 s.
		Getting triangle connectivities from DB (Extra Triangulation): 0.001 s
Geometry(1):
	Solid.
	-- Bodyset 1 --
	Empty
-----------------------------------------------------------------------
Number of geometries in task: 2
Number of bodysets   in task: 2
-----------------------------------------------------------------------
	Making hash and connectivity for Bodyset ...
		CBodyGeom:
		Hash size: {18, 32, 18}.
		Mesh size: {18, 8, 18}.
		Hashing triangles...Ok.
			axis(0) tr sizes: average=58 max=3438
			axis(1) tr sizes: average=73 max=3234
			axis(2) tr sizes: average=59 max=3939
		Number of t-connected sets:3
			(0) size=12
			(1) size=8214 cavity
			(2) size=7014 cavity
		Done.
		CBodyGeomRef:
		Hashing triangles...Ok.
			axis(0) tr sizes: average=284 max=1605
			axis(1) tr sizes: average=186 max=2056
			axis(2) tr sizes: average=293 max=2528
		Done.
	0.0118 s.
Geometries reading and preparing has taken 0.043 s.

Mapped triangles:
Hashing geometries triangles
	Triangles num=15240
	Triangles box={0.0249476  ,0.147756  ,0.156676  ,0.213369  ,0.103568  ,0.216377  }
		3d-hash size is 111032 bytes
Hashing peculiar surfaces triangles
	Triangles num=37
	Triangles box={0.024018  ,0.0307351  ,0.185147  ,0.196579  ,0.102187  ,0.111432  }
		3d-hash size is 10648 bytes
	Triangles num=37
	Triangles box={0.0702151  ,0.0815803  ,0.185147  ,0.196579  ,0.215167  ,0.216361  }
		3d-hash size is 10772 bytes
	Triangles num=37
	Triangles box={0.14367  ,0.148319  ,0.185147  ,0.196579  ,0.114046  ,0.124486  }
		3d-hash size is 10764 bytes
	Triangles num=37
	Triangles box={0.0773704  ,0.0888028  ,0.213256  ,0.213256  ,0.141572  ,0.153  }
		3d-hash size is 10736 bytes
	Triangles num=30
	Triangles box={0.0831231  ,0.0845875  ,0.15841  ,0.159906  ,0.141933  ,0.142147  }
		3d-hash size is 10496 bytes
	Triangles num=30
	Triangles box={0.0784758  ,0.0793933  ,0.15841  ,0.159906  ,0.143416  ,0.144577  }
		3d-hash size is 10496 bytes
	Triangles num=30
	Triangles box={0.0857921  ,0.0869533  ,0.15841  ,0.159906  ,0.142666  ,0.143583  }
		3d-hash size is 10552 bytes
	Triangles num=30
	Triangles box={0.0877369  ,0.0882838  ,0.15841  ,0.159906  ,0.144635  ,0.14601  }
		3d-hash size is 10496 bytes
	Triangles num=30
	Triangles box={0.0778954  ,0.0784423  ,0.15841  ,0.159906  ,0.148549  ,0.149924  }
		3d-hash size is 10496 bytes
	Triangles num=30
	Triangles box={0.0843588  ,0.085734  ,0.15841  ,0.159906  ,0.151927  ,0.152474  }
		3d-hash size is 10496 bytes
	Triangles num=30
	Triangles box={0.0815917  ,0.0830561  ,0.15841  ,0.159906  ,0.152413  ,0.152627  }
		3d-hash size is 10496 bytes
	Triangles num=30
	Triangles box={0.0792259  ,0.0803871  ,0.15841  ,0.159906  ,0.150976  ,0.151894  }
		3d-hash size is 10540 bytes
	Triangles num=30
	Triangles box={0.0867859  ,0.0877034  ,0.15841  ,0.159906  ,0.149982  ,0.151143  }
		3d-hash size is 10496 bytes
	Triangles num=30
	Triangles box={0.0804451  ,0.0818203  ,0.15841  ,0.159906  ,0.142085  ,0.142632  }
		3d-hash size is 10496 bytes
	Triangles num=30
	Triangles box={0.0882225  ,0.0884365  ,0.15841  ,0.159906  ,0.147313  ,0.148778  }
		3d-hash size is 10512 bytes
	Triangles num=30
	Triangles box={0.0777427  ,0.0779566  ,0.15841  ,0.159906  ,0.145782  ,0.147246  }
		3d-hash size is 10496 bytes
	Triangles num=78
	Triangles box={0.0769688  ,0.0892111  ,0.173621  ,0.173621  ,0.141158  ,0.153401  }
		3d-hash size is 10768 bytes
Mapped triangles processed in 0.016 s.
-----------------------------------------------------------------------
Getting sectors:
Number of sectors: 0
-----------------------------------------------------------------------
-----------------------------------------------------------------------

Current CPU = 0 sec

-----------------------------------------------------------------------
Mesh dimensions:
				I[0 ]=18
				I[1 ]=8
				I[2 ]=18

Comp. domain size:
				a[0  ]=0.0250701
				a[1  ]=0.147633
				a[2  ]=0.156733
				a[3  ]=0.213313
				a[4  ]=0.103681
				a[5  ]=0.216265

Fluid calculated			1
Solid calculated			0
-----------------------------------------------------------------------
MESH Build started...
-----------------------------------------------------------------------
Mesh LEVEL = 4
-----------------------------------------------------------------------
Setting regions...OK (0.000 s)
Base mesh info------------------
	2D flag  =0
	Period   =[0, 0, 0]
	Nx=18
		x[0]=0.0250701
		x[1]=0.0318813
		x[2]=0.0386904
		x[3]=0.0454994
		x[4]=0.0523085
		x[5]=0.0591175
		x[6]=0.0659266
		x[7]=0.0727357
		x[8]=0.0795447
		x[9]=0.0863538
		x[10]=0.0931628
		x[11]=0.0999719
		x[12]=0.106781
		x[13]=0.11359
		x[14]=0.120399
		x[15]=0.127208
		x[16]=0.134017
		x[17]=0.140826
		x[18]=0.147633
	Ny=8
		y[0]=0.156733
		y[1]=0.163807
		y[2]=0.17088
		y[3]=0.177952
		y[4]=0.185024
		y[5]=0.192097
		y[6]=0.199169
		y[7]=0.206242
		y[8]=0.213313
	Nz=18
		z[0]=0.103681
		z[1]=0.109937
		z[2]=0.116192
		z[3]=0.122446
		z[4]=0.128701
		z[5]=0.134956
		z[6]=0.14121
		z[7]=0.147465
		z[8]=0.15372
		z[9]=0.159974
		z[10]=0.166229
		z[11]=0.172484
		z[12]=0.178738
		z[13]=0.184993
		z[14]=0.191247
		z[15]=0.197502
		z[16]=0.203757
		z[17]=0.210011
		z[18]=0.216265
End of base mesh info---------
Input_mesh_settings--------------------------------
Settings 0----------------
	Scope: GLOBAL
	Type:	------MESHER_SETTINGS----------
	RefAllCells           =0
	RefFluidCells         =0
	RefPartCells          =0
	RefSolidCells         =0
	l_SSFR(Capture crit)  =4
	l_curv(Curvature crit)=0
	l_tol(Tolerance crit) =4
	  k_tol               =0.000377956
	UseChannelRef         =1
	  NCR_method          =0
	  l_NCR               =2
	  N_gap               =5
	  Use d_NCR_min       =0
	  Use d_NCR_max       =0
	IgnoreThinChannelsHeight         =0
	--END_OF_MESHER_SETTINGS-------
End of input mesh settings-------------------------

-----------------------------------------------------------------------
Building geometries:
-----------------------------------------------------------------------
Building body-set (0) of geometry Fluid.0.(0). ...

-----------------------------------------------------------------------
Refining by triangulation...
Refinement input: 2592 bricks
Setting regions...OK (0.000 s)
Setting regions...OK (0.000 s)
Setting regions...OK (0.000 s)
Setting regions...OK (0.000 s)
Setting regions...OK (0.000 s)
Refinement result: 20176 bricks (0.113 s)
Refinement input: 20176 bricks
Refinement result: 20176 bricks (0.004 s)
Collecting and processing rays...OK (0.083 s)
Capturing...OK (0.004 s)
Refining by triangulation takes 0.205 s
-----------------------------------------------------------------------

-----------------------------------------------------------------------
Refining peculiar surfaces...
Refinement input: 20176 bricks
Setting regions...OK (0.000 s)
Refinement result: 20246 bricks (0.003 s)
Refinement input: 20246 bricks
Setting regions...OK (0.000 s)
Refinement result: 20316 bricks (0.003 s)
Refinement input: 20316 bricks
Setting regions...OK (0.000 s)
Refinement result: 20323 bricks (0.002 s)
Refinement input: 20323 bricks
Setting regions...OK (0.000 s)
Refinement result: 20372 bricks (0.003 s)
Refinement input: 20372 bricks
Setting regions...OK (0.000 s)
Refinement result: 21121 bricks (0.004 s)
4 surfaces refined
Refining peculiar surfaces takes 0.042 s
-----------------------------------------------------------------------
Collecting and processing rays...OK (0.017 s)
Capturing...OK (0.000 s)
Collecting and processing rays...OK (0.000 s)
Capturing...OK (0.000 s)
Collecting and processing rays...OK (0.000 s)
Capturing...OK (0.000 s)

-----------------------------------------------------------------------
Base mesh 1 Refining...
Refinement input: 21121 bricks
Refinement result: 21121 bricks (0.000 s)
Collecting and processing rays...OK (0.000 s)
Capturing...OK (0.000 s)
-----------------------------------------------------------------------
Refining channels...
FYI: CNarrowChannelRefiner::RefineChannels_PRLL
Refinement input: 21121 bricks
Setting regions...OK (0.000 s)
Refinement result: 23060 bricks (0.002 s)
Collecting and processing rays...OK (0.004 s)
Capturing...OK (0.000 s)
FYI: m_iteration_count = 0
FYI: level1 statistics:
     level1_cnt_plus[1]=9669;		level1_cnt_minus[1]=0
     level1_cnt_plus[2]=1928;		level1_cnt_minus[2]=0
     level1_cnt_plus[3]=0;		level1_cnt_minus[3]=0
     level1_cnt_plus[4]=0;		level1_cnt_minus[4]=0
     level1_cnt_plus[5]=0;		level1_cnt_minus[5]=0
     level1_cnt_plus[6]=0;		level1_cnt_minus[6]=0
     level1_cnt_plus[7]=0;		level1_cnt_minus[7]=0
     level1_cnt_plus[8]=0;		level1_cnt_minus[8]=0
     level1_cnt_plus[9]=0;		level1_cnt_minus[9]=0
Refinement input: 23060 bricks
Setting regions...OK (0.000 s)
Refinement result: 23221 bricks (0.002 s)
Collecting and processing rays...OK (0.001 s)
Capturing...OK (0.000 s)
FYI: m_iteration_count = 1
FYI: level1 statistics:
     level1_cnt_plus[1]=9646;		level1_cnt_minus[1]=0
     level1_cnt_plus[2]=2112;		level1_cnt_minus[2]=0
     level1_cnt_plus[3]=0;		level1_cnt_minus[3]=0
     level1_cnt_plus[4]=0;		level1_cnt_minus[4]=0
     level1_cnt_plus[5]=0;		level1_cnt_minus[5]=0
     level1_cnt_plus[6]=0;		level1_cnt_minus[6]=0
     level1_cnt_plus[7]=0;		level1_cnt_minus[7]=0
     level1_cnt_plus[8]=0;		level1_cnt_minus[8]=0
     level1_cnt_plus[9]=0;		level1_cnt_minus[9]=0
Refinement input: 23221 bricks
Setting regions...OK (0.000 s)
Refinement result: 23277 bricks (0.002 s)
Collecting and processing rays...OK (0.000 s)
Capturing...OK (0.000 s)
FYI: m_iteration_count = 2
FYI: level1 statistics:
     level1_cnt_plus[1]=9638;		level1_cnt_minus[1]=0
     level1_cnt_plus[2]=2176;		level1_cnt_minus[2]=0
     level1_cnt_plus[3]=0;		level1_cnt_minus[3]=0
     level1_cnt_plus[4]=0;		level1_cnt_minus[4]=0
     level1_cnt_plus[5]=0;		level1_cnt_minus[5]=0
     level1_cnt_plus[6]=0;		level1_cnt_minus[6]=0
     level1_cnt_plus[7]=0;		level1_cnt_minus[7]=0
     level1_cnt_plus[8]=0;		level1_cnt_minus[8]=0
     level1_cnt_plus[9]=0;		level1_cnt_minus[9]=0
Refinement input: 23277 bricks
Setting regions...OK (0.000 s)
Refinement result: 23305 bricks (0.002 s)
Collecting and processing rays...OK (0.000 s)
Capturing...OK (0.000 s)
FYI: m_iteration_count = 3
FYI: level1 statistics:
     level1_cnt_plus[1]=9634;		level1_cnt_minus[1]=0
     level1_cnt_plus[2]=2208;		level1_cnt_minus[2]=0
     level1_cnt_plus[3]=0;		level1_cnt_minus[3]=0
     level1_cnt_plus[4]=0;		level1_cnt_minus[4]=0
     level1_cnt_plus[5]=0;		level1_cnt_minus[5]=0
     level1_cnt_plus[6]=0;		level1_cnt_minus[6]=0
     level1_cnt_plus[7]=0;		level1_cnt_minus[7]=0
     level1_cnt_plus[8]=0;		level1_cnt_minus[8]=0
     level1_cnt_plus[9]=0;		level1_cnt_minus[9]=0
Refinement input: 23305 bricks
Setting regions...OK (0.000 s)
Refinement result: 23312 bricks (0.002 s)
Collecting and processing rays...OK (0.000 s)
Capturing...OK (0.000 s)
FYI: m_iteration_count = 4
FYI: level1 statistics:
     level1_cnt_plus[1]=9633;		level1_cnt_minus[1]=0
     level1_cnt_plus[2]=2216;		level1_cnt_minus[2]=0
     level1_cnt_plus[3]=0;		level1_cnt_minus[3]=0
     level1_cnt_plus[4]=0;		level1_cnt_minus[4]=0
     level1_cnt_plus[5]=0;		level1_cnt_minus[5]=0
     level1_cnt_plus[6]=0;		level1_cnt_minus[6]=0
     level1_cnt_plus[7]=0;		level1_cnt_minus[7]=0
     level1_cnt_plus[8]=0;		level1_cnt_minus[8]=0
     level1_cnt_plus[9]=0;		level1_cnt_minus[9]=0
FYI: m_iteration_count = 5
FYI: level1 statistics:
     level1_cnt_plus[1]=9633;		level1_cnt_minus[1]=0
     level1_cnt_plus[2]=2216;		level1_cnt_minus[2]=0
     level1_cnt_plus[3]=0;		level1_cnt_minus[3]=0
     level1_cnt_plus[4]=0;		level1_cnt_minus[4]=0
     level1_cnt_plus[5]=0;		level1_cnt_minus[5]=0
     level1_cnt_plus[6]=0;		level1_cnt_minus[6]=0
     level1_cnt_plus[7]=0;		level1_cnt_minus[7]=0
     level1_cnt_plus[8]=0;		level1_cnt_minus[8]=0
     level1_cnt_plus[9]=0;		level1_cnt_minus[9]=0
Refinement input: 23312 bricks
Setting regions...OK (0.000 s)
Refinement result: 25349 bricks (0.003 s)
Collecting and processing rays...OK (0.003 s)
Capturing...OK (0.001 s)
FYI: m_iteration_count = 6
FYI: level1 statistics:
     level1_cnt_plus[1]=9396;		level1_cnt_minus[1]=0
     level1_cnt_plus[2]=4496;		level1_cnt_minus[2]=0
     level1_cnt_plus[3]=0;		level1_cnt_minus[3]=0
     level1_cnt_plus[4]=0;		level1_cnt_minus[4]=0
     level1_cnt_plus[5]=0;		level1_cnt_minus[5]=0
     level1_cnt_plus[6]=0;		level1_cnt_minus[6]=0
     level1_cnt_plus[7]=0;		level1_cnt_minus[7]=0
     level1_cnt_plus[8]=0;		level1_cnt_minus[8]=0
     level1_cnt_plus[9]=0;		level1_cnt_minus[9]=0
Refinement input: 25349 bricks
Setting regions...OK (0.000 s)
Refinement result: 25573 bricks (0.003 s)
Collecting and processing rays...OK (0.000 s)
Capturing...OK (0.000 s)
FYI: m_iteration_count = 7
FYI: level1 statistics:
     level1_cnt_plus[1]=9364;		level1_cnt_minus[1]=0
     level1_cnt_plus[2]=4752;		level1_cnt_minus[2]=0
     level1_cnt_plus[3]=0;		level1_cnt_minus[3]=0
     level1_cnt_plus[4]=0;		level1_cnt_minus[4]=0
     level1_cnt_plus[5]=0;		level1_cnt_minus[5]=0
     level1_cnt_plus[6]=0;		level1_cnt_minus[6]=0
     level1_cnt_plus[7]=0;		level1_cnt_minus[7]=0
     level1_cnt_plus[8]=0;		level1_cnt_minus[8]=0
     level1_cnt_plus[9]=0;		level1_cnt_minus[9]=0
Refinement input: 25573 bricks
Setting regions...OK (0.000 s)
Refinement result: 25650 bricks (0.003 s)
Collecting and processing rays...OK (0.000 s)
Capturing...OK (0.000 s)
FYI: m_iteration_count = 8
FYI: level1 statistics:
     level1_cnt_plus[1]=9353;		level1_cnt_minus[1]=0
     level1_cnt_plus[2]=4840;		level1_cnt_minus[2]=0
     level1_cnt_plus[3]=0;		level1_cnt_minus[3]=0
     level1_cnt_plus[4]=0;		level1_cnt_minus[4]=0
     level1_cnt_plus[5]=0;		level1_cnt_minus[5]=0
     level1_cnt_plus[6]=0;		level1_cnt_minus[6]=0
     level1_cnt_plus[7]=0;		level1_cnt_minus[7]=0
     level1_cnt_plus[8]=0;		level1_cnt_minus[8]=0
     level1_cnt_plus[9]=0;		level1_cnt_minus[9]=0
Refinement input: 25650 bricks
Setting regions...OK (0.000 s)
Refinement result: 25671 bricks (0.003 s)
Collecting and processing rays...OK (0.000 s)
Capturing...OK (0.000 s)
FYI: m_iteration_count = 9
FYI: level1 statistics:
     level1_cnt_plus[1]=9350;		level1_cnt_minus[1]=0
     level1_cnt_plus[2]=4864;		level1_cnt_minus[2]=0
     level1_cnt_plus[3]=0;		level1_cnt_minus[3]=0
     level1_cnt_plus[4]=0;		level1_cnt_minus[4]=0
     level1_cnt_plus[5]=0;		level1_cnt_minus[5]=0
     level1_cnt_plus[6]=0;		level1_cnt_minus[6]=0
     level1_cnt_plus[7]=0;		level1_cnt_minus[7]=0
     level1_cnt_plus[8]=0;		level1_cnt_minus[8]=0
     level1_cnt_plus[9]=0;		level1_cnt_minus[9]=0
FYI: m_iteration_count = 10
FYI: level1 statistics:
     level1_cnt_plus[1]=9350;		level1_cnt_minus[1]=0
     level1_cnt_plus[2]=4864;		level1_cnt_minus[2]=0
     level1_cnt_plus[3]=0;		level1_cnt_minus[3]=0
     level1_cnt_plus[4]=0;		level1_cnt_minus[4]=0
     level1_cnt_plus[5]=0;		level1_cnt_minus[5]=0
     level1_cnt_plus[6]=0;		level1_cnt_minus[6]=0
     level1_cnt_plus[7]=0;		level1_cnt_minus[7]=0
     level1_cnt_plus[8]=0;		level1_cnt_minus[8]=0
     level1_cnt_plus[9]=0;		level1_cnt_minus[9]=0
FYI: level1 statistics:
     level1_cnt_plus[1]=9350;		level1_cnt_minus[1]=0
     level1_cnt_plus[2]=4864;		level1_cnt_minus[2]=0
     level1_cnt_plus[3]=0;		level1_cnt_minus[3]=0
     level1_cnt_plus[4]=0;		level1_cnt_minus[4]=0
     level1_cnt_plus[5]=0;		level1_cnt_minus[5]=0
     level1_cnt_plus[6]=0;		level1_cnt_minus[6]=0
     level1_cnt_plus[7]=0;		level1_cnt_minus[7]=0
     level1_cnt_plus[8]=0;		level1_cnt_minus[8]=0
     level1_cnt_plus[9]=0;		level1_cnt_minus[9]=0

-----------------------------------------------------------------------
U-shapes refinement...
Refinement input: 25671 bricks
Setting regions...OK (0.000 s)
Setting regions...OK (0.000 s)
Refinement result: 26140 bricks (0.012 s)
Collecting and processing rays...OK (0.012 s)
Capturing...OK (0.000 s)
-----------------------------------------------------------------------

-----------------------------------------------------------------------
Equi Distant Refiner:
Equi Distant Refiner takes 0.00 s
-----------------------------------------------------------------------
Building geometry takes 0.765 s
Geometry Fluid.0.
Total		26140
Partial	8659
Fluid		4187
Solid		13246
Bad		48

/-Ray Intersection---------------/ Time	0.419 s
Calls			10029
CorrectRay Calls	0



-----------------------------------------------------------------------
Building geometries takes 0.767 s
-----------------------------------------------------------------------

-----------------------------------------------------------------------
PostBuilding geometries:
-----------------------------------------------------------------------
PostBuilding body-set (0) geometry Fluid.0. (0)...
Collecting and processing rays...OK (0.000 s)
Capturing...OK (0.000 s)
PostBuilding geometry takes 0.001 s
Geometry Fluid.0.
Total		26140
Partial	8659
Fluid		4187
Solid		13246
Bad		48

-----------------------------------------------------------------------
PostBuilding geometries takes 0.003 s
-----------------------------------------------------------------------
Defect ray count	0
FYI: CNarrowChannelRefiner::RedistributeLevel1_step_1: is finished
FYI: level1 statistics:
     level1_cnt_plus[1]=350;		level1_cnt_minus[1]=0
     level1_cnt_plus[2]=13821;		level1_cnt_minus[2]=0
     level1_cnt_plus[3]=0;		level1_cnt_minus[3]=0
     level1_cnt_plus[4]=0;		level1_cnt_minus[4]=0
     level1_cnt_plus[5]=0;		level1_cnt_minus[5]=0
     level1_cnt_plus[6]=0;		level1_cnt_minus[6]=0
     level1_cnt_plus[7]=0;		level1_cnt_minus[7]=0
     level1_cnt_plus[8]=0;		level1_cnt_minus[8]=0
     level1_cnt_plus[9]=0;		level1_cnt_minus[9]=0
FYI: CNarrowChannelRefiner::RedistributeLevel1_step_2: is started
FYI: CNarrowChannelRefiner::RedistributeLevel1_step_2: is finished
FYI: level1 statistics:
     level1_cnt_plus[1]=336;		level1_cnt_minus[1]=0
     level1_cnt_plus[2]=14193;		level1_cnt_minus[2]=0
     level1_cnt_plus[3]=0;		level1_cnt_minus[3]=0
     level1_cnt_plus[4]=0;		level1_cnt_minus[4]=0
     level1_cnt_plus[5]=0;		level1_cnt_minus[5]=0
     level1_cnt_plus[6]=0;		level1_cnt_minus[6]=0
     level1_cnt_plus[7]=0;		level1_cnt_minus[7]=0
     level1_cnt_plus[8]=0;		level1_cnt_minus[8]=0
     level1_cnt_plus[9]=0;		level1_cnt_minus[9]=0
FYI: CNarrowChannelRefiner::RedistributeLevel1_step_3: is started
FYI: CNarrowChannelRefiner::RedistributeLevel1_step_3: is finished
RedistributeLevel1 takes:
FYI: level1 statistics:
     level1_cnt_plus[1]=336;		level1_cnt_minus[1]=0
     level1_cnt_plus[2]=14193;		level1_cnt_minus[2]=1
     level1_cnt_plus[3]=0;		level1_cnt_minus[3]=0
     level1_cnt_plus[4]=0;		level1_cnt_minus[4]=0
     level1_cnt_plus[5]=0;		level1_cnt_minus[5]=0
     level1_cnt_plus[6]=0;		level1_cnt_minus[6]=0
     level1_cnt_plus[7]=0;		level1_cnt_minus[7]=0
     level1_cnt_plus[8]=0;		level1_cnt_minus[8]=0
     level1_cnt_plus[9]=0;		level1_cnt_minus[9]=0
-----------------------------------------------------------------------
MSH format builder (Iteration 0)
-----------------------------------------------------------------------
Memory Working Set Current = 57.27 Mb, Memory Working Set Peak = 71.54 Mb
Process Threads Number: 21
-----------------------------------------------------------------------
Loading geometries triangulation & x-stacks...OK
x-stacks size = 0.72 Mb
Total bricks count: 26140
-----------------------------------------------------------------------
MSH (Real Geometry) format constructor:
	Getting brick sets...OK (0.001 s)
	Min x-stack xeps = 2.86598e-06
	D / dh / eps [axis=0] = (0.122563, 0.000425432, 4.25432e-07)
	D / dh / eps [axis=1] = (0.0565799, 0.00044191, 4.4191e-07)
	D / dh / eps [axis=2] = (0.112584, 0.000390825, 3.90825e-07)
	Time (xeps): 0.000 s
Level 4
	Set (0)  size: 2172
	Set (0)  time: 0.029 s
	Set (1)  size: 2172
	Set (1)  time: 0.023 s
Level 3
	Set (0)  size: 3037
	Set (0)  time: 0.025 s
	Set (1)  size: 3044
	Set (1)  time: 0.024 s
Level 2
	Set (0)  size: 5632
	Set (0)  time: 0.031 s
	Set (1)  size: 5628
	Set (1)  time: 0.030 s
Level 1
	Set (0)  size: 1170
	Set (0)  time: 0.001 s
	Set (1)  size: 1175
	Set (1)  time: 0.001 s
Level 0
	Set (0)  size: 1056
	Set (0)  time: 0.001 s
	Set (1)  size: 1054
	Set (1)  time: 0.000 s
Result:
	Bricks number:                        26140

	Memory usage:                         5.357 MB
	Memory usage (per brick):             0.210 KB
	Construction time:                    0.167 s

	Topology features:
	------------------
	- High quality bricks                 100.00 % (26139)
	- Medium quality bricks                 0.00 % (1)
	- Bad quality bricks                    0.00 % (0)
	- Ribs corrected bricks                 0.00 % (0)
	- Points with geom-info (bricks)        0.03 % (8)
	- Points with closest-info (bricks)     0.02 % (5)
	- Triangulated by center (bricks)       0.65 % (169)
	- Facet w-faces mergings (bricks)       0.00 % (0)
	- To refine (bricks)                    0.00 % (0)

-----------------------------------------------------------------------
Memory Working Set Current = 88.72 Mb, Memory Working Set Peak = 88.73 Mb
Process Threads Number: 21
-----------------------------------------------------------------------
-----------------------------------------------------------------------
-----------------------------------------------------------------------
MSH --> BCF format (Iteration 0)...
BCF collector...(remove mode=0)
	Time (alloc counter per brick): 0.001 s
	Brick    count: 26140
	Av.f all count: 13133
	Av.s all count: 22243
	Av.f pid count: 8970
	Av.s pid count: 9168
	Faces fs count: 21384
	Faces ff count: 0
	Faces ss count: 0
	Faces bb count: 0
	Faces fe count: 0
	Faces se count: 2361
	Faces fw count: 23745
	Faces af count: 36532
	Faces as count: 70323
	Time (all count): 	0.004 s
	Time (bcf alloc): 	0.001 s
	Time (shifts alloc): 	0.002 s
	Time (shifts init): 	0.002 s
	Time (bcf fill): 	0.010 s
	Time (add av to faces): 0.000 s
	Time (add faces to av): 0.004 s
Time (bcf collect): 		0.025 s
	AV checker...
	Time (check av): 	0.008 s
	Subdomain checker...
		Subdomains construction time: 0.004 s.
		Subdomains sort time: 0.000 s.
			Subdomain 0 (geom_ind=0): 10954 av
			Subdomain 1 (geom_ind=0): 2179 av
			Subdomain 2 (geom_ind=1): 22243 av
		gi: 0, subdomains: 2, real bodies: 2
		gi: 1, subdomains: 1, real bodies: 0
		Defect subdomains: 0
	Time (check subdoms): 	0.004 s
Time (bcf iteration total): 	0.037 s
	Time (fw-nb): 		0.002 s
	Fixed mutual fw-nb:     12620 (bb: 0)
	Time (fw-nb mutual): 	0.002 s
	Time (fw-nb sort): 	0.000 s
	Fw-opt BEFORE total:    23745 (fs=21384, ff=0, ss=0)
	Fw-opt AFTER  total:    14153 (fs=11792, ff=0, ss=0, failed fw/br=15/2, big_curv=27, big_poly=0)
	Fw-opt RESULT:          9592 (res/(fs+ff+ss) = 44.86 %)
	Time (fw-opt): 		0.005 s
	Time (fw-re-order): 	0.002 s
	Time (fw-nb): 		0.008 s
	Fixed mutual fw-nb:     29647 (bb: 0)
	Time (fw-nb mutual): 	0.002 s
	Time (fw-nb sort): 	0.000 s
	Time (rfd fix): 	0.000 s
	Time (av convexity): 	0.003 s
	Time (av small volume): 0.000 s
	Time (diagonal fw-nb): 	0.019 s
	Fixed mutual fw-nb:     0 (bb: 0)
	Time (fw-nb mutual): 	0.001 s
	Time (fw-nb sort): 	0.000 s
	Fluid subdomains: 2
	Faces fw-nb diff sd:    0
	Time (fw-nb diff sd): 	0.002 s
Time (bcf calc): 		0.051 s
-----------------------------------------------------------------------
Time (bcf total): 		0.088 s
-----------------------------------------------------------------------
-----------------------------------------------------------------------
Mega-cv constructor for fluid...
	 257 av's is treated as thin
Relative size generator (threshold = 0.05)...
	Iteration 1 (small cluster count = 766)
	Iteration 2 (small cluster count = 313)
	Iteration 3 (small cluster count = 68)
	Iteration 4 (small cluster count = 16)
	Iteration 5 (small cluster count = 6)
	Iteration 6 (small cluster count = 1)
	Iteration 7 (small cluster count = 0)
	 729 mega-cv's generated
	 30 mega-cv's removed
Relative size generator is completed OK (0.003 s)
Apply fa-rules to mega-cv clusters fixes...
	Fa-rule violation fixes:       12 of       12 (total cluster# =      704)
OK (0.000 s)
Convert clusters:
	 700 mega-cv's total
Mega-cv count: 700
Time (mega-cv fill): 	0.001 s
Time (mega-cv total): 	0.011 s
-----------------------------------------------------------------------
Mixing plane rotation regions: NO.
Sliding mesh rotation regions: NO.
Fluid/fluid faces: NO.
----------------------------------------------------------
BCF --> BCF.GEOMSUBDOM (bridge arrays):
MESH (0):
	Fluid Subdom Constructor: 2 subdom(s).
	Solid Subdom Constructor: 1 subdom(s).
	Net Asm Subdom Constructor: 0 subdom(s).
	GEOMSUBDOM (0): gi=0 fluid av=10954 cv=10361 fa=30497 fb=0 fw=9129 V=2.375932e-05
	Cache data...OK
	GEOMSUBDOM (1): gi=0 fluid av=2179 cv=1940 fa=6035 fb=0 fw=2663 V=1.846894e-06
	Cache data...OK
	GEOMSUBDOM (2): gi=1 solid av=22243 cv=22243 fa=70323 fb=0 fw=14153 V=7.551156e-04
	Cache data...OK
	Setting nb of w-faces...OK (0.005 s).
	Correcting nb of w-faces...
	Time(correct_fw_nb)=0.003 s

MESH (0) checking:
	GEOMSUBDOM (0):fa_s=0.0437818997970647 fb_s=0.0000000000000000 fw_s=0.0088364762476442 fw_nb=71274
	              :d_const(62)=1.09193e-09 d_linear(241)=1.79183e-09
	GEOMSUBDOM (1):fa_s=0.0038701632269306 fb_s=0.0000000000000000 fw_s=0.0013681924361697 fw_nb=21466
	              :d_const(466)=1.42712e-13 d_linear(949)=1.3566e-12
	GEOMSUBDOM (2):fa_s=0.3992952282151188 fb_s=0.0000000000000000 fw_s=0.0644109463181328 fw_nb=102696
	              :d_const(603)=1.67616e-10 d_linear(603)=7.13552e-10
MESH (0) checking: OK.
Time (MDS): 	0.044 s
----------------------------------------------------------

-----------------------------------------------------------------------
BCF CHECKSUM DATA (Mesh 0):

WARNING! 253 w-face(s) without RefFacesData.
BRICK |Level1| Sum:               28724
FACE_A Area Sum:   G.Fluid        0.0476520630239953
FACE_A Area Sum:   G.Solid        0.3992952282151191
FACE_W Area Sum:                  0.0644109463181328
FACE_W Nb   Sum:                  102696
FACE_W min curvatures sum:        -3759765.89005470
FACE_W max curvatures sum:        5333946.57319641
AV Max Disbalance(Const) :        1.09193e-09 (cid=205, t={4, 68, 8}, avid=66, pid=54)
AV Max Disbalance(Linear):        4.80798e-09 (cid=1928, t={287, 72, 46}, avid=856, pid=675)
-----------------------------------------------------------------------


-----------------------------------------------------------------------
MESHER TOPOLOGY DATA:

BRICKS: Total                 26140
BRICKS: 1-CV                  17238
BRICKS: 2-CV                  8571
BRICKS: 3-CV                  328
BRICKS: 4-CV                  3
BRICKS: Bad                   0

AV:     G.Total               35376
AV:     G.Fluid               13133
AV:     G.Solid               22243

AV:     G.Fluid Thin Profile    2.00 % (263)
AV:     G.Solid Thin Profile    0.31 % (68)

AV:     G.Fluid Thin For Mega   1.96 % (257)
AV:     G.Solid Thin For Mega   0.27 % (60)

AV:     G.Fluid Non-Convex     20.12 % (2643)
AV:     G.Solid Non-Convex     18.39 % (4091)

AV:     G.Fluid Non-Ess-Convex      5.41 % (711)
AV:     G.Solid Non-Ess-Convex      7.24 % (1611)

FACE_A: G.Fluid          (af) 36532 (partially opened 19183)
FACE_A: G.Solid          (as) 70323 (partially opened 19511)

FACE_B: G.Total          (b)  0

FACE_W: G.Total                 14153       Brick/Bound
FACE_W: G.Fluid/Solid    (fs_g) 11792       0           
FACE_W: G.Fluid/Fluid    (ff_g) 0           0           
FACE_W: G.Solid/Solid    (ss_g) 0           0           
FACE_W: G.Fluid/External (fe_g) 0
FACE_W: G.Solid/External (se_g) 2361

AV/CV max fa count (on brick side):7
AV/CV max fw count:                7
AV/CV max fb count:                0
AV/CV max fw poly count:           37

MEMORY: Total                   12.268 MB
MEMORY: Per Brick               0.481 KB
-----------------------------------------------------------------------

-----------------------------------------------------------------------
Connectivities information:
	Number of conns: 0
-----------------------------------------------------------------------
	Time (gap size): 	0.024 s
-----------------------------------------------------------------------
Calculating curvature and tolerance criteria...
Curvature: min=0 max=3.10472
Tolerance: min=0 max=0.000437558
Calculating curvature and tolerance criteria takes 0.153 s
-----------------------------------------------------------------------
MESH Build(FS) finished. Time=1.543 s
-----------------------------------------------------------------------
Current CPU = 2 sec

Nx=18
Ny=8
Nz=18
Max BRICK Level=4
Mesh Level=4
-----------------CModelBodies2MeshMapper::CollectData started -------------------------------
-----------------CModelBodies2MeshMapper Report -------------------------------
FluidDomains 2 SolidDomains 1 VoidDomains 0 
Domains RefIndexes
Domain 0, Index count 19
Domain 1, Index count 42
Domain 2, Index count 61
----------------- -------------------------------
	ModelBodies
Total resolved Bodies 0 BodySets 0

--------------------------------------------------------------------------
	Positive geometry Bodies
Total resolved Bodies 2 BodySets 2
BodySet 0
	Bodies list:
			#0	Name: ;	ID: 464206fe-4444-4979-919c-c2764433df3e
	Domains list:		 1 
BodySet 1
	Bodies list:
			#0	Name: ;	ID: 8af8e0b2-6d7d-4bdf-84aa-61115b270e07
	Domains list:		 0 

--------------------------------------------------------------------------
	Fluid regions
Total resolved Bodies 2 BodySets 1
BodySet 0	Material: Water; 
	Bodies list:
			#0	Name: ;	ID: 464206fe-4444-4979-919c-c2764433df3e
			#1	Name: ;	ID: 8af8e0b2-6d7d-4bdf-84aa-61115b270e07
	Domains list:		 0 		 1 

--------------------------------------------------------------------------
-----------------CModelBodies2MeshMapper::CollectData finished successfully-------------------
Saving initial mesh in: N:\Downloads\GitHub\liquid-propellant-engine\2kN Heat Sink Engine\Simulation Only\1\Parametric Study 2\30\30.fld .
Storing results...
Estimated CPT size=6.016 MB.
	Time (write bcf): 1.140 s
OK
-----------------------------------------------------------------------
Memory Working Set Current = 111.16 Mb, Memory Working Set Peak = 111.16 Mb
Process Threads Number: 21
-----------------------------------------------------------------------
Cleaning memory...
		Time (free xsl):                    	0.002 s
Free Geometry DB takes 0.000 s
	Time (free bcf): 	0.011 s
		Time (free bcf mesh):               	0.027 s
	Time (free mesher data):              	0.032 s
Copying... OK
Mesh generation normally finished at	9.4.2021	17:16:44
Mesher CPU = 3 sec
Mesher is finished at	9.4.2021	17:16:44
-----------------------------------------------------------------------
Memory Working Set Current = 49.35 Mb, Memory Working Set Peak = 111.55 Mb
Process Threads Number: 21
-----------------------------------------------------------------------
Algebra Pool      : mem_usage = 0.94 Mb, allocated count = 0
Log ended at 09.04.2021	17:16:44
