Log started at 09.04.2021	16:53:16
Number of used processors (NPROC): 8.
Number of mesh partitions (NPART): 8.
Total Physical Memory = 15.93 Gb, Available Physical Memory = 10.61 Gb
Computer name:	MCAE02
Operating system:	Windows 10 (or higher) (Version 10.0.18363)

SOLIDWORKS 2020 SP4.0
Flow Simulation 2020  x64 / 4995 / MESHER ver. efd_dev.4663_05.07.2019 

Project: N:\Downloads\GitHub\liquid-propellant-engine\2kN Heat Sink Engine\Simulation Only\1\Parametric Study 2\13\13.xmlconfig
Configuration name: Default
Project name: Single Fluid (Water Substitute)
NGK: OFF
MBO: OFF

Mesh generation started:	9.4.2021	16:53:16
-----------------------------------------------------------------------
Mesher option run = eRunMesherNormal
-----------------------------------------------------------------------
Current CPU = 0 sec
-----------------------------------------------------------------------
Geometries initialization:
-----------------------------------------------------------------------
Loading mesh settings (global/local)...
-----------------------------------------------------------------------
Number of geometries from DB: 1
Geometry(0):
	Guid = {00000000-0000-0000-0000-000000000000}
	Fluid..
	1 Body.
	2 Real bodies.
	-- Bodyset 0 --
		Tolerance=3.3166e-05.
		103 Face(s).
			103 of b-spline type.
		0 Face(s) that have no ref faces
		13 Plane surface(s).
		33 Cylinder surface(s).
		5 Cone surface(s).
		4 Torus surface(s).
		48 B- surface(s).
		15074 Triangle(s).
		Getting triangle connectivities from DB: 0.002 s
		214 Edge(s).
			214 of b-spline type.
		BodyGeom reading: 0.022 s.
		61 Reference Face(s).
		10282 Reference Triangles.
		Getting triangle connectivities from DB (Ref): 0.001 s
		BodyGeom Ref reading: 0.002 s.
		Getting triangle connectivities from DB (Extra Triangulation): 0.001 s
Geometry(1):
	Solid.
	-- Bodyset 1 --
	Empty
-----------------------------------------------------------------------
Number of geometries in task: 2
Number of bodysets   in task: 2
-----------------------------------------------------------------------
	Making hash and connectivity for Bodyset ...
		CBodyGeom:
		Hash size: {18, 30, 16}.
		Mesh size: {18, 10, 16}.
		Hashing triangles...Ok.
			axis(0) tr sizes: average=64 max=5069
			axis(1) tr sizes: average=81 max=3301
			axis(2) tr sizes: average=57 max=4844
		Number of t-connected sets:3
			(0) size=12
			(1) size=8218 cavity
			(2) size=6844 cavity
		Done.
		CBodyGeomRef:
		Hashing triangles...Ok.
			axis(0) tr sizes: average=240 max=2186
			axis(1) tr sizes: average=199 max=2247
			axis(2) tr sizes: average=237 max=2545
		Done.
	0.0112 s.
Geometries reading and preparing has taken 0.042 s.

Mapped triangles:
Hashing geometries triangles
	Triangles num=15074
	Triangles box={0.0245725  ,0.148016  ,0.149534  ,0.213383  ,0.103053  ,0.216445  }
		3d-hash size is 113632 bytes
Hashing peculiar surfaces triangles
	Triangles num=37
	Triangles box={0.024018  ,0.0307351  ,0.185147  ,0.196579  ,0.102187  ,0.111432  }
		3d-hash size is 11856 bytes
	Triangles num=37
	Triangles box={0.0702151  ,0.0815803  ,0.185147  ,0.196579  ,0.215167  ,0.216361  }
		3d-hash size is 11984 bytes
	Triangles num=37
	Triangles box={0.14367  ,0.148319  ,0.185147  ,0.196579  ,0.114046  ,0.124486  }
		3d-hash size is 11892 bytes
	Triangles num=37
	Triangles box={0.0773704  ,0.0888028  ,0.213256  ,0.213256  ,0.141572  ,0.153  }
		3d-hash size is 11932 bytes
	Triangles num=30
	Triangles box={0.0831231  ,0.0845875  ,0.151282  ,0.152779  ,0.141933  ,0.142147  }
		3d-hash size is 11648 bytes
	Triangles num=30
	Triangles box={0.0784758  ,0.0793933  ,0.151282  ,0.152779  ,0.143416  ,0.144577  }
		3d-hash size is 11648 bytes
	Triangles num=30
	Triangles box={0.0857921  ,0.0869533  ,0.151282  ,0.152779  ,0.142666  ,0.143583  }
		3d-hash size is 11704 bytes
	Triangles num=30
	Triangles box={0.0877369  ,0.0882838  ,0.151282  ,0.152779  ,0.144635  ,0.14601  }
		3d-hash size is 11692 bytes
	Triangles num=30
	Triangles box={0.0778954  ,0.0784423  ,0.151282  ,0.152779  ,0.148549  ,0.149924  }
		3d-hash size is 11648 bytes
	Triangles num=30
	Triangles box={0.0843588  ,0.085734  ,0.151282  ,0.152779  ,0.151927  ,0.152474  }
		3d-hash size is 11648 bytes
	Triangles num=30
	Triangles box={0.0815917  ,0.0830561  ,0.151282  ,0.152779  ,0.152413  ,0.152627  }
		3d-hash size is 11648 bytes
	Triangles num=30
	Triangles box={0.0792259  ,0.0803871  ,0.151282  ,0.152779  ,0.150976  ,0.151894  }
		3d-hash size is 11684 bytes
	Triangles num=30
	Triangles box={0.0867859  ,0.0877034  ,0.151282  ,0.152779  ,0.149982  ,0.151143  }
		3d-hash size is 11648 bytes
	Triangles num=30
	Triangles box={0.0804451  ,0.0818203  ,0.151282  ,0.152779  ,0.142085  ,0.142632  }
		3d-hash size is 11648 bytes
	Triangles num=30
	Triangles box={0.0882225  ,0.0884365  ,0.151282  ,0.152779  ,0.147313  ,0.148778  }
		3d-hash size is 11648 bytes
	Triangles num=30
	Triangles box={0.0777427  ,0.0779566  ,0.151282  ,0.152779  ,0.145782  ,0.147246  }
		3d-hash size is 11648 bytes
	Triangles num=78
	Triangles box={0.0769688  ,0.0892111  ,0.173621  ,0.173621  ,0.141158  ,0.153401  }
		3d-hash size is 11960 bytes
Mapped triangles processed in 0.016 s.
-----------------------------------------------------------------------
Getting sectors:
Number of sectors: 0
-----------------------------------------------------------------------
-----------------------------------------------------------------------

Current CPU = 0 sec

-----------------------------------------------------------------------
Mesh dimensions:
				I[0 ]=18
				I[1 ]=10
				I[2 ]=16

Comp. domain size:
				a[0  ]=0.0246957
				a[1  ]=0.147892
				a[2  ]=0.149598
				a[3  ]=0.21332
				a[4  ]=0.103166
				a[5  ]=0.216332

Fluid calculated			1
Solid calculated			0
-----------------------------------------------------------------------
MESH Build started...
-----------------------------------------------------------------------
Mesh LEVEL = 4
-----------------------------------------------------------------------
Setting regions...OK (0.000 s)
Base mesh info------------------
	2D flag  =0
	Period   =[0, 0, 0]
	Nx=18
		x[0]=0.0246957
		x[1]=0.0315421
		x[2]=0.0383864
		x[3]=0.0452307
		x[4]=0.0520749
		x[5]=0.0589192
		x[6]=0.0657634
		x[7]=0.0726077
		x[8]=0.0794519
		x[9]=0.0862962
		x[10]=0.0931405
		x[11]=0.0999847
		x[12]=0.106829
		x[13]=0.113673
		x[14]=0.120517
		x[15]=0.127362
		x[16]=0.134206
		x[17]=0.14105
		x[18]=0.147892
	Ny=10
		y[0]=0.149598
		y[1]=0.155972
		y[2]=0.162344
		y[3]=0.168716
		y[4]=0.175088
		y[5]=0.181461
		y[6]=0.187833
		y[7]=0.194205
		y[8]=0.200577
		y[9]=0.206949
		y[10]=0.21332
	Nz=16
		z[0]=0.103166
		z[1]=0.11024
		z[2]=0.117313
		z[3]=0.124386
		z[4]=0.131459
		z[5]=0.138532
		z[6]=0.145605
		z[7]=0.152678
		z[8]=0.15975
		z[9]=0.166823
		z[10]=0.173896
		z[11]=0.180969
		z[12]=0.188042
		z[13]=0.195115
		z[14]=0.202188
		z[15]=0.20926
		z[16]=0.216332
End of base mesh info---------
Input_mesh_settings--------------------------------
Settings 0----------------
	Scope: GLOBAL
	Type:	------MESHER_SETTINGS----------
	RefAllCells           =0
	RefFluidCells         =0
	RefPartCells          =0
	RefSolidCells         =0
	l_SSFR(Capture crit)  =4
	l_curv(Curvature crit)=0
	l_tol(Tolerance crit) =4
	  k_tol               =0.000377956
	UseChannelRef         =1
	  NCR_method          =0
	  l_NCR               =2
	  N_gap               =5
	  Use d_NCR_min       =0
	  Use d_NCR_max       =0
	IgnoreThinChannelsHeight         =0
	--END_OF_MESHER_SETTINGS-------
End of input mesh settings-------------------------

-----------------------------------------------------------------------
Building geometries:
-----------------------------------------------------------------------
Building body-set (0) of geometry Fluid.0.(0). ...

-----------------------------------------------------------------------
Refining by triangulation...
Refinement input: 2880 bricks
Setting regions...OK (0.000 s)
Setting regions...OK (0.000 s)
Setting regions...OK (0.000 s)
Setting regions...OK (0.000 s)
Setting regions...OK (0.000 s)
Refinement result: 18294 bricks (0.106 s)
Refinement input: 18294 bricks
Refinement result: 18294 bricks (0.004 s)
Collecting and processing rays...OK (0.093 s)
Capturing...OK (0.003 s)
Refining by triangulation takes 0.207 s
-----------------------------------------------------------------------

-----------------------------------------------------------------------
Refining peculiar surfaces...
Refinement input: 18294 bricks
Setting regions...OK (0.000 s)
Refinement result: 18371 bricks (0.003 s)
Refinement input: 18371 bricks
Setting regions...OK (0.000 s)
Refinement result: 18420 bricks (0.003 s)
Refinement input: 18420 bricks
Setting regions...OK (0.000 s)
Refinement result: 18434 bricks (0.002 s)
Refinement input: 18434 bricks
Setting regions...OK (0.000 s)
Refinement result: 18532 bricks (0.003 s)
Refinement input: 18532 bricks
Setting regions...OK (0.000 s)
Refinement result: 18581 bricks (0.002 s)
Refinement input: 18581 bricks
Setting regions...OK (0.000 s)
Refinement result: 18602 bricks (0.002 s)
Refinement input: 18602 bricks
Setting regions...OK (0.000 s)
Refinement result: 18679 bricks (0.003 s)
Refinement input: 18679 bricks
Setting regions...OK (0.000 s)
Refinement result: 18735 bricks (0.003 s)
Refinement input: 18735 bricks
Setting regions...OK (0.000 s)
Refinement result: 18777 bricks (0.003 s)
9 surfaces refined
Refining peculiar surfaces takes 0.054 s
-----------------------------------------------------------------------
Collecting and processing rays...OK (0.002 s)
Capturing...OK (0.000 s)
Collecting and processing rays...OK (0.000 s)
Capturing...OK (0.000 s)
Collecting and processing rays...OK (0.000 s)
Capturing...OK (0.000 s)

-----------------------------------------------------------------------
Base mesh 1 Refining...
Refinement input: 18777 bricks
Refinement result: 18777 bricks (0.000 s)
Collecting and processing rays...OK (0.000 s)
Capturing...OK (0.000 s)
-----------------------------------------------------------------------
Refining channels...
FYI: CNarrowChannelRefiner::RefineChannels_PRLL
Refinement input: 18777 bricks
Setting regions...OK (0.000 s)
Refinement result: 20779 bricks (0.002 s)
Collecting and processing rays...OK (0.006 s)
Capturing...OK (0.000 s)
FYI: m_iteration_count = 0
FYI: level1 statistics:
     level1_cnt_plus[1]=2288;		level1_cnt_minus[1]=0
     level1_cnt_plus[2]=0;		level1_cnt_minus[2]=0
     level1_cnt_plus[3]=0;		level1_cnt_minus[3]=0
     level1_cnt_plus[4]=0;		level1_cnt_minus[4]=0
     level1_cnt_plus[5]=0;		level1_cnt_minus[5]=0
     level1_cnt_plus[6]=0;		level1_cnt_minus[6]=0
     level1_cnt_plus[7]=0;		level1_cnt_minus[7]=0
     level1_cnt_plus[8]=0;		level1_cnt_minus[8]=0
     level1_cnt_plus[9]=0;		level1_cnt_minus[9]=0
Refinement input: 20779 bricks
Setting regions...OK (0.000 s)
Refinement result: 21094 bricks (0.003 s)
Collecting and processing rays...OK (0.002 s)
Capturing...OK (0.000 s)
FYI: m_iteration_count = 1
FYI: level1 statistics:
     level1_cnt_plus[1]=2648;		level1_cnt_minus[1]=0
     level1_cnt_plus[2]=0;		level1_cnt_minus[2]=0
     level1_cnt_plus[3]=0;		level1_cnt_minus[3]=0
     level1_cnt_plus[4]=0;		level1_cnt_minus[4]=0
     level1_cnt_plus[5]=0;		level1_cnt_minus[5]=0
     level1_cnt_plus[6]=0;		level1_cnt_minus[6]=0
     level1_cnt_plus[7]=0;		level1_cnt_minus[7]=0
     level1_cnt_plus[8]=0;		level1_cnt_minus[8]=0
     level1_cnt_plus[9]=0;		level1_cnt_minus[9]=0
Refinement input: 21094 bricks
Setting regions...OK (0.000 s)
Refinement result: 21171 bricks (0.002 s)
Collecting and processing rays...OK (0.000 s)
Capturing...OK (0.000 s)
FYI: m_iteration_count = 2
FYI: level1 statistics:
     level1_cnt_plus[1]=2736;		level1_cnt_minus[1]=0
     level1_cnt_plus[2]=0;		level1_cnt_minus[2]=0
     level1_cnt_plus[3]=0;		level1_cnt_minus[3]=0
     level1_cnt_plus[4]=0;		level1_cnt_minus[4]=0
     level1_cnt_plus[5]=0;		level1_cnt_minus[5]=0
     level1_cnt_plus[6]=0;		level1_cnt_minus[6]=0
     level1_cnt_plus[7]=0;		level1_cnt_minus[7]=0
     level1_cnt_plus[8]=0;		level1_cnt_minus[8]=0
     level1_cnt_plus[9]=0;		level1_cnt_minus[9]=0
Refinement input: 21171 bricks
Setting regions...OK (0.000 s)
Refinement result: 21178 bricks (0.002 s)
Collecting and processing rays...OK (0.000 s)
Capturing...OK (0.000 s)
FYI: m_iteration_count = 3
FYI: level1 statistics:
     level1_cnt_plus[1]=2744;		level1_cnt_minus[1]=0
     level1_cnt_plus[2]=0;		level1_cnt_minus[2]=0
     level1_cnt_plus[3]=0;		level1_cnt_minus[3]=0
     level1_cnt_plus[4]=0;		level1_cnt_minus[4]=0
     level1_cnt_plus[5]=0;		level1_cnt_minus[5]=0
     level1_cnt_plus[6]=0;		level1_cnt_minus[6]=0
     level1_cnt_plus[7]=0;		level1_cnt_minus[7]=0
     level1_cnt_plus[8]=0;		level1_cnt_minus[8]=0
     level1_cnt_plus[9]=0;		level1_cnt_minus[9]=0
FYI: m_iteration_count = 4
FYI: level1 statistics:
     level1_cnt_plus[1]=2744;		level1_cnt_minus[1]=0
     level1_cnt_plus[2]=0;		level1_cnt_minus[2]=0
     level1_cnt_plus[3]=0;		level1_cnt_minus[3]=0
     level1_cnt_plus[4]=0;		level1_cnt_minus[4]=0
     level1_cnt_plus[5]=0;		level1_cnt_minus[5]=0
     level1_cnt_plus[6]=0;		level1_cnt_minus[6]=0
     level1_cnt_plus[7]=0;		level1_cnt_minus[7]=0
     level1_cnt_plus[8]=0;		level1_cnt_minus[8]=0
     level1_cnt_plus[9]=0;		level1_cnt_minus[9]=0
Refinement input: 21178 bricks
Setting regions...OK (0.000 s)
Refinement result: 24762 bricks (0.003 s)
Collecting and processing rays...OK (0.007 s)
Capturing...OK (0.001 s)
FYI: m_iteration_count = 5
FYI: level1 statistics:
     level1_cnt_plus[1]=6660;		level1_cnt_minus[1]=0
     level1_cnt_plus[2]=160;		level1_cnt_minus[2]=0
     level1_cnt_plus[3]=0;		level1_cnt_minus[3]=0
     level1_cnt_plus[4]=0;		level1_cnt_minus[4]=0
     level1_cnt_plus[5]=0;		level1_cnt_minus[5]=0
     level1_cnt_plus[6]=0;		level1_cnt_minus[6]=0
     level1_cnt_plus[7]=0;		level1_cnt_minus[7]=0
     level1_cnt_plus[8]=0;		level1_cnt_minus[8]=0
     level1_cnt_plus[9]=0;		level1_cnt_minus[9]=0
FYI: m_iteration_count = 6
FYI: level1 statistics:
     level1_cnt_plus[1]=6660;		level1_cnt_minus[1]=0
     level1_cnt_plus[2]=160;		level1_cnt_minus[2]=0
     level1_cnt_plus[3]=0;		level1_cnt_minus[3]=0
     level1_cnt_plus[4]=0;		level1_cnt_minus[4]=0
     level1_cnt_plus[5]=0;		level1_cnt_minus[5]=0
     level1_cnt_plus[6]=0;		level1_cnt_minus[6]=0
     level1_cnt_plus[7]=0;		level1_cnt_minus[7]=0
     level1_cnt_plus[8]=0;		level1_cnt_minus[8]=0
     level1_cnt_plus[9]=0;		level1_cnt_minus[9]=0
FYI: level1 statistics:
     level1_cnt_plus[1]=6660;		level1_cnt_minus[1]=0
     level1_cnt_plus[2]=160;		level1_cnt_minus[2]=0
     level1_cnt_plus[3]=0;		level1_cnt_minus[3]=0
     level1_cnt_plus[4]=0;		level1_cnt_minus[4]=0
     level1_cnt_plus[5]=0;		level1_cnt_minus[5]=0
     level1_cnt_plus[6]=0;		level1_cnt_minus[6]=0
     level1_cnt_plus[7]=0;		level1_cnt_minus[7]=0
     level1_cnt_plus[8]=0;		level1_cnt_minus[8]=0
     level1_cnt_plus[9]=0;		level1_cnt_minus[9]=0

-----------------------------------------------------------------------
U-shapes refinement...
Refinement input: 24762 bricks
Setting regions...OK (0.000 s)
Setting regions...OK (0.000 s)
Refinement result: 25294 bricks (0.011 s)
Collecting and processing rays...OK (0.007 s)
Capturing...OK (0.000 s)
-----------------------------------------------------------------------

-----------------------------------------------------------------------
Equi Distant Refiner:
Equi Distant Refiner takes 0.00 s
-----------------------------------------------------------------------
Building geometry takes 0.757 s
Geometry Fluid.0.
Total		25294
Partial	8586
Fluid		3896
Solid		12741
Bad		71

/-Ray Intersection---------------/ Time	0.417 s
Calls			9250
CorrectRay Calls	0



-----------------------------------------------------------------------
Building geometries takes 0.759 s
-----------------------------------------------------------------------

-----------------------------------------------------------------------
PostBuilding geometries:
-----------------------------------------------------------------------
PostBuilding body-set (0) geometry Fluid.0. (0)...
Collecting and processing rays...OK (0.000 s)
Capturing...OK (0.000 s)
PostBuilding geometry takes 0.001 s
Geometry Fluid.0.
Total		25294
Partial	8586
Fluid		3896
Solid		12741
Bad		71

-----------------------------------------------------------------------
PostBuilding geometries takes 0.002 s
-----------------------------------------------------------------------
Defect ray count	0
FYI: CNarrowChannelRefiner::RedistributeLevel1_step_1: is finished
FYI: level1 statistics:
     level1_cnt_plus[1]=1226;		level1_cnt_minus[1]=0
     level1_cnt_plus[2]=5594;		level1_cnt_minus[2]=0
     level1_cnt_plus[3]=0;		level1_cnt_minus[3]=0
     level1_cnt_plus[4]=0;		level1_cnt_minus[4]=0
     level1_cnt_plus[5]=0;		level1_cnt_minus[5]=0
     level1_cnt_plus[6]=0;		level1_cnt_minus[6]=0
     level1_cnt_plus[7]=0;		level1_cnt_minus[7]=0
     level1_cnt_plus[8]=0;		level1_cnt_minus[8]=0
     level1_cnt_plus[9]=0;		level1_cnt_minus[9]=0
FYI: CNarrowChannelRefiner::RedistributeLevel1_step_2: is started
FYI: CNarrowChannelRefiner::RedistributeLevel1_step_2: is finished
FYI: level1 statistics:
     level1_cnt_plus[1]=1791;		level1_cnt_minus[1]=0
     level1_cnt_plus[2]=9150;		level1_cnt_minus[2]=0
     level1_cnt_plus[3]=0;		level1_cnt_minus[3]=0
     level1_cnt_plus[4]=0;		level1_cnt_minus[4]=0
     level1_cnt_plus[5]=0;		level1_cnt_minus[5]=0
     level1_cnt_plus[6]=0;		level1_cnt_minus[6]=0
     level1_cnt_plus[7]=0;		level1_cnt_minus[7]=0
     level1_cnt_plus[8]=0;		level1_cnt_minus[8]=0
     level1_cnt_plus[9]=0;		level1_cnt_minus[9]=0
FYI: CNarrowChannelRefiner::RedistributeLevel1_step_3: is started
FYI: CNarrowChannelRefiner::RedistributeLevel1_step_3: is finished
RedistributeLevel1 takes:
FYI: level1 statistics:
     level1_cnt_plus[1]=1791;		level1_cnt_minus[1]=1667
     level1_cnt_plus[2]=9150;		level1_cnt_minus[2]=2247
     level1_cnt_plus[3]=0;		level1_cnt_minus[3]=0
     level1_cnt_plus[4]=0;		level1_cnt_minus[4]=0
     level1_cnt_plus[5]=0;		level1_cnt_minus[5]=0
     level1_cnt_plus[6]=0;		level1_cnt_minus[6]=0
     level1_cnt_plus[7]=0;		level1_cnt_minus[7]=0
     level1_cnt_plus[8]=0;		level1_cnt_minus[8]=0
     level1_cnt_plus[9]=0;		level1_cnt_minus[9]=0
-----------------------------------------------------------------------
MSH format builder (Iteration 0)
-----------------------------------------------------------------------
Memory Working Set Current = 56.83 Mb, Memory Working Set Peak = 71.18 Mb
Process Threads Number: 21
-----------------------------------------------------------------------
Loading geometries triangulation & x-stacks...OK
x-stacks size = 0.67 Mb
Total bricks count: 25294
-----------------------------------------------------------------------
MSH (Real Geometry) format constructor:
	Getting brick sets...OK (0.001 s)
	Min x-stack xeps = 1.74675e-06
	D / dh / eps [axis=0] = (0.123197, 0.000427632, 4.27632e-07)
	D / dh / eps [axis=1] = (0.0637215, 0.000398151, 3.98151e-07)
	D / dh / eps [axis=2] = (0.113166, 0.000441952, 4.41952e-07)
	Time (xeps): 0.000 s
Level 4
	Set (0)  size: 1988
	Set (0)  time: 0.054 s
	Set (1)  size: 1988
	Set (1)  time: 0.026 s
Level 3
	Set (0)  size: 2659
	Set (0)  time: 0.021 s
	Set (1)  size: 2668
	Set (1)  time: 0.021 s
Level 2
	Set (0)  size: 5729
	Set (0)  time: 0.033 s
	Set (1)  size: 5727
	Set (1)  time: 0.030 s
Level 1
	Set (0)  size: 1055
	Set (0)  time: 0.000 s
	Set (1)  size: 1054
	Set (1)  time: 0.000 s
Level 0
	Set (0)  size: 1218
	Set (0)  time: 0.000 s
	Set (1)  size: 1208
	Set (1)  time: 0.001 s
Result:
	Bricks number:                        25294

	Memory usage:                         5.306 MB
	Memory usage (per brick):             0.215 KB
	Construction time:                    0.190 s

	Topology features:
	------------------
	- High quality bricks                  99.98 % (25289)
	- Medium quality bricks                 0.02 % (5)
	- Bad quality bricks                    0.00 % (0)
	- Ribs corrected bricks                 0.00 % (0)
	- Points with geom-info (bricks)        0.11 % (28)
	- Points with closest-info (bricks)     0.01 % (3)
	- Triangulated by center (bricks)       0.75 % (189)
	- Facet w-faces mergings (bricks)       0.00 % (0)
	- To refine (bricks)                    0.00 % (0)

-----------------------------------------------------------------------
Memory Working Set Current = 91.22 Mb, Memory Working Set Peak = 91.23 Mb
Process Threads Number: 21
-----------------------------------------------------------------------
-----------------------------------------------------------------------
-----------------------------------------------------------------------
MSH --> BCF format (Iteration 0)...
BCF collector...(remove mode=0)
	Time (alloc counter per brick): 0.001 s
	Brick    count: 25294
	Av.f all count: 12779
	Av.s all count: 21753
	Av.f pid count: 8901
	Av.s pid count: 9172
	Faces fs count: 21325
	Faces ff count: 0
	Faces ss count: 0
	Faces bb count: 0
	Faces fe count: 0
	Faces se count: 2348
	Faces fw count: 23673
	Faces af count: 35294
	Faces as count: 68217
	Time (all count): 	0.004 s
	Time (bcf alloc): 	0.001 s
	Time (shifts alloc): 	0.002 s
	Time (shifts init): 	0.002 s
	Time (bcf fill): 	0.010 s
	Time (add av to faces): 0.000 s
	Time (add faces to av): 0.004 s
Time (bcf collect): 		0.023 s
	AV checker...
	Time (check av): 	0.008 s
	Subdomain checker...
		Subdomains construction time: 0.004 s.
		Subdomains sort time: 0.000 s.
			Subdomain 0 (geom_ind=0): 10240 av
			Subdomain 1 (geom_ind=0): 2539 av
			Subdomain 2 (geom_ind=1): 21753 av
		gi: 0, subdomains: 2, real bodies: 2
		gi: 1, subdomains: 1, real bodies: 0
		Defect subdomains: 0
	Time (check subdoms): 	0.004 s
Time (bcf iteration total): 	0.035 s
	Time (fw-nb): 		0.002 s
	Fixed mutual fw-nb:     12575 (bb: 0)
	Time (fw-nb mutual): 	0.002 s
	Time (fw-nb sort): 	0.000 s
	Fw-opt BEFORE total:    23673 (fs=21325, ff=0, ss=0)
	Fw-opt AFTER  total:    14136 (fs=11788, ff=0, ss=0, failed fw/br=21/2, big_curv=60, big_poly=0)
	Fw-opt RESULT:          9537 (res/(fs+ff+ss) = 44.72 %)
	Time (fw-opt): 		0.005 s
	Time (fw-re-order): 	0.002 s
	Time (fw-nb): 		0.008 s
	Fixed mutual fw-nb:     29421 (bb: 0)
	Time (fw-nb mutual): 	0.002 s
	Time (fw-nb sort): 	0.000 s
	Time (rfd fix): 	0.000 s
	Time (av convexity): 	0.003 s
	Time (av small volume): 0.000 s
	Time (diagonal fw-nb): 	0.019 s
	Fixed mutual fw-nb:     0 (bb: 0)
	Time (fw-nb mutual): 	0.001 s
	Time (fw-nb sort): 	0.000 s
	Fluid subdomains: 2
	Faces fw-nb diff sd:    0
	Time (fw-nb diff sd): 	0.002 s
Time (bcf calc): 		0.051 s
-----------------------------------------------------------------------
Time (bcf total): 		0.086 s
-----------------------------------------------------------------------
-----------------------------------------------------------------------
Mega-cv constructor for fluid...
	 323 av's is treated as thin
Relative size generator (threshold = 0.05)...
	Iteration 1 (small cluster count = 911)
	Iteration 2 (small cluster count = 384)
	Iteration 3 (small cluster count = 64)
	Iteration 4 (small cluster count = 12)
	Iteration 5 (small cluster count = 4)
	Iteration 6 (small cluster count = 2)
	Iteration 7 (small cluster count = 0)
	 891 mega-cv's generated
	 22 mega-cv's removed
Relative size generator is completed OK (0.003 s)
Apply fa-rules to mega-cv clusters fixes...
	Fa-rule violation fixes:       15 of       15 (total cluster# =      875)
OK (0.001 s)
Convert clusters:
	 869 mega-cv's total
Mega-cv count: 869
Time (mega-cv fill): 	0.002 s
Time (mega-cv total): 	0.011 s
-----------------------------------------------------------------------
Mixing plane rotation regions: NO.
Sliding mesh rotation regions: NO.
Fluid/fluid faces: NO.
----------------------------------------------------------
BCF --> BCF.GEOMSUBDOM (bridge arrays):
MESH (0):
	Fluid Subdom Constructor: 2 subdom(s).
	Solid Subdom Constructor: 1 subdom(s).
	Net Asm Subdom Constructor: 0 subdom(s).
	GEOMSUBDOM (0): gi=0 fluid av=10240 cv=9578 fa=28373 fb=0 fw=8712 V=2.197779e-05
	Cache data...OK
	GEOMSUBDOM (1): gi=0 fluid av=2539 cv=2249 fa=6921 fb=0 fw=3076 V=2.003069e-06
	Cache data...OK
	GEOMSUBDOM (2): gi=1 solid av=21753 cv=21753 fa=68217 fb=0 fw=14136 V=8.644011e-04
	Cache data...OK
	Setting nb of w-faces...OK (0.005 s).
	Correcting nb of w-faces...
	Time(correct_fw_nb)=0.003 s

MESH (0) checking:
	GEOMSUBDOM (0):fa_s=0.0406739548716931 fb_s=0.0000000000000000 fw_s=0.0089024690345842 fw_nb=68432
	              :d_const(2)=3.89098e-10 d_linear(199)=3.40587e-10
	GEOMSUBDOM (1):fa_s=0.0042533292031449 fb_s=0.0000000000000000 fw_s=0.0014916263105852 fw_nb=25348
	              :d_const(2219)=6.7389e-14 d_linear(329)=9.92885e-13
	GEOMSUBDOM (2):fa_s=0.4426282819754902 fb_s=0.0000000000000000 fw_s=0.0684000874215422 fw_nb=103666
	              :d_const(536)=9.95466e-11 d_linear(7151)=5.82471e-09
MESH (0) checking: OK.
Time (MDS): 	0.043 s
----------------------------------------------------------

-----------------------------------------------------------------------
BCF CHECKSUM DATA (Mesh 0):

WARNING! 266 w-face(s) without RefFacesData.
BRICK |Level1| Sum:               26252
FACE_A Area Sum:   G.Fluid        0.0449272840748380
FACE_A Area Sum:   G.Solid        0.4426282819754904
FACE_W Area Sum:                  0.0684000874215422
FACE_W Nb   Sum:                  103666
FACE_W min curvatures sum:        -4155786.87101460
FACE_W max curvatures sum:        5555596.66837013
AV Max Disbalance(Const) :        3.89098e-10 (cid=129, t={6, 92, 7}, avid=4, pid=4)
AV Max Disbalance(Linear):        5.82471e-09 (cid=13575, t={136, 6, 106}, avid=24441, pid=5228)
-----------------------------------------------------------------------


-----------------------------------------------------------------------
MESHER TOPOLOGY DATA:

BRICKS: Total                 25294
BRICKS: 1-CV                  16459
BRICKS: 2-CV                  8435
BRICKS: 3-CV                  397
BRICKS: 4-CV                  3
BRICKS: Bad                   0

AV:     G.Total               34532
AV:     G.Fluid               12779
AV:     G.Solid               21753

AV:     G.Fluid Thin Profile    2.62 % (335)
AV:     G.Solid Thin Profile    0.30 % (65)

AV:     G.Fluid Thin For Mega   2.53 % (323)
AV:     G.Solid Thin For Mega   0.27 % (59)

AV:     G.Fluid Non-Convex     19.67 % (2514)
AV:     G.Solid Non-Convex     18.90 % (4112)

AV:     G.Fluid Non-Ess-Convex      5.65 % (722)
AV:     G.Solid Non-Ess-Convex      6.93 % (1508)

FACE_A: G.Fluid          (af) 35294 (partially opened 19081)
FACE_A: G.Solid          (as) 68217 (partially opened 19487)

FACE_B: G.Total          (b)  0

FACE_W: G.Total                 14136       Brick/Bound
FACE_W: G.Fluid/Solid    (fs_g) 11788       0           
FACE_W: G.Fluid/Fluid    (ff_g) 0           0           
FACE_W: G.Solid/Solid    (ss_g) 0           0           
FACE_W: G.Fluid/External (fe_g) 0
FACE_W: G.Solid/External (se_g) 2348

AV/CV max fa count (on brick side):6
AV/CV max fw count:                6
AV/CV max fb count:                0
AV/CV max fw poly count:           28

MEMORY: Total                   12.017 MB
MEMORY: Per Brick               0.487 KB
-----------------------------------------------------------------------

-----------------------------------------------------------------------
Connectivities information:
	Number of conns: 0
-----------------------------------------------------------------------
	Time (gap size): 	0.024 s
-----------------------------------------------------------------------
Calculating curvature and tolerance criteria...
Curvature: min=0 max=3.13861
Tolerance: min=0 max=0.000391749
Calculating curvature and tolerance criteria takes 0.185 s
-----------------------------------------------------------------------
MESH Build(FS) finished. Time=1.566 s
-----------------------------------------------------------------------
Current CPU = 1 sec

Nx=18
Ny=10
Nz=16
Max BRICK Level=4
Mesh Level=4
-----------------CModelBodies2MeshMapper::CollectData started -------------------------------
-----------------CModelBodies2MeshMapper Report -------------------------------
FluidDomains 2 SolidDomains 1 VoidDomains 0 
Domains RefIndexes
Domain 0, Index count 19
Domain 1, Index count 42
Domain 2, Index count 61
----------------- -------------------------------
	ModelBodies
Total resolved Bodies 0 BodySets 0

--------------------------------------------------------------------------
	Positive geometry Bodies
Total resolved Bodies 2 BodySets 2
BodySet 0
	Bodies list:
			#0	Name: ;	ID: 9218ee83-0eb7-47c1-ab83-92c1cd5011bc
	Domains list:		 1 
BodySet 1
	Bodies list:
			#0	Name: ;	ID: 5fdfb342-dfc0-49c0-b09d-29a9e92bed67
	Domains list:		 0 

--------------------------------------------------------------------------
	Fluid regions
Total resolved Bodies 2 BodySets 1
BodySet 0	Material: Water; 
	Bodies list:
			#0	Name: ;	ID: 9218ee83-0eb7-47c1-ab83-92c1cd5011bc
			#1	Name: ;	ID: 5fdfb342-dfc0-49c0-b09d-29a9e92bed67
	Domains list:		 0 		 1 

--------------------------------------------------------------------------
-----------------CModelBodies2MeshMapper::CollectData finished successfully-------------------
Saving initial mesh in: N:\Downloads\GitHub\liquid-propellant-engine\2kN Heat Sink Engine\Simulation Only\1\Parametric Study 2\13\13.fld .
Storing results...
Estimated CPT size=5.911 MB.
	Time (write bcf): 1.246 s
OK
-----------------------------------------------------------------------
Memory Working Set Current = 109.73 Mb, Memory Working Set Peak = 109.73 Mb
Process Threads Number: 21
-----------------------------------------------------------------------
Cleaning memory...
		Time (free xsl):                    	0.002 s
Free Geometry DB takes 0.000 s
	Time (free bcf): 	0.011 s
		Time (free bcf mesh):               	0.026 s
	Time (free mesher data):              	0.030 s
Copying... OK
Mesh generation normally finished at	9.4.2021	16:53:19
Mesher CPU = 3 sec
Mesher is finished at	9.4.2021	16:53:19
-----------------------------------------------------------------------
Memory Working Set Current = 49.75 Mb, Memory Working Set Peak = 110.13 Mb
Process Threads Number: 21
-----------------------------------------------------------------------
Algebra Pool      : mem_usage = 0.94 Mb, allocated count = 0
Log ended at 09.04.2021	16:53:19
