Log started at 09.04.2021	16:54:53
Number of used processors (NPROC): 8.
Number of mesh partitions (NPART): 8.
Total Physical Memory = 15.93 Gb, Available Physical Memory = 10.61 Gb
Computer name:	MCAE02
Operating system:	Windows 10 (or higher) (Version 10.0.18363)

SOLIDWORKS 2020 SP4.0
Flow Simulation 2020  x64 / 4995 / MESHER ver. efd_dev.4663_05.07.2019 

Project: N:\Downloads\GitHub\liquid-propellant-engine\2kN Heat Sink Engine\Simulation Only\1\Parametric Study 2\14\14.xmlconfig
Configuration name: Default
Project name: Single Fluid (Water Substitute)
NGK: OFF
MBO: OFF

Mesh generation started:	9.4.2021	16:54:53
-----------------------------------------------------------------------
Mesher option run = eRunMesherNormal
-----------------------------------------------------------------------
Current CPU = 0 sec
-----------------------------------------------------------------------
Geometries initialization:
-----------------------------------------------------------------------
Loading mesh settings (global/local)...
-----------------------------------------------------------------------
Number of geometries from DB: 1
Geometry(0):
	Guid = {00000000-0000-0000-0000-000000000000}
	Fluid..
	1 Body.
	2 Real bodies.
	-- Bodyset 0 --
		Tolerance=3.3166e-05.
		107 Face(s).
			107 of b-spline type.
		0 Face(s) that have no ref faces
		15 Plane surface(s).
		35 Cylinder surface(s).
		5 Cone surface(s).
		4 Torus surface(s).
		48 B- surface(s).
		15844 Triangle(s).
		Getting triangle connectivities from DB: 0.002 s
		218 Edge(s).
			218 of b-spline type.
		BodyGeom reading: 0.022 s.
		65 Reference Face(s).
		11052 Reference Triangles.
		Getting triangle connectivities from DB (Ref): 0.001 s
		BodyGeom Ref reading: 0.002 s.
		Getting triangle connectivities from DB (Extra Triangulation): 0.002 s
Geometry(1):
	Solid.
	-- Bodyset 1 --
	Empty
-----------------------------------------------------------------------
Number of geometries in task: 2
Number of bodysets   in task: 2
-----------------------------------------------------------------------
	Making hash and connectivity for Bodyset ...
		CBodyGeom:
		Hash size: {18, 32, 18}.
		Mesh size: {18, 8, 18}.
		Hashing triangles...Ok.
			axis(0) tr sizes: average=60 max=3806
			axis(1) tr sizes: average=76 max=3276
			axis(2) tr sizes: average=61 max=4307
		Number of t-connected sets:3
			(0) size=12
			(1) size=8218 cavity
			(2) size=7614 cavity
		Done.
		CBodyGeomRef:
		Hashing triangles...Ok.
			axis(0) tr sizes: average=301 max=1647
			axis(1) tr sizes: average=179 max=2069
			axis(2) tr sizes: average=309 max=2542
		Done.
	0.0132 s.
Geometries reading and preparing has taken 0.044 s.

Mapped triangles:
Hashing geometries triangles
	Triangles num=15844
	Triangles box={0.0246718  ,0.147947  ,0.155108  ,0.213372  ,0.103189  ,0.216427  }
		3d-hash size is 115884 bytes
Hashing peculiar surfaces triangles
	Triangles num=37
	Triangles box={0.024018  ,0.0307351  ,0.185147  ,0.196579  ,0.102187  ,0.111432  }
		3d-hash size is 10652 bytes
	Triangles num=37
	Triangles box={0.0702151  ,0.0815803  ,0.185147  ,0.196579  ,0.215167  ,0.216361  }
		3d-hash size is 10776 bytes
	Triangles num=37
	Triangles box={0.14367  ,0.148319  ,0.185147  ,0.196579  ,0.114046  ,0.124486  }
		3d-hash size is 10760 bytes
	Triangles num=37
	Triangles box={0.0773704  ,0.0888028  ,0.213256  ,0.213256  ,0.141572  ,0.153  }
		3d-hash size is 10736 bytes
	Triangles num=30
	Triangles box={0.0831231  ,0.0845875  ,0.156845  ,0.158342  ,0.141933  ,0.142147  }
		3d-hash size is 10496 bytes
	Triangles num=30
	Triangles box={0.0784758  ,0.0793933  ,0.156845  ,0.158342  ,0.143416  ,0.144577  }
		3d-hash size is 10496 bytes
	Triangles num=30
	Triangles box={0.0857921  ,0.0869533  ,0.156845  ,0.158342  ,0.142666  ,0.143583  }
		3d-hash size is 10552 bytes
	Triangles num=30
	Triangles box={0.0877369  ,0.0882838  ,0.156845  ,0.158342  ,0.144635  ,0.14601  }
		3d-hash size is 10496 bytes
	Triangles num=30
	Triangles box={0.0778954  ,0.0784423  ,0.156845  ,0.158342  ,0.148549  ,0.149924  }
		3d-hash size is 10496 bytes
	Triangles num=30
	Triangles box={0.0843588  ,0.085734  ,0.156845  ,0.158342  ,0.151927  ,0.152474  }
		3d-hash size is 10496 bytes
	Triangles num=30
	Triangles box={0.0815917  ,0.0830561  ,0.156845  ,0.158342  ,0.152413  ,0.152627  }
		3d-hash size is 10496 bytes
	Triangles num=30
	Triangles box={0.0792259  ,0.0803871  ,0.156845  ,0.158342  ,0.150976  ,0.151894  }
		3d-hash size is 10540 bytes
	Triangles num=30
	Triangles box={0.0867859  ,0.0877034  ,0.156845  ,0.158342  ,0.149982  ,0.151143  }
		3d-hash size is 10496 bytes
	Triangles num=30
	Triangles box={0.0804451  ,0.0818203  ,0.156845  ,0.158342  ,0.142085  ,0.142632  }
		3d-hash size is 10496 bytes
	Triangles num=30
	Triangles box={0.0882225  ,0.0884365  ,0.156845  ,0.158342  ,0.147313  ,0.148778  }
		3d-hash size is 10496 bytes
	Triangles num=30
	Triangles box={0.0777427  ,0.0779566  ,0.156845  ,0.158342  ,0.145782  ,0.147246  }
		3d-hash size is 10496 bytes
	Triangles num=78
	Triangles box={0.0769688  ,0.0892111  ,0.173621  ,0.173621  ,0.141158  ,0.153401  }
		3d-hash size is 10744 bytes
Mapped triangles processed in 0.016 s.
-----------------------------------------------------------------------
Getting sectors:
Number of sectors: 0
-----------------------------------------------------------------------
-----------------------------------------------------------------------

Current CPU = 0 sec

-----------------------------------------------------------------------
Mesh dimensions:
				I[0 ]=18
				I[1 ]=8
				I[2 ]=18

Comp. domain size:
				a[0  ]=0.0247948
				a[1  ]=0.147824
				a[2  ]=0.155167
				a[3  ]=0.213314
				a[4  ]=0.103302
				a[5  ]=0.216314

Fluid calculated			1
Solid calculated			0
-----------------------------------------------------------------------
MESH Build started...
-----------------------------------------------------------------------
Mesh LEVEL = 4
-----------------------------------------------------------------------
Setting regions...OK (0.000 s)
Base mesh info------------------
	2D flag  =0
	Period   =[0, 0, 0]
	Nx=18
		x[0]=0.0247948
		x[1]=0.0316319
		x[2]=0.0384669
		x[3]=0.0453018
		x[4]=0.0521367
		x[5]=0.0589717
		x[6]=0.0658066
		x[7]=0.0726416
		x[8]=0.0794765
		x[9]=0.0863114
		x[10]=0.0931464
		x[11]=0.0999813
		x[12]=0.106816
		x[13]=0.113651
		x[14]=0.120486
		x[15]=0.127321
		x[16]=0.134156
		x[17]=0.140991
		x[18]=0.147824
	Ny=8
		y[0]=0.155167
		y[1]=0.162437
		y[2]=0.169705
		y[3]=0.176974
		y[4]=0.184242
		y[5]=0.191511
		y[6]=0.198779
		y[7]=0.206048
		y[8]=0.213314
	Nz=18
		z[0]=0.103302
		z[1]=0.109582
		z[2]=0.115861
		z[3]=0.122139
		z[4]=0.128417
		z[5]=0.134696
		z[6]=0.140974
		z[7]=0.147253
		z[8]=0.153531
		z[9]=0.15981
		z[10]=0.166088
		z[11]=0.172366
		z[12]=0.178645
		z[13]=0.184923
		z[14]=0.191202
		z[15]=0.19748
		z[16]=0.203758
		z[17]=0.210037
		z[18]=0.216314
End of base mesh info---------
Input_mesh_settings--------------------------------
Settings 0----------------
	Scope: GLOBAL
	Type:	------MESHER_SETTINGS----------
	RefAllCells           =0
	RefFluidCells         =0
	RefPartCells          =0
	RefSolidCells         =0
	l_SSFR(Capture crit)  =4
	l_curv(Curvature crit)=0
	l_tol(Tolerance crit) =4
	  k_tol               =0.000377956
	UseChannelRef         =1
	  NCR_method          =0
	  l_NCR               =2
	  N_gap               =5
	  Use d_NCR_min       =0
	  Use d_NCR_max       =0
	IgnoreThinChannelsHeight         =0
	--END_OF_MESHER_SETTINGS-------
End of input mesh settings-------------------------

-----------------------------------------------------------------------
Building geometries:
-----------------------------------------------------------------------
Building body-set (0) of geometry Fluid.0.(0). ...

-----------------------------------------------------------------------
Refining by triangulation...
Refinement input: 2592 bricks
Setting regions...OK (0.000 s)
Setting regions...OK (0.000 s)
Setting regions...OK (0.000 s)
Setting regions...OK (0.000 s)
Setting regions...OK (0.000 s)
Refinement result: 24838 bricks (0.111 s)
Refinement input: 24838 bricks
Refinement result: 24838 bricks (0.004 s)
Collecting and processing rays...OK (0.108 s)
Capturing...OK (0.004 s)
Refining by triangulation takes 0.227 s
-----------------------------------------------------------------------

-----------------------------------------------------------------------
Refining peculiar surfaces...
Refinement input: 24838 bricks
Setting regions...OK (0.000 s)
Refinement result: 24873 bricks (0.003 s)
Refinement input: 24873 bricks
Setting regions...OK (0.000 s)
Refinement result: 24880 bricks (0.003 s)
Refinement input: 24880 bricks
Setting regions...OK (0.000 s)
Refinement result: 24978 bricks (0.003 s)
Refinement input: 24978 bricks
Setting regions...OK (0.000 s)
Refinement result: 25048 bricks (0.003 s)
Refinement input: 25048 bricks
Setting regions...OK (0.000 s)
Refinement result: 25118 bricks (0.003 s)
4 surfaces refined
Refining peculiar surfaces takes 0.049 s
-----------------------------------------------------------------------
Collecting and processing rays...OK (0.004 s)
Capturing...OK (0.000 s)
Collecting and processing rays...OK (0.000 s)
Capturing...OK (0.000 s)
Collecting and processing rays...OK (0.000 s)
Capturing...OK (0.000 s)

-----------------------------------------------------------------------
Base mesh 1 Refining...
Refinement input: 25118 bricks
Refinement result: 25118 bricks (0.000 s)
Collecting and processing rays...OK (0.000 s)
Capturing...OK (0.000 s)
-----------------------------------------------------------------------
Refining channels...
FYI: CNarrowChannelRefiner::RefineChannels_PRLL
Refinement input: 25118 bricks
Setting regions...OK (0.000 s)
Refinement result: 27127 bricks (0.003 s)
Collecting and processing rays...OK (0.003 s)
Capturing...OK (0.000 s)
FYI: m_iteration_count = 0
FYI: level1 statistics:
     level1_cnt_plus[1]=2296;		level1_cnt_minus[1]=0
     level1_cnt_plus[2]=0;		level1_cnt_minus[2]=0
     level1_cnt_plus[3]=0;		level1_cnt_minus[3]=0
     level1_cnt_plus[4]=0;		level1_cnt_minus[4]=0
     level1_cnt_plus[5]=0;		level1_cnt_minus[5]=0
     level1_cnt_plus[6]=0;		level1_cnt_minus[6]=0
     level1_cnt_plus[7]=0;		level1_cnt_minus[7]=0
     level1_cnt_plus[8]=0;		level1_cnt_minus[8]=0
     level1_cnt_plus[9]=0;		level1_cnt_minus[9]=0
Refinement input: 27127 bricks
Setting regions...OK (0.000 s)
Refinement result: 27246 bricks (0.003 s)
Collecting and processing rays...OK (0.001 s)
Capturing...OK (0.000 s)
FYI: m_iteration_count = 1
FYI: level1 statistics:
     level1_cnt_plus[1]=2432;		level1_cnt_minus[1]=0
     level1_cnt_plus[2]=0;		level1_cnt_minus[2]=0
     level1_cnt_plus[3]=0;		level1_cnt_minus[3]=0
     level1_cnt_plus[4]=0;		level1_cnt_minus[4]=0
     level1_cnt_plus[5]=0;		level1_cnt_minus[5]=0
     level1_cnt_plus[6]=0;		level1_cnt_minus[6]=0
     level1_cnt_plus[7]=0;		level1_cnt_minus[7]=0
     level1_cnt_plus[8]=0;		level1_cnt_minus[8]=0
     level1_cnt_plus[9]=0;		level1_cnt_minus[9]=0
Refinement input: 27246 bricks
Setting regions...OK (0.000 s)
Refinement result: 27260 bricks (0.003 s)
Collecting and processing rays...OK (0.000 s)
Capturing...OK (0.000 s)
FYI: m_iteration_count = 2
FYI: level1 statistics:
     level1_cnt_plus[1]=2448;		level1_cnt_minus[1]=0
     level1_cnt_plus[2]=0;		level1_cnt_minus[2]=0
     level1_cnt_plus[3]=0;		level1_cnt_minus[3]=0
     level1_cnt_plus[4]=0;		level1_cnt_minus[4]=0
     level1_cnt_plus[5]=0;		level1_cnt_minus[5]=0
     level1_cnt_plus[6]=0;		level1_cnt_minus[6]=0
     level1_cnt_plus[7]=0;		level1_cnt_minus[7]=0
     level1_cnt_plus[8]=0;		level1_cnt_minus[8]=0
     level1_cnt_plus[9]=0;		level1_cnt_minus[9]=0
Refinement input: 27260 bricks
Setting regions...OK (0.000 s)
Refinement result: 27274 bricks (0.003 s)
Collecting and processing rays...OK (0.000 s)
Capturing...OK (0.000 s)
FYI: m_iteration_count = 3
FYI: level1 statistics:
     level1_cnt_plus[1]=2464;		level1_cnt_minus[1]=0
     level1_cnt_plus[2]=0;		level1_cnt_minus[2]=0
     level1_cnt_plus[3]=0;		level1_cnt_minus[3]=0
     level1_cnt_plus[4]=0;		level1_cnt_minus[4]=0
     level1_cnt_plus[5]=0;		level1_cnt_minus[5]=0
     level1_cnt_plus[6]=0;		level1_cnt_minus[6]=0
     level1_cnt_plus[7]=0;		level1_cnt_minus[7]=0
     level1_cnt_plus[8]=0;		level1_cnt_minus[8]=0
     level1_cnt_plus[9]=0;		level1_cnt_minus[9]=0
FYI: m_iteration_count = 4
FYI: level1 statistics:
     level1_cnt_plus[1]=2464;		level1_cnt_minus[1]=0
     level1_cnt_plus[2]=0;		level1_cnt_minus[2]=0
     level1_cnt_plus[3]=0;		level1_cnt_minus[3]=0
     level1_cnt_plus[4]=0;		level1_cnt_minus[4]=0
     level1_cnt_plus[5]=0;		level1_cnt_minus[5]=0
     level1_cnt_plus[6]=0;		level1_cnt_minus[6]=0
     level1_cnt_plus[7]=0;		level1_cnt_minus[7]=0
     level1_cnt_plus[8]=0;		level1_cnt_minus[8]=0
     level1_cnt_plus[9]=0;		level1_cnt_minus[9]=0
Refinement input: 27274 bricks
Setting regions...OK (0.000 s)
Refinement result: 29122 bricks (0.003 s)
Collecting and processing rays...OK (0.005 s)
Capturing...OK (0.001 s)
FYI: m_iteration_count = 5
FYI: level1 statistics:
     level1_cnt_plus[1]=4486;		level1_cnt_minus[1]=0
     level1_cnt_plus[2]=80;		level1_cnt_minus[2]=0
     level1_cnt_plus[3]=0;		level1_cnt_minus[3]=0
     level1_cnt_plus[4]=0;		level1_cnt_minus[4]=0
     level1_cnt_plus[5]=0;		level1_cnt_minus[5]=0
     level1_cnt_plus[6]=0;		level1_cnt_minus[6]=0
     level1_cnt_plus[7]=0;		level1_cnt_minus[7]=0
     level1_cnt_plus[8]=0;		level1_cnt_minus[8]=0
     level1_cnt_plus[9]=0;		level1_cnt_minus[9]=0
Refinement input: 29122 bricks
Setting regions...OK (0.000 s)
Refinement result: 29283 bricks (0.003 s)
Collecting and processing rays...OK (0.000 s)
Capturing...OK (0.000 s)
FYI: m_iteration_count = 6
FYI: level1 statistics:
     level1_cnt_plus[1]=4589;		level1_cnt_minus[1]=0
     level1_cnt_plus[2]=152;		level1_cnt_minus[2]=0
     level1_cnt_plus[3]=0;		level1_cnt_minus[3]=0
     level1_cnt_plus[4]=0;		level1_cnt_minus[4]=0
     level1_cnt_plus[5]=0;		level1_cnt_minus[5]=0
     level1_cnt_plus[6]=0;		level1_cnt_minus[6]=0
     level1_cnt_plus[7]=0;		level1_cnt_minus[7]=0
     level1_cnt_plus[8]=0;		level1_cnt_minus[8]=0
     level1_cnt_plus[9]=0;		level1_cnt_minus[9]=0
Refinement input: 29283 bricks
Setting regions...OK (0.000 s)
Refinement result: 29318 bricks (0.003 s)
Collecting and processing rays...OK (0.000 s)
Capturing...OK (0.000 s)
FYI: m_iteration_count = 7
FYI: level1 statistics:
     level1_cnt_plus[1]=4620;		level1_cnt_minus[1]=0
     level1_cnt_plus[2]=160;		level1_cnt_minus[2]=0
     level1_cnt_plus[3]=0;		level1_cnt_minus[3]=0
     level1_cnt_plus[4]=0;		level1_cnt_minus[4]=0
     level1_cnt_plus[5]=0;		level1_cnt_minus[5]=0
     level1_cnt_plus[6]=0;		level1_cnt_minus[6]=0
     level1_cnt_plus[7]=0;		level1_cnt_minus[7]=0
     level1_cnt_plus[8]=0;		level1_cnt_minus[8]=0
     level1_cnt_plus[9]=0;		level1_cnt_minus[9]=0
FYI: m_iteration_count = 8
FYI: level1 statistics:
     level1_cnt_plus[1]=4620;		level1_cnt_minus[1]=0
     level1_cnt_plus[2]=160;		level1_cnt_minus[2]=0
     level1_cnt_plus[3]=0;		level1_cnt_minus[3]=0
     level1_cnt_plus[4]=0;		level1_cnt_minus[4]=0
     level1_cnt_plus[5]=0;		level1_cnt_minus[5]=0
     level1_cnt_plus[6]=0;		level1_cnt_minus[6]=0
     level1_cnt_plus[7]=0;		level1_cnt_minus[7]=0
     level1_cnt_plus[8]=0;		level1_cnt_minus[8]=0
     level1_cnt_plus[9]=0;		level1_cnt_minus[9]=0
FYI: level1 statistics:
     level1_cnt_plus[1]=4620;		level1_cnt_minus[1]=0
     level1_cnt_plus[2]=160;		level1_cnt_minus[2]=0
     level1_cnt_plus[3]=0;		level1_cnt_minus[3]=0
     level1_cnt_plus[4]=0;		level1_cnt_minus[4]=0
     level1_cnt_plus[5]=0;		level1_cnt_minus[5]=0
     level1_cnt_plus[6]=0;		level1_cnt_minus[6]=0
     level1_cnt_plus[7]=0;		level1_cnt_minus[7]=0
     level1_cnt_plus[8]=0;		level1_cnt_minus[8]=0
     level1_cnt_plus[9]=0;		level1_cnt_minus[9]=0

-----------------------------------------------------------------------
U-shapes refinement...
Refinement input: 29318 bricks
Setting regions...OK (0.000 s)
Refinement result: 29745 bricks (0.011 s)
Collecting and processing rays...OK (0.007 s)
Capturing...OK (0.000 s)
-----------------------------------------------------------------------

-----------------------------------------------------------------------
Equi Distant Refiner:
Equi Distant Refiner takes 0.00 s
-----------------------------------------------------------------------
Building geometry takes 0.797 s
Geometry Fluid.0.
Total		29745
Partial	11133
Fluid		4704
Solid		13806
Bad		102

/-Ray Intersection---------------/ Time	0.511 s
Calls			11395
CorrectRay Calls	0



-----------------------------------------------------------------------
Building geometries takes 0.8 s
-----------------------------------------------------------------------

-----------------------------------------------------------------------
PostBuilding geometries:
-----------------------------------------------------------------------
PostBuilding body-set (0) geometry Fluid.0. (0)...
Collecting and processing rays...OK (0.000 s)
Capturing...OK (0.000 s)
PostBuilding geometry takes 0.001 s
Geometry Fluid.0.
Total		29745
Partial	11133
Fluid		4704
Solid		13806
Bad		102

-----------------------------------------------------------------------
PostBuilding geometries takes 0.003 s
-----------------------------------------------------------------------
Defect ray count	0
FYI: CNarrowChannelRefiner::RedistributeLevel1_step_1: is finished
FYI: level1 statistics:
     level1_cnt_plus[1]=2625;		level1_cnt_minus[1]=0
     level1_cnt_plus[2]=2148;		level1_cnt_minus[2]=0
     level1_cnt_plus[3]=0;		level1_cnt_minus[3]=0
     level1_cnt_plus[4]=0;		level1_cnt_minus[4]=0
     level1_cnt_plus[5]=0;		level1_cnt_minus[5]=0
     level1_cnt_plus[6]=0;		level1_cnt_minus[6]=0
     level1_cnt_plus[7]=0;		level1_cnt_minus[7]=0
     level1_cnt_plus[8]=0;		level1_cnt_minus[8]=0
     level1_cnt_plus[9]=0;		level1_cnt_minus[9]=0
FYI: CNarrowChannelRefiner::RedistributeLevel1_step_2: is started
FYI: CNarrowChannelRefiner::RedistributeLevel1_step_2: is finished
FYI: level1 statistics:
     level1_cnt_plus[1]=5042;		level1_cnt_minus[1]=0
     level1_cnt_plus[2]=4892;		level1_cnt_minus[2]=0
     level1_cnt_plus[3]=0;		level1_cnt_minus[3]=0
     level1_cnt_plus[4]=0;		level1_cnt_minus[4]=0
     level1_cnt_plus[5]=0;		level1_cnt_minus[5]=0
     level1_cnt_plus[6]=0;		level1_cnt_minus[6]=0
     level1_cnt_plus[7]=0;		level1_cnt_minus[7]=0
     level1_cnt_plus[8]=0;		level1_cnt_minus[8]=0
     level1_cnt_plus[9]=0;		level1_cnt_minus[9]=0
FYI: CNarrowChannelRefiner::RedistributeLevel1_step_3: is started
FYI: CNarrowChannelRefiner::RedistributeLevel1_step_3: is finished
RedistributeLevel1 takes:
FYI: level1 statistics:
     level1_cnt_plus[1]=5042;		level1_cnt_minus[1]=5271
     level1_cnt_plus[2]=4892;		level1_cnt_minus[2]=594
     level1_cnt_plus[3]=0;		level1_cnt_minus[3]=0
     level1_cnt_plus[4]=0;		level1_cnt_minus[4]=0
     level1_cnt_plus[5]=0;		level1_cnt_minus[5]=0
     level1_cnt_plus[6]=0;		level1_cnt_minus[6]=0
     level1_cnt_plus[7]=0;		level1_cnt_minus[7]=0
     level1_cnt_plus[8]=0;		level1_cnt_minus[8]=0
     level1_cnt_plus[9]=0;		level1_cnt_minus[9]=0
-----------------------------------------------------------------------
MSH format builder (Iteration 0)
-----------------------------------------------------------------------
Memory Working Set Current = 61.71 Mb, Memory Working Set Peak = 77.52 Mb
Process Threads Number: 21
-----------------------------------------------------------------------
Loading geometries triangulation & x-stacks...OK
x-stacks size = 0.83 Mb
Total bricks count: 29745
-----------------------------------------------------------------------
MSH (Real Geometry) format constructor:
	Getting brick sets...OK (0.001 s)
	Min x-stack xeps = 5.61839e-06
	D / dh / eps [axis=0] = (0.123029, 0.00042705, 4.2705e-07)
	D / dh / eps [axis=1] = (0.0581475, 0.000454154, 4.54154e-07)
	D / dh / eps [axis=2] = (0.113012, 0.000392311, 3.92311e-07)
	Time (xeps): 0.000 s
Level 4
	Set (0)  size: 2444
	Set (0)  time: 0.055 s
	Set (1)  size: 2444
	Set (1)  time: 0.028 s
Level 3
	Set (0)  size: 4369
	Set (0)  time: 0.039 s
	Set (1)  size: 4364
	Set (1)  time: 0.037 s
Level 2
	Set (0)  size: 5678
	Set (0)  time: 0.033 s
	Set (1)  size: 5674
	Set (1)  time: 0.032 s
Level 1
	Set (0)  size: 1356
	Set (0)  time: 0.001 s
	Set (1)  size: 1359
	Set (1)  time: 0.001 s
Level 0
	Set (0)  size: 1027
	Set (0)  time: 0.000 s
	Set (1)  size: 1030
	Set (1)  time: 0.000 s
Result:
	Bricks number:                        29745

	Memory usage:                         6.871 MB
	Memory usage (per brick):             0.237 KB
	Construction time:                    0.231 s

	Topology features:
	------------------
	- High quality bricks                  99.95 % (29729)
	- Medium quality bricks                 0.05 % (16)
	- Bad quality bricks                    0.00 % (0)
	- Ribs corrected bricks                 0.00 % (0)
	- Points with geom-info (bricks)        0.21 % (63)
	- Points with closest-info (bricks)     0.01 % (4)
	- Triangulated by center (bricks)       0.86 % (256)
	- Facet w-faces mergings (bricks)       0.00 % (0)
	- To refine (bricks)                    0.00 % (0)

-----------------------------------------------------------------------
Memory Working Set Current = 98.82 Mb, Memory Working Set Peak = 98.82 Mb
Process Threads Number: 21
-----------------------------------------------------------------------
-----------------------------------------------------------------------
-----------------------------------------------------------------------
MSH --> BCF format (Iteration 0)...
BCF collector...(remove mode=0)
	Time (alloc counter per brick): 0.001 s
	Brick    count: 29745
	Av.f all count: 16064
	Av.s all count: 25267
	Av.f pid count: 11379
	Av.s pid count: 11524
	Faces fs count: 26219
	Faces ff count: 0
	Faces ss count: 0
	Faces bb count: 0
	Faces fe count: 0
	Faces se count: 2421
	Faces fw count: 28640
	Faces af count: 46188
	Faces as count: 79672
	Time (all count): 	0.004 s
	Time (bcf alloc): 	0.002 s
	Time (shifts alloc): 	0.002 s
	Time (shifts init): 	0.002 s
	Time (bcf fill): 	0.012 s
	Time (add av to faces): 0.000 s
	Time (add faces to av): 0.005 s
Time (bcf collect): 		0.029 s
	AV checker...
	Time (check av): 	0.009 s
	Subdomain checker...
		Subdomains construction time: 0.005 s.
		Subdomains sort time: 0.000 s.
			Subdomain 0 (geom_ind=0): 13987 av
			Subdomain 1 (geom_ind=0): 2073 av
			Subdomain 2 (geom_ind=0): 4 av
			Subdomain 3 (geom_ind=1): 25267 av
		gi: 0, subdomains: 3, real bodies: 2
		gi: 1, subdomains: 1, real bodies: 0
		Defect subdomains: 1
	Time (check subdoms): 	0.005 s
	Time (free bcf): 	0.011 s
	Time (corr msh): 	0.000 s
	Bricks corrected: 4
Time (bcf iteration total): 	0.055 s
-----------------------------------------------------------------------
MSH --> BCF format (Iteration 1)...
BCF collector...(remove mode=0)
	Time (alloc counter per brick): 0.001 s
	Brick    count: 29745
	Av.f all count: 16060
	Av.s all count: 25267
	Av.f pid count: 11375
	Av.s pid count: 11523
	Faces fs count: 26207
	Faces ff count: 0
	Faces ss count: 0
	Faces bb count: 0
	Faces fe count: 0
	Faces se count: 2421
	Faces fw count: 28628
	Faces af count: 46184
	Faces as count: 79676
	Time (all count): 	0.004 s
	Time (bcf alloc): 	0.002 s
	Time (shifts alloc): 	0.002 s
	Time (shifts init): 	0.002 s
	Time (bcf fill): 	0.012 s
	Time (add av to faces): 0.000 s
	Time (add faces to av): 0.005 s
Time (bcf collect): 		0.028 s
	AV checker...
	Time (check av): 	0.009 s
	Subdomain checker...
		Subdomains construction time: 0.005 s.
		Subdomains sort time: 0.000 s.
			Subdomain 0 (geom_ind=0): 13987 av
			Subdomain 1 (geom_ind=0): 2073 av
			Subdomain 2 (geom_ind=1): 25267 av
		gi: 0, subdomains: 2, real bodies: 2
		gi: 1, subdomains: 1, real bodies: 0
		Defect subdomains: 0
	Time (check subdoms): 	0.005 s
Time (bcf iteration total): 	0.043 s
	Time (fw-nb): 		0.002 s
	Fixed mutual fw-nb:     15173 (bb: 0)
	Time (fw-nb mutual): 	0.002 s
	Time (fw-nb sort): 	0.000 s
	Fw-opt BEFORE total:    28628 (fs=26207, ff=0, ss=0)
	Fw-opt AFTER  total:    17572 (fs=15151, ff=0, ss=0, failed fw/br=10/1, big_curv=53, big_poly=0)
	Fw-opt RESULT:          11056 (res/(fs+ff+ss) = 42.19 %)
	Time (fw-opt): 		0.007 s
	Time (fw-re-order): 	0.003 s
	Time (fw-nb): 		0.010 s
	Fixed mutual fw-nb:     36949 (bb: 0)
	Time (fw-nb mutual): 	0.003 s
	Time (fw-nb sort): 	0.000 s
	Time (rfd fix): 	0.000 s
	Time (av convexity): 	0.004 s
	Time (av small volume): 0.000 s
	Time (diagonal fw-nb): 	0.028 s
	Fixed mutual fw-nb:     0 (bb: 0)
	Time (fw-nb mutual): 	0.002 s
	Time (fw-nb sort): 	0.001 s
	Fluid subdomains: 2
	Faces fw-nb diff sd:    0
	Time (fw-nb diff sd): 	0.002 s
Time (bcf calc): 		0.069 s
-----------------------------------------------------------------------
Time (bcf total): 		0.167 s
-----------------------------------------------------------------------
-----------------------------------------------------------------------
Mega-cv constructor for fluid...
	 175 av's is treated as thin
Relative size generator (threshold = 0.05)...
	Iteration 1 (small cluster count = 991)
	Iteration 2 (small cluster count = 424)
	Iteration 3 (small cluster count = 55)
	Iteration 4 (small cluster count = 9)
	Iteration 5 (small cluster count = 2)
	Iteration 6 (small cluster count = 1)
	Iteration 7 (small cluster count = 0)
	 982 mega-cv's generated
	 22 mega-cv's removed
Relative size generator is completed OK (0.003 s)
Apply fa-rules to mega-cv clusters fixes...
	Fa-rule violation fixes:       12 of       13 (total cluster# =      968)
OK (0.001 s)
Convert clusters:
	 962 mega-cv's total
Mega-cv count: 962
Time (mega-cv fill): 	0.002 s
WARNING! Mega-cv normal-direction rule violation counts: rule-I = 1, rule-II = 1
Time (mega-cv total): 	0.013 s
-----------------------------------------------------------------------
Mixing plane rotation regions: NO.
Sliding mesh rotation regions: NO.
Fluid/fluid faces: NO.
----------------------------------------------------------
BCF --> BCF.GEOMSUBDOM (bridge arrays):
MESH (0):
	Fluid Subdom Constructor: 2 subdom(s).
	Solid Subdom Constructor: 1 subdom(s).
	Net Asm Subdom Constructor: 0 subdom(s).
	GEOMSUBDOM (0): gi=0 fluid av=13987 cv=13126 fa=40469 fb=0 fw=12546 V=2.913655e-05
	Cache data...OK
	GEOMSUBDOM (1): gi=0 fluid av=2073 cv=1855 fa=5715 fb=0 fw=2605 V=1.883376e-06
	Cache data...OK
	GEOMSUBDOM (2): gi=1 solid av=25267 cv=25267 fa=79676 fb=0 fw=17572 V=7.774450e-04
	Cache data...OK
	Setting nb of w-faces...OK (0.006 s).
	Correcting nb of w-faces...
	Time(correct_fw_nb)=0.004 s

MESH (0) checking:
	GEOMSUBDOM (0):fa_s=0.0484160925759044 fb_s=0.0000000000000000 fw_s=0.0105525036795215 fw_nb=97904
	              :d_const(12659)=4.58558e-10 d_linear(12659)=1.4681e-09
	GEOMSUBDOM (1):fa_s=0.0039088565881588 fb_s=0.0000000000000000 fw_s=0.0013944882643635 fw_nb=21416
	              :d_const(788)=8.58856e-14 d_linear(371)=8.70437e-13
	GEOMSUBDOM (2):fa_s=0.4177691288570203 fb_s=0.0000000000000000 fw_s=0.0672047023112343 fw_nb=129536
	              :d_const(23917)=1.51934e-10 d_linear(5119)=1.03679e-09
MESH (0) checking: OK.
Time (MDS): 	0.054 s
----------------------------------------------------------

-----------------------------------------------------------------------
BCF CHECKSUM DATA (Mesh 0):

WARNING! 222 w-face(s) without RefFacesData.
BRICK |Level1| Sum:               21285
FACE_A Area Sum:   G.Fluid        0.0523249491640632
FACE_A Area Sum:   G.Solid        0.4177691288570206
FACE_W Area Sum:                  0.0672047023112343
FACE_W Nb   Sum:                  129536
FACE_W min curvatures sum:        -3739795.10243034
FACE_W max curvatures sum:        4772169.26866734
AV Max Disbalance(Const) :        4.58558e-10 (cid=3725, t={287, 83, 48}, avid=1641, pid=1254)
AV Max Disbalance(Linear):        1.15794e-08 (cid=11713, t={130, 7, 107}, avid=6134, pid=4384)
-----------------------------------------------------------------------


-----------------------------------------------------------------------
MESHER TOPOLOGY DATA:

BRICKS: Total                 29745
BRICKS: 1-CV                  18429
BRICKS: 2-CV                  11052
BRICKS: 3-CV                  262
BRICKS: 4-CV                  2
BRICKS: Bad                   0

AV:     G.Total               41327
AV:     G.Fluid               16060
AV:     G.Solid               25267

AV:     G.Fluid Thin Profile    1.28 % (206)
AV:     G.Solid Thin Profile    0.23 % (58)

AV:     G.Fluid Thin For Mega   1.09 % (175)
AV:     G.Solid Thin For Mega   0.19 % (47)

AV:     G.Fluid Non-Convex     21.65 % (3477)
AV:     G.Solid Non-Convex     19.51 % (4929)

AV:     G.Fluid Non-Ess-Convex      7.18 % (1153)
AV:     G.Solid Non-Ess-Convex      8.21 % (2075)

FACE_A: G.Fluid          (af) 46184 (partially opened 24560)
FACE_A: G.Solid          (as) 79676 (partially opened 24792)

FACE_B: G.Total          (b)  0

FACE_W: G.Total                 17572       Brick/Bound
FACE_W: G.Fluid/Solid    (fs_g) 15151       0           
FACE_W: G.Fluid/Fluid    (ff_g) 0           0           
FACE_W: G.Solid/Solid    (ss_g) 0           0           
FACE_W: G.Fluid/External (fe_g) 0
FACE_W: G.Solid/External (se_g) 2421

AV/CV max fa count (on brick side):10
AV/CV max fw count:                10
AV/CV max fb count:                0
AV/CV max fw poly count:           43

MEMORY: Total                   14.589 MB
MEMORY: Per Brick               0.502 KB
-----------------------------------------------------------------------

-----------------------------------------------------------------------
Connectivities information:
	Number of conns: 0
-----------------------------------------------------------------------
	Time (gap size): 	0.030 s
-----------------------------------------------------------------------
Calculating curvature and tolerance criteria...
Curvature: min=0 max=3.13572
Tolerance: min=0 max=0.000382857
Calculating curvature and tolerance criteria takes 0.161 s
-----------------------------------------------------------------------
MESH Build(FS) finished. Time=1.733 s
-----------------------------------------------------------------------
Current CPU = 2 sec

Nx=18
Ny=8
Nz=18
Max BRICK Level=4
Mesh Level=4
-----------------CModelBodies2MeshMapper::CollectData started -------------------------------
-----------------CModelBodies2MeshMapper Report -------------------------------
FluidDomains 2 SolidDomains 1 VoidDomains 0 
Domains RefIndexes
Domain 0, Index count 23
Domain 1, Index count 42
Domain 2, Index count 65
----------------- -------------------------------
	ModelBodies
Total resolved Bodies 0 BodySets 0

--------------------------------------------------------------------------
	Positive geometry Bodies
Total resolved Bodies 2 BodySets 2
BodySet 0
	Bodies list:
			#0	Name: ;	ID: 229f1384-a2eb-4445-87e1-a7f502f0200f
	Domains list:		 1 
BodySet 1
	Bodies list:
			#0	Name: ;	ID: 78c84c55-8e2e-4277-b172-cce4310cfbfb
	Domains list:		 0 

--------------------------------------------------------------------------
	Fluid regions
Total resolved Bodies 2 BodySets 1
BodySet 0	Material: Water; 
	Bodies list:
			#0	Name: ;	ID: 229f1384-a2eb-4445-87e1-a7f502f0200f
			#1	Name: ;	ID: 78c84c55-8e2e-4277-b172-cce4310cfbfb
	Domains list:		 0 		 1 

--------------------------------------------------------------------------
-----------------CModelBodies2MeshMapper::CollectData finished successfully-------------------
Saving initial mesh in: N:\Downloads\GitHub\liquid-propellant-engine\2kN Heat Sink Engine\Simulation Only\1\Parametric Study 2\14\14.fld .
Storing results...
Estimated CPT size=7.314 MB.
	Time (write bcf): 1.422 s
OK
-----------------------------------------------------------------------
Memory Working Set Current = 124.93 Mb, Memory Working Set Peak = 124.93 Mb
Process Threads Number: 21
-----------------------------------------------------------------------
Cleaning memory...
		Time (free xsl):                    	0.003 s
Free Geometry DB takes 0.000 s
	Time (free bcf): 	0.013 s
		Time (free bcf mesh):               	0.033 s
	Time (free mesher data):              	0.038 s
Copying... OK
Mesh generation normally finished at	9.4.2021	16:54:57
Mesher CPU = 4 sec
Mesher is finished at	9.4.2021	16:54:57
-----------------------------------------------------------------------
Memory Working Set Current = 51.93 Mb, Memory Working Set Peak = 125.33 Mb
Process Threads Number: 21
-----------------------------------------------------------------------
Algebra Pool      : mem_usage = 0.94 Mb, allocated count = 0
Log ended at 09.04.2021	16:54:57
