Log started at 28.04.2021	05:14:09
Number of used processors (NPROC): 4.
Number of mesh partitions (NPART): 4.
Total Physical Memory = 15.87 Gb, Available Physical Memory = 10.38 Gb
Computer name:	MCAE33
Operating system:	Windows 10 (or higher) (Version 10.0.18363)

SOLIDWORKS 2020 SP4.0
Flow Simulation 2020  x64 / 4995 / MESHER ver. efd_dev.4663_05.07.2019 

Project: N:\Downloads\GitHub\liquid-propellant-engine\2kN Heat Sink Engine\Revised Stack OD 6in\1\Parametric Study 1\21\21.xmlconfig
Configuration name: Default
Project name: Project(1)
NGK: OFF
MBO: OFF

Mesh generation started:	28.4.2021	5:14:9
-----------------------------------------------------------------------
Mesher option run = eRunMesherNormal
-----------------------------------------------------------------------
Current CPU = 0 sec
-----------------------------------------------------------------------
Geometries initialization:
-----------------------------------------------------------------------
Loading mesh settings (global/local)...
-----------------------------------------------------------------------
Number of geometries from DB: 1
Geometry(0):
	Guid = {00000000-0000-0000-0000-000000000000}
	Fluid..
	1 Body.
	1 Real body.
	-- Bodyset 0 --
		Tolerance=1.24686e-05.
		34 Face(s).
			34 of b-spline type.
		0 Face(s) that have no ref faces
		8 Plane surface(s).
		9 Cylinder surface(s).
		1 Cone surface(s).
		16 B- surface(s).
		10032 Triangle(s).
		Getting triangle connectivities from DB: 0.001 s
		47 Edge(s).
			47 of b-spline type.
		BodyGeom reading: 0.010 s.
		20 Reference Face(s).
		3978 Reference Triangles.
		Getting triangle connectivities from DB (Ref): 0.000 s
		BodyGeom Ref reading: 0.001 s.
		Getting triangle connectivities from DB (Extra Triangulation): 0.001 s
Geometry(1):
	Solid.
	-- Bodyset 1 --
	Empty
-----------------------------------------------------------------------
Number of geometries in task: 2
Number of bodysets   in task: 2
-----------------------------------------------------------------------
	Making hash and connectivity for Bodyset ...
		CBodyGeom:
		Hash size: {16, 30, 16}.
		Mesh size: {8, 30, 8}.
		Hashing triangles...Ok.
			axis(0) tr sizes: average=55 max=1027
			axis(1) tr sizes: average=62 max=872
			axis(2) tr sizes: average=55 max=1051
		Number of t-connected sets:2
			(0) size=12
			(1) size=10020 cavity
		Done.
		CBodyGeomRef:
		Hashing triangles...Ok.
			axis(0) tr sizes: average=69 max=548
			axis(1) tr sizes: average=98 max=456
			axis(2) tr sizes: average=70 max=540
		Done.
	0.00915 s.
Geometries reading and preparing has taken 0.024 s.

Mapped triangles:
Hashing geometries triangles
	Triangles num=10032
	Triangles box={-0.00959768  ,0.00959768  ,-0.0749251  ,-0.006722  ,-0.0095965  ,0.0095965  }
		3d-hash size is 105292 bytes
Hashing peculiar surfaces triangles
	Triangles num=37
	Triangles box={-0.0095424  ,-0.00947131  ,-0.0670016  ,-0.0646679  ,-0.00116596  ,0.00116973  }
		3d-hash size is 7956 bytes
	Triangles num=37
	Triangles box={0.0058701  ,0.00752205  ,-0.0670016  ,-0.0646679  ,-0.00752435  ,-0.00587313  }
		3d-hash size is 7988 bytes
	Triangles num=37
	Triangles box={-0.00752435  ,-0.00587313  ,-0.0670016  ,-0.0646679  ,-0.00752205  ,-0.0058701  }
		3d-hash size is 7988 bytes
	Triangles num=37
	Triangles box={-0.00752205  ,-0.0058701  ,-0.0670016  ,-0.0646679  ,0.00587313  ,0.00752435  }
		3d-hash size is 7988 bytes
	Triangles num=37
	Triangles box={-0.00116596  ,0.00116973  ,-0.0670016  ,-0.0646679  ,0.00947131  ,0.0095424  }
		3d-hash size is 7956 bytes
	Triangles num=37
	Triangles box={0.00947131  ,0.0095424  ,-0.0670016  ,-0.0646679  ,-0.00116973  ,0.00116596  }
		3d-hash size is 7956 bytes
	Triangles num=37
	Triangles box={-0.00116973  ,0.00116596  ,-0.0670016  ,-0.0646679  ,-0.0095424  ,-0.00947131  }
		3d-hash size is 7956 bytes
	Triangles num=38
	Triangles box={-0.00903449  ,0.00903449  ,-0.006858  ,-0.006858  ,-0.00906545  ,0.00906545  }
		3d-hash size is 8792 bytes
Mapped triangles processed in 0.012 s.
-----------------------------------------------------------------------
Getting sectors:
Number of sectors: 0
-----------------------------------------------------------------------
-----------------------------------------------------------------------

Current CPU = 0 sec

-----------------------------------------------------------------------
Mesh dimensions:
				I[0 ]=8
				I[1 ]=30
				I[2 ]=8

Comp. domain size:
				a[0  ]=-0.00957852
				a[1  ]=0.00957852
				a[2  ]=-0.074857
				a[3  ]=-0.00679007
				a[4  ]=-0.00957735
				a[5  ]=0.00957734

Fluid calculated			1
Solid calculated			0
-----------------------------------------------------------------------
MESH Build started...
-----------------------------------------------------------------------
Mesh LEVEL = 2
-----------------------------------------------------------------------
Setting regions...OK (0.000 s)
Base mesh info------------------
	2D flag  =0
	Period   =[0, 0, 0]
	Nx=8
		x[0]=-0.00957852
		x[1]=-0.00718314
		x[2]=-0.00478851
		x[3]=-0.00239388
		x[4]=7.52059e-07
		x[5]=0.00239538
		x[6]=0.00479001
		x[7]=0.00718464
		x[8]=0.00957852
	Ny=30
		y[0]=-0.074857
		y[1]=-0.0725875
		y[2]=-0.0703186
		y[3]=-0.0680497
		y[4]=-0.0657808
		y[5]=-0.0635119
		y[6]=-0.061243
		y[7]=-0.0589741
		y[8]=-0.0567052
		y[9]=-0.0544363
		y[10]=-0.0521674
		y[11]=-0.0498985
		y[12]=-0.0476296
		y[13]=-0.0453607
		y[14]=-0.0430918
		y[15]=-0.0408229
		y[16]=-0.038554
		y[17]=-0.0362851
		y[18]=-0.0340162
		y[19]=-0.0317473
		y[20]=-0.0294784
		y[21]=-0.0272095
		y[22]=-0.0249406
		y[23]=-0.0226717
		y[24]=-0.0204028
		y[25]=-0.0181339
		y[26]=-0.015865
		y[27]=-0.0135961
		y[28]=-0.0113272
		y[29]=-0.00905835
		y[30]=-0.00679007
	Nz=8
		z[0]=-0.00957735
		z[1]=-0.00718246
		z[2]=-0.00478812
		z[3]=-0.00239379
		z[4]=5.50392e-07
		z[5]=0.00239489
		z[6]=0.00478922
		z[7]=0.00718356
		z[8]=0.00957734
End of base mesh info---------
Input_mesh_settings--------------------------------
Settings 0----------------
	Scope: GLOBAL
	Type:	------MESHER_SETTINGS----------
	RefAllCells           =0
	RefFluidCells         =0
	RefPartCells          =0
	RefSolidCells         =0
	l_SSFR(Capture crit)  =2
	l_curv(Curvature crit)=0
	l_tol(Tolerance crit) =2
	  k_tol               =0.000584974
	UseChannelRef         =1
	  NCR_method          =0
	  l_NCR               =2
	  N_gap               =5
	  Use d_NCR_min       =0
	  Use d_NCR_max       =0
	IgnoreThinChannelsHeight         =0
	--END_OF_MESHER_SETTINGS-------
End of input mesh settings-------------------------

-----------------------------------------------------------------------
Building geometries:
-----------------------------------------------------------------------
Building body-set (0) of geometry Fluid.0.(0). ...

-----------------------------------------------------------------------
Refining by triangulation...
Refinement input: 1920 bricks
Setting regions...OK (0.000 s)
Setting regions...OK (0.000 s)
Refinement result: 2746 bricks (0.025 s)
Refinement input: 2746 bricks
Refinement result: 2746 bricks (0.000 s)
Collecting and processing rays...OK (0.017 s)
Capturing...OK (0.001 s)
Refining by triangulation takes 0.043 s
-----------------------------------------------------------------------

-----------------------------------------------------------------------
Refining peculiar surfaces...
Refinement input: 2746 bricks
Setting regions...OK (0.000 s)
Refinement result: 2774 bricks (0.000 s)
Refinement input: 2774 bricks
Setting regions...OK (0.000 s)
Refinement result: 2816 bricks (0.000 s)
Refinement input: 2816 bricks
Setting regions...OK (0.000 s)
Refinement result: 2837 bricks (0.000 s)
Refinement input: 2837 bricks
Setting regions...OK (0.000 s)
Refinement result: 2956 bricks (0.000 s)
Refinement input: 2956 bricks
Setting regions...OK (0.000 s)
Refinement result: 2970 bricks (0.000 s)
Refinement input: 2970 bricks
Setting regions...OK (0.000 s)
Refinement result: 3089 bricks (0.001 s)
Refinement input: 3089 bricks
Setting regions...OK (0.000 s)
Refinement result: 3103 bricks (0.000 s)
Refinement input: 3103 bricks
Setting regions...OK (0.000 s)
Refinement result: 3222 bricks (0.000 s)
Refinement input: 3222 bricks
Setting regions...OK (0.000 s)
Refinement result: 3250 bricks (0.000 s)
Refinement input: 3250 bricks
Setting regions...OK (0.000 s)
Refinement result: 3292 bricks (0.000 s)
Refinement input: 3292 bricks
Setting regions...OK (0.000 s)
Refinement result: 3320 bricks (0.000 s)
Refinement input: 3320 bricks
Setting regions...OK (0.000 s)
Refinement result: 3362 bricks (0.000 s)
Refinement input: 3362 bricks
Setting regions...OK (0.000 s)
Refinement result: 3390 bricks (0.000 s)
Refinement input: 3390 bricks
Setting regions...OK (0.000 s)
Refinement result: 3432 bricks (0.000 s)
7 surfaces refined
Refining peculiar surfaces takes 0.008 s
-----------------------------------------------------------------------
Collecting and processing rays...OK (0.006 s)
Capturing...OK (0.000 s)
Collecting and processing rays...OK (0.000 s)
Capturing...OK (0.000 s)
Collecting and processing rays...OK (0.000 s)
Capturing...OK (0.000 s)

-----------------------------------------------------------------------
Base mesh 1 Refining...
Refinement input: 3432 bricks
Refinement result: 3432 bricks (0.000 s)
Collecting and processing rays...OK (0.000 s)
Capturing...OK (0.000 s)
-----------------------------------------------------------------------
Refining channels...
FYI: CNarrowChannelRefiner::RefineChannels_PRLL
Refinement input: 3432 bricks
Setting regions...OK (0.000 s)
Refinement result: 3768 bricks (0.000 s)
Collecting and processing rays...OK (0.002 s)
Capturing...OK (0.000 s)
FYI: m_iteration_count = 0
FYI: level1 statistics:
     level1_cnt_plus[1]=384;		level1_cnt_minus[1]=0
     level1_cnt_plus[2]=0;		level1_cnt_minus[2]=0
     level1_cnt_plus[3]=0;		level1_cnt_minus[3]=0
     level1_cnt_plus[4]=0;		level1_cnt_minus[4]=0
     level1_cnt_plus[5]=0;		level1_cnt_minus[5]=0
     level1_cnt_plus[6]=0;		level1_cnt_minus[6]=0
     level1_cnt_plus[7]=0;		level1_cnt_minus[7]=0
     level1_cnt_plus[8]=0;		level1_cnt_minus[8]=0
     level1_cnt_plus[9]=0;		level1_cnt_minus[9]=0
Refinement input: 3768 bricks
Setting regions...OK (0.000 s)
Refinement result: 3810 bricks (0.001 s)
Collecting and processing rays...OK (0.001 s)
Capturing...OK (0.000 s)
FYI: m_iteration_count = 1
FYI: level1 statistics:
     level1_cnt_plus[1]=432;		level1_cnt_minus[1]=0
     level1_cnt_plus[2]=0;		level1_cnt_minus[2]=0
     level1_cnt_plus[3]=0;		level1_cnt_minus[3]=0
     level1_cnt_plus[4]=0;		level1_cnt_minus[4]=0
     level1_cnt_plus[5]=0;		level1_cnt_minus[5]=0
     level1_cnt_plus[6]=0;		level1_cnt_minus[6]=0
     level1_cnt_plus[7]=0;		level1_cnt_minus[7]=0
     level1_cnt_plus[8]=0;		level1_cnt_minus[8]=0
     level1_cnt_plus[9]=0;		level1_cnt_minus[9]=0
Refinement input: 3810 bricks
Setting regions...OK (0.000 s)
Refinement result: 3824 bricks (0.001 s)
Collecting and processing rays...OK (0.000 s)
Capturing...OK (0.000 s)
FYI: m_iteration_count = 2
FYI: level1 statistics:
     level1_cnt_plus[1]=439;		level1_cnt_minus[1]=0
     level1_cnt_plus[2]=8;		level1_cnt_minus[2]=0
     level1_cnt_plus[3]=0;		level1_cnt_minus[3]=0
     level1_cnt_plus[4]=0;		level1_cnt_minus[4]=0
     level1_cnt_plus[5]=0;		level1_cnt_minus[5]=0
     level1_cnt_plus[6]=0;		level1_cnt_minus[6]=0
     level1_cnt_plus[7]=0;		level1_cnt_minus[7]=0
     level1_cnt_plus[8]=0;		level1_cnt_minus[8]=0
     level1_cnt_plus[9]=0;		level1_cnt_minus[9]=0
FYI: m_iteration_count = 3
FYI: level1 statistics:
     level1_cnt_plus[1]=439;		level1_cnt_minus[1]=0
     level1_cnt_plus[2]=8;		level1_cnt_minus[2]=0
     level1_cnt_plus[3]=0;		level1_cnt_minus[3]=0
     level1_cnt_plus[4]=0;		level1_cnt_minus[4]=0
     level1_cnt_plus[5]=0;		level1_cnt_minus[5]=0
     level1_cnt_plus[6]=0;		level1_cnt_minus[6]=0
     level1_cnt_plus[7]=0;		level1_cnt_minus[7]=0
     level1_cnt_plus[8]=0;		level1_cnt_minus[8]=0
     level1_cnt_plus[9]=0;		level1_cnt_minus[9]=0
Refinement input: 3824 bricks
Setting regions...OK (0.000 s)
Refinement result: 4020 bricks (0.001 s)
Collecting and processing rays...OK (0.000 s)
Capturing...OK (0.000 s)
FYI: m_iteration_count = 4
FYI: level1 statistics:
     level1_cnt_plus[1]=618;		level1_cnt_minus[1]=0
     level1_cnt_plus[2]=48;		level1_cnt_minus[2]=0
     level1_cnt_plus[3]=0;		level1_cnt_minus[3]=0
     level1_cnt_plus[4]=0;		level1_cnt_minus[4]=0
     level1_cnt_plus[5]=0;		level1_cnt_minus[5]=0
     level1_cnt_plus[6]=0;		level1_cnt_minus[6]=0
     level1_cnt_plus[7]=0;		level1_cnt_minus[7]=0
     level1_cnt_plus[8]=0;		level1_cnt_minus[8]=0
     level1_cnt_plus[9]=0;		level1_cnt_minus[9]=0
FYI: m_iteration_count = 5
FYI: level1 statistics:
     level1_cnt_plus[1]=618;		level1_cnt_minus[1]=0
     level1_cnt_plus[2]=48;		level1_cnt_minus[2]=0
     level1_cnt_plus[3]=0;		level1_cnt_minus[3]=0
     level1_cnt_plus[4]=0;		level1_cnt_minus[4]=0
     level1_cnt_plus[5]=0;		level1_cnt_minus[5]=0
     level1_cnt_plus[6]=0;		level1_cnt_minus[6]=0
     level1_cnt_plus[7]=0;		level1_cnt_minus[7]=0
     level1_cnt_plus[8]=0;		level1_cnt_minus[8]=0
     level1_cnt_plus[9]=0;		level1_cnt_minus[9]=0
FYI: level1 statistics:
     level1_cnt_plus[1]=618;		level1_cnt_minus[1]=0
     level1_cnt_plus[2]=48;		level1_cnt_minus[2]=0
     level1_cnt_plus[3]=0;		level1_cnt_minus[3]=0
     level1_cnt_plus[4]=0;		level1_cnt_minus[4]=0
     level1_cnt_plus[5]=0;		level1_cnt_minus[5]=0
     level1_cnt_plus[6]=0;		level1_cnt_minus[6]=0
     level1_cnt_plus[7]=0;		level1_cnt_minus[7]=0
     level1_cnt_plus[8]=0;		level1_cnt_minus[8]=0
     level1_cnt_plus[9]=0;		level1_cnt_minus[9]=0

-----------------------------------------------------------------------
U-shapes refinement...
Refinement input: 4020 bricks
Refinement result: 4020 bricks (0.001 s)
Collecting and processing rays...OK (0.000 s)
Capturing...OK (0.000 s)
-----------------------------------------------------------------------

-----------------------------------------------------------------------
Equi Distant Refiner:
Equi Distant Refiner takes 0.00 s
-----------------------------------------------------------------------
Building geometry takes 0.15 s
Geometry Fluid.0.
Total		4020
Partial	1784
Fluid		1412
Solid		824
Bad		0

/-Ray Intersection---------------/ Time	0.039 s
Calls			1663
CorrectRay Calls	0



-----------------------------------------------------------------------
Building geometries takes 0.15 s
-----------------------------------------------------------------------

-----------------------------------------------------------------------
PostBuilding geometries:
-----------------------------------------------------------------------
PostBuilding body-set (0) geometry Fluid.0. (0)...
Collecting and processing rays...OK (0.000 s)
Capturing...OK (0.000 s)
PostBuilding geometry takes 0.000 s
Geometry Fluid.0.
Total		4020
Partial	1784
Fluid		1412
Solid		824
Bad		0

-----------------------------------------------------------------------
PostBuilding geometries takes 0.001 s
-----------------------------------------------------------------------
Defect ray count	0
FYI: CNarrowChannelRefiner::RedistributeLevel1_step_1: is finished
FYI: level1 statistics:
     level1_cnt_plus[1]=556;		level1_cnt_minus[1]=0
     level1_cnt_plus[2]=110;		level1_cnt_minus[2]=0
     level1_cnt_plus[3]=0;		level1_cnt_minus[3]=0
     level1_cnt_plus[4]=0;		level1_cnt_minus[4]=0
     level1_cnt_plus[5]=0;		level1_cnt_minus[5]=0
     level1_cnt_plus[6]=0;		level1_cnt_minus[6]=0
     level1_cnt_plus[7]=0;		level1_cnt_minus[7]=0
     level1_cnt_plus[8]=0;		level1_cnt_minus[8]=0
     level1_cnt_plus[9]=0;		level1_cnt_minus[9]=0
FYI: CNarrowChannelRefiner::RedistributeLevel1_step_2: is started
FYI: CNarrowChannelRefiner::RedistributeLevel1_step_2: is finished
FYI: level1 statistics:
     level1_cnt_plus[1]=1257;		level1_cnt_minus[1]=0
     level1_cnt_plus[2]=244;		level1_cnt_minus[2]=0
     level1_cnt_plus[3]=0;		level1_cnt_minus[3]=0
     level1_cnt_plus[4]=0;		level1_cnt_minus[4]=0
     level1_cnt_plus[5]=0;		level1_cnt_minus[5]=0
     level1_cnt_plus[6]=0;		level1_cnt_minus[6]=0
     level1_cnt_plus[7]=0;		level1_cnt_minus[7]=0
     level1_cnt_plus[8]=0;		level1_cnt_minus[8]=0
     level1_cnt_plus[9]=0;		level1_cnt_minus[9]=0
FYI: CNarrowChannelRefiner::RedistributeLevel1_step_3: is started
FYI: CNarrowChannelRefiner::RedistributeLevel1_step_3: is finished
RedistributeLevel1 takes:
FYI: level1 statistics:
     level1_cnt_plus[1]=1257;		level1_cnt_minus[1]=414
     level1_cnt_plus[2]=244;		level1_cnt_minus[2]=17
     level1_cnt_plus[3]=0;		level1_cnt_minus[3]=0
     level1_cnt_plus[4]=0;		level1_cnt_minus[4]=0
     level1_cnt_plus[5]=0;		level1_cnt_minus[5]=0
     level1_cnt_plus[6]=0;		level1_cnt_minus[6]=0
     level1_cnt_plus[7]=0;		level1_cnt_minus[7]=0
     level1_cnt_plus[8]=0;		level1_cnt_minus[8]=0
     level1_cnt_plus[9]=0;		level1_cnt_minus[9]=0
-----------------------------------------------------------------------
MSH format builder (Iteration 0)
-----------------------------------------------------------------------
Memory Working Set Current = 32.43 Mb, Memory Working Set Peak = 38.05 Mb
Process Threads Number: 13
-----------------------------------------------------------------------
Loading geometries triangulation & x-stacks...OK
x-stacks size = 0.12 Mb
Total bricks count: 4020
-----------------------------------------------------------------------
MSH (Real Geometry) format constructor:
	Getting brick sets...OK (0.000 s)
	Min x-stack xeps = 2.01211e-07
	D / dh / eps [axis=0] = (0.019157, 0.000598469, 6.70703e-08)
	D / dh / eps [axis=1] = (0.0680669, 0.00056707, 6.70703e-08)
	D / dh / eps [axis=2] = (0.0191547, 0.000598446, 6.70703e-08)
	Time (xeps): 0.000 s
Level 2
	Set (0)  size: 512
	Set (0)  time: 0.011 s
	Set (1)  size: 512
	Set (1)  time: 0.008 s
Level 1
	Set (0)  size: 624
	Set (0)  time: 0.005 s
	Set (1)  size: 624
	Set (1)  time: 0.005 s
Level 0
	Set (0)  size: 874
	Set (0)  time: 0.005 s
	Set (1)  size: 874
	Set (1)  time: 0.005 s
Result:
	Bricks number:                        4020

	Memory usage:                         1.033 MB
	Memory usage (per brick):             0.263 KB
	Construction time:                    0.041 s

	Topology features:
	------------------
	- High quality bricks                  99.95 % (4018)
	- Medium quality bricks                 0.05 % (2)
	- Bad quality bricks                    0.00 % (0)
	- Ribs corrected bricks                 0.00 % (0)
	- Points with geom-info (bricks)        0.10 % (4)
	- Points with closest-info (bricks)     0.00 % (0)
	- Triangulated by center (bricks)       0.55 % (22)
	- Facet w-faces mergings (bricks)       0.00 % (0)
	- To refine (bricks)                    0.00 % (0)

-----------------------------------------------------------------------
Memory Working Set Current = 42.69 Mb, Memory Working Set Peak = 42.69 Mb
Process Threads Number: 13
-----------------------------------------------------------------------
-----------------------------------------------------------------------
-----------------------------------------------------------------------
MSH --> BCF format (Iteration 0)...
BCF collector...(remove mode=0)
	Time (alloc counter per brick): 0.000 s
	Brick    count: 4020
	Av.f all count: 3220
	Av.s all count: 2628
	Av.f pid count: 1824
	Av.s pid count: 1804
	Faces fs count: 3758
	Faces ff count: 0
	Faces ss count: 0
	Faces bb count: 0
	Faces fe count: 0
	Faces se count: 1832
	Faces fw count: 5590
	Faces af count: 9186
	Faces as count: 6778
	Time (all count): 	0.001 s
	Time (bcf alloc): 	0.000 s
	Time (shifts alloc): 	0.000 s
	Time (shifts init): 	0.000 s
	Time (bcf fill): 	0.002 s
	Time (add av to faces): 0.000 s
	Time (add faces to av): 0.001 s
Time (bcf collect): 		0.005 s
	AV checker...
	Time (check av): 	0.001 s
	Subdomain checker...
		Subdomains construction time: 0.000 s.
		Subdomains sort time: 0.000 s.
			Subdomain 0 (geom_ind=0): 3220 av
			Subdomain 1 (geom_ind=1): 2628 av
		gi: 0, subdomains: 1, real bodies: 1
		gi: 1, subdomains: 1, real bodies: 0
		Defect subdomains: 0
	Time (check subdoms): 	0.001 s
Time (bcf iteration total): 	0.007 s
	Time (fw-nb): 		0.000 s
	Fixed mutual fw-nb:     2176 (bb: 0)
	Time (fw-nb mutual): 	0.000 s
	Time (fw-nb sort): 	0.000 s
	Fw-opt BEFORE total:    5590 (fs=3758, ff=0, ss=0)
	Fw-opt AFTER  total:    4272 (fs=2440, ff=0, ss=0, failed fw/br=0/0, big_curv=10, big_poly=0)
	Fw-opt RESULT:          1318 (res/(fs+ff+ss) = 35.07 %)
	Time (fw-opt): 		0.001 s
	Time (fw-re-order): 	0.000 s
	Time (fw-nb): 		0.003 s
	Fixed mutual fw-nb:     8831 (bb: 0)
	Time (fw-nb mutual): 	0.001 s
	Time (fw-nb sort): 	0.000 s
	Time (rfd fix): 	0.000 s
	Time (av convexity): 	0.001 s
	Time (av small volume): 0.000 s
	Time (diagonal fw-nb): 	0.004 s
	Fixed mutual fw-nb:     0 (bb: 0)
	Time (fw-nb mutual): 	0.000 s
	Time (fw-nb sort): 	0.000 s
	Fluid subdomains: 1
	Faces fw-nb diff sd:    0
	Time (fw-nb diff sd): 	0.000 s
Time (bcf calc): 		0.013 s
-----------------------------------------------------------------------
Time (bcf total): 		0.020 s
-----------------------------------------------------------------------
-----------------------------------------------------------------------
Mega-cv constructor for fluid...
	 0 av's is treated as thin
Relative size generator (threshold = 0.05)...
	Iteration 1 (small cluster count = 32)
	Iteration 2 (small cluster count = 15)
	Iteration 3 (small cluster count = 6)
	Iteration 4 (small cluster count = 0)
	 32 mega-cv's generated
	 0 mega-cv's removed
Relative size generator is completed OK (0.000 s)
Apply fa-rules to mega-cv clusters fixes...
	Fa-rule violation fixes:        8 of        8 (total cluster# =       32)
OK (0.000 s)
Convert clusters:
	 32 mega-cv's total
Mega-cv count: 32
Time (mega-cv fill): 	0.000 s
Time (mega-cv total): 	0.002 s
-----------------------------------------------------------------------
Mixing plane rotation regions: NO.
Sliding mesh rotation regions: NO.
Fluid/fluid faces: NO.
----------------------------------------------------------
BCF --> BCF.GEOMSUBDOM (bridge arrays):
MESH (0):
	Fluid Subdom Constructor: 1 subdom(s).
	Solid Subdom Constructor: 1 subdom(s).
	Net Asm Subdom Constructor: 0 subdom(s).
	GEOMSUBDOM (0): gi=0 fluid av=3220 cv=3188 fa=9186 fb=0 fw=2440 V=1.645071e-05
	Cache data...OK
	GEOMSUBDOM (1): gi=1 solid av=2628 cv=2628 fa=6778 fb=0 fw=4272 V=8.526259e-06
	Cache data...OK
	Setting nb of w-faces...OK (0.001 s).
	Correcting nb of w-faces...
	Time(correct_fw_nb)=0.001 s

MESH (0) checking:
	GEOMSUBDOM (0):fa_s=0.0223772667677076 fb_s=0.0000000000000000 fw_s=0.0041343398343317 fw_nb=19586
	              :d_const(409)=1.30899e-14 d_linear(1393)=2.02728e-13
	GEOMSUBDOM (1):fa_s=0.0099046834105825 fb_s=0.0000000000000000 fw_s=0.0100837578874174 fw_nb=27226
	              :d_const(146)=1.3862e-14 d_linear(880)=2.32168e-11
MESH (0) checking: OK.
Time (MDS): 	0.007 s
----------------------------------------------------------

-----------------------------------------------------------------------
BCF CHECKSUM DATA (Mesh 0):

WARNING! 178 w-face(s) without RefFacesData.
BRICK |Level1| Sum:               2193
FACE_A Area Sum:   G.Fluid        0.0223772667677076
FACE_A Area Sum:   G.Solid        0.0099046834105825
FACE_W Area Sum:                  0.0100837578874174
FACE_W Nb   Sum:                  27226
FACE_W min curvatures sum:        -803360.02551413
FACE_W max curvatures sum:        3568720.74669266
AV Max Disbalance(Const) :        1.3862e-14 (cid=115, t={10, 12, 2}, avid=3331, pid=42)
AV Max Disbalance(Linear):        2.32168e-11 (cid=2894, t={4, 15, 25}, avid=4990, pid=1235)
-----------------------------------------------------------------------


-----------------------------------------------------------------------
MESHER TOPOLOGY DATA:

BRICKS: Total                 4020
BRICKS: 1-CV                  2220
BRICKS: 2-CV                  1772
BRICKS: 3-CV                  28
BRICKS: Bad                   0

AV:     G.Total               5848
AV:     G.Fluid               3220
AV:     G.Solid               2628

AV:     G.Fluid Thin Profile    0.12 % (4)
AV:     G.Solid Thin Profile    0.91 % (24)

AV:     G.Fluid Thin For Mega   0.00 % (0)
AV:     G.Solid Thin For Mega   0.27 % (7)

AV:     G.Fluid Non-Convex      9.10 % (293)
AV:     G.Solid Non-Convex     22.37 % (588)

AV:     G.Fluid Non-Ess-Convex      4.41 % (142)
AV:     G.Solid Non-Ess-Convex     11.87 % (312)

FACE_A: G.Fluid          (af) 9186 (partially opened 3820)
FACE_A: G.Solid          (as) 6778 (partially opened 3778)

FACE_B: G.Total          (b)  0

FACE_W: G.Total                 4272        Brick/Bound
FACE_W: G.Fluid/Solid    (fs_g) 2440        0           
FACE_W: G.Fluid/Fluid    (ff_g) 0           0           
FACE_W: G.Solid/Solid    (ss_g) 0           0           
FACE_W: G.Fluid/External (fe_g) 0
FACE_W: G.Solid/External (se_g) 1832

AV/CV max fa count (on brick side):4
AV/CV max fw count:                4
AV/CV max fb count:                0
AV/CV max fw poly count:           14

MEMORY: Total                   2.244 MB
MEMORY: Per Brick               0.572 KB
-----------------------------------------------------------------------

-----------------------------------------------------------------------
Connectivities information:
	Number of conns: 0
-----------------------------------------------------------------------
	Time (gap size): 	0.007 s
-----------------------------------------------------------------------
Calculating curvature and tolerance criteria...
Curvature: min=0 max=1.9919
Tolerance: min=0 max=0.000537335
Calculating curvature and tolerance criteria takes 0.019 s
-----------------------------------------------------------------------
MESH Build(FS) finished. Time=0.298 s
-----------------------------------------------------------------------
Current CPU = 1 sec

Nx=8
Ny=30
Nz=8
Max BRICK Level=2
Mesh Level=2
-----------------CModelBodies2MeshMapper::CollectData started -------------------------------
-----------------CModelBodies2MeshMapper Report -------------------------------
FluidDomains 1 SolidDomains 1 VoidDomains 0 
Domains RefIndexes
Domain 0, Index count 20
Domain 1, Index count 20
----------------- -------------------------------
	ModelBodies
Total resolved Bodies 0 BodySets 0

--------------------------------------------------------------------------
	Positive geometry Bodies
Total resolved Bodies 1 BodySets 1
BodySet 0
	Bodies list:
			#0	Name: ;	ID: 93d4a378-eb93-43d6-bdf7-aaa8c4260784
	Domains list:		 0 

--------------------------------------------------------------------------
	Fluid regions
Total resolved Bodies 1 BodySets 1
BodySet 0	Material: Oxygen; 
	Bodies list:
			#0	Name: ;	ID: 93d4a378-eb93-43d6-bdf7-aaa8c4260784
	Domains list:		 0 

--------------------------------------------------------------------------
-----------------CModelBodies2MeshMapper::CollectData finished successfully-------------------
Saving initial mesh in: N:\Downloads\GitHub\liquid-propellant-engine\2kN Heat Sink Engine\Revised Stack OD 6in\1\Parametric Study 1\21\21.fld .
Storing results...
Estimated CPT size=1.114 MB.
	Time (write bcf): 0.146 s
OK
-----------------------------------------------------------------------
Memory Working Set Current = 42.88 Mb, Memory Working Set Peak = 43.06 Mb
Process Threads Number: 13
-----------------------------------------------------------------------
Cleaning memory...
		Time (free xsl):                    	0.000 s
Free Geometry DB takes 0.000 s
	Time (free bcf): 	0.002 s
		Time (free bcf mesh):               	0.004 s
	Time (free mesher data):              	0.006 s
Copying... OK
Mesh generation normally finished at	28.4.2021	5:14:10
Mesher CPU = 1 sec
Mesher is finished at	28.4.2021	5:14:10
-----------------------------------------------------------------------
Memory Working Set Current = 29.40 Mb, Memory Working Set Peak = 43.25 Mb
Process Threads Number: 13
-----------------------------------------------------------------------
Algebra Pool      : mem_usage = 0.13 Mb, allocated count = 0
Log ended at 28.04.2021	05:14:10
