Log started at 28.04.2021	02:53:34
Number of used processors (NPROC): 4.
Number of mesh partitions (NPART): 4.
Total Physical Memory = 15.87 Gb, Available Physical Memory = 11.04 Gb
Computer name:	MCAE33
Operating system:	Windows 10 (or higher) (Version 10.0.18363)

SOLIDWORKS 2020 SP4.0
Flow Simulation 2020  x64 / 4995 / MESHER ver. efd_dev.4663_05.07.2019 

Project: N:\Downloads\GitHub\liquid-propellant-engine\2kN Heat Sink Engine\Revised Stack OD 6in\1\Parametric Study 1\17\17.xmlconfig
Configuration name: Default
Project name: Project(1)
NGK: OFF
MBO: OFF

Mesh generation started:	28.4.2021	2:53:34
-----------------------------------------------------------------------
Mesher option run = eRunMesherNormal
-----------------------------------------------------------------------
Current CPU = 0 sec
-----------------------------------------------------------------------
Geometries initialization:
-----------------------------------------------------------------------
Loading mesh settings (global/local)...
-----------------------------------------------------------------------
Number of geometries from DB: 1
Geometry(0):
	Guid = {00000000-0000-0000-0000-000000000000}
	Fluid..
	1 Body.
	1 Real body.
	-- Bodyset 0 --
		Tolerance=1.27281e-05.
		29 Face(s).
			29 of b-spline type.
		0 Face(s) that have no ref faces
		7 Plane surface(s).
		8 Cylinder surface(s).
		1 Cone surface(s).
		1 Torus surface(s).
		12 B- surface(s).
		12122 Triangle(s).
		Getting triangle connectivities from DB: 0.001 s
		52 Edge(s).
			52 of b-spline type.
		BodyGeom reading: 0.011 s.
		16 Reference Face(s).
		4336 Reference Triangles.
		Getting triangle connectivities from DB (Ref): 0.000 s
		BodyGeom Ref reading: 0.001 s.
		Getting triangle connectivities from DB (Extra Triangulation): 0.001 s
Geometry(1):
	Solid.
	-- Bodyset 1 --
	Empty
-----------------------------------------------------------------------
Number of geometries in task: 2
Number of bodysets   in task: 2
-----------------------------------------------------------------------
	Making hash and connectivity for Bodyset ...
		CBodyGeom:
		Hash size: {18, 38, 24}.
		Mesh size: {6, 38, 6}.
		Hashing triangles...Ok.
			axis(0) tr sizes: average=39 max=826
			axis(1) tr sizes: average=71 max=426
			axis(2) tr sizes: average=46 max=799
		Number of t-connected sets:2
			(0) size=12
			(1) size=12110 cavity
		Done.
		CBodyGeomRef:
		Hashing triangles...Ok.
			axis(0) tr sizes: average=103 max=551
			axis(1) tr sizes: average=218 max=303
			axis(2) tr sizes: average=102 max=525
		Done.
	0.0093 s.
Geometries reading and preparing has taken 0.026 s.

Mapped triangles:
Hashing geometries triangles
	Triangles num=12122
	Triangles box={-0.00544084  ,0.00544081  ,-0.078932  ,-0.00674606  ,-0.00540193  ,0.00540224  }
		3d-hash size is 112660 bytes
Hashing peculiar surfaces triangles
	Triangles num=63
	Triangles box={-0.0052735  ,-0.00340527  ,-0.0769797  ,-0.0732421  ,-0.00412263  ,-0.000883544  }
		3d-hash size is 5940 bytes
	Triangles num=63
	Triangles box={0.00340527  ,0.0052735  ,-0.0769797  ,-0.0732421  ,0.000883544  ,0.00412263  }
		3d-hash size is 5940 bytes
	Triangles num=63
	Triangles box={-0.00187158  ,0.00186767  ,-0.0769797  ,-0.0732421  ,-0.00534615  ,-0.00500876  }
		3d-hash size is 5880 bytes
	Triangles num=63
	Triangles box={-0.00527294  ,-0.00340192  ,-0.0769797  ,-0.0732421  ,0.000887736  ,0.00412522  }
		3d-hash size is 5928 bytes
	Triangles num=63
	Triangles box={-0.00186767  ,0.00187158  ,-0.0769797  ,-0.0732421  ,0.00500876  ,0.00534615  }
		3d-hash size is 5880 bytes
	Triangles num=63
	Triangles box={0.00340192  ,0.00527294  ,-0.0769797  ,-0.0732421  ,-0.00412522  ,-0.000887736  }
		3d-hash size is 5928 bytes
	Triangles num=22
	Triangles box={-0.00297581  ,0.00297581  ,-0.00689  ,-0.00689  ,-0.00294552  ,0.00294552  }
		3d-hash size is 5816 bytes
Mapped triangles processed in 0.013 s.
-----------------------------------------------------------------------
Getting sectors:
Number of sectors: 0
-----------------------------------------------------------------------
-----------------------------------------------------------------------

Current CPU = 1 sec

-----------------------------------------------------------------------
Mesh dimensions:
				I[0 ]=6
				I[1 ]=38
				I[2 ]=6

Comp. domain size:
				a[0  ]=-0.00542984
				a[1  ]=0.00542981
				a[2  ]=-0.0788599
				a[3  ]=-0.0068181
				a[4  ]=-0.00539093
				a[5  ]=0.00539124

Fluid calculated			1
Solid calculated			0
-----------------------------------------------------------------------
MESH Build started...
-----------------------------------------------------------------------
Mesh LEVEL = 2
-----------------------------------------------------------------------
Setting regions...OK (0.000 s)
Base mesh info------------------
	2D flag  =0
	Period   =[0, 0, 0]
	Nx=6
		x[0]=-0.00542984
		x[1]=-0.00361933
		x[2]=-0.00180939
		x[3]=5.54582e-07
		x[4]=0.0018105
		x[5]=0.00362044
		x[6]=0.00542981
	Ny=38
		y[0]=-0.0788599
		y[1]=-0.0769636
		y[2]=-0.0750678
		y[3]=-0.0731719
		y[4]=-0.0712761
		y[5]=-0.0693802
		y[6]=-0.0674844
		y[7]=-0.0655886
		y[8]=-0.0636927
		y[9]=-0.0617969
		y[10]=-0.0599011
		y[11]=-0.0580052
		y[12]=-0.0561094
		y[13]=-0.0542135
		y[14]=-0.0523177
		y[15]=-0.0504219
		y[16]=-0.048526
		y[17]=-0.0466302
		y[18]=-0.0447343
		y[19]=-0.0428385
		y[20]=-0.0409427
		y[21]=-0.0390468
		y[22]=-0.037151
		y[23]=-0.0352552
		y[24]=-0.0333593
		y[25]=-0.0314635
		y[26]=-0.0295676
		y[27]=-0.0276718
		y[28]=-0.025776
		y[29]=-0.0238801
		y[30]=-0.0219843
		y[31]=-0.0200885
		y[32]=-0.0181926
		y[33]=-0.0162968
		y[34]=-0.0144009
		y[35]=-0.0125051
		y[36]=-0.0106093
		y[37]=-0.00871342
		y[38]=-0.0068181
	Nz=6
		z[0]=-0.00539093
		z[1]=-0.00359349
		z[2]=-0.00179646
		z[3]=5.69434e-07
		z[4]=0.0017976
		z[5]=0.00359463
		z[6]=0.00539124
End of base mesh info---------
Input_mesh_settings--------------------------------
Settings 0----------------
	Scope: GLOBAL
	Type:	------MESHER_SETTINGS----------
	RefAllCells           =0
	RefFluidCells         =0
	RefPartCells          =0
	RefSolidCells         =0
	l_SSFR(Capture crit)  =1
	l_curv(Curvature crit)=0
	l_tol(Tolerance crit) =1
	  k_tol               =0.000939327
	UseChannelRef         =1
	  NCR_method          =0
	  l_NCR               =2
	  N_gap               =5
	  Use d_NCR_min       =0
	  Use d_NCR_max       =0
	IgnoreThinChannelsHeight         =0
	--END_OF_MESHER_SETTINGS-------
End of input mesh settings-------------------------

-----------------------------------------------------------------------
Building geometries:
-----------------------------------------------------------------------
Building body-set (0) of geometry Fluid.0.(0). ...

-----------------------------------------------------------------------
Refining by triangulation...
Refinement input: 1368 bricks
Setting regions...OK (0.000 s)
Setting regions...OK (0.000 s)
Refinement result: 1865 bricks (0.029 s)
Refinement input: 1865 bricks
Refinement result: 1865 bricks (0.000 s)
Collecting and processing rays...OK (0.013 s)
Capturing...OK (0.000 s)
Refining by triangulation takes 0.043 s
-----------------------------------------------------------------------

-----------------------------------------------------------------------
Refining peculiar surfaces...
0 surfaces refined
Refining peculiar surfaces takes 0 s
-----------------------------------------------------------------------
Collecting and processing rays...OK (0.000 s)
Capturing...OK (0.000 s)
Collecting and processing rays...OK (0.000 s)
Capturing...OK (0.000 s)
Collecting and processing rays...OK (0.000 s)
Capturing...OK (0.000 s)

-----------------------------------------------------------------------
Base mesh 1 Refining...
Refinement input: 1865 bricks
Refinement result: 1865 bricks (0.000 s)
Collecting and processing rays...OK (0.000 s)
Capturing...OK (0.000 s)
-----------------------------------------------------------------------
Refining channels...
FYI: CNarrowChannelRefiner::RefineChannels_PRLL
Refinement input: 1865 bricks
Setting regions...OK (0.000 s)
Refinement result: 6170 bricks (0.001 s)
Collecting and processing rays...OK (0.007 s)
Capturing...OK (0.001 s)
FYI: m_iteration_count = 0
FYI: level1 statistics:
     level1_cnt_plus[1]=4920;		level1_cnt_minus[1]=0
     level1_cnt_plus[2]=0;		level1_cnt_minus[2]=0
     level1_cnt_plus[3]=0;		level1_cnt_minus[3]=0
     level1_cnt_plus[4]=0;		level1_cnt_minus[4]=0
     level1_cnt_plus[5]=0;		level1_cnt_minus[5]=0
     level1_cnt_plus[6]=0;		level1_cnt_minus[6]=0
     level1_cnt_plus[7]=0;		level1_cnt_minus[7]=0
     level1_cnt_plus[8]=0;		level1_cnt_minus[8]=0
     level1_cnt_plus[9]=0;		level1_cnt_minus[9]=0
Refinement input: 6170 bricks
Setting regions...OK (0.000 s)
Refinement result: 6184 bricks (0.001 s)
Collecting and processing rays...OK (0.000 s)
Capturing...OK (0.000 s)
FYI: m_iteration_count = 1
FYI: level1 statistics:
     level1_cnt_plus[1]=4936;		level1_cnt_minus[1]=0
     level1_cnt_plus[2]=0;		level1_cnt_minus[2]=0
     level1_cnt_plus[3]=0;		level1_cnt_minus[3]=0
     level1_cnt_plus[4]=0;		level1_cnt_minus[4]=0
     level1_cnt_plus[5]=0;		level1_cnt_minus[5]=0
     level1_cnt_plus[6]=0;		level1_cnt_minus[6]=0
     level1_cnt_plus[7]=0;		level1_cnt_minus[7]=0
     level1_cnt_plus[8]=0;		level1_cnt_minus[8]=0
     level1_cnt_plus[9]=0;		level1_cnt_minus[9]=0
FYI: m_iteration_count = 2
FYI: level1 statistics:
     level1_cnt_plus[1]=4936;		level1_cnt_minus[1]=0
     level1_cnt_plus[2]=0;		level1_cnt_minus[2]=0
     level1_cnt_plus[3]=0;		level1_cnt_minus[3]=0
     level1_cnt_plus[4]=0;		level1_cnt_minus[4]=0
     level1_cnt_plus[5]=0;		level1_cnt_minus[5]=0
     level1_cnt_plus[6]=0;		level1_cnt_minus[6]=0
     level1_cnt_plus[7]=0;		level1_cnt_minus[7]=0
     level1_cnt_plus[8]=0;		level1_cnt_minus[8]=0
     level1_cnt_plus[9]=0;		level1_cnt_minus[9]=0
Refinement input: 6184 bricks
Setting regions...OK (0.000 s)
Refinement result: 9089 bricks (0.001 s)
Collecting and processing rays...OK (0.008 s)
Capturing...OK (0.001 s)
FYI: m_iteration_count = 3
FYI: level1 statistics:
     level1_cnt_plus[1]=7383;		level1_cnt_minus[1]=0
     level1_cnt_plus[2]=776;		level1_cnt_minus[2]=0
     level1_cnt_plus[3]=0;		level1_cnt_minus[3]=0
     level1_cnt_plus[4]=0;		level1_cnt_minus[4]=0
     level1_cnt_plus[5]=0;		level1_cnt_minus[5]=0
     level1_cnt_plus[6]=0;		level1_cnt_minus[6]=0
     level1_cnt_plus[7]=0;		level1_cnt_minus[7]=0
     level1_cnt_plus[8]=0;		level1_cnt_minus[8]=0
     level1_cnt_plus[9]=0;		level1_cnt_minus[9]=0
Refinement input: 9089 bricks
Setting regions...OK (0.000 s)
Refinement result: 9243 bricks (0.001 s)
Collecting and processing rays...OK (0.001 s)
Capturing...OK (0.000 s)
FYI: m_iteration_count = 4
FYI: level1 statistics:
     level1_cnt_plus[1]=7487;		level1_cnt_minus[1]=0
     level1_cnt_plus[2]=840;		level1_cnt_minus[2]=0
     level1_cnt_plus[3]=0;		level1_cnt_minus[3]=0
     level1_cnt_plus[4]=0;		level1_cnt_minus[4]=0
     level1_cnt_plus[5]=0;		level1_cnt_minus[5]=0
     level1_cnt_plus[6]=0;		level1_cnt_minus[6]=0
     level1_cnt_plus[7]=0;		level1_cnt_minus[7]=0
     level1_cnt_plus[8]=0;		level1_cnt_minus[8]=0
     level1_cnt_plus[9]=0;		level1_cnt_minus[9]=0
FYI: m_iteration_count = 5
FYI: level1 statistics:
     level1_cnt_plus[1]=7487;		level1_cnt_minus[1]=0
     level1_cnt_plus[2]=840;		level1_cnt_minus[2]=0
     level1_cnt_plus[3]=0;		level1_cnt_minus[3]=0
     level1_cnt_plus[4]=0;		level1_cnt_minus[4]=0
     level1_cnt_plus[5]=0;		level1_cnt_minus[5]=0
     level1_cnt_plus[6]=0;		level1_cnt_minus[6]=0
     level1_cnt_plus[7]=0;		level1_cnt_minus[7]=0
     level1_cnt_plus[8]=0;		level1_cnt_minus[8]=0
     level1_cnt_plus[9]=0;		level1_cnt_minus[9]=0
FYI: level1 statistics:
     level1_cnt_plus[1]=7487;		level1_cnt_minus[1]=0
     level1_cnt_plus[2]=840;		level1_cnt_minus[2]=0
     level1_cnt_plus[3]=0;		level1_cnt_minus[3]=0
     level1_cnt_plus[4]=0;		level1_cnt_minus[4]=0
     level1_cnt_plus[5]=0;		level1_cnt_minus[5]=0
     level1_cnt_plus[6]=0;		level1_cnt_minus[6]=0
     level1_cnt_plus[7]=0;		level1_cnt_minus[7]=0
     level1_cnt_plus[8]=0;		level1_cnt_minus[8]=0
     level1_cnt_plus[9]=0;		level1_cnt_minus[9]=0

-----------------------------------------------------------------------
U-shapes refinement...
Refinement input: 9243 bricks
Refinement result: 9243 bricks (0.001 s)
Collecting and processing rays...OK (0.000 s)
Capturing...OK (0.000 s)
-----------------------------------------------------------------------

-----------------------------------------------------------------------
Equi Distant Refiner:
Equi Distant Refiner takes 0.00 s
-----------------------------------------------------------------------
Building geometry takes 0.191 s
Geometry Fluid.0.
Total		9243
Partial	3589
Fluid		2808
Solid		2814
Bad		32

/-Ray Intersection---------------/ Time	0.052 s
Calls			2523
CorrectRay Calls	0



-----------------------------------------------------------------------
Building geometries takes 0.191 s
-----------------------------------------------------------------------

-----------------------------------------------------------------------
PostBuilding geometries:
-----------------------------------------------------------------------
PostBuilding body-set (0) geometry Fluid.0. (0)...
Collecting and processing rays...OK (0.000 s)
Capturing...OK (0.000 s)
PostBuilding geometry takes 0.000 s
Geometry Fluid.0.
Total		9243
Partial	3589
Fluid		2808
Solid		2814
Bad		32

-----------------------------------------------------------------------
PostBuilding geometries takes 0.001 s
-----------------------------------------------------------------------
Defect ray count	0
FYI: CNarrowChannelRefiner::RedistributeLevel1_step_1: is finished
FYI: level1 statistics:
     level1_cnt_plus[1]=5004;		level1_cnt_minus[1]=0
     level1_cnt_plus[2]=3323;		level1_cnt_minus[2]=0
     level1_cnt_plus[3]=0;		level1_cnt_minus[3]=0
     level1_cnt_plus[4]=0;		level1_cnt_minus[4]=0
     level1_cnt_plus[5]=0;		level1_cnt_minus[5]=0
     level1_cnt_plus[6]=0;		level1_cnt_minus[6]=0
     level1_cnt_plus[7]=0;		level1_cnt_minus[7]=0
     level1_cnt_plus[8]=0;		level1_cnt_minus[8]=0
     level1_cnt_plus[9]=0;		level1_cnt_minus[9]=0
FYI: CNarrowChannelRefiner::RedistributeLevel1_step_2: is started
FYI: CNarrowChannelRefiner::RedistributeLevel1_step_2: is finished
FYI: level1 statistics:
     level1_cnt_plus[1]=5106;		level1_cnt_minus[1]=0
     level1_cnt_plus[2]=3413;		level1_cnt_minus[2]=0
     level1_cnt_plus[3]=0;		level1_cnt_minus[3]=0
     level1_cnt_plus[4]=0;		level1_cnt_minus[4]=0
     level1_cnt_plus[5]=0;		level1_cnt_minus[5]=0
     level1_cnt_plus[6]=0;		level1_cnt_minus[6]=0
     level1_cnt_plus[7]=0;		level1_cnt_minus[7]=0
     level1_cnt_plus[8]=0;		level1_cnt_minus[8]=0
     level1_cnt_plus[9]=0;		level1_cnt_minus[9]=0
FYI: CNarrowChannelRefiner::RedistributeLevel1_step_3: is started
FYI: CNarrowChannelRefiner::RedistributeLevel1_step_3: is finished
RedistributeLevel1 takes:
FYI: level1 statistics:
     level1_cnt_plus[1]=5106;		level1_cnt_minus[1]=0
     level1_cnt_plus[2]=3413;		level1_cnt_minus[2]=0
     level1_cnt_plus[3]=0;		level1_cnt_minus[3]=0
     level1_cnt_plus[4]=0;		level1_cnt_minus[4]=0
     level1_cnt_plus[5]=0;		level1_cnt_minus[5]=0
     level1_cnt_plus[6]=0;		level1_cnt_minus[6]=0
     level1_cnt_plus[7]=0;		level1_cnt_minus[7]=0
     level1_cnt_plus[8]=0;		level1_cnt_minus[8]=0
     level1_cnt_plus[9]=0;		level1_cnt_minus[9]=0
-----------------------------------------------------------------------
MSH format builder (Iteration 0)
-----------------------------------------------------------------------
Memory Working Set Current = 38.35 Mb, Memory Working Set Peak = 45.48 Mb
Process Threads Number: 13
-----------------------------------------------------------------------
Loading geometries triangulation & x-stacks...OK
x-stacks size = 0.18 Mb
Total bricks count: 9243
-----------------------------------------------------------------------
MSH (Real Geometry) format constructor:
	Getting brick sets...OK (0.000 s)
	Min x-stack xeps = 2.13319e-06
	D / dh / eps [axis=0] = (0.0108597, 0.000452343, 4.52343e-07)
	D / dh / eps [axis=1] = (0.0720418, 0.000473959, 4.73959e-07)
	D / dh / eps [axis=2] = (0.0107822, 0.000449154, 4.49154e-07)
	Time (xeps): 0.000 s
Level 2
	Set (0)  size: 1748
	Set (0)  time: 0.021 s
	Set (1)  size: 1748
	Set (1)  time: 0.017 s
Level 1
	Set (0)  size: 2533
	Set (0)  time: 0.012 s
	Set (1)  size: 2534
	Set (1)  time: 0.012 s
Level 0
	Set (0)  size: 340
	Set (0)  time: 0.000 s
	Set (1)  size: 340
	Set (1)  time: 0.000 s
Result:
	Bricks number:                        9243

	Memory usage:                         1.935 MB
	Memory usage (per brick):             0.214 KB
	Construction time:                    0.063 s

	Topology features:
	------------------
	- High quality bricks                  99.98 % (9241)
	- Medium quality bricks                 0.02 % (2)
	- Bad quality bricks                    0.00 % (0)
	- Ribs corrected bricks                 0.00 % (0)
	- Points with geom-info (bricks)        0.06 % (6)
	- Points with closest-info (bricks)     0.00 % (0)
	- Triangulated by center (bricks)       0.05 % (5)
	- Facet w-faces mergings (bricks)       0.00 % (0)
	- To refine (bricks)                    0.00 % (0)

-----------------------------------------------------------------------
Memory Working Set Current = 49.96 Mb, Memory Working Set Peak = 49.96 Mb
Process Threads Number: 13
-----------------------------------------------------------------------
-----------------------------------------------------------------------
-----------------------------------------------------------------------
MSH --> BCF format (Iteration 0)...
BCF collector...(remove mode=0)
	Time (alloc counter per brick): 0.000 s
	Brick    count: 9243
	Av.f all count: 6462
	Av.s all count: 6476
	Av.f pid count: 3662
	Av.s pid count: 3683
	Faces fs count: 6673
	Faces ff count: 0
	Faces ss count: 0
	Faces bb count: 0
	Faces fe count: 0
	Faces se count: 1752
	Faces fw count: 8425
	Faces af count: 17519
	Faces as count: 18417
	Time (all count): 	0.002 s
	Time (bcf alloc): 	0.001 s
	Time (shifts alloc): 	0.001 s
	Time (shifts init): 	0.001 s
	Time (bcf fill): 	0.003 s
	Time (add av to faces): 0.000 s
	Time (add faces to av): 0.001 s
Time (bcf collect): 		0.009 s
	AV checker...
	Time (check av): 	0.003 s
	Subdomain checker...
		Subdomains construction time: 0.001 s.
		Subdomains sort time: 0.000 s.
			Subdomain 0 (geom_ind=0): 6462 av
			Subdomain 1 (geom_ind=1): 6476 av
		gi: 0, subdomains: 1, real bodies: 1
		gi: 1, subdomains: 1, real bodies: 0
		Defect subdomains: 0
	Time (check subdoms): 	0.001 s
Time (bcf iteration total): 	0.013 s
	Time (fw-nb): 		0.000 s
	Fixed mutual fw-nb:     3235 (bb: 0)
	Time (fw-nb mutual): 	0.000 s
	Time (fw-nb sort): 	0.000 s
	Fw-opt BEFORE total:    8425 (fs=6673, ff=0, ss=0)
	Fw-opt AFTER  total:    6265 (fs=4513, ff=0, ss=0, failed fw/br=7/1, big_curv=16, big_poly=0)
	Fw-opt RESULT:          2160 (res/(fs+ff+ss) = 32.37 %)
	Time (fw-opt): 		0.002 s
	Time (fw-re-order): 	0.001 s
	Time (fw-nb): 		0.003 s
	Fixed mutual fw-nb:     12569 (bb: 0)
	Time (fw-nb mutual): 	0.001 s
	Time (fw-nb sort): 	0.000 s
	Time (rfd fix): 	0.000 s
	Time (av convexity): 	0.001 s
	Time (av small volume): 0.000 s
	Time (diagonal fw-nb): 	0.007 s
	Fixed mutual fw-nb:     0 (bb: 0)
	Time (fw-nb mutual): 	0.001 s
	Time (fw-nb sort): 	0.000 s
	Fluid subdomains: 1
	Faces fw-nb diff sd:    0
	Time (fw-nb diff sd): 	0.001 s
Time (bcf calc): 		0.018 s
-----------------------------------------------------------------------
Time (bcf total): 		0.031 s
-----------------------------------------------------------------------
-----------------------------------------------------------------------
Mega-cv constructor for fluid...
	 29 av's is treated as thin
Relative size generator (threshold = 0.05)...
	Iteration 1 (small cluster count = 179)
	Iteration 2 (small cluster count = 80)
	Iteration 3 (small cluster count = 21)
	Iteration 4 (small cluster count = 1)
	Iteration 5 (small cluster count = 0)
	 172 mega-cv's generated
	 5 mega-cv's removed
Relative size generator is completed OK (0.001 s)
Apply fa-rules to mega-cv clusters fixes...
OK (0.000 s)
Convert clusters:
	 167 mega-cv's total
Mega-cv count: 167
Time (mega-cv fill): 	0.000 s
Time (mega-cv total): 	0.003 s
-----------------------------------------------------------------------
Mixing plane rotation regions: NO.
Sliding mesh rotation regions: NO.
Fluid/fluid faces: NO.
----------------------------------------------------------
BCF --> BCF.GEOMSUBDOM (bridge arrays):
MESH (0):
	Fluid Subdom Constructor: 1 subdom(s).
	Solid Subdom Constructor: 1 subdom(s).
	Net Asm Subdom Constructor: 0 subdom(s).
	GEOMSUBDOM (0): gi=0 fluid av=6462 cv=6283 fa=17519 fb=0 fw=4513 V=2.098134e-06
	Cache data...OK
	GEOMSUBDOM (1): gi=1 solid av=6476 cv=6476 fa=18417 fb=0 fw=6265 V=6.337294e-06
	Cache data...OK
	Setting nb of w-faces...OK (0.002 s).
	Correcting nb of w-faces...
	Time(correct_fw_nb)=0.001 s

MESH (0) checking:
	GEOMSUBDOM (0):fa_s=0.0075856881922205 fb_s=0.0000000000000000 fw_s=0.0015296941051887 fw_nb=36566
	              :d_const(257)=2.09697e-14 d_linear(986)=4.23888e-13
	GEOMSUBDOM (1):fa_s=0.0125871692084195 fb_s=0.0000000000000000 fw_s=0.0048821097375836 fw_nb=43722
	              :d_const(2785)=1.20087e-13 d_linear(1326)=2.91726e-11
MESH (0) checking: OK.
Time (MDS): 	0.014 s
----------------------------------------------------------

-----------------------------------------------------------------------
BCF CHECKSUM DATA (Mesh 0):

WARNING! 341 w-face(s) without RefFacesData.
BRICK |Level1| Sum:               11932
FACE_A Area Sum:   G.Fluid        0.0075856881922205
FACE_A Area Sum:   G.Solid        0.0125871692084195
FACE_W Area Sum:                  0.0048821097375836
FACE_W Nb   Sum:                  43722
FACE_W min curvatures sum:        -2041557.86492348
FACE_W max curvatures sum:        6906126.91176605
AV Max Disbalance(Const) :        1.20087e-13 (cid=7059, t={8, 8, 19}, avid=11040, pid=2800)
AV Max Disbalance(Linear):        2.91726e-11 (cid=1242, t={19, 4, 7}, avid=7514, pid=412)
-----------------------------------------------------------------------


-----------------------------------------------------------------------
MESHER TOPOLOGY DATA:

BRICKS: Total                 9243
BRICKS: 1-CV                  5593
BRICKS: 2-CV                  3609
BRICKS: 3-CV                  37
BRICKS: 4-CV                  4
BRICKS: Bad                   0

AV:     G.Total               12938
AV:     G.Fluid               6462
AV:     G.Solid               6476

AV:     G.Fluid Thin Profile    0.45 % (29)
AV:     G.Solid Thin Profile    0.19 % (12)

AV:     G.Fluid Thin For Mega   0.45 % (29)
AV:     G.Solid Thin For Mega   0.12 % (8)

AV:     G.Fluid Non-Convex      9.35 % (604)
AV:     G.Solid Non-Convex     14.59 % (945)

AV:     G.Fluid Non-Ess-Convex      3.53 % (228)
AV:     G.Solid Non-Ess-Convex      5.39 % (349)

FACE_A: G.Fluid          (af) 17519 (partially opened 7361)
FACE_A: G.Solid          (as) 18417 (partially opened 7391)

FACE_B: G.Total          (b)  0

FACE_W: G.Total                 6265        Brick/Bound
FACE_W: G.Fluid/Solid    (fs_g) 4513        0           
FACE_W: G.Fluid/Fluid    (ff_g) 0           0           
FACE_W: G.Solid/Solid    (ss_g) 0           0           
FACE_W: G.Fluid/External (fe_g) 0
FACE_W: G.Solid/External (se_g) 1752

AV/CV max fa count (on brick side):4
AV/CV max fw count:                4
AV/CV max fb count:                0
AV/CV max fw poly count:           15

MEMORY: Total                   4.547 MB
MEMORY: Per Brick               0.504 KB
-----------------------------------------------------------------------

-----------------------------------------------------------------------
Connectivities information:
	Number of conns: 0
-----------------------------------------------------------------------
	Time (gap size): 	0.010 s
-----------------------------------------------------------------------
Calculating curvature and tolerance criteria...
Curvature: min=0 max=2.91339
Tolerance: min=0 max=0.0005813
Calculating curvature and tolerance criteria takes 0.036 s
-----------------------------------------------------------------------
MESH Build(FS) finished. Time=0.435 s
-----------------------------------------------------------------------
Current CPU = 1 sec

Nx=6
Ny=38
Nz=6
Max BRICK Level=2
Mesh Level=2
-----------------CModelBodies2MeshMapper::CollectData started -------------------------------
-----------------CModelBodies2MeshMapper Report -------------------------------
FluidDomains 1 SolidDomains 1 VoidDomains 0 
Domains RefIndexes
Domain 0, Index count 16
Domain 1, Index count 16
----------------- -------------------------------
	ModelBodies
Total resolved Bodies 0 BodySets 0

--------------------------------------------------------------------------
	Positive geometry Bodies
Total resolved Bodies 1 BodySets 1
BodySet 0
	Bodies list:
			#0	Name: ;	ID: 55250fff-3e04-458e-b9b3-6110dbeb77b6
	Domains list:		 0 

--------------------------------------------------------------------------
	Fluid regions
Total resolved Bodies 1 BodySets 1
BodySet 0	Material: Oxygen; 
	Bodies list:
			#0	Name: ;	ID: 55250fff-3e04-458e-b9b3-6110dbeb77b6
	Domains list:		 0 

--------------------------------------------------------------------------
-----------------CModelBodies2MeshMapper::CollectData finished successfully-------------------
Saving initial mesh in: N:\Downloads\GitHub\liquid-propellant-engine\2kN Heat Sink Engine\Revised Stack OD 6in\1\Parametric Study 1\17\17.fld .
Storing results...
Estimated CPT size=2.211 MB.
	Time (write bcf): 0.305 s
OK
-----------------------------------------------------------------------
Memory Working Set Current = 56.76 Mb, Memory Working Set Peak = 56.76 Mb
Process Threads Number: 13
-----------------------------------------------------------------------
Cleaning memory...
		Time (free xsl):                    	0.001 s
Free Geometry DB takes 0.000 s
	Time (free bcf): 	0.003 s
		Time (free bcf mesh):               	0.008 s
	Time (free mesher data):              	0.010 s
Copying... OK
Mesh generation normally finished at	28.4.2021	2:53:35
Mesher CPU = 1 sec
Mesher is finished at	28.4.2021	2:53:35
-----------------------------------------------------------------------
Memory Working Set Current = 33.42 Mb, Memory Working Set Peak = 57.12 Mb
Process Threads Number: 13
-----------------------------------------------------------------------
Algebra Pool      : mem_usage = 0.31 Mb, allocated count = 0
Log ended at 28.04.2021	02:53:35
