Log started at 09.04.2021	16:49:17
Number of used processors (NPROC): 8.
Number of mesh partitions (NPART): 8.
Total Physical Memory = 15.93 Gb, Available Physical Memory = 10.70 Gb
Computer name:	MCAE02
Operating system:	Windows 10 (or higher) (Version 10.0.18363)

SOLIDWORKS 2020 SP4.0
Flow Simulation 2020  x64 / 4995 / MESHER ver. efd_dev.4663_05.07.2019 

Project: N:\Downloads\GitHub\liquid-propellant-engine\2kN Heat Sink Engine\Simulation Only\1\Parametric Study 2\11\11.xmlconfig
Configuration name: Default
Project name: Single Fluid (Water Substitute)
NGK: OFF
MBO: OFF

Mesh generation started:	9.4.2021	16:49:17
-----------------------------------------------------------------------
Mesher option run = eRunMesherNormal
-----------------------------------------------------------------------
Current CPU = 0 sec
-----------------------------------------------------------------------
Geometries initialization:
-----------------------------------------------------------------------
Loading mesh settings (global/local)...
-----------------------------------------------------------------------
Number of geometries from DB: 1
Geometry(0):
	Guid = {00000000-0000-0000-0000-000000000000}
	Fluid..
	1 Body.
	2 Real bodies.
	-- Bodyset 0 --
		Tolerance=3.3166e-05.
		107 Face(s).
			107 of b-spline type.
		0 Face(s) that have no ref faces
		15 Plane surface(s).
		35 Cylinder surface(s).
		5 Cone surface(s).
		4 Torus surface(s).
		48 B- surface(s).
		15860 Triangle(s).
		Getting triangle connectivities from DB: 0.002 s
		218 Edge(s).
			218 of b-spline type.
		BodyGeom reading: 0.023 s.
		65 Reference Face(s).
		11068 Reference Triangles.
		Getting triangle connectivities from DB (Ref): 0.001 s
		BodyGeom Ref reading: 0.002 s.
		Getting triangle connectivities from DB (Extra Triangulation): 0.002 s
Geometry(1):
	Solid.
	-- Bodyset 1 --
	Empty
-----------------------------------------------------------------------
Number of geometries in task: 2
Number of bodysets   in task: 2
-----------------------------------------------------------------------
	Making hash and connectivity for Bodyset ...
		CBodyGeom:
		Hash size: {18, 30, 32}.
		Mesh size: {18, 10, 16}.
		Hashing triangles...Ok.
			axis(0) tr sizes: average=39 max=2970
			axis(1) tr sizes: average=49 max=2538
			axis(2) tr sizes: average=61 max=4780
		Number of t-connected sets:3
			(0) size=12
			(1) size=8218 cavity
			(2) size=7630 cavity
		Done.
		CBodyGeomRef:
		Hashing triangles...Ok.
			axis(0) tr sizes: average=252 max=2128
			axis(1) tr sizes: average=197 max=2233
			axis(2) tr sizes: average=247 max=2534
		Done.
	0.0135 s.
Geometries reading and preparing has taken 0.045 s.

Mapped triangles:
Hashing geometries triangles
	Triangles num=15860
	Triangles box={0.0248042  ,0.147855  ,0.148315  ,0.213386  ,0.103371  ,0.216403  }
		3d-hash size is 118616 bytes
Hashing peculiar surfaces triangles
	Triangles num=37
	Triangles box={0.024018  ,0.0307351  ,0.185147  ,0.196579  ,0.102187  ,0.111432  }
		3d-hash size is 11756 bytes
	Triangles num=37
	Triangles box={0.0702151  ,0.0815803  ,0.185147  ,0.196579  ,0.215167  ,0.216361  }
		3d-hash size is 11976 bytes
	Triangles num=37
	Triangles box={0.14367  ,0.148319  ,0.185147  ,0.196579  ,0.114046  ,0.124486  }
		3d-hash size is 11876 bytes
	Triangles num=37
	Triangles box={0.0773704  ,0.0888028  ,0.213256  ,0.213256  ,0.141572  ,0.153  }
		3d-hash size is 11924 bytes
	Triangles num=30
	Triangles box={0.0831231  ,0.0845875  ,0.150065  ,0.151562  ,0.141933  ,0.142147  }
		3d-hash size is 11648 bytes
	Triangles num=30
	Triangles box={0.0784758  ,0.0793933  ,0.150065  ,0.151562  ,0.143416  ,0.144577  }
		3d-hash size is 11648 bytes
	Triangles num=30
	Triangles box={0.0857921  ,0.0869533  ,0.150065  ,0.151562  ,0.142666  ,0.143583  }
		3d-hash size is 11704 bytes
	Triangles num=30
	Triangles box={0.0877369  ,0.0882838  ,0.150065  ,0.151562  ,0.144635  ,0.14601  }
		3d-hash size is 11684 bytes
	Triangles num=30
	Triangles box={0.0778954  ,0.0784423  ,0.150065  ,0.151562  ,0.148549  ,0.149924  }
		3d-hash size is 11648 bytes
	Triangles num=30
	Triangles box={0.0843588  ,0.085734  ,0.150065  ,0.151562  ,0.151927  ,0.152474  }
		3d-hash size is 11648 bytes
	Triangles num=30
	Triangles box={0.0815917  ,0.0830561  ,0.150065  ,0.151562  ,0.152413  ,0.152627  }
		3d-hash size is 11648 bytes
	Triangles num=30
	Triangles box={0.0792259  ,0.0803871  ,0.150065  ,0.151562  ,0.150976  ,0.151894  }
		3d-hash size is 11692 bytes
	Triangles num=30
	Triangles box={0.0867859  ,0.0877034  ,0.150065  ,0.151562  ,0.149982  ,0.151143  }
		3d-hash size is 11648 bytes
	Triangles num=30
	Triangles box={0.0804451  ,0.0818203  ,0.150065  ,0.151562  ,0.142085  ,0.142632  }
		3d-hash size is 11648 bytes
	Triangles num=30
	Triangles box={0.0882225  ,0.0884365  ,0.150065  ,0.151562  ,0.147313  ,0.148778  }
		3d-hash size is 11648 bytes
	Triangles num=30
	Triangles box={0.0777427  ,0.0779566  ,0.150065  ,0.151562  ,0.145782  ,0.147246  }
		3d-hash size is 11660 bytes
	Triangles num=78
	Triangles box={0.0769688  ,0.0892111  ,0.173621  ,0.173621  ,0.141158  ,0.153401  }
		3d-hash size is 11940 bytes
Mapped triangles processed in 0.018 s.
-----------------------------------------------------------------------
Getting sectors:
Number of sectors: 0
-----------------------------------------------------------------------
-----------------------------------------------------------------------

Current CPU = 0 sec

-----------------------------------------------------------------------
Mesh dimensions:
				I[0 ]=18
				I[1 ]=10
				I[2 ]=16

Comp. domain size:
				a[0  ]=0.024927
				a[1  ]=0.147732
				a[2  ]=0.14838
				a[3  ]=0.213321
				a[4  ]=0.103484
				a[5  ]=0.21629

Fluid calculated			1
Solid calculated			0
-----------------------------------------------------------------------
MESH Build started...
-----------------------------------------------------------------------
Mesh LEVEL = 4
-----------------------------------------------------------------------
Setting regions...OK (0.000 s)
Base mesh info------------------
	2D flag  =0
	Period   =[0, 0, 0]
	Nx=18
		x[0]=0.024927
		x[1]=0.0317516
		x[2]=0.0385742
		x[3]=0.0453967
		x[4]=0.0522192
		x[5]=0.0590417
		x[6]=0.0658642
		x[7]=0.0726867
		x[8]=0.0795092
		x[9]=0.0863318
		x[10]=0.0931543
		x[11]=0.0999768
		x[12]=0.106799
		x[13]=0.113622
		x[14]=0.120444
		x[15]=0.127267
		x[16]=0.134089
		x[17]=0.140912
		x[18]=0.147732
	Ny=10
		y[0]=0.14838
		y[1]=0.154876
		y[2]=0.16137
		y[3]=0.167864
		y[4]=0.174358
		y[5]=0.180852
		y[6]=0.187346
		y[7]=0.19384
		y[8]=0.200334
		y[9]=0.206829
		y[10]=0.213321
	Nz=16
		z[0]=0.103484
		z[1]=0.110536
		z[2]=0.117586
		z[3]=0.124637
		z[4]=0.131687
		z[5]=0.138738
		z[6]=0.145788
		z[7]=0.152838
		z[8]=0.159889
		z[9]=0.166939
		z[10]=0.17399
		z[11]=0.18104
		z[12]=0.18809
		z[13]=0.195141
		z[14]=0.202191
		z[15]=0.209241
		z[16]=0.21629
End of base mesh info---------
Input_mesh_settings--------------------------------
Settings 0----------------
	Scope: GLOBAL
	Type:	------MESHER_SETTINGS----------
	RefAllCells           =0
	RefFluidCells         =0
	RefPartCells          =0
	RefSolidCells         =0
	l_SSFR(Capture crit)  =4
	l_curv(Curvature crit)=0
	l_tol(Tolerance crit) =4
	  k_tol               =0.000377956
	UseChannelRef         =1
	  NCR_method          =0
	  l_NCR               =2
	  N_gap               =5
	  Use d_NCR_min       =0
	  Use d_NCR_max       =0
	IgnoreThinChannelsHeight         =0
	--END_OF_MESHER_SETTINGS-------
End of input mesh settings-------------------------

-----------------------------------------------------------------------
Building geometries:
-----------------------------------------------------------------------
Building body-set (0) of geometry Fluid.0.(0). ...

-----------------------------------------------------------------------
Refining by triangulation...
Refinement input: 2880 bricks
Setting regions...OK (0.000 s)
Setting regions...OK (0.000 s)
Setting regions...OK (0.000 s)
Setting regions...OK (0.000 s)
Setting regions...OK (0.000 s)
Refinement result: 22305 bricks (0.113 s)
Refinement input: 22305 bricks
Setting regions...OK (0.000 s)
Refinement result: 22312 bricks (0.005 s)
Collecting and processing rays...OK (0.134 s)
Capturing...OK (0.004 s)
Refining by triangulation takes 0.256 s
-----------------------------------------------------------------------

-----------------------------------------------------------------------
Refining peculiar surfaces...
Refinement input: 22312 bricks
Setting regions...OK (0.000 s)
Refinement result: 22340 bricks (0.003 s)
Refinement input: 22340 bricks
Setting regions...OK (0.000 s)
Refinement result: 22375 bricks (0.005 s)
Refinement input: 22375 bricks
Setting regions...OK (0.000 s)
Refinement result: 22396 bricks (0.003 s)
Refinement input: 22396 bricks
Setting regions...OK (0.000 s)
Refinement result: 22452 bricks (0.003 s)
Refinement input: 22452 bricks
Setting regions...OK (0.000 s)
Refinement result: 22494 bricks (0.004 s)
Refinement input: 22494 bricks
Setting regions...OK (0.000 s)
Refinement result: 22557 bricks (0.003 s)
Refinement input: 22557 bricks
Setting regions...OK (0.000 s)
Refinement result: 22571 bricks (0.003 s)
Refinement input: 22571 bricks
Setting regions...OK (0.000 s)
Refinement result: 22641 bricks (0.003 s)
Refinement input: 22641 bricks
Setting regions...OK (0.000 s)
Refinement result: 22739 bricks (0.004 s)
Refinement input: 22739 bricks
Setting regions...OK (0.000 s)
Refinement result: 22753 bricks (0.002 s)
Refinement input: 22753 bricks
Setting regions...OK (0.000 s)
Refinement result: 22781 bricks (0.002 s)
Refinement input: 22781 bricks
Setting regions...OK (0.000 s)
Refinement result: 23390 bricks (0.003 s)
12 surfaces refined
Refining peculiar surfaces takes 0.08 s
-----------------------------------------------------------------------
Collecting and processing rays...OK (0.009 s)
Capturing...OK (0.000 s)
Collecting and processing rays...OK (0.000 s)
Capturing...OK (0.000 s)
Collecting and processing rays...OK (0.000 s)
Capturing...OK (0.000 s)

-----------------------------------------------------------------------
Base mesh 1 Refining...
Refinement input: 23390 bricks
Refinement result: 23390 bricks (0.000 s)
Collecting and processing rays...OK (0.000 s)
Capturing...OK (0.000 s)
-----------------------------------------------------------------------
Refining channels...
FYI: CNarrowChannelRefiner::RefineChannels_PRLL
Refinement input: 23390 bricks
Setting regions...OK (0.000 s)
Refinement result: 25504 bricks (0.003 s)
Collecting and processing rays...OK (0.003 s)
Capturing...OK (0.001 s)
FYI: m_iteration_count = 0
FYI: level1 statistics:
     level1_cnt_plus[1]=2416;		level1_cnt_minus[1]=0
     level1_cnt_plus[2]=0;		level1_cnt_minus[2]=0
     level1_cnt_plus[3]=0;		level1_cnt_minus[3]=0
     level1_cnt_plus[4]=0;		level1_cnt_minus[4]=0
     level1_cnt_plus[5]=0;		level1_cnt_minus[5]=0
     level1_cnt_plus[6]=0;		level1_cnt_minus[6]=0
     level1_cnt_plus[7]=0;		level1_cnt_minus[7]=0
     level1_cnt_plus[8]=0;		level1_cnt_minus[8]=0
     level1_cnt_plus[9]=0;		level1_cnt_minus[9]=0
Refinement input: 25504 bricks
Setting regions...OK (0.000 s)
Refinement result: 25749 bricks (0.003 s)
Collecting and processing rays...OK (0.001 s)
Capturing...OK (0.000 s)
FYI: m_iteration_count = 1
FYI: level1 statistics:
     level1_cnt_plus[1]=2678;		level1_cnt_minus[1]=0
     level1_cnt_plus[2]=16;		level1_cnt_minus[2]=0
     level1_cnt_plus[3]=0;		level1_cnt_minus[3]=0
     level1_cnt_plus[4]=0;		level1_cnt_minus[4]=0
     level1_cnt_plus[5]=0;		level1_cnt_minus[5]=0
     level1_cnt_plus[6]=0;		level1_cnt_minus[6]=0
     level1_cnt_plus[7]=0;		level1_cnt_minus[7]=0
     level1_cnt_plus[8]=0;		level1_cnt_minus[8]=0
     level1_cnt_plus[9]=0;		level1_cnt_minus[9]=0
Refinement input: 25749 bricks
Setting regions...OK (0.000 s)
Refinement result: 25756 bricks (0.003 s)
Collecting and processing rays...OK (0.000 s)
Capturing...OK (0.000 s)
FYI: m_iteration_count = 2
FYI: level1 statistics:
     level1_cnt_plus[1]=2686;		level1_cnt_minus[1]=0
     level1_cnt_plus[2]=16;		level1_cnt_minus[2]=0
     level1_cnt_plus[3]=0;		level1_cnt_minus[3]=0
     level1_cnt_plus[4]=0;		level1_cnt_minus[4]=0
     level1_cnt_plus[5]=0;		level1_cnt_minus[5]=0
     level1_cnt_plus[6]=0;		level1_cnt_minus[6]=0
     level1_cnt_plus[7]=0;		level1_cnt_minus[7]=0
     level1_cnt_plus[8]=0;		level1_cnt_minus[8]=0
     level1_cnt_plus[9]=0;		level1_cnt_minus[9]=0
FYI: m_iteration_count = 3
FYI: level1 statistics:
     level1_cnt_plus[1]=2686;		level1_cnt_minus[1]=0
     level1_cnt_plus[2]=16;		level1_cnt_minus[2]=0
     level1_cnt_plus[3]=0;		level1_cnt_minus[3]=0
     level1_cnt_plus[4]=0;		level1_cnt_minus[4]=0
     level1_cnt_plus[5]=0;		level1_cnt_minus[5]=0
     level1_cnt_plus[6]=0;		level1_cnt_minus[6]=0
     level1_cnt_plus[7]=0;		level1_cnt_minus[7]=0
     level1_cnt_plus[8]=0;		level1_cnt_minus[8]=0
     level1_cnt_plus[9]=0;		level1_cnt_minus[9]=0
Refinement input: 25756 bricks
Setting regions...OK (0.000 s)
Refinement result: 28003 bricks (0.003 s)
Collecting and processing rays...OK (0.005 s)
Capturing...OK (0.001 s)
FYI: m_iteration_count = 4
FYI: level1 statistics:
     level1_cnt_plus[1]=5236;		level1_cnt_minus[1]=0
     level1_cnt_plus[2]=32;		level1_cnt_minus[2]=0
     level1_cnt_plus[3]=0;		level1_cnt_minus[3]=0
     level1_cnt_plus[4]=0;		level1_cnt_minus[4]=0
     level1_cnt_plus[5]=0;		level1_cnt_minus[5]=0
     level1_cnt_plus[6]=0;		level1_cnt_minus[6]=0
     level1_cnt_plus[7]=0;		level1_cnt_minus[7]=0
     level1_cnt_plus[8]=0;		level1_cnt_minus[8]=0
     level1_cnt_plus[9]=0;		level1_cnt_minus[9]=0
Refinement input: 28003 bricks
Setting regions...OK (0.000 s)
Refinement result: 28388 bricks (0.004 s)
Collecting and processing rays...OK (0.000 s)
Capturing...OK (0.000 s)
FYI: m_iteration_count = 5
FYI: level1 statistics:
     level1_cnt_plus[1]=5640;		level1_cnt_minus[1]=0
     level1_cnt_plus[2]=64;		level1_cnt_minus[2]=0
     level1_cnt_plus[3]=0;		level1_cnt_minus[3]=0
     level1_cnt_plus[4]=0;		level1_cnt_minus[4]=0
     level1_cnt_plus[5]=0;		level1_cnt_minus[5]=0
     level1_cnt_plus[6]=0;		level1_cnt_minus[6]=0
     level1_cnt_plus[7]=0;		level1_cnt_minus[7]=0
     level1_cnt_plus[8]=0;		level1_cnt_minus[8]=0
     level1_cnt_plus[9]=0;		level1_cnt_minus[9]=0
Refinement input: 28388 bricks
Setting regions...OK (0.000 s)
Refinement result: 28507 bricks (0.003 s)
Collecting and processing rays...OK (0.000 s)
Capturing...OK (0.000 s)
FYI: m_iteration_count = 6
FYI: level1 statistics:
     level1_cnt_plus[1]=5758;		level1_cnt_minus[1]=0
     level1_cnt_plus[2]=80;		level1_cnt_minus[2]=0
     level1_cnt_plus[3]=0;		level1_cnt_minus[3]=0
     level1_cnt_plus[4]=0;		level1_cnt_minus[4]=0
     level1_cnt_plus[5]=0;		level1_cnt_minus[5]=0
     level1_cnt_plus[6]=0;		level1_cnt_minus[6]=0
     level1_cnt_plus[7]=0;		level1_cnt_minus[7]=0
     level1_cnt_plus[8]=0;		level1_cnt_minus[8]=0
     level1_cnt_plus[9]=0;		level1_cnt_minus[9]=0
Refinement input: 28507 bricks
Setting regions...OK (0.000 s)
Refinement result: 28570 bricks (0.003 s)
Collecting and processing rays...OK (0.000 s)
Capturing...OK (0.000 s)
FYI: m_iteration_count = 7
FYI: level1 statistics:
     level1_cnt_plus[1]=5830;		level1_cnt_minus[1]=0
     level1_cnt_plus[2]=80;		level1_cnt_minus[2]=0
     level1_cnt_plus[3]=0;		level1_cnt_minus[3]=0
     level1_cnt_plus[4]=0;		level1_cnt_minus[4]=0
     level1_cnt_plus[5]=0;		level1_cnt_minus[5]=0
     level1_cnt_plus[6]=0;		level1_cnt_minus[6]=0
     level1_cnt_plus[7]=0;		level1_cnt_minus[7]=0
     level1_cnt_plus[8]=0;		level1_cnt_minus[8]=0
     level1_cnt_plus[9]=0;		level1_cnt_minus[9]=0
Refinement input: 28570 bricks
Setting regions...OK (0.000 s)
Refinement result: 28591 bricks (0.003 s)
Collecting and processing rays...OK (0.000 s)
Capturing...OK (0.000 s)
FYI: m_iteration_count = 8
FYI: level1 statistics:
     level1_cnt_plus[1]=5854;		level1_cnt_minus[1]=0
     level1_cnt_plus[2]=80;		level1_cnt_minus[2]=0
     level1_cnt_plus[3]=0;		level1_cnt_minus[3]=0
     level1_cnt_plus[4]=0;		level1_cnt_minus[4]=0
     level1_cnt_plus[5]=0;		level1_cnt_minus[5]=0
     level1_cnt_plus[6]=0;		level1_cnt_minus[6]=0
     level1_cnt_plus[7]=0;		level1_cnt_minus[7]=0
     level1_cnt_plus[8]=0;		level1_cnt_minus[8]=0
     level1_cnt_plus[9]=0;		level1_cnt_minus[9]=0
FYI: m_iteration_count = 9
FYI: level1 statistics:
     level1_cnt_plus[1]=5854;		level1_cnt_minus[1]=0
     level1_cnt_plus[2]=80;		level1_cnt_minus[2]=0
     level1_cnt_plus[3]=0;		level1_cnt_minus[3]=0
     level1_cnt_plus[4]=0;		level1_cnt_minus[4]=0
     level1_cnt_plus[5]=0;		level1_cnt_minus[5]=0
     level1_cnt_plus[6]=0;		level1_cnt_minus[6]=0
     level1_cnt_plus[7]=0;		level1_cnt_minus[7]=0
     level1_cnt_plus[8]=0;		level1_cnt_minus[8]=0
     level1_cnt_plus[9]=0;		level1_cnt_minus[9]=0
FYI: level1 statistics:
     level1_cnt_plus[1]=5854;		level1_cnt_minus[1]=0
     level1_cnt_plus[2]=80;		level1_cnt_minus[2]=0
     level1_cnt_plus[3]=0;		level1_cnt_minus[3]=0
     level1_cnt_plus[4]=0;		level1_cnt_minus[4]=0
     level1_cnt_plus[5]=0;		level1_cnt_minus[5]=0
     level1_cnt_plus[6]=0;		level1_cnt_minus[6]=0
     level1_cnt_plus[7]=0;		level1_cnt_minus[7]=0
     level1_cnt_plus[8]=0;		level1_cnt_minus[8]=0
     level1_cnt_plus[9]=0;		level1_cnt_minus[9]=0

-----------------------------------------------------------------------
U-shapes refinement...
Refinement input: 28591 bricks
Setting regions...OK (0.000 s)
Refinement result: 28626 bricks (0.010 s)
Collecting and processing rays...OK (0.001 s)
Capturing...OK (0.000 s)
-----------------------------------------------------------------------

-----------------------------------------------------------------------
Equi Distant Refiner:
Equi Distant Refiner takes 0.00 s
-----------------------------------------------------------------------
Building geometry takes 0.895 s
Geometry Fluid.0.
Total		28626
Partial	10940
Fluid		4940
Solid		12702
Bad		44

/-Ray Intersection---------------/ Time	0.486 s
Calls			10588
CorrectRay Calls	0



-----------------------------------------------------------------------
Building geometries takes 0.896 s
-----------------------------------------------------------------------

-----------------------------------------------------------------------
PostBuilding geometries:
-----------------------------------------------------------------------
PostBuilding body-set (0) geometry Fluid.0. (0)...
Collecting and processing rays...OK (0.000 s)
Capturing...OK (0.000 s)
PostBuilding geometry takes 0.001 s
Geometry Fluid.0.
Total		28626
Partial	10940
Fluid		4940
Solid		12702
Bad		44

-----------------------------------------------------------------------
PostBuilding geometries takes 0.001 s
-----------------------------------------------------------------------
Defect ray count	0
FYI: CNarrowChannelRefiner::RedistributeLevel1_step_1: is finished
FYI: level1 statistics:
     level1_cnt_plus[1]=2034;		level1_cnt_minus[1]=0
     level1_cnt_plus[2]=3900;		level1_cnt_minus[2]=0
     level1_cnt_plus[3]=0;		level1_cnt_minus[3]=0
     level1_cnt_plus[4]=0;		level1_cnt_minus[4]=0
     level1_cnt_plus[5]=0;		level1_cnt_minus[5]=0
     level1_cnt_plus[6]=0;		level1_cnt_minus[6]=0
     level1_cnt_plus[7]=0;		level1_cnt_minus[7]=0
     level1_cnt_plus[8]=0;		level1_cnt_minus[8]=0
     level1_cnt_plus[9]=0;		level1_cnt_minus[9]=0
FYI: CNarrowChannelRefiner::RedistributeLevel1_step_2: is started
FYI: CNarrowChannelRefiner::RedistributeLevel1_step_2: is finished
FYI: level1 statistics:
     level1_cnt_plus[1]=3823;		level1_cnt_minus[1]=0
     level1_cnt_plus[2]=7223;		level1_cnt_minus[2]=0
     level1_cnt_plus[3]=0;		level1_cnt_minus[3]=0
     level1_cnt_plus[4]=0;		level1_cnt_minus[4]=0
     level1_cnt_plus[5]=0;		level1_cnt_minus[5]=0
     level1_cnt_plus[6]=0;		level1_cnt_minus[6]=0
     level1_cnt_plus[7]=0;		level1_cnt_minus[7]=0
     level1_cnt_plus[8]=0;		level1_cnt_minus[8]=0
     level1_cnt_plus[9]=0;		level1_cnt_minus[9]=0
FYI: CNarrowChannelRefiner::RedistributeLevel1_step_3: is started
FYI: CNarrowChannelRefiner::RedistributeLevel1_step_3: is finished
RedistributeLevel1 takes:
FYI: level1 statistics:
     level1_cnt_plus[1]=3823;		level1_cnt_minus[1]=1976
     level1_cnt_plus[2]=7223;		level1_cnt_minus[2]=4764
     level1_cnt_plus[3]=0;		level1_cnt_minus[3]=0
     level1_cnt_plus[4]=0;		level1_cnt_minus[4]=0
     level1_cnt_plus[5]=0;		level1_cnt_minus[5]=0
     level1_cnt_plus[6]=0;		level1_cnt_minus[6]=0
     level1_cnt_plus[7]=0;		level1_cnt_minus[7]=0
     level1_cnt_plus[8]=0;		level1_cnt_minus[8]=0
     level1_cnt_plus[9]=0;		level1_cnt_minus[9]=0
-----------------------------------------------------------------------
MSH format builder (Iteration 0)
-----------------------------------------------------------------------
Memory Working Set Current = 60.95 Mb, Memory Working Set Peak = 76.73 Mb
Process Threads Number: 21
-----------------------------------------------------------------------
Loading geometries triangulation & x-stacks...OK
x-stacks size = 0.78 Mb
Total bricks count: 28626
-----------------------------------------------------------------------
MSH (Real Geometry) format constructor:
	Getting brick sets...OK (0.001 s)
	Min x-stack xeps = 4.34507e-06
	D / dh / eps [axis=0] = (0.122805, 0.000426273, 4.26273e-07)
	D / dh / eps [axis=1] = (0.0649409, 0.00040577, 4.0577e-07)
	D / dh / eps [axis=2] = (0.112806, 0.000440548, 4.40548e-07)
	Time (xeps): 0.000 s
Level 4
	Set (0)  size: 2488
	Set (0)  time: 0.035 s
	Set (1)  size: 2488
	Set (1)  time: 0.028 s
Level 3
	Set (0)  size: 3463
	Set (0)  time: 0.028 s
	Set (1)  size: 3475
	Set (1)  time: 0.034 s
Level 2
	Set (0)  size: 5981
	Set (0)  time: 0.037 s
	Set (1)  size: 5978
	Set (1)  time: 0.036 s
Level 1
	Set (0)  size: 1185
	Set (0)  time: 0.001 s
	Set (1)  size: 1186
	Set (1)  time: 0.001 s
Level 0
	Set (0)  size: 1189
	Set (0)  time: 0.000 s
	Set (1)  size: 1193
	Set (1)  time: 0.000 s
Result:
	Bricks number:                        28626

	Memory usage:                         6.542 MB
	Memory usage (per brick):             0.234 KB
	Construction time:                    0.204 s

	Topology features:
	------------------
	- High quality bricks                  99.99 % (28624)
	- Medium quality bricks                 0.01 % (2)
	- Bad quality bricks                    0.00 % (0)
	- Ribs corrected bricks                 0.00 % (0)
	- Points with geom-info (bricks)        0.03 % (9)
	- Points with closest-info (bricks)     0.02 % (5)
	- Triangulated by center (bricks)       0.71 % (202)
	- Facet w-faces mergings (bricks)       0.00 % (0)
	- To refine (bricks)                    0.00 % (0)

-----------------------------------------------------------------------
Memory Working Set Current = 98.05 Mb, Memory Working Set Peak = 98.05 Mb
Process Threads Number: 21
-----------------------------------------------------------------------
-----------------------------------------------------------------------
-----------------------------------------------------------------------
MSH --> BCF format (Iteration 0)...
BCF collector...(remove mode=0)
	Time (alloc counter per brick): 0.001 s
	Brick    count: 28626
	Av.f all count: 16013
	Av.s all count: 23814
	Av.f pid count: 11087
	Av.s pid count: 11145
	Faces fs count: 25148
	Faces ff count: 0
	Faces ss count: 0
	Faces bb count: 0
	Faces fe count: 0
	Faces se count: 2414
	Faces fw count: 27562
	Faces af count: 45901
	Faces as count: 73916
	Time (all count): 	0.004 s
	Time (bcf alloc): 	0.002 s
	Time (shifts alloc): 	0.002 s
	Time (shifts init): 	0.002 s
	Time (bcf fill): 	0.012 s
	Time (add av to faces): 0.000 s
	Time (add faces to av): 0.005 s
Time (bcf collect): 		0.029 s
	AV checker...
	Time (check av): 	0.009 s
	Subdomain checker...
		Subdomains construction time: 0.004 s.
		Subdomains sort time: 0.000 s.
			Subdomain 0 (geom_ind=0): 13715 av
			Subdomain 1 (geom_ind=0): 2298 av
			Subdomain 2 (geom_ind=1): 23814 av
		gi: 0, subdomains: 2, real bodies: 2
		gi: 1, subdomains: 1, real bodies: 0
		Defect subdomains: 0
	Time (check subdoms): 	0.005 s
Time (bcf iteration total): 	0.043 s
	Time (fw-nb): 		0.002 s
	Fixed mutual fw-nb:     14444 (bb: 0)
	Time (fw-nb mutual): 	0.002 s
	Time (fw-nb sort): 	0.000 s
	Fw-opt BEFORE total:    27562 (fs=25148, ff=0, ss=0)
	Fw-opt AFTER  total:    16755 (fs=14341, ff=0, ss=0, failed fw/br=3/0, big_curv=41, big_poly=0)
	Fw-opt RESULT:          10807 (res/(fs+ff+ss) = 42.97 %)
	Time (fw-opt): 		0.006 s
	Time (fw-re-order): 	0.002 s
	Time (fw-nb): 		0.009 s
	Fixed mutual fw-nb:     35161 (bb: 0)
	Time (fw-nb mutual): 	0.003 s
	Time (fw-nb sort): 	0.000 s
	Time (rfd fix): 	0.000 s
	Time (av convexity): 	0.004 s
	Time (av small volume): 0.000 s
	Time (diagonal fw-nb): 	0.023 s
	Fixed mutual fw-nb:     0 (bb: 0)
	Time (fw-nb mutual): 	0.002 s
	Time (fw-nb sort): 	0.000 s
	Fluid subdomains: 2
	Faces fw-nb diff sd:    0
	Time (fw-nb diff sd): 	0.002 s
Time (bcf calc): 		0.061 s
-----------------------------------------------------------------------
Time (bcf total): 		0.104 s
-----------------------------------------------------------------------
-----------------------------------------------------------------------
Mega-cv constructor for fluid...
	 107 av's is treated as thin
Relative size generator (threshold = 0.05)...
	Iteration 1 (small cluster count = 1647)
	Iteration 2 (small cluster count = 925)
	Iteration 3 (small cluster count = 424)
	Iteration 4 (small cluster count = 250)
	Iteration 5 (small cluster count = 170)
	Iteration 6 (small cluster count = 124)
	Iteration 7 (small cluster count = 82)
	Iteration 8 (small cluster count = 45)
	Iteration 9 (small cluster count = 16)
	Iteration 10 (small cluster count = 3)
	Iteration 11 (small cluster count = 0)
	 1399 mega-cv's generated
	 28 mega-cv's removed
Relative size generator is completed OK (0.006 s)
Apply fa-rules to mega-cv clusters fixes...
	Fa-rule violation fixes:       38 of       38 (total cluster# =     1397)
OK (0.001 s)
Convert clusters:
	 1377 mega-cv's total
Mega-cv count: 1377
Time (mega-cv fill): 	0.003 s
Time (mega-cv total): 	0.017 s
-----------------------------------------------------------------------
Mixing plane rotation regions: NO.
Sliding mesh rotation regions: NO.
Fluid/fluid faces: NO.
----------------------------------------------------------
BCF --> BCF.GEOMSUBDOM (bridge arrays):
MESH (0):
	Fluid Subdom Constructor: 2 subdom(s).
	Solid Subdom Constructor: 1 subdom(s).
	Net Asm Subdom Constructor: 0 subdom(s).
	GEOMSUBDOM (0): gi=0 fluid av=13715 cv=12176 fa=39647 fb=0 fw=11633 V=2.804362e-05
	Cache data...OK
	GEOMSUBDOM (1): gi=0 fluid av=2298 cv=2145 fa=6254 fb=0 fw=2708 V=2.028246e-06
	Cache data...OK
	GEOMSUBDOM (2): gi=1 solid av=23814 cv=23814 fa=73916 fb=0 fw=16755 V=8.695660e-04
	Cache data...OK
	Setting nb of w-faces...OK (0.006 s).
	Correcting nb of w-faces...
	Time(correct_fw_nb)=0.004 s

MESH (0) checking:
	GEOMSUBDOM (0):fa_s=0.0494076157493769 fb_s=0.0000000000000000 fw_s=0.0103792222646351 fw_nb=90648
	              :d_const(106)=1.33356e-10 d_linear(106)=4.918e-10
	GEOMSUBDOM (1):fa_s=0.0042180513964460 fb_s=0.0000000000000000 fw_s=0.0015114119521429 fw_nb=22030
	              :d_const(1085)=5.36359e-14 d_linear(860)=8.67376e-13
	GEOMSUBDOM (2):fa_s=0.4492675160422014 fb_s=0.0000000000000000 fw_s=0.0701986196419107 fw_nb=122854
	              :d_const(406)=3.32685e-11 d_linear(11341)=1.34259e-10
MESH (0) checking: OK.
Time (MDS): 	0.054 s
----------------------------------------------------------

-----------------------------------------------------------------------
BCF CHECKSUM DATA (Mesh 0):

WARNING! 280 w-face(s) without RefFacesData.
BRICK |Level1| Sum:               29773
FACE_A Area Sum:   G.Fluid        0.0536256671458229
FACE_A Area Sum:   G.Solid        0.4492675160422015
FACE_W Area Sum:                  0.0701986196419106
FACE_W Nb   Sum:                  122854
FACE_W min curvatures sum:        -3389226.57042790
FACE_W max curvatures sum:        5880500.28845382
AV Max Disbalance(Const) :        2.88904e-09 (cid=1809, t={284, 94, 34}, avid=674, pid=556)
AV Max Disbalance(Linear):        2.17949e-08 (cid=1809, t={284, 94, 34}, avid=674, pid=556)
-----------------------------------------------------------------------


-----------------------------------------------------------------------
MESHER TOPOLOGY DATA:

BRICKS: Total                 28626
BRICKS: 1-CV                  17595
BRICKS: 2-CV                  10863
BRICKS: 3-CV                  166
BRICKS: 4-CV                  2
BRICKS: Bad                   0

AV:     G.Total               39827
AV:     G.Fluid               16013
AV:     G.Solid               23814

AV:     G.Fluid Thin Profile    0.70 % (112)
AV:     G.Solid Thin Profile    0.24 % (56)

AV:     G.Fluid Thin For Mega   0.67 % (107)
AV:     G.Solid Thin For Mega   0.20 % (48)

AV:     G.Fluid Non-Convex     21.38 % (3423)
AV:     G.Solid Non-Convex     19.36 % (4610)

AV:     G.Fluid Non-Ess-Convex      7.74 % (1240)
AV:     G.Solid Non-Ess-Convex      7.31 % (1740)

FACE_A: G.Fluid          (af) 45901 (partially opened 23734)
FACE_A: G.Solid          (as) 73916 (partially opened 23804)

FACE_B: G.Total          (b)  0

FACE_W: G.Total                 16755       Brick/Bound
FACE_W: G.Fluid/Solid    (fs_g) 14341       0           
FACE_W: G.Fluid/Fluid    (ff_g) 0           0           
FACE_W: G.Solid/Solid    (ss_g) 0           0           
FACE_W: G.Fluid/External (fe_g) 0
FACE_W: G.Solid/External (se_g) 2414

AV/CV max fa count (on brick side):8
AV/CV max fw count:                8
AV/CV max fb count:                0
AV/CV max fw poly count:           20

MEMORY: Total                   13.979 MB
MEMORY: Per Brick               0.500 KB
-----------------------------------------------------------------------

-----------------------------------------------------------------------
Connectivities information:
	Number of conns: 0
-----------------------------------------------------------------------
	Time (gap size): 	0.028 s
-----------------------------------------------------------------------
Calculating curvature and tolerance criteria...
Curvature: min=0 max=2.61955
Tolerance: min=0 max=0.000390539
Calculating curvature and tolerance criteria takes 0.173 s
-----------------------------------------------------------------------
MESH Build(FS) finished. Time=1.760 s
-----------------------------------------------------------------------
Current CPU = 2 sec

Nx=18
Ny=10
Nz=16
Max BRICK Level=4
Mesh Level=4
-----------------CModelBodies2MeshMapper::CollectData started -------------------------------
-----------------CModelBodies2MeshMapper Report -------------------------------
FluidDomains 2 SolidDomains 1 VoidDomains 0 
Domains RefIndexes
Domain 0, Index count 23
Domain 1, Index count 42
Domain 2, Index count 65
----------------- -------------------------------
	ModelBodies
Total resolved Bodies 0 BodySets 0

--------------------------------------------------------------------------
	Positive geometry Bodies
Total resolved Bodies 2 BodySets 2
BodySet 0
	Bodies list:
			#0	Name: ;	ID: 0b21528e-f4f0-4b9d-9c80-1bb903ee41ef
	Domains list:		 1 
BodySet 1
	Bodies list:
			#0	Name: ;	ID: b5ef673b-f2d7-4d99-82eb-592040a7357e
	Domains list:		 0 

--------------------------------------------------------------------------
	Fluid regions
Total resolved Bodies 2 BodySets 1
BodySet 0	Material: Water; 
	Bodies list:
			#0	Name: ;	ID: 0b21528e-f4f0-4b9d-9c80-1bb903ee41ef
			#1	Name: ;	ID: b5ef673b-f2d7-4d99-82eb-592040a7357e
	Domains list:		 0 		 1 

--------------------------------------------------------------------------
-----------------CModelBodies2MeshMapper::CollectData finished successfully-------------------
Saving initial mesh in: N:\Downloads\GitHub\liquid-propellant-engine\2kN Heat Sink Engine\Simulation Only\1\Parametric Study 2\11\11.fld .
Storing results...
Estimated CPT size=6.995 MB.
	Time (write bcf): 1.530 s
OK
-----------------------------------------------------------------------
Memory Working Set Current = 121.32 Mb, Memory Working Set Peak = 121.32 Mb
Process Threads Number: 21
-----------------------------------------------------------------------
Cleaning memory...
		Time (free xsl):                    	0.002 s
Free Geometry DB takes 0.000 s
	Time (free bcf): 	0.012 s
		Time (free bcf mesh):               	0.031 s
	Time (free mesher data):              	0.035 s
Copying... OK
Mesh generation normally finished at	9.4.2021	16:49:20
Mesher CPU = 3 sec
Mesher is finished at	9.4.2021	16:49:20
-----------------------------------------------------------------------
Memory Working Set Current = 52.02 Mb, Memory Working Set Peak = 121.72 Mb
Process Threads Number: 21
-----------------------------------------------------------------------
Algebra Pool      : mem_usage = 0.69 Mb, allocated count = 0
Log ended at 09.04.2021	16:49:20
