Log started at 09.04.2021	17:06:53
Number of used processors (NPROC): 8.
Number of mesh partitions (NPART): 8.
Total Physical Memory = 15.93 Gb, Available Physical Memory = 10.44 Gb
Computer name:	MCAE02
Operating system:	Windows 10 (or higher) (Version 10.0.18363)

SOLIDWORKS 2020 SP4.0
Flow Simulation 2020  x64 / 4995 / MESHER ver. efd_dev.4663_05.07.2019 

Project: N:\Downloads\GitHub\liquid-propellant-engine\2kN Heat Sink Engine\Simulation Only\1\Parametric Study 2\22\22.xmlconfig
Configuration name: Default
Project name: Single Fluid (Water Substitute)
NGK: OFF
MBO: OFF

Mesh generation started:	9.4.2021	17:6:53
-----------------------------------------------------------------------
Mesher option run = eRunMesherNormal
-----------------------------------------------------------------------
Current CPU = 0 sec
-----------------------------------------------------------------------
Geometries initialization:
-----------------------------------------------------------------------
Loading mesh settings (global/local)...
-----------------------------------------------------------------------
Number of geometries from DB: 1
Geometry(0):
	Guid = {00000000-0000-0000-0000-000000000000}
	Fluid..
	1 Body.
	2 Real bodies.
	-- Bodyset 0 --
		Tolerance=3.3166e-05.
		109 Face(s).
			109 of b-spline type.
		0 Face(s) that have no ref faces
		15 Plane surface(s).
		35 Cylinder surface(s).
		5 Cone surface(s).
		6 Torus surface(s).
		48 B- surface(s).
		15932 Triangle(s).
		Getting triangle connectivities from DB: 0.002 s
		226 Edge(s).
			226 of b-spline type.
		BodyGeom reading: 0.023 s.
		67 Reference Face(s).
		11141 Reference Triangles.
		Getting triangle connectivities from DB (Ref): 0.001 s
		BodyGeom Ref reading: 0.002 s.
		Getting triangle connectivities from DB (Extra Triangulation): 0.001 s
Geometry(1):
	Solid.
	-- Bodyset 1 --
	Empty
-----------------------------------------------------------------------
Number of geometries in task: 2
Number of bodysets   in task: 2
-----------------------------------------------------------------------
	Making hash and connectivity for Bodyset ...
		CBodyGeom:
		Hash size: {18, 30, 32}.
		Mesh size: {18, 10, 16}.
		Hashing triangles...Ok.
			axis(0) tr sizes: average=40 max=2786
			axis(1) tr sizes: average=52 max=2601
			axis(2) tr sizes: average=61 max=4864
		Number of t-connected sets:3
			(0) size=12
			(1) size=8216 cavity
			(2) size=7704 cavity
		Done.
		CBodyGeomRef:
		Hashing triangles...Ok.
			axis(0) tr sizes: average=259 max=2187
			axis(1) tr sizes: average=201 max=2155
			axis(2) tr sizes: average=253 max=2546
		Done.
	0.0163 s.
Geometries reading and preparing has taken 0.049 s.

Mapped triangles:
Hashing geometries triangles
	Triangles num=15932
	Triangles box={0.0242085  ,0.148268  ,0.149186  ,0.213384  ,0.102552  ,0.21651  }
		3d-hash size is 122880 bytes
Hashing peculiar surfaces triangles
	Triangles num=37
	Triangles box={0.024018  ,0.0307351  ,0.185147  ,0.196579  ,0.102187  ,0.111432  }
		3d-hash size is 11872 bytes
	Triangles num=37
	Triangles box={0.0702151  ,0.0815803  ,0.185147  ,0.196579  ,0.215167  ,0.216361  }
		3d-hash size is 11980 bytes
	Triangles num=37
	Triangles box={0.14367  ,0.148319  ,0.185147  ,0.196579  ,0.114046  ,0.124486  }
		3d-hash size is 11968 bytes
	Triangles num=37
	Triangles box={0.0773704  ,0.0888028  ,0.213256  ,0.213256  ,0.141572  ,0.153  }
		3d-hash size is 11928 bytes
	Triangles num=30
	Triangles box={0.0831231  ,0.0845875  ,0.150934  ,0.152431  ,0.141933  ,0.142147  }
		3d-hash size is 11648 bytes
	Triangles num=30
	Triangles box={0.0784758  ,0.0793933  ,0.150934  ,0.152431  ,0.143416  ,0.144577  }
		3d-hash size is 11676 bytes
	Triangles num=30
	Triangles box={0.0857921  ,0.0869533  ,0.150934  ,0.152431  ,0.142666  ,0.143583  }
		3d-hash size is 11684 bytes
	Triangles num=30
	Triangles box={0.0877369  ,0.0882838  ,0.150934  ,0.152431  ,0.144635  ,0.14601  }
		3d-hash size is 11676 bytes
	Triangles num=30
	Triangles box={0.0778954  ,0.0784423  ,0.150934  ,0.152431  ,0.148549  ,0.149924  }
		3d-hash size is 11648 bytes
	Triangles num=30
	Triangles box={0.0843588  ,0.085734  ,0.150934  ,0.152431  ,0.151927  ,0.152474  }
		3d-hash size is 11684 bytes
	Triangles num=30
	Triangles box={0.0815917  ,0.0830561  ,0.150934  ,0.152431  ,0.152413  ,0.152627  }
		3d-hash size is 11676 bytes
	Triangles num=30
	Triangles box={0.0792259  ,0.0803871  ,0.150934  ,0.152431  ,0.150976  ,0.151894  }
		3d-hash size is 11684 bytes
	Triangles num=30
	Triangles box={0.0867859  ,0.0877034  ,0.150934  ,0.152431  ,0.149982  ,0.151143  }
		3d-hash size is 11648 bytes
	Triangles num=30
	Triangles box={0.0804451  ,0.0818203  ,0.150934  ,0.152431  ,0.142085  ,0.142632  }
		3d-hash size is 11648 bytes
	Triangles num=30
	Triangles box={0.0882225  ,0.0884365  ,0.150934  ,0.152431  ,0.147313  ,0.148778  }
		3d-hash size is 11648 bytes
	Triangles num=30
	Triangles box={0.0777427  ,0.0779566  ,0.150934  ,0.152431  ,0.145782  ,0.147246  }
		3d-hash size is 11648 bytes
	Triangles num=78
	Triangles box={0.0769688  ,0.0892111  ,0.173621  ,0.173621  ,0.141158  ,0.153401  }
		3d-hash size is 11944 bytes
Mapped triangles processed in 0.025 s.
-----------------------------------------------------------------------
Getting sectors:
Number of sectors: 0
-----------------------------------------------------------------------
-----------------------------------------------------------------------

Current CPU = 0 sec

-----------------------------------------------------------------------
Mesh dimensions:
				I[0 ]=18
				I[1 ]=10
				I[2 ]=16

Comp. domain size:
				a[0  ]=0.0243324
				a[1  ]=0.148144
				a[2  ]=0.14925
				a[3  ]=0.21332
				a[4  ]=0.102666
				a[5  ]=0.216397

Fluid calculated			1
Solid calculated			0
-----------------------------------------------------------------------
MESH Build started...
-----------------------------------------------------------------------
Mesh LEVEL = 4
-----------------------------------------------------------------------
Setting regions...OK (0.000 s)
Base mesh info------------------
	2D flag  =0
	Period   =[0, 0, 0]
	Nx=18
		x[0]=0.0243324
		x[1]=0.0312129
		x[2]=0.0380914
		x[3]=0.0449698
		x[4]=0.0518482
		x[5]=0.0587266
		x[6]=0.0656051
		x[7]=0.0724835
		x[8]=0.0793619
		x[9]=0.0862403
		x[10]=0.0931188
		x[11]=0.0999972
		x[12]=0.106876
		x[13]=0.113754
		x[14]=0.120632
		x[15]=0.127511
		x[16]=0.134389
		x[17]=0.141268
		x[18]=0.148144
	Ny=10
		y[0]=0.14925
		y[1]=0.155659
		y[2]=0.162066
		y[3]=0.168473
		y[4]=0.17488
		y[5]=0.181287
		y[6]=0.187694
		y[7]=0.194101
		y[8]=0.200508
		y[9]=0.206915
		y[10]=0.21332
	Nz=16
		z[0]=0.102666
		z[1]=0.109776
		z[2]=0.116884
		z[3]=0.123992
		z[4]=0.1311
		z[5]=0.138209
		z[6]=0.145317
		z[7]=0.152425
		z[8]=0.159533
		z[9]=0.166641
		z[10]=0.173749
		z[11]=0.180858
		z[12]=0.187966
		z[13]=0.195074
		z[14]=0.202182
		z[15]=0.20929
		z[16]=0.216397
End of base mesh info---------
Input_mesh_settings--------------------------------
Settings 0----------------
	Scope: GLOBAL
	Type:	------MESHER_SETTINGS----------
	RefAllCells           =0
	RefFluidCells         =0
	RefPartCells          =0
	RefSolidCells         =0
	l_SSFR(Capture crit)  =4
	l_curv(Curvature crit)=0
	l_tol(Tolerance crit) =4
	  k_tol               =0.000377956
	UseChannelRef         =1
	  NCR_method          =0
	  l_NCR               =2
	  N_gap               =5
	  Use d_NCR_min       =0
	  Use d_NCR_max       =0
	IgnoreThinChannelsHeight         =0
	--END_OF_MESHER_SETTINGS-------
End of input mesh settings-------------------------

-----------------------------------------------------------------------
Building geometries:
-----------------------------------------------------------------------
Building body-set (0) of geometry Fluid.0.(0). ...

-----------------------------------------------------------------------
Refining by triangulation...
Refinement input: 2880 bricks
Setting regions...OK (0.000 s)
Setting regions...OK (0.000 s)
Setting regions...OK (0.000 s)
Setting regions...OK (0.000 s)
Setting regions...OK (0.000 s)
Refinement result: 20597 bricks (0.118 s)
Refinement input: 20597 bricks
Refinement result: 20597 bricks (0.004 s)
Collecting and processing rays...OK (0.102 s)
Capturing...OK (0.003 s)
Refining by triangulation takes 0.228 s
-----------------------------------------------------------------------

-----------------------------------------------------------------------
Refining peculiar surfaces...
Refinement input: 20597 bricks
Setting regions...OK (0.000 s)
Refinement result: 20618 bricks (0.003 s)
Refinement input: 20618 bricks
Setting regions...OK (0.000 s)
Refinement result: 20730 bricks (0.004 s)
Refinement input: 20730 bricks
Setting regions...OK (0.000 s)
Refinement result: 20758 bricks (0.003 s)
Refinement input: 20758 bricks
Setting regions...OK (0.000 s)
Refinement result: 20807 bricks (0.003 s)
Refinement input: 20807 bricks
Setting regions...OK (0.000 s)
Refinement result: 20856 bricks (0.003 s)
Refinement input: 20856 bricks
Setting regions...OK (0.000 s)
Refinement result: 20863 bricks (0.002 s)
Refinement input: 20863 bricks
Setting regions...OK (0.000 s)
Refinement result: 20968 bricks (0.003 s)
Refinement input: 20968 bricks
Setting regions...OK (0.000 s)
Refinement result: 21038 bricks (0.003 s)
Refinement input: 21038 bricks
Setting regions...OK (0.000 s)
Refinement result: 21080 bricks (0.003 s)
Refinement input: 21080 bricks
Setting regions...OK (0.000 s)
Refinement result: 21101 bricks (0.003 s)
Refinement input: 21101 bricks
Setting regions...OK (0.000 s)
Refinement result: 21122 bricks (0.002 s)
Refinement input: 21122 bricks
Setting regions...OK (0.000 s)
Refinement result: 21136 bricks (0.002 s)
Refinement input: 21136 bricks
Setting regions...OK (0.000 s)
Refinement result: 21920 bricks (0.004 s)
11 surfaces refined
Refining peculiar surfaces takes 0.077 s
-----------------------------------------------------------------------
Collecting and processing rays...OK (0.015 s)
Capturing...OK (0.000 s)
Collecting and processing rays...OK (0.000 s)
Capturing...OK (0.000 s)
Collecting and processing rays...OK (0.000 s)
Capturing...OK (0.000 s)

-----------------------------------------------------------------------
Base mesh 1 Refining...
Refinement input: 21920 bricks
Refinement result: 21920 bricks (0.000 s)
Collecting and processing rays...OK (0.000 s)
Capturing...OK (0.000 s)
-----------------------------------------------------------------------
Refining channels...
FYI: CNarrowChannelRefiner::RefineChannels_PRLL
Refinement input: 21920 bricks
Setting regions...OK (0.000 s)
Refinement result: 23642 bricks (0.003 s)
Collecting and processing rays...OK (0.004 s)
Capturing...OK (0.001 s)
FYI: m_iteration_count = 0
FYI: level1 statistics:
     level1_cnt_plus[1]=1968;		level1_cnt_minus[1]=0
     level1_cnt_plus[2]=0;		level1_cnt_minus[2]=0
     level1_cnt_plus[3]=0;		level1_cnt_minus[3]=0
     level1_cnt_plus[4]=0;		level1_cnt_minus[4]=0
     level1_cnt_plus[5]=0;		level1_cnt_minus[5]=0
     level1_cnt_plus[6]=0;		level1_cnt_minus[6]=0
     level1_cnt_plus[7]=0;		level1_cnt_minus[7]=0
     level1_cnt_plus[8]=0;		level1_cnt_minus[8]=0
     level1_cnt_plus[9]=0;		level1_cnt_minus[9]=0
Refinement input: 23642 bricks
Setting regions...OK (0.000 s)
Refinement result: 23789 bricks (0.004 s)
Collecting and processing rays...OK (0.001 s)
Capturing...OK (0.000 s)
FYI: m_iteration_count = 1
FYI: level1 statistics:
     level1_cnt_plus[1]=2136;		level1_cnt_minus[1]=0
     level1_cnt_plus[2]=0;		level1_cnt_minus[2]=0
     level1_cnt_plus[3]=0;		level1_cnt_minus[3]=0
     level1_cnt_plus[4]=0;		level1_cnt_minus[4]=0
     level1_cnt_plus[5]=0;		level1_cnt_minus[5]=0
     level1_cnt_plus[6]=0;		level1_cnt_minus[6]=0
     level1_cnt_plus[7]=0;		level1_cnt_minus[7]=0
     level1_cnt_plus[8]=0;		level1_cnt_minus[8]=0
     level1_cnt_plus[9]=0;		level1_cnt_minus[9]=0
Refinement input: 23789 bricks
Setting regions...OK (0.000 s)
Refinement result: 23824 bricks (0.003 s)
Collecting and processing rays...OK (0.000 s)
Capturing...OK (0.000 s)
FYI: m_iteration_count = 2
FYI: level1 statistics:
     level1_cnt_plus[1]=2158;		level1_cnt_minus[1]=0
     level1_cnt_plus[2]=16;		level1_cnt_minus[2]=0
     level1_cnt_plus[3]=0;		level1_cnt_minus[3]=0
     level1_cnt_plus[4]=0;		level1_cnt_minus[4]=0
     level1_cnt_plus[5]=0;		level1_cnt_minus[5]=0
     level1_cnt_plus[6]=0;		level1_cnt_minus[6]=0
     level1_cnt_plus[7]=0;		level1_cnt_minus[7]=0
     level1_cnt_plus[8]=0;		level1_cnt_minus[8]=0
     level1_cnt_plus[9]=0;		level1_cnt_minus[9]=0
FYI: m_iteration_count = 3
FYI: level1 statistics:
     level1_cnt_plus[1]=2158;		level1_cnt_minus[1]=0
     level1_cnt_plus[2]=16;		level1_cnt_minus[2]=0
     level1_cnt_plus[3]=0;		level1_cnt_minus[3]=0
     level1_cnt_plus[4]=0;		level1_cnt_minus[4]=0
     level1_cnt_plus[5]=0;		level1_cnt_minus[5]=0
     level1_cnt_plus[6]=0;		level1_cnt_minus[6]=0
     level1_cnt_plus[7]=0;		level1_cnt_minus[7]=0
     level1_cnt_plus[8]=0;		level1_cnt_minus[8]=0
     level1_cnt_plus[9]=0;		level1_cnt_minus[9]=0
Refinement input: 23824 bricks
Setting regions...OK (0.000 s)
Refinement result: 27828 bricks (0.003 s)
Collecting and processing rays...OK (0.009 s)
Capturing...OK (0.001 s)
FYI: m_iteration_count = 4
FYI: level1 statistics:
     level1_cnt_plus[1]=6338;		level1_cnt_minus[1]=0
     level1_cnt_plus[2]=368;		level1_cnt_minus[2]=0
     level1_cnt_plus[3]=0;		level1_cnt_minus[3]=0
     level1_cnt_plus[4]=0;		level1_cnt_minus[4]=0
     level1_cnt_plus[5]=0;		level1_cnt_minus[5]=0
     level1_cnt_plus[6]=0;		level1_cnt_minus[6]=0
     level1_cnt_plus[7]=0;		level1_cnt_minus[7]=0
     level1_cnt_plus[8]=0;		level1_cnt_minus[8]=0
     level1_cnt_plus[9]=0;		level1_cnt_minus[9]=0
Refinement input: 27828 bricks
Setting regions...OK (0.000 s)
Refinement result: 28045 bricks (0.003 s)
Collecting and processing rays...OK (0.001 s)
Capturing...OK (0.000 s)
FYI: m_iteration_count = 5
FYI: level1 statistics:
     level1_cnt_plus[1]=6532;		level1_cnt_minus[1]=0
     level1_cnt_plus[2]=416;		level1_cnt_minus[2]=0
     level1_cnt_plus[3]=0;		level1_cnt_minus[3]=0
     level1_cnt_plus[4]=0;		level1_cnt_minus[4]=0
     level1_cnt_plus[5]=0;		level1_cnt_minus[5]=0
     level1_cnt_plus[6]=0;		level1_cnt_minus[6]=0
     level1_cnt_plus[7]=0;		level1_cnt_minus[7]=0
     level1_cnt_plus[8]=0;		level1_cnt_minus[8]=0
     level1_cnt_plus[9]=0;		level1_cnt_minus[9]=0
Refinement input: 28045 bricks
Setting regions...OK (0.000 s)
Refinement result: 28059 bricks (0.004 s)
Collecting and processing rays...OK (0.000 s)
Capturing...OK (0.000 s)
FYI: m_iteration_count = 6
FYI: level1 statistics:
     level1_cnt_plus[1]=6548;		level1_cnt_minus[1]=0
     level1_cnt_plus[2]=416;		level1_cnt_minus[2]=0
     level1_cnt_plus[3]=0;		level1_cnt_minus[3]=0
     level1_cnt_plus[4]=0;		level1_cnt_minus[4]=0
     level1_cnt_plus[5]=0;		level1_cnt_minus[5]=0
     level1_cnt_plus[6]=0;		level1_cnt_minus[6]=0
     level1_cnt_plus[7]=0;		level1_cnt_minus[7]=0
     level1_cnt_plus[8]=0;		level1_cnt_minus[8]=0
     level1_cnt_plus[9]=0;		level1_cnt_minus[9]=0
FYI: m_iteration_count = 7
FYI: level1 statistics:
     level1_cnt_plus[1]=6548;		level1_cnt_minus[1]=0
     level1_cnt_plus[2]=416;		level1_cnt_minus[2]=0
     level1_cnt_plus[3]=0;		level1_cnt_minus[3]=0
     level1_cnt_plus[4]=0;		level1_cnt_minus[4]=0
     level1_cnt_plus[5]=0;		level1_cnt_minus[5]=0
     level1_cnt_plus[6]=0;		level1_cnt_minus[6]=0
     level1_cnt_plus[7]=0;		level1_cnt_minus[7]=0
     level1_cnt_plus[8]=0;		level1_cnt_minus[8]=0
     level1_cnt_plus[9]=0;		level1_cnt_minus[9]=0
FYI: level1 statistics:
     level1_cnt_plus[1]=6548;		level1_cnt_minus[1]=0
     level1_cnt_plus[2]=416;		level1_cnt_minus[2]=0
     level1_cnt_plus[3]=0;		level1_cnt_minus[3]=0
     level1_cnt_plus[4]=0;		level1_cnt_minus[4]=0
     level1_cnt_plus[5]=0;		level1_cnt_minus[5]=0
     level1_cnt_plus[6]=0;		level1_cnt_minus[6]=0
     level1_cnt_plus[7]=0;		level1_cnt_minus[7]=0
     level1_cnt_plus[8]=0;		level1_cnt_minus[8]=0
     level1_cnt_plus[9]=0;		level1_cnt_minus[9]=0

-----------------------------------------------------------------------
U-shapes refinement...
Refinement input: 28059 bricks
Refinement result: 28059 bricks (0.005 s)
Collecting and processing rays...OK (0.000 s)
Capturing...OK (0.000 s)
-----------------------------------------------------------------------

-----------------------------------------------------------------------
Equi Distant Refiner:
Equi Distant Refiner takes 0.00 s
-----------------------------------------------------------------------
Building geometry takes 0.882 s
Geometry Fluid.0.
Total		28059
Partial	10054
Fluid		4257
Solid		13640
Bad		108

/-Ray Intersection---------------/ Time	0.456 s
Calls			10465
CorrectRay Calls	0



-----------------------------------------------------------------------
Building geometries takes 0.884 s
-----------------------------------------------------------------------

-----------------------------------------------------------------------
PostBuilding geometries:
-----------------------------------------------------------------------
PostBuilding body-set (0) geometry Fluid.0. (0)...
Collecting and processing rays...OK (0.000 s)
Capturing...OK (0.000 s)
PostBuilding geometry takes 0.001 s
Geometry Fluid.0.
Total		28059
Partial	10054
Fluid		4257
Solid		13640
Bad		108

-----------------------------------------------------------------------
PostBuilding geometries takes 0.002 s
-----------------------------------------------------------------------
Defect ray count	0
FYI: CNarrowChannelRefiner::RedistributeLevel1_step_1: is finished
FYI: level1 statistics:
     level1_cnt_plus[1]=1448;		level1_cnt_minus[1]=0
     level1_cnt_plus[2]=5516;		level1_cnt_minus[2]=0
     level1_cnt_plus[3]=0;		level1_cnt_minus[3]=0
     level1_cnt_plus[4]=0;		level1_cnt_minus[4]=0
     level1_cnt_plus[5]=0;		level1_cnt_minus[5]=0
     level1_cnt_plus[6]=0;		level1_cnt_minus[6]=0
     level1_cnt_plus[7]=0;		level1_cnt_minus[7]=0
     level1_cnt_plus[8]=0;		level1_cnt_minus[8]=0
     level1_cnt_plus[9]=0;		level1_cnt_minus[9]=0
FYI: CNarrowChannelRefiner::RedistributeLevel1_step_2: is started
FYI: CNarrowChannelRefiner::RedistributeLevel1_step_2: is finished
FYI: level1 statistics:
     level1_cnt_plus[1]=3043;		level1_cnt_minus[1]=0
     level1_cnt_plus[2]=9052;		level1_cnt_minus[2]=0
     level1_cnt_plus[3]=0;		level1_cnt_minus[3]=0
     level1_cnt_plus[4]=0;		level1_cnt_minus[4]=0
     level1_cnt_plus[5]=0;		level1_cnt_minus[5]=0
     level1_cnt_plus[6]=0;		level1_cnt_minus[6]=0
     level1_cnt_plus[7]=0;		level1_cnt_minus[7]=0
     level1_cnt_plus[8]=0;		level1_cnt_minus[8]=0
     level1_cnt_plus[9]=0;		level1_cnt_minus[9]=0
FYI: CNarrowChannelRefiner::RedistributeLevel1_step_3: is started
FYI: CNarrowChannelRefiner::RedistributeLevel1_step_3: is finished
RedistributeLevel1 takes:
FYI: level1 statistics:
     level1_cnt_plus[1]=3043;		level1_cnt_minus[1]=2571
     level1_cnt_plus[2]=9052;		level1_cnt_minus[2]=2074
     level1_cnt_plus[3]=0;		level1_cnt_minus[3]=0
     level1_cnt_plus[4]=0;		level1_cnt_minus[4]=0
     level1_cnt_plus[5]=0;		level1_cnt_minus[5]=0
     level1_cnt_plus[6]=0;		level1_cnt_minus[6]=0
     level1_cnt_plus[7]=0;		level1_cnt_minus[7]=0
     level1_cnt_plus[8]=0;		level1_cnt_minus[8]=0
     level1_cnt_plus[9]=0;		level1_cnt_minus[9]=0
-----------------------------------------------------------------------
MSH format builder (Iteration 0)
-----------------------------------------------------------------------
Memory Working Set Current = 61.29 Mb, Memory Working Set Peak = 77.48 Mb
Process Threads Number: 21
-----------------------------------------------------------------------
Loading geometries triangulation & x-stacks...OK
x-stacks size = 0.77 Mb
Total bricks count: 28059
-----------------------------------------------------------------------
MSH (Real Geometry) format constructor:
	Getting brick sets...OK (0.001 s)
	Min x-stack xeps = 9.43387e-06
	D / dh / eps [axis=0] = (0.123812, 0.000429767, 4.29767e-07)
	D / dh / eps [axis=1] = (0.0640699, 0.000400328, 4.00328e-07)
	D / dh / eps [axis=2] = (0.113731, 0.000444158, 4.44158e-07)
	Time (xeps): 0.000 s
Level 4
	Set (0)  size: 2344
	Set (0)  time: 0.038 s
	Set (1)  size: 2344
	Set (1)  time: 0.030 s
Level 3
	Set (0)  size: 3088
	Set (0)  time: 0.024 s
	Set (1)  size: 3102
	Set (1)  time: 0.026 s
Level 2
	Set (0)  size: 6059
	Set (0)  time: 0.042 s
	Set (1)  size: 6070
	Set (1)  time: 0.042 s
Level 1
	Set (0)  size: 1355
	Set (0)  time: 0.002 s
	Set (1)  size: 1359
	Set (1)  time: 0.002 s
Level 0
	Set (0)  size: 1166
	Set (0)  time: 0.000 s
	Set (1)  size: 1172
	Set (1)  time: 0.001 s
Result:
	Bricks number:                        28059

	Memory usage:                         6.307 MB
	Memory usage (per brick):             0.230 KB
	Construction time:                    0.210 s

	Topology features:
	------------------
	- High quality bricks                  99.95 % (28044)
	- Medium quality bricks                 0.05 % (15)
	- Bad quality bricks                    0.00 % (0)
	- Ribs corrected bricks                 0.00 % (0)
	- Points with geom-info (bricks)        0.15 % (42)
	- Points with closest-info (bricks)     0.01 % (4)
	- Triangulated by center (bricks)       0.84 % (235)
	- Facet w-faces mergings (bricks)       0.00 % (0)
	- To refine (bricks)                    0.00 % (0)

-----------------------------------------------------------------------
Memory Working Set Current = 95.25 Mb, Memory Working Set Peak = 95.26 Mb
Process Threads Number: 21
-----------------------------------------------------------------------
-----------------------------------------------------------------------
-----------------------------------------------------------------------
MSH --> BCF format (Iteration 0)...
BCF collector...(remove mode=0)
	Time (alloc counter per brick): 0.001 s
	Brick    count: 28059
	Av.f all count: 14677
	Av.s all count: 24137
	Av.f pid count: 10441
	Av.s pid count: 10689
	Faces fs count: 25962
	Faces ff count: 0
	Faces ss count: 0
	Faces bb count: 0
	Faces fe count: 0
	Faces se count: 2525
	Faces fw count: 28487
	Faces af count: 41287
	Faces as count: 75342
	Time (all count): 	0.004 s
	Time (bcf alloc): 	0.002 s
	Time (shifts alloc): 	0.002 s
	Time (shifts init): 	0.002 s
	Time (bcf fill): 	0.013 s
	Time (add av to faces): 0.000 s
	Time (add faces to av): 0.005 s
Time (bcf collect): 		0.030 s
	AV checker...
	Time (check av): 	0.009 s
	Subdomain checker...
		Subdomains construction time: 0.005 s.
		Subdomains sort time: 0.000 s.
			Subdomain 0 (geom_ind=0): 12396 av
			Subdomain 1 (geom_ind=0): 2281 av
			Subdomain 2 (geom_ind=1): 24137 av
		gi: 0, subdomains: 2, real bodies: 2
		gi: 1, subdomains: 1, real bodies: 0
		Defect subdomains: 0
	Time (check subdoms): 	0.005 s
Time (bcf iteration total): 	0.045 s
	Time (fw-nb): 		0.002 s
	Fixed mutual fw-nb:     15746 (bb: 0)
	Time (fw-nb mutual): 	0.003 s
	Time (fw-nb sort): 	0.000 s
	Fw-opt BEFORE total:    28487 (fs=25962, ff=0, ss=0)
	Fw-opt AFTER  total:    16760 (fs=14235, ff=0, ss=0, failed fw/br=1/0, big_curv=72, big_poly=0)
	Fw-opt RESULT:          11727 (res/(fs+ff+ss) = 45.17 %)
	Time (fw-opt): 		0.007 s
	Time (fw-re-order): 	0.003 s
	Time (fw-nb): 		0.011 s
	Fixed mutual fw-nb:     34837 (bb: 0)
	Time (fw-nb mutual): 	0.003 s
	Time (fw-nb sort): 	0.000 s
	Time (rfd fix): 	0.000 s
	Time (av convexity): 	0.004 s
	Time (av small volume): 0.000 s
	Time (diagonal fw-nb): 	0.023 s
	Fixed mutual fw-nb:     0 (bb: 0)
	Time (fw-nb mutual): 	0.002 s
	Time (fw-nb sort): 	0.001 s
	Fluid subdomains: 2
	Faces fw-nb diff sd:    0
	Time (fw-nb diff sd): 	0.002 s
Time (bcf calc): 		0.065 s
-----------------------------------------------------------------------
Time (bcf total): 		0.110 s
-----------------------------------------------------------------------
-----------------------------------------------------------------------
Mega-cv constructor for fluid...
	 160 av's is treated as thin
Relative size generator (threshold = 0.05)...
	Iteration 1 (small cluster count = 1092)
	Iteration 2 (small cluster count = 460)
	Iteration 3 (small cluster count = 108)
	Iteration 4 (small cluster count = 25)
	Iteration 5 (small cluster count = 2)
	Iteration 6 (small cluster count = 0)
	 1079 mega-cv's generated
	 20 mega-cv's removed
Relative size generator is completed OK (0.004 s)
Apply fa-rules to mega-cv clusters fixes...
	Fa-rule violation fixes:       16 of       17 (total cluster# =     1069)
OK (0.001 s)
Convert clusters:
	 1060 mega-cv's total
Mega-cv count: 1060
Time (mega-cv fill): 	0.004 s
WARNING! Mega-cv normal-direction rule violation counts: rule-I = 1, rule-II = 0
Time (mega-cv total): 	0.017 s
-----------------------------------------------------------------------
Mixing plane rotation regions: NO.
Sliding mesh rotation regions: NO.
Fluid/fluid faces: NO.
----------------------------------------------------------
BCF --> BCF.GEOMSUBDOM (bridge arrays):
MESH (0):
	Fluid Subdom Constructor: 2 subdom(s).
	Solid Subdom Constructor: 1 subdom(s).
	Net Asm Subdom Constructor: 0 subdom(s).
	GEOMSUBDOM (0): gi=0 fluid av=12396 cv=11397 fa=35087 fb=0 fw=11483 V=3.476546e-05
	Cache data...OK
	GEOMSUBDOM (1): gi=0 fluid av=2281 cv=2140 fa=6200 fb=0 fw=2752 V=2.006106e-06
	Cache data...OK
	GEOMSUBDOM (2): gi=1 solid av=24137 cv=24137 fa=75342 fb=0 fw=16760 V=8.654085e-04
	Cache data...OK
	Setting nb of w-faces...OK (0.007 s).
	Correcting nb of w-faces...
	Time(correct_fw_nb)=0.005 s

MESH (0) checking:
	GEOMSUBDOM (0):fa_s=0.0542091192291715 fb_s=0.0000000000000000 fw_s=0.0113022614624738 fw_nb=90524
	              :d_const(10889)=5.53011e-10 d_linear(10889)=1.46959e-09
	GEOMSUBDOM (1):fa_s=0.0041847367756779 fb_s=0.0000000000000000 fw_s=0.0014966620376506 fw_nb=22718
	              :d_const(763)=9.55116e-14 d_linear(1947)=1.24705e-12
	GEOMSUBDOM (2):fa_s=0.4510330260446758 fb_s=0.0000000000000000 fw_s=0.0713999141091372 fw_nb=123916
	              :d_const(784)=1.11887e-10 d_linear(784)=2.40747e-10
MESH (0) checking: OK.
Time (MDS): 	0.057 s
----------------------------------------------------------

-----------------------------------------------------------------------
BCF CHECKSUM DATA (Mesh 0):

WARNING! 273 w-face(s) without RefFacesData.
BRICK |Level1| Sum:               27866
FACE_A Area Sum:   G.Fluid        0.0583938560048494
FACE_A Area Sum:   G.Solid        0.4510330260446758
FACE_W Area Sum:                  0.0713999141091372
FACE_W Nb   Sum:                  123916
FACE_W min curvatures sum:        -3978947.18111610
FACE_W max curvatures sum:        5743403.08961177
AV Max Disbalance(Const) :        5.53011e-10 (cid=1438, t={279, 97, 28}, avid=659, pid=487)
AV Max Disbalance(Linear):        1.46959e-09 (cid=1438, t={279, 97, 28}, avid=659, pid=487)
-----------------------------------------------------------------------


-----------------------------------------------------------------------
MESHER TOPOLOGY DATA:

BRICKS: Total                 28059
BRICKS: 1-CV                  17684
BRICKS: 2-CV                  9995
BRICKS: 3-CV                  380
BRICKS: Bad                   0

AV:     G.Total               38814
AV:     G.Fluid               14677
AV:     G.Solid               24137

AV:     G.Fluid Thin Profile    2.14 % (314)
AV:     G.Solid Thin Profile    0.27 % (66)

AV:     G.Fluid Thin For Mega   1.09 % (160)
AV:     G.Solid Thin For Mega   0.25 % (60)

AV:     G.Fluid Non-Convex     24.15 % (3544)
AV:     G.Solid Non-Convex     19.95 % (4816)

AV:     G.Fluid Non-Ess-Convex      8.47 % (1243)
AV:     G.Solid Non-Ess-Convex      7.80 % (1882)

FACE_A: G.Fluid          (af) 41287 (partially opened 22241)
FACE_A: G.Solid          (as) 75342 (partially opened 22675)

FACE_B: G.Total          (b)  0

FACE_W: G.Total                 16760       Brick/Bound
FACE_W: G.Fluid/Solid    (fs_g) 14235       0           
FACE_W: G.Fluid/Fluid    (ff_g) 0           0           
FACE_W: G.Solid/Solid    (ss_g) 0           0           
FACE_W: G.Fluid/External (fe_g) 0
FACE_W: G.Solid/External (se_g) 2525

AV/CV max fa count (on brick side):6
AV/CV max fw count:                6
AV/CV max fb count:                0
AV/CV max fw poly count:           19

MEMORY: Total                   13.696 MB
MEMORY: Per Brick               0.500 KB
-----------------------------------------------------------------------

-----------------------------------------------------------------------
Connectivities information:
	Number of conns: 0
-----------------------------------------------------------------------
	Time (gap size): 	0.030 s
-----------------------------------------------------------------------
Calculating curvature and tolerance criteria...
Curvature: min=0 max=3.13969
Tolerance: min=0 max=0.000378676
Calculating curvature and tolerance criteria takes 0.168 s
-----------------------------------------------------------------------
MESH Build(FS) finished. Time=1.780 s
-----------------------------------------------------------------------
Current CPU = 2 sec

Nx=18
Ny=10
Nz=16
Max BRICK Level=4
Mesh Level=4
-----------------CModelBodies2MeshMapper::CollectData started -------------------------------
-----------------CModelBodies2MeshMapper Report -------------------------------
FluidDomains 2 SolidDomains 1 VoidDomains 0 
Domains RefIndexes
Domain 0, Index count 25
Domain 1, Index count 42
Domain 2, Index count 67
----------------- -------------------------------
	ModelBodies
Total resolved Bodies 0 BodySets 0

--------------------------------------------------------------------------
	Positive geometry Bodies
Total resolved Bodies 2 BodySets 2
BodySet 0
	Bodies list:
			#0	Name: ;	ID: 39f82900-c2dd-40af-9ecd-254ff3ee0b72
	Domains list:		 1 
BodySet 1
	Bodies list:
			#0	Name: ;	ID: 7e3a18e5-59cb-453e-9331-28b87981bab2
	Domains list:		 0 

--------------------------------------------------------------------------
	Fluid regions
Total resolved Bodies 2 BodySets 1
BodySet 0	Material: Water; 
	Bodies list:
			#0	Name: ;	ID: 39f82900-c2dd-40af-9ecd-254ff3ee0b72
			#1	Name: ;	ID: 7e3a18e5-59cb-453e-9331-28b87981bab2
	Domains list:		 0 		 1 

--------------------------------------------------------------------------
-----------------CModelBodies2MeshMapper::CollectData finished successfully-------------------
Saving initial mesh in: N:\Downloads\GitHub\liquid-propellant-engine\2kN Heat Sink Engine\Simulation Only\1\Parametric Study 2\22\22.fld .
Storing results...
Estimated CPT size=6.819 MB.
	Time (write bcf): 1.299 s
OK
-----------------------------------------------------------------------
Memory Working Set Current = 120.58 Mb, Memory Working Set Peak = 120.59 Mb
Process Threads Number: 21
-----------------------------------------------------------------------
Cleaning memory...
		Time (free xsl):                    	0.002 s
Free Geometry DB takes 0.000 s
	Time (free bcf): 	0.012 s
		Time (free bcf mesh):               	0.029 s
	Time (free mesher data):              	0.034 s
Copying... OK
Mesh generation normally finished at	9.4.2021	17:6:56
Mesher CPU = 3 sec
Mesher is finished at	9.4.2021	17:6:56
-----------------------------------------------------------------------
Memory Working Set Current = 52.01 Mb, Memory Working Set Peak = 120.98 Mb
Process Threads Number: 21
-----------------------------------------------------------------------
Algebra Pool      : mem_usage = 0.94 Mb, allocated count = 0
Log ended at 09.04.2021	17:06:56
