Log started at 09.04.2021	17:10:04
Number of used processors (NPROC): 8.
Number of mesh partitions (NPART): 8.
Total Physical Memory = 15.93 Gb, Available Physical Memory = 10.44 Gb
Computer name:	MCAE02
Operating system:	Windows 10 (or higher) (Version 10.0.18363)

SOLIDWORKS 2020 SP4.0
Flow Simulation 2020  x64 / 4995 / MESHER ver. efd_dev.4663_05.07.2019 

Project: N:\Downloads\GitHub\liquid-propellant-engine\2kN Heat Sink Engine\Simulation Only\1\Parametric Study 2\24\24.xmlconfig
Configuration name: Default
Project name: Single Fluid (Water Substitute)
NGK: OFF
MBO: OFF

Mesh generation started:	9.4.2021	17:10:4
-----------------------------------------------------------------------
Mesher option run = eRunMesherNormal
-----------------------------------------------------------------------
Current CPU = 0 sec
-----------------------------------------------------------------------
Geometries initialization:
-----------------------------------------------------------------------
Loading mesh settings (global/local)...
-----------------------------------------------------------------------
Number of geometries from DB: 1
Geometry(0):
	Guid = {00000000-0000-0000-0000-000000000000}
	Fluid..
	1 Body.
	2 Real bodies.
	-- Bodyset 0 --
		Tolerance=3.3166e-05.
		103 Face(s).
			103 of b-spline type.
		0 Face(s) that have no ref faces
		13 Plane surface(s).
		33 Cylinder surface(s).
		5 Cone surface(s).
		4 Torus surface(s).
		48 B- surface(s).
		15020 Triangle(s).
		Getting triangle connectivities from DB: 0.001 s
		214 Edge(s).
			214 of b-spline type.
		BodyGeom reading: 0.021 s.
		61 Reference Face(s).
		10230 Reference Triangles.
		Getting triangle connectivities from DB (Ref): 0.001 s
		BodyGeom Ref reading: 0.002 s.
		Getting triangle connectivities from DB (Extra Triangulation): 0.001 s
Geometry(1):
	Solid.
	-- Bodyset 1 --
	Empty
-----------------------------------------------------------------------
Number of geometries in task: 2
Number of bodysets   in task: 2
-----------------------------------------------------------------------
	Making hash and connectivity for Bodyset ...
		CBodyGeom:
		Hash size: {18, 32, 16}.
		Mesh size: {18, 8, 16}.
		Hashing triangles...Ok.
			axis(0) tr sizes: average=63 max=4703
			axis(1) tr sizes: average=79 max=3477
			axis(2) tr sizes: average=58 max=4330
		Number of t-connected sets:3
			(0) size=12
			(1) size=8214 cavity
			(2) size=6794 cavity
		Done.
		CBodyGeomRef:
		Hashing triangles...Ok.
			axis(0) tr sizes: average=300 max=2137
			axis(1) tr sizes: average=199 max=2282
			axis(2) tr sizes: average=286 max=2532
		Done.
	0.0122 s.
Geometries reading and preparing has taken 0.042 s.

Mapped triangles:
Hashing geometries triangles
	Triangles num=15020
	Triangles box={0.0247821  ,0.14787  ,0.15476  ,0.213373  ,0.103341  ,0.216407  }
		3d-hash size is 106844 bytes
Hashing peculiar surfaces triangles
	Triangles num=37
	Triangles box={0.024018  ,0.0307351  ,0.185147  ,0.196579  ,0.102187  ,0.111432  }
		3d-hash size is 9400 bytes
	Triangles num=37
	Triangles box={0.0702151  ,0.0815803  ,0.185147  ,0.196579  ,0.215167  ,0.216361  }
		3d-hash size is 9624 bytes
	Triangles num=37
	Triangles box={0.14367  ,0.148319  ,0.185147  ,0.196579  ,0.114046  ,0.124486  }
		3d-hash size is 9512 bytes
	Triangles num=37
	Triangles box={0.0773704  ,0.0888028  ,0.213256  ,0.213256  ,0.141572  ,0.153  }
		3d-hash size is 9620 bytes
	Triangles num=30
	Triangles box={0.0831231  ,0.0845875  ,0.156497  ,0.157994  ,0.141933  ,0.142147  }
		3d-hash size is 9344 bytes
	Triangles num=30
	Triangles box={0.0784758  ,0.0793933  ,0.156497  ,0.157994  ,0.143416  ,0.144577  }
		3d-hash size is 9344 bytes
	Triangles num=30
	Triangles box={0.0857921  ,0.0869533  ,0.156497  ,0.157994  ,0.142666  ,0.143583  }
		3d-hash size is 9400 bytes
	Triangles num=30
	Triangles box={0.0877369  ,0.0882838  ,0.156497  ,0.157994  ,0.144635  ,0.14601  }
		3d-hash size is 9380 bytes
	Triangles num=30
	Triangles box={0.0778954  ,0.0784423  ,0.156497  ,0.157994  ,0.148549  ,0.149924  }
		3d-hash size is 9344 bytes
	Triangles num=30
	Triangles box={0.0843588  ,0.085734  ,0.156497  ,0.157994  ,0.151927  ,0.152474  }
		3d-hash size is 9344 bytes
	Triangles num=30
	Triangles box={0.0815917  ,0.0830561  ,0.156497  ,0.157994  ,0.152413  ,0.152627  }
		3d-hash size is 9344 bytes
	Triangles num=30
	Triangles box={0.0792259  ,0.0803871  ,0.156497  ,0.157994  ,0.150976  ,0.151894  }
		3d-hash size is 9388 bytes
	Triangles num=30
	Triangles box={0.0867859  ,0.0877034  ,0.156497  ,0.157994  ,0.149982  ,0.151143  }
		3d-hash size is 9344 bytes
	Triangles num=30
	Triangles box={0.0804451  ,0.0818203  ,0.156497  ,0.157994  ,0.142085  ,0.142632  }
		3d-hash size is 9344 bytes
	Triangles num=30
	Triangles box={0.0882225  ,0.0884365  ,0.156497  ,0.157994  ,0.147313  ,0.148778  }
		3d-hash size is 9344 bytes
	Triangles num=30
	Triangles box={0.0777427  ,0.0779566  ,0.156497  ,0.157994  ,0.145782  ,0.147246  }
		3d-hash size is 9344 bytes
	Triangles num=78
	Triangles box={0.0769688  ,0.0892111  ,0.173621  ,0.173621  ,0.141158  ,0.153401  }
		3d-hash size is 9636 bytes
Mapped triangles processed in 0.015 s.
-----------------------------------------------------------------------
Getting sectors:
Number of sectors: 0
-----------------------------------------------------------------------
-----------------------------------------------------------------------

Current CPU = 0 sec

-----------------------------------------------------------------------
Mesh dimensions:
				I[0 ]=18
				I[1 ]=8
				I[2 ]=16

Comp. domain size:
				a[0  ]=0.024905
				a[1  ]=0.147747
				a[2  ]=0.154819
				a[3  ]=0.213314
				a[4  ]=0.103454
				a[5  ]=0.216294

Fluid calculated			1
Solid calculated			0
-----------------------------------------------------------------------
MESH Build started...
-----------------------------------------------------------------------
Mesh LEVEL = 4
-----------------------------------------------------------------------
Setting regions...OK (0.000 s)
Base mesh info------------------
	2D flag  =0
	Period   =[0, 0, 0]
	Nx=18
		x[0]=0.024905
		x[1]=0.0317317
		x[2]=0.0385563
		x[3]=0.0453809
		x[4]=0.0522054
		x[5]=0.05903
		x[6]=0.0658546
		x[7]=0.0726792
		x[8]=0.0795038
		x[9]=0.0863284
		x[10]=0.093153
		x[11]=0.0999775
		x[12]=0.106802
		x[13]=0.113627
		x[14]=0.120451
		x[15]=0.127276
		x[16]=0.1341
		x[17]=0.140925
		x[18]=0.147747
	Ny=8
		y[0]=0.154819
		y[1]=0.162132
		y[2]=0.169444
		y[3]=0.176756
		y[4]=0.184068
		y[5]=0.19138
		y[6]=0.198692
		y[7]=0.206004
		y[8]=0.213314
	Nz=16
		z[0]=0.103454
		z[1]=0.110508
		z[2]=0.11756
		z[3]=0.124613
		z[4]=0.131665
		z[5]=0.138718
		z[6]=0.145771
		z[7]=0.152823
		z[8]=0.159876
		z[9]=0.166928
		z[10]=0.173981
		z[11]=0.181033
		z[12]=0.188086
		z[13]=0.195138
		z[14]=0.202191
		z[15]=0.209243
		z[16]=0.216294
End of base mesh info---------
Input_mesh_settings--------------------------------
Settings 0----------------
	Scope: GLOBAL
	Type:	------MESHER_SETTINGS----------
	RefAllCells           =0
	RefFluidCells         =0
	RefPartCells          =0
	RefSolidCells         =0
	l_SSFR(Capture crit)  =4
	l_curv(Curvature crit)=0
	l_tol(Tolerance crit) =4
	  k_tol               =0.000377956
	UseChannelRef         =1
	  NCR_method          =0
	  l_NCR               =2
	  N_gap               =5
	  Use d_NCR_min       =0
	  Use d_NCR_max       =0
	IgnoreThinChannelsHeight         =0
	--END_OF_MESHER_SETTINGS-------
End of input mesh settings-------------------------

-----------------------------------------------------------------------
Building geometries:
-----------------------------------------------------------------------
Building body-set (0) of geometry Fluid.0.(0). ...

-----------------------------------------------------------------------
Refining by triangulation...
Refinement input: 2304 bricks
Setting regions...OK (0.000 s)
Setting regions...OK (0.000 s)
Setting regions...OK (0.000 s)
Setting regions...OK (0.000 s)
Setting regions...OK (0.000 s)
Refinement result: 18747 bricks (0.132 s)
Refinement input: 18747 bricks
Refinement result: 18747 bricks (0.004 s)
Collecting and processing rays...OK (0.093 s)
Capturing...OK (0.003 s)
Refining by triangulation takes 0.231 s
-----------------------------------------------------------------------

-----------------------------------------------------------------------
Refining peculiar surfaces...
Refinement input: 18747 bricks
Setting regions...OK (0.000 s)
Refinement result: 18796 bricks (0.003 s)
Refinement input: 18796 bricks
Setting regions...OK (0.000 s)
Refinement result: 18852 bricks (0.003 s)
Refinement input: 18852 bricks
Setting regions...OK (0.000 s)
Refinement result: 18859 bricks (0.002 s)
Refinement input: 18859 bricks
Setting regions...OK (0.000 s)
Refinement result: 18922 bricks (0.003 s)
Refinement input: 18922 bricks
Setting regions...OK (0.000 s)
Refinement result: 18929 bricks (0.002 s)
Refinement input: 18929 bricks
Setting regions...OK (0.000 s)
Refinement result: 19006 bricks (0.003 s)
Refinement input: 19006 bricks
Setting regions...OK (0.000 s)
Refinement result: 19062 bricks (0.003 s)
Refinement input: 19062 bricks
Setting regions...OK (0.000 s)
Refinement result: 19706 bricks (0.004 s)
6 surfaces refined
Refining peculiar surfaces takes 0.052 s
-----------------------------------------------------------------------
Collecting and processing rays...OK (0.016 s)
Capturing...OK (0.000 s)
Collecting and processing rays...OK (0.000 s)
Capturing...OK (0.000 s)
Collecting and processing rays...OK (0.000 s)
Capturing...OK (0.000 s)

-----------------------------------------------------------------------
Base mesh 1 Refining...
Refinement input: 19706 bricks
Refinement result: 19706 bricks (0.000 s)
Collecting and processing rays...OK (0.000 s)
Capturing...OK (0.000 s)
-----------------------------------------------------------------------
Refining channels...
FYI: CNarrowChannelRefiner::RefineChannels_PRLL
Refinement input: 19706 bricks
Setting regions...OK (0.000 s)
Refinement result: 21736 bricks (0.002 s)
Collecting and processing rays...OK (0.004 s)
Capturing...OK (0.000 s)
FYI: m_iteration_count = 0
FYI: level1 statistics:
     level1_cnt_plus[1]=9222;		level1_cnt_minus[1]=0
     level1_cnt_plus[2]=1984;		level1_cnt_minus[2]=0
     level1_cnt_plus[3]=0;		level1_cnt_minus[3]=0
     level1_cnt_plus[4]=0;		level1_cnt_minus[4]=0
     level1_cnt_plus[5]=0;		level1_cnt_minus[5]=0
     level1_cnt_plus[6]=0;		level1_cnt_minus[6]=0
     level1_cnt_plus[7]=0;		level1_cnt_minus[7]=0
     level1_cnt_plus[8]=0;		level1_cnt_minus[8]=0
     level1_cnt_plus[9]=0;		level1_cnt_minus[9]=0
Refinement input: 21736 bricks
Setting regions...OK (0.000 s)
Refinement result: 21862 bricks (0.003 s)
Collecting and processing rays...OK (0.000 s)
Capturing...OK (0.000 s)
FYI: m_iteration_count = 1
FYI: level1 statistics:
     level1_cnt_plus[1]=9222;		level1_cnt_minus[1]=0
     level1_cnt_plus[2]=2112;		level1_cnt_minus[2]=0
     level1_cnt_plus[3]=0;		level1_cnt_minus[3]=0
     level1_cnt_plus[4]=0;		level1_cnt_minus[4]=0
     level1_cnt_plus[5]=0;		level1_cnt_minus[5]=0
     level1_cnt_plus[6]=0;		level1_cnt_minus[6]=0
     level1_cnt_plus[7]=0;		level1_cnt_minus[7]=0
     level1_cnt_plus[8]=0;		level1_cnt_minus[8]=0
     level1_cnt_plus[9]=0;		level1_cnt_minus[9]=0
Refinement input: 21862 bricks
Setting regions...OK (0.000 s)
Refinement result: 21876 bricks (0.002 s)
Collecting and processing rays...OK (0.000 s)
Capturing...OK (0.000 s)
FYI: m_iteration_count = 2
FYI: level1 statistics:
     level1_cnt_plus[1]=9220;		level1_cnt_minus[1]=0
     level1_cnt_plus[2]=2128;		level1_cnt_minus[2]=0
     level1_cnt_plus[3]=0;		level1_cnt_minus[3]=0
     level1_cnt_plus[4]=0;		level1_cnt_minus[4]=0
     level1_cnt_plus[5]=0;		level1_cnt_minus[5]=0
     level1_cnt_plus[6]=0;		level1_cnt_minus[6]=0
     level1_cnt_plus[7]=0;		level1_cnt_minus[7]=0
     level1_cnt_plus[8]=0;		level1_cnt_minus[8]=0
     level1_cnt_plus[9]=0;		level1_cnt_minus[9]=0
Refinement input: 21876 bricks
Setting regions...OK (0.000 s)
Refinement result: 21883 bricks (0.002 s)
Collecting and processing rays...OK (0.000 s)
Capturing...OK (0.000 s)
FYI: m_iteration_count = 3
FYI: level1 statistics:
     level1_cnt_plus[1]=9219;		level1_cnt_minus[1]=0
     level1_cnt_plus[2]=2136;		level1_cnt_minus[2]=0
     level1_cnt_plus[3]=0;		level1_cnt_minus[3]=0
     level1_cnt_plus[4]=0;		level1_cnt_minus[4]=0
     level1_cnt_plus[5]=0;		level1_cnt_minus[5]=0
     level1_cnt_plus[6]=0;		level1_cnt_minus[6]=0
     level1_cnt_plus[7]=0;		level1_cnt_minus[7]=0
     level1_cnt_plus[8]=0;		level1_cnt_minus[8]=0
     level1_cnt_plus[9]=0;		level1_cnt_minus[9]=0
Refinement input: 21883 bricks
Setting regions...OK (0.000 s)
Refinement result: 21890 bricks (0.002 s)
Collecting and processing rays...OK (0.000 s)
Capturing...OK (0.000 s)
FYI: m_iteration_count = 4
FYI: level1 statistics:
     level1_cnt_plus[1]=9218;		level1_cnt_minus[1]=0
     level1_cnt_plus[2]=2144;		level1_cnt_minus[2]=0
     level1_cnt_plus[3]=0;		level1_cnt_minus[3]=0
     level1_cnt_plus[4]=0;		level1_cnt_minus[4]=0
     level1_cnt_plus[5]=0;		level1_cnt_minus[5]=0
     level1_cnt_plus[6]=0;		level1_cnt_minus[6]=0
     level1_cnt_plus[7]=0;		level1_cnt_minus[7]=0
     level1_cnt_plus[8]=0;		level1_cnt_minus[8]=0
     level1_cnt_plus[9]=0;		level1_cnt_minus[9]=0
FYI: m_iteration_count = 5
FYI: level1 statistics:
     level1_cnt_plus[1]=9218;		level1_cnt_minus[1]=0
     level1_cnt_plus[2]=2144;		level1_cnt_minus[2]=0
     level1_cnt_plus[3]=0;		level1_cnt_minus[3]=0
     level1_cnt_plus[4]=0;		level1_cnt_minus[4]=0
     level1_cnt_plus[5]=0;		level1_cnt_minus[5]=0
     level1_cnt_plus[6]=0;		level1_cnt_minus[6]=0
     level1_cnt_plus[7]=0;		level1_cnt_minus[7]=0
     level1_cnt_plus[8]=0;		level1_cnt_minus[8]=0
     level1_cnt_plus[9]=0;		level1_cnt_minus[9]=0
Refinement input: 21890 bricks
Setting regions...OK (0.000 s)
Refinement result: 23101 bricks (0.002 s)
Collecting and processing rays...OK (0.001 s)
Capturing...OK (0.000 s)
FYI: m_iteration_count = 6
FYI: level1 statistics:
     level1_cnt_plus[1]=9045;		level1_cnt_minus[1]=0
     level1_cnt_plus[2]=3528;		level1_cnt_minus[2]=0
     level1_cnt_plus[3]=0;		level1_cnt_minus[3]=0
     level1_cnt_plus[4]=0;		level1_cnt_minus[4]=0
     level1_cnt_plus[5]=0;		level1_cnt_minus[5]=0
     level1_cnt_plus[6]=0;		level1_cnt_minus[6]=0
     level1_cnt_plus[7]=0;		level1_cnt_minus[7]=0
     level1_cnt_plus[8]=0;		level1_cnt_minus[8]=0
     level1_cnt_plus[9]=0;		level1_cnt_minus[9]=0
FYI: m_iteration_count = 7
FYI: level1 statistics:
     level1_cnt_plus[1]=9045;		level1_cnt_minus[1]=0
     level1_cnt_plus[2]=3528;		level1_cnt_minus[2]=0
     level1_cnt_plus[3]=0;		level1_cnt_minus[3]=0
     level1_cnt_plus[4]=0;		level1_cnt_minus[4]=0
     level1_cnt_plus[5]=0;		level1_cnt_minus[5]=0
     level1_cnt_plus[6]=0;		level1_cnt_minus[6]=0
     level1_cnt_plus[7]=0;		level1_cnt_minus[7]=0
     level1_cnt_plus[8]=0;		level1_cnt_minus[8]=0
     level1_cnt_plus[9]=0;		level1_cnt_minus[9]=0
FYI: level1 statistics:
     level1_cnt_plus[1]=9045;		level1_cnt_minus[1]=0
     level1_cnt_plus[2]=3528;		level1_cnt_minus[2]=0
     level1_cnt_plus[3]=0;		level1_cnt_minus[3]=0
     level1_cnt_plus[4]=0;		level1_cnt_minus[4]=0
     level1_cnt_plus[5]=0;		level1_cnt_minus[5]=0
     level1_cnt_plus[6]=0;		level1_cnt_minus[6]=0
     level1_cnt_plus[7]=0;		level1_cnt_minus[7]=0
     level1_cnt_plus[8]=0;		level1_cnt_minus[8]=0
     level1_cnt_plus[9]=0;		level1_cnt_minus[9]=0

-----------------------------------------------------------------------
U-shapes refinement...
Refinement input: 23101 bricks
Setting regions...OK (0.000 s)
Setting regions...OK (0.000 s)
Refinement result: 23507 bricks (0.014 s)
Collecting and processing rays...OK (0.005 s)
Capturing...OK (0.000 s)
-----------------------------------------------------------------------

-----------------------------------------------------------------------
Equi Distant Refiner:
Equi Distant Refiner takes 0.00 s
-----------------------------------------------------------------------
Building geometry takes 0.772 s
Geometry Fluid.0.
Total		23507
Partial	8008
Fluid		3249
Solid		12207
Bad		43

/-Ray Intersection---------------/ Time	0.393 s
Calls			9424
CorrectRay Calls	0



-----------------------------------------------------------------------
Building geometries takes 0.774 s
-----------------------------------------------------------------------

-----------------------------------------------------------------------
PostBuilding geometries:
-----------------------------------------------------------------------
PostBuilding body-set (0) geometry Fluid.0. (0)...
Collecting and processing rays...OK (0.000 s)
Capturing...OK (0.000 s)
PostBuilding geometry takes 0.000 s
Geometry Fluid.0.
Total		23507
Partial	8008
Fluid		3249
Solid		12207
Bad		43

-----------------------------------------------------------------------
PostBuilding geometries takes 0.002 s
-----------------------------------------------------------------------
Defect ray count	0
FYI: CNarrowChannelRefiner::RedistributeLevel1_step_1: is finished
FYI: level1 statistics:
     level1_cnt_plus[1]=440;		level1_cnt_minus[1]=0
     level1_cnt_plus[2]=12103;		level1_cnt_minus[2]=0
     level1_cnt_plus[3]=0;		level1_cnt_minus[3]=0
     level1_cnt_plus[4]=0;		level1_cnt_minus[4]=0
     level1_cnt_plus[5]=0;		level1_cnt_minus[5]=0
     level1_cnt_plus[6]=0;		level1_cnt_minus[6]=0
     level1_cnt_plus[7]=0;		level1_cnt_minus[7]=0
     level1_cnt_plus[8]=0;		level1_cnt_minus[8]=0
     level1_cnt_plus[9]=0;		level1_cnt_minus[9]=0
FYI: CNarrowChannelRefiner::RedistributeLevel1_step_2: is started
FYI: CNarrowChannelRefiner::RedistributeLevel1_step_2: is finished
FYI: level1 statistics:
     level1_cnt_plus[1]=354;		level1_cnt_minus[1]=0
     level1_cnt_plus[2]=12465;		level1_cnt_minus[2]=0
     level1_cnt_plus[3]=0;		level1_cnt_minus[3]=0
     level1_cnt_plus[4]=0;		level1_cnt_minus[4]=0
     level1_cnt_plus[5]=0;		level1_cnt_minus[5]=0
     level1_cnt_plus[6]=0;		level1_cnt_minus[6]=0
     level1_cnt_plus[7]=0;		level1_cnt_minus[7]=0
     level1_cnt_plus[8]=0;		level1_cnt_minus[8]=0
     level1_cnt_plus[9]=0;		level1_cnt_minus[9]=0
FYI: CNarrowChannelRefiner::RedistributeLevel1_step_3: is started
FYI: CNarrowChannelRefiner::RedistributeLevel1_step_3: is finished
RedistributeLevel1 takes:
FYI: level1 statistics:
     level1_cnt_plus[1]=354;		level1_cnt_minus[1]=0
     level1_cnt_plus[2]=12465;		level1_cnt_minus[2]=0
     level1_cnt_plus[3]=0;		level1_cnt_minus[3]=0
     level1_cnt_plus[4]=0;		level1_cnt_minus[4]=0
     level1_cnt_plus[5]=0;		level1_cnt_minus[5]=0
     level1_cnt_plus[6]=0;		level1_cnt_minus[6]=0
     level1_cnt_plus[7]=0;		level1_cnt_minus[7]=0
     level1_cnt_plus[8]=0;		level1_cnt_minus[8]=0
     level1_cnt_plus[9]=0;		level1_cnt_minus[9]=0
-----------------------------------------------------------------------
MSH format builder (Iteration 0)
-----------------------------------------------------------------------
Memory Working Set Current = 56.05 Mb, Memory Working Set Peak = 67.51 Mb
Process Threads Number: 21
-----------------------------------------------------------------------
Loading geometries triangulation & x-stacks...OK
x-stacks size = 0.67 Mb
Total bricks count: 23507
-----------------------------------------------------------------------
MSH (Real Geometry) format constructor:
	Getting brick sets...OK (0.001 s)
	Min x-stack xeps = 4.25246e-07
	D / dh / eps [axis=0] = (0.122843, 0.000426403, 1.41749e-07)
	D / dh / eps [axis=1] = (0.0584959, 0.000456875, 1.41749e-07)
	D / dh / eps [axis=2] = (0.11284, 0.000440681, 1.41749e-07)
	Time (xeps): 0.000 s
Level 4
	Set (0)  size: 1964
	Set (0)  time: 0.028 s
	Set (1)  size: 1964
	Set (1)  time: 0.023 s
Level 3
	Set (0)  size: 3029
	Set (0)  time: 0.025 s
	Set (1)  size: 3008
	Set (1)  time: 0.029 s
Level 2
	Set (0)  size: 4762
	Set (0)  time: 0.028 s
	Set (1)  size: 4758
	Set (1)  time: 0.027 s
Level 1
	Set (0)  size: 1074
	Set (0)  time: 0.000 s
	Set (1)  size: 1074
	Set (1)  time: 0.000 s
Level 0
	Set (0)  size: 937
	Set (0)  time: 0.000 s
	Set (1)  size: 937
	Set (1)  time: 0.000 s
Result:
	Bricks number:                        23507

	Memory usage:                         4.969 MB
	Memory usage (per brick):             0.216 KB
	Construction time:                    0.165 s

	Topology features:
	------------------
	- High quality bricks                  99.97 % (23500)
	- Medium quality bricks                 0.03 % (7)
	- Bad quality bricks                    0.00 % (0)
	- Ribs corrected bricks                 0.00 % (0)
	- Points with geom-info (bricks)        0.08 % (19)
	- Points with closest-info (bricks)     0.02 % (4)
	- Triangulated by center (bricks)       0.80 % (188)
	- Facet w-faces mergings (bricks)       0.00 % (1)
	- To refine (bricks)                    0.00 % (0)

-----------------------------------------------------------------------
Memory Working Set Current = 86.41 Mb, Memory Working Set Peak = 86.41 Mb
Process Threads Number: 21
-----------------------------------------------------------------------
-----------------------------------------------------------------------
-----------------------------------------------------------------------
MSH --> BCF format (Iteration 0)...
BCF collector...(remove mode=0)
	Time (alloc counter per brick): 0.001 s
	Brick    count: 23507
	Av.f all count: 11468
	Av.s all count: 20526
	Av.f pid count: 8244
	Av.s pid count: 8421
	Faces fs count: 20158
	Faces ff count: 0
	Faces ss count: 0
	Faces bb count: 2
	Faces fe count: 0
	Faces se count: 2257
	Faces fw count: 22415
	Faces af count: 31991
	Faces as count: 65020
	Time (all count): 	0.003 s
	Time (bcf alloc): 	0.002 s
	Time (shifts alloc): 	0.002 s
	Time (shifts init): 	0.002 s
	Time (bcf fill): 	0.009 s
	Time (add av to faces): 0.000 s
	Time (add faces to av): 0.004 s
Time (bcf collect): 		0.023 s
	AV checker...
	Time (check av): 	0.007 s
	Subdomain checker...
		Subdomains construction time: 0.003 s.
		Subdomains sort time: 0.000 s.
			Subdomain 0 (geom_ind=0): 9539 av
			Subdomain 1 (geom_ind=0): 1923 av
			Subdomain 2 (geom_ind=0): 4 av
			Subdomain 3 (geom_ind=0): 2 av
			Subdomain 4 (geom_ind=1): 20526 av
		gi: 0, subdomains: 4, real bodies: 2
		gi: 1, subdomains: 1, real bodies: 0
		Defect subdomains: 2
	Time (check subdoms): 	0.004 s
	Time (free bcf): 	0.008 s
	Time (corr msh): 	0.000 s
	Bricks corrected: 6
Time (bcf iteration total): 	0.042 s
-----------------------------------------------------------------------
MSH --> BCF format (Iteration 1)...
BCF collector...(remove mode=0)
	Time (alloc counter per brick): 0.001 s
	Brick    count: 23507
	Av.f all count: 11462
	Av.s all count: 20526
	Av.f pid count: 8238
	Av.s pid count: 8421
	Faces fs count: 20140
	Faces ff count: 0
	Faces ss count: 0
	Faces bb count: 0
	Faces fe count: 0
	Faces se count: 2257
	Faces fw count: 22397
	Faces af count: 31986
	Faces as count: 65027
	Time (all count): 	0.003 s
	Time (bcf alloc): 	0.002 s
	Time (shifts alloc): 	0.002 s
	Time (shifts init): 	0.002 s
	Time (bcf fill): 	0.009 s
	Time (add av to faces): 0.000 s
	Time (add faces to av): 0.004 s
Time (bcf collect): 		0.022 s
	AV checker...
	Time (check av): 	0.007 s
	Subdomain checker...
		Subdomains construction time: 0.003 s.
		Subdomains sort time: 0.000 s.
			Subdomain 0 (geom_ind=0): 9539 av
			Subdomain 1 (geom_ind=0): 1923 av
			Subdomain 2 (geom_ind=1): 20526 av
		gi: 0, subdomains: 2, real bodies: 2
		gi: 1, subdomains: 1, real bodies: 0
		Defect subdomains: 0
	Time (check subdoms): 	0.004 s
Time (bcf iteration total): 	0.034 s
	Time (fw-nb): 		0.001 s
	Fixed mutual fw-nb:     12130 (bb: 0)
	Time (fw-nb mutual): 	0.002 s
	Time (fw-nb sort): 	0.000 s
	Fw-opt BEFORE total:    22397 (fs=20140, ff=0, ss=0)
	Fw-opt AFTER  total:    13078 (fs=10821, ff=0, ss=0, failed fw/br=6/1, big_curv=37, big_poly=0)
	Fw-opt RESULT:          9319 (res/(fs+ff+ss) = 46.27 %)
	Time (fw-opt): 		0.005 s
	Time (fw-re-order): 	0.002 s
	Time (fw-nb): 		0.007 s
	Fixed mutual fw-nb:     27486 (bb: 0)
	Time (fw-nb mutual): 	0.002 s
	Time (fw-nb sort): 	0.000 s
	Time (rfd fix): 	0.000 s
	Time (av convexity): 	0.003 s
	Time (av small volume): 0.000 s
	Time (diagonal fw-nb): 	0.017 s
	Fixed mutual fw-nb:     0 (bb: 0)
	Time (fw-nb mutual): 	0.001 s
	Time (fw-nb sort): 	0.000 s
	Fluid subdomains: 2
	Faces fw-nb diff sd:    0
	Time (fw-nb diff sd): 	0.002 s
Time (bcf calc): 		0.047 s
-----------------------------------------------------------------------
Time (bcf total): 		0.124 s
-----------------------------------------------------------------------
-----------------------------------------------------------------------
Mega-cv constructor for fluid...
	 237 av's is treated as thin
Relative size generator (threshold = 0.05)...
	Iteration 1 (small cluster count = 723)
	Iteration 2 (small cluster count = 280)
	Iteration 3 (small cluster count = 49)
	Iteration 4 (small cluster count = 9)
	Iteration 5 (small cluster count = 1)
	Iteration 6 (small cluster count = 0)
	 704 mega-cv's generated
	 27 mega-cv's removed
Relative size generator is completed OK (0.002 s)
Apply fa-rules to mega-cv clusters fixes...
	Fa-rule violation fixes:        7 of        7 (total cluster# =      681)
OK (0.000 s)
Convert clusters:
	 679 mega-cv's total
Mega-cv count: 679
Time (mega-cv fill): 	0.001 s
Time (mega-cv total): 	0.009 s
-----------------------------------------------------------------------
Mixing plane rotation regions: NO.
Sliding mesh rotation regions: NO.
Fluid/fluid faces: NO.
----------------------------------------------------------
BCF --> BCF.GEOMSUBDOM (bridge arrays):
MESH (0):
	Fluid Subdom Constructor: 2 subdom(s).
	Solid Subdom Constructor: 1 subdom(s).
	Net Asm Subdom Constructor: 0 subdom(s).
	GEOMSUBDOM (0): gi=0 fluid av=9539 cv=8949 fa=26729 fb=0 fw=8466 V=2.071087e-05
	Cache data...OK
	GEOMSUBDOM (1): gi=0 fluid av=1923 cv=1741 fa=5257 fb=0 fw=2355 V=1.878873e-06
	Cache data...OK
	GEOMSUBDOM (2): gi=1 solid av=20526 cv=20526 fa=65027 fb=0 fw=13078 V=7.882568e-04
	Cache data...OK
	Setting nb of w-faces...OK (0.004 s).
	Correcting nb of w-faces...
	Time(correct_fw_nb)=0.003 s

MESH (0) checking:
	GEOMSUBDOM (0):fa_s=0.0372914624112093 fb_s=0.0000000000000000 fw_s=0.0085654262919585 fw_nb=65950
	              :d_const(222)=4.83291e-11 d_linear(31)=1.91563e-10
	GEOMSUBDOM (1):fa_s=0.0037991744127255 fb_s=0.0000000000000000 fw_s=0.0013982735142418 fw_nb=19198
	              :d_const(747)=1.03114e-13 d_linear(56)=1.44218e-12
	GEOMSUBDOM (2):fa_s=0.3973647789435709 fb_s=0.0000000000000000 fw_s=0.0652598597036991 fw_nb=94706
	              :d_const(19896)=8.26693e-11 d_linear(19896)=9.4586e-10
MESH (0) checking: OK.
Time (MDS): 	0.040 s
----------------------------------------------------------

-----------------------------------------------------------------------
BCF CHECKSUM DATA (Mesh 0):

WARNING! 233 w-face(s) without RefFacesData.
BRICK |Level1| Sum:               25284
FACE_A Area Sum:   G.Fluid        0.0410906368239348
FACE_A Area Sum:   G.Solid        0.3973647789435706
FACE_W Area Sum:                  0.0652598597036991
FACE_W Nb   Sum:                  94706
FACE_W min curvatures sum:        -3386464.84392691
FACE_W max curvatures sum:        4987558.00962447
AV Max Disbalance(Const) :        1.92956e-10 (cid=23301, t={110, 82, 254}, avid=11360, pid=8158)
AV Max Disbalance(Linear):        2.46079e-09 (cid=23033, t={110, 74, 254}, avid=11199, pid=8041)
-----------------------------------------------------------------------


-----------------------------------------------------------------------
MESHER TOPOLOGY DATA:

BRICKS: Total                 23507
BRICKS: 1-CV                  15329
BRICKS: 2-CV                  7876
BRICKS: 3-CV                  301
BRICKS: 4-CV                  1
BRICKS: Bad                   0

AV:     G.Total               31988
AV:     G.Fluid               11462
AV:     G.Solid               20526

AV:     G.Fluid Thin Profile    2.11 % (242)
AV:     G.Solid Thin Profile    0.29 % (60)

AV:     G.Fluid Thin For Mega   2.07 % (237)
AV:     G.Solid Thin For Mega   0.25 % (52)

AV:     G.Fluid Non-Convex     20.77 % (2381)
AV:     G.Solid Non-Convex     19.77 % (4057)

AV:     G.Fluid Non-Ess-Convex      5.85 % (671)
AV:     G.Solid Non-Ess-Convex      6.90 % (1416)

FACE_A: G.Fluid          (af) 31986 (partially opened 17773)
FACE_A: G.Solid          (as) 65027 (partially opened 18030)

FACE_B: G.Total          (b)  0

FACE_W: G.Total                 13078       Brick/Bound
FACE_W: G.Fluid/Solid    (fs_g) 10821       0           
FACE_W: G.Fluid/Fluid    (ff_g) 0           0           
FACE_W: G.Solid/Solid    (ss_g) 0           0           
FACE_W: G.Fluid/External (fe_g) 0
FACE_W: G.Solid/External (se_g) 2257

AV/CV max fa count (on brick side):7
AV/CV max fw count:                7
AV/CV max fb count:                0
AV/CV max fw poly count:           24

MEMORY: Total                   11.147 MB
MEMORY: Per Brick               0.486 KB
-----------------------------------------------------------------------

-----------------------------------------------------------------------
Connectivities information:
	Number of conns: 0
-----------------------------------------------------------------------
	Time (gap size): 	0.022 s
-----------------------------------------------------------------------
Calculating curvature and tolerance criteria...
Curvature: min=0 max=3.13575
Tolerance: min=0 max=0.000460117
Calculating curvature and tolerance criteria takes 0.170 s
-----------------------------------------------------------------------
MESH Build(FS) finished. Time=1.567 s
-----------------------------------------------------------------------
Current CPU = 2 sec

Nx=18
Ny=8
Nz=16
Max BRICK Level=4
Mesh Level=4
-----------------CModelBodies2MeshMapper::CollectData started -------------------------------
-----------------CModelBodies2MeshMapper Report -------------------------------
FluidDomains 2 SolidDomains 1 VoidDomains 0 
Domains RefIndexes
Domain 0, Index count 19
Domain 1, Index count 42
Domain 2, Index count 61
----------------- -------------------------------
	ModelBodies
Total resolved Bodies 0 BodySets 0

--------------------------------------------------------------------------
	Positive geometry Bodies
Total resolved Bodies 2 BodySets 2
BodySet 0
	Bodies list:
			#0	Name: ;	ID: 55e42d44-c022-44c2-a190-058a3ed99547
	Domains list:		 1 
BodySet 1
	Bodies list:
			#0	Name: ;	ID: 01594123-c7cd-458b-813a-4af888c99c07
	Domains list:		 0 

--------------------------------------------------------------------------
	Fluid regions
Total resolved Bodies 2 BodySets 1
BodySet 0	Material: Water; 
	Bodies list:
			#0	Name: ;	ID: 55e42d44-c022-44c2-a190-058a3ed99547
			#1	Name: ;	ID: 01594123-c7cd-458b-813a-4af888c99c07
	Domains list:		 0 		 1 

--------------------------------------------------------------------------
-----------------CModelBodies2MeshMapper::CollectData finished successfully-------------------
Saving initial mesh in: N:\Downloads\GitHub\liquid-propellant-engine\2kN Heat Sink Engine\Simulation Only\1\Parametric Study 2\24\24.fld .
Storing results...
Estimated CPT size=5.499 MB.
	Time (write bcf): 1.084 s
OK
-----------------------------------------------------------------------
Memory Working Set Current = 105.24 Mb, Memory Working Set Peak = 105.24 Mb
Process Threads Number: 21
-----------------------------------------------------------------------
Cleaning memory...
		Time (free xsl):                    	0.002 s
Free Geometry DB takes 0.000 s
	Time (free bcf): 	0.010 s
		Time (free bcf mesh):               	0.024 s
	Time (free mesher data):              	0.029 s
Copying... OK
Mesh generation normally finished at	9.4.2021	17:10:7
Mesher CPU = 3 sec
Mesher is finished at	9.4.2021	17:10:7
-----------------------------------------------------------------------
Memory Working Set Current = 48.89 Mb, Memory Working Set Peak = 105.65 Mb
Process Threads Number: 21
-----------------------------------------------------------------------
Algebra Pool      : mem_usage = 0.63 Mb, allocated count = 0
Log ended at 09.04.2021	17:10:07
