Log started at 09.04.2021	17:11:42
Number of used processors (NPROC): 8.
Number of mesh partitions (NPART): 8.
Total Physical Memory = 15.93 Gb, Available Physical Memory = 10.45 Gb
Computer name:	MCAE02
Operating system:	Windows 10 (or higher) (Version 10.0.18363)

SOLIDWORKS 2020 SP4.0
Flow Simulation 2020  x64 / 4995 / MESHER ver. efd_dev.4663_05.07.2019 

Project: N:\Downloads\GitHub\liquid-propellant-engine\2kN Heat Sink Engine\Simulation Only\1\Parametric Study 2\25\25.xmlconfig
Configuration name: Default
Project name: Single Fluid (Water Substitute)
NGK: OFF
MBO: OFF

Mesh generation started:	9.4.2021	17:11:42
-----------------------------------------------------------------------
Mesher option run = eRunMesherNormal
-----------------------------------------------------------------------
Current CPU = 0 sec
-----------------------------------------------------------------------
Geometries initialization:
-----------------------------------------------------------------------
Loading mesh settings (global/local)...
-----------------------------------------------------------------------
Number of geometries from DB: 1
Geometry(0):
	Guid = {00000000-0000-0000-0000-000000000000}
	Fluid..
	1 Body.
	2 Real bodies.
	-- Bodyset 0 --
		Tolerance=3.3166e-05.
		104 Face(s).
			104 of b-spline type.
		0 Face(s) that have no ref faces
		13 Plane surface(s).
		33 Cylinder surface(s).
		5 Cone surface(s).
		4 Torus surface(s).
		49 B- surface(s).
		15148 Triangle(s).
		Getting triangle connectivities from DB: 0.002 s
		217 Edge(s).
			217 of b-spline type.
		BodyGeom reading: 0.021 s.
		61 Reference Face(s).
		10328 Reference Triangles.
		Getting triangle connectivities from DB (Ref): 0.001 s
		BodyGeom Ref reading: 0.002 s.
		Getting triangle connectivities from DB (Extra Triangulation): 0.002 s
Geometry(1):
	Solid.
	-- Bodyset 1 --
	Empty
-----------------------------------------------------------------------
Number of geometries in task: 2
Number of bodysets   in task: 2
-----------------------------------------------------------------------
	Making hash and connectivity for Bodyset ...
		CBodyGeom:
		Hash size: {18, 30, 32}.
		Mesh size: {18, 10, 16}.
		Hashing triangles...Ok.
			axis(0) tr sizes: average=36 max=2906
			axis(1) tr sizes: average=48 max=2566
			axis(2) tr sizes: average=57 max=4844
		Number of t-connected sets:3
			(0) size=12
			(1) size=8250 cavity
			(2) size=6886 cavity
		Done.
		CBodyGeomRef:
		Hashing triangles...Ok.
			axis(0) tr sizes: average=242 max=2189
			axis(1) tr sizes: average=196 max=2264
			axis(2) tr sizes: average=236 max=2546
		Done.
	0.0157 s.
Geometries reading and preparing has taken 0.046 s.

Mapped triangles:
Hashing geometries triangles
	Triangles num=15148
	Triangles box={0.0245615  ,0.148023  ,0.147096  ,0.213388  ,0.103038  ,0.216447  }
		3d-hash size is 113964 bytes
Hashing peculiar surfaces triangles
	Triangles num=37
	Triangles box={0.024018  ,0.0307351  ,0.185147  ,0.196579  ,0.102187  ,0.111432  }
		3d-hash size is 11840 bytes
	Triangles num=37
	Triangles box={0.0702151  ,0.0815803  ,0.185147  ,0.196579  ,0.215167  ,0.216361  }
		3d-hash size is 11976 bytes
	Triangles num=37
	Triangles box={0.14367  ,0.148319  ,0.185147  ,0.196579  ,0.114046  ,0.124486  }
		3d-hash size is 11876 bytes
	Triangles num=37
	Triangles box={0.0773704  ,0.0888028  ,0.213256  ,0.213256  ,0.141572  ,0.153  }
		3d-hash size is 11932 bytes
	Triangles num=30
	Triangles box={0.0831231  ,0.0845875  ,0.148848  ,0.150345  ,0.141933  ,0.142147  }
		3d-hash size is 11648 bytes
	Triangles num=30
	Triangles box={0.0784758  ,0.0793933  ,0.148848  ,0.150345  ,0.143416  ,0.144577  }
		3d-hash size is 11648 bytes
	Triangles num=30
	Triangles box={0.0857921  ,0.0869533  ,0.148848  ,0.150345  ,0.142666  ,0.143583  }
		3d-hash size is 11704 bytes
	Triangles num=30
	Triangles box={0.0877369  ,0.0882838  ,0.148848  ,0.150345  ,0.144635  ,0.14601  }
		3d-hash size is 11692 bytes
	Triangles num=30
	Triangles box={0.0778954  ,0.0784423  ,0.148848  ,0.150345  ,0.148549  ,0.149924  }
		3d-hash size is 11648 bytes
	Triangles num=30
	Triangles box={0.0843588  ,0.085734  ,0.148848  ,0.150345  ,0.151927  ,0.152474  }
		3d-hash size is 11648 bytes
	Triangles num=30
	Triangles box={0.0815917  ,0.0830561  ,0.148848  ,0.150345  ,0.152413  ,0.152627  }
		3d-hash size is 11648 bytes
	Triangles num=30
	Triangles box={0.0792259  ,0.0803871  ,0.148848  ,0.150345  ,0.150976  ,0.151894  }
		3d-hash size is 11684 bytes
	Triangles num=30
	Triangles box={0.0867859  ,0.0877034  ,0.148848  ,0.150345  ,0.149982  ,0.151143  }
		3d-hash size is 11648 bytes
	Triangles num=30
	Triangles box={0.0804451  ,0.0818203  ,0.148848  ,0.150345  ,0.142085  ,0.142632  }
		3d-hash size is 11648 bytes
	Triangles num=30
	Triangles box={0.0882225  ,0.0884365  ,0.148848  ,0.150345  ,0.147313  ,0.148778  }
		3d-hash size is 11648 bytes
	Triangles num=30
	Triangles box={0.0777427  ,0.0779566  ,0.148848  ,0.150345  ,0.145782  ,0.147246  }
		3d-hash size is 11648 bytes
	Triangles num=78
	Triangles box={0.0769688  ,0.0892111  ,0.173621  ,0.173621  ,0.141158  ,0.153401  }
		3d-hash size is 11960 bytes
Mapped triangles processed in 0.018 s.
-----------------------------------------------------------------------
Getting sectors:
Number of sectors: 0
-----------------------------------------------------------------------
-----------------------------------------------------------------------

Current CPU = 0 sec

-----------------------------------------------------------------------
Mesh dimensions:
				I[0 ]=18
				I[1 ]=10
				I[2 ]=16

Comp. domain size:
				a[0  ]=0.0246847
				a[1  ]=0.1479
				a[2  ]=0.147162
				a[3  ]=0.213322
				a[4  ]=0.103151
				a[5  ]=0.216334

Fluid calculated			1
Solid calculated			0
-----------------------------------------------------------------------
MESH Build started...
-----------------------------------------------------------------------
Mesh LEVEL = 4
-----------------------------------------------------------------------
Setting regions...OK (0.000 s)
Base mesh info------------------
	2D flag  =0
	Period   =[0, 0, 0]
	Nx=18
		x[0]=0.0246847
		x[1]=0.0315322
		x[2]=0.0383775
		x[3]=0.0452228
		x[4]=0.052068
		x[5]=0.0589133
		x[6]=0.0657586
		x[7]=0.0726039
		x[8]=0.0794492
		x[9]=0.0862945
		x[10]=0.0931398
		x[11]=0.0999851
		x[12]=0.10683
		x[13]=0.113676
		x[14]=0.120521
		x[15]=0.127366
		x[16]=0.134212
		x[17]=0.141057
		x[18]=0.1479
	Ny=10
		y[0]=0.147162
		y[1]=0.15378
		y[2]=0.160396
		y[3]=0.167012
		y[4]=0.173628
		y[5]=0.180244
		y[6]=0.18686
		y[7]=0.193476
		y[8]=0.200092
		y[9]=0.206708
		y[10]=0.213322
	Nz=16
		z[0]=0.103151
		z[1]=0.110226
		z[2]=0.1173
		z[3]=0.124374
		z[4]=0.131448
		z[5]=0.138522
		z[6]=0.145596
		z[7]=0.15267
		z[8]=0.159744
		z[9]=0.166818
		z[10]=0.173892
		z[11]=0.180966
		z[12]=0.18804
		z[13]=0.195113
		z[14]=0.202187
		z[15]=0.209261
		z[16]=0.216334
End of base mesh info---------
Input_mesh_settings--------------------------------
Settings 0----------------
	Scope: GLOBAL
	Type:	------MESHER_SETTINGS----------
	RefAllCells           =0
	RefFluidCells         =0
	RefPartCells          =0
	RefSolidCells         =0
	l_SSFR(Capture crit)  =4
	l_curv(Curvature crit)=0
	l_tol(Tolerance crit) =4
	  k_tol               =0.000377956
	UseChannelRef         =1
	  NCR_method          =0
	  l_NCR               =2
	  N_gap               =5
	  Use d_NCR_min       =0
	  Use d_NCR_max       =0
	IgnoreThinChannelsHeight         =0
	--END_OF_MESHER_SETTINGS-------
End of input mesh settings-------------------------

-----------------------------------------------------------------------
Building geometries:
-----------------------------------------------------------------------
Building body-set (0) of geometry Fluid.0.(0). ...

-----------------------------------------------------------------------
Refining by triangulation...
Refinement input: 2880 bricks
Setting regions...OK (0.000 s)
Setting regions...OK (0.000 s)
Setting regions...OK (0.000 s)
Setting regions...OK (0.000 s)
Setting regions...OK (0.000 s)
Refinement result: 18700 bricks (0.110 s)
Refinement input: 18700 bricks
Refinement result: 18700 bricks (0.003 s)
Collecting and processing rays...OK (0.103 s)
Capturing...OK (0.003 s)
Refining by triangulation takes 0.22 s
-----------------------------------------------------------------------

-----------------------------------------------------------------------
Refining peculiar surfaces...
Refinement input: 18700 bricks
Setting regions...OK (0.000 s)
Refinement result: 18791 bricks (0.003 s)
Refinement input: 18791 bricks
Setting regions...OK (0.000 s)
Refinement result: 18861 bricks (0.004 s)
Refinement input: 18861 bricks
Setting regions...OK (0.000 s)
Refinement result: 18875 bricks (0.002 s)
Refinement input: 18875 bricks
Setting regions...OK (0.000 s)
Refinement result: 18980 bricks (0.003 s)
Refinement input: 18980 bricks
Setting regions...OK (0.000 s)
Refinement result: 19029 bricks (0.003 s)
Refinement input: 19029 bricks
Setting regions...OK (0.000 s)
Refinement result: 19043 bricks (0.002 s)
Refinement input: 19043 bricks
Setting regions...OK (0.000 s)
Refinement result: 19120 bricks (0.002 s)
Refinement input: 19120 bricks
Setting regions...OK (0.000 s)
Refinement result: 19176 bricks (0.002 s)
Refinement input: 19176 bricks
Setting regions...OK (0.000 s)
Refinement result: 19204 bricks (0.002 s)
9 surfaces refined
Refining peculiar surfaces takes 0.061 s
-----------------------------------------------------------------------
Collecting and processing rays...OK (0.001 s)
Capturing...OK (0.000 s)
Collecting and processing rays...OK (0.000 s)
Capturing...OK (0.000 s)
Collecting and processing rays...OK (0.000 s)
Capturing...OK (0.000 s)

-----------------------------------------------------------------------
Base mesh 1 Refining...
Refinement input: 19204 bricks
Refinement result: 19204 bricks (0.000 s)
Collecting and processing rays...OK (0.000 s)
Capturing...OK (0.000 s)
-----------------------------------------------------------------------
Refining channels...
FYI: CNarrowChannelRefiner::RefineChannels_PRLL
Refinement input: 19204 bricks
Setting regions...OK (0.000 s)
Refinement result: 21598 bricks (0.002 s)
Collecting and processing rays...OK (0.005 s)
Capturing...OK (0.001 s)
FYI: m_iteration_count = 0
FYI: level1 statistics:
     level1_cnt_plus[1]=2736;		level1_cnt_minus[1]=0
     level1_cnt_plus[2]=0;		level1_cnt_minus[2]=0
     level1_cnt_plus[3]=0;		level1_cnt_minus[3]=0
     level1_cnt_plus[4]=0;		level1_cnt_minus[4]=0
     level1_cnt_plus[5]=0;		level1_cnt_minus[5]=0
     level1_cnt_plus[6]=0;		level1_cnt_minus[6]=0
     level1_cnt_plus[7]=0;		level1_cnt_minus[7]=0
     level1_cnt_plus[8]=0;		level1_cnt_minus[8]=0
     level1_cnt_plus[9]=0;		level1_cnt_minus[9]=0
Refinement input: 21598 bricks
Setting regions...OK (0.000 s)
Refinement result: 22361 bricks (0.003 s)
Collecting and processing rays...OK (0.002 s)
Capturing...OK (0.000 s)
FYI: m_iteration_count = 1
FYI: level1 statistics:
     level1_cnt_plus[1]=3599;		level1_cnt_minus[1]=0
     level1_cnt_plus[2]=8;		level1_cnt_minus[2]=0
     level1_cnt_plus[3]=0;		level1_cnt_minus[3]=0
     level1_cnt_plus[4]=0;		level1_cnt_minus[4]=0
     level1_cnt_plus[5]=0;		level1_cnt_minus[5]=0
     level1_cnt_plus[6]=0;		level1_cnt_minus[6]=0
     level1_cnt_plus[7]=0;		level1_cnt_minus[7]=0
     level1_cnt_plus[8]=0;		level1_cnt_minus[8]=0
     level1_cnt_plus[9]=0;		level1_cnt_minus[9]=0
Refinement input: 22361 bricks
Setting regions...OK (0.000 s)
Refinement result: 22445 bricks (0.003 s)
Collecting and processing rays...OK (0.000 s)
Capturing...OK (0.000 s)
FYI: m_iteration_count = 2
FYI: level1 statistics:
     level1_cnt_plus[1]=3695;		level1_cnt_minus[1]=0
     level1_cnt_plus[2]=8;		level1_cnt_minus[2]=0
     level1_cnt_plus[3]=0;		level1_cnt_minus[3]=0
     level1_cnt_plus[4]=0;		level1_cnt_minus[4]=0
     level1_cnt_plus[5]=0;		level1_cnt_minus[5]=0
     level1_cnt_plus[6]=0;		level1_cnt_minus[6]=0
     level1_cnt_plus[7]=0;		level1_cnt_minus[7]=0
     level1_cnt_plus[8]=0;		level1_cnt_minus[8]=0
     level1_cnt_plus[9]=0;		level1_cnt_minus[9]=0
Refinement input: 22445 bricks
Setting regions...OK (0.000 s)
Refinement result: 22473 bricks (0.003 s)
Collecting and processing rays...OK (0.000 s)
Capturing...OK (0.000 s)
FYI: m_iteration_count = 3
FYI: level1 statistics:
     level1_cnt_plus[1]=3727;		level1_cnt_minus[1]=0
     level1_cnt_plus[2]=8;		level1_cnt_minus[2]=0
     level1_cnt_plus[3]=0;		level1_cnt_minus[3]=0
     level1_cnt_plus[4]=0;		level1_cnt_minus[4]=0
     level1_cnt_plus[5]=0;		level1_cnt_minus[5]=0
     level1_cnt_plus[6]=0;		level1_cnt_minus[6]=0
     level1_cnt_plus[7]=0;		level1_cnt_minus[7]=0
     level1_cnt_plus[8]=0;		level1_cnt_minus[8]=0
     level1_cnt_plus[9]=0;		level1_cnt_minus[9]=0
Refinement input: 22473 bricks
Setting regions...OK (0.000 s)
Refinement result: 22487 bricks (0.002 s)
Collecting and processing rays...OK (0.000 s)
Capturing...OK (0.000 s)
FYI: m_iteration_count = 4
FYI: level1 statistics:
     level1_cnt_plus[1]=3743;		level1_cnt_minus[1]=0
     level1_cnt_plus[2]=8;		level1_cnt_minus[2]=0
     level1_cnt_plus[3]=0;		level1_cnt_minus[3]=0
     level1_cnt_plus[4]=0;		level1_cnt_minus[4]=0
     level1_cnt_plus[5]=0;		level1_cnt_minus[5]=0
     level1_cnt_plus[6]=0;		level1_cnt_minus[6]=0
     level1_cnt_plus[7]=0;		level1_cnt_minus[7]=0
     level1_cnt_plus[8]=0;		level1_cnt_minus[8]=0
     level1_cnt_plus[9]=0;		level1_cnt_minus[9]=0
FYI: m_iteration_count = 5
FYI: level1 statistics:
     level1_cnt_plus[1]=3743;		level1_cnt_minus[1]=0
     level1_cnt_plus[2]=8;		level1_cnt_minus[2]=0
     level1_cnt_plus[3]=0;		level1_cnt_minus[3]=0
     level1_cnt_plus[4]=0;		level1_cnt_minus[4]=0
     level1_cnt_plus[5]=0;		level1_cnt_minus[5]=0
     level1_cnt_plus[6]=0;		level1_cnt_minus[6]=0
     level1_cnt_plus[7]=0;		level1_cnt_minus[7]=0
     level1_cnt_plus[8]=0;		level1_cnt_minus[8]=0
     level1_cnt_plus[9]=0;		level1_cnt_minus[9]=0
Refinement input: 22487 bricks
Setting regions...OK (0.000 s)
Refinement result: 25035 bricks (0.003 s)
Collecting and processing rays...OK (0.003 s)
Capturing...OK (0.001 s)
FYI: m_iteration_count = 6
FYI: level1 statistics:
     level1_cnt_plus[1]=6538;		level1_cnt_minus[1]=0
     level1_cnt_plus[2]=112;		level1_cnt_minus[2]=0
     level1_cnt_plus[3]=0;		level1_cnt_minus[3]=0
     level1_cnt_plus[4]=0;		level1_cnt_minus[4]=0
     level1_cnt_plus[5]=0;		level1_cnt_minus[5]=0
     level1_cnt_plus[6]=0;		level1_cnt_minus[6]=0
     level1_cnt_plus[7]=0;		level1_cnt_minus[7]=0
     level1_cnt_plus[8]=0;		level1_cnt_minus[8]=0
     level1_cnt_plus[9]=0;		level1_cnt_minus[9]=0
FYI: m_iteration_count = 7
FYI: level1 statistics:
     level1_cnt_plus[1]=6538;		level1_cnt_minus[1]=0
     level1_cnt_plus[2]=112;		level1_cnt_minus[2]=0
     level1_cnt_plus[3]=0;		level1_cnt_minus[3]=0
     level1_cnt_plus[4]=0;		level1_cnt_minus[4]=0
     level1_cnt_plus[5]=0;		level1_cnt_minus[5]=0
     level1_cnt_plus[6]=0;		level1_cnt_minus[6]=0
     level1_cnt_plus[7]=0;		level1_cnt_minus[7]=0
     level1_cnt_plus[8]=0;		level1_cnt_minus[8]=0
     level1_cnt_plus[9]=0;		level1_cnt_minus[9]=0
FYI: level1 statistics:
     level1_cnt_plus[1]=6538;		level1_cnt_minus[1]=0
     level1_cnt_plus[2]=112;		level1_cnt_minus[2]=0
     level1_cnt_plus[3]=0;		level1_cnt_minus[3]=0
     level1_cnt_plus[4]=0;		level1_cnt_minus[4]=0
     level1_cnt_plus[5]=0;		level1_cnt_minus[5]=0
     level1_cnt_plus[6]=0;		level1_cnt_minus[6]=0
     level1_cnt_plus[7]=0;		level1_cnt_minus[7]=0
     level1_cnt_plus[8]=0;		level1_cnt_minus[8]=0
     level1_cnt_plus[9]=0;		level1_cnt_minus[9]=0

-----------------------------------------------------------------------
U-shapes refinement...
Refinement input: 25035 bricks
Setting regions...OK (0.000 s)
Setting regions...OK (0.000 s)
Refinement result: 25252 bricks (0.012 s)
Collecting and processing rays...OK (0.005 s)
Capturing...OK (0.000 s)
-----------------------------------------------------------------------

-----------------------------------------------------------------------
Equi Distant Refiner:
Equi Distant Refiner takes 0.00 s
-----------------------------------------------------------------------
Building geometry takes 0.792 s
Geometry Fluid.0.
Total		25252
Partial	8126
Fluid		4137
Solid		12937
Bad		52

/-Ray Intersection---------------/ Time	0.439 s
Calls			9519
CorrectRay Calls	0



-----------------------------------------------------------------------
Building geometries takes 0.794 s
-----------------------------------------------------------------------

-----------------------------------------------------------------------
PostBuilding geometries:
-----------------------------------------------------------------------
PostBuilding body-set (0) geometry Fluid.0. (0)...
Collecting and processing rays...OK (0.000 s)
Capturing...OK (0.000 s)
PostBuilding geometry takes 0.001 s
Geometry Fluid.0.
Total		25252
Partial	8126
Fluid		4137
Solid		12937
Bad		52

-----------------------------------------------------------------------
PostBuilding geometries takes 0.002 s
-----------------------------------------------------------------------
Defect ray count	0
FYI: CNarrowChannelRefiner::RedistributeLevel1_step_1: is finished
FYI: level1 statistics:
     level1_cnt_plus[1]=2877;		level1_cnt_minus[1]=0
     level1_cnt_plus[2]=3755;		level1_cnt_minus[2]=0
     level1_cnt_plus[3]=0;		level1_cnt_minus[3]=0
     level1_cnt_plus[4]=0;		level1_cnt_minus[4]=0
     level1_cnt_plus[5]=0;		level1_cnt_minus[5]=0
     level1_cnt_plus[6]=0;		level1_cnt_minus[6]=0
     level1_cnt_plus[7]=0;		level1_cnt_minus[7]=0
     level1_cnt_plus[8]=0;		level1_cnt_minus[8]=0
     level1_cnt_plus[9]=0;		level1_cnt_minus[9]=0
FYI: CNarrowChannelRefiner::RedistributeLevel1_step_2: is started
FYI: CNarrowChannelRefiner::RedistributeLevel1_step_2: is finished
FYI: level1 statistics:
     level1_cnt_plus[1]=4632;		level1_cnt_minus[1]=0
     level1_cnt_plus[2]=6488;		level1_cnt_minus[2]=0
     level1_cnt_plus[3]=0;		level1_cnt_minus[3]=0
     level1_cnt_plus[4]=0;		level1_cnt_minus[4]=0
     level1_cnt_plus[5]=0;		level1_cnt_minus[5]=0
     level1_cnt_plus[6]=0;		level1_cnt_minus[6]=0
     level1_cnt_plus[7]=0;		level1_cnt_minus[7]=0
     level1_cnt_plus[8]=0;		level1_cnt_minus[8]=0
     level1_cnt_plus[9]=0;		level1_cnt_minus[9]=0
FYI: CNarrowChannelRefiner::RedistributeLevel1_step_3: is started
FYI: CNarrowChannelRefiner::RedistributeLevel1_step_3: is finished
RedistributeLevel1 takes:
FYI: level1 statistics:
     level1_cnt_plus[1]=4632;		level1_cnt_minus[1]=1725
     level1_cnt_plus[2]=6488;		level1_cnt_minus[2]=1607
     level1_cnt_plus[3]=0;		level1_cnt_minus[3]=0
     level1_cnt_plus[4]=0;		level1_cnt_minus[4]=0
     level1_cnt_plus[5]=0;		level1_cnt_minus[5]=0
     level1_cnt_plus[6]=0;		level1_cnt_minus[6]=0
     level1_cnt_plus[7]=0;		level1_cnt_minus[7]=0
     level1_cnt_plus[8]=0;		level1_cnt_minus[8]=0
     level1_cnt_plus[9]=0;		level1_cnt_minus[9]=0
-----------------------------------------------------------------------
MSH format builder (Iteration 0)
-----------------------------------------------------------------------
Memory Working Set Current = 58.54 Mb, Memory Working Set Peak = 70.01 Mb
Process Threads Number: 21
-----------------------------------------------------------------------
Loading geometries triangulation & x-stacks...OK
x-stacks size = 0.69 Mb
Total bricks count: 25252
-----------------------------------------------------------------------
MSH (Real Geometry) format constructor:
	Getting brick sets...OK (0.001 s)
	Min x-stack xeps = 1.00599e-05
	D / dh / eps [axis=0] = (0.123215, 0.000427696, 4.27696e-07)
	D / dh / eps [axis=1] = (0.0661602, 0.000413389, 4.13389e-07)
	D / dh / eps [axis=2] = (0.113183, 0.000442018, 4.42018e-07)
	Time (xeps): 0.000 s
Level 4
	Set (0)  size: 1836
	Set (0)  time: 0.029 s
	Set (1)  size: 1836
	Set (1)  time: 0.021 s
Level 3
	Set (0)  size: 2635
	Set (0)  time: 0.020 s
	Set (1)  size: 2634
	Set (1)  time: 0.020 s
Level 2
	Set (0)  size: 5831
	Set (0)  time: 0.035 s
	Set (1)  size: 5861
	Set (1)  time: 0.037 s
Level 1
	Set (0)  size: 1106
	Set (0)  time: 0.001 s
	Set (1)  size: 1103
	Set (1)  time: 0.001 s
Level 0
	Set (0)  size: 1210
	Set (0)  time: 0.001 s
	Set (1)  size: 1200
	Set (1)  time: 0.000 s
Result:
	Bricks number:                        25252

	Memory usage:                         5.055 MB
	Memory usage (per brick):             0.205 KB
	Construction time:                    0.166 s

	Topology features:
	------------------
	- High quality bricks                  99.98 % (25248)
	- Medium quality bricks                 0.02 % (4)
	- Bad quality bricks                    0.00 % (0)
	- Ribs corrected bricks                 0.00 % (0)
	- Points with geom-info (bricks)        0.05 % (13)
	- Points with closest-info (bricks)     0.01 % (3)
	- Triangulated by center (bricks)       0.65 % (165)
	- Facet w-faces mergings (bricks)       0.00 % (0)
	- To refine (bricks)                    0.00 % (0)

-----------------------------------------------------------------------
Memory Working Set Current = 89.86 Mb, Memory Working Set Peak = 89.87 Mb
Process Threads Number: 21
-----------------------------------------------------------------------
-----------------------------------------------------------------------
-----------------------------------------------------------------------
MSH --> BCF format (Iteration 0)...
BCF collector...(remove mode=0)
	Time (alloc counter per brick): 0.001 s
	Brick    count: 25252
	Av.f all count: 12589
	Av.s all count: 21406
	Av.f pid count: 8471
	Av.s pid count: 8684
	Faces fs count: 20233
	Faces ff count: 0
	Faces ss count: 0
	Faces bb count: 0
	Faces fe count: 0
	Faces se count: 2381
	Faces fw count: 22614
	Faces af count: 34815
	Faces as count: 67401
	Time (all count): 	0.004 s
	Time (bcf alloc): 	0.001 s
	Time (shifts alloc): 	0.002 s
	Time (shifts init): 	0.002 s
	Time (bcf fill): 	0.009 s
	Time (add av to faces): 0.000 s
	Time (add faces to av): 0.004 s
Time (bcf collect): 		0.023 s
	AV checker...
	Time (check av): 	0.007 s
	Subdomain checker...
		Subdomains construction time: 0.003 s.
		Subdomains sort time: 0.000 s.
			Subdomain 0 (geom_ind=0): 10290 av
			Subdomain 1 (geom_ind=0): 2299 av
			Subdomain 2 (geom_ind=1): 21406 av
		gi: 0, subdomains: 2, real bodies: 2
		gi: 1, subdomains: 1, real bodies: 0
		Defect subdomains: 0
	Time (check subdoms): 	0.004 s
Time (bcf iteration total): 	0.034 s
	Time (fw-nb): 		0.002 s
	Fixed mutual fw-nb:     11957 (bb: 0)
	Time (fw-nb mutual): 	0.002 s
	Time (fw-nb sort): 	0.000 s
	Fw-opt BEFORE total:    22614 (fs=20233, ff=0, ss=0)
	Fw-opt AFTER  total:    13468 (fs=11087, ff=0, ss=0, failed fw/br=5/1, big_curv=39, big_poly=0)
	Fw-opt RESULT:          9146 (res/(fs+ff+ss) = 45.20 %)
	Time (fw-opt): 		0.005 s
	Time (fw-re-order): 	0.002 s
	Time (fw-nb): 		0.007 s
	Fixed mutual fw-nb:     28149 (bb: 0)
	Time (fw-nb mutual): 	0.002 s
	Time (fw-nb sort): 	0.000 s
	Time (rfd fix): 	0.000 s
	Time (av convexity): 	0.003 s
	Time (av small volume): 0.000 s
	Time (diagonal fw-nb): 	0.017 s
	Fixed mutual fw-nb:     0 (bb: 0)
	Time (fw-nb mutual): 	0.001 s
	Time (fw-nb sort): 	0.000 s
	Fluid subdomains: 2
	Faces fw-nb diff sd:    0
	Time (fw-nb diff sd): 	0.002 s
Time (bcf calc): 		0.048 s
-----------------------------------------------------------------------
Time (bcf total): 		0.082 s
-----------------------------------------------------------------------
-----------------------------------------------------------------------
Mega-cv constructor for fluid...
	 271 av's is treated as thin
Relative size generator (threshold = 0.05)...
	Iteration 1 (small cluster count = 1074)
	Iteration 2 (small cluster count = 512)
	Iteration 3 (small cluster count = 183)
	Iteration 4 (small cluster count = 88)
	Iteration 5 (small cluster count = 48)
	Iteration 6 (small cluster count = 32)
	Iteration 7 (small cluster count = 17)
	Iteration 8 (small cluster count = 7)
	Iteration 9 (small cluster count = 1)
	Iteration 10 (small cluster count = 0)
	 1000 mega-cv's generated
	 47 mega-cv's removed
Relative size generator is completed OK (0.004 s)
Apply fa-rules to mega-cv clusters fixes...
	Fa-rule violation fixes:       13 of       13 (total cluster# =      961)
OK (0.001 s)
Convert clusters:
	 955 mega-cv's total
Mega-cv count: 955
Time (mega-cv fill): 	0.002 s
Time (mega-cv total): 	0.012 s
-----------------------------------------------------------------------
Mixing plane rotation regions: NO.
Sliding mesh rotation regions: NO.
Fluid/fluid faces: NO.
----------------------------------------------------------
BCF --> BCF.GEOMSUBDOM (bridge arrays):
MESH (0):
	Fluid Subdom Constructor: 2 subdom(s).
	Solid Subdom Constructor: 1 subdom(s).
	Net Asm Subdom Constructor: 0 subdom(s).
	GEOMSUBDOM (0): gi=0 fluid av=10290 cv=9323 fa=28544 fb=0 fw=8401 V=2.386953e-05
	Cache data...OK
	GEOMSUBDOM (1): gi=0 fluid av=2299 cv=2154 fa=6271 fb=0 fw=2686 V=2.058218e-06
	Cache data...OK
	GEOMSUBDOM (2): gi=1 solid av=21406 cv=21406 fa=67401 fb=0 fw=13468 V=8.967323e-04
	Cache data...OK
	Setting nb of w-faces...OK (0.005 s).
	Correcting nb of w-faces...
	Time(correct_fw_nb)=0.003 s

MESH (0) checking:
	GEOMSUBDOM (0):fa_s=0.0440993849957459 fb_s=0.0000000000000000 fw_s=0.0091598676136806 fw_nb=65758
	              :d_const(54)=4.56901e-10 d_linear(54)=1.17537e-09
	GEOMSUBDOM (1):fa_s=0.0042667993058810 fb_s=0.0000000000000000 fw_s=0.0015329950895307 fw_nb=21732
	              :d_const(2124)=1.12071e-13 d_linear(1980)=7.09925e-13
	GEOMSUBDOM (2):fa_s=0.4545451810678299 fb_s=0.0000000000000000 fw_s=0.0698648395389486 fw_nb=97524
	              :d_const(380)=7.54982e-11 d_linear(15048)=4.74379e-10
MESH (0) checking: OK.
Time (MDS): 	0.042 s
----------------------------------------------------------

-----------------------------------------------------------------------
BCF CHECKSUM DATA (Mesh 0):

WARNING! 255 w-face(s) without RefFacesData.
BRICK |Level1| Sum:               22547
FACE_A Area Sum:   G.Fluid        0.0483661843016269
FACE_A Area Sum:   G.Solid        0.4545451810678296
FACE_W Area Sum:                  0.0698648395389486
FACE_W Nb   Sum:                  97524
FACE_W min curvatures sum:        -3200315.30811214
FACE_W max curvatures sum:        5296225.15357363
AV Max Disbalance(Const) :        2.86345e-09 (cid=314, t={0, 98, 12}, avid=92, pid=85)
AV Max Disbalance(Linear):        4.77873e-09 (cid=561, t={0, 112, 12}, avid=247, pid=204)
-----------------------------------------------------------------------


-----------------------------------------------------------------------
MESHER TOPOLOGY DATA:

BRICKS: Total                 25252
BRICKS: 1-CV                  16840
BRICKS: 2-CV                  8083
BRICKS: 3-CV                  327
BRICKS: 4-CV                  2
BRICKS: Bad                   0

AV:     G.Total               33995
AV:     G.Fluid               12589
AV:     G.Solid               21406

AV:     G.Fluid Thin Profile    2.15 % (271)
AV:     G.Solid Thin Profile    0.27 % (58)

AV:     G.Fluid Thin For Mega   2.15 % (271)
AV:     G.Solid Thin For Mega   0.25 % (54)

AV:     G.Fluid Non-Convex     21.61 % (2721)
AV:     G.Solid Non-Convex     16.61 % (3556)

AV:     G.Fluid Non-Ess-Convex      5.46 % (687)
AV:     G.Solid Non-Ess-Convex      6.47 % (1384)

FACE_A: G.Fluid          (af) 34815 (partially opened 17994)
FACE_A: G.Solid          (as) 67401 (partially opened 18455)

FACE_B: G.Total          (b)  0

FACE_W: G.Total                 13468       Brick/Bound
FACE_W: G.Fluid/Solid    (fs_g) 11087       0           
FACE_W: G.Fluid/Fluid    (ff_g) 0           0           
FACE_W: G.Solid/Solid    (ss_g) 0           0           
FACE_W: G.Fluid/External (fe_g) 0
FACE_W: G.Solid/External (se_g) 2381

AV/CV max fa count (on brick side):7
AV/CV max fw count:                7
AV/CV max fb count:                0
AV/CV max fw poly count:           28

MEMORY: Total                   11.745 MB
MEMORY: Per Brick               0.476 KB
-----------------------------------------------------------------------

-----------------------------------------------------------------------
Connectivities information:
	Number of conns: 0
-----------------------------------------------------------------------
	Time (gap size): 	0.022 s
-----------------------------------------------------------------------
Calculating curvature and tolerance criteria...
Curvature: min=0 max=3.14021
Tolerance: min=0 max=0.000419588
Calculating curvature and tolerance criteria takes 0.176 s
-----------------------------------------------------------------------
MESH Build(FS) finished. Time=1.554 s
-----------------------------------------------------------------------
Current CPU = 2 sec

Nx=18
Ny=10
Nz=16
Max BRICK Level=4
Mesh Level=4
-----------------CModelBodies2MeshMapper::CollectData started -------------------------------
-----------------CModelBodies2MeshMapper Report -------------------------------
FluidDomains 2 SolidDomains 1 VoidDomains 0 
Domains RefIndexes
Domain 0, Index count 19
Domain 1, Index count 42
Domain 2, Index count 61
----------------- -------------------------------
	ModelBodies
Total resolved Bodies 0 BodySets 0

--------------------------------------------------------------------------
	Positive geometry Bodies
Total resolved Bodies 2 BodySets 2
BodySet 0
	Bodies list:
			#0	Name: ;	ID: fdd04bc6-10da-4b8e-b921-5b7e5a204eb0
	Domains list:		 1 
BodySet 1
	Bodies list:
			#0	Name: ;	ID: d469cc42-d2d6-4e5f-bff1-cb1d5b11577d
	Domains list:		 0 

--------------------------------------------------------------------------
	Fluid regions
Total resolved Bodies 2 BodySets 1
BodySet 0	Material: Water; 
	Bodies list:
			#0	Name: ;	ID: fdd04bc6-10da-4b8e-b921-5b7e5a204eb0
			#1	Name: ;	ID: d469cc42-d2d6-4e5f-bff1-cb1d5b11577d
	Domains list:		 0 		 1 

--------------------------------------------------------------------------
-----------------CModelBodies2MeshMapper::CollectData finished successfully-------------------
Saving initial mesh in: N:\Downloads\GitHub\liquid-propellant-engine\2kN Heat Sink Engine\Simulation Only\1\Parametric Study 2\25\25.fld .
Storing results...
Estimated CPT size=5.737 MB.
	Time (write bcf): 1.062 s
OK
-----------------------------------------------------------------------
Memory Working Set Current = 107.48 Mb, Memory Working Set Peak = 107.49 Mb
Process Threads Number: 21
-----------------------------------------------------------------------
Cleaning memory...
		Time (free xsl):                    	0.002 s
Free Geometry DB takes 0.000 s
	Time (free bcf): 	0.010 s
		Time (free bcf mesh):               	0.025 s
	Time (free mesher data):              	0.029 s
Copying... OK
Mesh generation normally finished at	9.4.2021	17:11:45
Mesher CPU = 3 sec
Mesher is finished at	9.4.2021	17:11:45
-----------------------------------------------------------------------
Memory Working Set Current = 51.15 Mb, Memory Working Set Peak = 107.88 Mb
Process Threads Number: 21
-----------------------------------------------------------------------
Algebra Pool      : mem_usage = 0.69 Mb, allocated count = 0
Log ended at 09.04.2021	17:11:45
