Log started at 28.04.2021	05:17:30
Number of used processors (NPROC): 4.
Number of mesh partitions (NPART): 4.
Total Physical Memory = 15.87 Gb, Available Physical Memory = 10.30 Gb
Computer name:	MCAE33
Operating system:	Windows 10 (or higher) (Version 10.0.18363)

SOLIDWORKS 2020 SP4.0
Flow Simulation 2020  x64 / 4995 / MESHER ver. efd_dev.4663_05.07.2019 

Project: N:\Downloads\GitHub\liquid-propellant-engine\2kN Heat Sink Engine\Revised Stack OD 6in\1\Parametric Study 1\27\27.xmlconfig
Configuration name: Default
Project name: Project(1)
NGK: OFF
MBO: OFF

Mesh generation started:	28.4.2021	5:17:30
-----------------------------------------------------------------------
Mesher option run = eRunMesherNormal
-----------------------------------------------------------------------
Current CPU = 0 sec
-----------------------------------------------------------------------
Geometries initialization:
-----------------------------------------------------------------------
Loading mesh settings (global/local)...
-----------------------------------------------------------------------
Number of geometries from DB: 1
Geometry(0):
	Guid = {00000000-0000-0000-0000-000000000000}
	Fluid..
	1 Body.
	1 Real body.
	-- Bodyset 0 --
		Tolerance=1.24686e-05.
		56 Face(s).
			56 of b-spline type.
		0 Face(s) that have no ref faces
		21 Plane surface(s).
		10 Cylinder surface(s).
		1 Cone surface(s).
		7 Sphere surface(s).
		1 Torus surface(s).
		16 B- surface(s).
		18074 Triangle(s).
		Getting triangle connectivities from DB: 0.001 s
		127 Edge(s).
			127 of b-spline type.
		BodyGeom reading: 0.016 s.
		20 Reference Face(s).
		5809 Reference Triangles.
		Getting triangle connectivities from DB (Ref): 0.001 s
		BodyGeom Ref reading: 0.001 s.
		Getting triangle connectivities from DB (Extra Triangulation): 0.001 s
Geometry(1):
	Solid.
	-- Bodyset 1 --
	Empty
-----------------------------------------------------------------------
Number of geometries in task: 2
Number of bodysets   in task: 2
-----------------------------------------------------------------------
	Making hash and connectivity for Bodyset ...
		CBodyGeom:
		Hash size: {24, 28, 24}.
		Mesh size: {8, 28, 8}.
		Hashing triangles...Ok.
			axis(0) tr sizes: average=58 max=1128
			axis(1) tr sizes: average=87 max=761
			axis(2) tr sizes: average=58 max=1114
		Number of t-connected sets:2
			(0) size=12
			(1) size=18062 cavity
		Done.
		CBodyGeomRef:
		Hashing triangles...Ok.
			axis(0) tr sizes: average=197 max=726
			axis(1) tr sizes: average=242 max=375
			axis(2) tr sizes: average=198 max=722
		Done.
	0.0201 s.
Geometries reading and preparing has taken 0.044 s.

Mapped triangles:
Hashing geometries triangles
	Triangles num=18074
	Triangles box={-0.00961819  ,0.00961819  ,-0.0702217  ,-0.0067314  ,-0.00961833  ,0.00961819  }
		3d-hash size is 135100 bytes
Hashing peculiar surfaces triangles
	Triangles num=56
	Triangles box={-0.00954252  ,-0.00926249  ,-0.0681283  ,-0.0635348  ,-0.00229406  ,0.0022977  }
		3d-hash size is 7524 bytes
	Triangles num=56
	Triangles box={0.00492485  ,0.00817244  ,-0.0681283  ,-0.0635348  ,-0.00817428  ,-0.00492815  }
		3d-hash size is 7620 bytes
	Triangles num=56
	Triangles box={-0.00817428  ,-0.00492815  ,-0.0681283  ,-0.0635348  ,-0.00817244  ,-0.00492485  }
		3d-hash size is 7620 bytes
	Triangles num=56
	Triangles box={-0.00817244  ,-0.00492485  ,-0.0681283  ,-0.0635348  ,0.00492815  ,0.00817428  }
		3d-hash size is 7620 bytes
	Triangles num=56
	Triangles box={-0.00229406  ,0.0022977  ,-0.0681283  ,-0.0635348  ,0.00926249  ,0.00954252  }
		3d-hash size is 7524 bytes
	Triangles num=56
	Triangles box={0.00926249  ,0.00954252  ,-0.0681283  ,-0.0635348  ,-0.0022977  ,0.00229406  }
		3d-hash size is 7528 bytes
	Triangles num=56
	Triangles box={-0.0022977  ,0.00229406  ,-0.0681283  ,-0.0635348  ,-0.00954252  ,-0.00926249  }
		3d-hash size is 7528 bytes
	Triangles num=15
	Triangles box={-0.00124642  ,0.00124642  ,-0.006858  ,-0.006858  ,-0.00125329  ,0.0012259  }
		3d-hash size is 7308 bytes
Mapped triangles processed in 0.021 s.
-----------------------------------------------------------------------
Getting sectors:
Number of sectors: 0
-----------------------------------------------------------------------
-----------------------------------------------------------------------

Current CPU = 0 sec

-----------------------------------------------------------------------
Mesh dimensions:
				I[0 ]=8
				I[1 ]=28
				I[2 ]=8

Comp. domain size:
				a[0  ]=-0.00959899
				a[1  ]=0.00959899
				a[2  ]=-0.0701583
				a[3  ]=-0.00679476
				a[4  ]=-0.00959913
				a[5  ]=0.00959899

Fluid calculated			1
Solid calculated			0
-----------------------------------------------------------------------
MESH Build started...
-----------------------------------------------------------------------
Mesh LEVEL = 2
-----------------------------------------------------------------------
Setting regions...OK (0.000 s)
Base mesh info------------------
	2D flag  =0
	Period   =[0, 0, 0]
	Nx=8
		x[0]=-0.00959899
		x[1]=-0.00719849
		x[2]=-0.00479874
		x[3]=-0.00239899
		x[4]=7.54862e-07
		x[5]=0.0024005
		x[6]=0.00480025
		x[7]=0.0072
		x[8]=0.00959899
	Ny=28
		y[0]=-0.0701583
		y[1]=-0.0678947
		y[2]=-0.0656317
		y[3]=-0.0633687
		y[4]=-0.0611057
		y[5]=-0.0588428
		y[6]=-0.0565798
		y[7]=-0.0543168
		y[8]=-0.0520538
		y[9]=-0.0497908
		y[10]=-0.0475278
		y[11]=-0.0452649
		y[12]=-0.0430019
		y[13]=-0.0407389
		y[14]=-0.0384759
		y[15]=-0.0362129
		y[16]=-0.0339499
		y[17]=-0.031687
		y[18]=-0.029424
		y[19]=-0.027161
		y[20]=-0.024898
		y[21]=-0.022635
		y[22]=-0.020372
		y[23]=-0.0181091
		y[24]=-0.0158461
		y[25]=-0.0135831
		y[26]=-0.0113201
		y[27]=-0.00905713
		y[28]=-0.00679476
	Nz=8
		z[0]=-0.00959913
		z[1]=-0.00719881
		z[2]=-0.00479905
		z[3]=-0.00239928
		z[4]=4.84848e-07
		z[5]=0.00240025
		z[6]=0.00480001
		z[7]=0.00719978
		z[8]=0.00959899
End of base mesh info---------
Input_mesh_settings--------------------------------
Settings 0----------------
	Scope: GLOBAL
	Type:	------MESHER_SETTINGS----------
	RefAllCells           =0
	RefFluidCells         =0
	RefPartCells          =0
	RefSolidCells         =0
	l_SSFR(Capture crit)  =2
	l_curv(Curvature crit)=0
	l_tol(Tolerance crit) =2
	  k_tol               =0.000634165
	UseChannelRef         =1
	  NCR_method          =0
	  l_NCR               =2
	  N_gap               =5
	  Use d_NCR_min       =0
	  Use d_NCR_max       =0
	IgnoreThinChannelsHeight         =0
	--END_OF_MESHER_SETTINGS-------
End of input mesh settings-------------------------

-----------------------------------------------------------------------
Building geometries:
-----------------------------------------------------------------------
Building body-set (0) of geometry Fluid.0.(0). ...

-----------------------------------------------------------------------
Refining by triangulation...
Refinement input: 1792 bricks
Setting regions...OK (0.000 s)
Setting regions...OK (0.000 s)
Refinement result: 3234 bricks (0.054 s)
Refinement input: 3234 bricks
Refinement result: 3234 bricks (0.001 s)
Collecting and processing rays...OK (0.016 s)
Capturing...OK (0.001 s)
Refining by triangulation takes 0.071 s
-----------------------------------------------------------------------

-----------------------------------------------------------------------
Refining peculiar surfaces...
Refinement input: 3234 bricks
Setting regions...OK (0.000 s)
Refinement result: 3346 bricks (0.000 s)
1 surfaces refined
Refining peculiar surfaces takes 0.001 s
-----------------------------------------------------------------------
Collecting and processing rays...OK (0.001 s)
Capturing...OK (0.000 s)
Collecting and processing rays...OK (0.000 s)
Capturing...OK (0.000 s)
Collecting and processing rays...OK (0.000 s)
Capturing...OK (0.000 s)

-----------------------------------------------------------------------
Base mesh 1 Refining...
Refinement input: 3346 bricks
Refinement result: 3346 bricks (0.000 s)
Collecting and processing rays...OK (0.000 s)
Capturing...OK (0.000 s)
-----------------------------------------------------------------------
Refining channels...
FYI: CNarrowChannelRefiner::RefineChannels_PRLL
Refinement input: 3346 bricks
Setting regions...OK (0.000 s)
Refinement result: 4893 bricks (0.001 s)
Collecting and processing rays...OK (0.004 s)
Capturing...OK (0.001 s)
FYI: m_iteration_count = 0
FYI: level1 statistics:
     level1_cnt_plus[1]=1768;		level1_cnt_minus[1]=0
     level1_cnt_plus[2]=0;		level1_cnt_minus[2]=0
     level1_cnt_plus[3]=0;		level1_cnt_minus[3]=0
     level1_cnt_plus[4]=0;		level1_cnt_minus[4]=0
     level1_cnt_plus[5]=0;		level1_cnt_minus[5]=0
     level1_cnt_plus[6]=0;		level1_cnt_minus[6]=0
     level1_cnt_plus[7]=0;		level1_cnt_minus[7]=0
     level1_cnt_plus[8]=0;		level1_cnt_minus[8]=0
     level1_cnt_plus[9]=0;		level1_cnt_minus[9]=0
Refinement input: 4893 bricks
Setting regions...OK (0.000 s)
Refinement result: 4935 bricks (0.001 s)
Collecting and processing rays...OK (0.001 s)
Capturing...OK (0.000 s)
FYI: m_iteration_count = 1
FYI: level1 statistics:
     level1_cnt_plus[1]=1816;		level1_cnt_minus[1]=0
     level1_cnt_plus[2]=0;		level1_cnt_minus[2]=0
     level1_cnt_plus[3]=0;		level1_cnt_minus[3]=0
     level1_cnt_plus[4]=0;		level1_cnt_minus[4]=0
     level1_cnt_plus[5]=0;		level1_cnt_minus[5]=0
     level1_cnt_plus[6]=0;		level1_cnt_minus[6]=0
     level1_cnt_plus[7]=0;		level1_cnt_minus[7]=0
     level1_cnt_plus[8]=0;		level1_cnt_minus[8]=0
     level1_cnt_plus[9]=0;		level1_cnt_minus[9]=0
FYI: m_iteration_count = 2
FYI: level1 statistics:
     level1_cnt_plus[1]=1816;		level1_cnt_minus[1]=0
     level1_cnt_plus[2]=0;		level1_cnt_minus[2]=0
     level1_cnt_plus[3]=0;		level1_cnt_minus[3]=0
     level1_cnt_plus[4]=0;		level1_cnt_minus[4]=0
     level1_cnt_plus[5]=0;		level1_cnt_minus[5]=0
     level1_cnt_plus[6]=0;		level1_cnt_minus[6]=0
     level1_cnt_plus[7]=0;		level1_cnt_minus[7]=0
     level1_cnt_plus[8]=0;		level1_cnt_minus[8]=0
     level1_cnt_plus[9]=0;		level1_cnt_minus[9]=0
Refinement input: 4935 bricks
Setting regions...OK (0.000 s)
Refinement result: 15715 bricks (0.002 s)
Collecting and processing rays...OK (0.011 s)
Capturing...OK (0.002 s)
FYI: m_iteration_count = 3
FYI: level1 statistics:
     level1_cnt_plus[1]=7035;		level1_cnt_minus[1]=0
     level1_cnt_plus[2]=6312;		level1_cnt_minus[2]=0
     level1_cnt_plus[3]=0;		level1_cnt_minus[3]=0
     level1_cnt_plus[4]=0;		level1_cnt_minus[4]=0
     level1_cnt_plus[5]=0;		level1_cnt_minus[5]=0
     level1_cnt_plus[6]=0;		level1_cnt_minus[6]=0
     level1_cnt_plus[7]=0;		level1_cnt_minus[7]=0
     level1_cnt_plus[8]=0;		level1_cnt_minus[8]=0
     level1_cnt_plus[9]=0;		level1_cnt_minus[9]=0
Refinement input: 15715 bricks
Setting regions...OK (0.000 s)
Refinement result: 15764 bricks (0.001 s)
Collecting and processing rays...OK (0.000 s)
Capturing...OK (0.000 s)
FYI: m_iteration_count = 4
FYI: level1 statistics:
     level1_cnt_plus[1]=7028;		level1_cnt_minus[1]=0
     level1_cnt_plus[2]=6368;		level1_cnt_minus[2]=0
     level1_cnt_plus[3]=0;		level1_cnt_minus[3]=0
     level1_cnt_plus[4]=0;		level1_cnt_minus[4]=0
     level1_cnt_plus[5]=0;		level1_cnt_minus[5]=0
     level1_cnt_plus[6]=0;		level1_cnt_minus[6]=0
     level1_cnt_plus[7]=0;		level1_cnt_minus[7]=0
     level1_cnt_plus[8]=0;		level1_cnt_minus[8]=0
     level1_cnt_plus[9]=0;		level1_cnt_minus[9]=0
FYI: m_iteration_count = 5
FYI: level1 statistics:
     level1_cnt_plus[1]=7028;		level1_cnt_minus[1]=0
     level1_cnt_plus[2]=6368;		level1_cnt_minus[2]=0
     level1_cnt_plus[3]=0;		level1_cnt_minus[3]=0
     level1_cnt_plus[4]=0;		level1_cnt_minus[4]=0
     level1_cnt_plus[5]=0;		level1_cnt_minus[5]=0
     level1_cnt_plus[6]=0;		level1_cnt_minus[6]=0
     level1_cnt_plus[7]=0;		level1_cnt_minus[7]=0
     level1_cnt_plus[8]=0;		level1_cnt_minus[8]=0
     level1_cnt_plus[9]=0;		level1_cnt_minus[9]=0
FYI: level1 statistics:
     level1_cnt_plus[1]=7028;		level1_cnt_minus[1]=0
     level1_cnt_plus[2]=6368;		level1_cnt_minus[2]=0
     level1_cnt_plus[3]=0;		level1_cnt_minus[3]=0
     level1_cnt_plus[4]=0;		level1_cnt_minus[4]=0
     level1_cnt_plus[5]=0;		level1_cnt_minus[5]=0
     level1_cnt_plus[6]=0;		level1_cnt_minus[6]=0
     level1_cnt_plus[7]=0;		level1_cnt_minus[7]=0
     level1_cnt_plus[8]=0;		level1_cnt_minus[8]=0
     level1_cnt_plus[9]=0;		level1_cnt_minus[9]=0

-----------------------------------------------------------------------
U-shapes refinement...
Refinement input: 15764 bricks
Refinement result: 15764 bricks (0.001 s)
Collecting and processing rays...OK (0.000 s)
Capturing...OK (0.000 s)
-----------------------------------------------------------------------

-----------------------------------------------------------------------
Equi Distant Refiner:
Equi Distant Refiner takes 0.00 s
-----------------------------------------------------------------------
Building geometry takes 0.291 s
Geometry Fluid.0.
Total		15764
Partial	4992
Fluid		2960
Solid		7796
Bad		16

/-Ray Intersection---------------/ Time	0.062 s
Calls			4139
CorrectRay Calls	0



-----------------------------------------------------------------------
Building geometries takes 0.292 s
-----------------------------------------------------------------------

-----------------------------------------------------------------------
PostBuilding geometries:
-----------------------------------------------------------------------
PostBuilding body-set (0) geometry Fluid.0. (0)...
Collecting and processing rays...OK (0.000 s)
Capturing...OK (0.000 s)
PostBuilding geometry takes 0.001 s
Geometry Fluid.0.
Total		15764
Partial	4992
Fluid		2960
Solid		7796
Bad		16

-----------------------------------------------------------------------
PostBuilding geometries takes 0.001 s
-----------------------------------------------------------------------
Defect ray count	0
FYI: CNarrowChannelRefiner::RedistributeLevel1_step_1: is finished
FYI: level1 statistics:
     level1_cnt_plus[1]=2546;		level1_cnt_minus[1]=0
     level1_cnt_plus[2]=10850;		level1_cnt_minus[2]=0
     level1_cnt_plus[3]=0;		level1_cnt_minus[3]=0
     level1_cnt_plus[4]=0;		level1_cnt_minus[4]=0
     level1_cnt_plus[5]=0;		level1_cnt_minus[5]=0
     level1_cnt_plus[6]=0;		level1_cnt_minus[6]=0
     level1_cnt_plus[7]=0;		level1_cnt_minus[7]=0
     level1_cnt_plus[8]=0;		level1_cnt_minus[8]=0
     level1_cnt_plus[9]=0;		level1_cnt_minus[9]=0
FYI: CNarrowChannelRefiner::RedistributeLevel1_step_2: is started
FYI: CNarrowChannelRefiner::RedistributeLevel1_step_2: is finished
FYI: level1 statistics:
     level1_cnt_plus[1]=2642;		level1_cnt_minus[1]=0
     level1_cnt_plus[2]=11363;		level1_cnt_minus[2]=0
     level1_cnt_plus[3]=0;		level1_cnt_minus[3]=0
     level1_cnt_plus[4]=0;		level1_cnt_minus[4]=0
     level1_cnt_plus[5]=0;		level1_cnt_minus[5]=0
     level1_cnt_plus[6]=0;		level1_cnt_minus[6]=0
     level1_cnt_plus[7]=0;		level1_cnt_minus[7]=0
     level1_cnt_plus[8]=0;		level1_cnt_minus[8]=0
     level1_cnt_plus[9]=0;		level1_cnt_minus[9]=0
FYI: CNarrowChannelRefiner::RedistributeLevel1_step_3: is started
FYI: CNarrowChannelRefiner::RedistributeLevel1_step_3: is finished
RedistributeLevel1 takes:
FYI: level1 statistics:
     level1_cnt_plus[1]=2642;		level1_cnt_minus[1]=0
     level1_cnt_plus[2]=11363;		level1_cnt_minus[2]=10
     level1_cnt_plus[3]=0;		level1_cnt_minus[3]=0
     level1_cnt_plus[4]=0;		level1_cnt_minus[4]=0
     level1_cnt_plus[5]=0;		level1_cnt_minus[5]=0
     level1_cnt_plus[6]=0;		level1_cnt_minus[6]=0
     level1_cnt_plus[7]=0;		level1_cnt_minus[7]=0
     level1_cnt_plus[8]=0;		level1_cnt_minus[8]=0
     level1_cnt_plus[9]=0;		level1_cnt_minus[9]=0
-----------------------------------------------------------------------
MSH format builder (Iteration 0)
-----------------------------------------------------------------------
Memory Working Set Current = 44.71 Mb, Memory Working Set Peak = 53.03 Mb
Process Threads Number: 13
-----------------------------------------------------------------------
Loading geometries triangulation & x-stacks...OK
x-stacks size = 0.28 Mb
Total bricks count: 15764
-----------------------------------------------------------------------
MSH (Real Geometry) format constructor:
	Getting brick sets...OK (0.001 s)
	Min x-stack xeps = 0.000101529
	D / dh / eps [axis=0] = (0.019198, 0.000599749, 5.99749e-07)
	D / dh / eps [axis=1] = (0.0633635, 0.000565592, 5.65592e-07)
	D / dh / eps [axis=2] = (0.0191981, 0.000599803, 5.99803e-07)
	Time (xeps): 0.000 s
Level 2
	Set (0)  size: 5824
	Set (0)  time: 0.043 s
	Set (1)  size: 5824
	Set (1)  time: 0.040 s
Level 1
	Set (0)  size: 1432
	Set (0)  time: 0.001 s
	Set (1)  size: 1432
	Set (1)  time: 0.001 s
Level 0
	Set (0)  size: 626
	Set (0)  time: 0.000 s
	Set (1)  size: 626
	Set (1)  time: 0.000 s
Result:
	Bricks number:                        15764

	Memory usage:                         2.660 MB
	Memory usage (per brick):             0.173 KB
	Construction time:                    0.087 s

	Topology features:
	------------------
	- High quality bricks                  99.96 % (15757)
	- Medium quality bricks                 0.04 % (7)
	- Bad quality bricks                    0.00 % (0)
	- Ribs corrected bricks                 0.00 % (0)
	- Points with geom-info (bricks)        0.08 % (13)
	- Points with closest-info (bricks)     0.00 % (0)
	- Triangulated by center (bricks)       0.06 % (10)
	- Facet w-faces mergings (bricks)       0.00 % (0)
	- To refine (bricks)                    0.00 % (0)

-----------------------------------------------------------------------
Memory Working Set Current = 57.73 Mb, Memory Working Set Peak = 57.73 Mb
Process Threads Number: 13
-----------------------------------------------------------------------
-----------------------------------------------------------------------
-----------------------------------------------------------------------
MSH --> BCF format (Iteration 0)...
BCF collector...(remove mode=0)
	Time (alloc counter per brick): 0.001 s
	Brick    count: 15764
	Av.f all count: 7992
	Av.s all count: 12836
	Av.f pid count: 5056
	Av.s pid count: 5040
	Faces fs count: 8752
	Faces ff count: 0
	Faces ss count: 0
	Faces bb count: 0
	Faces fe count: 0
	Faces se count: 1852
	Faces fw count: 10604
	Faces af count: 21392
	Faces as count: 38468
	Time (all count): 	0.002 s
	Time (bcf alloc): 	0.001 s
	Time (shifts alloc): 	0.001 s
	Time (shifts init): 	0.001 s
	Time (bcf fill): 	0.005 s
	Time (add av to faces): 0.000 s
	Time (add faces to av): 0.002 s
Time (bcf collect): 		0.014 s
	AV checker...
	Time (check av): 	0.005 s
	Subdomain checker...
		Subdomains construction time: 0.001 s.
		Subdomains sort time: 0.000 s.
			Subdomain 0 (geom_ind=0): 7992 av
			Subdomain 1 (geom_ind=1): 12836 av
		gi: 0, subdomains: 1, real bodies: 1
		gi: 1, subdomains: 1, real bodies: 0
		Defect subdomains: 0
	Time (check subdoms): 	0.002 s
Time (bcf iteration total): 	0.021 s
	Time (fw-nb): 		0.001 s
	Fixed mutual fw-nb:     3934 (bb: 0)
	Time (fw-nb mutual): 	0.001 s
	Time (fw-nb sort): 	0.000 s
	Fw-opt BEFORE total:    10604 (fs=8752, ff=0, ss=0)
	Fw-opt AFTER  total:    7819 (fs=5967, ff=0, ss=0, failed fw/br=0/0, big_curv=7, big_poly=0)
	Fw-opt RESULT:          2785 (res/(fs+ff+ss) = 31.82 %)
	Time (fw-opt): 		0.002 s
	Time (fw-re-order): 	0.001 s
	Time (fw-nb): 		0.004 s
	Fixed mutual fw-nb:     15725 (bb: 0)
	Time (fw-nb mutual): 	0.001 s
	Time (fw-nb sort): 	0.000 s
	Time (rfd fix): 	0.000 s
	Time (av convexity): 	0.002 s
	Time (av small volume): 0.000 s
	Time (diagonal fw-nb): 	0.009 s
	Fixed mutual fw-nb:     0 (bb: 0)
	Time (fw-nb mutual): 	0.001 s
	Time (fw-nb sort): 	0.000 s
	Fluid subdomains: 1
	Faces fw-nb diff sd:    0
	Time (fw-nb diff sd): 	0.001 s
Time (bcf calc): 		0.023 s
-----------------------------------------------------------------------
Time (bcf total): 		0.044 s
-----------------------------------------------------------------------
-----------------------------------------------------------------------
Mega-cv constructor for fluid...
	 8 av's is treated as thin
Relative size generator (threshold = 0.05)...
	Iteration 1 (small cluster count = 1223)
	Iteration 2 (small cluster count = 629)
	Iteration 3 (small cluster count = 195)
	Iteration 4 (small cluster count = 67)
	Iteration 5 (small cluster count = 15)
	Iteration 6 (small cluster count = 1)
	Iteration 7 (small cluster count = 0)
	 1185 mega-cv's generated
	 39 mega-cv's removed
Relative size generator is completed OK (0.003 s)
Apply fa-rules to mega-cv clusters fixes...
OK (0.000 s)
Convert clusters:
	 1146 mega-cv's total
Mega-cv count: 1146
Time (mega-cv fill): 	0.002 s
Time (mega-cv total): 	0.009 s
-----------------------------------------------------------------------
Mixing plane rotation regions: NO.
Sliding mesh rotation regions: NO.
Fluid/fluid faces: NO.
----------------------------------------------------------
BCF --> BCF.GEOMSUBDOM (bridge arrays):
MESH (0):
	Fluid Subdom Constructor: 1 subdom(s).
	Solid Subdom Constructor: 1 subdom(s).
	Net Asm Subdom Constructor: 0 subdom(s).
	GEOMSUBDOM (0): gi=0 fluid av=7992 cv=6769 fa=21392 fb=0 fw=5967 V=1.205992e-06
	Cache data...OK
	GEOMSUBDOM (1): gi=1 solid av=12836 cv=12836 fa=38468 fb=0 fw=7819 V=2.214760e-05
	Cache data...OK
	Setting nb of w-faces...OK (0.003 s).
	Correcting nb of w-faces...
	Time(correct_fw_nb)=0.002 s

MESH (0) checking:
	GEOMSUBDOM (0):fa_s=0.0057672521893376 fb_s=0.0000000000000000 fw_s=0.0012582101808428 fw_nb=47950
	              :d_const(1980)=3.26932e-14 d_linear(4809)=3.12134e-13
	GEOMSUBDOM (1):fa_s=0.0362391718518609 fb_s=0.0000000000000000 fw_s=0.0068611652099999 fw_nb=55550
	              :d_const(5611)=8.22773e-14 d_linear(1065)=1.39131e-12
MESH (0) checking: OK.
Time (MDS): 	0.022 s
----------------------------------------------------------

-----------------------------------------------------------------------
BCF CHECKSUM DATA (Mesh 0):

WARNING! 290 w-face(s) without RefFacesData.
BRICK |Level1| Sum:               25388
FACE_A Area Sum:   G.Fluid        0.0057672521893376
FACE_A Area Sum:   G.Solid        0.0362391718518609
FACE_W Area Sum:                  0.0068611652099999
FACE_W Nb   Sum:                  55550
FACE_W min curvatures sum:        -3823531.23381805
FACE_W max curvatures sum:        5880797.42768097
AV Max Disbalance(Const) :        1.04915e-13 (cid=491, t={18, 11, 1}, avid=259, pid=210)
AV Max Disbalance(Linear):        1.90611e-12 (cid=14657, t={28, 11, 24}, avid=7676, pid=4798)
-----------------------------------------------------------------------


-----------------------------------------------------------------------
MESHER TOPOLOGY DATA:

BRICKS: Total                 15764
BRICKS: 1-CV                  10732
BRICKS: 2-CV                  5000
BRICKS: 3-CV                  32
BRICKS: Bad                   0

AV:     G.Total               20828
AV:     G.Fluid               7992
AV:     G.Solid               12836

AV:     G.Fluid Thin Profile    0.10 % (8)
AV:     G.Solid Thin Profile    0.19 % (24)

AV:     G.Fluid Thin For Mega   0.10 % (8)
AV:     G.Solid Thin For Mega   0.19 % (24)

AV:     G.Fluid Non-Convex     10.95 % (875)
AV:     G.Solid Non-Convex      8.44 % (1083)

AV:     G.Fluid Non-Ess-Convex      3.63 % (290)
AV:     G.Solid Non-Ess-Convex      2.71 % (348)

FACE_A: G.Fluid          (af) 21392 (partially opened 10132)
FACE_A: G.Solid          (as) 38468 (partially opened 10092)

FACE_B: G.Total          (b)  0

FACE_W: G.Total                 7819        Brick/Bound
FACE_W: G.Fluid/Solid    (fs_g) 5967        0           
FACE_W: G.Fluid/Fluid    (ff_g) 0           0           
FACE_W: G.Solid/Solid    (ss_g) 0           0           
FACE_W: G.Fluid/External (fe_g) 0
FACE_W: G.Solid/External (se_g) 1852

AV/CV max fa count (on brick side):4
AV/CV max fw count:                4
AV/CV max fb count:                0
AV/CV max fw poly count:           16

MEMORY: Total                   7.018 MB
MEMORY: Per Brick               0.456 KB
-----------------------------------------------------------------------

-----------------------------------------------------------------------
Connectivities information:
	Number of conns: 0
-----------------------------------------------------------------------
	Time (gap size): 	0.014 s
-----------------------------------------------------------------------
Calculating curvature and tolerance criteria...
Curvature: min=0 max=3.14104
Tolerance: min=0 max=0.000445582
Calculating curvature and tolerance criteria takes 0.062 s
-----------------------------------------------------------------------
MESH Build(FS) finished. Time=0.662 s
-----------------------------------------------------------------------
Current CPU = 1 sec

Nx=8
Ny=28
Nz=8
Max BRICK Level=2
Mesh Level=2
-----------------CModelBodies2MeshMapper::CollectData started -------------------------------
-----------------CModelBodies2MeshMapper Report -------------------------------
FluidDomains 1 SolidDomains 1 VoidDomains 0 
Domains RefIndexes
Domain 0, Index count 20
Domain 1, Index count 20
----------------- -------------------------------
	ModelBodies
Total resolved Bodies 0 BodySets 0

--------------------------------------------------------------------------
	Positive geometry Bodies
Total resolved Bodies 1 BodySets 1
BodySet 0
	Bodies list:
			#0	Name: ;	ID: a31effea-5d51-46b0-a72e-05b7efb0c0b6
	Domains list:		 0 

--------------------------------------------------------------------------
	Fluid regions
Total resolved Bodies 1 BodySets 1
BodySet 0	Material: Oxygen; 
	Bodies list:
			#0	Name: ;	ID: a31effea-5d51-46b0-a72e-05b7efb0c0b6
	Domains list:		 0 

--------------------------------------------------------------------------
-----------------CModelBodies2MeshMapper::CollectData finished successfully-------------------
Saving initial mesh in: N:\Downloads\GitHub\liquid-propellant-engine\2kN Heat Sink Engine\Revised Stack OD 6in\1\Parametric Study 1\27\27.fld .
Storing results...
Estimated CPT size=3.311 MB.
	Time (write bcf): 0.437 s
OK
-----------------------------------------------------------------------
Memory Working Set Current = 71.95 Mb, Memory Working Set Peak = 71.95 Mb
Process Threads Number: 13
-----------------------------------------------------------------------
Cleaning memory...
		Time (free xsl):                    	0.001 s
Free Geometry DB takes 0.000 s
	Time (free bcf): 	0.005 s
		Time (free bcf mesh):               	0.012 s
	Time (free mesher data):              	0.015 s
Copying... OK
Mesh generation normally finished at	28.4.2021	5:17:31
Mesher CPU = 1 sec
Mesher is finished at	28.4.2021	5:17:31
-----------------------------------------------------------------------
Memory Working Set Current = 35.45 Mb, Memory Working Set Peak = 72.33 Mb
Process Threads Number: 13
-----------------------------------------------------------------------
Algebra Pool      : mem_usage = 0.44 Mb, allocated count = 0
Log ended at 28.04.2021	05:17:31
