Log started at 28.04.2021	02:20:14
Number of used processors (NPROC): 4.
Number of mesh partitions (NPART): 4.
Total Physical Memory = 15.87 Gb, Available Physical Memory = 11.07 Gb
Computer name:	MCAE33
Operating system:	Windows 10 (or higher) (Version 10.0.18363)

SOLIDWORKS 2020 SP4.0
Flow Simulation 2020  x64 / 4995 / MESHER ver. efd_dev.4663_05.07.2019 

Project: N:\Downloads\GitHub\liquid-propellant-engine\2kN Heat Sink Engine\Revised Stack OD 6in\1\Parametric Study 1\4\4.xmlconfig
Configuration name: Default
Project name: Project(1)
NGK: OFF
MBO: OFF

Mesh generation started:	28.4.2021	2:20:14
-----------------------------------------------------------------------
Mesher option run = eRunMesherNormal
-----------------------------------------------------------------------
Current CPU = 0 sec
-----------------------------------------------------------------------
Geometries initialization:
-----------------------------------------------------------------------
Loading mesh settings (global/local)...
-----------------------------------------------------------------------
Number of geometries from DB: 1
Geometry(0):
	Guid = {00000000-0000-0000-0000-000000000000}
	Fluid..
	1 Body.
	1 Real body.
	-- Bodyset 0 --
		Tolerance=1.27281e-05.
		56 Face(s).
			56 of b-spline type.
		0 Face(s) that have no ref faces
		21 Plane surface(s).
		10 Cylinder surface(s).
		1 Cone surface(s).
		7 Sphere surface(s).
		1 Torus surface(s).
		16 B- surface(s).
		11668 Triangle(s).
		Getting triangle connectivities from DB: 0.001 s
		127 Edge(s).
			127 of b-spline type.
		BodyGeom reading: 0.012 s.
		20 Reference Face(s).
		3694 Reference Triangles.
		Getting triangle connectivities from DB (Ref): 0.000 s
		BodyGeom Ref reading: 0.001 s.
		Getting triangle connectivities from DB (Extra Triangulation): 0.001 s
Geometry(1):
	Solid.
	-- Bodyset 1 --
	Empty
-----------------------------------------------------------------------
Number of geometries in task: 2
Number of bodysets   in task: 2
-----------------------------------------------------------------------
	Making hash and connectivity for Bodyset ...
		CBodyGeom:
		Hash size: {24, 42, 24}.
		Mesh size: {6, 42, 6}.
		Hashing triangles...Ok.
			axis(0) tr sizes: average=33 max=947
			axis(1) tr sizes: average=63 max=455
			axis(2) tr sizes: average=33 max=944
		Number of t-connected sets:2
			(0) size=12
			(1) size=11656 cavity
		Done.
		CBodyGeomRef:
		Hashing triangles...Ok.
			axis(0) tr sizes: average=146 max=651
			axis(1) tr sizes: average=222 max=425
			axis(2) tr sizes: average=147 max=642
		Done.
	0.0133 s.
Geometries reading and preparing has taken 0.031 s.

Mapped triangles:
Hashing geometries triangles
	Triangles num=11668
	Triangles box={-0.00537598  ,0.00537598  ,-0.0780792  ,-0.00674776  ,-0.00538601  ,0.00537599  }
		3d-hash size is 102996 bytes
Hashing peculiar surfaces triangles
	Triangles num=36
	Triangles box={-0.0053462  ,-0.00524078  ,-0.0758954  ,-0.0737805  ,-0.00105819  ,0.0010609  }
		3d-hash size is 6312 bytes
	Triangles num=36
	Triangles box={0.00295792  ,0.00445595  ,-0.0758954  ,-0.0737805  ,0.00295562  ,0.00445442  }
		3d-hash size is 6368 bytes
	Triangles num=36
	Triangles box={0.00295562  ,0.00445442  ,-0.0758954  ,-0.0737805  ,-0.00445595  ,-0.00295792  }
		3d-hash size is 6372 bytes
	Triangles num=36
	Triangles box={-0.00445595  ,-0.00295792  ,-0.0758954  ,-0.0737805  ,-0.00445442  ,-0.00295562  }
		3d-hash size is 6368 bytes
	Triangles num=36
	Triangles box={-0.00445442  ,-0.00295562  ,-0.0758954  ,-0.0737805  ,0.00295792  ,0.00445595  }
		3d-hash size is 6368 bytes
	Triangles num=36
	Triangles box={-0.00105819  ,0.0010609  ,-0.0758954  ,-0.0737805  ,0.00524078  ,0.0053462  }
		3d-hash size is 6312 bytes
	Triangles num=36
	Triangles box={0.00524078  ,0.0053462  ,-0.0758954  ,-0.0737805  ,-0.0010609  ,0.00105819  }
		3d-hash size is 6312 bytes
	Triangles num=36
	Triangles box={-0.0010609  ,0.00105819  ,-0.0758954  ,-0.0737805  ,-0.0053462  ,-0.00524078  }
		3d-hash size is 6312 bytes
	Triangles num=16
	Triangles box={-0.00155938  ,0.00155938  ,-0.00689  ,-0.00689  ,-0.00155938  ,0.00155938  }
		3d-hash size is 6188 bytes
Mapped triangles processed in 0.015 s.
-----------------------------------------------------------------------
Getting sectors:
Number of sectors: 0
-----------------------------------------------------------------------
-----------------------------------------------------------------------

Current CPU = 0 sec

-----------------------------------------------------------------------
Mesh dimensions:
				I[0 ]=6
				I[1 ]=42
				I[2 ]=6

Comp. domain size:
				a[0  ]=-0.00536498
				a[1  ]=0.00536498
				a[2  ]=-0.078008
				a[3  ]=-0.00681895
				a[4  ]=-0.00537501
				a[5  ]=0.00536499

Fluid calculated			1
Solid calculated			0
-----------------------------------------------------------------------
MESH Build started...
-----------------------------------------------------------------------
Mesh LEVEL = 2
-----------------------------------------------------------------------
Setting regions...OK (0.000 s)
Base mesh info------------------
	2D flag  =0
	Period   =[0, 0, 0]
	Nx=6
		x[0]=-0.00536498
		x[1]=-0.00357609
		x[2]=-0.00178777
		x[3]=5.61643e-07
		x[4]=0.00178889
		x[5]=0.00357722
		x[6]=0.00536498
	Ny=42
		y[0]=-0.078008
		y[1]=-0.0763126
		y[2]=-0.0746176
		y[3]=-0.0729226
		y[4]=-0.0712276
		y[5]=-0.0695327
		y[6]=-0.0678377
		y[7]=-0.0661427
		y[8]=-0.0644477
		y[9]=-0.0627528
		y[10]=-0.0610578
		y[11]=-0.0593628
		y[12]=-0.0576678
		y[13]=-0.0559728
		y[14]=-0.0542779
		y[15]=-0.0525829
		y[16]=-0.0508879
		y[17]=-0.0491929
		y[18]=-0.047498
		y[19]=-0.045803
		y[20]=-0.044108
		y[21]=-0.042413
		y[22]=-0.040718
		y[23]=-0.0390231
		y[24]=-0.0373281
		y[25]=-0.0356331
		y[26]=-0.0339381
		y[27]=-0.0322432
		y[28]=-0.0305482
		y[29]=-0.0288532
		y[30]=-0.0271582
		y[31]=-0.0254632
		y[32]=-0.0237683
		y[33]=-0.0220733
		y[34]=-0.0203783
		y[35]=-0.0186833
		y[36]=-0.0169884
		y[37]=-0.0152934
		y[38]=-0.0135984
		y[39]=-0.0119034
		y[40]=-0.0102084
		y[41]=-0.00851347
		y[42]=-0.00681895
	Nz=6
		z[0]=-0.00537501
		z[1]=-0.0035846
		z[2]=-0.0017946
		z[3]=-4.59522e-06
		z[4]=0.00178541
		z[5]=0.00357541
		z[6]=0.00536499
End of base mesh info---------
Input_mesh_settings--------------------------------
Settings 0----------------
	Scope: GLOBAL
	Type:	------MESHER_SETTINGS----------
	RefAllCells           =0
	RefFluidCells         =0
	RefPartCells          =0
	RefSolidCells         =0
	l_SSFR(Capture crit)  =2
	l_curv(Curvature crit)=0
	l_tol(Tolerance crit) =2
	  k_tol               =0.000530955
	UseChannelRef         =1
	  NCR_method          =0
	  l_NCR               =2
	  N_gap               =5
	  Use d_NCR_min       =0
	  Use d_NCR_max       =0
	IgnoreThinChannelsHeight         =0
	--END_OF_MESHER_SETTINGS-------
End of input mesh settings-------------------------

-----------------------------------------------------------------------
Building geometries:
-----------------------------------------------------------------------
Building body-set (0) of geometry Fluid.0.(0). ...

-----------------------------------------------------------------------
Refining by triangulation...
Refinement input: 1512 bricks
Setting regions...OK (0.000 s)
Setting regions...OK (0.000 s)
Refinement result: 2401 bricks (0.029 s)
Refinement input: 2401 bricks
Refinement result: 2401 bricks (0.000 s)
Collecting and processing rays...OK (0.012 s)
Capturing...OK (0.000 s)
Refining by triangulation takes 0.042 s
-----------------------------------------------------------------------

-----------------------------------------------------------------------
Refining peculiar surfaces...
0 surfaces refined
Refining peculiar surfaces takes 0 s
-----------------------------------------------------------------------
Collecting and processing rays...OK (0.000 s)
Capturing...OK (0.000 s)
Collecting and processing rays...OK (0.000 s)
Capturing...OK (0.000 s)
Collecting and processing rays...OK (0.000 s)
Capturing...OK (0.000 s)

-----------------------------------------------------------------------
Base mesh 1 Refining...
Refinement input: 2401 bricks
Refinement result: 2401 bricks (0.000 s)
Collecting and processing rays...OK (0.000 s)
Capturing...OK (0.000 s)
-----------------------------------------------------------------------
Refining channels...
FYI: CNarrowChannelRefiner::RefineChannels_PRLL
Refinement input: 2401 bricks
Setting regions...OK (0.000 s)
Refinement result: 3787 bricks (0.001 s)
Collecting and processing rays...OK (0.004 s)
Capturing...OK (0.000 s)
FYI: m_iteration_count = 0
FYI: level1 statistics:
     level1_cnt_plus[1]=1584;		level1_cnt_minus[1]=0
     level1_cnt_plus[2]=0;		level1_cnt_minus[2]=0
     level1_cnt_plus[3]=0;		level1_cnt_minus[3]=0
     level1_cnt_plus[4]=0;		level1_cnt_minus[4]=0
     level1_cnt_plus[5]=0;		level1_cnt_minus[5]=0
     level1_cnt_plus[6]=0;		level1_cnt_minus[6]=0
     level1_cnt_plus[7]=0;		level1_cnt_minus[7]=0
     level1_cnt_plus[8]=0;		level1_cnt_minus[8]=0
     level1_cnt_plus[9]=0;		level1_cnt_minus[9]=0
Refinement input: 3787 bricks
Setting regions...OK (0.000 s)
Refinement result: 3906 bricks (0.000 s)
Collecting and processing rays...OK (0.001 s)
Capturing...OK (0.000 s)
FYI: m_iteration_count = 1
FYI: level1 statistics:
     level1_cnt_plus[1]=1720;		level1_cnt_minus[1]=0
     level1_cnt_plus[2]=0;		level1_cnt_minus[2]=0
     level1_cnt_plus[3]=0;		level1_cnt_minus[3]=0
     level1_cnt_plus[4]=0;		level1_cnt_minus[4]=0
     level1_cnt_plus[5]=0;		level1_cnt_minus[5]=0
     level1_cnt_plus[6]=0;		level1_cnt_minus[6]=0
     level1_cnt_plus[7]=0;		level1_cnt_minus[7]=0
     level1_cnt_plus[8]=0;		level1_cnt_minus[8]=0
     level1_cnt_plus[9]=0;		level1_cnt_minus[9]=0
FYI: m_iteration_count = 2
FYI: level1 statistics:
     level1_cnt_plus[1]=1720;		level1_cnt_minus[1]=0
     level1_cnt_plus[2]=0;		level1_cnt_minus[2]=0
     level1_cnt_plus[3]=0;		level1_cnt_minus[3]=0
     level1_cnt_plus[4]=0;		level1_cnt_minus[4]=0
     level1_cnt_plus[5]=0;		level1_cnt_minus[5]=0
     level1_cnt_plus[6]=0;		level1_cnt_minus[6]=0
     level1_cnt_plus[7]=0;		level1_cnt_minus[7]=0
     level1_cnt_plus[8]=0;		level1_cnt_minus[8]=0
     level1_cnt_plus[9]=0;		level1_cnt_minus[9]=0
Refinement input: 3906 bricks
Setting regions...OK (0.000 s)
Refinement result: 16828 bricks (0.003 s)
Collecting and processing rays...OK (0.014 s)
Capturing...OK (0.002 s)
FYI: m_iteration_count = 3
FYI: level1 statistics:
     level1_cnt_plus[1]=5526;		level1_cnt_minus[1]=0
     level1_cnt_plus[2]=9744;		level1_cnt_minus[2]=0
     level1_cnt_plus[3]=0;		level1_cnt_minus[3]=0
     level1_cnt_plus[4]=0;		level1_cnt_minus[4]=0
     level1_cnt_plus[5]=0;		level1_cnt_minus[5]=0
     level1_cnt_plus[6]=0;		level1_cnt_minus[6]=0
     level1_cnt_plus[7]=0;		level1_cnt_minus[7]=0
     level1_cnt_plus[8]=0;		level1_cnt_minus[8]=0
     level1_cnt_plus[9]=0;		level1_cnt_minus[9]=0
FYI: m_iteration_count = 4
FYI: level1 statistics:
     level1_cnt_plus[1]=5526;		level1_cnt_minus[1]=0
     level1_cnt_plus[2]=9744;		level1_cnt_minus[2]=0
     level1_cnt_plus[3]=0;		level1_cnt_minus[3]=0
     level1_cnt_plus[4]=0;		level1_cnt_minus[4]=0
     level1_cnt_plus[5]=0;		level1_cnt_minus[5]=0
     level1_cnt_plus[6]=0;		level1_cnt_minus[6]=0
     level1_cnt_plus[7]=0;		level1_cnt_minus[7]=0
     level1_cnt_plus[8]=0;		level1_cnt_minus[8]=0
     level1_cnt_plus[9]=0;		level1_cnt_minus[9]=0
FYI: level1 statistics:
     level1_cnt_plus[1]=5526;		level1_cnt_minus[1]=0
     level1_cnt_plus[2]=9744;		level1_cnt_minus[2]=0
     level1_cnt_plus[3]=0;		level1_cnt_minus[3]=0
     level1_cnt_plus[4]=0;		level1_cnt_minus[4]=0
     level1_cnt_plus[5]=0;		level1_cnt_minus[5]=0
     level1_cnt_plus[6]=0;		level1_cnt_minus[6]=0
     level1_cnt_plus[7]=0;		level1_cnt_minus[7]=0
     level1_cnt_plus[8]=0;		level1_cnt_minus[8]=0
     level1_cnt_plus[9]=0;		level1_cnt_minus[9]=0

-----------------------------------------------------------------------
U-shapes refinement...
Refinement input: 16828 bricks
Refinement result: 16828 bricks (0.001 s)
Collecting and processing rays...OK (0.000 s)
Capturing...OK (0.000 s)
-----------------------------------------------------------------------

-----------------------------------------------------------------------
Equi Distant Refiner:
Equi Distant Refiner takes 0.00 s
-----------------------------------------------------------------------
Building geometry takes 0.226 s
Geometry Fluid.0.
Total		16828
Partial	5904
Fluid		4488
Solid		6388
Bad		48

/-Ray Intersection---------------/ Time	0.058 s
Calls			4609
CorrectRay Calls	0



-----------------------------------------------------------------------
Building geometries takes 0.227 s
-----------------------------------------------------------------------

-----------------------------------------------------------------------
PostBuilding geometries:
-----------------------------------------------------------------------
PostBuilding body-set (0) geometry Fluid.0. (0)...
Collecting and processing rays...OK (0.000 s)
Capturing...OK (0.000 s)
PostBuilding geometry takes 0.001 s
Geometry Fluid.0.
Total		16828
Partial	5904
Fluid		4488
Solid		6388
Bad		48

-----------------------------------------------------------------------
PostBuilding geometries takes 0.001 s
-----------------------------------------------------------------------
Defect ray count	0
FYI: CNarrowChannelRefiner::RedistributeLevel1_step_1: is finished
FYI: level1 statistics:
     level1_cnt_plus[1]=2848;		level1_cnt_minus[1]=0
     level1_cnt_plus[2]=12422;		level1_cnt_minus[2]=0
     level1_cnt_plus[3]=0;		level1_cnt_minus[3]=0
     level1_cnt_plus[4]=0;		level1_cnt_minus[4]=0
     level1_cnt_plus[5]=0;		level1_cnt_minus[5]=0
     level1_cnt_plus[6]=0;		level1_cnt_minus[6]=0
     level1_cnt_plus[7]=0;		level1_cnt_minus[7]=0
     level1_cnt_plus[8]=0;		level1_cnt_minus[8]=0
     level1_cnt_plus[9]=0;		level1_cnt_minus[9]=0
FYI: CNarrowChannelRefiner::RedistributeLevel1_step_2: is started
FYI: CNarrowChannelRefiner::RedistributeLevel1_step_2: is finished
FYI: level1 statistics:
     level1_cnt_plus[1]=2864;		level1_cnt_minus[1]=0
     level1_cnt_plus[2]=12706;		level1_cnt_minus[2]=0
     level1_cnt_plus[3]=0;		level1_cnt_minus[3]=0
     level1_cnt_plus[4]=0;		level1_cnt_minus[4]=0
     level1_cnt_plus[5]=0;		level1_cnt_minus[5]=0
     level1_cnt_plus[6]=0;		level1_cnt_minus[6]=0
     level1_cnt_plus[7]=0;		level1_cnt_minus[7]=0
     level1_cnt_plus[8]=0;		level1_cnt_minus[8]=0
     level1_cnt_plus[9]=0;		level1_cnt_minus[9]=0
FYI: CNarrowChannelRefiner::RedistributeLevel1_step_3: is started
FYI: CNarrowChannelRefiner::RedistributeLevel1_step_3: is finished
RedistributeLevel1 takes:
FYI: level1 statistics:
     level1_cnt_plus[1]=2864;		level1_cnt_minus[1]=0
     level1_cnt_plus[2]=12706;		level1_cnt_minus[2]=0
     level1_cnt_plus[3]=0;		level1_cnt_minus[3]=0
     level1_cnt_plus[4]=0;		level1_cnt_minus[4]=0
     level1_cnt_plus[5]=0;		level1_cnt_minus[5]=0
     level1_cnt_plus[6]=0;		level1_cnt_minus[6]=0
     level1_cnt_plus[7]=0;		level1_cnt_minus[7]=0
     level1_cnt_plus[8]=0;		level1_cnt_minus[8]=0
     level1_cnt_plus[9]=0;		level1_cnt_minus[9]=0
-----------------------------------------------------------------------
MSH format builder (Iteration 0)
-----------------------------------------------------------------------
Memory Working Set Current = 40.53 Mb, Memory Working Set Peak = 50.94 Mb
Process Threads Number: 13
-----------------------------------------------------------------------
Loading geometries triangulation & x-stacks...OK
x-stacks size = 0.32 Mb
Total bricks count: 16828
-----------------------------------------------------------------------
MSH (Real Geometry) format constructor:
	Getting brick sets...OK (0.001 s)
	Min x-stack xeps = 6.23832e-05
	D / dh / eps [axis=0] = (0.01073, 0.000446942, 4.46942e-07)
	D / dh / eps [axis=1] = (0.0711891, 0.000423629, 4.23629e-07)
	D / dh / eps [axis=2] = (0.01074, 0.000447397, 4.47397e-07)
	Time (xeps): 0.000 s
Level 2
	Set (0)  size: 6448
	Set (0)  time: 0.040 s
	Set (1)  size: 6448
	Set (1)  time: 0.041 s
Level 1
	Set (0)  size: 1498
	Set (0)  time: 0.001 s
	Set (1)  size: 1498
	Set (1)  time: 0.001 s
Level 0
	Set (0)  size: 468
	Set (0)  time: 0.000 s
	Set (1)  size: 468
	Set (1)  time: 0.000 s
Result:
	Bricks number:                        16828

	Memory usage:                         3.019 MB
	Memory usage (per brick):             0.184 KB
	Construction time:                    0.085 s

	Topology features:
	------------------
	- High quality bricks                  99.96 % (16821)
	- Medium quality bricks                 0.04 % (7)
	- Bad quality bricks                    0.00 % (0)
	- Ribs corrected bricks                 0.00 % (0)
	- Points with geom-info (bricks)        0.11 % (19)
	- Points with closest-info (bricks)     0.00 % (0)
	- Triangulated by center (bricks)       0.07 % (12)
	- Facet w-faces mergings (bricks)       0.00 % (0)
	- To refine (bricks)                    0.00 % (0)

-----------------------------------------------------------------------
Memory Working Set Current = 54.79 Mb, Memory Working Set Peak = 54.79 Mb
Process Threads Number: 13
-----------------------------------------------------------------------
-----------------------------------------------------------------------
-----------------------------------------------------------------------
MSH --> BCF format (Iteration 0)...
BCF collector...(remove mode=0)
	Time (alloc counter per brick): 0.001 s
	Brick    count: 16828
	Av.f all count: 10464
	Av.s all count: 12372
	Av.f pid count: 5984
	Av.s pid count: 5984
	Faces fs count: 8112
	Faces ff count: 0
	Faces ss count: 0
	Faces bb count: 0
	Faces fe count: 0
	Faces se count: 1608
	Faces fw count: 9720
	Faces af count: 27912
	Faces as count: 37180
	Time (all count): 	0.002 s
	Time (bcf alloc): 	0.001 s
	Time (shifts alloc): 	0.001 s
	Time (shifts init): 	0.001 s
	Time (bcf fill): 	0.009 s
	Time (add av to faces): 0.000 s
	Time (add faces to av): 0.003 s
Time (bcf collect): 		0.019 s
	AV checker...
	Time (check av): 	0.006 s
	Subdomain checker...
		Subdomains construction time: 0.002 s.
		Subdomains sort time: 0.000 s.
			Subdomain 0 (geom_ind=0): 10464 av
			Subdomain 1 (geom_ind=1): 12372 av
		gi: 0, subdomains: 1, real bodies: 1
		gi: 1, subdomains: 1, real bodies: 0
		Defect subdomains: 0
	Time (check subdoms): 	0.002 s
Time (bcf iteration total): 	0.027 s
	Time (fw-nb): 		0.000 s
	Fixed mutual fw-nb:     2384 (bb: 0)
	Time (fw-nb mutual): 	0.000 s
	Time (fw-nb sort): 	0.000 s
	Fw-opt BEFORE total:    9720 (fs=8112, ff=0, ss=0)
	Fw-opt AFTER  total:    8196 (fs=6588, ff=0, ss=0, failed fw/br=0/0, big_curv=13, big_poly=0)
	Fw-opt RESULT:          1524 (res/(fs+ff+ss) = 18.79 %)
	Time (fw-opt): 		0.001 s
	Time (fw-re-order): 	0.001 s
	Time (fw-nb): 		0.003 s
	Fixed mutual fw-nb:     16423 (bb: 0)
	Time (fw-nb mutual): 	0.001 s
	Time (fw-nb sort): 	0.000 s
	Time (rfd fix): 	0.000 s
	Time (av convexity): 	0.002 s
	Time (av small volume): 0.000 s
	Time (diagonal fw-nb): 	0.009 s
	Fixed mutual fw-nb:     0 (bb: 0)
	Time (fw-nb mutual): 	0.001 s
	Time (fw-nb sort): 	0.000 s
	Fluid subdomains: 1
	Faces fw-nb diff sd:    0
	Time (fw-nb diff sd): 	0.001 s
Time (bcf calc): 		0.023 s
-----------------------------------------------------------------------
Time (bcf total): 		0.050 s
-----------------------------------------------------------------------
-----------------------------------------------------------------------
Mega-cv constructor for fluid...
	 20 av's is treated as thin
Relative size generator (threshold = 0.05)...
	Iteration 1 (small cluster count = 140)
	Iteration 2 (small cluster count = 82)
	Iteration 3 (small cluster count = 4)
	Iteration 4 (small cluster count = 0)
	 140 mega-cv's generated
	 0 mega-cv's removed
Relative size generator is completed OK (0.001 s)
Apply fa-rules to mega-cv clusters fixes...
OK (0.000 s)
Convert clusters:
	 140 mega-cv's total
Mega-cv count: 140
Time (mega-cv fill): 	0.000 s
Time (mega-cv total): 	0.004 s
-----------------------------------------------------------------------
Mixing plane rotation regions: NO.
Sliding mesh rotation regions: NO.
Fluid/fluid faces: NO.
----------------------------------------------------------
BCF --> BCF.GEOMSUBDOM (bridge arrays):
MESH (0):
	Fluid Subdom Constructor: 1 subdom(s).
	Solid Subdom Constructor: 1 subdom(s).
	Net Asm Subdom Constructor: 0 subdom(s).
	GEOMSUBDOM (0): gi=0 fluid av=10464 cv=10324 fa=27912 fb=0 fw=6588 V=6.315772e-07
	Cache data...OK
	GEOMSUBDOM (1): gi=1 solid av=12372 cv=12372 fa=37180 fb=0 fw=8196 V=7.572242e-06
	Cache data...OK
	Setting nb of w-faces...OK (0.003 s).
	Correcting nb of w-faces...
	Time(correct_fw_nb)=0.002 s

MESH (0) checking:
	GEOMSUBDOM (0):fa_s=0.0043738579752343 fb_s=0.0000000000000000 fw_s=0.0008855617024761 fw_nb=52940
	              :d_const(2838)=5.48881e-14 d_linear(2953)=1.8533e-13
	GEOMSUBDOM (1):fa_s=0.0170648482385745 fb_s=0.0000000000000000 fw_s=0.0041728956793434 fw_nb=59484
	              :d_const(3180)=1.4512e-13 d_linear(910)=7.0403e-13
MESH (0) checking: OK.
Time (MDS): 	0.023 s
----------------------------------------------------------

-----------------------------------------------------------------------
BCF CHECKSUM DATA (Mesh 0):

WARNING! 200 w-face(s) without RefFacesData.
BRICK |Level1| Sum:               28276
FACE_A Area Sum:   G.Fluid        0.0043738579752343
FACE_A Area Sum:   G.Solid        0.0170648482385745
FACE_W Area Sum:                  0.0041728956793434
FACE_W Nb   Sum:                  59484
FACE_W min curvatures sum:        -4521353.67689896
FACE_W max curvatures sum:        4097038.65534973
AV Max Disbalance(Const) :        1.4512e-13 (cid=15058, t={12, 5, 17}, avid=21159, pid=5619)
AV Max Disbalance(Linear):        8.12606e-12 (cid=2428, t={22, 4, 11}, avid=940, pid=653)
-----------------------------------------------------------------------


-----------------------------------------------------------------------
MESHER TOPOLOGY DATA:

BRICKS: Total                 16828
BRICKS: 1-CV                  10868
BRICKS: 2-CV                  5912
BRICKS: 3-CV                  48
BRICKS: Bad                   0

AV:     G.Total               22836
AV:     G.Fluid               10464
AV:     G.Solid               12372

AV:     G.Fluid Thin Profile    0.23 % (24)
AV:     G.Solid Thin Profile    0.19 % (24)

AV:     G.Fluid Thin For Mega   0.19 % (20)
AV:     G.Solid Thin For Mega   0.19 % (24)

AV:     G.Fluid Non-Convex      4.90 % (513)
AV:     G.Solid Non-Convex      4.53 % (561)

AV:     G.Fluid Non-Ess-Convex      1.62 % (170)
AV:     G.Solid Non-Ess-Convex      2.13 % (264)

FACE_A: G.Fluid          (af) 27912 (partially opened 11992)
FACE_A: G.Solid          (as) 37180 (partially opened 11976)

FACE_B: G.Total          (b)  0

FACE_W: G.Total                 8196        Brick/Bound
FACE_W: G.Fluid/Solid    (fs_g) 6588        0           
FACE_W: G.Fluid/Fluid    (ff_g) 0           0           
FACE_W: G.Solid/Solid    (ss_g) 0           0           
FACE_W: G.Fluid/External (fe_g) 0
FACE_W: G.Solid/External (se_g) 1608

AV/CV max fa count (on brick side):4
AV/CV max fw count:                4
AV/CV max fb count:                0
AV/CV max fw poly count:           10

MEMORY: Total                   7.631 MB
MEMORY: Per Brick               0.464 KB
-----------------------------------------------------------------------

-----------------------------------------------------------------------
Connectivities information:
	Number of conns: 0
-----------------------------------------------------------------------
	Time (gap size): 	0.012 s
-----------------------------------------------------------------------
Calculating curvature and tolerance criteria...
Curvature: min=0 max=3.12428
Tolerance: min=0 max=0.000329253
Calculating curvature and tolerance criteria takes 0.054 s
-----------------------------------------------------------------------
MESH Build(FS) finished. Time=0.565 s
-----------------------------------------------------------------------
Current CPU = 1 sec

Nx=6
Ny=42
Nz=6
Max BRICK Level=2
Mesh Level=2
-----------------CModelBodies2MeshMapper::CollectData started -------------------------------
-----------------CModelBodies2MeshMapper Report -------------------------------
FluidDomains 1 SolidDomains 1 VoidDomains 0 
Domains RefIndexes
Domain 0, Index count 20
Domain 1, Index count 20
----------------- -------------------------------
	ModelBodies
Total resolved Bodies 0 BodySets 0

--------------------------------------------------------------------------
	Positive geometry Bodies
Total resolved Bodies 1 BodySets 1
BodySet 0
	Bodies list:
			#0	Name: ;	ID: 36f661ad-18a3-43d5-8cac-8236deeea186
	Domains list:		 0 

--------------------------------------------------------------------------
	Fluid regions
Total resolved Bodies 1 BodySets 1
BodySet 0	Material: Oxygen; 
	Bodies list:
			#0	Name: ;	ID: 36f661ad-18a3-43d5-8cac-8236deeea186
	Domains list:		 0 

--------------------------------------------------------------------------
-----------------CModelBodies2MeshMapper::CollectData finished successfully-------------------
Saving initial mesh in: N:\Downloads\GitHub\liquid-propellant-engine\2kN Heat Sink Engine\Revised Stack OD 6in\1\Parametric Study 1\4\4.fld .
Storing results...
Estimated CPT size=3.641 MB.
	Time (write bcf): 0.411 s
OK
-----------------------------------------------------------------------
Memory Working Set Current = 71.78 Mb, Memory Working Set Peak = 71.78 Mb
Process Threads Number: 13
-----------------------------------------------------------------------
Cleaning memory...
		Time (free xsl):                    	0.001 s
Free Geometry DB takes 0.000 s
	Time (free bcf): 	0.005 s
		Time (free bcf mesh):               	0.012 s
	Time (free mesher data):              	0.015 s
Copying... OK
Mesh generation normally finished at	28.4.2021	2:20:16
Mesher CPU = 2 sec
Mesher is finished at	28.4.2021	2:20:16
-----------------------------------------------------------------------
Memory Working Set Current = 35.70 Mb, Memory Working Set Peak = 72.15 Mb
Process Threads Number: 13
-----------------------------------------------------------------------
Algebra Pool      : mem_usage = 0.56 Mb, allocated count = 0
Log ended at 28.04.2021	02:20:16
