Log started at 28.04.2021	05:07:02
Number of used processors (NPROC): 4.
Number of mesh partitions (NPART): 4.
Total Physical Memory = 15.87 Gb, Available Physical Memory = 10.42 Gb
Computer name:	MCAE33
Operating system:	Windows 10 (or higher) (Version 10.0.18363)

SOLIDWORKS 2020 SP4.0
Flow Simulation 2020  x64 / 4995 / MESHER ver. efd_dev.4663_05.07.2019 

Project: N:\Downloads\GitHub\liquid-propellant-engine\2kN Heat Sink Engine\Revised Stack OD 6in\1\Parametric Study 1\2\2.xmlconfig
Configuration name: Default
Project name: Project(1)
NGK: OFF
MBO: OFF

Mesh generation started:	28.4.2021	5:7:2
-----------------------------------------------------------------------
Mesher option run = eRunMesherNormal
-----------------------------------------------------------------------
Current CPU = 0 sec
-----------------------------------------------------------------------
Geometries initialization:
-----------------------------------------------------------------------
Loading mesh settings (global/local)...
-----------------------------------------------------------------------
Number of geometries from DB: 1
Geometry(0):
	Guid = {00000000-0000-0000-0000-000000000000}
	Fluid..
	1 Body.
	1 Real body.
	-- Bodyset 0 --
		Tolerance=1.24686e-05.
		35 Face(s).
			35 of b-spline type.
		0 Face(s) that have no ref faces
		8 Plane surface(s).
		10 Cylinder surface(s).
		1 Cone surface(s).
		16 B- surface(s).
		19520 Triangle(s).
		Getting triangle connectivities from DB: 0.002 s
		63 Edge(s).
			63 of b-spline type.
		BodyGeom reading: 0.015 s.
		21 Reference Face(s).
		6935 Reference Triangles.
		Getting triangle connectivities from DB (Ref): 0.001 s
		BodyGeom Ref reading: 0.001 s.
		Getting triangle connectivities from DB (Extra Triangulation): 0.001 s
Geometry(1):
	Solid.
	-- Bodyset 1 --
	Empty
-----------------------------------------------------------------------
Number of geometries in task: 2
Number of bodysets   in task: 2
-----------------------------------------------------------------------
	Making hash and connectivity for Bodyset ...
		CBodyGeom:
		Hash size: {24, 44, 24}.
		Mesh size: {6, 22, 6}.
		Hashing triangles...Ok.
			axis(0) tr sizes: average=45 max=736
			axis(1) tr sizes: average=83 max=534
			axis(2) tr sizes: average=45 max=724
		Number of t-connected sets:2
			(0) size=12
			(1) size=19508 cavity
		Done.
		CBodyGeomRef:
		Hashing triangles...Ok.
			axis(0) tr sizes: average=153 max=670
			axis(1) tr sizes: average=319 max=511
			axis(2) tr sizes: average=154 max=667
		Done.
	0.0185 s.
Geometries reading and preparing has taken 0.042 s.

Mapped triangles:
Hashing geometries triangles
	Triangles num=19520
	Triangles box={-0.00964078  ,0.00964078  ,-0.0722813  ,-0.00672728  ,-0.00964396  ,0.00964354  }
		3d-hash size is 124608 bytes
Hashing peculiar surfaces triangles
	Triangles num=86
	Triangles box={-0.00954262  ,-0.00899954  ,-0.0690076  ,-0.0626575  ,-0.00317501  ,0.003175  }
		3d-hash size is 3700 bytes
	Triangles num=86
	Triangles box={0.00411857  ,0.00860876  ,-0.0690076  ,-0.0626575  ,-0.0086087  ,-0.00411862  }
		3d-hash size is 3760 bytes
	Triangles num=86
	Triangles box={-0.0086087  ,-0.00411862  ,-0.0690076  ,-0.0626575  ,-0.00860876  ,-0.00411857  }
		3d-hash size is 3760 bytes
	Triangles num=86
	Triangles box={-0.00860876  ,-0.00411857  ,-0.0690076  ,-0.0626575  ,0.00411862  ,0.0086087  }
		3d-hash size is 3760 bytes
	Triangles num=86
	Triangles box={-0.00317501  ,0.003175  ,-0.0690076  ,-0.0626575  ,0.00899954  ,0.00954262  }
		3d-hash size is 3700 bytes
	Triangles num=86
	Triangles box={0.00899954  ,0.00954262  ,-0.0690076  ,-0.0626575  ,-0.003175  ,0.00317501  }
		3d-hash size is 3708 bytes
	Triangles num=86
	Triangles box={-0.003175  ,0.00317501  ,-0.0690076  ,-0.0626575  ,-0.00954262  ,-0.00899954  }
		3d-hash size is 3708 bytes
	Triangles num=28
	Triangles box={-0.00467431  ,0.00467431  ,-0.006858  ,-0.006858  ,-0.00467431  ,0.00467431  }
		3d-hash size is 3564 bytes
Mapped triangles processed in 0.017 s.
-----------------------------------------------------------------------
Getting sectors:
Number of sectors: 0
-----------------------------------------------------------------------
-----------------------------------------------------------------------

Current CPU = 0 sec

-----------------------------------------------------------------------
Mesh dimensions:
				I[0 ]=6
				I[1 ]=22
				I[2 ]=6

Comp. domain size:
				a[0  ]=-0.00962154
				a[1  ]=0.00962154
				a[2  ]=-0.0722159
				a[3  ]=-0.00679271
				a[4  ]=-0.00962471
				a[5  ]=0.0096243

Fluid calculated			1
Solid calculated			0
-----------------------------------------------------------------------
MESH Build started...
-----------------------------------------------------------------------
Mesh LEVEL = 2
-----------------------------------------------------------------------
Setting regions...OK (0.000 s)
Base mesh info------------------
	2D flag  =0
	Period   =[0, 0, 0]
	Nx=6
		x[0]=-0.00962154
		x[1]=-0.00641335
		x[2]=-0.00320617
		x[3]=1.00725e-06
		x[4]=0.00320819
		x[5]=0.00641537
		x[6]=0.00962154
	Ny=22
		y[0]=-0.0722159
		y[1]=-0.0692413
		y[2]=-0.0662675
		y[3]=-0.0632937
		y[4]=-0.06032
		y[5]=-0.0573462
		y[6]=-0.0543724
		y[7]=-0.0513986
		y[8]=-0.0484248
		y[9]=-0.0454511
		y[10]=-0.0424773
		y[11]=-0.0395035
		y[12]=-0.0365297
		y[13]=-0.0335559
		y[14]=-0.0305822
		y[15]=-0.0276084
		y[16]=-0.0246346
		y[17]=-0.0216608
		y[18]=-0.018687
		y[19]=-0.0157132
		y[20]=-0.0127395
		y[21]=-0.00976568
		y[22]=-0.00679271
	Nz=6
		z[0]=-0.00962471
		z[1]=-0.00641581
		z[2]=-0.00320764
		z[3]=5.29537e-07
		z[4]=0.0032087
		z[5]=0.00641687
		z[6]=0.0096243
End of base mesh info---------
Input_mesh_settings--------------------------------
Settings 0----------------
	Scope: GLOBAL
	Type:	------MESHER_SETTINGS----------
	RefAllCells           =0
	RefFluidCells         =0
	RefPartCells          =0
	RefSolidCells         =0
	l_SSFR(Capture crit)  =1
	l_curv(Curvature crit)=0
	l_tol(Tolerance crit) =1
	  k_tol               =0.00159286
	UseChannelRef         =1
	  NCR_method          =0
	  l_NCR               =2
	  N_gap               =5
	  Use d_NCR_min       =0
	  Use d_NCR_max       =0
	IgnoreThinChannelsHeight         =0
	--END_OF_MESHER_SETTINGS-------
End of input mesh settings-------------------------

-----------------------------------------------------------------------
Building geometries:
-----------------------------------------------------------------------
Building body-set (0) of geometry Fluid.0.(0). ...

-----------------------------------------------------------------------
Refining by triangulation...
Refinement input: 792 bricks
Setting regions...OK (0.000 s)
Setting regions...OK (0.000 s)
Refinement result: 1408 bricks (0.037 s)
Refinement input: 1408 bricks
Refinement result: 1408 bricks (0.001 s)
Collecting and processing rays...OK (0.012 s)
Capturing...OK (0.000 s)
Refining by triangulation takes 0.049 s
-----------------------------------------------------------------------

-----------------------------------------------------------------------
Refining peculiar surfaces...
0 surfaces refined
Refining peculiar surfaces takes 0.001 s
-----------------------------------------------------------------------
Collecting and processing rays...OK (0.000 s)
Capturing...OK (0.000 s)
Collecting and processing rays...OK (0.000 s)
Capturing...OK (0.000 s)
Collecting and processing rays...OK (0.000 s)
Capturing...OK (0.000 s)

-----------------------------------------------------------------------
Base mesh 1 Refining...
Refinement input: 1408 bricks
Refinement result: 1408 bricks (0.000 s)
Collecting and processing rays...OK (0.000 s)
Capturing...OK (0.000 s)
-----------------------------------------------------------------------
Refining channels...
FYI: CNarrowChannelRefiner::RefineChannels_PRLL
Refinement input: 1408 bricks
Setting regions...OK (0.000 s)
Refinement result: 4012 bricks (0.002 s)
Collecting and processing rays...OK (0.008 s)
Capturing...OK (0.001 s)
FYI: m_iteration_count = 0
FYI: level1 statistics:
     level1_cnt_plus[1]=2976;		level1_cnt_minus[1]=0
     level1_cnt_plus[2]=0;		level1_cnt_minus[2]=0
     level1_cnt_plus[3]=0;		level1_cnt_minus[3]=0
     level1_cnt_plus[4]=0;		level1_cnt_minus[4]=0
     level1_cnt_plus[5]=0;		level1_cnt_minus[5]=0
     level1_cnt_plus[6]=0;		level1_cnt_minus[6]=0
     level1_cnt_plus[7]=0;		level1_cnt_minus[7]=0
     level1_cnt_plus[8]=0;		level1_cnt_minus[8]=0
     level1_cnt_plus[9]=0;		level1_cnt_minus[9]=0
FYI: m_iteration_count = 1
FYI: level1 statistics:
     level1_cnt_plus[1]=2976;		level1_cnt_minus[1]=0
     level1_cnt_plus[2]=0;		level1_cnt_minus[2]=0
     level1_cnt_plus[3]=0;		level1_cnt_minus[3]=0
     level1_cnt_plus[4]=0;		level1_cnt_minus[4]=0
     level1_cnt_plus[5]=0;		level1_cnt_minus[5]=0
     level1_cnt_plus[6]=0;		level1_cnt_minus[6]=0
     level1_cnt_plus[7]=0;		level1_cnt_minus[7]=0
     level1_cnt_plus[8]=0;		level1_cnt_minus[8]=0
     level1_cnt_plus[9]=0;		level1_cnt_minus[9]=0
Refinement input: 4012 bricks
Setting regions...OK (0.000 s)
Refinement result: 7505 bricks (0.001 s)
Collecting and processing rays...OK (0.009 s)
Capturing...OK (0.001 s)
FYI: m_iteration_count = 2
FYI: level1 statistics:
     level1_cnt_plus[1]=5960;		level1_cnt_minus[1]=0
     level1_cnt_plus[2]=896;		level1_cnt_minus[2]=0
     level1_cnt_plus[3]=0;		level1_cnt_minus[3]=0
     level1_cnt_plus[4]=0;		level1_cnt_minus[4]=0
     level1_cnt_plus[5]=0;		level1_cnt_minus[5]=0
     level1_cnt_plus[6]=0;		level1_cnt_minus[6]=0
     level1_cnt_plus[7]=0;		level1_cnt_minus[7]=0
     level1_cnt_plus[8]=0;		level1_cnt_minus[8]=0
     level1_cnt_plus[9]=0;		level1_cnt_minus[9]=0
Refinement input: 7505 bricks
Setting regions...OK (0.000 s)
Refinement result: 7596 bricks (0.001 s)
Collecting and processing rays...OK (0.000 s)
Capturing...OK (0.000 s)
FYI: m_iteration_count = 3
FYI: level1 statistics:
     level1_cnt_plus[1]=5992;		level1_cnt_minus[1]=0
     level1_cnt_plus[2]=960;		level1_cnt_minus[2]=0
     level1_cnt_plus[3]=0;		level1_cnt_minus[3]=0
     level1_cnt_plus[4]=0;		level1_cnt_minus[4]=0
     level1_cnt_plus[5]=0;		level1_cnt_minus[5]=0
     level1_cnt_plus[6]=0;		level1_cnt_minus[6]=0
     level1_cnt_plus[7]=0;		level1_cnt_minus[7]=0
     level1_cnt_plus[8]=0;		level1_cnt_minus[8]=0
     level1_cnt_plus[9]=0;		level1_cnt_minus[9]=0
FYI: m_iteration_count = 4
FYI: level1 statistics:
     level1_cnt_plus[1]=5992;		level1_cnt_minus[1]=0
     level1_cnt_plus[2]=960;		level1_cnt_minus[2]=0
     level1_cnt_plus[3]=0;		level1_cnt_minus[3]=0
     level1_cnt_plus[4]=0;		level1_cnt_minus[4]=0
     level1_cnt_plus[5]=0;		level1_cnt_minus[5]=0
     level1_cnt_plus[6]=0;		level1_cnt_minus[6]=0
     level1_cnt_plus[7]=0;		level1_cnt_minus[7]=0
     level1_cnt_plus[8]=0;		level1_cnt_minus[8]=0
     level1_cnt_plus[9]=0;		level1_cnt_minus[9]=0
FYI: level1 statistics:
     level1_cnt_plus[1]=5992;		level1_cnt_minus[1]=0
     level1_cnt_plus[2]=960;		level1_cnt_minus[2]=0
     level1_cnt_plus[3]=0;		level1_cnt_minus[3]=0
     level1_cnt_plus[4]=0;		level1_cnt_minus[4]=0
     level1_cnt_plus[5]=0;		level1_cnt_minus[5]=0
     level1_cnt_plus[6]=0;		level1_cnt_minus[6]=0
     level1_cnt_plus[7]=0;		level1_cnt_minus[7]=0
     level1_cnt_plus[8]=0;		level1_cnt_minus[8]=0
     level1_cnt_plus[9]=0;		level1_cnt_minus[9]=0

-----------------------------------------------------------------------
U-shapes refinement...
Refinement input: 7596 bricks
Refinement result: 7596 bricks (0.001 s)
Collecting and processing rays...OK (0.000 s)
Capturing...OK (0.000 s)
-----------------------------------------------------------------------

-----------------------------------------------------------------------
Equi Distant Refiner:
Equi Distant Refiner takes 0.00 s
-----------------------------------------------------------------------
Building geometry takes 0.223 s
Geometry Fluid.0.
Total		7596
Partial	2508
Fluid		2336
Solid		2752
Bad		0

/-Ray Intersection---------------/ Time	0.043 s
Calls			1935
CorrectRay Calls	0



-----------------------------------------------------------------------
Building geometries takes 0.223 s
-----------------------------------------------------------------------

-----------------------------------------------------------------------
PostBuilding geometries:
-----------------------------------------------------------------------
PostBuilding body-set (0) geometry Fluid.0. (0)...
Collecting and processing rays...OK (0.000 s)
Capturing...OK (0.000 s)
PostBuilding geometry takes 0.000 s
Geometry Fluid.0.
Total		7596
Partial	2508
Fluid		2336
Solid		2752
Bad		0

-----------------------------------------------------------------------
PostBuilding geometries takes 0.001 s
-----------------------------------------------------------------------
Defect ray count	0
FYI: CNarrowChannelRefiner::RedistributeLevel1_step_1: is finished
FYI: level1 statistics:
     level1_cnt_plus[1]=2952;		level1_cnt_minus[1]=0
     level1_cnt_plus[2]=4000;		level1_cnt_minus[2]=0
     level1_cnt_plus[3]=0;		level1_cnt_minus[3]=0
     level1_cnt_plus[4]=0;		level1_cnt_minus[4]=0
     level1_cnt_plus[5]=0;		level1_cnt_minus[5]=0
     level1_cnt_plus[6]=0;		level1_cnt_minus[6]=0
     level1_cnt_plus[7]=0;		level1_cnt_minus[7]=0
     level1_cnt_plus[8]=0;		level1_cnt_minus[8]=0
     level1_cnt_plus[9]=0;		level1_cnt_minus[9]=0
FYI: CNarrowChannelRefiner::RedistributeLevel1_step_2: is started
FYI: CNarrowChannelRefiner::RedistributeLevel1_step_2: is finished
FYI: level1 statistics:
     level1_cnt_plus[1]=3000;		level1_cnt_minus[1]=0
     level1_cnt_plus[2]=4192;		level1_cnt_minus[2]=0
     level1_cnt_plus[3]=0;		level1_cnt_minus[3]=0
     level1_cnt_plus[4]=0;		level1_cnt_minus[4]=0
     level1_cnt_plus[5]=0;		level1_cnt_minus[5]=0
     level1_cnt_plus[6]=0;		level1_cnt_minus[6]=0
     level1_cnt_plus[7]=0;		level1_cnt_minus[7]=0
     level1_cnt_plus[8]=0;		level1_cnt_minus[8]=0
     level1_cnt_plus[9]=0;		level1_cnt_minus[9]=0
FYI: CNarrowChannelRefiner::RedistributeLevel1_step_3: is started
FYI: CNarrowChannelRefiner::RedistributeLevel1_step_3: is finished
RedistributeLevel1 takes:
FYI: level1 statistics:
     level1_cnt_plus[1]=3000;		level1_cnt_minus[1]=0
     level1_cnt_plus[2]=4192;		level1_cnt_minus[2]=0
     level1_cnt_plus[3]=0;		level1_cnt_minus[3]=0
     level1_cnt_plus[4]=0;		level1_cnt_minus[4]=0
     level1_cnt_plus[5]=0;		level1_cnt_minus[5]=0
     level1_cnt_plus[6]=0;		level1_cnt_minus[6]=0
     level1_cnt_plus[7]=0;		level1_cnt_minus[7]=0
     level1_cnt_plus[8]=0;		level1_cnt_minus[8]=0
     level1_cnt_plus[9]=0;		level1_cnt_minus[9]=0
-----------------------------------------------------------------------
MSH format builder (Iteration 0)
-----------------------------------------------------------------------
Memory Working Set Current = 40.04 Mb, Memory Working Set Peak = 47.00 Mb
Process Threads Number: 13
-----------------------------------------------------------------------
Loading geometries triangulation & x-stacks...OK
x-stacks size = 0.13 Mb
Total bricks count: 7596
-----------------------------------------------------------------------
MSH (Real Geometry) format constructor:
	Getting brick sets...OK (0.000 s)
	Min x-stack xeps = 9.13948e-05
	D / dh / eps [axis=0] = (0.0192431, 0.000801543, 8.01543e-07)
	D / dh / eps [axis=1] = (0.0654232, 0.000743445, 7.43445e-07)
	D / dh / eps [axis=2] = (0.019249, 0.000801857, 8.01857e-07)
	Time (xeps): 0.000 s
Level 2
	Set (0)  size: 2160
	Set (0)  time: 0.024 s
	Set (1)  size: 2160
	Set (1)  time: 0.020 s
Level 1
	Set (0)  size: 1458
	Set (0)  time: 0.005 s
	Set (1)  size: 1458
	Set (1)  time: 0.005 s
Level 0
	Set (0)  size: 180
	Set (0)  time: 0.000 s
	Set (1)  size: 180
	Set (1)  time: 0.000 s
Result:
	Bricks number:                        7596

	Memory usage:                         1.426 MB
	Memory usage (per brick):             0.192 KB
	Construction time:                    0.056 s

	Topology features:
	------------------
	- High quality bricks                 100.00 % (7596)
	- Medium quality bricks                 0.00 % (0)
	- Bad quality bricks                    0.00 % (0)
	- Ribs corrected bricks                 0.00 % (0)
	- Points with geom-info (bricks)        0.00 % (0)
	- Points with closest-info (bricks)     0.00 % (0)
	- Triangulated by center (bricks)       0.08 % (6)
	- Facet w-faces mergings (bricks)       0.00 % (0)
	- To refine (bricks)                    0.00 % (0)

-----------------------------------------------------------------------
Memory Working Set Current = 51.64 Mb, Memory Working Set Peak = 51.65 Mb
Process Threads Number: 13
-----------------------------------------------------------------------
-----------------------------------------------------------------------
-----------------------------------------------------------------------
MSH --> BCF format (Iteration 0)...
BCF collector...(remove mode=0)
	Time (alloc counter per brick): 0.000 s
	Brick    count: 7596
	Av.f all count: 4884
	Av.s all count: 5300
	Av.f pid count: 2588
	Av.s pid count: 2548
	Faces fs count: 5764
	Faces ff count: 0
	Faces ss count: 0
	Faces bb count: 0
	Faces fe count: 0
	Faces se count: 1428
	Faces fw count: 7192
	Faces af count: 13464
	Faces as count: 15100
	Time (all count): 	0.001 s
	Time (bcf alloc): 	0.001 s
	Time (shifts alloc): 	0.000 s
	Time (shifts init): 	0.000 s
	Time (bcf fill): 	0.003 s
	Time (add av to faces): 0.000 s
	Time (add faces to av): 0.001 s
Time (bcf collect): 		0.007 s
	AV checker...
	Time (check av): 	0.002 s
	Subdomain checker...
		Subdomains construction time: 0.001 s.
		Subdomains sort time: 0.000 s.
			Subdomain 0 (geom_ind=0): 4884 av
			Subdomain 1 (geom_ind=1): 5300 av
		gi: 0, subdomains: 1, real bodies: 1
		gi: 1, subdomains: 1, real bodies: 0
		Defect subdomains: 0
	Time (check subdoms): 	0.001 s
Time (bcf iteration total): 	0.011 s
	Time (fw-nb): 		0.000 s
	Fixed mutual fw-nb:     3374 (bb: 0)
	Time (fw-nb mutual): 	0.001 s
	Time (fw-nb sort): 	0.000 s
	Fw-opt BEFORE total:    7192 (fs=5764, ff=0, ss=0)
	Fw-opt AFTER  total:    4876 (fs=3448, ff=0, ss=0, failed fw/br=0/0, big_curv=0, big_poly=0)
	Fw-opt RESULT:          2316 (res/(fs+ff+ss) = 40.18 %)
	Time (fw-opt): 		0.002 s
	Time (fw-re-order): 	0.001 s
	Time (fw-nb): 		0.002 s
	Fixed mutual fw-nb:     9884 (bb: 0)
	Time (fw-nb mutual): 	0.001 s
	Time (fw-nb sort): 	0.000 s
	Time (rfd fix): 	0.000 s
	Time (av convexity): 	0.001 s
	Time (av small volume): 0.000 s
	Time (diagonal fw-nb): 	0.006 s
	Fixed mutual fw-nb:     0 (bb: 0)
	Time (fw-nb mutual): 	0.001 s
	Time (fw-nb sort): 	0.000 s
	Fluid subdomains: 1
	Faces fw-nb diff sd:    0
	Time (fw-nb diff sd): 	0.001 s
Time (bcf calc): 		0.016 s
-----------------------------------------------------------------------
Time (bcf total): 		0.027 s
-----------------------------------------------------------------------
-----------------------------------------------------------------------
Mega-cv constructor for fluid...
	 0 av's is treated as thin
Relative size generator (threshold = 0.05)...
	Iteration 1 (small cluster count = 272)
	Iteration 2 (small cluster count = 132)
	Iteration 3 (small cluster count = 24)
	Iteration 4 (small cluster count = 0)
	 268 mega-cv's generated
	 5 mega-cv's removed
Relative size generator is completed OK (0.001 s)
Apply fa-rules to mega-cv clusters fixes...
OK (0.000 s)
Convert clusters:
	 263 mega-cv's total
Mega-cv count: 263
Time (mega-cv fill): 	0.000 s
Time (mega-cv total): 	0.003 s
-----------------------------------------------------------------------
Mixing plane rotation regions: NO.
Sliding mesh rotation regions: NO.
Fluid/fluid faces: NO.
----------------------------------------------------------
BCF --> BCF.GEOMSUBDOM (bridge arrays):
MESH (0):
	Fluid Subdom Constructor: 1 subdom(s).
	Solid Subdom Constructor: 1 subdom(s).
	Net Asm Subdom Constructor: 0 subdom(s).
	GEOMSUBDOM (0): gi=0 fluid av=4884 cv=4612 fa=13464 fb=0 fw=3448 V=5.356488e-06
	Cache data...OK
	GEOMSUBDOM (1): gi=1 solid av=5300 cv=5300 fa=15100 fb=0 fw=4876 V=1.887693e-05
	Cache data...OK
	Setting nb of w-faces...OK (0.001 s).
	Correcting nb of w-faces...
	Time(correct_fw_nb)=0.001 s

MESH (0) checking:
	GEOMSUBDOM (0):fa_s=0.0122991126019723 fb_s=0.0000000000000000 fw_s=0.0026057046471279 fw_nb=27472
	              :d_const(214)=2.4259e-14 d_linear(1957)=2.64334e-13
	GEOMSUBDOM (1):fa_s=0.0247221031870916 fb_s=0.0000000000000000 fw_s=0.0083830753346031 fw_nb=33360
	              :d_const(753)=2.97935e-13 d_linear(1075)=5.09946e-12
MESH (0) checking: OK.
Time (MDS): 	0.010 s
----------------------------------------------------------

-----------------------------------------------------------------------
BCF CHECKSUM DATA (Mesh 0):

WARNING! 264 w-face(s) without RefFacesData.
BRICK |Level1| Sum:               11384
FACE_A Area Sum:   G.Fluid        0.0122991126019723
FACE_A Area Sum:   G.Solid        0.0247221031870916
FACE_W Area Sum:                  0.0083830753346031
FACE_W Nb   Sum:                  33360
FACE_W min curvatures sum:        -1075209.34077072
FACE_W max curvatures sum:        5335175.63496017
AV Max Disbalance(Const) :        2.97935e-13 (cid=1731, t={9, 13, 7}, avid=6105, pid=583)
AV Max Disbalance(Linear):        5.09946e-12 (cid=3047, t={7, 12, 9}, avid=7115, pid=1076)
-----------------------------------------------------------------------


-----------------------------------------------------------------------
MESHER TOPOLOGY DATA:

BRICKS: Total                 7596
BRICKS: 1-CV                  5048
BRICKS: 2-CV                  2508
BRICKS: 3-CV                  40
BRICKS: Bad                   0

AV:     G.Total               10184
AV:     G.Fluid               4884
AV:     G.Solid               5300

AV:     G.Fluid Thin Profile    0.00 % (0)
AV:     G.Solid Thin Profile    0.75 % (40)

AV:     G.Fluid Thin For Mega   0.00 % (0)
AV:     G.Solid Thin For Mega   0.75 % (40)

AV:     G.Fluid Non-Convex     12.16 % (594)
AV:     G.Solid Non-Convex     19.43 % (1030)

AV:     G.Fluid Non-Ess-Convex      4.75 % (232)
AV:     G.Solid Non-Ess-Convex      6.79 % (360)

FACE_A: G.Fluid          (af) 13464 (partially opened 5212)
FACE_A: G.Solid          (as) 15100 (partially opened 5132)

FACE_B: G.Total          (b)  0

FACE_W: G.Total                 4876        Brick/Bound
FACE_W: G.Fluid/Solid    (fs_g) 3448        0           
FACE_W: G.Fluid/Fluid    (ff_g) 0           0           
FACE_W: G.Solid/Solid    (ss_g) 0           0           
FACE_W: G.Fluid/External (fe_g) 0
FACE_W: G.Solid/External (se_g) 1428

AV/CV max fa count (on brick side):4
AV/CV max fw count:                4
AV/CV max fb count:                0
AV/CV max fw poly count:           12

MEMORY: Total                   3.576 MB
MEMORY: Per Brick               0.482 KB
-----------------------------------------------------------------------

-----------------------------------------------------------------------
Connectivities information:
	Number of conns: 0
-----------------------------------------------------------------------
	Time (gap size): 	0.010 s
-----------------------------------------------------------------------
Calculating curvature and tolerance criteria...
Curvature: min=0 max=2.37094
Tolerance: min=0 max=0.00106568
Calculating curvature and tolerance criteria takes 0.060 s
-----------------------------------------------------------------------
MESH Build(FS) finished. Time=0.481 s
-----------------------------------------------------------------------
Current CPU = 0 sec

Nx=6
Ny=22
Nz=6
Max BRICK Level=2
Mesh Level=2
-----------------CModelBodies2MeshMapper::CollectData started -------------------------------
-----------------CModelBodies2MeshMapper Report -------------------------------
FluidDomains 1 SolidDomains 1 VoidDomains 0 
Domains RefIndexes
Domain 0, Index count 21
Domain 1, Index count 21
----------------- -------------------------------
	ModelBodies
Total resolved Bodies 0 BodySets 0

--------------------------------------------------------------------------
	Positive geometry Bodies
Total resolved Bodies 1 BodySets 1
BodySet 0
	Bodies list:
			#0	Name: ;	ID: 432307b8-8d06-47c1-b4cf-ea79d048fd94
	Domains list:		 0 

--------------------------------------------------------------------------
	Fluid regions
Total resolved Bodies 1 BodySets 1
BodySet 0	Material: Oxygen; 
	Bodies list:
			#0	Name: ;	ID: 432307b8-8d06-47c1-b4cf-ea79d048fd94
	Domains list:		 0 

--------------------------------------------------------------------------
-----------------CModelBodies2MeshMapper::CollectData finished successfully-------------------
Saving initial mesh in: N:\Downloads\GitHub\liquid-propellant-engine\2kN Heat Sink Engine\Revised Stack OD 6in\1\Parametric Study 1\2\2.fld .
Storing results...
Estimated CPT size=1.708 MB.
	Time (write bcf): 0.248 s
OK
-----------------------------------------------------------------------
Memory Working Set Current = 56.09 Mb, Memory Working Set Peak = 56.10 Mb
Process Threads Number: 13
-----------------------------------------------------------------------
Cleaning memory...
		Time (free xsl):                    	0.000 s
Free Geometry DB takes 0.000 s
	Time (free bcf): 	0.003 s
		Time (free bcf mesh):               	0.007 s
	Time (free mesher data):              	0.010 s
Copying... OK
Mesh generation normally finished at	28.4.2021	5:7:3
Mesher CPU = 1 sec
Mesher is finished at	28.4.2021	5:7:3
-----------------------------------------------------------------------
Memory Working Set Current = 31.85 Mb, Memory Working Set Peak = 56.48 Mb
Process Threads Number: 13
-----------------------------------------------------------------------
Algebra Pool      : mem_usage = 0.19 Mb, allocated count = 0
Log ended at 28.04.2021	05:07:03
