Log started at 09.04.2021	17:04:32
Number of used processors (NPROC): 8.
Number of mesh partitions (NPART): 8.
Total Physical Memory = 15.93 Gb, Available Physical Memory = 10.54 Gb
Computer name:	MCAE02
Operating system:	Windows 10 (or higher) (Version 10.0.18363)

SOLIDWORKS 2020 SP4.0
Flow Simulation 2020  x64 / 4995 / MESHER ver. efd_dev.4663_05.07.2019 

Project: N:\Downloads\GitHub\liquid-propellant-engine\2kN Heat Sink Engine\Simulation Only\1\Parametric Study 2\20\20.xmlconfig
Configuration name: Default
Project name: Single Fluid (Water Substitute)
NGK: OFF
MBO: OFF

Mesh generation started:	9.4.2021	17:4:32
-----------------------------------------------------------------------
Mesher option run = eRunMesherNormal
-----------------------------------------------------------------------
Current CPU = 0 sec
-----------------------------------------------------------------------
Geometries initialization:
-----------------------------------------------------------------------
Loading mesh settings (global/local)...
-----------------------------------------------------------------------
Number of geometries from DB: 1
Geometry(0):
	Guid = {00000000-0000-0000-0000-000000000000}
	Fluid..
	1 Body.
	2 Real bodies.
	-- Bodyset 0 --
		Tolerance=3.3166e-05.
		107 Face(s).
			107 of b-spline type.
		0 Face(s) that have no ref faces
		15 Plane surface(s).
		35 Cylinder surface(s).
		5 Cone surface(s).
		4 Torus surface(s).
		48 B- surface(s).
		15928 Triangle(s).
		Getting triangle connectivities from DB: 0.002 s
		218 Edge(s).
			218 of b-spline type.
		BodyGeom reading: 0.022 s.
		65 Reference Face(s).
		11136 Reference Triangles.
		Getting triangle connectivities from DB (Ref): 0.001 s
		BodyGeom Ref reading: 0.002 s.
		Getting triangle connectivities from DB (Extra Triangulation): 0.002 s
Geometry(1):
	Solid.
	-- Bodyset 1 --
	Empty
-----------------------------------------------------------------------
Number of geometries in task: 2
Number of bodysets   in task: 2
-----------------------------------------------------------------------
	Making hash and connectivity for Bodyset ...
		CBodyGeom:
		Hash size: {18, 30, 32}.
		Mesh size: {18, 10, 16}.
		Hashing triangles...Ok.
			axis(0) tr sizes: average=39 max=2970
			axis(1) tr sizes: average=50 max=2601
			axis(2) tr sizes: average=61 max=4782
		Number of t-connected sets:3
			(0) size=12
			(1) size=8218 cavity
			(2) size=7698 cavity
		Done.
		CBodyGeomRef:
		Hashing triangles...Ok.
			axis(0) tr sizes: average=258 max=2138
			axis(1) tr sizes: average=199 max=2309
			axis(2) tr sizes: average=249 max=2534
		Done.
	0.0133 s.
Geometries reading and preparing has taken 0.045 s.

Mapped triangles:
Hashing geometries triangles
	Triangles num=15928
	Triangles box={0.0247932  ,0.147863  ,0.147444  ,0.213388  ,0.103356  ,0.216405  }
		3d-hash size is 119408 bytes
Hashing peculiar surfaces triangles
	Triangles num=37
	Triangles box={0.024018  ,0.0307351  ,0.185147  ,0.196579  ,0.102187  ,0.111432  }
		3d-hash size is 11756 bytes
	Triangles num=37
	Triangles box={0.0702151  ,0.0815803  ,0.185147  ,0.196579  ,0.215167  ,0.216361  }
		3d-hash size is 11976 bytes
	Triangles num=37
	Triangles box={0.14367  ,0.148319  ,0.185147  ,0.196579  ,0.114046  ,0.124486  }
		3d-hash size is 11872 bytes
	Triangles num=37
	Triangles box={0.0773704  ,0.0888028  ,0.213256  ,0.213256  ,0.141572  ,0.153  }
		3d-hash size is 11924 bytes
	Triangles num=30
	Triangles box={0.0831231  ,0.0845875  ,0.149196  ,0.150693  ,0.141933  ,0.142147  }
		3d-hash size is 11648 bytes
	Triangles num=30
	Triangles box={0.0784758  ,0.0793933  ,0.149196  ,0.150693  ,0.143416  ,0.144577  }
		3d-hash size is 11648 bytes
	Triangles num=30
	Triangles box={0.0857921  ,0.0869533  ,0.149196  ,0.150693  ,0.142666  ,0.143583  }
		3d-hash size is 11704 bytes
	Triangles num=30
	Triangles box={0.0877369  ,0.0882838  ,0.149196  ,0.150693  ,0.144635  ,0.14601  }
		3d-hash size is 11684 bytes
	Triangles num=30
	Triangles box={0.0778954  ,0.0784423  ,0.149196  ,0.150693  ,0.148549  ,0.149924  }
		3d-hash size is 11648 bytes
	Triangles num=30
	Triangles box={0.0843588  ,0.085734  ,0.149196  ,0.150693  ,0.151927  ,0.152474  }
		3d-hash size is 11648 bytes
	Triangles num=30
	Triangles box={0.0815917  ,0.0830561  ,0.149196  ,0.150693  ,0.152413  ,0.152627  }
		3d-hash size is 11648 bytes
	Triangles num=30
	Triangles box={0.0792259  ,0.0803871  ,0.149196  ,0.150693  ,0.150976  ,0.151894  }
		3d-hash size is 11692 bytes
	Triangles num=30
	Triangles box={0.0867859  ,0.0877034  ,0.149196  ,0.150693  ,0.149982  ,0.151143  }
		3d-hash size is 11648 bytes
	Triangles num=30
	Triangles box={0.0804451  ,0.0818203  ,0.149196  ,0.150693  ,0.142085  ,0.142632  }
		3d-hash size is 11648 bytes
	Triangles num=30
	Triangles box={0.0882225  ,0.0884365  ,0.149196  ,0.150693  ,0.147313  ,0.148778  }
		3d-hash size is 11648 bytes
	Triangles num=30
	Triangles box={0.0777427  ,0.0779566  ,0.149196  ,0.150693  ,0.145782  ,0.147246  }
		3d-hash size is 11648 bytes
	Triangles num=78
	Triangles box={0.0769688  ,0.0892111  ,0.173621  ,0.173621  ,0.141158  ,0.153401  }
		3d-hash size is 11940 bytes
Mapped triangles processed in 0.018 s.
-----------------------------------------------------------------------
Getting sectors:
Number of sectors: 0
-----------------------------------------------------------------------
-----------------------------------------------------------------------

Current CPU = 0 sec

-----------------------------------------------------------------------
Mesh dimensions:
				I[0 ]=18
				I[1 ]=10
				I[2 ]=16

Comp. domain size:
				a[0  ]=0.024916
				a[1  ]=0.14774
				a[2  ]=0.14751
				a[3  ]=0.213322
				a[4  ]=0.103469
				a[5  ]=0.216292

Fluid calculated			1
Solid calculated			0
-----------------------------------------------------------------------
MESH Build started...
-----------------------------------------------------------------------
Mesh LEVEL = 4
-----------------------------------------------------------------------
Setting regions...OK (0.000 s)
Base mesh info------------------
	2D flag  =0
	Period   =[0, 0, 0]
	Nx=18
		x[0]=0.024916
		x[1]=0.0317417
		x[2]=0.0385652
		x[3]=0.0453888
		x[4]=0.0522123
		x[5]=0.0590359
		x[6]=0.0658594
		x[7]=0.072683
		x[8]=0.0795065
		x[9]=0.0863301
		x[10]=0.0931536
		x[11]=0.0999772
		x[12]=0.106801
		x[13]=0.113624
		x[14]=0.120448
		x[15]=0.127271
		x[16]=0.134095
		x[17]=0.140918
		x[18]=0.14774
	Ny=10
		y[0]=0.14751
		y[1]=0.154093
		y[2]=0.160674
		y[3]=0.167255
		y[4]=0.173836
		y[5]=0.180418
		y[6]=0.186999
		y[7]=0.19358
		y[8]=0.200161
		y[9]=0.206742
		y[10]=0.213322
	Nz=16
		z[0]=0.103469
		z[1]=0.110522
		z[2]=0.117573
		z[3]=0.124625
		z[4]=0.131676
		z[5]=0.138728
		z[6]=0.145779
		z[7]=0.152831
		z[8]=0.159882
		z[9]=0.166934
		z[10]=0.173985
		z[11]=0.181037
		z[12]=0.188088
		z[13]=0.195139
		z[14]=0.202191
		z[15]=0.209242
		z[16]=0.216292
End of base mesh info---------
Input_mesh_settings--------------------------------
Settings 0----------------
	Scope: GLOBAL
	Type:	------MESHER_SETTINGS----------
	RefAllCells           =0
	RefFluidCells         =0
	RefPartCells          =0
	RefSolidCells         =0
	l_SSFR(Capture crit)  =4
	l_curv(Curvature crit)=0
	l_tol(Tolerance crit) =4
	  k_tol               =0.000377956
	UseChannelRef         =1
	  NCR_method          =0
	  l_NCR               =2
	  N_gap               =5
	  Use d_NCR_min       =0
	  Use d_NCR_max       =0
	IgnoreThinChannelsHeight         =0
	--END_OF_MESHER_SETTINGS-------
End of input mesh settings-------------------------

-----------------------------------------------------------------------
Building geometries:
-----------------------------------------------------------------------
Building body-set (0) of geometry Fluid.0.(0). ...

-----------------------------------------------------------------------
Refining by triangulation...
Refinement input: 2880 bricks
Setting regions...OK (0.000 s)
Setting regions...OK (0.000 s)
Setting regions...OK (0.000 s)
Setting regions...OK (0.000 s)
Setting regions...OK (0.000 s)
Refinement result: 23047 bricks (0.122 s)
Refinement input: 23047 bricks
Refinement result: 23047 bricks (0.004 s)
Collecting and processing rays...OK (0.104 s)
Capturing...OK (0.004 s)
Refining by triangulation takes 0.234 s
-----------------------------------------------------------------------

-----------------------------------------------------------------------
Refining peculiar surfaces...
Refinement input: 23047 bricks
Setting regions...OK (0.000 s)
Refinement result: 23075 bricks (0.003 s)
Refinement input: 23075 bricks
Setting regions...OK (0.000 s)
Refinement result: 23110 bricks (0.005 s)
Refinement input: 23110 bricks
Setting regions...OK (0.000 s)
Refinement result: 23131 bricks (0.003 s)
Refinement input: 23131 bricks
Setting regions...OK (0.000 s)
Refinement result: 23187 bricks (0.003 s)
Refinement input: 23187 bricks
Setting regions...OK (0.000 s)
Refinement result: 23229 bricks (0.004 s)
Refinement input: 23229 bricks
Setting regions...OK (0.000 s)
Refinement result: 23292 bricks (0.003 s)
Refinement input: 23292 bricks
Setting regions...OK (0.000 s)
Refinement result: 23306 bricks (0.002 s)
Refinement input: 23306 bricks
Setting regions...OK (0.000 s)
Refinement result: 23376 bricks (0.002 s)
Refinement input: 23376 bricks
Setting regions...OK (0.000 s)
Refinement result: 23467 bricks (0.002 s)
Refinement input: 23467 bricks
Setting regions...OK (0.000 s)
Refinement result: 23481 bricks (0.002 s)
Refinement input: 23481 bricks
Setting regions...OK (0.000 s)
Refinement result: 23509 bricks (0.002 s)
Refinement input: 23509 bricks
Setting regions...OK (0.000 s)
Refinement result: 24146 bricks (0.004 s)
12 surfaces refined
Refining peculiar surfaces takes 0.072 s
-----------------------------------------------------------------------
Collecting and processing rays...OK (0.010 s)
Capturing...OK (0.000 s)
Collecting and processing rays...OK (0.000 s)
Capturing...OK (0.000 s)
Collecting and processing rays...OK (0.000 s)
Capturing...OK (0.000 s)

-----------------------------------------------------------------------
Base mesh 1 Refining...
Refinement input: 24146 bricks
Refinement result: 24146 bricks (0.000 s)
Collecting and processing rays...OK (0.000 s)
Capturing...OK (0.000 s)
-----------------------------------------------------------------------
Refining channels...
FYI: CNarrowChannelRefiner::RefineChannels_PRLL
Refinement input: 24146 bricks
Setting regions...OK (0.000 s)
Refinement result: 26232 bricks (0.003 s)
Collecting and processing rays...OK (0.003 s)
Capturing...OK (0.000 s)
FYI: m_iteration_count = 0
FYI: level1 statistics:
     level1_cnt_plus[1]=2384;		level1_cnt_minus[1]=0
     level1_cnt_plus[2]=0;		level1_cnt_minus[2]=0
     level1_cnt_plus[3]=0;		level1_cnt_minus[3]=0
     level1_cnt_plus[4]=0;		level1_cnt_minus[4]=0
     level1_cnt_plus[5]=0;		level1_cnt_minus[5]=0
     level1_cnt_plus[6]=0;		level1_cnt_minus[6]=0
     level1_cnt_plus[7]=0;		level1_cnt_minus[7]=0
     level1_cnt_plus[8]=0;		level1_cnt_minus[8]=0
     level1_cnt_plus[9]=0;		level1_cnt_minus[9]=0
Refinement input: 26232 bricks
Setting regions...OK (0.000 s)
Refinement result: 26547 bricks (0.004 s)
Collecting and processing rays...OK (0.001 s)
Capturing...OK (0.000 s)
FYI: m_iteration_count = 1
FYI: level1 statistics:
     level1_cnt_plus[1]=2708;		level1_cnt_minus[1]=0
     level1_cnt_plus[2]=32;		level1_cnt_minus[2]=0
     level1_cnt_plus[3]=0;		level1_cnt_minus[3]=0
     level1_cnt_plus[4]=0;		level1_cnt_minus[4]=0
     level1_cnt_plus[5]=0;		level1_cnt_minus[5]=0
     level1_cnt_plus[6]=0;		level1_cnt_minus[6]=0
     level1_cnt_plus[7]=0;		level1_cnt_minus[7]=0
     level1_cnt_plus[8]=0;		level1_cnt_minus[8]=0
     level1_cnt_plus[9]=0;		level1_cnt_minus[9]=0
Refinement input: 26547 bricks
Setting regions...OK (0.000 s)
Refinement result: 26589 bricks (0.003 s)
Collecting and processing rays...OK (0.000 s)
Capturing...OK (0.000 s)
FYI: m_iteration_count = 2
FYI: level1 statistics:
     level1_cnt_plus[1]=2756;		level1_cnt_minus[1]=0
     level1_cnt_plus[2]=32;		level1_cnt_minus[2]=0
     level1_cnt_plus[3]=0;		level1_cnt_minus[3]=0
     level1_cnt_plus[4]=0;		level1_cnt_minus[4]=0
     level1_cnt_plus[5]=0;		level1_cnt_minus[5]=0
     level1_cnt_plus[6]=0;		level1_cnt_minus[6]=0
     level1_cnt_plus[7]=0;		level1_cnt_minus[7]=0
     level1_cnt_plus[8]=0;		level1_cnt_minus[8]=0
     level1_cnt_plus[9]=0;		level1_cnt_minus[9]=0
FYI: m_iteration_count = 3
FYI: level1 statistics:
     level1_cnt_plus[1]=2756;		level1_cnt_minus[1]=0
     level1_cnt_plus[2]=32;		level1_cnt_minus[2]=0
     level1_cnt_plus[3]=0;		level1_cnt_minus[3]=0
     level1_cnt_plus[4]=0;		level1_cnt_minus[4]=0
     level1_cnt_plus[5]=0;		level1_cnt_minus[5]=0
     level1_cnt_plus[6]=0;		level1_cnt_minus[6]=0
     level1_cnt_plus[7]=0;		level1_cnt_minus[7]=0
     level1_cnt_plus[8]=0;		level1_cnt_minus[8]=0
     level1_cnt_plus[9]=0;		level1_cnt_minus[9]=0
Refinement input: 26589 bricks
Setting regions...OK (0.000 s)
Refinement result: 28213 bricks (0.003 s)
Collecting and processing rays...OK (0.004 s)
Capturing...OK (0.000 s)
FYI: m_iteration_count = 4
FYI: level1 statistics:
     level1_cnt_plus[1]=4405;		level1_cnt_minus[1]=0
     level1_cnt_plus[2]=216;		level1_cnt_minus[2]=0
     level1_cnt_plus[3]=0;		level1_cnt_minus[3]=0
     level1_cnt_plus[4]=0;		level1_cnt_minus[4]=0
     level1_cnt_plus[5]=0;		level1_cnt_minus[5]=0
     level1_cnt_plus[6]=0;		level1_cnt_minus[6]=0
     level1_cnt_plus[7]=0;		level1_cnt_minus[7]=0
     level1_cnt_plus[8]=0;		level1_cnt_minus[8]=0
     level1_cnt_plus[9]=0;		level1_cnt_minus[9]=0
Refinement input: 28213 bricks
Setting regions...OK (0.000 s)
Refinement result: 28423 bricks (0.004 s)
Collecting and processing rays...OK (0.000 s)
Capturing...OK (0.000 s)
FYI: m_iteration_count = 5
FYI: level1 statistics:
     level1_cnt_plus[1]=4618;		level1_cnt_minus[1]=0
     level1_cnt_plus[2]=240;		level1_cnt_minus[2]=0
     level1_cnt_plus[3]=0;		level1_cnt_minus[3]=0
     level1_cnt_plus[4]=0;		level1_cnt_minus[4]=0
     level1_cnt_plus[5]=0;		level1_cnt_minus[5]=0
     level1_cnt_plus[6]=0;		level1_cnt_minus[6]=0
     level1_cnt_plus[7]=0;		level1_cnt_minus[7]=0
     level1_cnt_plus[8]=0;		level1_cnt_minus[8]=0
     level1_cnt_plus[9]=0;		level1_cnt_minus[9]=0
Refinement input: 28423 bricks
Setting regions...OK (0.000 s)
Refinement result: 28444 bricks (0.003 s)
Collecting and processing rays...OK (0.000 s)
Capturing...OK (0.000 s)
FYI: m_iteration_count = 6
FYI: level1 statistics:
     level1_cnt_plus[1]=4642;		level1_cnt_minus[1]=0
     level1_cnt_plus[2]=240;		level1_cnt_minus[2]=0
     level1_cnt_plus[3]=0;		level1_cnt_minus[3]=0
     level1_cnt_plus[4]=0;		level1_cnt_minus[4]=0
     level1_cnt_plus[5]=0;		level1_cnt_minus[5]=0
     level1_cnt_plus[6]=0;		level1_cnt_minus[6]=0
     level1_cnt_plus[7]=0;		level1_cnt_minus[7]=0
     level1_cnt_plus[8]=0;		level1_cnt_minus[8]=0
     level1_cnt_plus[9]=0;		level1_cnt_minus[9]=0
FYI: m_iteration_count = 7
FYI: level1 statistics:
     level1_cnt_plus[1]=4642;		level1_cnt_minus[1]=0
     level1_cnt_plus[2]=240;		level1_cnt_minus[2]=0
     level1_cnt_plus[3]=0;		level1_cnt_minus[3]=0
     level1_cnt_plus[4]=0;		level1_cnt_minus[4]=0
     level1_cnt_plus[5]=0;		level1_cnt_minus[5]=0
     level1_cnt_plus[6]=0;		level1_cnt_minus[6]=0
     level1_cnt_plus[7]=0;		level1_cnt_minus[7]=0
     level1_cnt_plus[8]=0;		level1_cnt_minus[8]=0
     level1_cnt_plus[9]=0;		level1_cnt_minus[9]=0
FYI: level1 statistics:
     level1_cnt_plus[1]=4642;		level1_cnt_minus[1]=0
     level1_cnt_plus[2]=240;		level1_cnt_minus[2]=0
     level1_cnt_plus[3]=0;		level1_cnt_minus[3]=0
     level1_cnt_plus[4]=0;		level1_cnt_minus[4]=0
     level1_cnt_plus[5]=0;		level1_cnt_minus[5]=0
     level1_cnt_plus[6]=0;		level1_cnt_minus[6]=0
     level1_cnt_plus[7]=0;		level1_cnt_minus[7]=0
     level1_cnt_plus[8]=0;		level1_cnt_minus[8]=0
     level1_cnt_plus[9]=0;		level1_cnt_minus[9]=0

-----------------------------------------------------------------------
U-shapes refinement...
Refinement input: 28444 bricks
Setting regions...OK (0.000 s)
Refinement result: 28584 bricks (0.009 s)
Collecting and processing rays...OK (0.003 s)
Capturing...OK (0.000 s)
-----------------------------------------------------------------------

-----------------------------------------------------------------------
Equi Distant Refiner:
Equi Distant Refiner takes 0.00 s
-----------------------------------------------------------------------
Building geometry takes 0.841 s
Geometry Fluid.0.
Total		28584
Partial	10474
Fluid		4694
Solid		13367
Bad		49

/-Ray Intersection---------------/ Time	0.482 s
Calls			11215
CorrectRay Calls	0



-----------------------------------------------------------------------
Building geometries takes 0.842 s
-----------------------------------------------------------------------

-----------------------------------------------------------------------
PostBuilding geometries:
-----------------------------------------------------------------------
PostBuilding body-set (0) geometry Fluid.0. (0)...
Collecting and processing rays...OK (0.000 s)
Capturing...OK (0.000 s)
PostBuilding geometry takes 0.001 s
Geometry Fluid.0.
Total		28584
Partial	10474
Fluid		4694
Solid		13367
Bad		49

-----------------------------------------------------------------------
PostBuilding geometries takes 0.002 s
-----------------------------------------------------------------------
Defect ray count	0
FYI: CNarrowChannelRefiner::RedistributeLevel1_step_1: is finished
FYI: level1 statistics:
     level1_cnt_plus[1]=2079;		level1_cnt_minus[1]=0
     level1_cnt_plus[2]=2801;		level1_cnt_minus[2]=0
     level1_cnt_plus[3]=0;		level1_cnt_minus[3]=0
     level1_cnt_plus[4]=0;		level1_cnt_minus[4]=0
     level1_cnt_plus[5]=0;		level1_cnt_minus[5]=0
     level1_cnt_plus[6]=0;		level1_cnt_minus[6]=0
     level1_cnt_plus[7]=0;		level1_cnt_minus[7]=0
     level1_cnt_plus[8]=0;		level1_cnt_minus[8]=0
     level1_cnt_plus[9]=0;		level1_cnt_minus[9]=0
FYI: CNarrowChannelRefiner::RedistributeLevel1_step_2: is started
FYI: CNarrowChannelRefiner::RedistributeLevel1_step_2: is finished
FYI: level1 statistics:
     level1_cnt_plus[1]=4084;		level1_cnt_minus[1]=0
     level1_cnt_plus[2]=5802;		level1_cnt_minus[2]=0
     level1_cnt_plus[3]=0;		level1_cnt_minus[3]=0
     level1_cnt_plus[4]=0;		level1_cnt_minus[4]=0
     level1_cnt_plus[5]=0;		level1_cnt_minus[5]=0
     level1_cnt_plus[6]=0;		level1_cnt_minus[6]=0
     level1_cnt_plus[7]=0;		level1_cnt_minus[7]=0
     level1_cnt_plus[8]=0;		level1_cnt_minus[8]=0
     level1_cnt_plus[9]=0;		level1_cnt_minus[9]=0
FYI: CNarrowChannelRefiner::RedistributeLevel1_step_3: is started
FYI: CNarrowChannelRefiner::RedistributeLevel1_step_3: is finished
RedistributeLevel1 takes:
FYI: level1 statistics:
     level1_cnt_plus[1]=4084;		level1_cnt_minus[1]=3973
     level1_cnt_plus[2]=5802;		level1_cnt_minus[2]=3182
     level1_cnt_plus[3]=0;		level1_cnt_minus[3]=0
     level1_cnt_plus[4]=0;		level1_cnt_minus[4]=0
     level1_cnt_plus[5]=0;		level1_cnt_minus[5]=0
     level1_cnt_plus[6]=0;		level1_cnt_minus[6]=0
     level1_cnt_plus[7]=0;		level1_cnt_minus[7]=0
     level1_cnt_plus[8]=0;		level1_cnt_minus[8]=0
     level1_cnt_plus[9]=0;		level1_cnt_minus[9]=0
-----------------------------------------------------------------------
MSH format builder (Iteration 0)
-----------------------------------------------------------------------
Memory Working Set Current = 63.66 Mb, Memory Working Set Peak = 77.27 Mb
Process Threads Number: 21
-----------------------------------------------------------------------
Loading geometries triangulation & x-stacks...OK
x-stacks size = 0.82 Mb
Total bricks count: 28584
-----------------------------------------------------------------------
MSH (Real Geometry) format constructor:
	Getting brick sets...OK (0.001 s)
	Min x-stack xeps = 7.81471e-07
	D / dh / eps [axis=0] = (0.122824, 0.000426338, 2.6049e-07)
	D / dh / eps [axis=1] = (0.0658118, 0.000411212, 2.6049e-07)
	D / dh / eps [axis=2] = (0.112823, 0.000440614, 2.6049e-07)
	Time (xeps): 0.000 s
Level 4
	Set (0)  size: 2608
	Set (0)  time: 0.037 s
	Set (1)  size: 2608
	Set (1)  time: 0.030 s
Level 3
	Set (0)  size: 3780
	Set (0)  time: 0.031 s
	Set (1)  size: 3792
	Set (1)  time: 0.029 s
Level 2
	Set (0)  size: 5414
	Set (0)  time: 0.035 s
	Set (1)  size: 5422
	Set (1)  time: 0.034 s
Level 1
	Set (0)  size: 1294
	Set (0)  time: 0.001 s
	Set (1)  size: 1295
	Set (1)  time: 0.001 s
Level 0
	Set (0)  size: 1182
	Set (0)  time: 0.000 s
	Set (1)  size: 1189
	Set (1)  time: 0.000 s
Result:
	Bricks number:                        28584

	Memory usage:                         6.426 MB
	Memory usage (per brick):             0.230 KB
	Construction time:                    0.202 s

	Topology features:
	------------------
	- High quality bricks                  99.98 % (28579)
	- Medium quality bricks                 0.02 % (5)
	- Bad quality bricks                    0.00 % (0)
	- Ribs corrected bricks                 0.00 % (0)
	- Points with geom-info (bricks)        0.05 % (13)
	- Points with closest-info (bricks)     0.01 % (4)
	- Triangulated by center (bricks)       0.92 % (263)
	- Facet w-faces mergings (bricks)       0.00 % (0)
	- To refine (bricks)                    0.00 % (0)

-----------------------------------------------------------------------
Memory Working Set Current = 95.51 Mb, Memory Working Set Peak = 95.51 Mb
Process Threads Number: 21
-----------------------------------------------------------------------
-----------------------------------------------------------------------
-----------------------------------------------------------------------
MSH --> BCF format (Iteration 0)...
BCF collector...(remove mode=0)
	Time (alloc counter per brick): 0.001 s
	Brick    count: 28584
	Av.f all count: 15374
	Av.s all count: 24081
	Av.f pid count: 10692
	Av.s pid count: 10822
	Faces fs count: 25122
	Faces ff count: 0
	Faces ss count: 0
	Faces bb count: 0
	Faces fe count: 0
	Faces se count: 2441
	Faces fw count: 27563
	Faces af count: 44595
	Faces as count: 75240
	Time (all count): 	0.004 s
	Time (bcf alloc): 	0.002 s
	Time (shifts alloc): 	0.002 s
	Time (shifts init): 	0.002 s
	Time (bcf fill): 	0.012 s
	Time (add av to faces): 0.000 s
	Time (add faces to av): 0.005 s
Time (bcf collect): 		0.028 s
	AV checker...
	Time (check av): 	0.008 s
	Subdomain checker...
		Subdomains construction time: 0.004 s.
		Subdomains sort time: 0.000 s.
			Subdomain 0 (geom_ind=0): 13059 av
			Subdomain 1 (geom_ind=0): 2315 av
			Subdomain 2 (geom_ind=1): 24081 av
		gi: 0, subdomains: 2, real bodies: 2
		gi: 1, subdomains: 1, real bodies: 0
		Defect subdomains: 0
	Time (check subdoms): 	0.005 s
Time (bcf iteration total): 	0.041 s
	Time (fw-nb): 		0.002 s
	Fixed mutual fw-nb:     14813 (bb: 0)
	Time (fw-nb mutual): 	0.002 s
	Time (fw-nb sort): 	0.000 s
	Fw-opt BEFORE total:    27563 (fs=25122, ff=0, ss=0)
	Fw-opt AFTER  total:    16645 (fs=14204, ff=0, ss=0, failed fw/br=8/0, big_curv=39, big_poly=0)
	Fw-opt RESULT:          10918 (res/(fs+ff+ss) = 43.46 %)
	Time (fw-opt): 		0.006 s
	Time (fw-re-order): 	0.002 s
	Time (fw-nb): 		0.009 s
	Fixed mutual fw-nb:     35085 (bb: 0)
	Time (fw-nb mutual): 	0.003 s
	Time (fw-nb sort): 	0.000 s
	Time (rfd fix): 	0.000 s
	Time (av convexity): 	0.004 s
	Time (av small volume): 0.000 s
	Time (diagonal fw-nb): 	0.022 s
	Fixed mutual fw-nb:     0 (bb: 0)
	Time (fw-nb mutual): 	0.002 s
	Time (fw-nb sort): 	0.000 s
	Fluid subdomains: 2
	Faces fw-nb diff sd:    0
	Time (fw-nb diff sd): 	0.002 s
Time (bcf calc): 		0.061 s
-----------------------------------------------------------------------
Time (bcf total): 		0.102 s
-----------------------------------------------------------------------
-----------------------------------------------------------------------
Mega-cv constructor for fluid...
	 176 av's is treated as thin
Relative size generator (threshold = 0.05)...
	Iteration 1 (small cluster count = 944)
	Iteration 2 (small cluster count = 435)
	Iteration 3 (small cluster count = 98)
	Iteration 4 (small cluster count = 15)
	Iteration 5 (small cluster count = 0)
	 935 mega-cv's generated
	 21 mega-cv's removed
Relative size generator is completed OK (0.003 s)
Apply fa-rules to mega-cv clusters fixes...
	Fa-rule violation fixes:       20 of       20 (total cluster# =      925)
OK (0.001 s)
Convert clusters:
	 917 mega-cv's total
Mega-cv count: 917
Time (mega-cv fill): 	0.002 s
Time (mega-cv total): 	0.013 s
-----------------------------------------------------------------------
Mixing plane rotation regions: NO.
Sliding mesh rotation regions: NO.
Fluid/fluid faces: NO.
----------------------------------------------------------
BCF --> BCF.GEOMSUBDOM (bridge arrays):
MESH (0):
	Fluid Subdom Constructor: 2 subdom(s).
	Solid Subdom Constructor: 1 subdom(s).
	Net Asm Subdom Constructor: 0 subdom(s).
	GEOMSUBDOM (0): gi=0 fluid av=13059 cv=12197 fa=38301 fb=0 fw=11511 V=2.990190e-05
	Cache data...OK
	GEOMSUBDOM (1): gi=0 fluid av=2315 cv=2158 fa=6294 fb=0 fw=2693 V=2.048553e-06
	Cache data...OK
	GEOMSUBDOM (2): gi=1 solid av=24081 cv=24081 fa=75240 fb=0 fw=16645 V=8.800295e-04
	Cache data...OK
	Setting nb of w-faces...OK (0.006 s).
	Correcting nb of w-faces...
	Time(correct_fw_nb)=0.004 s

MESH (0) checking:
	GEOMSUBDOM (0):fa_s=0.0477350175742610 fb_s=0.0000000000000000 fw_s=0.0103105906339593 fw_nb=89646
	              :d_const(10998)=1.5716e-10 d_linear(10998)=5.92145e-10
	GEOMSUBDOM (1):fa_s=0.0042456414003207 fb_s=0.0000000000000000 fw_s=0.0015267208988278 fw_nb=21752
	              :d_const(1808)=6.39307e-14 d_linear(897)=7.3734e-13
	GEOMSUBDOM (2):fa_s=0.4532528582093671 fb_s=0.0000000000000000 fw_s=0.0705688213918681 fw_nb=121700
	              :d_const(21727)=1.25156e-10 d_linear(19478)=4.25265e-10
MESH (0) checking: OK.
Time (MDS): 	0.051 s
----------------------------------------------------------

-----------------------------------------------------------------------
BCF CHECKSUM DATA (Mesh 0):

WARNING! 256 w-face(s) without RefFacesData.
BRICK |Level1| Sum:               26025
FACE_A Area Sum:   G.Fluid        0.0519806589745817
FACE_A Area Sum:   G.Solid        0.4532528582093669
FACE_W Area Sum:                  0.0705688213918681
FACE_W Nb   Sum:                  121700
FACE_W min curvatures sum:        -3153407.36646176
FACE_W max curvatures sum:        5391093.62666666
AV Max Disbalance(Const) :        1.58843e-09 (cid=290, t={8, 110, 0}, avid=102, pid=94)
AV Max Disbalance(Linear):        3.61166e-09 (cid=28108, t={110, 100, 254}, avid=15079, pid=10473)
-----------------------------------------------------------------------


-----------------------------------------------------------------------
MESHER TOPOLOGY DATA:

BRICKS: Total                 28584
BRICKS: 1-CV                  17941
BRICKS: 2-CV                  10417
BRICKS: 3-CV                  224
BRICKS: 4-CV                  2
BRICKS: Bad                   0

AV:     G.Total               39455
AV:     G.Fluid               15374
AV:     G.Solid               24081

AV:     G.Fluid Thin Profile    1.16 % (178)
AV:     G.Solid Thin Profile    0.20 % (48)

AV:     G.Fluid Thin For Mega   1.14 % (176)
AV:     G.Solid Thin For Mega   0.17 % (42)

AV:     G.Fluid Non-Convex     22.10 % (3397)
AV:     G.Solid Non-Convex     18.25 % (4394)

AV:     G.Fluid Non-Ess-Convex      7.60 % (1169)
AV:     G.Solid Non-Ess-Convex      7.72 % (1859)

FACE_A: G.Fluid          (af) 44595 (partially opened 23037)
FACE_A: G.Solid          (as) 75240 (partially opened 23311)

FACE_B: G.Total          (b)  0

FACE_W: G.Total                 16645       Brick/Bound
FACE_W: G.Fluid/Solid    (fs_g) 14204       0           
FACE_W: G.Fluid/Fluid    (ff_g) 0           0           
FACE_W: G.Solid/Solid    (ss_g) 0           0           
FACE_W: G.Fluid/External (fe_g) 0
FACE_W: G.Solid/External (se_g) 2441

AV/CV max fa count (on brick side):7
AV/CV max fw count:                7
AV/CV max fb count:                0
AV/CV max fw poly count:           24

MEMORY: Total                   13.884 MB
MEMORY: Per Brick               0.497 KB
-----------------------------------------------------------------------

-----------------------------------------------------------------------
Connectivities information:
	Number of conns: 0
-----------------------------------------------------------------------
	Time (gap size): 	0.028 s
-----------------------------------------------------------------------
Calculating curvature and tolerance criteria...
Curvature: min=0 max=3.1402
Tolerance: min=0 max=0.000474475
Calculating curvature and tolerance criteria takes 0.174 s
-----------------------------------------------------------------------
MESH Build(FS) finished. Time=1.683 s
-----------------------------------------------------------------------
Current CPU = 1 sec

Nx=18
Ny=10
Nz=16
Max BRICK Level=4
Mesh Level=4
-----------------CModelBodies2MeshMapper::CollectData started -------------------------------
-----------------CModelBodies2MeshMapper Report -------------------------------
FluidDomains 2 SolidDomains 1 VoidDomains 0 
Domains RefIndexes
Domain 0, Index count 23
Domain 1, Index count 42
Domain 2, Index count 65
----------------- -------------------------------
	ModelBodies
Total resolved Bodies 0 BodySets 0

--------------------------------------------------------------------------
	Positive geometry Bodies
Total resolved Bodies 2 BodySets 2
BodySet 0
	Bodies list:
			#0	Name: ;	ID: f41b0cb9-2508-4d62-9bc9-3dfbb2b5334f
	Domains list:		 1 
BodySet 1
	Bodies list:
			#0	Name: ;	ID: c73e4ba2-6f22-4cf9-a679-ba8a8ad853ce
	Domains list:		 0 

--------------------------------------------------------------------------
	Fluid regions
Total resolved Bodies 2 BodySets 1
BodySet 0	Material: Water; 
	Bodies list:
			#0	Name: ;	ID: f41b0cb9-2508-4d62-9bc9-3dfbb2b5334f
			#1	Name: ;	ID: c73e4ba2-6f22-4cf9-a679-ba8a8ad853ce
	Domains list:		 0 		 1 

--------------------------------------------------------------------------
-----------------CModelBodies2MeshMapper::CollectData finished successfully-------------------
Saving initial mesh in: N:\Downloads\GitHub\liquid-propellant-engine\2kN Heat Sink Engine\Simulation Only\1\Parametric Study 2\20\20.fld .
Storing results...
Estimated CPT size=6.925 MB.
	Time (write bcf): 1.382 s
OK
-----------------------------------------------------------------------
Memory Working Set Current = 121.76 Mb, Memory Working Set Peak = 121.76 Mb
Process Threads Number: 21
-----------------------------------------------------------------------
Cleaning memory...
		Time (free xsl):                    	0.003 s
Free Geometry DB takes 0.000 s
	Time (free bcf): 	0.012 s
		Time (free bcf mesh):               	0.030 s
	Time (free mesher data):              	0.036 s
Copying... OK
Mesh generation normally finished at	9.4.2021	17:4:35
Mesher CPU = 3 sec
Mesher is finished at	9.4.2021	17:4:35
-----------------------------------------------------------------------
Memory Working Set Current = 52.22 Mb, Memory Working Set Peak = 122.15 Mb
Process Threads Number: 21
-----------------------------------------------------------------------
Algebra Pool      : mem_usage = 0.69 Mb, allocated count = 0
Log ended at 09.04.2021	17:04:35
