Log started at 07.04.2021	13:49:46
Number of used processors (NPROC): 8.
Number of mesh partitions (NPART): 8.
Total Physical Memory = 15.96 Gb, Available Physical Memory = 10.14 Gb
Computer name:	MCAE01
Operating system:	Windows 10 (or higher) (Version 10.0.18363)

SOLIDWORKS 2020 SP4.0
Flow Simulation 2020  x64 / 4995 / MESHER ver. efd_dev.4663_05.07.2019 

Project: N:\Downloads\GitHub\liquid-propellant-engine\2kN Heat Sink Engine\Simulation Only\1\Parametric Study 2\1\1.xmlconfig
Configuration name: Default
Project name: Single Fluid (Water Substitute)
NGK: OFF
MBO: OFF

Mesh generation started:	7.4.2021	13:49:46
-----------------------------------------------------------------------
Mesher option run = eRunMesherNormal
-----------------------------------------------------------------------
Current CPU = 0 sec
-----------------------------------------------------------------------
Geometries initialization:
-----------------------------------------------------------------------
Loading mesh settings (global/local)...
-----------------------------------------------------------------------
Number of geometries from DB: 1
Geometry(0):
	Guid = {00000000-0000-0000-0000-000000000000}
	Fluid..
	1 Body.
	2 Real bodies.
	-- Bodyset 0 --
		Tolerance=3.3166e-05.
		103 Face(s).
			103 of b-spline type.
		0 Face(s) that have no ref faces
		13 Plane surface(s).
		33 Cylinder surface(s).
		5 Cone surface(s).
		4 Torus surface(s).
		48 B- surface(s).
		15124 Triangle(s).
		Getting triangle connectivities from DB: 0.001 s
		214 Edge(s).
			214 of b-spline type.
		BodyGeom reading: 0.024 s.
		61 Reference Face(s).
		10334 Reference Triangles.
		Getting triangle connectivities from DB (Ref): 0.001 s
		BodyGeom Ref reading: 0.002 s.
		Getting triangle connectivities from DB (Extra Triangulation): 0.002 s
Geometry(1):
	Solid.
	-- Bodyset 1 --
	Empty
-----------------------------------------------------------------------
Number of geometries in task: 2
Number of bodysets   in task: 2
-----------------------------------------------------------------------
	Making hash and connectivity for Bodyset ...
		CBodyGeom:
		Hash size: {18, 30, 32}.
		Mesh size: {18, 10, 16}.
		Hashing triangles...Ok.
			axis(0) tr sizes: average=38 max=3026
			axis(1) tr sizes: average=48 max=2578
			axis(2) tr sizes: average=60 max=4795
		Number of t-connected sets:3
			(0) size=12
			(1) size=8214 cavity
			(2) size=6898 cavity
		Done.
		CBodyGeomRef:
		Hashing triangles...Ok.
			axis(0) tr sizes: average=285 max=2164
			axis(1) tr sizes: average=194 max=2284
			axis(2) tr sizes: average=269 max=2538
		Done.
	0.0163 s.
Geometries reading and preparing has taken 0.050 s.

Mapped triangles:
Hashing geometries triangles
	Triangles num=15124
	Triangles box={0.0246928  ,0.147932  ,0.152453  ,0.213378  ,0.103218  ,0.216423  }
		3d-hash size is 114524 bytes
Hashing peculiar surfaces triangles
	Triangles num=37
	Triangles box={0.0702151  ,0.0815803  ,0.185147  ,0.196579  ,0.215167  ,0.216361  }
		3d-hash size is 11976 bytes
	Triangles num=37
	Triangles box={0.024018  ,0.0307351  ,0.185147  ,0.196579  ,0.102187  ,0.111432  }
		3d-hash size is 11764 bytes
	Triangles num=37
	Triangles box={0.14367  ,0.148319  ,0.185147  ,0.196579  ,0.114046  ,0.124486  }
		3d-hash size is 11884 bytes
	Triangles num=37
	Triangles box={0.0773704  ,0.0888028  ,0.213256  ,0.213256  ,0.141572  ,0.153  }
		3d-hash size is 11924 bytes
	Triangles num=30
	Triangles box={0.0831231  ,0.0845875  ,0.154194  ,0.155691  ,0.141933  ,0.142147  }
		3d-hash size is 11648 bytes
	Triangles num=30
	Triangles box={0.0784758  ,0.0793933  ,0.154194  ,0.155691  ,0.143416  ,0.144577  }
		3d-hash size is 11648 bytes
	Triangles num=30
	Triangles box={0.0778954  ,0.0784423  ,0.154194  ,0.155691  ,0.148549  ,0.149924  }
		3d-hash size is 11648 bytes
	Triangles num=30
	Triangles box={0.0877369  ,0.0882838  ,0.154194  ,0.155691  ,0.144635  ,0.14601  }
		3d-hash size is 11684 bytes
	Triangles num=30
	Triangles box={0.0857921  ,0.0869533  ,0.154194  ,0.155691  ,0.142666  ,0.143583  }
		3d-hash size is 11704 bytes
	Triangles num=30
	Triangles box={0.0815917  ,0.0830561  ,0.154194  ,0.155691  ,0.152413  ,0.152627  }
		3d-hash size is 11648 bytes
	Triangles num=30
	Triangles box={0.0843588  ,0.085734  ,0.154194  ,0.155691  ,0.151927  ,0.152474  }
		3d-hash size is 11648 bytes
	Triangles num=30
	Triangles box={0.0792259  ,0.0803871  ,0.154194  ,0.155691  ,0.150976  ,0.151894  }
		3d-hash size is 11692 bytes
	Triangles num=30
	Triangles box={0.0867859  ,0.0877034  ,0.154194  ,0.155691  ,0.149982  ,0.151143  }
		3d-hash size is 11648 bytes
	Triangles num=30
	Triangles box={0.0804451  ,0.0818203  ,0.154194  ,0.155691  ,0.142085  ,0.142632  }
		3d-hash size is 11648 bytes
	Triangles num=30
	Triangles box={0.0882225  ,0.0884365  ,0.154194  ,0.155691  ,0.147313  ,0.148778  }
		3d-hash size is 11648 bytes
	Triangles num=30
	Triangles box={0.0777427  ,0.0779566  ,0.154194  ,0.155691  ,0.145782  ,0.147246  }
		3d-hash size is 11648 bytes
	Triangles num=78
	Triangles box={0.0769688  ,0.0892111  ,0.173621  ,0.173621  ,0.141158  ,0.153401  }
		3d-hash size is 11948 bytes
Mapped triangles processed in 0.022 s.
-----------------------------------------------------------------------
Getting sectors:
Number of sectors: 0
-----------------------------------------------------------------------
-----------------------------------------------------------------------

Current CPU = 1 sec

-----------------------------------------------------------------------
Mesh dimensions:
				I[0 ]=18
				I[1 ]=10
				I[2 ]=16

Comp. domain size:
				a[0  ]=0.0248157
				a[1  ]=0.147809
				a[2  ]=0.152513
				a[3  ]=0.213317
				a[4  ]=0.103331
				a[5  ]=0.21631

Fluid calculated			1
Solid calculated			0
-----------------------------------------------------------------------
MESH Build started...
-----------------------------------------------------------------------
Mesh LEVEL = 4
-----------------------------------------------------------------------
Setting regions...OK (0.000 s)
Base mesh info------------------
	2D flag  =0
	Period   =[0, 0, 0]
	Nx=18
		x[0]=0.0248157
		x[1]=0.0316509
		x[2]=0.0384838
		x[3]=0.0453168
		x[4]=0.0521498
		x[5]=0.0589828
		x[6]=0.0658157
		x[7]=0.0726487
		x[8]=0.0794817
		x[9]=0.0863147
		x[10]=0.0931476
		x[11]=0.0999806
		x[12]=0.106814
		x[13]=0.113647
		x[14]=0.12048
		x[15]=0.127312
		x[16]=0.134145
		x[17]=0.140978
		x[18]=0.147809
	Ny=10
		y[0]=0.152513
		y[1]=0.158595
		y[2]=0.164676
		y[3]=0.170756
		y[4]=0.176836
		y[5]=0.182917
		y[6]=0.188997
		y[7]=0.195077
		y[8]=0.201158
		y[9]=0.207238
		y[10]=0.213317
	Nz=16
		z[0]=0.103331
		z[1]=0.110394
		z[2]=0.117455
		z[3]=0.124516
		z[4]=0.131577
		z[5]=0.138639
		z[6]=0.1457
		z[7]=0.152761
		z[8]=0.159822
		z[9]=0.166883
		z[10]=0.173945
		z[11]=0.181006
		z[12]=0.188067
		z[13]=0.195128
		z[14]=0.202189
		z[15]=0.209251
		z[16]=0.21631
End of base mesh info---------
Input_mesh_settings--------------------------------
Settings 0----------------
	Scope: GLOBAL
	Type:	------MESHER_SETTINGS----------
	RefAllCells           =0
	RefFluidCells         =0
	RefPartCells          =0
	RefSolidCells         =0
	l_SSFR(Capture crit)  =4
	l_curv(Curvature crit)=0
	l_tol(Tolerance crit) =4
	  k_tol               =0.000377956
	UseChannelRef         =1
	  NCR_method          =0
	  l_NCR               =2
	  N_gap               =5
	  Use d_NCR_min       =0
	  Use d_NCR_max       =0
	IgnoreThinChannelsHeight         =0
	--END_OF_MESHER_SETTINGS-------
End of input mesh settings-------------------------

-----------------------------------------------------------------------
Building geometries:
-----------------------------------------------------------------------
Building body-set (0) of geometry Fluid.0.(0). ...

-----------------------------------------------------------------------
Refining by triangulation...
Refinement input: 2880 bricks
Setting regions...OK (0.000 s)
Setting regions...OK (0.000 s)
Setting regions...OK (0.000 s)
Setting regions...OK (0.000 s)
Setting regions...OK (0.000 s)
Refinement result: 19260 bricks (0.138 s)
Refinement input: 19260 bricks
Refinement result: 19260 bricks (0.004 s)
Collecting and processing rays...OK (0.104 s)
Capturing...OK (0.004 s)
Refining by triangulation takes 0.25 s
-----------------------------------------------------------------------

-----------------------------------------------------------------------
Refining peculiar surfaces...
Refinement input: 19260 bricks
Setting regions...OK (0.000 s)
Refinement result: 19316 bricks (0.002 s)
Refinement input: 19316 bricks
Setting regions...OK (0.000 s)
Refinement result: 19379 bricks (0.003 s)
Refinement input: 19379 bricks
Setting regions...OK (0.000 s)
Refinement result: 19386 bricks (0.002 s)
Refinement input: 19386 bricks
Setting regions...OK (0.001 s)
Refinement result: 19463 bricks (0.005 s)
Refinement input: 19463 bricks
Setting regions...OK (0.000 s)
Refinement result: 19526 bricks (0.003 s)
Refinement input: 19526 bricks
Setting regions...OK (0.000 s)
Refinement result: 19596 bricks (0.003 s)
Refinement input: 19596 bricks
Setting regions...OK (0.000 s)
Refinement result: 19652 bricks (0.003 s)
Refinement input: 19652 bricks
Setting regions...OK (0.000 s)
Refinement result: 20345 bricks (0.004 s)
7 surfaces refined
Refining peculiar surfaces takes 0.053 s
-----------------------------------------------------------------------
Collecting and processing rays...OK (0.010 s)
Capturing...OK (0.000 s)
Collecting and processing rays...OK (0.000 s)
Capturing...OK (0.000 s)
Collecting and processing rays...OK (0.000 s)
Capturing...OK (0.000 s)

-----------------------------------------------------------------------
Base mesh 1 Refining...
Refinement input: 20345 bricks
Refinement result: 20345 bricks (0.000 s)
Collecting and processing rays...OK (0.000 s)
Capturing...OK (0.000 s)
-----------------------------------------------------------------------
Refining channels...
FYI: CNarrowChannelRefiner::RefineChannels_PRLL
Refinement input: 20345 bricks
Setting regions...OK (0.000 s)
Refinement result: 22452 bricks (0.004 s)
Collecting and processing rays...OK (0.005 s)
Capturing...OK (0.001 s)
FYI: m_iteration_count = 0
FYI: level1 statistics:
     level1_cnt_plus[1]=2408;		level1_cnt_minus[1]=0
     level1_cnt_plus[2]=0;		level1_cnt_minus[2]=0
     level1_cnt_plus[3]=0;		level1_cnt_minus[3]=0
     level1_cnt_plus[4]=0;		level1_cnt_minus[4]=0
     level1_cnt_plus[5]=0;		level1_cnt_minus[5]=0
     level1_cnt_plus[6]=0;		level1_cnt_minus[6]=0
     level1_cnt_plus[7]=0;		level1_cnt_minus[7]=0
     level1_cnt_plus[8]=0;		level1_cnt_minus[8]=0
     level1_cnt_plus[9]=0;		level1_cnt_minus[9]=0
Refinement input: 22452 bricks
Setting regions...OK (0.000 s)
Refinement result: 23026 bricks (0.003 s)
Collecting and processing rays...OK (0.001 s)
Capturing...OK (0.000 s)
FYI: m_iteration_count = 1
FYI: level1 statistics:
     level1_cnt_plus[1]=3064;		level1_cnt_minus[1]=0
     level1_cnt_plus[2]=0;		level1_cnt_minus[2]=0
     level1_cnt_plus[3]=0;		level1_cnt_minus[3]=0
     level1_cnt_plus[4]=0;		level1_cnt_minus[4]=0
     level1_cnt_plus[5]=0;		level1_cnt_minus[5]=0
     level1_cnt_plus[6]=0;		level1_cnt_minus[6]=0
     level1_cnt_plus[7]=0;		level1_cnt_minus[7]=0
     level1_cnt_plus[8]=0;		level1_cnt_minus[8]=0
     level1_cnt_plus[9]=0;		level1_cnt_minus[9]=0
Refinement input: 23026 bricks
Setting regions...OK (0.000 s)
Refinement result: 23117 bricks (0.002 s)
Collecting and processing rays...OK (0.001 s)
Capturing...OK (0.000 s)
FYI: m_iteration_count = 2
FYI: level1 statistics:
     level1_cnt_plus[1]=3168;		level1_cnt_minus[1]=0
     level1_cnt_plus[2]=0;		level1_cnt_minus[2]=0
     level1_cnt_plus[3]=0;		level1_cnt_minus[3]=0
     level1_cnt_plus[4]=0;		level1_cnt_minus[4]=0
     level1_cnt_plus[5]=0;		level1_cnt_minus[5]=0
     level1_cnt_plus[6]=0;		level1_cnt_minus[6]=0
     level1_cnt_plus[7]=0;		level1_cnt_minus[7]=0
     level1_cnt_plus[8]=0;		level1_cnt_minus[8]=0
     level1_cnt_plus[9]=0;		level1_cnt_minus[9]=0
Refinement input: 23117 bricks
Setting regions...OK (0.000 s)
Refinement result: 23152 bricks (0.002 s)
Collecting and processing rays...OK (0.000 s)
Capturing...OK (0.000 s)
FYI: m_iteration_count = 3
FYI: level1 statistics:
     level1_cnt_plus[1]=3208;		level1_cnt_minus[1]=0
     level1_cnt_plus[2]=0;		level1_cnt_minus[2]=0
     level1_cnt_plus[3]=0;		level1_cnt_minus[3]=0
     level1_cnt_plus[4]=0;		level1_cnt_minus[4]=0
     level1_cnt_plus[5]=0;		level1_cnt_minus[5]=0
     level1_cnt_plus[6]=0;		level1_cnt_minus[6]=0
     level1_cnt_plus[7]=0;		level1_cnt_minus[7]=0
     level1_cnt_plus[8]=0;		level1_cnt_minus[8]=0
     level1_cnt_plus[9]=0;		level1_cnt_minus[9]=0
Refinement input: 23152 bricks
Setting regions...OK (0.000 s)
Refinement result: 23166 bricks (0.002 s)
Collecting and processing rays...OK (0.000 s)
Capturing...OK (0.000 s)
FYI: m_iteration_count = 4
FYI: level1 statistics:
     level1_cnt_plus[1]=3224;		level1_cnt_minus[1]=0
     level1_cnt_plus[2]=0;		level1_cnt_minus[2]=0
     level1_cnt_plus[3]=0;		level1_cnt_minus[3]=0
     level1_cnt_plus[4]=0;		level1_cnt_minus[4]=0
     level1_cnt_plus[5]=0;		level1_cnt_minus[5]=0
     level1_cnt_plus[6]=0;		level1_cnt_minus[6]=0
     level1_cnt_plus[7]=0;		level1_cnt_minus[7]=0
     level1_cnt_plus[8]=0;		level1_cnt_minus[8]=0
     level1_cnt_plus[9]=0;		level1_cnt_minus[9]=0
FYI: m_iteration_count = 5
FYI: level1 statistics:
     level1_cnt_plus[1]=3224;		level1_cnt_minus[1]=0
     level1_cnt_plus[2]=0;		level1_cnt_minus[2]=0
     level1_cnt_plus[3]=0;		level1_cnt_minus[3]=0
     level1_cnt_plus[4]=0;		level1_cnt_minus[4]=0
     level1_cnt_plus[5]=0;		level1_cnt_minus[5]=0
     level1_cnt_plus[6]=0;		level1_cnt_minus[6]=0
     level1_cnt_plus[7]=0;		level1_cnt_minus[7]=0
     level1_cnt_plus[8]=0;		level1_cnt_minus[8]=0
     level1_cnt_plus[9]=0;		level1_cnt_minus[9]=0
Refinement input: 23166 bricks
Setting regions...OK (0.000 s)
Refinement result: 26022 bricks (0.004 s)
Collecting and processing rays...OK (0.005 s)
Capturing...OK (0.001 s)
FYI: m_iteration_count = 6
FYI: level1 statistics:
     level1_cnt_plus[1]=6308;		level1_cnt_minus[1]=0
     level1_cnt_plus[2]=160;		level1_cnt_minus[2]=0
     level1_cnt_plus[3]=0;		level1_cnt_minus[3]=0
     level1_cnt_plus[4]=0;		level1_cnt_minus[4]=0
     level1_cnt_plus[5]=0;		level1_cnt_minus[5]=0
     level1_cnt_plus[6]=0;		level1_cnt_minus[6]=0
     level1_cnt_plus[7]=0;		level1_cnt_minus[7]=0
     level1_cnt_plus[8]=0;		level1_cnt_minus[8]=0
     level1_cnt_plus[9]=0;		level1_cnt_minus[9]=0
Refinement input: 26022 bricks
Setting regions...OK (0.000 s)
Refinement result: 26050 bricks (0.002 s)
Collecting and processing rays...OK (0.000 s)
Capturing...OK (0.000 s)
FYI: m_iteration_count = 7
FYI: level1 statistics:
     level1_cnt_plus[1]=6340;		level1_cnt_minus[1]=0
     level1_cnt_plus[2]=160;		level1_cnt_minus[2]=0
     level1_cnt_plus[3]=0;		level1_cnt_minus[3]=0
     level1_cnt_plus[4]=0;		level1_cnt_minus[4]=0
     level1_cnt_plus[5]=0;		level1_cnt_minus[5]=0
     level1_cnt_plus[6]=0;		level1_cnt_minus[6]=0
     level1_cnt_plus[7]=0;		level1_cnt_minus[7]=0
     level1_cnt_plus[8]=0;		level1_cnt_minus[8]=0
     level1_cnt_plus[9]=0;		level1_cnt_minus[9]=0
FYI: m_iteration_count = 8
FYI: level1 statistics:
     level1_cnt_plus[1]=6340;		level1_cnt_minus[1]=0
     level1_cnt_plus[2]=160;		level1_cnt_minus[2]=0
     level1_cnt_plus[3]=0;		level1_cnt_minus[3]=0
     level1_cnt_plus[4]=0;		level1_cnt_minus[4]=0
     level1_cnt_plus[5]=0;		level1_cnt_minus[5]=0
     level1_cnt_plus[6]=0;		level1_cnt_minus[6]=0
     level1_cnt_plus[7]=0;		level1_cnt_minus[7]=0
     level1_cnt_plus[8]=0;		level1_cnt_minus[8]=0
     level1_cnt_plus[9]=0;		level1_cnt_minus[9]=0
FYI: level1 statistics:
     level1_cnt_plus[1]=6340;		level1_cnt_minus[1]=0
     level1_cnt_plus[2]=160;		level1_cnt_minus[2]=0
     level1_cnt_plus[3]=0;		level1_cnt_minus[3]=0
     level1_cnt_plus[4]=0;		level1_cnt_minus[4]=0
     level1_cnt_plus[5]=0;		level1_cnt_minus[5]=0
     level1_cnt_plus[6]=0;		level1_cnt_minus[6]=0
     level1_cnt_plus[7]=0;		level1_cnt_minus[7]=0
     level1_cnt_plus[8]=0;		level1_cnt_minus[8]=0
     level1_cnt_plus[9]=0;		level1_cnt_minus[9]=0

-----------------------------------------------------------------------
U-shapes refinement...
Refinement input: 26050 bricks
Setting regions...OK (0.000 s)
Setting regions...OK (0.000 s)
Setting regions...OK (0.000 s)
Refinement result: 26645 bricks (0.016 s)
Collecting and processing rays...OK (0.008 s)
Capturing...OK (0.000 s)
-----------------------------------------------------------------------

-----------------------------------------------------------------------
Equi Distant Refiner:
Equi Distant Refiner takes 0.00 s
-----------------------------------------------------------------------
Building geometry takes 0.868 s
Geometry Fluid.0.
Total		26645
Partial	8493
Fluid		4472
Solid		13601
Bad		79

/-Ray Intersection---------------/ Time	0.509 s
Calls			9937
CorrectRay Calls	0



-----------------------------------------------------------------------
Building geometries takes 0.869 s
-----------------------------------------------------------------------

-----------------------------------------------------------------------
PostBuilding geometries:
-----------------------------------------------------------------------
PostBuilding body-set (0) geometry Fluid.0. (0)...
Collecting and processing rays...OK (0.000 s)
Capturing...OK (0.000 s)
PostBuilding geometry takes 0.001 s
Geometry Fluid.0.
Total		26645
Partial	8493
Fluid		4472
Solid		13601
Bad		79

-----------------------------------------------------------------------
PostBuilding geometries takes 0.002 s
-----------------------------------------------------------------------
Defect ray count	0
FYI: CNarrowChannelRefiner::RedistributeLevel1_step_1: is finished
FYI: level1 statistics:
     level1_cnt_plus[1]=1532;		level1_cnt_minus[1]=0
     level1_cnt_plus[2]=4962;		level1_cnt_minus[2]=0
     level1_cnt_plus[3]=0;		level1_cnt_minus[3]=0
     level1_cnt_plus[4]=0;		level1_cnt_minus[4]=0
     level1_cnt_plus[5]=0;		level1_cnt_minus[5]=0
     level1_cnt_plus[6]=0;		level1_cnt_minus[6]=0
     level1_cnt_plus[7]=0;		level1_cnt_minus[7]=0
     level1_cnt_plus[8]=0;		level1_cnt_minus[8]=0
     level1_cnt_plus[9]=0;		level1_cnt_minus[9]=0
FYI: CNarrowChannelRefiner::RedistributeLevel1_step_2: is started
FYI: CNarrowChannelRefiner::RedistributeLevel1_step_2: is finished
FYI: level1 statistics:
     level1_cnt_plus[1]=2984;		level1_cnt_minus[1]=0
     level1_cnt_plus[2]=8532;		level1_cnt_minus[2]=0
     level1_cnt_plus[3]=0;		level1_cnt_minus[3]=0
     level1_cnt_plus[4]=0;		level1_cnt_minus[4]=0
     level1_cnt_plus[5]=0;		level1_cnt_minus[5]=0
     level1_cnt_plus[6]=0;		level1_cnt_minus[6]=0
     level1_cnt_plus[7]=0;		level1_cnt_minus[7]=0
     level1_cnt_plus[8]=0;		level1_cnt_minus[8]=0
     level1_cnt_plus[9]=0;		level1_cnt_minus[9]=0
FYI: CNarrowChannelRefiner::RedistributeLevel1_step_3: is started
FYI: CNarrowChannelRefiner::RedistributeLevel1_step_3: is finished
RedistributeLevel1 takes:
FYI: level1 statistics:
     level1_cnt_plus[1]=2984;		level1_cnt_minus[1]=1718
     level1_cnt_plus[2]=8532;		level1_cnt_minus[2]=1741
     level1_cnt_plus[3]=0;		level1_cnt_minus[3]=0
     level1_cnt_plus[4]=0;		level1_cnt_minus[4]=0
     level1_cnt_plus[5]=0;		level1_cnt_minus[5]=0
     level1_cnt_plus[6]=0;		level1_cnt_minus[6]=0
     level1_cnt_plus[7]=0;		level1_cnt_minus[7]=0
     level1_cnt_plus[8]=0;		level1_cnt_minus[8]=0
     level1_cnt_plus[9]=0;		level1_cnt_minus[9]=0
-----------------------------------------------------------------------
MSH format builder (Iteration 0)
-----------------------------------------------------------------------
Memory Working Set Current = 57.20 Mb, Memory Working Set Peak = 71.77 Mb
Process Threads Number: 21
-----------------------------------------------------------------------
Loading geometries triangulation & x-stacks...OK
x-stacks size = 0.71 Mb
Total bricks count: 26645
-----------------------------------------------------------------------
MSH (Real Geometry) format constructor:
	Getting brick sets...OK (0.001 s)
	Min x-stack xeps = 8.48403e-06
	D / dh / eps [axis=0] = (0.122994, 0.000426927, 4.26927e-07)
	D / dh / eps [axis=1] = (0.0608034, 0.000379918, 3.79918e-07)
	D / dh / eps [axis=2] = (0.112979, 0.000441223, 4.41223e-07)
	Time (xeps): 0.000 s
Level 4
	Set (0)  size: 2100
	Set (0)  time: 0.032 s
	Set (1)  size: 2100
	Set (1)  time: 0.026 s
Level 3
	Set (0)  size: 2933
	Set (0)  time: 0.033 s
	Set (1)  size: 2926
	Set (1)  time: 0.027 s
Level 2
	Set (0)  size: 5963
	Set (0)  time: 0.043 s
	Set (1)  size: 5951
	Set (1)  time: 0.049 s
Level 1
	Set (0)  size: 1133
	Set (0)  time: 0.001 s
	Set (1)  size: 1142
	Set (1)  time: 0.001 s
Level 0
	Set (0)  size: 1197
	Set (0)  time: 0.001 s
	Set (1)  size: 1200
	Set (1)  time: 0.001 s
Result:
	Bricks number:                        26645

	Memory usage:                         5.234 MB
	Memory usage (per brick):             0.201 KB
	Construction time:                    0.215 s

	Topology features:
	------------------
	- High quality bricks                  99.97 % (26637)
	- Medium quality bricks                 0.03 % (8)
	- Bad quality bricks                    0.00 % (0)
	- Ribs corrected bricks                 0.00 % (0)
	- Points with geom-info (bricks)        0.06 % (17)
	- Points with closest-info (bricks)     0.02 % (6)
	- Triangulated by center (bricks)       0.72 % (191)
	- Facet w-faces mergings (bricks)       0.00 % (0)
	- To refine (bricks)                    0.00 % (0)

-----------------------------------------------------------------------
Memory Working Set Current = 89.66 Mb, Memory Working Set Peak = 89.67 Mb
Process Threads Number: 21
-----------------------------------------------------------------------
-----------------------------------------------------------------------
-----------------------------------------------------------------------
MSH --> BCF format (Iteration 0)...
BCF collector...(remove mode=0)
	Time (alloc counter per brick): 0.001 s
	Brick    count: 26645
	Av.f all count: 13209
	Av.s all count: 22409
	Av.f pid count: 8763
	Av.s pid count: 8907
	Faces fs count: 20780
	Faces ff count: 0
	Faces ss count: 0
	Faces bb count: 0
	Faces fe count: 0
	Faces se count: 2384
	Faces fw count: 23164
	Faces af count: 36742
	Faces as count: 70759
	Time (all count): 	0.006 s
	Time (bcf alloc): 	0.001 s
	Time (shifts alloc): 	0.001 s
	Time (shifts init): 	0.001 s
	Time (bcf fill): 	0.013 s
	Time (add av to faces): 0.000 s
	Time (add faces to av): 0.005 s
Time (bcf collect): 		0.030 s
	AV checker...
	Time (check av): 	0.011 s
	Subdomain checker...
		Subdomains construction time: 0.006 s.
		Subdomains sort time: 0.000 s.
			Subdomain 0 (geom_ind=0): 10844 av
			Subdomain 1 (geom_ind=0): 2365 av
			Subdomain 2 (geom_ind=1): 22409 av
		gi: 0, subdomains: 2, real bodies: 2
		gi: 1, subdomains: 1, real bodies: 0
		Defect subdomains: 0
	Time (check subdoms): 	0.007 s
Time (bcf iteration total): 	0.048 s
	Time (fw-nb): 		0.002 s
	Fixed mutual fw-nb:     12285 (bb: 0)
	Time (fw-nb mutual): 	0.002 s
	Time (fw-nb sort): 	0.000 s
	Fw-opt BEFORE total:    23164 (fs=20780, ff=0, ss=0)
	Fw-opt AFTER  total:    13818 (fs=11434, ff=0, ss=0, failed fw/br=9/0, big_curv=39, big_poly=0)
	Fw-opt RESULT:          9346 (res/(fs+ff+ss) = 44.98 %)
	Time (fw-opt): 		0.008 s
	Time (fw-re-order): 	0.002 s
	Time (fw-nb): 		0.010 s
	Fixed mutual fw-nb:     28889 (bb: 0)
	Time (fw-nb mutual): 	0.003 s
	Time (fw-nb sort): 	0.000 s
	Time (rfd fix): 	0.000 s
	Time (av convexity): 	0.005 s
	Time (av small volume): 0.001 s
	Time (diagonal fw-nb): 	0.022 s
	Fixed mutual fw-nb:     0 (bb: 0)
	Time (fw-nb mutual): 	0.002 s
	Time (fw-nb sort): 	0.001 s
	Fluid subdomains: 2
	Faces fw-nb diff sd:    0
	Time (fw-nb diff sd): 	0.003 s
Time (bcf calc): 		0.066 s
-----------------------------------------------------------------------
Time (bcf total): 		0.114 s
-----------------------------------------------------------------------
-----------------------------------------------------------------------
Mega-cv constructor for fluid...
	 206 av's is treated as thin
Relative size generator (threshold = 0.05)...
	Iteration 1 (small cluster count = 811)
	Iteration 2 (small cluster count = 316)
	Iteration 3 (small cluster count = 52)
	Iteration 4 (small cluster count = 10)
	Iteration 5 (small cluster count = 3)
	Iteration 6 (small cluster count = 0)
	 783 mega-cv's generated
	 30 mega-cv's removed
Relative size generator is completed OK (0.003 s)
Apply fa-rules to mega-cv clusters fixes...
	Fa-rule violation fixes:       13 of       13 (total cluster# =      763)
OK (0.000 s)
Convert clusters:
	 755 mega-cv's total
Mega-cv count: 755
Time (mega-cv fill): 	0.002 s
Time (mega-cv total): 	0.014 s
-----------------------------------------------------------------------
Mixing plane rotation regions: NO.
Sliding mesh rotation regions: NO.
Fluid/fluid faces: NO.
----------------------------------------------------------
BCF --> BCF.GEOMSUBDOM (bridge arrays):
MESH (0):
	Fluid Subdom Constructor: 2 subdom(s).
	Solid Subdom Constructor: 1 subdom(s).
	Net Asm Subdom Constructor: 0 subdom(s).
	GEOMSUBDOM (0): gi=0 fluid av=10844 cv=10205 fa=30200 fb=0 fw=8615 V=2.414487e-05
	Cache data...OK
	GEOMSUBDOM (1): gi=0 fluid av=2365 cv=2160 fa=6542 fb=0 fw=2819 V=1.934169e-06
	Cache data...OK
	GEOMSUBDOM (2): gi=1 solid av=22409 cv=22409 fa=70759 fb=0 fw=13818 V=8.188266e-04
	Cache data...OK
	Setting nb of w-faces...OK (0.007 s).
	Correcting nb of w-faces...
	Time(correct_fw_nb)=0.006 s

MESH (0) checking:
	GEOMSUBDOM (0):fa_s=0.0453535497577700 fb_s=0.0000000000000000 fw_s=0.0090962476084925 fw_nb=67408
	              :d_const(73)=1.16258e-10 d_linear(368)=6.60856e-10
	GEOMSUBDOM (1):fa_s=0.0041752904065143 fb_s=0.0000000000000000 fw_s=0.0014399717814397 fw_nb=22792
	              :d_const(301)=9.70662e-14 d_linear(947)=7.3127e-13
	GEOMSUBDOM (2):fa_s=0.4290346249216698 fb_s=0.0000000000000000 fw_s=0.0670234870676341 fw_nb=100260
	              :d_const(264)=5.79942e-11 d_linear(21889)=1.15009e-09
MESH (0) checking: OK.
Time (MDS): 	0.072 s
----------------------------------------------------------

-----------------------------------------------------------------------
BCF CHECKSUM DATA (Mesh 0):

WARNING! 266 w-face(s) without RefFacesData.
BRICK |Level1| Sum:               25248
FACE_A Area Sum:   G.Fluid        0.0495288401642842
FACE_A Area Sum:   G.Solid        0.4290346249216695
FACE_W Area Sum:                  0.0670234870676341
FACE_W Nb   Sum:                  100260
FACE_W min curvatures sum:        -3624872.99578858
FACE_W max curvatures sum:        5550730.41786075
AV Max Disbalance(Const) :        2.69714e-09 (cid=1563, t={280, 96, 24}, avid=743, pid=586)
AV Max Disbalance(Linear):        5.50138e-09 (cid=1586, t={280, 104, 24}, avid=755, pid=598)
-----------------------------------------------------------------------


-----------------------------------------------------------------------
MESHER TOPOLOGY DATA:

BRICKS: Total                 26645
BRICKS: 1-CV                  17948
BRICKS: 2-CV                  8421
BRICKS: 3-CV                  276
BRICKS: Bad                   0

AV:     G.Total               35618
AV:     G.Fluid               13209
AV:     G.Solid               22409

AV:     G.Fluid Thin Profile    1.59 % (210)
AV:     G.Solid Thin Profile    0.29 % (66)

AV:     G.Fluid Thin For Mega   1.56 % (206)
AV:     G.Solid Thin For Mega   0.27 % (61)

AV:     G.Fluid Non-Convex     18.60 % (2457)
AV:     G.Solid Non-Convex     17.81 % (3992)

AV:     G.Fluid Non-Ess-Convex      5.26 % (695)
AV:     G.Solid Non-Ess-Convex      6.73 % (1509)

FACE_A: G.Fluid          (af) 36742 (partially opened 18662)
FACE_A: G.Solid          (as) 70759 (partially opened 18926)

FACE_B: G.Total          (b)  0

FACE_W: G.Total                 13818       Brick/Bound
FACE_W: G.Fluid/Solid    (fs_g) 11434       0           
FACE_W: G.Fluid/Fluid    (ff_g) 0           0           
FACE_W: G.Solid/Solid    (ss_g) 0           0           
FACE_W: G.Fluid/External (fe_g) 0
FACE_W: G.Solid/External (se_g) 2384

AV/CV max fa count (on brick side):7
AV/CV max fw count:                7
AV/CV max fb count:                0
AV/CV max fw poly count:           38

MEMORY: Total                   12.274 MB
MEMORY: Per Brick               0.472 KB
-----------------------------------------------------------------------

-----------------------------------------------------------------------
Connectivities information:
	Number of conns: 0
-----------------------------------------------------------------------
	Time (gap size): 	0.034 s
-----------------------------------------------------------------------
Calculating curvature and tolerance criteria...
Curvature: min=0 max=3.13574
Tolerance: min=0 max=0.000394097
Calculating curvature and tolerance criteria takes 0.168 s
-----------------------------------------------------------------------
MESH Build(FS) finished. Time=1.787 s
-----------------------------------------------------------------------
Current CPU = 2 sec

Nx=18
Ny=10
Nz=16
Max BRICK Level=4
Mesh Level=4
-----------------CModelBodies2MeshMapper::CollectData started -------------------------------
-----------------CModelBodies2MeshMapper Report -------------------------------
FluidDomains 2 SolidDomains 1 VoidDomains 0 
Domains RefIndexes
Domain 0, Index count 19
Domain 1, Index count 42
Domain 2, Index count 61
----------------- -------------------------------
	ModelBodies
Total resolved Bodies 0 BodySets 0

--------------------------------------------------------------------------
	Positive geometry Bodies
Total resolved Bodies 2 BodySets 2
BodySet 0
	Bodies list:
			#0	Name: ;	ID: 53d72291-f4d1-43fa-b5b1-8ad918afe797
	Domains list:		 1 
BodySet 1
	Bodies list:
			#0	Name: ;	ID: d62bbb49-8583-487e-805f-afe53f3e6fc5
	Domains list:		 0 

--------------------------------------------------------------------------
	Fluid regions
Total resolved Bodies 2 BodySets 1
BodySet 0	Material: Water; 
	Bodies list:
			#0	Name: ;	ID: 53d72291-f4d1-43fa-b5b1-8ad918afe797
			#1	Name: ;	ID: d62bbb49-8583-487e-805f-afe53f3e6fc5
	Domains list:		 0 		 1 

--------------------------------------------------------------------------
-----------------CModelBodies2MeshMapper::CollectData finished successfully-------------------
Saving initial mesh in: N:\Downloads\GitHub\liquid-propellant-engine\2kN Heat Sink Engine\Simulation Only\1\Parametric Study 2\1\1.fld .
Storing results...
Estimated CPT size=5.980 MB.
	Time (write bcf): 1.153 s
OK
-----------------------------------------------------------------------
Memory Working Set Current = 110.97 Mb, Memory Working Set Peak = 110.98 Mb
Process Threads Number: 21
-----------------------------------------------------------------------
Cleaning memory...
		Time (free xsl):                    	0.003 s
Free Geometry DB takes 0.000 s
	Time (free bcf): 	0.012 s
		Time (free bcf mesh):               	0.028 s
	Time (free mesher data):              	0.034 s
Copying... OK
Mesh generation normally finished at	7.4.2021	13:49:50
Mesher CPU = 4 sec
Mesher is finished at	7.4.2021	13:49:50
-----------------------------------------------------------------------
Memory Working Set Current = 50.80 Mb, Memory Working Set Peak = 111.36 Mb
Process Threads Number: 21
-----------------------------------------------------------------------
Algebra Pool      : mem_usage = 0.94 Mb, allocated count = 0
Log ended at 07.04.2021	13:49:50
