Log started at 28.04.2021	05:18:05
Number of used processors (NPROC): 4.
Number of mesh partitions (NPART): 4.
Total Physical Memory = 15.87 Gb, Available Physical Memory = 10.24 Gb
Computer name:	MCAE33
Operating system:	Windows 10 (or higher) (Version 10.0.18363)

SOLIDWORKS 2020 SP4.0
Flow Simulation 2020  x64 / 4995 / MESHER ver. efd_dev.4663_05.07.2019 

Project: N:\Downloads\GitHub\liquid-propellant-engine\2kN Heat Sink Engine\Revised Stack OD 6in\1\Parametric Study 1\28\28.xmlconfig
Configuration name: Default
Project name: Project(1)
NGK: OFF
MBO: OFF

Mesh generation started:	28.4.2021	5:18:5
-----------------------------------------------------------------------
Mesher option run = eRunMesherNormal
-----------------------------------------------------------------------
Current CPU = 0 sec
-----------------------------------------------------------------------
Geometries initialization:
-----------------------------------------------------------------------
Loading mesh settings (global/local)...
-----------------------------------------------------------------------
Number of geometries from DB: 1
Geometry(0):
	Guid = {00000000-0000-0000-0000-000000000000}
	Fluid..
	1 Body.
	1 Real body.
	-- Bodyset 0 --
		Tolerance=1.24686e-05.
		35 Face(s).
			35 of b-spline type.
		0 Face(s) that have no ref faces
		8 Plane surface(s).
		10 Cylinder surface(s).
		1 Cone surface(s).
		16 B- surface(s).
		12160 Triangle(s).
		Getting triangle connectivities from DB: 0.001 s
		63 Edge(s).
			63 of b-spline type.
		BodyGeom reading: 0.012 s.
		21 Reference Face(s).
		4664 Reference Triangles.
		Getting triangle connectivities from DB (Ref): 0.000 s
		BodyGeom Ref reading: 0.001 s.
		Getting triangle connectivities from DB (Extra Triangulation): 0.001 s
Geometry(1):
	Solid.
	-- Bodyset 1 --
	Empty
-----------------------------------------------------------------------
Number of geometries in task: 2
Number of bodysets   in task: 2
-----------------------------------------------------------------------
	Making hash and connectivity for Bodyset ...
		CBodyGeom:
		Hash size: {24, 28, 24}.
		Mesh size: {8, 28, 8}.
		Hashing triangles...Ok.
			axis(0) tr sizes: average=51 max=1044
			axis(1) tr sizes: average=68 max=621
			axis(2) tr sizes: average=50 max=1129
		Number of t-connected sets:2
			(0) size=12
			(1) size=12148 cavity
		Done.
		CBodyGeomRef:
		Hashing triangles...Ok.
			axis(0) tr sizes: average=130 max=760
			axis(1) tr sizes: average=225 max=474
			axis(2) tr sizes: average=130 max=774
		Done.
	0.0151 s.
Geometries reading and preparing has taken 0.033 s.

Mapped triangles:
Hashing geometries triangles
	Triangles num=12160
	Triangles box={-0.00962438  ,0.00962438  ,-0.0718817  ,-0.00672808  ,-0.00959872  ,0.00960913  }
		3d-hash size is 118636 bytes
Hashing peculiar surfaces triangles
	Triangles num=47
	Triangles box={-0.00954219  ,-0.00939582  ,-0.0674988  ,-0.0641633  ,-0.00167037  ,0.00167105  }
		3d-hash size is 7524 bytes
	Triangles num=47
	Triangles box={0.00546223  ,0.00782511  ,-0.0674988  ,-0.0641633  ,-0.00782546  ,-0.00546285  }
		3d-hash size is 7584 bytes
	Triangles num=47
	Triangles box={-0.00782546  ,-0.00546285  ,-0.0674988  ,-0.0641633  ,-0.00782511  ,-0.00546223  }
		3d-hash size is 7584 bytes
	Triangles num=47
	Triangles box={-0.00782511  ,-0.00546223  ,-0.0674988  ,-0.0641633  ,0.00546285  ,0.00782546  }
		3d-hash size is 7584 bytes
	Triangles num=47
	Triangles box={-0.00167037  ,0.00167105  ,-0.0674988  ,-0.0641633  ,0.00939582  ,0.00954219  }
		3d-hash size is 7524 bytes
	Triangles num=47
	Triangles box={0.00939582  ,0.00954219  ,-0.0674988  ,-0.0641633  ,-0.00167105  ,0.00167037  }
		3d-hash size is 7524 bytes
	Triangles num=47
	Triangles box={-0.00167105  ,0.00167037  ,-0.0674988  ,-0.0641633  ,-0.00954219  ,-0.00939582  }
		3d-hash size is 7524 bytes
	Triangles num=26
	Triangles box={-0.00401053  ,0.00401053  ,-0.006858  ,-0.006858  ,-0.00398128  ,0.00398128  }
		3d-hash size is 7560 bytes
Mapped triangles processed in 0.019 s.
-----------------------------------------------------------------------
Getting sectors:
Number of sectors: 0
-----------------------------------------------------------------------
-----------------------------------------------------------------------

Current CPU = 0 sec

-----------------------------------------------------------------------
Mesh dimensions:
				I[0 ]=8
				I[1 ]=28
				I[2 ]=8

Comp. domain size:
				a[0  ]=-0.00960517
				a[1  ]=0.00960517
				a[2  ]=-0.0718167
				a[3  ]=-0.00679311
				a[4  ]=-0.00957955
				a[5  ]=0.00958996

Fluid calculated			1
Solid calculated			0
-----------------------------------------------------------------------
MESH Build started...
-----------------------------------------------------------------------
Mesh LEVEL = 2
-----------------------------------------------------------------------
Setting regions...OK (0.000 s)
Base mesh info------------------
	2D flag  =0
	Period   =[0, 0, 0]
	Nx=8
		x[0]=-0.00960517
		x[1]=-0.00720312
		x[2]=-0.00480183
		x[3]=-0.00240054
		x[4]=7.54152e-07
		x[5]=0.00240205
		x[6]=0.00480334
		x[7]=0.00720463
		x[8]=0.00960517
	Ny=28
		y[0]=-0.0718167
		y[1]=-0.0694938
		y[2]=-0.0671715
		y[3]=-0.0648492
		y[4]=-0.062527
		y[5]=-0.0602047
		y[6]=-0.0578824
		y[7]=-0.0555601
		y[8]=-0.0532379
		y[9]=-0.0509156
		y[10]=-0.0485933
		y[11]=-0.0462711
		y[12]=-0.0439488
		y[13]=-0.0416265
		y[14]=-0.0393043
		y[15]=-0.036982
		y[16]=-0.0346597
		y[17]=-0.0323374
		y[18]=-0.0300152
		y[19]=-0.0276929
		y[20]=-0.0253706
		y[21]=-0.0230484
		y[22]=-0.0207261
		y[23]=-0.0184038
		y[24]=-0.0160816
		y[25]=-0.0137593
		y[26]=-0.011437
		y[27]=-0.00911474
		y[28]=-0.00679311
	Nz=8
		z[0]=-0.00957955
		z[1]=-0.00718281
		z[2]=-0.00478662
		z[3]=-0.00239044
		z[4]=5.75313e-06
		z[5]=0.00240194
		z[6]=0.00479813
		z[7]=0.00719432
		z[8]=0.00958996
End of base mesh info---------
Input_mesh_settings--------------------------------
Settings 0----------------
	Scope: GLOBAL
	Type:	------MESHER_SETTINGS----------
	RefAllCells           =0
	RefFluidCells         =0
	RefPartCells          =0
	RefSolidCells         =0
	l_SSFR(Capture crit)  =1
	l_curv(Curvature crit)=0
	l_tol(Tolerance crit) =1
	  k_tol               =0.000836102
	UseChannelRef         =1
	  NCR_method          =0
	  l_NCR               =2
	  N_gap               =5
	  Use d_NCR_min       =0
	  Use d_NCR_max       =0
	IgnoreThinChannelsHeight         =0
	--END_OF_MESHER_SETTINGS-------
End of input mesh settings-------------------------

-----------------------------------------------------------------------
Building geometries:
-----------------------------------------------------------------------
Building body-set (0) of geometry Fluid.0.(0). ...

-----------------------------------------------------------------------
Refining by triangulation...
Refinement input: 1792 bricks
Setting regions...OK (0.000 s)
Setting regions...OK (0.000 s)
Refinement result: 2520 bricks (0.027 s)
Refinement input: 2520 bricks
Refinement result: 2520 bricks (0.000 s)
Collecting and processing rays...OK (0.012 s)
Capturing...OK (0.000 s)
Refining by triangulation takes 0.04 s
-----------------------------------------------------------------------

-----------------------------------------------------------------------
Refining peculiar surfaces...
0 surfaces refined
Refining peculiar surfaces takes 0 s
-----------------------------------------------------------------------
Collecting and processing rays...OK (0.000 s)
Capturing...OK (0.000 s)
Collecting and processing rays...OK (0.000 s)
Capturing...OK (0.000 s)
Collecting and processing rays...OK (0.000 s)
Capturing...OK (0.000 s)

-----------------------------------------------------------------------
Base mesh 1 Refining...
Refinement input: 2520 bricks
Refinement result: 2520 bricks (0.000 s)
Collecting and processing rays...OK (0.000 s)
Capturing...OK (0.000 s)
-----------------------------------------------------------------------
Refining channels...
FYI: CNarrowChannelRefiner::RefineChannels_PRLL
Refinement input: 2520 bricks
Setting regions...OK (0.000 s)
Refinement result: 5964 bricks (0.001 s)
Collecting and processing rays...OK (0.007 s)
Capturing...OK (0.001 s)
FYI: m_iteration_count = 0
FYI: level1 statistics:
     level1_cnt_plus[1]=3936;		level1_cnt_minus[1]=0
     level1_cnt_plus[2]=0;		level1_cnt_minus[2]=0
     level1_cnt_plus[3]=0;		level1_cnt_minus[3]=0
     level1_cnt_plus[4]=0;		level1_cnt_minus[4]=0
     level1_cnt_plus[5]=0;		level1_cnt_minus[5]=0
     level1_cnt_plus[6]=0;		level1_cnt_minus[6]=0
     level1_cnt_plus[7]=0;		level1_cnt_minus[7]=0
     level1_cnt_plus[8]=0;		level1_cnt_minus[8]=0
     level1_cnt_plus[9]=0;		level1_cnt_minus[9]=0
Refinement input: 5964 bricks
Setting regions...OK (0.000 s)
Refinement result: 5999 bricks (0.000 s)
Collecting and processing rays...OK (0.001 s)
Capturing...OK (0.000 s)
FYI: m_iteration_count = 1
FYI: level1 statistics:
     level1_cnt_plus[1]=3976;		level1_cnt_minus[1]=0
     level1_cnt_plus[2]=0;		level1_cnt_minus[2]=0
     level1_cnt_plus[3]=0;		level1_cnt_minus[3]=0
     level1_cnt_plus[4]=0;		level1_cnt_minus[4]=0
     level1_cnt_plus[5]=0;		level1_cnt_minus[5]=0
     level1_cnt_plus[6]=0;		level1_cnt_minus[6]=0
     level1_cnt_plus[7]=0;		level1_cnt_minus[7]=0
     level1_cnt_plus[8]=0;		level1_cnt_minus[8]=0
     level1_cnt_plus[9]=0;		level1_cnt_minus[9]=0
FYI: m_iteration_count = 2
FYI: level1 statistics:
     level1_cnt_plus[1]=3976;		level1_cnt_minus[1]=0
     level1_cnt_plus[2]=0;		level1_cnt_minus[2]=0
     level1_cnt_plus[3]=0;		level1_cnt_minus[3]=0
     level1_cnt_plus[4]=0;		level1_cnt_minus[4]=0
     level1_cnt_plus[5]=0;		level1_cnt_minus[5]=0
     level1_cnt_plus[6]=0;		level1_cnt_minus[6]=0
     level1_cnt_plus[7]=0;		level1_cnt_minus[7]=0
     level1_cnt_plus[8]=0;		level1_cnt_minus[8]=0
     level1_cnt_plus[9]=0;		level1_cnt_minus[9]=0
Refinement input: 5999 bricks
Setting regions...OK (0.000 s)
Refinement result: 10248 bricks (0.002 s)
Collecting and processing rays...OK (0.010 s)
Capturing...OK (0.001 s)
FYI: m_iteration_count = 3
FYI: level1 statistics:
     level1_cnt_plus[1]=6222;		level1_cnt_minus[1]=0
     level1_cnt_plus[2]=2320;		level1_cnt_minus[2]=0
     level1_cnt_plus[3]=0;		level1_cnt_minus[3]=0
     level1_cnt_plus[4]=0;		level1_cnt_minus[4]=0
     level1_cnt_plus[5]=0;		level1_cnt_minus[5]=0
     level1_cnt_plus[6]=0;		level1_cnt_minus[6]=0
     level1_cnt_plus[7]=0;		level1_cnt_minus[7]=0
     level1_cnt_plus[8]=0;		level1_cnt_minus[8]=0
     level1_cnt_plus[9]=0;		level1_cnt_minus[9]=0
FYI: m_iteration_count = 4
FYI: level1 statistics:
     level1_cnt_plus[1]=6222;		level1_cnt_minus[1]=0
     level1_cnt_plus[2]=2320;		level1_cnt_minus[2]=0
     level1_cnt_plus[3]=0;		level1_cnt_minus[3]=0
     level1_cnt_plus[4]=0;		level1_cnt_minus[4]=0
     level1_cnt_plus[5]=0;		level1_cnt_minus[5]=0
     level1_cnt_plus[6]=0;		level1_cnt_minus[6]=0
     level1_cnt_plus[7]=0;		level1_cnt_minus[7]=0
     level1_cnt_plus[8]=0;		level1_cnt_minus[8]=0
     level1_cnt_plus[9]=0;		level1_cnt_minus[9]=0
FYI: level1 statistics:
     level1_cnt_plus[1]=6222;		level1_cnt_minus[1]=0
     level1_cnt_plus[2]=2320;		level1_cnt_minus[2]=0
     level1_cnt_plus[3]=0;		level1_cnt_minus[3]=0
     level1_cnt_plus[4]=0;		level1_cnt_minus[4]=0
     level1_cnt_plus[5]=0;		level1_cnt_minus[5]=0
     level1_cnt_plus[6]=0;		level1_cnt_minus[6]=0
     level1_cnt_plus[7]=0;		level1_cnt_minus[7]=0
     level1_cnt_plus[8]=0;		level1_cnt_minus[8]=0
     level1_cnt_plus[9]=0;		level1_cnt_minus[9]=0

-----------------------------------------------------------------------
U-shapes refinement...
Refinement input: 10248 bricks
Refinement result: 10248 bricks (0.001 s)
Collecting and processing rays...OK (0.000 s)
Capturing...OK (0.000 s)
-----------------------------------------------------------------------

-----------------------------------------------------------------------
Equi Distant Refiner:
Equi Distant Refiner takes 0.00 s
-----------------------------------------------------------------------
Building geometry takes 0.214 s
Geometry Fluid.0.
Total		10248
Partial	3672
Fluid		2424
Solid		4152
Bad		0

/-Ray Intersection---------------/ Time	0.051 s
Calls			2623
CorrectRay Calls	0



-----------------------------------------------------------------------
Building geometries takes 0.214 s
-----------------------------------------------------------------------

-----------------------------------------------------------------------
PostBuilding geometries:
-----------------------------------------------------------------------
PostBuilding body-set (0) geometry Fluid.0. (0)...
Collecting and processing rays...OK (0.000 s)
Capturing...OK (0.000 s)
PostBuilding geometry takes 0.001 s
Geometry Fluid.0.
Total		10248
Partial	3672
Fluid		2424
Solid		4152
Bad		0

-----------------------------------------------------------------------
PostBuilding geometries takes 0.001 s
-----------------------------------------------------------------------
Defect ray count	0
FYI: CNarrowChannelRefiner::RedistributeLevel1_step_1: is finished
FYI: level1 statistics:
     level1_cnt_plus[1]=3882;		level1_cnt_minus[1]=0
     level1_cnt_plus[2]=4660;		level1_cnt_minus[2]=0
     level1_cnt_plus[3]=0;		level1_cnt_minus[3]=0
     level1_cnt_plus[4]=0;		level1_cnt_minus[4]=0
     level1_cnt_plus[5]=0;		level1_cnt_minus[5]=0
     level1_cnt_plus[6]=0;		level1_cnt_minus[6]=0
     level1_cnt_plus[7]=0;		level1_cnt_minus[7]=0
     level1_cnt_plus[8]=0;		level1_cnt_minus[8]=0
     level1_cnt_plus[9]=0;		level1_cnt_minus[9]=0
FYI: CNarrowChannelRefiner::RedistributeLevel1_step_2: is started
FYI: CNarrowChannelRefiner::RedistributeLevel1_step_2: is finished
FYI: level1 statistics:
     level1_cnt_plus[1]=4042;		level1_cnt_minus[1]=0
     level1_cnt_plus[2]=4840;		level1_cnt_minus[2]=0
     level1_cnt_plus[3]=0;		level1_cnt_minus[3]=0
     level1_cnt_plus[4]=0;		level1_cnt_minus[4]=0
     level1_cnt_plus[5]=0;		level1_cnt_minus[5]=0
     level1_cnt_plus[6]=0;		level1_cnt_minus[6]=0
     level1_cnt_plus[7]=0;		level1_cnt_minus[7]=0
     level1_cnt_plus[8]=0;		level1_cnt_minus[8]=0
     level1_cnt_plus[9]=0;		level1_cnt_minus[9]=0
FYI: CNarrowChannelRefiner::RedistributeLevel1_step_3: is started
FYI: CNarrowChannelRefiner::RedistributeLevel1_step_3: is finished
RedistributeLevel1 takes:
FYI: level1 statistics:
     level1_cnt_plus[1]=4042;		level1_cnt_minus[1]=0
     level1_cnt_plus[2]=4840;		level1_cnt_minus[2]=0
     level1_cnt_plus[3]=0;		level1_cnt_minus[3]=0
     level1_cnt_plus[4]=0;		level1_cnt_minus[4]=0
     level1_cnt_plus[5]=0;		level1_cnt_minus[5]=0
     level1_cnt_plus[6]=0;		level1_cnt_minus[6]=0
     level1_cnt_plus[7]=0;		level1_cnt_minus[7]=0
     level1_cnt_plus[8]=0;		level1_cnt_minus[8]=0
     level1_cnt_plus[9]=0;		level1_cnt_minus[9]=0
-----------------------------------------------------------------------
MSH format builder (Iteration 0)
-----------------------------------------------------------------------
Memory Working Set Current = 37.79 Mb, Memory Working Set Peak = 45.09 Mb
Process Threads Number: 13
-----------------------------------------------------------------------
Loading geometries triangulation & x-stacks...OK
x-stacks size = 0.18 Mb
Total bricks count: 10248
-----------------------------------------------------------------------
MSH (Real Geometry) format constructor:
	Getting brick sets...OK (0.000 s)
	Min x-stack xeps = 5.81104e-06
	D / dh / eps [axis=0] = (0.0192103, 0.000600135, 6.00135e-07)
	D / dh / eps [axis=1] = (0.0650236, 0.000580567, 5.80567e-07)
	D / dh / eps [axis=2] = (0.0191695, 0.000598909, 5.98909e-07)
	Time (xeps): 0.000 s
Level 2
	Set (0)  size: 2464
	Set (0)  time: 0.023 s
	Set (1)  size: 2464
	Set (1)  time: 0.020 s
Level 1
	Set (0)  size: 2060
	Set (0)  time: 0.009 s
	Set (1)  size: 2060
	Set (1)  time: 0.010 s
Level 0
	Set (0)  size: 600
	Set (0)  time: 0.000 s
	Set (1)  size: 600
	Set (1)  time: 0.000 s
Result:
	Bricks number:                        10248

	Memory usage:                         1.925 MB
	Memory usage (per brick):             0.192 KB
	Construction time:                    0.064 s

	Topology features:
	------------------
	- High quality bricks                 100.00 % (10248)
	- Medium quality bricks                 0.00 % (0)
	- Bad quality bricks                    0.00 % (0)
	- Ribs corrected bricks                 0.00 % (0)
	- Points with geom-info (bricks)        0.00 % (0)
	- Points with closest-info (bricks)     0.00 % (0)
	- Triangulated by center (bricks)       0.00 % (0)
	- Facet w-faces mergings (bricks)       0.00 % (0)
	- To refine (bricks)                    0.00 % (0)

-----------------------------------------------------------------------
Memory Working Set Current = 49.72 Mb, Memory Working Set Peak = 49.72 Mb
Process Threads Number: 13
-----------------------------------------------------------------------
-----------------------------------------------------------------------
-----------------------------------------------------------------------
MSH --> BCF format (Iteration 0)...
BCF collector...(remove mode=0)
	Time (alloc counter per brick): 0.000 s
	Brick    count: 10248
	Av.f all count: 6104
	Av.s all count: 7824
	Av.f pid count: 3680
	Av.s pid count: 3676
	Faces fs count: 6248
	Faces ff count: 0
	Faces ss count: 0
	Faces bb count: 0
	Faces fe count: 0
	Faces se count: 1576
	Faces fw count: 7824
	Faces af count: 16336
	Faces as count: 22940
	Time (all count): 	0.002 s
	Time (bcf alloc): 	0.001 s
	Time (shifts alloc): 	0.001 s
	Time (shifts init): 	0.001 s
	Time (bcf fill): 	0.003 s
	Time (add av to faces): 0.000 s
	Time (add faces to av): 0.001 s
Time (bcf collect): 		0.009 s
	AV checker...
	Time (check av): 	0.003 s
	Subdomain checker...
		Subdomains construction time: 0.001 s.
		Subdomains sort time: 0.000 s.
			Subdomain 0 (geom_ind=0): 6104 av
			Subdomain 1 (geom_ind=1): 7824 av
		gi: 0, subdomains: 1, real bodies: 1
		gi: 1, subdomains: 1, real bodies: 0
		Defect subdomains: 0
	Time (check subdoms): 	0.001 s
Time (bcf iteration total): 	0.014 s
	Time (fw-nb): 		0.000 s
	Fixed mutual fw-nb:     2772 (bb: 0)
	Time (fw-nb mutual): 	0.000 s
	Time (fw-nb sort): 	0.000 s
	Fw-opt BEFORE total:    7824 (fs=6248, ff=0, ss=0)
	Fw-opt AFTER  total:    5920 (fs=4344, ff=0, ss=0, failed fw/br=2/0, big_curv=1, big_poly=0)
	Fw-opt RESULT:          1904 (res/(fs+ff+ss) = 30.47 %)
	Time (fw-opt): 		0.001 s
	Time (fw-re-order): 	0.001 s
	Time (fw-nb): 		0.003 s
	Fixed mutual fw-nb:     11946 (bb: 0)
	Time (fw-nb mutual): 	0.001 s
	Time (fw-nb sort): 	0.000 s
	Time (rfd fix): 	0.000 s
	Time (av convexity): 	0.001 s
	Time (av small volume): 0.000 s
	Time (diagonal fw-nb): 	0.006 s
	Fixed mutual fw-nb:     0 (bb: 0)
	Time (fw-nb mutual): 	0.001 s
	Time (fw-nb sort): 	0.000 s
	Fluid subdomains: 1
	Faces fw-nb diff sd:    0
	Time (fw-nb diff sd): 	0.001 s
Time (bcf calc): 		0.017 s
-----------------------------------------------------------------------
Time (bcf total): 		0.032 s
-----------------------------------------------------------------------
-----------------------------------------------------------------------
Mega-cv constructor for fluid...
	 0 av's is treated as thin
Relative size generator (threshold = 0.05)...
	Iteration 1 (small cluster count = 156)
	Iteration 2 (small cluster count = 10)
	Iteration 3 (small cluster count = 4)
	Iteration 4 (small cluster count = 2)
	Iteration 5 (small cluster count = 0)
	 154 mega-cv's generated
	 2 mega-cv's removed
Relative size generator is completed OK (0.001 s)
Apply fa-rules to mega-cv clusters fixes...
OK (0.000 s)
Convert clusters:
	 152 mega-cv's total
Mega-cv count: 152
Time (mega-cv fill): 	0.000 s
Time (mega-cv total): 	0.003 s
-----------------------------------------------------------------------
Mixing plane rotation regions: NO.
Sliding mesh rotation regions: NO.
Fluid/fluid faces: NO.
----------------------------------------------------------
BCF --> BCF.GEOMSUBDOM (bridge arrays):
MESH (0):
	Fluid Subdom Constructor: 1 subdom(s).
	Solid Subdom Constructor: 1 subdom(s).
	Net Asm Subdom Constructor: 0 subdom(s).
	GEOMSUBDOM (0): gi=0 fluid av=6104 cv=5948 fa=16336 fb=0 fw=4344 V=3.546751e-06
	Cache data...OK
	GEOMSUBDOM (1): gi=1 solid av=7824 cv=7824 fa=22940 fb=0 fw=5920 V=2.039836e-05
	Cache data...OK
	Setting nb of w-faces...OK (0.002 s).
	Correcting nb of w-faces...
	Time(correct_fw_nb)=0.001 s

MESH (0) checking:
	GEOMSUBDOM (0):fa_s=0.0103041173433243 fb_s=0.0000000000000000 fw_s=0.0021425330237562 fw_nb=34744
	              :d_const(961)=3.18277e-14 d_linear(2791)=3.83513e-13
	GEOMSUBDOM (1):fa_s=0.0297115375347631 fb_s=0.0000000000000000 fw_s=0.0078702274445609 fw_nb=41208
	              :d_const(1010)=1.52512e-12 d_linear(1178)=1.25988e-11
MESH (0) checking: OK.
Time (MDS): 	0.015 s
----------------------------------------------------------

-----------------------------------------------------------------------
BCF CHECKSUM DATA (Mesh 0):

WARNING! 212 w-face(s) without RefFacesData.
BRICK |Level1| Sum:               13722
FACE_A Area Sum:   G.Fluid        0.0103041173433243
FACE_A Area Sum:   G.Solid        0.0297115375347631
FACE_W Area Sum:                  0.0078702274445609
FACE_W Nb   Sum:                  41208
FACE_W min curvatures sum:        -1761809.08813477
FACE_W max curvatures sum:        4283849.51036453
AV Max Disbalance(Const) :        1.52512e-12 (cid=4072, t={2, 12, 15}, avid=9462, pid=1452)
AV Max Disbalance(Linear):        1.25988e-11 (cid=4137, t={9, 12, 15}, avid=9523, pid=1487)
-----------------------------------------------------------------------


-----------------------------------------------------------------------
MESHER TOPOLOGY DATA:

BRICKS: Total                 10248
BRICKS: 1-CV                  6572
BRICKS: 2-CV                  3672
BRICKS: 3-CV                  4
BRICKS: Bad                   0

AV:     G.Total               13928
AV:     G.Fluid               6104
AV:     G.Solid               7824

AV:     G.Fluid Thin Profile    0.00 % (0)
AV:     G.Solid Thin Profile    0.05 % (4)

AV:     G.Fluid Thin For Mega   0.00 % (0)
AV:     G.Solid Thin For Mega   0.00 % (0)

AV:     G.Fluid Non-Convex      9.44 % (576)
AV:     G.Solid Non-Convex      8.35 % (653)

AV:     G.Fluid Non-Ess-Convex      2.95 % (180)
AV:     G.Solid Non-Ess-Convex      3.43 % (268)

FACE_A: G.Fluid          (af) 16336 (partially opened 7384)
FACE_A: G.Solid          (as) 22940 (partially opened 7382)

FACE_B: G.Total          (b)  0

FACE_W: G.Total                 5920        Brick/Bound
FACE_W: G.Fluid/Solid    (fs_g) 4344        0           
FACE_W: G.Fluid/Fluid    (ff_g) 0           0           
FACE_W: G.Solid/Solid    (ss_g) 0           0           
FACE_W: G.Fluid/External (fe_g) 0
FACE_W: G.Solid/External (se_g) 1576

AV/CV max fa count (on brick side):4
AV/CV max fw count:                4
AV/CV max fb count:                0
AV/CV max fw poly count:           15

MEMORY: Total                   4.777 MB
MEMORY: Per Brick               0.477 KB
-----------------------------------------------------------------------

-----------------------------------------------------------------------
Connectivities information:
	Number of conns: 0
-----------------------------------------------------------------------
	Time (gap size): 	0.010 s
-----------------------------------------------------------------------
Calculating curvature and tolerance criteria...
Curvature: min=0 max=2.96527
Tolerance: min=0 max=0.000753333
Calculating curvature and tolerance criteria takes 0.062 s
-----------------------------------------------------------------------
MESH Build(FS) finished. Time=0.493 s
-----------------------------------------------------------------------
Current CPU = 1 sec

Nx=8
Ny=28
Nz=8
Max BRICK Level=2
Mesh Level=2
-----------------CModelBodies2MeshMapper::CollectData started -------------------------------
-----------------CModelBodies2MeshMapper Report -------------------------------
FluidDomains 1 SolidDomains 1 VoidDomains 0 
Domains RefIndexes
Domain 0, Index count 21
Domain 1, Index count 21
----------------- -------------------------------
	ModelBodies
Total resolved Bodies 0 BodySets 0

--------------------------------------------------------------------------
	Positive geometry Bodies
Total resolved Bodies 1 BodySets 1
BodySet 0
	Bodies list:
			#0	Name: ;	ID: f0e6e8f5-1782-4a5c-97f9-23a7ed88fa3d
	Domains list:		 0 

--------------------------------------------------------------------------
	Fluid regions
Total resolved Bodies 1 BodySets 1
BodySet 0	Material: Oxygen; 
	Bodies list:
			#0	Name: ;	ID: f0e6e8f5-1782-4a5c-97f9-23a7ed88fa3d
	Domains list:		 0 

--------------------------------------------------------------------------
-----------------CModelBodies2MeshMapper::CollectData finished successfully-------------------
Saving initial mesh in: N:\Downloads\GitHub\liquid-propellant-engine\2kN Heat Sink Engine\Revised Stack OD 6in\1\Parametric Study 1\28\28.fld .
Storing results...
Estimated CPT size=2.289 MB.
	Time (write bcf): 0.329 s
OK
-----------------------------------------------------------------------
Memory Working Set Current = 57.49 Mb, Memory Working Set Peak = 57.50 Mb
Process Threads Number: 13
-----------------------------------------------------------------------
Cleaning memory...
		Time (free xsl):                    	0.001 s
Free Geometry DB takes 0.000 s
	Time (free bcf): 	0.003 s
		Time (free bcf mesh):               	0.008 s
	Time (free mesher data):              	0.010 s
Copying... OK
Mesh generation normally finished at	28.4.2021	5:18:6
Mesher CPU = 1 sec
Mesher is finished at	28.4.2021	5:18:6
-----------------------------------------------------------------------
Memory Working Set Current = 33.41 Mb, Memory Working Set Peak = 57.88 Mb
Process Threads Number: 13
-----------------------------------------------------------------------
Algebra Pool      : mem_usage = 0.31 Mb, allocated count = 0
Log ended at 28.04.2021	05:18:06
