Log started at 13.04.2021	22:55:33
Number of used processors (NPROC): 4.
Number of mesh partitions (NPART): 4.
Total Physical Memory = 15.87 Gb, Available Physical Memory = 10.30 Gb
Computer name:	MCAE33
Operating system:	Windows 10 (or higher) (Version 10.0.18363)

SOLIDWORKS 2020 SP4.0
Flow Simulation 2020  x64 / 4995 / MESHER ver. efd_dev.4663_05.07.2019 

Project: N:\Downloads\GitHub\liquid-propellant-engine\2kN Heat Sink Engine\Simulation Only\1\Parametric Study 2\38\38.xmlconfig
Configuration name: Default
Project name: Single Fluid (Water Substitute)
NGK: OFF
MBO: OFF

Mesh generation started:	13.4.2021	22:55:33
-----------------------------------------------------------------------
Mesher option run = eRunMesherNormal
-----------------------------------------------------------------------
Current CPU = 0 sec
-----------------------------------------------------------------------
Geometries initialization:
-----------------------------------------------------------------------
Loading mesh settings (global/local)...
-----------------------------------------------------------------------
Number of geometries from DB: 1
Geometry(0):
	Guid = {00000000-0000-0000-0000-000000000000}
	Fluid..
	1 Body.
	3 Real bodies.
	-- Bodyset 0 --
		Tolerance=3.3166e-05.
		104 Face(s).
			104 of b-spline type.
		0 Face(s) that have no ref faces
		13 Plane surface(s).
		34 Cylinder surface(s).
		5 Cone surface(s).
		4 Torus surface(s).
		48 B- surface(s).
		14302 Triangle(s).
		Getting triangle connectivities from DB: 0.001 s
		210 Edge(s).
			210 of b-spline type.
		BodyGeom reading: 0.019 s.
		62 Reference Face(s).
		9507 Reference Triangles.
		Getting triangle connectivities from DB (Ref): 0.001 s
		BodyGeom Ref reading: 0.001 s.
		Getting triangle connectivities from DB (Extra Triangulation): 0.001 s
Geometry(1):
	Solid.
	-- Bodyset 1 --
	Empty
-----------------------------------------------------------------------
Number of geometries in task: 2
Number of bodysets   in task: 2
-----------------------------------------------------------------------
	Making hash and connectivity for Bodyset ...
		CBodyGeom:
		Hash size: {18, 30, 16}.
		Mesh size: {18, 10, 16}.
		Hashing triangles...Ok.
			axis(0) tr sizes: average=64 max=4960
			axis(1) tr sizes: average=78 max=3335
			axis(2) tr sizes: average=57 max=4863
		Number of t-connected sets:4
			(0) size=12
			(1) size=8224 cavity
			(2) size=4026 cavity
			(3) size=2040 cavity
		Done.
		CBodyGeomRef:
		Hashing triangles...Ok.
			axis(0) tr sizes: average=235 max=2191
			axis(1) tr sizes: average=212 max=2373
			axis(2) tr sizes: average=228 max=2545
		Done.
	0.00945 s.
Geometries reading and preparing has taken 0.036 s.

Mapped triangles:
Hashing geometries triangles
	Triangles num=14302
	Triangles box={0.024438  ,0.148109  ,0.150841  ,0.213381  ,0.102868  ,0.216469  }
		3d-hash size is 109320 bytes
Hashing peculiar surfaces triangles
	Triangles num=37
	Triangles box={0.024018  ,0.0307351  ,0.185147  ,0.196579  ,0.102187  ,0.111432  }
		3d-hash size is 11864 bytes
	Triangles num=37
	Triangles box={0.0702151  ,0.0815803  ,0.185147  ,0.196579  ,0.215167  ,0.216361  }
		3d-hash size is 11980 bytes
	Triangles num=37
	Triangles box={0.14367  ,0.148319  ,0.185147  ,0.196579  ,0.114046  ,0.124486  }
		3d-hash size is 11888 bytes
	Triangles num=37
	Triangles box={0.0773704  ,0.0888028  ,0.213256  ,0.213256  ,0.141572  ,0.153  }
		3d-hash size is 11932 bytes
	Triangles num=30
	Triangles box={0.0831231  ,0.0845875  ,0.152586  ,0.154083  ,0.141933  ,0.142147  }
		3d-hash size is 11648 bytes
	Triangles num=30
	Triangles box={0.0784758  ,0.0793933  ,0.152586  ,0.154083  ,0.143416  ,0.144577  }
		3d-hash size is 11648 bytes
	Triangles num=30
	Triangles box={0.0857921  ,0.0869533  ,0.152586  ,0.154083  ,0.142666  ,0.143583  }
		3d-hash size is 11700 bytes
	Triangles num=30
	Triangles box={0.0877369  ,0.0882838  ,0.152586  ,0.154083  ,0.144635  ,0.14601  }
		3d-hash size is 11684 bytes
	Triangles num=30
	Triangles box={0.0778954  ,0.0784423  ,0.152586  ,0.154083  ,0.148549  ,0.149924  }
		3d-hash size is 11648 bytes
	Triangles num=30
	Triangles box={0.0843588  ,0.085734  ,0.152586  ,0.154083  ,0.151927  ,0.152474  }
		3d-hash size is 11648 bytes
	Triangles num=30
	Triangles box={0.0815917  ,0.0830561  ,0.152586  ,0.154083  ,0.152413  ,0.152627  }
		3d-hash size is 11704 bytes
	Triangles num=30
	Triangles box={0.0792259  ,0.0803871  ,0.152586  ,0.154083  ,0.150976  ,0.151894  }
		3d-hash size is 11684 bytes
	Triangles num=30
	Triangles box={0.0867859  ,0.0877034  ,0.152586  ,0.154083  ,0.149982  ,0.151143  }
		3d-hash size is 11648 bytes
	Triangles num=30
	Triangles box={0.0804451  ,0.0818203  ,0.152586  ,0.154083  ,0.142085  ,0.142632  }
		3d-hash size is 11648 bytes
	Triangles num=30
	Triangles box={0.0882225  ,0.0884365  ,0.152586  ,0.154083  ,0.147313  ,0.148778  }
		3d-hash size is 11648 bytes
	Triangles num=30
	Triangles box={0.0777427  ,0.0779566  ,0.152586  ,0.154083  ,0.145782  ,0.147246  }
		3d-hash size is 11648 bytes
	Triangles num=78
	Triangles box={0.0769688  ,0.0892111  ,0.173621  ,0.173621  ,0.141158  ,0.153401  }
		3d-hash size is 11960 bytes
Mapped triangles processed in 0.014 s.
-----------------------------------------------------------------------
Getting sectors:
Number of sectors: 0
-----------------------------------------------------------------------
-----------------------------------------------------------------------

Current CPU = 0 sec

-----------------------------------------------------------------------
Mesh dimensions:
				I[0 ]=18
				I[1 ]=10
				I[2 ]=16

Comp. domain size:
				a[0  ]=0.0245614
				a[1  ]=0.147985
				a[2  ]=0.150903
				a[3  ]=0.213318
				a[4  ]=0.102981
				a[5  ]=0.216356

Fluid calculated			1
Solid calculated			0
-----------------------------------------------------------------------
MESH Build started...
-----------------------------------------------------------------------
Mesh LEVEL = 4
-----------------------------------------------------------------------
Setting regions...OK (0.000 s)
Base mesh info------------------
	2D flag  =0
	Period   =[0, 0, 0]
	Nx=18
		x[0]=0.0245614
		x[1]=0.0314205
		x[2]=0.0382773
		x[3]=0.0451342
		x[4]=0.0519911
		x[5]=0.058848
		x[6]=0.0657049
		x[7]=0.0725618
		x[8]=0.0794187
		x[9]=0.0862756
		x[10]=0.0931324
		x[11]=0.0999893
		x[12]=0.106846
		x[13]=0.113703
		x[14]=0.12056
		x[15]=0.127417
		x[16]=0.134274
		x[17]=0.141131
		x[18]=0.147985
	Ny=10
		y[0]=0.150903
		y[1]=0.157146
		y[2]=0.163388
		y[3]=0.169629
		y[4]=0.175871
		y[5]=0.182112
		y[6]=0.188354
		y[7]=0.194595
		y[8]=0.200837
		y[9]=0.207079
		y[10]=0.213318
	Nz=16
		z[0]=0.102981
		z[1]=0.110069
		z[2]=0.117155
		z[3]=0.124241
		z[4]=0.131326
		z[5]=0.138412
		z[6]=0.145498
		z[7]=0.152584
		z[8]=0.15967
		z[9]=0.166756
		z[10]=0.173842
		z[11]=0.180928
		z[12]=0.188014
		z[13]=0.1951
		z[14]=0.202186
		z[15]=0.209271
		z[16]=0.216356
End of base mesh info---------
Input_mesh_settings--------------------------------
Settings 0----------------
	Scope: GLOBAL
	Type:	------MESHER_SETTINGS----------
	RefAllCells           =0
	RefFluidCells         =0
	RefPartCells          =0
	RefSolidCells         =0
	l_SSFR(Capture crit)  =4
	l_curv(Curvature crit)=0
	l_tol(Tolerance crit) =4
	  k_tol               =0.000377956
	UseChannelRef         =1
	  NCR_method          =0
	  l_NCR               =2
	  N_gap               =5
	  Use d_NCR_min       =0
	  Use d_NCR_max       =0
	IgnoreThinChannelsHeight         =0
	--END_OF_MESHER_SETTINGS-------
End of input mesh settings-------------------------

-----------------------------------------------------------------------
Building geometries:
-----------------------------------------------------------------------
Building body-set (0) of geometry Fluid.0.(0). ...

-----------------------------------------------------------------------
Refining by triangulation...
Refinement input: 2880 bricks
Setting regions...OK (0.000 s)
Setting regions...OK (0.000 s)
Setting regions...OK (0.000 s)
Setting regions...OK (0.000 s)
Setting regions...OK (0.000 s)
Refinement result: 18994 bricks (0.111 s)
Refinement input: 18994 bricks
Refinement result: 18994 bricks (0.005 s)
Collecting and processing rays...OK (0.107 s)
Capturing...OK (0.005 s)
Refining by triangulation takes 0.227 s
-----------------------------------------------------------------------

-----------------------------------------------------------------------
Refining peculiar surfaces...
Refinement input: 18994 bricks
Setting regions...OK (0.000 s)
Refinement result: 19057 bricks (0.002 s)
Refinement input: 19057 bricks
Setting regions...OK (0.000 s)
Refinement result: 19134 bricks (0.003 s)
Refinement input: 19134 bricks
Setting regions...OK (0.000 s)
Refinement result: 19162 bricks (0.001 s)
Refinement input: 19162 bricks
Setting regions...OK (0.000 s)
Refinement result: 19204 bricks (0.002 s)
Refinement input: 19204 bricks
Setting regions...OK (0.000 s)
Refinement result: 19274 bricks (0.002 s)
Refinement input: 19274 bricks
Setting regions...OK (0.000 s)
Refinement result: 19358 bricks (0.003 s)
Refinement input: 19358 bricks
Setting regions...OK (0.000 s)
Refinement result: 19365 bricks (0.001 s)
Refinement input: 19365 bricks
Setting regions...OK (0.000 s)
Refinement result: 19421 bricks (0.002 s)
Refinement input: 19421 bricks
Setting regions...OK (0.000 s)
Refinement result: 19428 bricks (0.001 s)
Refinement input: 19428 bricks
Setting regions...OK (0.000 s)
Refinement result: 19484 bricks (0.002 s)
Refinement input: 19484 bricks
Setting regions...OK (0.000 s)
Refinement result: 19519 bricks (0.002 s)
Refinement input: 19519 bricks
Setting regions...OK (0.000 s)
Refinement result: 19540 bricks (0.002 s)
10 surfaces refined
Refining peculiar surfaces takes 0.04 s
-----------------------------------------------------------------------
Collecting and processing rays...OK (0.002 s)
Capturing...OK (0.000 s)
Collecting and processing rays...OK (0.000 s)
Capturing...OK (0.000 s)
Collecting and processing rays...OK (0.000 s)
Capturing...OK (0.000 s)

-----------------------------------------------------------------------
Base mesh 1 Refining...
Refinement input: 19540 bricks
Refinement result: 19540 bricks (0.000 s)
Collecting and processing rays...OK (0.000 s)
Capturing...OK (0.000 s)
-----------------------------------------------------------------------
Refining channels...
FYI: CNarrowChannelRefiner::RefineChannels_PRLL
Refinement input: 19540 bricks
Setting regions...OK (0.000 s)
Refinement result: 21283 bricks (0.002 s)
Collecting and processing rays...OK (0.002 s)
Capturing...OK (0.001 s)
FYI: m_iteration_count = 0
FYI: level1 statistics:
     level1_cnt_plus[1]=1992;		level1_cnt_minus[1]=0
     level1_cnt_plus[2]=0;		level1_cnt_minus[2]=0
     level1_cnt_plus[3]=0;		level1_cnt_minus[3]=0
     level1_cnt_plus[4]=0;		level1_cnt_minus[4]=0
     level1_cnt_plus[5]=0;		level1_cnt_minus[5]=0
     level1_cnt_plus[6]=0;		level1_cnt_minus[6]=0
     level1_cnt_plus[7]=0;		level1_cnt_minus[7]=0
     level1_cnt_plus[8]=0;		level1_cnt_minus[8]=0
     level1_cnt_plus[9]=0;		level1_cnt_minus[9]=0
Refinement input: 21283 bricks
Setting regions...OK (0.000 s)
Refinement result: 21717 bricks (0.002 s)
Collecting and processing rays...OK (0.002 s)
Capturing...OK (0.000 s)
FYI: m_iteration_count = 1
FYI: level1 statistics:
     level1_cnt_plus[1]=2479;		level1_cnt_minus[1]=0
     level1_cnt_plus[2]=8;		level1_cnt_minus[2]=0
     level1_cnt_plus[3]=0;		level1_cnt_minus[3]=0
     level1_cnt_plus[4]=0;		level1_cnt_minus[4]=0
     level1_cnt_plus[5]=0;		level1_cnt_minus[5]=0
     level1_cnt_plus[6]=0;		level1_cnt_minus[6]=0
     level1_cnt_plus[7]=0;		level1_cnt_minus[7]=0
     level1_cnt_plus[8]=0;		level1_cnt_minus[8]=0
     level1_cnt_plus[9]=0;		level1_cnt_minus[9]=0
Refinement input: 21717 bricks
Setting regions...OK (0.000 s)
Refinement result: 21773 bricks (0.002 s)
Collecting and processing rays...OK (0.000 s)
Capturing...OK (0.000 s)
FYI: m_iteration_count = 2
FYI: level1 statistics:
     level1_cnt_plus[1]=2543;		level1_cnt_minus[1]=0
     level1_cnt_plus[2]=8;		level1_cnt_minus[2]=0
     level1_cnt_plus[3]=0;		level1_cnt_minus[3]=0
     level1_cnt_plus[4]=0;		level1_cnt_minus[4]=0
     level1_cnt_plus[5]=0;		level1_cnt_minus[5]=0
     level1_cnt_plus[6]=0;		level1_cnt_minus[6]=0
     level1_cnt_plus[7]=0;		level1_cnt_minus[7]=0
     level1_cnt_plus[8]=0;		level1_cnt_minus[8]=0
     level1_cnt_plus[9]=0;		level1_cnt_minus[9]=0
FYI: m_iteration_count = 3
FYI: level1 statistics:
     level1_cnt_plus[1]=2543;		level1_cnt_minus[1]=0
     level1_cnt_plus[2]=8;		level1_cnt_minus[2]=0
     level1_cnt_plus[3]=0;		level1_cnt_minus[3]=0
     level1_cnt_plus[4]=0;		level1_cnt_minus[4]=0
     level1_cnt_plus[5]=0;		level1_cnt_minus[5]=0
     level1_cnt_plus[6]=0;		level1_cnt_minus[6]=0
     level1_cnt_plus[7]=0;		level1_cnt_minus[7]=0
     level1_cnt_plus[8]=0;		level1_cnt_minus[8]=0
     level1_cnt_plus[9]=0;		level1_cnt_minus[9]=0
Refinement input: 21773 bricks
Setting regions...OK (0.000 s)
Refinement result: 23810 bricks (0.002 s)
Collecting and processing rays...OK (0.002 s)
Capturing...OK (0.000 s)
FYI: m_iteration_count = 4
FYI: level1 statistics:
     level1_cnt_plus[1]=4781;		level1_cnt_minus[1]=0
     level1_cnt_plus[2]=88;		level1_cnt_minus[2]=0
     level1_cnt_plus[3]=0;		level1_cnt_minus[3]=0
     level1_cnt_plus[4]=0;		level1_cnt_minus[4]=0
     level1_cnt_plus[5]=0;		level1_cnt_minus[5]=0
     level1_cnt_plus[6]=0;		level1_cnt_minus[6]=0
     level1_cnt_plus[7]=0;		level1_cnt_minus[7]=0
     level1_cnt_plus[8]=0;		level1_cnt_minus[8]=0
     level1_cnt_plus[9]=0;		level1_cnt_minus[9]=0
FYI: m_iteration_count = 5
FYI: level1 statistics:
     level1_cnt_plus[1]=4781;		level1_cnt_minus[1]=0
     level1_cnt_plus[2]=88;		level1_cnt_minus[2]=0
     level1_cnt_plus[3]=0;		level1_cnt_minus[3]=0
     level1_cnt_plus[4]=0;		level1_cnt_minus[4]=0
     level1_cnt_plus[5]=0;		level1_cnt_minus[5]=0
     level1_cnt_plus[6]=0;		level1_cnt_minus[6]=0
     level1_cnt_plus[7]=0;		level1_cnt_minus[7]=0
     level1_cnt_plus[8]=0;		level1_cnt_minus[8]=0
     level1_cnt_plus[9]=0;		level1_cnt_minus[9]=0
FYI: level1 statistics:
     level1_cnt_plus[1]=4781;		level1_cnt_minus[1]=0
     level1_cnt_plus[2]=88;		level1_cnt_minus[2]=0
     level1_cnt_plus[3]=0;		level1_cnt_minus[3]=0
     level1_cnt_plus[4]=0;		level1_cnt_minus[4]=0
     level1_cnt_plus[5]=0;		level1_cnt_minus[5]=0
     level1_cnt_plus[6]=0;		level1_cnt_minus[6]=0
     level1_cnt_plus[7]=0;		level1_cnt_minus[7]=0
     level1_cnt_plus[8]=0;		level1_cnt_minus[8]=0
     level1_cnt_plus[9]=0;		level1_cnt_minus[9]=0

-----------------------------------------------------------------------
U-shapes refinement...
Refinement input: 23810 bricks
Setting regions...OK (0.000 s)
Refinement result: 24195 bricks (0.008 s)
Collecting and processing rays...OK (0.003 s)
Capturing...OK (0.000 s)
-----------------------------------------------------------------------

-----------------------------------------------------------------------
Equi Distant Refiner:
Equi Distant Refiner takes 0.00 s
-----------------------------------------------------------------------
Building geometry takes 0.812 s
Geometry Fluid.0.
Total		24195
Partial	8415
Fluid		2572
Solid		13130
Bad		78

/-Ray Intersection---------------/ Time	0.269 s
Calls			9167
CorrectRay Calls	0



-----------------------------------------------------------------------
Building geometries takes 0.814 s
-----------------------------------------------------------------------

-----------------------------------------------------------------------
PostBuilding geometries:
-----------------------------------------------------------------------
PostBuilding body-set (0) geometry Fluid.0. (0)...
Collecting and processing rays...OK (0.000 s)
Capturing...OK (0.000 s)
PostBuilding geometry takes 0.001 s
Geometry Fluid.0.
Total		24195
Partial	8415
Fluid		2572
Solid		13130
Bad		78

-----------------------------------------------------------------------
PostBuilding geometries takes 0.001 s
-----------------------------------------------------------------------
Defect ray count	0
FYI: CNarrowChannelRefiner::RedistributeLevel1_step_1: is finished
FYI: level1 statistics:
     level1_cnt_plus[1]=1174;		level1_cnt_minus[1]=0
     level1_cnt_plus[2]=3668;		level1_cnt_minus[2]=0
     level1_cnt_plus[3]=0;		level1_cnt_minus[3]=0
     level1_cnt_plus[4]=0;		level1_cnt_minus[4]=0
     level1_cnt_plus[5]=0;		level1_cnt_minus[5]=0
     level1_cnt_plus[6]=0;		level1_cnt_minus[6]=0
     level1_cnt_plus[7]=0;		level1_cnt_minus[7]=0
     level1_cnt_plus[8]=0;		level1_cnt_minus[8]=0
     level1_cnt_plus[9]=0;		level1_cnt_minus[9]=0
FYI: CNarrowChannelRefiner::RedistributeLevel1_step_2: is started
FYI: CNarrowChannelRefiner::RedistributeLevel1_step_2: is finished
FYI: level1 statistics:
     level1_cnt_plus[1]=2334;		level1_cnt_minus[1]=0
     level1_cnt_plus[2]=5579;		level1_cnt_minus[2]=0
     level1_cnt_plus[3]=0;		level1_cnt_minus[3]=0
     level1_cnt_plus[4]=0;		level1_cnt_minus[4]=0
     level1_cnt_plus[5]=0;		level1_cnt_minus[5]=0
     level1_cnt_plus[6]=0;		level1_cnt_minus[6]=0
     level1_cnt_plus[7]=0;		level1_cnt_minus[7]=0
     level1_cnt_plus[8]=0;		level1_cnt_minus[8]=0
     level1_cnt_plus[9]=0;		level1_cnt_minus[9]=0
FYI: CNarrowChannelRefiner::RedistributeLevel1_step_3: is started
FYI: CNarrowChannelRefiner::RedistributeLevel1_step_3: is finished
RedistributeLevel1 takes:
FYI: level1 statistics:
     level1_cnt_plus[1]=2334;		level1_cnt_minus[1]=3624
     level1_cnt_plus[2]=5579;		level1_cnt_minus[2]=1307
     level1_cnt_plus[3]=0;		level1_cnt_minus[3]=0
     level1_cnt_plus[4]=0;		level1_cnt_minus[4]=0
     level1_cnt_plus[5]=0;		level1_cnt_minus[5]=0
     level1_cnt_plus[6]=0;		level1_cnt_minus[6]=0
     level1_cnt_plus[7]=0;		level1_cnt_minus[7]=0
     level1_cnt_plus[8]=0;		level1_cnt_minus[8]=0
     level1_cnt_plus[9]=0;		level1_cnt_minus[9]=0
-----------------------------------------------------------------------
MSH format builder (Iteration 0)
-----------------------------------------------------------------------
Memory Working Set Current = 53.73 Mb, Memory Working Set Peak = 65.24 Mb
Process Threads Number: 13
-----------------------------------------------------------------------
Loading geometries triangulation & x-stacks...OK
x-stacks size = 0.69 Mb
Total bricks count: 24195
-----------------------------------------------------------------------
MSH (Real Geometry) format constructor:
	Getting brick sets...OK (0.001 s)
	Min x-stack xeps = 8.56016e-09
	D / dh / eps [axis=0] = (0.123424, 0.000428421, 2.85339e-09)
	D / dh / eps [axis=1] = (0.0624151, 0.000389989, 2.85339e-09)
	D / dh / eps [axis=2] = (0.113374, 0.000442767, 2.85339e-09)
	Time (xeps): 0.000 s
Level 4
	Set (0)  size: 2224
	Set (0)  time: 0.040 s
	Set (1)  size: 2224
	Set (1)  time: 0.036 s
Level 3
	Set (0)  size: 3090
	Set (0)  time: 0.036 s
	Set (1)  size: 3098
	Set (1)  time: 0.037 s
Level 2
	Set (0)  size: 4586
	Set (0)  time: 0.034 s
	Set (1)  size: 4587
	Set (1)  time: 0.033 s
Level 1
	Set (0)  size: 948
	Set (0)  time: 0.001 s
	Set (1)  size: 952
	Set (1)  time: 0.001 s
Level 0
	Set (0)  size: 1245
	Set (0)  time: 0.001 s
	Set (1)  size: 1241
	Set (1)  time: 0.001 s
Result:
	Bricks number:                        24195

	Memory usage:                         5.756 MB
	Memory usage (per brick):             0.244 KB
	Construction time:                    0.220 s

	Topology features:
	------------------
	- High quality bricks                  99.99 % (24193)
	- Medium quality bricks                 0.01 % (2)
	- Bad quality bricks                    0.00 % (0)
	- Ribs corrected bricks                 0.00 % (0)
	- Points with geom-info (bricks)        0.03 % (8)
	- Points with closest-info (bricks)     0.00 % (0)
	- Triangulated by center (bricks)       0.86 % (207)
	- Facet w-faces mergings (bricks)       0.00 % (0)
	- To refine (bricks)                    0.00 % (0)

-----------------------------------------------------------------------
Memory Working Set Current = 76.76 Mb, Memory Working Set Peak = 76.76 Mb
Process Threads Number: 13
-----------------------------------------------------------------------
-----------------------------------------------------------------------
-----------------------------------------------------------------------
MSH --> BCF format (Iteration 0)...
BCF collector...(remove mode=0)
	Time (alloc counter per brick): 0.001 s
	Brick    count: 24195
	Av.f all count: 12069
	Av.s all count: 22454
	Av.f pid count: 9530
	Av.s pid count: 9996
	Faces fs count: 24443
	Faces ff count: 0
	Faces ss count: 0
	Faces bb count: 0
	Faces fe count: 0
	Faces se count: 2369
	Faces fw count: 26812
	Faces af count: 32615
	Faces as count: 70472
	Time (all count): 	0.004 s
	Time (bcf alloc): 	0.001 s
	Time (shifts alloc): 	0.002 s
	Time (shifts init): 	0.002 s
	Time (bcf fill): 	0.013 s
	Time (add av to faces): 0.000 s
	Time (add faces to av): 0.006 s
Time (bcf collect): 		0.028 s
	AV checker...
	Time (check av): 	0.012 s
	Subdomain checker...
		Subdomains construction time: 0.004 s.
		Subdomains sort time: 0.000 s.
			Subdomain 0 (geom_ind=0): 8257 av
			Subdomain 1 (geom_ind=0): 2489 av
			Subdomain 2 (geom_ind=0): 1323 av
			Subdomain 3 (geom_ind=1): 22454 av
		gi: 0, subdomains: 3, real bodies: 3
		gi: 1, subdomains: 1, real bodies: 0
		Defect subdomains: 0
	Time (check subdoms): 	0.004 s
Time (bcf iteration total): 	0.045 s
	Time (fw-nb): 		0.003 s
	Fixed mutual fw-nb:     14621 (bb: 0)
	Time (fw-nb mutual): 	0.002 s
	Time (fw-nb sort): 	0.000 s
	Fw-opt BEFORE total:    26812 (fs=24443, ff=0, ss=0)
	Fw-opt AFTER  total:    15252 (fs=12883, ff=0, ss=0, failed fw/br=3/1, big_curv=27, big_poly=0)
	Fw-opt RESULT:          11560 (res/(fs+ff+ss) = 47.29 %)
	Time (fw-opt): 		0.007 s
	Time (fw-re-order): 	0.002 s
	Time (fw-nb): 		0.011 s
	Fixed mutual fw-nb:     32046 (bb: 0)
	Time (fw-nb mutual): 	0.002 s
	Time (fw-nb sort): 	0.000 s
	Time (rfd fix): 	0.000 s
	Time (av convexity): 	0.004 s
	Time (av small volume): 0.000 s
	Time (diagonal fw-nb): 	0.025 s
	Fixed mutual fw-nb:     0 (bb: 0)
	Time (fw-nb mutual): 	0.002 s
	Time (fw-nb sort): 	0.000 s
	Fluid subdomains: 3
	Faces fw-nb diff sd:    0
	Time (fw-nb diff sd): 	0.002 s
Time (bcf calc): 		0.065 s
-----------------------------------------------------------------------
Time (bcf total): 		0.111 s
-----------------------------------------------------------------------
-----------------------------------------------------------------------
Mega-cv constructor for fluid...
	 792 av's is treated as thin
Relative size generator (threshold = 0.05)...
	Iteration 1 (small cluster count = 1147)
	Iteration 2 (small cluster count = 493)
	Iteration 3 (small cluster count = 130)
	Iteration 4 (small cluster count = 34)
	Iteration 5 (small cluster count = 7)
	Iteration 6 (small cluster count = 2)
	Iteration 7 (small cluster count = 0)
	 1064 mega-cv's generated
	 69 mega-cv's removed
Relative size generator is completed OK (0.003 s)
Apply fa-rules to mega-cv clusters fixes...
	Fa-rule violation fixes:       27 of       27 (total cluster# =     1009)
OK (0.001 s)
Convert clusters:
	 992 mega-cv's total
Mega-cv count: 992
Time (mega-cv fill): 	0.002 s
Time (mega-cv total): 	0.011 s
-----------------------------------------------------------------------
Mixing plane rotation regions: NO.
Sliding mesh rotation regions: NO.
Fluid/fluid faces: NO.
----------------------------------------------------------
BCF --> BCF.GEOMSUBDOM (bridge arrays):
MESH (0):
	Fluid Subdom Constructor: 3 subdom(s).
	Solid Subdom Constructor: 1 subdom(s).
	Net Asm Subdom Constructor: 0 subdom(s).
	GEOMSUBDOM (0): gi=0 fluid av=8257 cv=7582 fa=22621 fb=0 fw=7601 V=1.395625e-05
	Cache data...OK
	GEOMSUBDOM (1): gi=0 fluid av=2489 cv=2268 fa=6895 fb=0 fw=2920 V=1.972268e-06
	Cache data...OK
	GEOMSUBDOM (2): gi=0 fluid av=1323 cv=1021 fa=3099 fb=0 fw=2362 V=5.932846e-08
	Cache data...OK
	GEOMSUBDOM (3): gi=1 solid av=22454 cv=22454 fa=70472 fb=0 fw=15252 V=8.573950e-04
	Cache data...OK
	Setting nb of w-faces...OK (0.005 s).
	Correcting nb of w-faces...
	Time(correct_fw_nb)=0.004 s

MESH (0) checking:
	GEOMSUBDOM (0):fa_s=0.0271185443450896 fb_s=0.0000000000000000 fw_s=0.0075457240736951 fw_nb=59388
	              :d_const(77)=5.25342e-11 d_linear(10)=1.00291e-10
	GEOMSUBDOM (1):fa_s=0.0042484657419314 fb_s=0.0000000000000000 fw_s=0.0014682041103996 fw_nb=23364
	              :d_const(1581)=9.58918e-14 d_linear(390)=1.34455e-12
	GEOMSUBDOM (2):fa_s=0.0002674517860898 fb_s=0.0000000000000000 fw_s=0.0005909621880227 fw_nb=18308
	              :d_const(454)=1.94689e-13 d_linear(995)=6.558e-12
	GEOMSUBDOM (3):fa_s=0.4343538522726755 fb_s=0.0000000000000000 fw_s=0.0671507577477212 fw_nb=111070
	              :d_const(194)=4.57795e-11 d_linear(21632)=3.57489e-10
MESH (0) checking: OK.
Time (MDS): 	0.044 s
----------------------------------------------------------

-----------------------------------------------------------------------
BCF CHECKSUM DATA (Mesh 0):

WARNING! 303 w-face(s) without RefFacesData.
BRICK |Level1| Sum:               19730
FACE_A Area Sum:   G.Fluid        0.0316344618731108
FACE_A Area Sum:   G.Solid        0.4343538522726756
FACE_W Area Sum:                  0.0671507577477212
FACE_W Nb   Sum:                  111070
FACE_W min curvatures sum:        -3778757.14880800
FACE_W max curvatures sum:        6548732.64495134
AV Max Disbalance(Const) :        5.25342e-11 (cid=291, t={1, 94, 14}, avid=85, pid=77)
AV Max Disbalance(Linear):        3.54907e-09 (cid=7992, t={122, 75, 87}, avid=3578, pid=2701)
-----------------------------------------------------------------------


-----------------------------------------------------------------------
MESHER TOPOLOGY DATA:

BRICKS: Total                 24195
BRICKS: 1-CV                  14997
BRICKS: 2-CV                  8227
BRICKS: 3-CV                  820
BRICKS: 4-CV                  143
BRICKS: 5-CV                  8
BRICKS: Bad                   0

AV:     G.Total               34523
AV:     G.Fluid               12069
AV:     G.Solid               22454

AV:     G.Fluid Thin Profile    6.61 % (798)
AV:     G.Solid Thin Profile    1.48 % (332)

AV:     G.Fluid Thin For Mega   6.56 % (792)
AV:     G.Solid Thin For Mega   1.01 % (226)

AV:     G.Fluid Non-Convex     27.88 % (3365)
AV:     G.Solid Non-Convex     18.83 % (4228)

AV:     G.Fluid Non-Ess-Convex      7.33 % (885)
AV:     G.Solid Non-Ess-Convex      6.72 % (1508)

FACE_A: G.Fluid          (af) 32615 (partially opened 20337)
FACE_A: G.Solid          (as) 70472 (partially opened 21438)

FACE_B: G.Total          (b)  0

FACE_W: G.Total                 15252       Brick/Bound
FACE_W: G.Fluid/Solid    (fs_g) 12883       0           
FACE_W: G.Fluid/Fluid    (ff_g) 0           0           
FACE_W: G.Solid/Solid    (ss_g) 0           0           
FACE_W: G.Fluid/External (fe_g) 0
FACE_W: G.Solid/External (se_g) 2369

AV/CV max fa count (on brick side):7
AV/CV max fw count:                7
AV/CV max fb count:                0
AV/CV max fw poly count:           24

MEMORY: Total                   12.158 MB
MEMORY: Per Brick               0.515 KB
-----------------------------------------------------------------------

-----------------------------------------------------------------------
Connectivities information:
	Number of conns: 0
-----------------------------------------------------------------------
	Time (gap size): 	0.028 s
-----------------------------------------------------------------------
Calculating curvature and tolerance criteria...
Curvature: min=0 max=3.13966
Tolerance: min=0 max=0.000437322
Calculating curvature and tolerance criteria takes 0.146 s
-----------------------------------------------------------------------
MESH Build(FS) finished. Time=1.681 s
-----------------------------------------------------------------------
Current CPU = 2 sec

Nx=18
Ny=10
Nz=16
Max BRICK Level=4
Mesh Level=4
-----------------CModelBodies2MeshMapper::CollectData started -------------------------------
-----------------CModelBodies2MeshMapper Report -------------------------------
FluidDomains 3 SolidDomains 1 VoidDomains 0 
Domains RefIndexes
Domain 0, Index count 15
Domain 1, Index count 42
Domain 2, Index count 5
Domain 3, Index count 62
----------------- -------------------------------
	ModelBodies
Total resolved Bodies 0 BodySets 0

--------------------------------------------------------------------------
	Positive geometry Bodies
Total resolved Bodies 3 BodySets 3
BodySet 0
	Bodies list:
			#0	Name: ;	ID: a5e27782-0301-4054-aed3-4bf788cc4019
	Domains list:		 1 
BodySet 1
	Bodies list:
			#0	Name: ;	ID: e465d7a6-c8bf-4df5-b461-1c31c6a0ffdb
	Domains list:		 0 
BodySet 2
	Bodies list:
			#0	Name: ;	ID: 55563e80-2124-4a19-9a28-ad7ec5db782b
	Domains list:		 2 

--------------------------------------------------------------------------
	Fluid regions
Total resolved Bodies 3 BodySets 1
BodySet 0	Material: Water; 
	Bodies list:
			#0	Name: ;	ID: a5e27782-0301-4054-aed3-4bf788cc4019
			#1	Name: ;	ID: e465d7a6-c8bf-4df5-b461-1c31c6a0ffdb
			#2	Name: ;	ID: 55563e80-2124-4a19-9a28-ad7ec5db782b
	Domains list:		 0 		 1 		 2 

--------------------------------------------------------------------------
-----------------CModelBodies2MeshMapper::CollectData finished successfully-------------------
Saving initial mesh in: N:\Downloads\GitHub\liquid-propellant-engine\2kN Heat Sink Engine\Simulation Only\1\Parametric Study 2\38\38.fld .
Storing results...
Estimated CPT size=6.102 MB.
	Time (write bcf): 1.388 s
OK
-----------------------------------------------------------------------
Memory Working Set Current = 105.28 Mb, Memory Working Set Peak = 105.28 Mb
Process Threads Number: 13
-----------------------------------------------------------------------
Cleaning memory...
		Time (free xsl):                    	0.002 s
Free Geometry DB takes 0.000 s
	Time (free bcf): 	0.010 s
		Time (free bcf mesh):               	0.023 s
	Time (free mesher data):              	0.026 s
Copying... OK
Mesh generation normally finished at	13.4.2021	22:55:36
Mesher CPU = 3 sec
Mesher is finished at	13.4.2021	22:55:36
-----------------------------------------------------------------------
Memory Working Set Current = 47.06 Mb, Memory Working Set Peak = 105.66 Mb
Process Threads Number: 13
-----------------------------------------------------------------------
Algebra Pool      : mem_usage = 0.63 Mb, allocated count = 0
Log ended at 13.04.2021	22:55:36
