Log started at 28.04.2021	05:08:29
Number of used processors (NPROC): 4.
Number of mesh partitions (NPART): 4.
Total Physical Memory = 15.87 Gb, Available Physical Memory = 10.43 Gb
Computer name:	MCAE33
Operating system:	Windows 10 (or higher) (Version 10.0.18363)

SOLIDWORKS 2020 SP4.0
Flow Simulation 2020  x64 / 4995 / MESHER ver. efd_dev.4663_05.07.2019 

Project: N:\Downloads\GitHub\liquid-propellant-engine\2kN Heat Sink Engine\Revised Stack OD 6in\1\Parametric Study 1\6\6.xmlconfig
Configuration name: Default
Project name: Project(1)
NGK: OFF
MBO: OFF

Mesh generation started:	28.4.2021	5:8:29
-----------------------------------------------------------------------
Mesher option run = eRunMesherNormal
-----------------------------------------------------------------------
Current CPU = 0 sec
-----------------------------------------------------------------------
Geometries initialization:
-----------------------------------------------------------------------
Loading mesh settings (global/local)...
-----------------------------------------------------------------------
Number of geometries from DB: 1
Geometry(0):
	Guid = {00000000-0000-0000-0000-000000000000}
	Fluid..
	1 Body.
	1 Real body.
	-- Bodyset 0 --
		Tolerance=1.24686e-05.
		38 Face(s).
			38 of b-spline type.
		0 Face(s) that have no ref faces
		9 Plane surface(s).
		10 Cylinder surface(s).
		1 Cone surface(s).
		1 Sphere surface(s).
		1 Torus surface(s).
		16 B- surface(s).
		17940 Triangle(s).
		Getting triangle connectivities from DB: 0.001 s
		73 Edge(s).
			73 of b-spline type.
		BodyGeom reading: 0.016 s.
		20 Reference Face(s).
		5904 Reference Triangles.
		Getting triangle connectivities from DB (Ref): 0.000 s
		BodyGeom Ref reading: 0.001 s.
		Getting triangle connectivities from DB (Extra Triangulation): 0.001 s
Geometry(1):
	Solid.
	-- Bodyset 1 --
	Empty
-----------------------------------------------------------------------
Number of geometries in task: 2
Number of bodysets   in task: 2
-----------------------------------------------------------------------
	Making hash and connectivity for Bodyset ...
		CBodyGeom:
		Hash size: {24, 24, 24}.
		Mesh size: {8, 24, 8}.
		Hashing triangles...Ok.
			axis(0) tr sizes: average=71 max=1269
			axis(1) tr sizes: average=83 max=644
			axis(2) tr sizes: average=71 max=1240
		Number of t-connected sets:2
			(0) size=12
			(1) size=17928 cavity
		Done.
		CBodyGeomRef:
		Hashing triangles...Ok.
			axis(0) tr sizes: average=153 max=793
			axis(1) tr sizes: average=231 max=363
			axis(2) tr sizes: average=153 max=777
		Done.
	0.0174 s.
Geometries reading and preparing has taken 0.041 s.

Mapped triangles:
Hashing geometries triangles
	Triangles num=17940
	Triangles box={-0.00961445  ,0.00961445  ,-0.0716972  ,-0.00672845  ,-0.00961449  ,0.00961458  }
		3d-hash size is 139564 bytes
Hashing peculiar surfaces triangles
	Triangles num=54
	Triangles box={-0.00954237  ,-0.00930554  ,-0.0679484  ,-0.0637183  ,-0.00211245  ,0.00211667  }
		3d-hash size is 6452 bytes
	Triangles num=54
	Triangles box={0.0050833  ,0.00807444  ,-0.0679484  ,-0.0637183  ,-0.00807672  ,-0.00508699  }
		3d-hash size is 6528 bytes
	Triangles num=54
	Triangles box={-0.00807672  ,-0.00508699  ,-0.0679484  ,-0.0637183  ,-0.00807444  ,-0.0050833  }
		3d-hash size is 6528 bytes
	Triangles num=54
	Triangles box={-0.00807444  ,-0.0050833  ,-0.0679484  ,-0.0637183  ,0.00508699  ,0.00807672  }
		3d-hash size is 6528 bytes
	Triangles num=54
	Triangles box={-0.00211245  ,0.00211667  ,-0.0679484  ,-0.0637183  ,0.00930554  ,0.00954237  }
		3d-hash size is 6452 bytes
	Triangles num=54
	Triangles box={0.00930554  ,0.00954237  ,-0.0679484  ,-0.0637183  ,-0.00211667  ,0.00211245  }
		3d-hash size is 6452 bytes
	Triangles num=54
	Triangles box={-0.00211667  ,0.00211245  ,-0.0679484  ,-0.0637183  ,-0.00954237  ,-0.00930554  }
		3d-hash size is 6452 bytes
	Triangles num=25
	Triangles box={-0.00367496  ,0.00370417  ,-0.006858  ,-0.006858  ,-0.00369686  ,0.00369686  }
		3d-hash size is 6520 bytes
Mapped triangles processed in 0.020 s.
-----------------------------------------------------------------------
Getting sectors:
Number of sectors: 0
-----------------------------------------------------------------------
-----------------------------------------------------------------------

Current CPU = 0 sec

-----------------------------------------------------------------------
Mesh dimensions:
				I[0 ]=8
				I[1 ]=24
				I[2 ]=8

Comp. domain size:
				a[0  ]=-0.00959526
				a[1  ]=0.00959526
				a[2  ]=-0.0716324
				a[3  ]=-0.00679329
				a[4  ]=-0.00959529
				a[5  ]=0.00959539

Fluid calculated			1
Solid calculated			0
-----------------------------------------------------------------------
MESH Build started...
-----------------------------------------------------------------------
Mesh LEVEL = 2
-----------------------------------------------------------------------
Setting regions...OK (0.000 s)
Base mesh info------------------
	2D flag  =0
	Period   =[0, 0, 0]
	Nx=8
		x[0]=-0.00959526
		x[1]=-0.00719569
		x[2]=-0.00479688
		x[3]=-0.00239806
		x[4]=7.53373e-07
		x[5]=0.00239957
		x[6]=0.00479838
		x[7]=0.0071972
		x[8]=0.00959526
	Ny=24
		y[0]=-0.0716324
		y[1]=-0.06893
		y[2]=-0.0662284
		y[3]=-0.0635268
		y[4]=-0.0608251
		y[5]=-0.0581235
		y[6]=-0.0554219
		y[7]=-0.0527203
		y[8]=-0.0500186
		y[9]=-0.047317
		y[10]=-0.0446154
		y[11]=-0.0419137
		y[12]=-0.0392121
		y[13]=-0.0365105
		y[14]=-0.0338089
		y[15]=-0.0311072
		y[16]=-0.0284056
		y[17]=-0.025704
		y[18]=-0.0230023
		y[19]=-0.0203007
		y[20]=-0.0175991
		y[21]=-0.0148974
		y[22]=-0.0121958
		y[23]=-0.00949419
		y[24]=-0.00679329
	Nz=8
		z[0]=-0.00959529
		z[1]=-0.00719591
		z[2]=-0.00479707
		z[3]=-0.00239824
		z[4]=5.99696e-07
		z[5]=0.00239944
		z[6]=0.00479827
		z[7]=0.00719711
		z[8]=0.00959539
End of base mesh info---------
Input_mesh_settings--------------------------------
Settings 0----------------
	Scope: GLOBAL
	Type:	------MESHER_SETTINGS----------
	RefAllCells           =0
	RefFluidCells         =0
	RefPartCells          =0
	RefSolidCells         =0
	l_SSFR(Capture crit)  =1
	l_curv(Curvature crit)=0
	l_tol(Tolerance crit) =1
	  k_tol               =0.0010597
	UseChannelRef         =1
	  NCR_method          =0
	  l_NCR               =2
	  N_gap               =5
	  Use d_NCR_min       =0
	  Use d_NCR_max       =0
	IgnoreThinChannelsHeight         =0
	--END_OF_MESHER_SETTINGS-------
End of input mesh settings-------------------------

-----------------------------------------------------------------------
Building geometries:
-----------------------------------------------------------------------
Building body-set (0) of geometry Fluid.0.(0). ...

-----------------------------------------------------------------------
Refining by triangulation...
Refinement input: 1536 bricks
Setting regions...OK (0.000 s)
Setting regions...OK (0.000 s)
Refinement result: 2460 bricks (0.057 s)
Refinement input: 2460 bricks
Refinement result: 2460 bricks (0.000 s)
Collecting and processing rays...OK (0.013 s)
Capturing...OK (0.000 s)
Refining by triangulation takes 0.071 s
-----------------------------------------------------------------------

-----------------------------------------------------------------------
Refining peculiar surfaces...
0 surfaces refined
Refining peculiar surfaces takes 0.001 s
-----------------------------------------------------------------------
Collecting and processing rays...OK (0.000 s)
Capturing...OK (0.000 s)
Collecting and processing rays...OK (0.000 s)
Capturing...OK (0.000 s)
Collecting and processing rays...OK (0.000 s)
Capturing...OK (0.000 s)

-----------------------------------------------------------------------
Base mesh 1 Refining...
Refinement input: 2460 bricks
Refinement result: 2460 bricks (0.000 s)
Collecting and processing rays...OK (0.000 s)
Capturing...OK (0.000 s)
-----------------------------------------------------------------------
Refining channels...
FYI: CNarrowChannelRefiner::RefineChannels_PRLL
Refinement input: 2460 bricks
Setting regions...OK (0.000 s)
Refinement result: 5386 bricks (0.001 s)
Collecting and processing rays...OK (0.008 s)
Capturing...OK (0.001 s)
FYI: m_iteration_count = 0
FYI: level1 statistics:
     level1_cnt_plus[1]=3344;		level1_cnt_minus[1]=0
     level1_cnt_plus[2]=0;		level1_cnt_minus[2]=0
     level1_cnt_plus[3]=0;		level1_cnt_minus[3]=0
     level1_cnt_plus[4]=0;		level1_cnt_minus[4]=0
     level1_cnt_plus[5]=0;		level1_cnt_minus[5]=0
     level1_cnt_plus[6]=0;		level1_cnt_minus[6]=0
     level1_cnt_plus[7]=0;		level1_cnt_minus[7]=0
     level1_cnt_plus[8]=0;		level1_cnt_minus[8]=0
     level1_cnt_plus[9]=0;		level1_cnt_minus[9]=0
Refinement input: 5386 bricks
Setting regions...OK (0.000 s)
Refinement result: 5442 bricks (0.001 s)
Collecting and processing rays...OK (0.001 s)
Capturing...OK (0.000 s)
FYI: m_iteration_count = 1
FYI: level1 statistics:
     level1_cnt_plus[1]=3390;		level1_cnt_minus[1]=0
     level1_cnt_plus[2]=16;		level1_cnt_minus[2]=0
     level1_cnt_plus[3]=0;		level1_cnt_minus[3]=0
     level1_cnt_plus[4]=0;		level1_cnt_minus[4]=0
     level1_cnt_plus[5]=0;		level1_cnt_minus[5]=0
     level1_cnt_plus[6]=0;		level1_cnt_minus[6]=0
     level1_cnt_plus[7]=0;		level1_cnt_minus[7]=0
     level1_cnt_plus[8]=0;		level1_cnt_minus[8]=0
     level1_cnt_plus[9]=0;		level1_cnt_minus[9]=0
FYI: m_iteration_count = 2
FYI: level1 statistics:
     level1_cnt_plus[1]=3390;		level1_cnt_minus[1]=0
     level1_cnt_plus[2]=16;		level1_cnt_minus[2]=0
     level1_cnt_plus[3]=0;		level1_cnt_minus[3]=0
     level1_cnt_plus[4]=0;		level1_cnt_minus[4]=0
     level1_cnt_plus[5]=0;		level1_cnt_minus[5]=0
     level1_cnt_plus[6]=0;		level1_cnt_minus[6]=0
     level1_cnt_plus[7]=0;		level1_cnt_minus[7]=0
     level1_cnt_plus[8]=0;		level1_cnt_minus[8]=0
     level1_cnt_plus[9]=0;		level1_cnt_minus[9]=0
Refinement input: 5442 bricks
Setting regions...OK (0.000 s)
Refinement result: 10468 bricks (0.001 s)
Collecting and processing rays...OK (0.009 s)
Capturing...OK (0.001 s)
FYI: m_iteration_count = 3
FYI: level1 statistics:
     level1_cnt_plus[1]=8306;		level1_cnt_minus[1]=0
     level1_cnt_plus[2]=752;		level1_cnt_minus[2]=0
     level1_cnt_plus[3]=0;		level1_cnt_minus[3]=0
     level1_cnt_plus[4]=0;		level1_cnt_minus[4]=0
     level1_cnt_plus[5]=0;		level1_cnt_minus[5]=0
     level1_cnt_plus[6]=0;		level1_cnt_minus[6]=0
     level1_cnt_plus[7]=0;		level1_cnt_minus[7]=0
     level1_cnt_plus[8]=0;		level1_cnt_minus[8]=0
     level1_cnt_plus[9]=0;		level1_cnt_minus[9]=0
FYI: m_iteration_count = 4
FYI: level1 statistics:
     level1_cnt_plus[1]=8306;		level1_cnt_minus[1]=0
     level1_cnt_plus[2]=752;		level1_cnt_minus[2]=0
     level1_cnt_plus[3]=0;		level1_cnt_minus[3]=0
     level1_cnt_plus[4]=0;		level1_cnt_minus[4]=0
     level1_cnt_plus[5]=0;		level1_cnt_minus[5]=0
     level1_cnt_plus[6]=0;		level1_cnt_minus[6]=0
     level1_cnt_plus[7]=0;		level1_cnt_minus[7]=0
     level1_cnt_plus[8]=0;		level1_cnt_minus[8]=0
     level1_cnt_plus[9]=0;		level1_cnt_minus[9]=0
FYI: level1 statistics:
     level1_cnt_plus[1]=8306;		level1_cnt_minus[1]=0
     level1_cnt_plus[2]=752;		level1_cnt_minus[2]=0
     level1_cnt_plus[3]=0;		level1_cnt_minus[3]=0
     level1_cnt_plus[4]=0;		level1_cnt_minus[4]=0
     level1_cnt_plus[5]=0;		level1_cnt_minus[5]=0
     level1_cnt_plus[6]=0;		level1_cnt_minus[6]=0
     level1_cnt_plus[7]=0;		level1_cnt_minus[7]=0
     level1_cnt_plus[8]=0;		level1_cnt_minus[8]=0
     level1_cnt_plus[9]=0;		level1_cnt_minus[9]=0

-----------------------------------------------------------------------
U-shapes refinement...
Refinement input: 10468 bricks
Refinement result: 10468 bricks (0.002 s)
Collecting and processing rays...OK (0.000 s)
Capturing...OK (0.000 s)
-----------------------------------------------------------------------

-----------------------------------------------------------------------
Equi Distant Refiner:
Equi Distant Refiner takes 0.00 s
-----------------------------------------------------------------------
Building geometry takes 0.286 s
Geometry Fluid.0.
Total		10468
Partial	3728
Fluid		2736
Solid		4004
Bad		0

/-Ray Intersection---------------/ Time	0.057 s
Calls			2549
CorrectRay Calls	0



-----------------------------------------------------------------------
Building geometries takes 0.287 s
-----------------------------------------------------------------------

-----------------------------------------------------------------------
PostBuilding geometries:
-----------------------------------------------------------------------
PostBuilding body-set (0) geometry Fluid.0. (0)...
Collecting and processing rays...OK (0.000 s)
Capturing...OK (0.000 s)
PostBuilding geometry takes 0.001 s
Geometry Fluid.0.
Total		10468
Partial	3728
Fluid		2736
Solid		4004
Bad		0

-----------------------------------------------------------------------
PostBuilding geometries takes 0 s
-----------------------------------------------------------------------
Defect ray count	0
FYI: CNarrowChannelRefiner::RedistributeLevel1_step_1: is finished
FYI: level1 statistics:
     level1_cnt_plus[1]=3748;		level1_cnt_minus[1]=0
     level1_cnt_plus[2]=5310;		level1_cnt_minus[2]=0
     level1_cnt_plus[3]=0;		level1_cnt_minus[3]=0
     level1_cnt_plus[4]=0;		level1_cnt_minus[4]=0
     level1_cnt_plus[5]=0;		level1_cnt_minus[5]=0
     level1_cnt_plus[6]=0;		level1_cnt_minus[6]=0
     level1_cnt_plus[7]=0;		level1_cnt_minus[7]=0
     level1_cnt_plus[8]=0;		level1_cnt_minus[8]=0
     level1_cnt_plus[9]=0;		level1_cnt_minus[9]=0
FYI: CNarrowChannelRefiner::RedistributeLevel1_step_2: is started
FYI: CNarrowChannelRefiner::RedistributeLevel1_step_2: is finished
FYI: level1 statistics:
     level1_cnt_plus[1]=3796;		level1_cnt_minus[1]=0
     level1_cnt_plus[2]=5594;		level1_cnt_minus[2]=0
     level1_cnt_plus[3]=0;		level1_cnt_minus[3]=0
     level1_cnt_plus[4]=0;		level1_cnt_minus[4]=0
     level1_cnt_plus[5]=0;		level1_cnt_minus[5]=0
     level1_cnt_plus[6]=0;		level1_cnt_minus[6]=0
     level1_cnt_plus[7]=0;		level1_cnt_minus[7]=0
     level1_cnt_plus[8]=0;		level1_cnt_minus[8]=0
     level1_cnt_plus[9]=0;		level1_cnt_minus[9]=0
FYI: CNarrowChannelRefiner::RedistributeLevel1_step_3: is started
FYI: CNarrowChannelRefiner::RedistributeLevel1_step_3: is finished
RedistributeLevel1 takes:
FYI: level1 statistics:
     level1_cnt_plus[1]=3796;		level1_cnt_minus[1]=0
     level1_cnt_plus[2]=5594;		level1_cnt_minus[2]=4
     level1_cnt_plus[3]=0;		level1_cnt_minus[3]=0
     level1_cnt_plus[4]=0;		level1_cnt_minus[4]=0
     level1_cnt_plus[5]=0;		level1_cnt_minus[5]=0
     level1_cnt_plus[6]=0;		level1_cnt_minus[6]=0
     level1_cnt_plus[7]=0;		level1_cnt_minus[7]=0
     level1_cnt_plus[8]=0;		level1_cnt_minus[8]=0
     level1_cnt_plus[9]=0;		level1_cnt_minus[9]=0
-----------------------------------------------------------------------
MSH format builder (Iteration 0)
-----------------------------------------------------------------------
Memory Working Set Current = 41.91 Mb, Memory Working Set Peak = 49.19 Mb
Process Threads Number: 13
-----------------------------------------------------------------------
Loading geometries triangulation & x-stacks...OK
x-stacks size = 0.18 Mb
Total bricks count: 10468
-----------------------------------------------------------------------
MSH (Real Geometry) format constructor:
	Getting brick sets...OK (0.001 s)
	Min x-stack xeps = 0.000108032
	D / dh / eps [axis=0] = (0.0191905, 0.000599515, 5.99515e-07)
	D / dh / eps [axis=1] = (0.0648391, 0.000675407, 6.75407e-07)
	D / dh / eps [axis=2] = (0.0191907, 0.000599571, 5.99571e-07)
	Time (xeps): 0.000 s
Level 2
	Set (0)  size: 2864
	Set (0)  time: 0.029 s
	Set (1)  size: 2864
	Set (1)  time: 0.024 s
Level 1
	Set (0)  size: 1882
	Set (0)  time: 0.009 s
	Set (1)  size: 1882
	Set (1)  time: 0.009 s
Level 0
	Set (0)  size: 488
	Set (0)  time: 0.000 s
	Set (1)  size: 488
	Set (1)  time: 0.000 s
Result:
	Bricks number:                        10468

	Memory usage:                         1.999 MB
	Memory usage (per brick):             0.196 KB
	Construction time:                    0.075 s

	Topology features:
	------------------
	- High quality bricks                  99.99 % (10467)
	- Medium quality bricks                 0.01 % (1)
	- Bad quality bricks                    0.00 % (0)
	- Ribs corrected bricks                 0.00 % (0)
	- Points with geom-info (bricks)        0.01 % (1)
	- Points with closest-info (bricks)     0.00 % (0)
	- Triangulated by center (bricks)       0.04 % (4)
	- Facet w-faces mergings (bricks)       0.00 % (0)
	- To refine (bricks)                    0.00 % (0)

-----------------------------------------------------------------------
Memory Working Set Current = 53.71 Mb, Memory Working Set Peak = 53.71 Mb
Process Threads Number: 13
-----------------------------------------------------------------------
-----------------------------------------------------------------------
-----------------------------------------------------------------------
MSH --> BCF format (Iteration 0)...
BCF collector...(remove mode=0)
	Time (alloc counter per brick): 0.000 s
	Brick    count: 10468
	Av.f all count: 6488
	Av.s all count: 7756
	Av.f pid count: 3776
	Av.s pid count: 3752
	Faces fs count: 7032
	Faces ff count: 0
	Faces ss count: 0
	Faces bb count: 0
	Faces fe count: 0
	Faces se count: 1580
	Faces fw count: 8612
	Faces af count: 17424
	Faces as count: 22556
	Time (all count): 	0.002 s
	Time (bcf alloc): 	0.001 s
	Time (shifts alloc): 	0.001 s
	Time (shifts init): 	0.001 s
	Time (bcf fill): 	0.005 s
	Time (add av to faces): 0.000 s
	Time (add faces to av): 0.002 s
Time (bcf collect): 		0.012 s
	AV checker...
	Time (check av): 	0.008 s
	Subdomain checker...
		Subdomains construction time: 0.001 s.
		Subdomains sort time: 0.000 s.
			Subdomain 0 (geom_ind=0): 6488 av
			Subdomain 1 (geom_ind=1): 7756 av
		gi: 0, subdomains: 1, real bodies: 1
		gi: 1, subdomains: 1, real bodies: 0
		Defect subdomains: 0
	Time (check subdoms): 	0.002 s
Time (bcf iteration total): 	0.023 s
	Time (fw-nb): 		0.001 s
	Fixed mutual fw-nb:     3460 (bb: 0)
	Time (fw-nb mutual): 	0.001 s
	Time (fw-nb sort): 	0.000 s
	Fw-opt BEFORE total:    8612 (fs=7032, ff=0, ss=0)
	Fw-opt AFTER  total:    6173 (fs=4593, ff=0, ss=0, failed fw/br=0/0, big_curv=1, big_poly=0)
	Fw-opt RESULT:          2439 (res/(fs+ff+ss) = 34.68 %)
	Time (fw-opt): 		0.003 s
	Time (fw-re-order): 	0.002 s
	Time (fw-nb): 		0.006 s
	Fixed mutual fw-nb:     12466 (bb: 0)
	Time (fw-nb mutual): 	0.002 s
	Time (fw-nb sort): 	0.001 s
	Time (rfd fix): 	0.000 s
	Time (av convexity): 	0.003 s
	Time (av small volume): 0.000 s
	Time (diagonal fw-nb): 	0.008 s
	Fixed mutual fw-nb:     0 (bb: 0)
	Time (fw-nb mutual): 	0.001 s
	Time (fw-nb sort): 	0.000 s
	Fluid subdomains: 1
	Faces fw-nb diff sd:    0
	Time (fw-nb diff sd): 	0.001 s
Time (bcf calc): 		0.034 s
-----------------------------------------------------------------------
Time (bcf total): 		0.057 s
-----------------------------------------------------------------------
-----------------------------------------------------------------------
Mega-cv constructor for fluid...
	 0 av's is treated as thin
Relative size generator (threshold = 0.05)...
	Iteration 1 (small cluster count = 520)
	Iteration 2 (small cluster count = 257)
	Iteration 3 (small cluster count = 57)
	Iteration 4 (small cluster count = 10)
	Iteration 5 (small cluster count = 0)
	 520 mega-cv's generated
	 0 mega-cv's removed
Relative size generator is completed OK (0.002 s)
Apply fa-rules to mega-cv clusters fixes...
OK (0.000 s)
Convert clusters:
	 520 mega-cv's total
Mega-cv count: 520
Time (mega-cv fill): 	0.002 s
Time (mega-cv total): 	0.008 s
-----------------------------------------------------------------------
Mixing plane rotation regions: NO.
Sliding mesh rotation regions: NO.
Fluid/fluid faces: NO.
----------------------------------------------------------
BCF --> BCF.GEOMSUBDOM (bridge arrays):
MESH (0):
	Fluid Subdom Constructor: 1 subdom(s).
	Solid Subdom Constructor: 1 subdom(s).
	Net Asm Subdom Constructor: 0 subdom(s).
	GEOMSUBDOM (0): gi=0 fluid av=6488 cv=5968 fa=17424 fb=0 fw=4593 V=3.321097e-06
	Cache data...OK
	GEOMSUBDOM (1): gi=1 solid av=7756 cv=7756 fa=22556 fb=0 fw=6173 V=2.055779e-05
	Cache data...OK
	Setting nb of w-faces...OK (0.003 s).
	Correcting nb of w-faces...
	Time(correct_fw_nb)=0.003 s

MESH (0) checking:
	GEOMSUBDOM (0):fa_s=0.0099119936732214 fb_s=0.0000000000000000 fw_s=0.0021240612821959 fw_nb=36700
	              :d_const(3435)=5.40725e-14 d_linear(2049)=3.13508e-13
	GEOMSUBDOM (1):fa_s=0.0298097974164363 fb_s=0.0000000000000000 fw_s=0.0078378249094490 fw_nb=43212
	              :d_const(310)=3.61197e-12 d_linear(1303)=1.83585e-11
MESH (0) checking: OK.
Time (MDS): 	0.025 s
----------------------------------------------------------

-----------------------------------------------------------------------
BCF CHECKSUM DATA (Mesh 0):

WARNING! 267 w-face(s) without RefFacesData.
BRICK |Level1| Sum:               14992
FACE_A Area Sum:   G.Fluid        0.0099119936732214
FACE_A Area Sum:   G.Solid        0.0298097974164363
FACE_W Area Sum:                  0.0078378249094490
FACE_W Nb   Sum:                  43212
FACE_W min curvatures sum:        -1929317.56112671
FACE_W max curvatures sum:        5379384.22526169
AV Max Disbalance(Const) :        3.61197e-12 (cid=991, t={14, 6, 7}, avid=7367, pid=286)
AV Max Disbalance(Linear):        1.83585e-11 (cid=1009, t={17, 6, 5}, avid=7378, pid=292)
-----------------------------------------------------------------------


-----------------------------------------------------------------------
MESHER TOPOLOGY DATA:

BRICKS: Total                 10468
BRICKS: 1-CV                  6716
BRICKS: 2-CV                  3728
BRICKS: 3-CV                  24
BRICKS: Bad                   0

AV:     G.Total               14244
AV:     G.Fluid               6488
AV:     G.Solid               7756

AV:     G.Fluid Thin Profile    0.00 % (0)
AV:     G.Solid Thin Profile    0.31 % (24)

AV:     G.Fluid Thin For Mega   0.00 % (0)
AV:     G.Solid Thin For Mega   0.31 % (24)

AV:     G.Fluid Non-Convex     11.79 % (765)
AV:     G.Solid Non-Convex     12.36 % (959)

AV:     G.Fluid Non-Ess-Convex      3.47 % (225)
AV:     G.Solid Non-Ess-Convex      4.69 % (364)

FACE_A: G.Fluid          (af) 17424 (partially opened 7572)
FACE_A: G.Solid          (as) 22556 (partially opened 7524)

FACE_B: G.Total          (b)  0

FACE_W: G.Total                 6173        Brick/Bound
FACE_W: G.Fluid/Solid    (fs_g) 4593        0           
FACE_W: G.Fluid/Fluid    (ff_g) 0           0           
FACE_W: G.Solid/Solid    (ss_g) 0           0           
FACE_W: G.Fluid/External (fe_g) 0
FACE_W: G.Solid/External (se_g) 1580

AV/CV max fa count (on brick side):4
AV/CV max fw count:                4
AV/CV max fb count:                0
AV/CV max fw poly count:           13

MEMORY: Total                   4.907 MB
MEMORY: Per Brick               0.480 KB
-----------------------------------------------------------------------

-----------------------------------------------------------------------
Connectivities information:
	Number of conns: 0
-----------------------------------------------------------------------
	Time (gap size): 	0.012 s
-----------------------------------------------------------------------
Calculating curvature and tolerance criteria...
Curvature: min=0 max=3.12285
Tolerance: min=0 max=0.000792659
Calculating curvature and tolerance criteria takes 0.059 s
-----------------------------------------------------------------------
MESH Build(FS) finished. Time=0.644 s
-----------------------------------------------------------------------
Current CPU = 1 sec

Nx=8
Ny=24
Nz=8
Max BRICK Level=2
Mesh Level=2
-----------------CModelBodies2MeshMapper::CollectData started -------------------------------
-----------------CModelBodies2MeshMapper Report -------------------------------
FluidDomains 1 SolidDomains 1 VoidDomains 0 
Domains RefIndexes
Domain 0, Index count 20
Domain 1, Index count 20
----------------- -------------------------------
	ModelBodies
Total resolved Bodies 0 BodySets 0

--------------------------------------------------------------------------
	Positive geometry Bodies
Total resolved Bodies 1 BodySets 1
BodySet 0
	Bodies list:
			#0	Name: ;	ID: dc9a312d-c812-4dfd-8555-2c984a973d79
	Domains list:		 0 

--------------------------------------------------------------------------
	Fluid regions
Total resolved Bodies 1 BodySets 1
BodySet 0	Material: Oxygen; 
	Bodies list:
			#0	Name: ;	ID: dc9a312d-c812-4dfd-8555-2c984a973d79
	Domains list:		 0 

--------------------------------------------------------------------------
-----------------CModelBodies2MeshMapper::CollectData finished successfully-------------------
Saving initial mesh in: N:\Downloads\GitHub\liquid-propellant-engine\2kN Heat Sink Engine\Revised Stack OD 6in\1\Parametric Study 1\6\6.fld .
Storing results...
Estimated CPT size=2.359 MB.
	Time (write bcf): 0.349 s
OK
-----------------------------------------------------------------------
Memory Working Set Current = 62.29 Mb, Memory Working Set Peak = 62.29 Mb
Process Threads Number: 13
-----------------------------------------------------------------------
Cleaning memory...
		Time (free xsl):                    	0.000 s
Free Geometry DB takes 0.000 s
	Time (free bcf): 	0.003 s
		Time (free bcf mesh):               	0.009 s
	Time (free mesher data):              	0.011 s
Copying... OK
Mesh generation normally finished at	28.4.2021	5:8:30
Mesher CPU = 1 sec
Mesher is finished at	28.4.2021	5:8:30
-----------------------------------------------------------------------
Memory Working Set Current = 33.73 Mb, Memory Working Set Peak = 62.66 Mb
Process Threads Number: 13
-----------------------------------------------------------------------
Algebra Pool      : mem_usage = 0.31 Mb, allocated count = 0
Log ended at 28.04.2021	05:08:30
