Log started at 13.04.2021	22:39:10
Number of used processors (NPROC): 4.
Number of mesh partitions (NPART): 4.
Total Physical Memory = 15.87 Gb, Available Physical Memory = 10.40 Gb
Computer name:	MCAE33
Operating system:	Windows 10 (or higher) (Version 10.0.18363)

SOLIDWORKS 2020 SP4.0
Flow Simulation 2020  x64 / 4995 / MESHER ver. efd_dev.4663_05.07.2019 

Project: N:\Downloads\GitHub\liquid-propellant-engine\2kN Heat Sink Engine\Simulation Only\1\Parametric Study 2\32\32.xmlconfig
Configuration name: Default
Project name: Single Fluid (Water Substitute)
NGK: OFF
MBO: OFF

Mesh generation started:	13.4.2021	22:39:10
-----------------------------------------------------------------------
Mesher option run = eRunMesherNormal
-----------------------------------------------------------------------
Current CPU = 0 sec
-----------------------------------------------------------------------
Geometries initialization:
-----------------------------------------------------------------------
Loading mesh settings (global/local)...
-----------------------------------------------------------------------
Number of geometries from DB: 1
Geometry(0):
	Guid = {00000000-0000-0000-0000-000000000000}
	Fluid..
	1 Body.
	2 Real bodies.
	-- Bodyset 0 --
		Tolerance=3.3166e-05.
		103 Face(s).
			103 of b-spline type.
		0 Face(s) that have no ref faces
		13 Plane surface(s).
		33 Cylinder surface(s).
		5 Cone surface(s).
		4 Torus surface(s).
		48 B- surface(s).
		14490 Triangle(s).
		Getting triangle connectivities from DB: 0.001 s
		209 Edge(s).
			209 of b-spline type.
		BodyGeom reading: 0.020 s.
		61 Reference Face(s).
		9695 Reference Triangles.
		Getting triangle connectivities from DB (Ref): 0.001 s
		BodyGeom Ref reading: 0.001 s.
		Getting triangle connectivities from DB (Extra Triangulation): 0.001 s
Geometry(1):
	Solid.
	-- Bodyset 1 --
	Empty
-----------------------------------------------------------------------
Number of geometries in task: 2
Number of bodysets   in task: 2
-----------------------------------------------------------------------
	Making hash and connectivity for Bodyset ...
		CBodyGeom:
		Hash size: {18, 30, 16}.
		Mesh size: {18, 10, 16}.
		Hashing triangles...Ok.
			axis(0) tr sizes: average=63 max=4859
			axis(1) tr sizes: average=81 max=3246
			axis(2) tr sizes: average=56 max=4887
		Number of t-connected sets:3
			(0) size=12
			(1) size=8224 cavity
			(2) size=6254 cavity
		Done.
		CBodyGeomRef:
		Hashing triangles...Ok.
			axis(0) tr sizes: average=242 max=2294
			axis(1) tr sizes: average=208 max=2257
			axis(2) tr sizes: average=231 max=2555
		Done.
	0.0124 s.
Geometries reading and preparing has taken 0.040 s.

Mapped triangles:
Hashing geometries triangles
	Triangles num=14490
	Triangles box={0.0238666  ,0.148505  ,0.150841  ,0.213381  ,0.102082  ,0.216572  }
		3d-hash size is 112868 bytes
Hashing peculiar surfaces triangles
	Triangles num=37
	Triangles box={0.024018  ,0.0307351  ,0.185147  ,0.196579  ,0.102187  ,0.111432  }
		3d-hash size is 11884 bytes
	Triangles num=37
	Triangles box={0.0702151  ,0.0815803  ,0.185147  ,0.196579  ,0.215167  ,0.216361  }
		3d-hash size is 11976 bytes
	Triangles num=37
	Triangles box={0.14367  ,0.148319  ,0.185147  ,0.196579  ,0.114046  ,0.124486  }
		3d-hash size is 11984 bytes
	Triangles num=37
	Triangles box={0.0773704  ,0.0888028  ,0.213256  ,0.213256  ,0.141572  ,0.153  }
		3d-hash size is 11952 bytes
	Triangles num=30
	Triangles box={0.0831231  ,0.0845875  ,0.152586  ,0.154083  ,0.141933  ,0.142147  }
		3d-hash size is 11648 bytes
	Triangles num=30
	Triangles box={0.0784758  ,0.0793933  ,0.152586  ,0.154083  ,0.143416  ,0.144577  }
		3d-hash size is 11684 bytes
	Triangles num=30
	Triangles box={0.0857921  ,0.0869533  ,0.152586  ,0.154083  ,0.142666  ,0.143583  }
		3d-hash size is 11684 bytes
	Triangles num=30
	Triangles box={0.0877369  ,0.0882838  ,0.152586  ,0.154083  ,0.144635  ,0.14601  }
		3d-hash size is 11684 bytes
	Triangles num=30
	Triangles box={0.0778954  ,0.0784423  ,0.152586  ,0.154083  ,0.148549  ,0.149924  }
		3d-hash size is 11648 bytes
	Triangles num=30
	Triangles box={0.0843588  ,0.085734  ,0.152586  ,0.154083  ,0.151927  ,0.152474  }
		3d-hash size is 11700 bytes
	Triangles num=30
	Triangles box={0.0815917  ,0.0830561  ,0.152586  ,0.154083  ,0.152413  ,0.152627  }
		3d-hash size is 11648 bytes
	Triangles num=30
	Triangles box={0.0792259  ,0.0803871  ,0.152586  ,0.154083  ,0.150976  ,0.151894  }
		3d-hash size is 11676 bytes
	Triangles num=30
	Triangles box={0.0867859  ,0.0877034  ,0.152586  ,0.154083  ,0.149982  ,0.151143  }
		3d-hash size is 11648 bytes
	Triangles num=30
	Triangles box={0.0804451  ,0.0818203  ,0.152586  ,0.154083  ,0.142085  ,0.142632  }
		3d-hash size is 11648 bytes
	Triangles num=30
	Triangles box={0.0882225  ,0.0884365  ,0.152586  ,0.154083  ,0.147313  ,0.148778  }
		3d-hash size is 11648 bytes
	Triangles num=30
	Triangles box={0.0777427  ,0.0779566  ,0.152586  ,0.154083  ,0.145782  ,0.147246  }
		3d-hash size is 11648 bytes
	Triangles num=78
	Triangles box={0.0769688  ,0.0892111  ,0.173621  ,0.173621  ,0.141158  ,0.153401  }
		3d-hash size is 11944 bytes
Mapped triangles processed in 0.015 s.
-----------------------------------------------------------------------
Getting sectors:
Number of sectors: 0
-----------------------------------------------------------------------
-----------------------------------------------------------------------

Current CPU = 0 sec

-----------------------------------------------------------------------
Mesh dimensions:
				I[0 ]=18
				I[1 ]=10
				I[2 ]=16

Comp. domain size:
				a[0  ]=0.023991
				a[1  ]=0.14838
				a[2  ]=0.150903
				a[3  ]=0.213318
				a[4  ]=0.102196
				a[5  ]=0.216458

Fluid calculated			1
Solid calculated			0
-----------------------------------------------------------------------
MESH Build started...
-----------------------------------------------------------------------
Mesh LEVEL = 4
-----------------------------------------------------------------------
Setting regions...OK (0.000 s)
Base mesh info------------------
	2D flag  =0
	Period   =[0, 0, 0]
	Nx=18
		x[0]=0.023991
		x[1]=0.0309037
		x[2]=0.0378142
		x[3]=0.0447247
		x[4]=0.0516352
		x[5]=0.0585458
		x[6]=0.0654563
		x[7]=0.0723668
		x[8]=0.0792773
		x[9]=0.0861879
		x[10]=0.0930984
		x[11]=0.100009
		x[12]=0.106919
		x[13]=0.11383
		x[14]=0.12074
		x[15]=0.127651
		x[16]=0.134562
		x[17]=0.141472
		x[18]=0.14838
	Ny=10
		y[0]=0.150903
		y[1]=0.157146
		y[2]=0.163388
		y[3]=0.169629
		y[4]=0.175871
		y[5]=0.182112
		y[6]=0.188354
		y[7]=0.194595
		y[8]=0.200837
		y[9]=0.207079
		y[10]=0.213318
	Nz=16
		z[0]=0.102196
		z[1]=0.109339
		z[2]=0.116481
		z[3]=0.123622
		z[4]=0.130763
		z[5]=0.137905
		z[6]=0.145046
		z[7]=0.152187
		z[8]=0.159329
		z[9]=0.16647
		z[10]=0.173611
		z[11]=0.180753
		z[12]=0.187894
		z[13]=0.195035
		z[14]=0.202177
		z[15]=0.209318
		z[16]=0.216458
End of base mesh info---------
Input_mesh_settings--------------------------------
Settings 0----------------
	Scope: GLOBAL
	Type:	------MESHER_SETTINGS----------
	RefAllCells           =0
	RefFluidCells         =0
	RefPartCells          =0
	RefSolidCells         =0
	l_SSFR(Capture crit)  =4
	l_curv(Curvature crit)=0
	l_tol(Tolerance crit) =4
	  k_tol               =0.000377956
	UseChannelRef         =1
	  NCR_method          =0
	  l_NCR               =2
	  N_gap               =5
	  Use d_NCR_min       =0
	  Use d_NCR_max       =0
	IgnoreThinChannelsHeight         =0
	--END_OF_MESHER_SETTINGS-------
End of input mesh settings-------------------------

-----------------------------------------------------------------------
Building geometries:
-----------------------------------------------------------------------
Building body-set (0) of geometry Fluid.0.(0). ...

-----------------------------------------------------------------------
Refining by triangulation...
Refinement input: 2880 bricks
Setting regions...OK (0.000 s)
Setting regions...OK (0.000 s)
Setting regions...OK (0.000 s)
Setting regions...OK (0.000 s)
Setting regions...OK (0.000 s)
Setting regions...OK (0.000 s)
Refinement result: 20009 bricks (0.108 s)
Refinement input: 20009 bricks
Refinement result: 20009 bricks (0.005 s)
Collecting and processing rays...OK (0.086 s)
Capturing...OK (0.004 s)
Refining by triangulation takes 0.202 s
-----------------------------------------------------------------------

-----------------------------------------------------------------------
Refining peculiar surfaces...
Refinement input: 20009 bricks
Setting regions...OK (0.000 s)
Refinement result: 20079 bricks (0.002 s)
Refinement input: 20079 bricks
Setting regions...OK (0.000 s)
Refinement result: 20128 bricks (0.003 s)
Refinement input: 20128 bricks
Setting regions...OK (0.000 s)
Refinement result: 20184 bricks (0.002 s)
Refinement input: 20184 bricks
Setting regions...OK (0.000 s)
Refinement result: 20240 bricks (0.003 s)
Refinement input: 20240 bricks
Setting regions...OK (0.000 s)
Refinement result: 20289 bricks (0.003 s)
Refinement input: 20289 bricks
Setting regions...OK (0.000 s)
Refinement result: 20821 bricks (0.004 s)
6 surfaces refined
Refining peculiar surfaces takes 0.028 s
-----------------------------------------------------------------------
Collecting and processing rays...OK (0.005 s)
Capturing...OK (0.000 s)
Collecting and processing rays...OK (0.000 s)
Capturing...OK (0.000 s)
Collecting and processing rays...OK (0.000 s)
Capturing...OK (0.000 s)

-----------------------------------------------------------------------
Base mesh 1 Refining...
Refinement input: 20821 bricks
Refinement result: 20821 bricks (0.000 s)
Collecting and processing rays...OK (0.000 s)
Capturing...OK (0.000 s)
-----------------------------------------------------------------------
Refining channels...
FYI: CNarrowChannelRefiner::RefineChannels_PRLL
Refinement input: 20821 bricks
Setting regions...OK (0.000 s)
Refinement result: 22284 bricks (0.003 s)
Collecting and processing rays...OK (0.002 s)
Capturing...OK (0.001 s)
FYI: m_iteration_count = 0
FYI: level1 statistics:
     level1_cnt_plus[1]=1672;		level1_cnt_minus[1]=0
     level1_cnt_plus[2]=0;		level1_cnt_minus[2]=0
     level1_cnt_plus[3]=0;		level1_cnt_minus[3]=0
     level1_cnt_plus[4]=0;		level1_cnt_minus[4]=0
     level1_cnt_plus[5]=0;		level1_cnt_minus[5]=0
     level1_cnt_plus[6]=0;		level1_cnt_minus[6]=0
     level1_cnt_plus[7]=0;		level1_cnt_minus[7]=0
     level1_cnt_plus[8]=0;		level1_cnt_minus[8]=0
     level1_cnt_plus[9]=0;		level1_cnt_minus[9]=0
Refinement input: 22284 bricks
Setting regions...OK (0.000 s)
Refinement result: 22396 bricks (0.002 s)
Collecting and processing rays...OK (0.000 s)
Capturing...OK (0.000 s)
FYI: m_iteration_count = 1
FYI: level1 statistics:
     level1_cnt_plus[1]=1791;		level1_cnt_minus[1]=0
     level1_cnt_plus[2]=8;		level1_cnt_minus[2]=0
     level1_cnt_plus[3]=0;		level1_cnt_minus[3]=0
     level1_cnt_plus[4]=0;		level1_cnt_minus[4]=0
     level1_cnt_plus[5]=0;		level1_cnt_minus[5]=0
     level1_cnt_plus[6]=0;		level1_cnt_minus[6]=0
     level1_cnt_plus[7]=0;		level1_cnt_minus[7]=0
     level1_cnt_plus[8]=0;		level1_cnt_minus[8]=0
     level1_cnt_plus[9]=0;		level1_cnt_minus[9]=0
FYI: m_iteration_count = 2
FYI: level1 statistics:
     level1_cnt_plus[1]=1791;		level1_cnt_minus[1]=0
     level1_cnt_plus[2]=8;		level1_cnt_minus[2]=0
     level1_cnt_plus[3]=0;		level1_cnt_minus[3]=0
     level1_cnt_plus[4]=0;		level1_cnt_minus[4]=0
     level1_cnt_plus[5]=0;		level1_cnt_minus[5]=0
     level1_cnt_plus[6]=0;		level1_cnt_minus[6]=0
     level1_cnt_plus[7]=0;		level1_cnt_minus[7]=0
     level1_cnt_plus[8]=0;		level1_cnt_minus[8]=0
     level1_cnt_plus[9]=0;		level1_cnt_minus[9]=0
Refinement input: 22396 bricks
Setting regions...OK (0.000 s)
Refinement result: 25952 bricks (0.003 s)
Collecting and processing rays...OK (0.005 s)
Capturing...OK (0.001 s)
FYI: m_iteration_count = 3
FYI: level1 statistics:
     level1_cnt_plus[1]=5747;		level1_cnt_minus[1]=0
     level1_cnt_plus[2]=104;		level1_cnt_minus[2]=0
     level1_cnt_plus[3]=0;		level1_cnt_minus[3]=0
     level1_cnt_plus[4]=0;		level1_cnt_minus[4]=0
     level1_cnt_plus[5]=0;		level1_cnt_minus[5]=0
     level1_cnt_plus[6]=0;		level1_cnt_minus[6]=0
     level1_cnt_plus[7]=0;		level1_cnt_minus[7]=0
     level1_cnt_plus[8]=0;		level1_cnt_minus[8]=0
     level1_cnt_plus[9]=0;		level1_cnt_minus[9]=0
FYI: m_iteration_count = 4
FYI: level1 statistics:
     level1_cnt_plus[1]=5747;		level1_cnt_minus[1]=0
     level1_cnt_plus[2]=104;		level1_cnt_minus[2]=0
     level1_cnt_plus[3]=0;		level1_cnt_minus[3]=0
     level1_cnt_plus[4]=0;		level1_cnt_minus[4]=0
     level1_cnt_plus[5]=0;		level1_cnt_minus[5]=0
     level1_cnt_plus[6]=0;		level1_cnt_minus[6]=0
     level1_cnt_plus[7]=0;		level1_cnt_minus[7]=0
     level1_cnt_plus[8]=0;		level1_cnt_minus[8]=0
     level1_cnt_plus[9]=0;		level1_cnt_minus[9]=0
FYI: level1 statistics:
     level1_cnt_plus[1]=5747;		level1_cnt_minus[1]=0
     level1_cnt_plus[2]=104;		level1_cnt_minus[2]=0
     level1_cnt_plus[3]=0;		level1_cnt_minus[3]=0
     level1_cnt_plus[4]=0;		level1_cnt_minus[4]=0
     level1_cnt_plus[5]=0;		level1_cnt_minus[5]=0
     level1_cnt_plus[6]=0;		level1_cnt_minus[6]=0
     level1_cnt_plus[7]=0;		level1_cnt_minus[7]=0
     level1_cnt_plus[8]=0;		level1_cnt_minus[8]=0
     level1_cnt_plus[9]=0;		level1_cnt_minus[9]=0

-----------------------------------------------------------------------
U-shapes refinement...
Refinement input: 25952 bricks
Setting regions...OK (0.000 s)
Setting regions...OK (0.000 s)
Refinement result: 26274 bricks (0.011 s)
Collecting and processing rays...OK (0.005 s)
Capturing...OK (0.000 s)
-----------------------------------------------------------------------

-----------------------------------------------------------------------
Equi Distant Refiner:
Equi Distant Refiner takes 0.00 s
-----------------------------------------------------------------------
Building geometry takes 0.749 s
Geometry Fluid.0.
Total		26274
Partial	8962
Fluid		3708
Solid		13494
Bad		110

/-Ray Intersection---------------/ Time	0.251 s
Calls			9702
CorrectRay Calls	0



-----------------------------------------------------------------------
Building geometries takes 0.75 s
-----------------------------------------------------------------------

-----------------------------------------------------------------------
PostBuilding geometries:
-----------------------------------------------------------------------
PostBuilding body-set (0) geometry Fluid.0. (0)...
Collecting and processing rays...OK (0.000 s)
Capturing...OK (0.000 s)
PostBuilding geometry takes 0.001 s
Geometry Fluid.0.
Total		26274
Partial	8962
Fluid		3708
Solid		13494
Bad		110

-----------------------------------------------------------------------
PostBuilding geometries takes 0.001 s
-----------------------------------------------------------------------
Defect ray count	0
FYI: CNarrowChannelRefiner::RedistributeLevel1_step_1: is finished
FYI: level1 statistics:
     level1_cnt_plus[1]=1080;		level1_cnt_minus[1]=0
     level1_cnt_plus[2]=4763;		level1_cnt_minus[2]=0
     level1_cnt_plus[3]=0;		level1_cnt_minus[3]=0
     level1_cnt_plus[4]=0;		level1_cnt_minus[4]=0
     level1_cnt_plus[5]=0;		level1_cnt_minus[5]=0
     level1_cnt_plus[6]=0;		level1_cnt_minus[6]=0
     level1_cnt_plus[7]=0;		level1_cnt_minus[7]=0
     level1_cnt_plus[8]=0;		level1_cnt_minus[8]=0
     level1_cnt_plus[9]=0;		level1_cnt_minus[9]=0
FYI: CNarrowChannelRefiner::RedistributeLevel1_step_2: is started
FYI: CNarrowChannelRefiner::RedistributeLevel1_step_2: is finished
FYI: level1 statistics:
     level1_cnt_plus[1]=2060;		level1_cnt_minus[1]=0
     level1_cnt_plus[2]=8545;		level1_cnt_minus[2]=0
     level1_cnt_plus[3]=0;		level1_cnt_minus[3]=0
     level1_cnt_plus[4]=0;		level1_cnt_minus[4]=0
     level1_cnt_plus[5]=0;		level1_cnt_minus[5]=0
     level1_cnt_plus[6]=0;		level1_cnt_minus[6]=0
     level1_cnt_plus[7]=0;		level1_cnt_minus[7]=0
     level1_cnt_plus[8]=0;		level1_cnt_minus[8]=0
     level1_cnt_plus[9]=0;		level1_cnt_minus[9]=0
FYI: CNarrowChannelRefiner::RedistributeLevel1_step_3: is started
FYI: CNarrowChannelRefiner::RedistributeLevel1_step_3: is finished
RedistributeLevel1 takes:
FYI: level1 statistics:
     level1_cnt_plus[1]=2060;		level1_cnt_minus[1]=1609
     level1_cnt_plus[2]=8545;		level1_cnt_minus[2]=2628
     level1_cnt_plus[3]=0;		level1_cnt_minus[3]=0
     level1_cnt_plus[4]=0;		level1_cnt_minus[4]=0
     level1_cnt_plus[5]=0;		level1_cnt_minus[5]=0
     level1_cnt_plus[6]=0;		level1_cnt_minus[6]=0
     level1_cnt_plus[7]=0;		level1_cnt_minus[7]=0
     level1_cnt_plus[8]=0;		level1_cnt_minus[8]=0
     level1_cnt_plus[9]=0;		level1_cnt_minus[9]=0
-----------------------------------------------------------------------
MSH format builder (Iteration 0)
-----------------------------------------------------------------------
Memory Working Set Current = 55.45 Mb, Memory Working Set Peak = 67.92 Mb
Process Threads Number: 13
-----------------------------------------------------------------------
Loading geometries triangulation & x-stacks...OK
x-stacks size = 0.73 Mb
Total bricks count: 26274
-----------------------------------------------------------------------
MSH (Real Geometry) format constructor:
	Getting brick sets...OK (0.001 s)
	Min x-stack xeps = 8.43448e-09
	D / dh / eps [axis=0] = (0.124389, 0.000431772, 2.81149e-09)
	D / dh / eps [axis=1] = (0.0624151, 0.000389989, 2.81149e-09)
	D / dh / eps [axis=2] = (0.114261, 0.000446231, 2.81149e-09)
	Time (xeps): 0.000 s
Level 4
	Set (0)  size: 2428
	Set (0)  time: 0.042 s
	Set (1)  size: 2428
	Set (1)  time: 0.037 s
Level 3
	Set (0)  size: 3234
	Set (0)  time: 0.037 s
	Set (1)  size: 3207
	Set (1)  time: 0.034 s
Level 2
	Set (0)  size: 5260
	Set (0)  time: 0.036 s
	Set (1)  size: 5243
	Set (1)  time: 0.036 s
Level 1
	Set (0)  size: 1009
	Set (0)  time: 0.001 s
	Set (1)  size: 1016
	Set (1)  time: 0.001 s
Level 0
	Set (0)  size: 1227
	Set (0)  time: 0.001 s
	Set (1)  size: 1222
	Set (1)  time: 0.001 s
Result:
	Bricks number:                        26274

	Memory usage:                         6.072 MB
	Memory usage (per brick):             0.237 KB
	Construction time:                    0.227 s

	Topology features:
	------------------
	- High quality bricks                  99.99 % (26272)
	- Medium quality bricks                 0.01 % (2)
	- Bad quality bricks                    0.00 % (0)
	- Ribs corrected bricks                 0.00 % (0)
	- Points with geom-info (bricks)        0.05 % (14)
	- Points with closest-info (bricks)     0.00 % (0)
	- Triangulated by center (bricks)       0.86 % (227)
	- Facet w-faces mergings (bricks)       0.00 % (0)
	- To refine (bricks)                    0.00 % (0)

-----------------------------------------------------------------------
Memory Working Set Current = 78.07 Mb, Memory Working Set Peak = 78.07 Mb
Process Threads Number: 13
-----------------------------------------------------------------------
-----------------------------------------------------------------------
-----------------------------------------------------------------------
MSH --> BCF format (Iteration 0)...
BCF collector...(remove mode=0)
	Time (alloc counter per brick): 0.001 s
	Brick    count: 26274
	Av.f all count: 13679
	Av.s all count: 23478
	Av.f pid count: 10117
	Av.s pid count: 10530
	Faces fs count: 25399
	Faces ff count: 0
	Faces ss count: 0
	Faces bb count: 0
	Faces fe count: 0
	Faces se count: 2516
	Faces fw count: 27915
	Faces af count: 37655
	Faces as count: 73422
	Time (all count): 	0.004 s
	Time (bcf alloc): 	0.001 s
	Time (shifts alloc): 	0.002 s
	Time (shifts init): 	0.002 s
	Time (bcf fill): 	0.012 s
	Time (add av to faces): 0.000 s
	Time (add faces to av): 0.005 s
Time (bcf collect): 		0.027 s
	AV checker...
	Time (check av): 	0.009 s
	Subdomain checker...
		Subdomains construction time: 0.004 s.
		Subdomains sort time: 0.000 s.
			Subdomain 0 (geom_ind=0): 11286 av
			Subdomain 1 (geom_ind=0): 2393 av
			Subdomain 2 (geom_ind=1): 23478 av
		gi: 0, subdomains: 2, real bodies: 2
		gi: 1, subdomains: 1, real bodies: 0
		Defect subdomains: 0
	Time (check subdoms): 	0.004 s
Time (bcf iteration total): 	0.040 s
	Time (fw-nb): 		0.002 s
	Fixed mutual fw-nb:     15044 (bb: 0)
	Time (fw-nb mutual): 	0.002 s
	Time (fw-nb sort): 	0.000 s
	Fw-opt BEFORE total:    27915 (fs=25399, ff=0, ss=0)
	Fw-opt AFTER  total:    15947 (fs=13431, ff=0, ss=0, failed fw/br=3/0, big_curv=38, big_poly=0)
	Fw-opt RESULT:          11968 (res/(fs+ff+ss) = 47.12 %)
	Time (fw-opt): 		0.007 s
	Time (fw-re-order): 	0.002 s
	Time (fw-nb): 		0.011 s
	Fixed mutual fw-nb:     33524 (bb: 0)
	Time (fw-nb mutual): 	0.002 s
	Time (fw-nb sort): 	0.000 s
	Time (rfd fix): 	0.000 s
	Time (av convexity): 	0.005 s
	Time (av small volume): 0.000 s
	Time (diagonal fw-nb): 	0.026 s
	Fixed mutual fw-nb:     0 (bb: 0)
	Time (fw-nb mutual): 	0.002 s
	Time (fw-nb sort): 	0.001 s
	Fluid subdomains: 2
	Faces fw-nb diff sd:    0
	Time (fw-nb diff sd): 	0.002 s
Time (bcf calc): 		0.067 s
-----------------------------------------------------------------------
Time (bcf total): 		0.107 s
-----------------------------------------------------------------------
-----------------------------------------------------------------------
Mega-cv constructor for fluid...
	 726 av's is treated as thin
Relative size generator (threshold = 0.05)...
	Iteration 1 (small cluster count = 1090)
	Iteration 2 (small cluster count = 479)
	Iteration 3 (small cluster count = 151)
	Iteration 4 (small cluster count = 49)
	Iteration 5 (small cluster count = 9)
	Iteration 6 (small cluster count = 0)
	 1032 mega-cv's generated
	 78 mega-cv's removed
Relative size generator is completed OK (0.003 s)
Apply fa-rules to mega-cv clusters fixes...
	Fa-rule violation fixes:       30 of       30 (total cluster# =      976)
OK (0.001 s)
Convert clusters:
	 959 mega-cv's total
Mega-cv count: 959
Time (mega-cv fill): 	0.002 s
Time (mega-cv total): 	0.011 s
-----------------------------------------------------------------------
Mixing plane rotation regions: NO.
Sliding mesh rotation regions: NO.
Fluid/fluid faces: NO.
----------------------------------------------------------
BCF --> BCF.GEOMSUBDOM (bridge arrays):
MESH (0):
	Fluid Subdom Constructor: 2 subdom(s).
	Solid Subdom Constructor: 1 subdom(s).
	Net Asm Subdom Constructor: 0 subdom(s).
	GEOMSUBDOM (0): gi=0 fluid av=11286 cv=10367 fa=31015 fb=0 fw=10530 V=2.023467e-05
	Cache data...OK
	GEOMSUBDOM (1): gi=0 fluid av=2393 cv=2162 fa=6640 fb=0 fw=2901 V=1.974932e-06
	Cache data...OK
	GEOMSUBDOM (2): gi=1 solid av=23478 cv=23478 fa=73422 fb=0 fw=15947 V=8.648909e-04
	Cache data...OK
	Setting nb of w-faces...OK (0.006 s).
	Correcting nb of w-faces...
	Time(correct_fw_nb)=0.006 s

MESH (0) checking:
	GEOMSUBDOM (0):fa_s=0.0382115853728304 fb_s=0.0000000000000000 fw_s=0.0093504900182222 fw_nb=82036
	              :d_const(27)=2.97652e-10 d_linear(9788)=5.27723e-10
	GEOMSUBDOM (1):fa_s=0.0041967619488988 fb_s=0.0000000000000000 fw_s=0.0014683864415922 fw_nb=23504
	              :d_const(807)=9.58045e-14 d_linear(315)=8.08412e-13
	GEOMSUBDOM (2):fa_s=0.4398769864608444 fb_s=0.0000000000000000 fw_s=0.0690355352780723 fw_nb=116210
	              :d_const(252)=1.39103e-10 d_linear(12017)=5.38997e-09
MESH (0) checking: OK.
Time (MDS): 	0.055 s
----------------------------------------------------------

-----------------------------------------------------------------------
BCF CHECKSUM DATA (Mesh 0):

WARNING! 265 w-face(s) without RefFacesData.
BRICK |Level1| Sum:               26015
FACE_A Area Sum:   G.Fluid        0.0424083473217292
FACE_A Area Sum:   G.Solid        0.4398769864608439
FACE_W Area Sum:                  0.0690355352780723
FACE_W Nb   Sum:                  116210
FACE_W min curvatures sum:        -3650763.14054489
FACE_W max curvatures sum:        5726390.07837844
AV Max Disbalance(Const) :        2.97652e-10 (cid=215, t={7, 88, 10}, avid=27, pid=22)
AV Max Disbalance(Linear):        5.38997e-09 (cid=15621, t={149, 72, 99}, avid=27669, pid=6645)
-----------------------------------------------------------------------


-----------------------------------------------------------------------
MESHER TOPOLOGY DATA:

BRICKS: Total                 26274
BRICKS: 1-CV                  16510
BRICKS: 2-CV                  8848
BRICKS: 3-CV                  713
BRICKS: 4-CV                  203
BRICKS: Bad                   0

AV:     G.Total               37157
AV:     G.Fluid               13679
AV:     G.Solid               23478

AV:     G.Fluid Thin Profile    5.59 % (764)
AV:     G.Solid Thin Profile    1.49 % (350)

AV:     G.Fluid Thin For Mega   5.31 % (726)
AV:     G.Solid Thin For Mega   1.48 % (347)

AV:     G.Fluid Non-Convex     25.48 % (3486)
AV:     G.Solid Non-Convex     18.38 % (4315)

AV:     G.Fluid Non-Ess-Convex      7.40 % (1012)
AV:     G.Solid Non-Ess-Convex      6.30 % (1478)

FACE_A: G.Fluid          (af) 37655 (partially opened 21742)
FACE_A: G.Solid          (as) 73422 (partially opened 22562)

FACE_B: G.Total          (b)  0

FACE_W: G.Total                 15947       Brick/Bound
FACE_W: G.Fluid/Solid    (fs_g) 13431       0           
FACE_W: G.Fluid/Fluid    (ff_g) 0           0           
FACE_W: G.Solid/Solid    (ss_g) 0           0           
FACE_W: G.Fluid/External (fe_g) 0
FACE_W: G.Solid/External (se_g) 2516

AV/CV max fa count (on brick side):7
AV/CV max fw count:                7
AV/CV max fb count:                0
AV/CV max fw poly count:           32

MEMORY: Total                   13.010 MB
MEMORY: Per Brick               0.507 KB
-----------------------------------------------------------------------

-----------------------------------------------------------------------
Connectivities information:
	Number of conns: 0
-----------------------------------------------------------------------
	Time (gap size): 	0.030 s
-----------------------------------------------------------------------
Calculating curvature and tolerance criteria...
Curvature: min=0 max=3.14055
Tolerance: min=0 max=0.000444491
Calculating curvature and tolerance criteria takes 0.133 s
-----------------------------------------------------------------------
MESH Build(FS) finished. Time=1.626 s
-----------------------------------------------------------------------
Current CPU = 2 sec

Nx=18
Ny=10
Nz=16
Max BRICK Level=4
Mesh Level=4
-----------------CModelBodies2MeshMapper::CollectData started -------------------------------
-----------------CModelBodies2MeshMapper Report -------------------------------
FluidDomains 2 SolidDomains 1 VoidDomains 0 
Domains RefIndexes
Domain 0, Index count 19
Domain 1, Index count 42
Domain 2, Index count 61
----------------- -------------------------------
	ModelBodies
Total resolved Bodies 0 BodySets 0

--------------------------------------------------------------------------
	Positive geometry Bodies
Total resolved Bodies 2 BodySets 2
BodySet 0
	Bodies list:
			#0	Name: ;	ID: 58fa13b1-5ccc-45da-ad14-e5feeb017df9
	Domains list:		 1 
BodySet 1
	Bodies list:
			#0	Name: ;	ID: ecc5383b-92a4-49fe-bf9b-e03bed6bfeb8
	Domains list:		 0 

--------------------------------------------------------------------------
	Fluid regions
Total resolved Bodies 2 BodySets 1
BodySet 0	Material: Water; 
	Bodies list:
			#0	Name: ;	ID: 58fa13b1-5ccc-45da-ad14-e5feeb017df9
			#1	Name: ;	ID: ecc5383b-92a4-49fe-bf9b-e03bed6bfeb8
	Domains list:		 0 		 1 

--------------------------------------------------------------------------
-----------------CModelBodies2MeshMapper::CollectData finished successfully-------------------
Saving initial mesh in: N:\Downloads\GitHub\liquid-propellant-engine\2kN Heat Sink Engine\Simulation Only\1\Parametric Study 2\32\32.fld .
Storing results...
Estimated CPT size=6.503 MB.
	Time (write bcf): 1.407 s
OK
-----------------------------------------------------------------------
Memory Working Set Current = 109.77 Mb, Memory Working Set Peak = 109.77 Mb
Process Threads Number: 13
-----------------------------------------------------------------------
Cleaning memory...
		Time (free xsl):                    	0.002 s
Free Geometry DB takes 0.000 s
	Time (free bcf): 	0.010 s
		Time (free bcf mesh):               	0.024 s
	Time (free mesher data):              	0.028 s
Copying... OK
Mesh generation normally finished at	13.4.2021	22:39:14
Mesher CPU = 4 sec
Mesher is finished at	13.4.2021	22:39:14
-----------------------------------------------------------------------
Memory Working Set Current = 46.76 Mb, Memory Working Set Peak = 110.15 Mb
Process Threads Number: 13
-----------------------------------------------------------------------
Algebra Pool      : mem_usage = 0.94 Mb, allocated count = 0
Log ended at 13.04.2021	22:39:14
