Log started at 09.04.2021	16:59:15
Number of used processors (NPROC): 8.
Number of mesh partitions (NPART): 8.
Total Physical Memory = 15.93 Gb, Available Physical Memory = 10.59 Gb
Computer name:	MCAE02
Operating system:	Windows 10 (or higher) (Version 10.0.18363)

SOLIDWORKS 2020 SP4.0
Flow Simulation 2020  x64 / 4995 / MESHER ver. efd_dev.4663_05.07.2019 

Project: N:\Downloads\GitHub\liquid-propellant-engine\2kN Heat Sink Engine\Simulation Only\1\Parametric Study 2\17\17.xmlconfig
Configuration name: Default
Project name: Single Fluid (Water Substitute)
NGK: OFF
MBO: OFF

Mesh generation started:	9.4.2021	16:59:15
-----------------------------------------------------------------------
Mesher option run = eRunMesherNormal
-----------------------------------------------------------------------
Current CPU = 0 sec
-----------------------------------------------------------------------
Geometries initialization:
-----------------------------------------------------------------------
Loading mesh settings (global/local)...
-----------------------------------------------------------------------
Number of geometries from DB: 1
Geometry(0):
	Guid = {00000000-0000-0000-0000-000000000000}
	Fluid..
	1 Body.
	2 Real bodies.
	-- Bodyset 0 --
		Tolerance=3.3166e-05.
		109 Face(s).
			109 of b-spline type.
		0 Face(s) that have no ref faces
		15 Plane surface(s).
		35 Cylinder surface(s).
		5 Cone surface(s).
		6 Torus surface(s).
		48 B- surface(s).
		15920 Triangle(s).
		Getting triangle connectivities from DB: 0.002 s
		226 Edge(s).
			226 of b-spline type.
		BodyGeom reading: 0.022 s.
		67 Reference Face(s).
		11130 Reference Triangles.
		Getting triangle connectivities from DB (Ref): 0.001 s
		BodyGeom Ref reading: 0.002 s.
		Getting triangle connectivities from DB (Extra Triangulation): 0.002 s
Geometry(1):
	Solid.
	-- Bodyset 1 --
	Empty
-----------------------------------------------------------------------
Number of geometries in task: 2
Number of bodysets   in task: 2
-----------------------------------------------------------------------
	Making hash and connectivity for Bodyset ...
		CBodyGeom:
		Hash size: {18, 32, 18}.
		Mesh size: {18, 8, 18}.
		Hashing triangles...Ok.
			axis(0) tr sizes: average=62 max=3720
			axis(1) tr sizes: average=79 max=3270
			axis(2) tr sizes: average=62 max=4071
		Number of t-connected sets:3
			(0) size=12
			(1) size=8214 cavity
			(2) size=7694 cavity
		Done.
		CBodyGeomRef:
		Hashing triangles...Ok.
			axis(0) tr sizes: average=303 max=1790
			axis(1) tr sizes: average=181 max=2038
			axis(2) tr sizes: average=314 max=2549
		Done.
	0.0159 s.
Geometries reading and preparing has taken 0.048 s.

Mapped triangles:
Hashing geometries triangles
	Triangles num=15920
	Triangles box={0.0239548  ,0.148444  ,0.15685  ,0.213369  ,0.102204  ,0.216556  }
		3d-hash size is 119648 bytes
Hashing peculiar surfaces triangles
	Triangles num=37
	Triangles box={0.024018  ,0.0307351  ,0.185147  ,0.196579  ,0.102187  ,0.111432  }
		3d-hash size is 10684 bytes
	Triangles num=37
	Triangles box={0.0702151  ,0.0815803  ,0.185147  ,0.196579  ,0.215167  ,0.216361  }
		3d-hash size is 10776 bytes
	Triangles num=37
	Triangles box={0.14367  ,0.148319  ,0.185147  ,0.196579  ,0.114046  ,0.124486  }
		3d-hash size is 10752 bytes
	Triangles num=37
	Triangles box={0.0773704  ,0.0888028  ,0.213256  ,0.213256  ,0.141572  ,0.153  }
		3d-hash size is 10720 bytes
	Triangles num=30
	Triangles box={0.0831231  ,0.0845875  ,0.158583  ,0.16008  ,0.141933  ,0.142147  }
		3d-hash size is 10496 bytes
	Triangles num=30
	Triangles box={0.0784758  ,0.0793933  ,0.158583  ,0.16008  ,0.143416  ,0.144577  }
		3d-hash size is 10532 bytes
	Triangles num=30
	Triangles box={0.0857921  ,0.0869533  ,0.158583  ,0.16008  ,0.142666  ,0.143583  }
		3d-hash size is 10532 bytes
	Triangles num=30
	Triangles box={0.0877369  ,0.0882838  ,0.158583  ,0.16008  ,0.144635  ,0.14601  }
		3d-hash size is 10496 bytes
	Triangles num=30
	Triangles box={0.0778954  ,0.0784423  ,0.158583  ,0.16008  ,0.148549  ,0.149924  }
		3d-hash size is 10496 bytes
	Triangles num=30
	Triangles box={0.0843588  ,0.085734  ,0.158583  ,0.16008  ,0.151927  ,0.152474  }
		3d-hash size is 10496 bytes
	Triangles num=30
	Triangles box={0.0815917  ,0.0830561  ,0.158583  ,0.16008  ,0.152413  ,0.152627  }
		3d-hash size is 10496 bytes
	Triangles num=30
	Triangles box={0.0792259  ,0.0803871  ,0.158583  ,0.16008  ,0.150976  ,0.151894  }
		3d-hash size is 10524 bytes
	Triangles num=30
	Triangles box={0.0867859  ,0.0877034  ,0.158583  ,0.16008  ,0.149982  ,0.151143  }
		3d-hash size is 10496 bytes
	Triangles num=30
	Triangles box={0.0804451  ,0.0818203  ,0.158583  ,0.16008  ,0.142085  ,0.142632  }
		3d-hash size is 10496 bytes
	Triangles num=30
	Triangles box={0.0882225  ,0.0884365  ,0.158583  ,0.16008  ,0.147313  ,0.148778  }
		3d-hash size is 10496 bytes
	Triangles num=30
	Triangles box={0.0777427  ,0.0779566  ,0.158583  ,0.16008  ,0.145782  ,0.147246  }
		3d-hash size is 10532 bytes
	Triangles num=78
	Triangles box={0.0769688  ,0.0892111  ,0.173621  ,0.173621  ,0.141158  ,0.153401  }
		3d-hash size is 10784 bytes
Mapped triangles processed in 0.016 s.
-----------------------------------------------------------------------
Getting sectors:
Number of sectors: 0
-----------------------------------------------------------------------
-----------------------------------------------------------------------

Current CPU = 0 sec

-----------------------------------------------------------------------
Mesh dimensions:
				I[0 ]=18
				I[1 ]=8
				I[2 ]=18

Comp. domain size:
				a[0  ]=0.0240791
				a[1  ]=0.148319
				a[2  ]=0.156907
				a[3  ]=0.213312
				a[4  ]=0.102318
				a[5  ]=0.216442

Fluid calculated			1
Solid calculated			0
-----------------------------------------------------------------------
MESH Build started...
-----------------------------------------------------------------------
Mesh LEVEL = 4
-----------------------------------------------------------------------
Setting regions...OK (0.000 s)
Base mesh info------------------
	2D flag  =0
	Period   =[0, 0, 0]
	Nx=18
		x[0]=0.0240791
		x[1]=0.0309835
		x[2]=0.0378857
		x[3]=0.044788
		x[4]=0.0516902
		x[5]=0.0585925
		x[6]=0.0654947
		x[7]=0.0723969
		x[8]=0.0792992
		x[9]=0.0862014
		x[10]=0.0931037
		x[11]=0.100006
		x[12]=0.106908
		x[13]=0.11381
		x[14]=0.120713
		x[15]=0.127615
		x[16]=0.134517
		x[17]=0.141419
		x[18]=0.148319
	Ny=8
		y[0]=0.156907
		y[1]=0.163959
		y[2]=0.17101
		y[3]=0.178061
		y[4]=0.185111
		y[5]=0.192162
		y[6]=0.199213
		y[7]=0.206264
		y[8]=0.213312
	Nz=18
		z[0]=0.102318
		z[1]=0.108659
		z[2]=0.115
		z[3]=0.12134
		z[4]=0.12768
		z[5]=0.13402
		z[6]=0.140361
		z[7]=0.146701
		z[8]=0.153041
		z[9]=0.159381
		z[10]=0.165722
		z[11]=0.172062
		z[12]=0.178402
		z[13]=0.184742
		z[14]=0.191083
		z[15]=0.197423
		z[16]=0.203763
		z[17]=0.210103
		z[18]=0.216442
End of base mesh info---------
Input_mesh_settings--------------------------------
Settings 0----------------
	Scope: GLOBAL
	Type:	------MESHER_SETTINGS----------
	RefAllCells           =0
	RefFluidCells         =0
	RefPartCells          =0
	RefSolidCells         =0
	l_SSFR(Capture crit)  =4
	l_curv(Curvature crit)=0
	l_tol(Tolerance crit) =4
	  k_tol               =0.000377956
	UseChannelRef         =1
	  NCR_method          =0
	  l_NCR               =2
	  N_gap               =5
	  Use d_NCR_min       =0
	  Use d_NCR_max       =0
	IgnoreThinChannelsHeight         =0
	--END_OF_MESHER_SETTINGS-------
End of input mesh settings-------------------------

-----------------------------------------------------------------------
Building geometries:
-----------------------------------------------------------------------
Building body-set (0) of geometry Fluid.0.(0). ...

-----------------------------------------------------------------------
Refining by triangulation...
Refinement input: 2592 bricks
Setting regions...OK (0.000 s)
Setting regions...OK (0.000 s)
Setting regions...OK (0.000 s)
Setting regions...OK (0.000 s)
Setting regions...OK (0.000 s)
Refinement result: 23214 bricks (0.117 s)
Refinement input: 23214 bricks
Refinement result: 23214 bricks (0.004 s)
Collecting and processing rays...OK (0.086 s)
Capturing...OK (0.004 s)
Refining by triangulation takes 0.212 s
-----------------------------------------------------------------------

-----------------------------------------------------------------------
Refining peculiar surfaces...
Refinement input: 23214 bricks
Setting regions...OK (0.000 s)
Refinement result: 23298 bricks (0.003 s)
Refinement input: 23298 bricks
Setting regions...OK (0.000 s)
Refinement result: 23382 bricks (0.003 s)
Refinement input: 23382 bricks
Setting regions...OK (0.000 s)
Refinement result: 23389 bricks (0.002 s)
Refinement input: 23389 bricks
Setting regions...OK (0.000 s)
Refinement result: 23487 bricks (0.003 s)
Refinement input: 23487 bricks
Setting regions...OK (0.000 s)
Refinement result: 23536 bricks (0.003 s)
Refinement input: 23536 bricks
Setting regions...OK (0.000 s)
Refinement result: 23543 bricks (0.002 s)
Refinement input: 23543 bricks
Setting regions...OK (0.000 s)
Refinement result: 23627 bricks (0.003 s)
Refinement input: 23627 bricks
Setting regions...OK (0.000 s)
Refinement result: 23669 bricks (0.003 s)
6 surfaces refined
Refining peculiar surfaces takes 0.06 s
-----------------------------------------------------------------------
Collecting and processing rays...OK (0.005 s)
Capturing...OK (0.000 s)
Collecting and processing rays...OK (0.000 s)
Capturing...OK (0.000 s)
Collecting and processing rays...OK (0.000 s)
Capturing...OK (0.000 s)

-----------------------------------------------------------------------
Base mesh 1 Refining...
Refinement input: 23669 bricks
Refinement result: 23669 bricks (0.000 s)
Collecting and processing rays...OK (0.000 s)
Capturing...OK (0.000 s)
-----------------------------------------------------------------------
Refining channels...
FYI: CNarrowChannelRefiner::RefineChannels_PRLL
Refinement input: 23669 bricks
Setting regions...OK (0.000 s)
Refinement result: 25937 bricks (0.003 s)
Collecting and processing rays...OK (0.005 s)
Capturing...OK (0.000 s)
FYI: m_iteration_count = 0
FYI: level1 statistics:
     level1_cnt_plus[1]=2592;		level1_cnt_minus[1]=0
     level1_cnt_plus[2]=0;		level1_cnt_minus[2]=0
     level1_cnt_plus[3]=0;		level1_cnt_minus[3]=0
     level1_cnt_plus[4]=0;		level1_cnt_minus[4]=0
     level1_cnt_plus[5]=0;		level1_cnt_minus[5]=0
     level1_cnt_plus[6]=0;		level1_cnt_minus[6]=0
     level1_cnt_plus[7]=0;		level1_cnt_minus[7]=0
     level1_cnt_plus[8]=0;		level1_cnt_minus[8]=0
     level1_cnt_plus[9]=0;		level1_cnt_minus[9]=0
Refinement input: 25937 bricks
Setting regions...OK (0.000 s)
Refinement result: 26532 bricks (0.003 s)
Collecting and processing rays...OK (0.001 s)
Capturing...OK (0.000 s)
FYI: m_iteration_count = 1
FYI: level1 statistics:
     level1_cnt_plus[1]=3272;		level1_cnt_minus[1]=0
     level1_cnt_plus[2]=0;		level1_cnt_minus[2]=0
     level1_cnt_plus[3]=0;		level1_cnt_minus[3]=0
     level1_cnt_plus[4]=0;		level1_cnt_minus[4]=0
     level1_cnt_plus[5]=0;		level1_cnt_minus[5]=0
     level1_cnt_plus[6]=0;		level1_cnt_minus[6]=0
     level1_cnt_plus[7]=0;		level1_cnt_minus[7]=0
     level1_cnt_plus[8]=0;		level1_cnt_minus[8]=0
     level1_cnt_plus[9]=0;		level1_cnt_minus[9]=0
Refinement input: 26532 bricks
Setting regions...OK (0.000 s)
Refinement result: 26623 bricks (0.002 s)
Collecting and processing rays...OK (0.000 s)
Capturing...OK (0.000 s)
FYI: m_iteration_count = 2
FYI: level1 statistics:
     level1_cnt_plus[1]=3376;		level1_cnt_minus[1]=0
     level1_cnt_plus[2]=0;		level1_cnt_minus[2]=0
     level1_cnt_plus[3]=0;		level1_cnt_minus[3]=0
     level1_cnt_plus[4]=0;		level1_cnt_minus[4]=0
     level1_cnt_plus[5]=0;		level1_cnt_minus[5]=0
     level1_cnt_plus[6]=0;		level1_cnt_minus[6]=0
     level1_cnt_plus[7]=0;		level1_cnt_minus[7]=0
     level1_cnt_plus[8]=0;		level1_cnt_minus[8]=0
     level1_cnt_plus[9]=0;		level1_cnt_minus[9]=0
Refinement input: 26623 bricks
Setting regions...OK (0.000 s)
Refinement result: 26651 bricks (0.003 s)
Collecting and processing rays...OK (0.000 s)
Capturing...OK (0.000 s)
FYI: m_iteration_count = 3
FYI: level1 statistics:
     level1_cnt_plus[1]=3408;		level1_cnt_minus[1]=0
     level1_cnt_plus[2]=0;		level1_cnt_minus[2]=0
     level1_cnt_plus[3]=0;		level1_cnt_minus[3]=0
     level1_cnt_plus[4]=0;		level1_cnt_minus[4]=0
     level1_cnt_plus[5]=0;		level1_cnt_minus[5]=0
     level1_cnt_plus[6]=0;		level1_cnt_minus[6]=0
     level1_cnt_plus[7]=0;		level1_cnt_minus[7]=0
     level1_cnt_plus[8]=0;		level1_cnt_minus[8]=0
     level1_cnt_plus[9]=0;		level1_cnt_minus[9]=0
Refinement input: 26651 bricks
Setting regions...OK (0.000 s)
Refinement result: 26658 bricks (0.002 s)
Collecting and processing rays...OK (0.000 s)
Capturing...OK (0.000 s)
FYI: m_iteration_count = 4
FYI: level1 statistics:
     level1_cnt_plus[1]=3416;		level1_cnt_minus[1]=0
     level1_cnt_plus[2]=0;		level1_cnt_minus[2]=0
     level1_cnt_plus[3]=0;		level1_cnt_minus[3]=0
     level1_cnt_plus[4]=0;		level1_cnt_minus[4]=0
     level1_cnt_plus[5]=0;		level1_cnt_minus[5]=0
     level1_cnt_plus[6]=0;		level1_cnt_minus[6]=0
     level1_cnt_plus[7]=0;		level1_cnt_minus[7]=0
     level1_cnt_plus[8]=0;		level1_cnt_minus[8]=0
     level1_cnt_plus[9]=0;		level1_cnt_minus[9]=0
FYI: m_iteration_count = 5
FYI: level1 statistics:
     level1_cnt_plus[1]=3416;		level1_cnt_minus[1]=0
     level1_cnt_plus[2]=0;		level1_cnt_minus[2]=0
     level1_cnt_plus[3]=0;		level1_cnt_minus[3]=0
     level1_cnt_plus[4]=0;		level1_cnt_minus[4]=0
     level1_cnt_plus[5]=0;		level1_cnt_minus[5]=0
     level1_cnt_plus[6]=0;		level1_cnt_minus[6]=0
     level1_cnt_plus[7]=0;		level1_cnt_minus[7]=0
     level1_cnt_plus[8]=0;		level1_cnt_minus[8]=0
     level1_cnt_plus[9]=0;		level1_cnt_minus[9]=0
Refinement input: 26658 bricks
Setting regions...OK (0.000 s)
Refinement result: 29290 bricks (0.003 s)
Collecting and processing rays...OK (0.004 s)
Capturing...OK (0.001 s)
FYI: m_iteration_count = 6
FYI: level1 statistics:
     level1_cnt_plus[1]=6370;		level1_cnt_minus[1]=0
     level1_cnt_plus[2]=48;		level1_cnt_minus[2]=0
     level1_cnt_plus[3]=0;		level1_cnt_minus[3]=0
     level1_cnt_plus[4]=0;		level1_cnt_minus[4]=0
     level1_cnt_plus[5]=0;		level1_cnt_minus[5]=0
     level1_cnt_plus[6]=0;		level1_cnt_minus[6]=0
     level1_cnt_plus[7]=0;		level1_cnt_minus[7]=0
     level1_cnt_plus[8]=0;		level1_cnt_minus[8]=0
     level1_cnt_plus[9]=0;		level1_cnt_minus[9]=0
Refinement input: 29290 bricks
Setting regions...OK (0.000 s)
Refinement result: 29409 bricks (0.003 s)
Collecting and processing rays...OK (0.001 s)
Capturing...OK (0.000 s)
FYI: m_iteration_count = 7
FYI: level1 statistics:
     level1_cnt_plus[1]=6488;		level1_cnt_minus[1]=0
     level1_cnt_plus[2]=64;		level1_cnt_minus[2]=0
     level1_cnt_plus[3]=0;		level1_cnt_minus[3]=0
     level1_cnt_plus[4]=0;		level1_cnt_minus[4]=0
     level1_cnt_plus[5]=0;		level1_cnt_minus[5]=0
     level1_cnt_plus[6]=0;		level1_cnt_minus[6]=0
     level1_cnt_plus[7]=0;		level1_cnt_minus[7]=0
     level1_cnt_plus[8]=0;		level1_cnt_minus[8]=0
     level1_cnt_plus[9]=0;		level1_cnt_minus[9]=0
Refinement input: 29409 bricks
Setting regions...OK (0.000 s)
Refinement result: 29437 bricks (0.003 s)
Collecting and processing rays...OK (0.000 s)
Capturing...OK (0.000 s)
FYI: m_iteration_count = 8
FYI: level1 statistics:
     level1_cnt_plus[1]=6520;		level1_cnt_minus[1]=0
     level1_cnt_plus[2]=64;		level1_cnt_minus[2]=0
     level1_cnt_plus[3]=0;		level1_cnt_minus[3]=0
     level1_cnt_plus[4]=0;		level1_cnt_minus[4]=0
     level1_cnt_plus[5]=0;		level1_cnt_minus[5]=0
     level1_cnt_plus[6]=0;		level1_cnt_minus[6]=0
     level1_cnt_plus[7]=0;		level1_cnt_minus[7]=0
     level1_cnt_plus[8]=0;		level1_cnt_minus[8]=0
     level1_cnt_plus[9]=0;		level1_cnt_minus[9]=0
Refinement input: 29437 bricks
Setting regions...OK (0.000 s)
Refinement result: 29458 bricks (0.003 s)
Collecting and processing rays...OK (0.000 s)
Capturing...OK (0.000 s)
FYI: m_iteration_count = 9
FYI: level1 statistics:
     level1_cnt_plus[1]=6544;		level1_cnt_minus[1]=0
     level1_cnt_plus[2]=64;		level1_cnt_minus[2]=0
     level1_cnt_plus[3]=0;		level1_cnt_minus[3]=0
     level1_cnt_plus[4]=0;		level1_cnt_minus[4]=0
     level1_cnt_plus[5]=0;		level1_cnt_minus[5]=0
     level1_cnt_plus[6]=0;		level1_cnt_minus[6]=0
     level1_cnt_plus[7]=0;		level1_cnt_minus[7]=0
     level1_cnt_plus[8]=0;		level1_cnt_minus[8]=0
     level1_cnt_plus[9]=0;		level1_cnt_minus[9]=0
FYI: m_iteration_count = 10
FYI: level1 statistics:
     level1_cnt_plus[1]=6544;		level1_cnt_minus[1]=0
     level1_cnt_plus[2]=64;		level1_cnt_minus[2]=0
     level1_cnt_plus[3]=0;		level1_cnt_minus[3]=0
     level1_cnt_plus[4]=0;		level1_cnt_minus[4]=0
     level1_cnt_plus[5]=0;		level1_cnt_minus[5]=0
     level1_cnt_plus[6]=0;		level1_cnt_minus[6]=0
     level1_cnt_plus[7]=0;		level1_cnt_minus[7]=0
     level1_cnt_plus[8]=0;		level1_cnt_minus[8]=0
     level1_cnt_plus[9]=0;		level1_cnt_minus[9]=0
FYI: level1 statistics:
     level1_cnt_plus[1]=6544;		level1_cnt_minus[1]=0
     level1_cnt_plus[2]=64;		level1_cnt_minus[2]=0
     level1_cnt_plus[3]=0;		level1_cnt_minus[3]=0
     level1_cnt_plus[4]=0;		level1_cnt_minus[4]=0
     level1_cnt_plus[5]=0;		level1_cnt_minus[5]=0
     level1_cnt_plus[6]=0;		level1_cnt_minus[6]=0
     level1_cnt_plus[7]=0;		level1_cnt_minus[7]=0
     level1_cnt_plus[8]=0;		level1_cnt_minus[8]=0
     level1_cnt_plus[9]=0;		level1_cnt_minus[9]=0

-----------------------------------------------------------------------
U-shapes refinement...
Refinement input: 29458 bricks
Setting regions...OK (0.000 s)
Setting regions...OK (0.000 s)
Refinement result: 29892 bricks (0.015 s)
Collecting and processing rays...OK (0.013 s)
Capturing...OK (0.000 s)
-----------------------------------------------------------------------

-----------------------------------------------------------------------
Equi Distant Refiner:
Equi Distant Refiner takes 0.00 s
-----------------------------------------------------------------------
Building geometry takes 0.849 s
Geometry Fluid.0.
Total		29892
Partial	11292
Fluid		5812
Solid		12743
Bad		45

/-Ray Intersection---------------/ Time	0.428 s
Calls			11389
CorrectRay Calls	0



-----------------------------------------------------------------------
Building geometries takes 0.851 s
-----------------------------------------------------------------------

-----------------------------------------------------------------------
PostBuilding geometries:
-----------------------------------------------------------------------
PostBuilding body-set (0) geometry Fluid.0. (0)...
Collecting and processing rays...OK (0.000 s)
Capturing...OK (0.000 s)
PostBuilding geometry takes 0.001 s
Geometry Fluid.0.
Total		29892
Partial	11292
Fluid		5812
Solid		12743
Bad		45

-----------------------------------------------------------------------
PostBuilding geometries takes 0.002 s
-----------------------------------------------------------------------
Defect ray count	0
FYI: CNarrowChannelRefiner::RedistributeLevel1_step_1: is finished
FYI: level1 statistics:
     level1_cnt_plus[1]=5010;		level1_cnt_minus[1]=0
     level1_cnt_plus[2]=1582;		level1_cnt_minus[2]=0
     level1_cnt_plus[3]=0;		level1_cnt_minus[3]=0
     level1_cnt_plus[4]=0;		level1_cnt_minus[4]=0
     level1_cnt_plus[5]=0;		level1_cnt_minus[5]=0
     level1_cnt_plus[6]=0;		level1_cnt_minus[6]=0
     level1_cnt_plus[7]=0;		level1_cnt_minus[7]=0
     level1_cnt_plus[8]=0;		level1_cnt_minus[8]=0
     level1_cnt_plus[9]=0;		level1_cnt_minus[9]=0
FYI: CNarrowChannelRefiner::RedistributeLevel1_step_2: is started
FYI: CNarrowChannelRefiner::RedistributeLevel1_step_2: is finished
FYI: level1 statistics:
     level1_cnt_plus[1]=9607;		level1_cnt_minus[1]=0
     level1_cnt_plus[2]=4023;		level1_cnt_minus[2]=0
     level1_cnt_plus[3]=0;		level1_cnt_minus[3]=0
     level1_cnt_plus[4]=0;		level1_cnt_minus[4]=0
     level1_cnt_plus[5]=0;		level1_cnt_minus[5]=0
     level1_cnt_plus[6]=0;		level1_cnt_minus[6]=0
     level1_cnt_plus[7]=0;		level1_cnt_minus[7]=0
     level1_cnt_plus[8]=0;		level1_cnt_minus[8]=0
     level1_cnt_plus[9]=0;		level1_cnt_minus[9]=0
FYI: CNarrowChannelRefiner::RedistributeLevel1_step_3: is started
FYI: CNarrowChannelRefiner::RedistributeLevel1_step_3: is finished
RedistributeLevel1 takes:
FYI: level1 statistics:
     level1_cnt_plus[1]=9607;		level1_cnt_minus[1]=4996
     level1_cnt_plus[2]=4023;		level1_cnt_minus[2]=696
     level1_cnt_plus[3]=0;		level1_cnt_minus[3]=0
     level1_cnt_plus[4]=0;		level1_cnt_minus[4]=0
     level1_cnt_plus[5]=0;		level1_cnt_minus[5]=0
     level1_cnt_plus[6]=0;		level1_cnt_minus[6]=0
     level1_cnt_plus[7]=0;		level1_cnt_minus[7]=0
     level1_cnt_plus[8]=0;		level1_cnt_minus[8]=0
     level1_cnt_plus[9]=0;		level1_cnt_minus[9]=0
-----------------------------------------------------------------------
MSH format builder (Iteration 0)
-----------------------------------------------------------------------
Memory Working Set Current = 61.62 Mb, Memory Working Set Peak = 81.20 Mb
Process Threads Number: 21
-----------------------------------------------------------------------
Loading geometries triangulation & x-stacks...OK
x-stacks size = 0.83 Mb
Total bricks count: 29892
-----------------------------------------------------------------------
MSH (Real Geometry) format constructor:
	Getting brick sets...OK (0.001 s)
	Min x-stack xeps = 2.6996e-06
	D / dh / eps [axis=0] = (0.12424, 0.000431255, 4.31255e-07)
	D / dh / eps [axis=1] = (0.0564056, 0.000440549, 4.40549e-07)
	D / dh / eps [axis=2] = (0.114124, 0.000396174, 3.96174e-07)
	Time (xeps): 0.000 s
Level 4
	Set (0)  size: 2428
	Set (0)  time: 0.039 s
	Set (1)  size: 2428
	Set (1)  time: 0.030 s
Level 3
	Set (0)  size: 3876
	Set (0)  time: 0.034 s
	Set (1)  size: 3877
	Set (1)  time: 0.033 s
Level 2
	Set (0)  size: 6156
	Set (0)  time: 0.044 s
	Set (1)  size: 6159
	Set (1)  time: 0.036 s
Level 1
	Set (0)  size: 1480
	Set (0)  time: 0.002 s
	Set (1)  size: 1474
	Set (1)  time: 0.002 s
Level 0
	Set (0)  size: 1010
	Set (0)  time: 0.000 s
	Set (1)  size: 1004
	Set (1)  time: 0.000 s
Result:
	Bricks number:                        29892

	Memory usage:                         6.894 MB
	Memory usage (per brick):             0.236 KB
	Construction time:                    0.224 s

	Topology features:
	------------------
	- High quality bricks                  99.95 % (29877)
	- Medium quality bricks                 0.05 % (15)
	- Bad quality bricks                    0.00 % (0)
	- Ribs corrected bricks                 0.00 % (0)
	- Points with geom-info (bricks)        0.15 % (44)
	- Points with closest-info (bricks)     0.01 % (4)
	- Triangulated by center (bricks)       0.83 % (247)
	- Facet w-faces mergings (bricks)       0.00 % (0)
	- To refine (bricks)                    0.00 % (0)

-----------------------------------------------------------------------
Memory Working Set Current = 99.80 Mb, Memory Working Set Peak = 99.81 Mb
Process Threads Number: 21
-----------------------------------------------------------------------
-----------------------------------------------------------------------
-----------------------------------------------------------------------
MSH --> BCF format (Iteration 0)...
BCF collector...(remove mode=0)
	Time (alloc counter per brick): 0.001 s
	Brick    count: 29892
	Av.f all count: 17285
	Av.s all count: 24249
	Av.f pid count: 11494
	Av.s pid count: 11582
	Faces fs count: 27534
	Faces ff count: 0
	Faces ss count: 0
	Faces bb count: 0
	Faces fe count: 0
	Faces se count: 2538
	Faces fw count: 30072
	Faces af count: 49728
	Faces as count: 75509
	Time (all count): 	0.004 s
	Time (bcf alloc): 	0.002 s
	Time (shifts alloc): 	0.002 s
	Time (shifts init): 	0.002 s
	Time (bcf fill): 	0.012 s
	Time (add av to faces): 0.000 s
	Time (add faces to av): 0.005 s
Time (bcf collect): 		0.029 s
	AV checker...
	Time (check av): 	0.009 s
	Subdomain checker...
		Subdomains construction time: 0.004 s.
		Subdomains sort time: 0.000 s.
			Subdomain 0 (geom_ind=0): 15113 av
			Subdomain 1 (geom_ind=0): 2172 av
			Subdomain 2 (geom_ind=1): 24249 av
		gi: 0, subdomains: 2, real bodies: 2
		gi: 1, subdomains: 1, real bodies: 0
		Defect subdomains: 0
	Time (check subdoms): 	0.005 s
Time (bcf iteration total): 	0.044 s
	Time (fw-nb): 		0.002 s
	Fixed mutual fw-nb:     16447 (bb: 0)
	Time (fw-nb mutual): 	0.002 s
	Time (fw-nb sort): 	0.000 s
	Fw-opt BEFORE total:    30072 (fs=27534, ff=0, ss=0)
	Fw-opt AFTER  total:    18023 (fs=15485, ff=0, ss=0, failed fw/br=10/2, big_curv=44, big_poly=0)
	Fw-opt RESULT:          12049 (res/(fs+ff+ss) = 43.76 %)
	Time (fw-opt): 		0.007 s
	Time (fw-re-order): 	0.003 s
	Time (fw-nb): 		0.010 s
	Fixed mutual fw-nb:     37668 (bb: 0)
	Time (fw-nb mutual): 	0.003 s
	Time (fw-nb sort): 	0.001 s
	Time (rfd fix): 	0.000 s
	Time (av convexity): 	0.004 s
	Time (av small volume): 0.001 s
	Time (diagonal fw-nb): 	0.024 s
	Fixed mutual fw-nb:     0 (bb: 0)
	Time (fw-nb mutual): 	0.002 s
	Time (fw-nb sort): 	0.001 s
	Fluid subdomains: 2
	Faces fw-nb diff sd:    0
	Time (fw-nb diff sd): 	0.003 s
Time (bcf calc): 		0.066 s
-----------------------------------------------------------------------
Time (bcf total): 		0.110 s
-----------------------------------------------------------------------
-----------------------------------------------------------------------
Mega-cv constructor for fluid...
	 108 av's is treated as thin
Relative size generator (threshold = 0.05)...
	Iteration 1 (small cluster count = 1058)
	Iteration 2 (small cluster count = 447)
	Iteration 3 (small cluster count = 92)
	Iteration 4 (small cluster count = 27)
	Iteration 5 (small cluster count = 6)
	Iteration 6 (small cluster count = 0)
	 1029 mega-cv's generated
	 33 mega-cv's removed
Relative size generator is completed OK (0.003 s)
Apply fa-rules to mega-cv clusters fixes...
	Fa-rule violation fixes:       31 of       32 (total cluster# =     1016)
OK (0.001 s)
Convert clusters:
	 1003 mega-cv's total
Mega-cv count: 1003
Time (mega-cv fill): 	0.002 s
WARNING! Mega-cv normal-direction rule violation counts: rule-I = 1, rule-II = 0
Time (mega-cv total): 	0.014 s
-----------------------------------------------------------------------
Mixing plane rotation regions: NO.
Sliding mesh rotation regions: NO.
Fluid/fluid faces: NO.
----------------------------------------------------------
BCF --> BCF.GEOMSUBDOM (bridge arrays):
MESH (0):
	Fluid Subdom Constructor: 2 subdom(s).
	Solid Subdom Constructor: 1 subdom(s).
	Net Asm Subdom Constructor: 0 subdom(s).
	GEOMSUBDOM (0): gi=0 fluid av=15113 cv=14229 fa=43731 fb=0 fw=12770 V=3.674097e-05
	Cache data...OK
	GEOMSUBDOM (1): gi=0 fluid av=2172 cv=1943 fa=5997 fb=0 fw=2715 V=1.847978e-06
	Cache data...OK
	GEOMSUBDOM (2): gi=1 solid av=24249 cv=24249 fa=75509 fb=0 fw=18023 V=7.611780e-04
	Cache data...OK
	Setting nb of w-faces...OK (0.006 s).
	Correcting nb of w-faces...
	Time(correct_fw_nb)=0.004 s

MESH (0) checking:
	GEOMSUBDOM (0):fa_s=0.0599092988472780 fb_s=0.0000000000000000 fw_s=0.0116970100620196 fw_nb=99966
	              :d_const(244)=3.54738e-10 d_linear(13171)=7.20302e-10
	GEOMSUBDOM (1):fa_s=0.0039070177570219 fb_s=0.0000000000000000 fw_s=0.0013662084241548 fw_nb=22100
	              :d_const(442)=7.07287e-14 d_linear(247)=7.36934e-13
	GEOMSUBDOM (2):fa_s=0.4107720619696461 fb_s=0.0000000000000000 fw_s=0.0683111413910015 fw_nb=132798
	              :d_const(675)=1.02348e-10 d_linear(459)=3.32977e-10
MESH (0) checking: OK.
Time (MDS): 	0.055 s
----------------------------------------------------------

-----------------------------------------------------------------------
BCF CHECKSUM DATA (Mesh 0):

WARNING! 292 w-face(s) without RefFacesData.
BRICK |Level1| Sum:               24041
FACE_A Area Sum:   G.Fluid        0.0638163166042998
FACE_A Area Sum:   G.Solid        0.4107720619696460
FACE_W Area Sum:                  0.0683111413910015
FACE_W Nb   Sum:                  132798
FACE_W min curvatures sum:        -3662034.37891865
FACE_W max curvatures sum:        6131611.77168226
AV Max Disbalance(Const) :        3.54738e-10 (cid=586, t={8, 89, 9}, avid=278, pid=231)
AV Max Disbalance(Linear):        7.20302e-10 (cid=1562, t={278, 82, 30}, avid=762, pid=577)
-----------------------------------------------------------------------


-----------------------------------------------------------------------
MESHER TOPOLOGY DATA:

BRICKS: Total                 29892
BRICKS: 1-CV                  18458
BRICKS: 2-CV                  11230
BRICKS: 3-CV                  200
BRICKS: 4-CV                  4
BRICKS: Bad                   0

AV:     G.Total               41534
AV:     G.Fluid               17285
AV:     G.Solid               24249

AV:     G.Fluid Thin Profile    0.83 % (144)
AV:     G.Solid Thin Profile    0.25 % (60)

AV:     G.Fluid Thin For Mega   0.62 % (108)
AV:     G.Solid Thin For Mega   0.22 % (54)

AV:     G.Fluid Non-Convex     21.89 % (3784)
AV:     G.Solid Non-Convex     21.34 % (5175)

AV:     G.Fluid Non-Ess-Convex      8.82 % (1524)
AV:     G.Solid Non-Ess-Convex      8.59 % (2084)

FACE_A: G.Fluid          (af) 49728 (partially opened 24491)
FACE_A: G.Solid          (as) 75509 (partially opened 24645)

FACE_B: G.Total          (b)  0

FACE_W: G.Total                 18023       Brick/Bound
FACE_W: G.Fluid/Solid    (fs_g) 15485       0           
FACE_W: G.Fluid/Fluid    (ff_g) 0           0           
FACE_W: G.Solid/Solid    (ss_g) 0           0           
FACE_W: G.Fluid/External (fe_g) 0
FACE_W: G.Solid/External (se_g) 2538

AV/CV max fa count (on brick side):7
AV/CV max fw count:                7
AV/CV max fb count:                0
AV/CV max fw poly count:           47

MEMORY: Total                   14.696 MB
MEMORY: Per Brick               0.503 KB
-----------------------------------------------------------------------

-----------------------------------------------------------------------
Connectivities information:
	Number of conns: 0
-----------------------------------------------------------------------
	Time (gap size): 	0.032 s
-----------------------------------------------------------------------
Calculating curvature and tolerance criteria...
Curvature: min=0 max=2.66977
Tolerance: min=0 max=0.000386861
Calculating curvature and tolerance criteria takes 0.164 s
-----------------------------------------------------------------------
MESH Build(FS) finished. Time=1.743 s
-----------------------------------------------------------------------
Current CPU = 2 sec

Nx=18
Ny=8
Nz=18
Max BRICK Level=4
Mesh Level=4
-----------------CModelBodies2MeshMapper::CollectData started -------------------------------
-----------------CModelBodies2MeshMapper Report -------------------------------
FluidDomains 2 SolidDomains 1 VoidDomains 0 
Domains RefIndexes
Domain 0, Index count 25
Domain 1, Index count 42
Domain 2, Index count 67
----------------- -------------------------------
	ModelBodies
Total resolved Bodies 0 BodySets 0

--------------------------------------------------------------------------
	Positive geometry Bodies
Total resolved Bodies 2 BodySets 2
BodySet 0
	Bodies list:
			#0	Name: ;	ID: 9b0e98d1-1f09-44da-9061-6d4b2eb63622
	Domains list:		 1 
BodySet 1
	Bodies list:
			#0	Name: ;	ID: 42585896-e3f4-4ac4-a52f-254c7fb081ae
	Domains list:		 0 

--------------------------------------------------------------------------
	Fluid regions
Total resolved Bodies 2 BodySets 1
BodySet 0	Material: Water; 
	Bodies list:
			#0	Name: ;	ID: 9b0e98d1-1f09-44da-9061-6d4b2eb63622
			#1	Name: ;	ID: 42585896-e3f4-4ac4-a52f-254c7fb081ae
	Domains list:		 0 		 1 

--------------------------------------------------------------------------
-----------------CModelBodies2MeshMapper::CollectData finished successfully-------------------
Saving initial mesh in: N:\Downloads\GitHub\liquid-propellant-engine\2kN Heat Sink Engine\Simulation Only\1\Parametric Study 2\17\17.fld .
Storing results...
Estimated CPT size=7.359 MB.
	Time (write bcf): 1.469 s
OK
-----------------------------------------------------------------------
Memory Working Set Current = 126.38 Mb, Memory Working Set Peak = 126.39 Mb
Process Threads Number: 21
-----------------------------------------------------------------------
Cleaning memory...
		Time (free xsl):                    	0.002 s
Free Geometry DB takes 0.000 s
	Time (free bcf): 	0.013 s
		Time (free bcf mesh):               	0.033 s
	Time (free mesher data):              	0.038 s
Copying... OK
Mesh generation normally finished at	9.4.2021	16:59:18
Mesher CPU = 3 sec
Mesher is finished at	9.4.2021	16:59:18
-----------------------------------------------------------------------
Memory Working Set Current = 51.64 Mb, Memory Working Set Peak = 126.78 Mb
Process Threads Number: 21
-----------------------------------------------------------------------
Algebra Pool      : mem_usage = 0.94 Mb, allocated count = 0
Log ended at 09.04.2021	16:59:18
