Log started at 13.04.2021	22:41:43
Number of used processors (NPROC): 4.
Number of mesh partitions (NPART): 4.
Total Physical Memory = 15.87 Gb, Available Physical Memory = 10.34 Gb
Computer name:	MCAE33
Operating system:	Windows 10 (or higher) (Version 10.0.18363)

SOLIDWORKS 2020 SP4.0
Flow Simulation 2020  x64 / 4995 / MESHER ver. efd_dev.4663_05.07.2019 

Project: N:\Downloads\GitHub\liquid-propellant-engine\2kN Heat Sink Engine\Simulation Only\1\Parametric Study 2\33\33.xmlconfig
Configuration name: Default
Project name: Single Fluid (Water Substitute)
NGK: OFF
MBO: OFF

Mesh generation started:	13.4.2021	22:41:43
-----------------------------------------------------------------------
Mesher option run = eRunMesherNormal
-----------------------------------------------------------------------
Current CPU = 0 sec
-----------------------------------------------------------------------
Geometries initialization:
-----------------------------------------------------------------------
Loading mesh settings (global/local)...
-----------------------------------------------------------------------
Number of geometries from DB: 1
Geometry(0):
	Guid = {00000000-0000-0000-0000-000000000000}
	Fluid..
	1 Body.
	2 Real bodies.
	-- Bodyset 0 --
		Tolerance=3.3166e-05.
		104 Face(s).
			104 of b-spline type.
		0 Face(s) that have no ref faces
		13 Plane surface(s).
		33 Cylinder surface(s).
		5 Cone surface(s).
		4 Torus surface(s).
		49 B- surface(s).
		15244 Triangle(s).
		Getting triangle connectivities from DB: 0.002 s
		216 Edge(s).
			216 of b-spline type.
		BodyGeom reading: 0.024 s.
		61 Reference Face(s).
		10427 Reference Triangles.
		Getting triangle connectivities from DB (Ref): 0.001 s
		BodyGeom Ref reading: 0.002 s.
		Getting triangle connectivities from DB (Extra Triangulation): 0.001 s
Geometry(1):
	Solid.
	-- Bodyset 1 --
	Empty
-----------------------------------------------------------------------
Number of geometries in task: 2
Number of bodysets   in task: 2
-----------------------------------------------------------------------
	Making hash and connectivity for Bodyset ...
		CBodyGeom:
		Hash size: {18, 30, 32}.
		Mesh size: {18, 10, 16}.
		Hashing triangles...Ok.
			axis(0) tr sizes: average=38 max=2878
			axis(1) tr sizes: average=49 max=2502
			axis(2) tr sizes: average=60 max=4847
		Number of t-connected sets:3
			(0) size=12
			(1) size=8244 cavity
			(2) size=6988 cavity
		Done.
		CBodyGeomRef:
		Hashing triangles...Ok.
			axis(0) tr sizes: average=243 max=2179
			axis(1) tr sizes: average=198 max=2165
			axis(2) tr sizes: average=234 max=2541
		Done.
	0.0113 s.
Geometries reading and preparing has taken 0.043 s.

Mapped triangles:
Hashing geometries triangles
	Triangles num=15244
	Triangles box={0.0244888  ,0.148074  ,0.150841  ,0.213381  ,0.102938  ,0.21646  }
		3d-hash size is 116468 bytes
Hashing peculiar surfaces triangles
	Triangles num=37
	Triangles box={0.024018  ,0.0307351  ,0.185147  ,0.196579  ,0.102187  ,0.111432  }
		3d-hash size is 11856 bytes
	Triangles num=37
	Triangles box={0.0702151  ,0.0815803  ,0.185147  ,0.196579  ,0.215167  ,0.216361  }
		3d-hash size is 11980 bytes
	Triangles num=37
	Triangles box={0.14367  ,0.148319  ,0.185147  ,0.196579  ,0.114046  ,0.124486  }
		3d-hash size is 11888 bytes
	Triangles num=37
	Triangles box={0.0773704  ,0.0888028  ,0.213256  ,0.213256  ,0.141572  ,0.153  }
		3d-hash size is 11932 bytes
	Triangles num=30
	Triangles box={0.0831231  ,0.0845875  ,0.152586  ,0.154083  ,0.141933  ,0.142147  }
		3d-hash size is 11648 bytes
	Triangles num=30
	Triangles box={0.0784758  ,0.0793933  ,0.152586  ,0.154083  ,0.143416  ,0.144577  }
		3d-hash size is 11648 bytes
	Triangles num=30
	Triangles box={0.0857921  ,0.0869533  ,0.152586  ,0.154083  ,0.142666  ,0.143583  }
		3d-hash size is 11700 bytes
	Triangles num=30
	Triangles box={0.0877369  ,0.0882838  ,0.152586  ,0.154083  ,0.144635  ,0.14601  }
		3d-hash size is 11684 bytes
	Triangles num=30
	Triangles box={0.0778954  ,0.0784423  ,0.152586  ,0.154083  ,0.148549  ,0.149924  }
		3d-hash size is 11648 bytes
	Triangles num=30
	Triangles box={0.0843588  ,0.085734  ,0.152586  ,0.154083  ,0.151927  ,0.152474  }
		3d-hash size is 11648 bytes
	Triangles num=30
	Triangles box={0.0815917  ,0.0830561  ,0.152586  ,0.154083  ,0.152413  ,0.152627  }
		3d-hash size is 11672 bytes
	Triangles num=30
	Triangles box={0.0792259  ,0.0803871  ,0.152586  ,0.154083  ,0.150976  ,0.151894  }
		3d-hash size is 11684 bytes
	Triangles num=30
	Triangles box={0.0867859  ,0.0877034  ,0.152586  ,0.154083  ,0.149982  ,0.151143  }
		3d-hash size is 11648 bytes
	Triangles num=30
	Triangles box={0.0804451  ,0.0818203  ,0.152586  ,0.154083  ,0.142085  ,0.142632  }
		3d-hash size is 11648 bytes
	Triangles num=30
	Triangles box={0.0882225  ,0.0884365  ,0.152586  ,0.154083  ,0.147313  ,0.148778  }
		3d-hash size is 11648 bytes
	Triangles num=30
	Triangles box={0.0777427  ,0.0779566  ,0.152586  ,0.154083  ,0.145782  ,0.147246  }
		3d-hash size is 11648 bytes
	Triangles num=78
	Triangles box={0.0769688  ,0.0892111  ,0.173621  ,0.173621  ,0.141158  ,0.153401  }
		3d-hash size is 11960 bytes
Mapped triangles processed in 0.015 s.
-----------------------------------------------------------------------
Getting sectors:
Number of sectors: 0
-----------------------------------------------------------------------
-----------------------------------------------------------------------

Current CPU = 0 sec

-----------------------------------------------------------------------
Mesh dimensions:
				I[0 ]=18
				I[1 ]=10
				I[2 ]=16

Comp. domain size:
				a[0  ]=0.0246121
				a[1  ]=0.14795
				a[2  ]=0.150903
				a[3  ]=0.213318
				a[4  ]=0.103051
				a[5  ]=0.216347

Fluid calculated			1
Solid calculated			0
-----------------------------------------------------------------------
MESH Build started...
-----------------------------------------------------------------------
Mesh LEVEL = 4
-----------------------------------------------------------------------
Setting regions...OK (0.000 s)
Base mesh info------------------
	2D flag  =0
	Period   =[0, 0, 0]
	Nx=18
		x[0]=0.0246121
		x[1]=0.0314664
		x[2]=0.0383185
		x[3]=0.0451706
		x[4]=0.0520228
		x[5]=0.0588749
		x[6]=0.065727
		x[7]=0.0725791
		x[8]=0.0794312
		x[9]=0.0862834
		x[10]=0.0931355
		x[11]=0.0999876
		x[12]=0.10684
		x[13]=0.113692
		x[14]=0.120544
		x[15]=0.127396
		x[16]=0.134248
		x[17]=0.1411
		x[18]=0.14795
	Ny=10
		y[0]=0.150903
		y[1]=0.157146
		y[2]=0.163388
		y[3]=0.169629
		y[4]=0.175871
		y[5]=0.182112
		y[6]=0.188354
		y[7]=0.194595
		y[8]=0.200837
		y[9]=0.207079
		y[10]=0.213318
	Nz=16
		z[0]=0.103051
		z[1]=0.110134
		z[2]=0.117215
		z[3]=0.124296
		z[4]=0.131376
		z[5]=0.138457
		z[6]=0.145538
		z[7]=0.152619
		z[8]=0.1597
		z[9]=0.166781
		z[10]=0.173862
		z[11]=0.180943
		z[12]=0.188024
		z[13]=0.195105
		z[14]=0.202186
		z[15]=0.209267
		z[16]=0.216347
End of base mesh info---------
Input_mesh_settings--------------------------------
Settings 0----------------
	Scope: GLOBAL
	Type:	------MESHER_SETTINGS----------
	RefAllCells           =0
	RefFluidCells         =0
	RefPartCells          =0
	RefSolidCells         =0
	l_SSFR(Capture crit)  =4
	l_curv(Curvature crit)=0
	l_tol(Tolerance crit) =4
	  k_tol               =0.000377956
	UseChannelRef         =1
	  NCR_method          =0
	  l_NCR               =2
	  N_gap               =5
	  Use d_NCR_min       =0
	  Use d_NCR_max       =0
	IgnoreThinChannelsHeight         =0
	--END_OF_MESHER_SETTINGS-------
End of input mesh settings-------------------------

-----------------------------------------------------------------------
Building geometries:
-----------------------------------------------------------------------
Building body-set (0) of geometry Fluid.0.(0). ...

-----------------------------------------------------------------------
Refining by triangulation...
Refinement input: 2880 bricks
Setting regions...OK (0.000 s)
Setting regions...OK (0.000 s)
Setting regions...OK (0.000 s)
Setting regions...OK (0.000 s)
Setting regions...OK (0.000 s)
Refinement result: 19869 bricks (0.111 s)
Refinement input: 19869 bricks
Setting regions...OK (0.000 s)
Refinement result: 19876 bricks (0.006 s)
Collecting and processing rays...OK (0.083 s)
Capturing...OK (0.005 s)
Refining by triangulation takes 0.205 s
-----------------------------------------------------------------------

-----------------------------------------------------------------------
Refining peculiar surfaces...
Refinement input: 19876 bricks
Setting regions...OK (0.000 s)
Refinement result: 19890 bricks (0.002 s)
Refinement input: 19890 bricks
Setting regions...OK (0.000 s)
Refinement result: 19960 bricks (0.003 s)
Refinement input: 19960 bricks
Setting regions...OK (0.000 s)
Refinement result: 19995 bricks (0.002 s)
Refinement input: 19995 bricks
Setting regions...OK (0.000 s)
Refinement result: 20002 bricks (0.001 s)
Refinement input: 20002 bricks
Setting regions...OK (0.000 s)
Refinement result: 20051 bricks (0.002 s)
Refinement input: 20051 bricks
Setting regions...OK (0.000 s)
Refinement result: 20114 bricks (0.002 s)
Refinement input: 20114 bricks
Setting regions...OK (0.000 s)
Refinement result: 20198 bricks (0.002 s)
Refinement input: 20198 bricks
Setting regions...OK (0.000 s)
Refinement result: 20254 bricks (0.002 s)
Refinement input: 20254 bricks
Setting regions...OK (0.000 s)
Refinement result: 20282 bricks (0.002 s)
Refinement input: 20282 bricks
Setting regions...OK (0.000 s)
Refinement result: 20296 bricks (0.002 s)
Refinement input: 20296 bricks
Setting regions...OK (0.000 s)
Refinement result: 20338 bricks (0.002 s)
Refinement input: 20338 bricks
Setting regions...OK (0.000 s)
Refinement result: 20359 bricks (0.002 s)
Refinement input: 20359 bricks
Setting regions...OK (0.000 s)
Refinement result: 20989 bricks (0.003 s)
10 surfaces refined
Refining peculiar surfaces takes 0.044 s
-----------------------------------------------------------------------
Collecting and processing rays...OK (0.005 s)
Capturing...OK (0.000 s)
Collecting and processing rays...OK (0.000 s)
Capturing...OK (0.000 s)
Collecting and processing rays...OK (0.000 s)
Capturing...OK (0.000 s)

-----------------------------------------------------------------------
Base mesh 1 Refining...
Refinement input: 20989 bricks
Refinement result: 20989 bricks (0.000 s)
Collecting and processing rays...OK (0.000 s)
Capturing...OK (0.000 s)
-----------------------------------------------------------------------
Refining channels...
FYI: CNarrowChannelRefiner::RefineChannels_PRLL
Refinement input: 20989 bricks
Setting regions...OK (0.000 s)
Refinement result: 23229 bricks (0.003 s)
Collecting and processing rays...OK (0.004 s)
Capturing...OK (0.001 s)
FYI: m_iteration_count = 0
FYI: level1 statistics:
     level1_cnt_plus[1]=2560;		level1_cnt_minus[1]=0
     level1_cnt_plus[2]=0;		level1_cnt_minus[2]=0
     level1_cnt_plus[3]=0;		level1_cnt_minus[3]=0
     level1_cnt_plus[4]=0;		level1_cnt_minus[4]=0
     level1_cnt_plus[5]=0;		level1_cnt_minus[5]=0
     level1_cnt_plus[6]=0;		level1_cnt_minus[6]=0
     level1_cnt_plus[7]=0;		level1_cnt_minus[7]=0
     level1_cnt_plus[8]=0;		level1_cnt_minus[8]=0
     level1_cnt_plus[9]=0;		level1_cnt_minus[9]=0
Refinement input: 23229 bricks
Setting regions...OK (0.000 s)
Refinement result: 24062 bricks (0.002 s)
Collecting and processing rays...OK (0.002 s)
Capturing...OK (0.001 s)
FYI: m_iteration_count = 1
FYI: level1 statistics:
     level1_cnt_plus[1]=3494;		level1_cnt_minus[1]=0
     level1_cnt_plus[2]=16;		level1_cnt_minus[2]=0
     level1_cnt_plus[3]=0;		level1_cnt_minus[3]=0
     level1_cnt_plus[4]=0;		level1_cnt_minus[4]=0
     level1_cnt_plus[5]=0;		level1_cnt_minus[5]=0
     level1_cnt_plus[6]=0;		level1_cnt_minus[6]=0
     level1_cnt_plus[7]=0;		level1_cnt_minus[7]=0
     level1_cnt_plus[8]=0;		level1_cnt_minus[8]=0
     level1_cnt_plus[9]=0;		level1_cnt_minus[9]=0
Refinement input: 24062 bricks
Setting regions...OK (0.000 s)
Refinement result: 24300 bricks (0.002 s)
Collecting and processing rays...OK (0.000 s)
Capturing...OK (0.000 s)
FYI: m_iteration_count = 2
FYI: level1 statistics:
     level1_cnt_plus[1]=3766;		level1_cnt_minus[1]=0
     level1_cnt_plus[2]=16;		level1_cnt_minus[2]=0
     level1_cnt_plus[3]=0;		level1_cnt_minus[3]=0
     level1_cnt_plus[4]=0;		level1_cnt_minus[4]=0
     level1_cnt_plus[5]=0;		level1_cnt_minus[5]=0
     level1_cnt_plus[6]=0;		level1_cnt_minus[6]=0
     level1_cnt_plus[7]=0;		level1_cnt_minus[7]=0
     level1_cnt_plus[8]=0;		level1_cnt_minus[8]=0
     level1_cnt_plus[9]=0;		level1_cnt_minus[9]=0
Refinement input: 24300 bricks
Setting regions...OK (0.000 s)
Refinement result: 24363 bricks (0.002 s)
Collecting and processing rays...OK (0.000 s)
Capturing...OK (0.000 s)
FYI: m_iteration_count = 3
FYI: level1 statistics:
     level1_cnt_plus[1]=3838;		level1_cnt_minus[1]=0
     level1_cnt_plus[2]=16;		level1_cnt_minus[2]=0
     level1_cnt_plus[3]=0;		level1_cnt_minus[3]=0
     level1_cnt_plus[4]=0;		level1_cnt_minus[4]=0
     level1_cnt_plus[5]=0;		level1_cnt_minus[5]=0
     level1_cnt_plus[6]=0;		level1_cnt_minus[6]=0
     level1_cnt_plus[7]=0;		level1_cnt_minus[7]=0
     level1_cnt_plus[8]=0;		level1_cnt_minus[8]=0
     level1_cnt_plus[9]=0;		level1_cnt_minus[9]=0
Refinement input: 24363 bricks
Setting regions...OK (0.000 s)
Refinement result: 24384 bricks (0.001 s)
Collecting and processing rays...OK (0.000 s)
Capturing...OK (0.000 s)
FYI: m_iteration_count = 4
FYI: level1 statistics:
     level1_cnt_plus[1]=3862;		level1_cnt_minus[1]=0
     level1_cnt_plus[2]=16;		level1_cnt_minus[2]=0
     level1_cnt_plus[3]=0;		level1_cnt_minus[3]=0
     level1_cnt_plus[4]=0;		level1_cnt_minus[4]=0
     level1_cnt_plus[5]=0;		level1_cnt_minus[5]=0
     level1_cnt_plus[6]=0;		level1_cnt_minus[6]=0
     level1_cnt_plus[7]=0;		level1_cnt_minus[7]=0
     level1_cnt_plus[8]=0;		level1_cnt_minus[8]=0
     level1_cnt_plus[9]=0;		level1_cnt_minus[9]=0
FYI: m_iteration_count = 5
FYI: level1 statistics:
     level1_cnt_plus[1]=3862;		level1_cnt_minus[1]=0
     level1_cnt_plus[2]=16;		level1_cnt_minus[2]=0
     level1_cnt_plus[3]=0;		level1_cnt_minus[3]=0
     level1_cnt_plus[4]=0;		level1_cnt_minus[4]=0
     level1_cnt_plus[5]=0;		level1_cnt_minus[5]=0
     level1_cnt_plus[6]=0;		level1_cnt_minus[6]=0
     level1_cnt_plus[7]=0;		level1_cnt_minus[7]=0
     level1_cnt_plus[8]=0;		level1_cnt_minus[8]=0
     level1_cnt_plus[9]=0;		level1_cnt_minus[9]=0
Refinement input: 24384 bricks
Setting regions...OK (0.000 s)
Refinement result: 27464 bricks (0.003 s)
Collecting and processing rays...OK (0.003 s)
Capturing...OK (0.001 s)
FYI: m_iteration_count = 6
FYI: level1 statistics:
     level1_cnt_plus[1]=7184;		level1_cnt_minus[1]=0
     level1_cnt_plus[2]=192;		level1_cnt_minus[2]=0
     level1_cnt_plus[3]=0;		level1_cnt_minus[3]=0
     level1_cnt_plus[4]=0;		level1_cnt_minus[4]=0
     level1_cnt_plus[5]=0;		level1_cnt_minus[5]=0
     level1_cnt_plus[6]=0;		level1_cnt_minus[6]=0
     level1_cnt_plus[7]=0;		level1_cnt_minus[7]=0
     level1_cnt_plus[8]=0;		level1_cnt_minus[8]=0
     level1_cnt_plus[9]=0;		level1_cnt_minus[9]=0
Refinement input: 27464 bricks
Setting regions...OK (0.000 s)
Refinement result: 27513 bricks (0.002 s)
Collecting and processing rays...OK (0.000 s)
Capturing...OK (0.000 s)
FYI: m_iteration_count = 7
FYI: level1 statistics:
     level1_cnt_plus[1]=7240;		level1_cnt_minus[1]=0
     level1_cnt_plus[2]=192;		level1_cnt_minus[2]=0
     level1_cnt_plus[3]=0;		level1_cnt_minus[3]=0
     level1_cnt_plus[4]=0;		level1_cnt_minus[4]=0
     level1_cnt_plus[5]=0;		level1_cnt_minus[5]=0
     level1_cnt_plus[6]=0;		level1_cnt_minus[6]=0
     level1_cnt_plus[7]=0;		level1_cnt_minus[7]=0
     level1_cnt_plus[8]=0;		level1_cnt_minus[8]=0
     level1_cnt_plus[9]=0;		level1_cnt_minus[9]=0
FYI: m_iteration_count = 8
FYI: level1 statistics:
     level1_cnt_plus[1]=7240;		level1_cnt_minus[1]=0
     level1_cnt_plus[2]=192;		level1_cnt_minus[2]=0
     level1_cnt_plus[3]=0;		level1_cnt_minus[3]=0
     level1_cnt_plus[4]=0;		level1_cnt_minus[4]=0
     level1_cnt_plus[5]=0;		level1_cnt_minus[5]=0
     level1_cnt_plus[6]=0;		level1_cnt_minus[6]=0
     level1_cnt_plus[7]=0;		level1_cnt_minus[7]=0
     level1_cnt_plus[8]=0;		level1_cnt_minus[8]=0
     level1_cnt_plus[9]=0;		level1_cnt_minus[9]=0
FYI: level1 statistics:
     level1_cnt_plus[1]=7240;		level1_cnt_minus[1]=0
     level1_cnt_plus[2]=192;		level1_cnt_minus[2]=0
     level1_cnt_plus[3]=0;		level1_cnt_minus[3]=0
     level1_cnt_plus[4]=0;		level1_cnt_minus[4]=0
     level1_cnt_plus[5]=0;		level1_cnt_minus[5]=0
     level1_cnt_plus[6]=0;		level1_cnt_minus[6]=0
     level1_cnt_plus[7]=0;		level1_cnt_minus[7]=0
     level1_cnt_plus[8]=0;		level1_cnt_minus[8]=0
     level1_cnt_plus[9]=0;		level1_cnt_minus[9]=0

-----------------------------------------------------------------------
U-shapes refinement...
Refinement input: 27513 bricks
Setting regions...OK (0.000 s)
Refinement result: 27702 bricks (0.008 s)
Collecting and processing rays...OK (0.003 s)
Capturing...OK (0.000 s)
-----------------------------------------------------------------------

-----------------------------------------------------------------------
Equi Distant Refiner:
Equi Distant Refiner takes 0.00 s
-----------------------------------------------------------------------
Building geometry takes 0.795 s
Geometry Fluid.0.
Total		27702
Partial	8988
Fluid		4712
Solid		13959
Bad		43

/-Ray Intersection---------------/ Time	0.224 s
Calls			9907
CorrectRay Calls	0



-----------------------------------------------------------------------
Building geometries takes 0.796 s
-----------------------------------------------------------------------

-----------------------------------------------------------------------
PostBuilding geometries:
-----------------------------------------------------------------------
PostBuilding body-set (0) geometry Fluid.0. (0)...
Collecting and processing rays...OK (0.000 s)
Capturing...OK (0.000 s)
PostBuilding geometry takes 0.001 s
Geometry Fluid.0.
Total		27702
Partial	8988
Fluid		4712
Solid		13959
Bad		43

-----------------------------------------------------------------------
PostBuilding geometries takes 0.001 s
-----------------------------------------------------------------------
Defect ray count	0
FYI: CNarrowChannelRefiner::RedistributeLevel1_step_1: is finished
FYI: level1 statistics:
     level1_cnt_plus[1]=2086;		level1_cnt_minus[1]=0
     level1_cnt_plus[2]=5337;		level1_cnt_minus[2]=0
     level1_cnt_plus[3]=0;		level1_cnt_minus[3]=0
     level1_cnt_plus[4]=0;		level1_cnt_minus[4]=0
     level1_cnt_plus[5]=0;		level1_cnt_minus[5]=0
     level1_cnt_plus[6]=0;		level1_cnt_minus[6]=0
     level1_cnt_plus[7]=0;		level1_cnt_minus[7]=0
     level1_cnt_plus[8]=0;		level1_cnt_minus[8]=0
     level1_cnt_plus[9]=0;		level1_cnt_minus[9]=0
FYI: CNarrowChannelRefiner::RedistributeLevel1_step_2: is started
FYI: CNarrowChannelRefiner::RedistributeLevel1_step_2: is finished
FYI: level1 statistics:
     level1_cnt_plus[1]=3103;		level1_cnt_minus[1]=0
     level1_cnt_plus[2]=9696;		level1_cnt_minus[2]=0
     level1_cnt_plus[3]=0;		level1_cnt_minus[3]=0
     level1_cnt_plus[4]=0;		level1_cnt_minus[4]=0
     level1_cnt_plus[5]=0;		level1_cnt_minus[5]=0
     level1_cnt_plus[6]=0;		level1_cnt_minus[6]=0
     level1_cnt_plus[7]=0;		level1_cnt_minus[7]=0
     level1_cnt_plus[8]=0;		level1_cnt_minus[8]=0
     level1_cnt_plus[9]=0;		level1_cnt_minus[9]=0
FYI: CNarrowChannelRefiner::RedistributeLevel1_step_3: is started
FYI: CNarrowChannelRefiner::RedistributeLevel1_step_3: is finished
RedistributeLevel1 takes:
FYI: level1 statistics:
     level1_cnt_plus[1]=3103;		level1_cnt_minus[1]=1814
     level1_cnt_plus[2]=9696;		level1_cnt_minus[2]=1450
     level1_cnt_plus[3]=0;		level1_cnt_minus[3]=0
     level1_cnt_plus[4]=0;		level1_cnt_minus[4]=0
     level1_cnt_plus[5]=0;		level1_cnt_minus[5]=0
     level1_cnt_plus[6]=0;		level1_cnt_minus[6]=0
     level1_cnt_plus[7]=0;		level1_cnt_minus[7]=0
     level1_cnt_plus[8]=0;		level1_cnt_minus[8]=0
     level1_cnt_plus[9]=0;		level1_cnt_minus[9]=0
-----------------------------------------------------------------------
MSH format builder (Iteration 0)
-----------------------------------------------------------------------
Memory Working Set Current = 55.39 Mb, Memory Working Set Peak = 70.35 Mb
Process Threads Number: 13
-----------------------------------------------------------------------
Loading geometries triangulation & x-stacks...OK
x-stacks size = 0.71 Mb
Total bricks count: 27702
-----------------------------------------------------------------------
MSH (Real Geometry) format constructor:
	Getting brick sets...OK (0.001 s)
	Min x-stack xeps = 1.18745e-05
	D / dh / eps [axis=0] = (0.123338, 0.000428123, 4.28123e-07)
	D / dh / eps [axis=1] = (0.0624151, 0.000389989, 3.89989e-07)
	D / dh / eps [axis=2] = (0.113296, 0.000442459, 4.42459e-07)
	Time (xeps): 0.000 s
Level 4
	Set (0)  size: 2188
	Set (0)  time: 0.032 s
	Set (1)  size: 2188
	Set (1)  time: 0.028 s
Level 3
	Set (0)  size: 2982
	Set (0)  time: 0.030 s
	Set (1)  size: 2983
	Set (1)  time: 0.029 s
Level 2
	Set (0)  size: 6375
	Set (0)  time: 0.039 s
	Set (1)  size: 6371
	Set (1)  time: 0.039 s
Level 1
	Set (0)  size: 1108
	Set (0)  time: 0.001 s
	Set (1)  size: 1117
	Set (1)  time: 0.001 s
Level 0
	Set (0)  size: 1198
	Set (0)  time: 0.001 s
	Set (1)  size: 1192
	Set (1)  time: 0.001 s
Result:
	Bricks number:                        27702

	Memory usage:                         5.566 MB
	Memory usage (per brick):             0.206 KB
	Construction time:                    0.201 s

	Topology features:
	------------------
	- High quality bricks                  99.99 % (27698)
	- Medium quality bricks                 0.01 % (4)
	- Bad quality bricks                    0.00 % (0)
	- Ribs corrected bricks                 0.00 % (0)
	- Points with geom-info (bricks)        0.06 % (18)
	- Points with closest-info (bricks)     0.04 % (12)
	- Triangulated by center (bricks)       0.61 % (169)
	- Facet w-faces mergings (bricks)       0.00 % (0)
	- To refine (bricks)                    0.00 % (0)

-----------------------------------------------------------------------
Memory Working Set Current = 77.23 Mb, Memory Working Set Peak = 77.23 Mb
Process Threads Number: 13
-----------------------------------------------------------------------
-----------------------------------------------------------------------
-----------------------------------------------------------------------
MSH --> BCF format (Iteration 0)...
BCF collector...(remove mode=0)
	Time (alloc counter per brick): 0.001 s
	Brick    count: 27702
	Av.f all count: 14056
	Av.s all count: 23339
	Av.f pid count: 9362
	Av.s pid count: 9634
	Faces fs count: 21935
	Faces ff count: 0
	Faces ss count: 0
	Faces bb count: 0
	Faces fe count: 0
	Faces se count: 2411
	Faces fw count: 24346
	Faces af count: 38958
	Faces as count: 73386
	Time (all count): 	0.004 s
	Time (bcf alloc): 	0.001 s
	Time (shifts alloc): 	0.002 s
	Time (shifts init): 	0.002 s
	Time (bcf fill): 	0.011 s
	Time (add av to faces): 0.000 s
	Time (add faces to av): 0.004 s
Time (bcf collect): 		0.026 s
	AV checker...
	Time (check av): 	0.009 s
	Subdomain checker...
		Subdomains construction time: 0.004 s.
		Subdomains sort time: 0.000 s.
			Subdomain 0 (geom_ind=0): 11618 av
			Subdomain 1 (geom_ind=0): 2438 av
			Subdomain 2 (geom_ind=1): 23339 av
		gi: 0, subdomains: 2, real bodies: 2
		gi: 1, subdomains: 1, real bodies: 0
		Defect subdomains: 0
	Time (check subdoms): 	0.004 s
Time (bcf iteration total): 	0.040 s
	Time (fw-nb): 		0.002 s
	Fixed mutual fw-nb:     12710 (bb: 0)
	Time (fw-nb mutual): 	0.002 s
	Time (fw-nb sort): 	0.000 s
	Fw-opt BEFORE total:    24346 (fs=21935, ff=0, ss=0)
	Fw-opt AFTER  total:    14675 (fs=12264, ff=0, ss=0, failed fw/br=2/0, big_curv=35, big_poly=0)
	Fw-opt RESULT:          9671 (res/(fs+ff+ss) = 44.09 %)
	Time (fw-opt): 		0.007 s
	Time (fw-re-order): 	0.002 s
	Time (fw-nb): 		0.009 s
	Fixed mutual fw-nb:     30659 (bb: 0)
	Time (fw-nb mutual): 	0.002 s
	Time (fw-nb sort): 	0.001 s
	Time (rfd fix): 	0.000 s
	Time (av convexity): 	0.006 s
	Time (av small volume): 0.001 s
	Time (diagonal fw-nb): 	0.030 s
	Fixed mutual fw-nb:     0 (bb: 0)
	Time (fw-nb mutual): 	0.001 s
	Time (fw-nb sort): 	0.000 s
	Fluid subdomains: 2
	Faces fw-nb diff sd:    0
	Time (fw-nb diff sd): 	0.002 s
Time (bcf calc): 		0.067 s
-----------------------------------------------------------------------
Time (bcf total): 		0.107 s
-----------------------------------------------------------------------
-----------------------------------------------------------------------
Mega-cv constructor for fluid...
	 325 av's is treated as thin
Relative size generator (threshold = 0.05)...
	Iteration 1 (small cluster count = 848)
	Iteration 2 (small cluster count = 337)
	Iteration 3 (small cluster count = 61)
	Iteration 4 (small cluster count = 8)
	Iteration 5 (small cluster count = 3)
	Iteration 6 (small cluster count = 0)
	 798 mega-cv's generated
	 30 mega-cv's removed
Relative size generator is completed OK (0.002 s)
Apply fa-rules to mega-cv clusters fixes...
	Fa-rule violation fixes:       21 of       21 (total cluster# =      785)
OK (0.000 s)
Convert clusters:
	 772 mega-cv's total
Mega-cv count: 772
Time (mega-cv fill): 	0.002 s
Time (mega-cv total): 	0.010 s
-----------------------------------------------------------------------
Mixing plane rotation regions: NO.
Sliding mesh rotation regions: NO.
Fluid/fluid faces: NO.
----------------------------------------------------------
BCF --> BCF.GEOMSUBDOM (bridge arrays):
MESH (0):
	Fluid Subdom Constructor: 2 subdom(s).
	Solid Subdom Constructor: 1 subdom(s).
	Net Asm Subdom Constructor: 0 subdom(s).
	GEOMSUBDOM (0): gi=0 fluid av=11618 cv=10931 fa=32206 fb=0 fw=9359 V=2.625361e-05
	Cache data...OK
	GEOMSUBDOM (1): gi=0 fluid av=2438 cv=2238 fa=6752 fb=0 fw=2905 V=1.972394e-06
	Cache data...OK
	GEOMSUBDOM (2): gi=1 solid av=23339 cv=23339 fa=73386 fb=0 fw=14675 V=8.439427e-04
	Cache data...OK
	Setting nb of w-faces...OK (0.007 s).
	Correcting nb of w-faces...
	Time(correct_fw_nb)=0.006 s

MESH (0) checking:
	GEOMSUBDOM (0):fa_s=0.0489921802230664 fb_s=0.0000000000000000 fw_s=0.0095261196155060 fw_nb=73250
	              :d_const(10804)=1.11469e-10 d_linear(10729)=2.97528e-10
	GEOMSUBDOM (1):fa_s=0.0042397303713810 fb_s=0.0000000000000000 fw_s=0.0014679966204983 fw_nb=23422
	              :d_const(1035)=8.8879e-14 d_linear(458)=1.38903e-12
	GEOMSUBDOM (2):fa_s=0.4400648907461636 fb_s=0.0000000000000000 fw_s=0.0684805246897784 fw_nb=106856
	              :d_const(9748)=1.32655e-08 d_linear(9748)=2.78569e-08
MESH (0) checking: OK.
Time (MDS): 	0.054 s
----------------------------------------------------------

-----------------------------------------------------------------------
BCF CHECKSUM DATA (Mesh 0):

WARNING! 302 w-face(s) without RefFacesData.
BRICK |Level1| Sum:               27209
FACE_A Area Sum:   G.Fluid        0.0532319105944474
FACE_A Area Sum:   G.Solid        0.4400648907461636
FACE_W Area Sum:                  0.0684805246897784
FACE_W Nb   Sum:                  106856
FACE_W min curvatures sum:        -3573252.97514916
FACE_W max curvatures sum:        6325863.87432324
AV Max Disbalance(Const) :        1.32655e-08 (cid=7599, t={156, 124, 68}, avid=20463, pid=2569)
AV Max Disbalance(Linear):        2.78569e-08 (cid=7599, t={156, 124, 68}, avid=20463, pid=2569)
-----------------------------------------------------------------------


-----------------------------------------------------------------------
MESHER TOPOLOGY DATA:

BRICKS: Total                 27702
BRICKS: 1-CV                  18399
BRICKS: 2-CV                  8914
BRICKS: 3-CV                  388
BRICKS: 4-CV                  1
BRICKS: Bad                   0

AV:     G.Total               37395
AV:     G.Fluid               14056
AV:     G.Solid               23339

AV:     G.Fluid Thin Profile    2.35 % (330)
AV:     G.Solid Thin Profile    0.25 % (59)

AV:     G.Fluid Thin For Mega   2.31 % (325)
AV:     G.Solid Thin For Mega   0.22 % (51)

AV:     G.Fluid Non-Convex     19.76 % (2778)
AV:     G.Solid Non-Convex     17.42 % (4065)

AV:     G.Fluid Non-Ess-Convex      5.26 % (740)
AV:     G.Solid Non-Ess-Convex      6.80 % (1588)

FACE_A: G.Fluid          (af) 38958 (partially opened 19914)
FACE_A: G.Solid          (as) 73386 (partially opened 20413)

FACE_B: G.Total          (b)  0

FACE_W: G.Total                 14675       Brick/Bound
FACE_W: G.Fluid/Solid    (fs_g) 12264       0           
FACE_W: G.Fluid/Fluid    (ff_g) 0           0           
FACE_W: G.Solid/Solid    (ss_g) 0           0           
FACE_W: G.Fluid/External (fe_g) 0
FACE_W: G.Solid/External (se_g) 2411

AV/CV max fa count (on brick side):8
AV/CV max fw count:                8
AV/CV max fb count:                0
AV/CV max fw poly count:           28

MEMORY: Total                   12.904 MB
MEMORY: Per Brick               0.477 KB
-----------------------------------------------------------------------

-----------------------------------------------------------------------
Connectivities information:
	Number of conns: 0
-----------------------------------------------------------------------
	Time (gap size): 	0.027 s
-----------------------------------------------------------------------
Calculating curvature and tolerance criteria...
Curvature: min=0 max=2.66083
Tolerance: min=0 max=0.000482871
Calculating curvature and tolerance criteria takes 0.125 s
-----------------------------------------------------------------------
MESH Build(FS) finished. Time=1.614 s
-----------------------------------------------------------------------
Current CPU = 2 sec

Nx=18
Ny=10
Nz=16
Max BRICK Level=4
Mesh Level=4
-----------------CModelBodies2MeshMapper::CollectData started -------------------------------
-----------------CModelBodies2MeshMapper Report -------------------------------
FluidDomains 2 SolidDomains 1 VoidDomains 0 
Domains RefIndexes
Domain 0, Index count 19
Domain 1, Index count 42
Domain 2, Index count 61
----------------- -------------------------------
	ModelBodies
Total resolved Bodies 0 BodySets 0

--------------------------------------------------------------------------
	Positive geometry Bodies
Total resolved Bodies 2 BodySets 2
BodySet 0
	Bodies list:
			#0	Name: ;	ID: 58ec4b40-ee59-400f-84a7-26b05fa3fa45
	Domains list:		 1 
BodySet 1
	Bodies list:
			#0	Name: ;	ID: f92d5594-a92e-4a1c-b166-fa2d3679f837
	Domains list:		 0 

--------------------------------------------------------------------------
	Fluid regions
Total resolved Bodies 2 BodySets 1
BodySet 0	Material: Water; 
	Bodies list:
			#0	Name: ;	ID: 58ec4b40-ee59-400f-84a7-26b05fa3fa45
			#1	Name: ;	ID: f92d5594-a92e-4a1c-b166-fa2d3679f837
	Domains list:		 0 		 1 

--------------------------------------------------------------------------
-----------------CModelBodies2MeshMapper::CollectData finished successfully-------------------
Saving initial mesh in: N:\Downloads\GitHub\liquid-propellant-engine\2kN Heat Sink Engine\Simulation Only\1\Parametric Study 2\33\33.fld .
Storing results...
Estimated CPT size=6.307 MB.
	Time (write bcf): 1.208 s
OK
-----------------------------------------------------------------------
Memory Working Set Current = 107.62 Mb, Memory Working Set Peak = 107.62 Mb
Process Threads Number: 13
-----------------------------------------------------------------------
Cleaning memory...
		Time (free xsl):                    	0.002 s
Free Geometry DB takes 0.000 s
	Time (free bcf): 	0.009 s
		Time (free bcf mesh):               	0.022 s
	Time (free mesher data):              	0.026 s
Copying... OK
Mesh generation normally finished at	13.4.2021	22:41:46
Mesher CPU = 3 sec
Mesher is finished at	13.4.2021	22:41:46
-----------------------------------------------------------------------
Memory Working Set Current = 46.04 Mb, Memory Working Set Peak = 108.01 Mb
Process Threads Number: 13
-----------------------------------------------------------------------
Algebra Pool      : mem_usage = 0.94 Mb, allocated count = 0
Log ended at 13.04.2021	22:41:46
