Log started at 28.04.2021	05:15:07
Number of used processors (NPROC): 4.
Number of mesh partitions (NPART): 4.
Total Physical Memory = 15.87 Gb, Available Physical Memory = 10.37 Gb
Computer name:	MCAE33
Operating system:	Windows 10 (or higher) (Version 10.0.18363)

SOLIDWORKS 2020 SP4.0
Flow Simulation 2020  x64 / 4995 / MESHER ver. efd_dev.4663_05.07.2019 

Project: N:\Downloads\GitHub\liquid-propellant-engine\2kN Heat Sink Engine\Revised Stack OD 6in\1\Parametric Study 1\23\23.xmlconfig
Configuration name: Default
Project name: Project(1)
NGK: OFF
MBO: OFF

Mesh generation started:	28.4.2021	5:15:7
-----------------------------------------------------------------------
Mesher option run = eRunMesherNormal
-----------------------------------------------------------------------
Current CPU = 0 sec
-----------------------------------------------------------------------
Geometries initialization:
-----------------------------------------------------------------------
Loading mesh settings (global/local)...
-----------------------------------------------------------------------
Number of geometries from DB: 1
Geometry(0):
	Guid = {00000000-0000-0000-0000-000000000000}
	Fluid..
	1 Body.
	1 Real body.
	-- Bodyset 0 --
		Tolerance=1.24686e-05.
		32 Face(s).
			32 of b-spline type.
		0 Face(s) that have no ref faces
		8 Plane surface(s).
		9 Cylinder surface(s).
		1 Cone surface(s).
		14 B- surface(s).
		14090 Triangle(s).
		Getting triangle connectivities from DB: 0.001 s
		106 Edge(s).
			106 of b-spline type.
		BodyGeom reading: 0.013 s.
		20 Reference Face(s).
		5930 Reference Triangles.
		Getting triangle connectivities from DB (Ref): 0.001 s
		BodyGeom Ref reading: 0.001 s.
		Getting triangle connectivities from DB (Extra Triangulation): 0.001 s
Geometry(1):
	Solid.
	-- Bodyset 1 --
	Empty
-----------------------------------------------------------------------
Number of geometries in task: 2
Number of bodysets   in task: 2
-----------------------------------------------------------------------
	Making hash and connectivity for Bodyset ...
		CBodyGeom:
		Hash size: {24, 26, 24}.
		Mesh size: {8, 26, 8}.
		Hashing triangles...Ok.
			axis(0) tr sizes: average=55 max=1112
			axis(1) tr sizes: average=49 max=640
			axis(2) tr sizes: average=55 max=1178
		Number of t-connected sets:2
			(0) size=12
			(1) size=14078 cavity
		Done.
		CBodyGeomRef:
		Hashing triangles...Ok.
			axis(0) tr sizes: average=92 max=715
			axis(1) tr sizes: average=152 max=431
			axis(2) tr sizes: average=92 max=726
		Done.
	0.0109 s.
Geometries reading and preparing has taken 0.030 s.

Mapped triangles:
Hashing geometries triangles
	Triangles num=14090
	Triangles box={-0.00960573  ,0.00960573  ,-0.0743717  ,-0.00672311  ,-0.00962189  ,0.00960576  }
		3d-hash size is 125692 bytes
Hashing peculiar surfaces triangles
	Triangles num=53
	Triangles box={-0.0095423  ,-0.00932111  ,-0.0678751  ,-0.0637867  ,-0.002046  ,0.00204704  }
		3d-hash size is 6992 bytes
	Triangles num=53
	Triangles box={0.00514354  ,0.00803796  ,-0.0678751  ,-0.0637867  ,-0.00803849  ,-0.00514447  }
		3d-hash size is 7060 bytes
	Triangles num=53
	Triangles box={-0.00803849  ,-0.00514447  ,-0.0678751  ,-0.0637867  ,-0.00803796  ,-0.00514354  }
		3d-hash size is 7060 bytes
	Triangles num=53
	Triangles box={-0.00803796  ,-0.00514354  ,-0.0678751  ,-0.0637867  ,0.00514447  ,0.00803849  }
		3d-hash size is 7060 bytes
	Triangles num=53
	Triangles box={-0.002046  ,0.00204704  ,-0.0678751  ,-0.0637867  ,0.00932111  ,0.0095423  }
		3d-hash size is 6992 bytes
	Triangles num=53
	Triangles box={0.00932111  ,0.0095423  ,-0.0678751  ,-0.0637867  ,-0.00204704  ,0.002046  }
		3d-hash size is 6992 bytes
	Triangles num=53
	Triangles box={-0.00204704  ,0.002046  ,-0.0678751  ,-0.0637867  ,-0.0095423  ,-0.00932111  }
		3d-hash size is 6992 bytes
	Triangles num=36
	Triangles box={-0.0081464  ,0.0081464  ,-0.006858  ,-0.006858  ,-0.0081464  ,0.0081464  }
		3d-hash size is 7644 bytes
Mapped triangles processed in 0.014 s.
-----------------------------------------------------------------------
Getting sectors:
Number of sectors: 0
-----------------------------------------------------------------------
-----------------------------------------------------------------------

Current CPU = 0 sec

-----------------------------------------------------------------------
Mesh dimensions:
				I[0 ]=8
				I[1 ]=26
				I[2 ]=8

Comp. domain size:
				a[0  ]=-0.00958656
				a[1  ]=0.00958656
				a[2  ]=-0.0743042
				a[3  ]=-0.00679062
				a[4  ]=-0.00960271
				a[5  ]=0.00958658

Fluid calculated			1
Solid calculated			0
-----------------------------------------------------------------------
MESH Build started...
-----------------------------------------------------------------------
Mesh LEVEL = 2
-----------------------------------------------------------------------
Setting regions...OK (0.000 s)
Base mesh info------------------
	2D flag  =0
	Period   =[0, 0, 0]
	Nx=8
		x[0]=-0.00958656
		x[1]=-0.00718917
		x[2]=-0.00479253
		x[3]=-0.00239589
		x[4]=7.5269e-07
		x[5]=0.00239739
		x[6]=0.00479403
		x[7]=0.00719067
		x[8]=0.00958656
	Ny=26
		y[0]=-0.0743042
		y[1]=-0.0717068
		y[2]=-0.0691102
		y[3]=-0.0665135
		y[4]=-0.0639168
		y[5]=-0.0613201
		y[6]=-0.0587235
		y[7]=-0.0561268
		y[8]=-0.0535301
		y[9]=-0.0509334
		y[10]=-0.0483368
		y[11]=-0.0457401
		y[12]=-0.0431434
		y[13]=-0.0405467
		y[14]=-0.03795
		y[15]=-0.0353534
		y[16]=-0.0327567
		y[17]=-0.03016
		y[18]=-0.0275633
		y[19]=-0.0249667
		y[20]=-0.02237
		y[21]=-0.0197733
		y[22]=-0.0171766
		y[23]=-0.0145799
		y[24]=-0.0119833
		y[25]=-0.00938659
		y[26]=-0.00679062
	Nz=8
		z[0]=-0.00960271
		z[1]=-0.00720349
		z[2]=-0.00480483
		z[3]=-0.00240617
		z[4]=-7.51314e-06
		z[5]=0.00239115
		z[6]=0.00478981
		z[7]=0.00718847
		z[8]=0.00958658
End of base mesh info---------
Input_mesh_settings--------------------------------
Settings 0----------------
	Scope: GLOBAL
	Type:	------MESHER_SETTINGS----------
	RefAllCells           =0
	RefFluidCells         =0
	RefPartCells          =0
	RefSolidCells         =0
	l_SSFR(Capture crit)  =1
	l_curv(Curvature crit)=0
	l_tol(Tolerance crit) =1
	  k_tol               =0.00102474
	UseChannelRef         =1
	  NCR_method          =0
	  l_NCR               =2
	  N_gap               =5
	  Use d_NCR_min       =0
	  Use d_NCR_max       =0
	IgnoreThinChannelsHeight         =0
	--END_OF_MESHER_SETTINGS-------
End of input mesh settings-------------------------

-----------------------------------------------------------------------
Building geometries:
-----------------------------------------------------------------------
Building body-set (0) of geometry Fluid.0.(0). ...

-----------------------------------------------------------------------
Refining by triangulation...
Refinement input: 1664 bricks
Setting regions...OK (0.000 s)
Setting regions...OK (0.000 s)
Refinement result: 1944 bricks (0.036 s)
Refinement input: 1944 bricks
Refinement result: 1944 bricks (0.000 s)
Collecting and processing rays...OK (0.009 s)
Capturing...OK (0.000 s)
Refining by triangulation takes 0.046 s
-----------------------------------------------------------------------

-----------------------------------------------------------------------
Refining peculiar surfaces...
0 surfaces refined
Refining peculiar surfaces takes 0.001 s
-----------------------------------------------------------------------
Collecting and processing rays...OK (0.000 s)
Capturing...OK (0.000 s)
Collecting and processing rays...OK (0.000 s)
Capturing...OK (0.000 s)
Collecting and processing rays...OK (0.000 s)
Capturing...OK (0.000 s)

-----------------------------------------------------------------------
Base mesh 1 Refining...
Refinement input: 1944 bricks
Refinement result: 1944 bricks (0.000 s)
Collecting and processing rays...OK (0.000 s)
Capturing...OK (0.000 s)
-----------------------------------------------------------------------
Refining channels...
FYI: CNarrowChannelRefiner::RefineChannels_PRLL
Refinement input: 1944 bricks
Setting regions...OK (0.000 s)
Refinement result: 2763 bricks (0.001 s)
Collecting and processing rays...OK (0.003 s)
Capturing...OK (0.001 s)
FYI: m_iteration_count = 0
FYI: level1 statistics:
     level1_cnt_plus[1]=936;		level1_cnt_minus[1]=0
     level1_cnt_plus[2]=0;		level1_cnt_minus[2]=0
     level1_cnt_plus[3]=0;		level1_cnt_minus[3]=0
     level1_cnt_plus[4]=0;		level1_cnt_minus[4]=0
     level1_cnt_plus[5]=0;		level1_cnt_minus[5]=0
     level1_cnt_plus[6]=0;		level1_cnt_minus[6]=0
     level1_cnt_plus[7]=0;		level1_cnt_minus[7]=0
     level1_cnt_plus[8]=0;		level1_cnt_minus[8]=0
     level1_cnt_plus[9]=0;		level1_cnt_minus[9]=0
FYI: m_iteration_count = 1
FYI: level1 statistics:
     level1_cnt_plus[1]=936;		level1_cnt_minus[1]=0
     level1_cnt_plus[2]=0;		level1_cnt_minus[2]=0
     level1_cnt_plus[3]=0;		level1_cnt_minus[3]=0
     level1_cnt_plus[4]=0;		level1_cnt_minus[4]=0
     level1_cnt_plus[5]=0;		level1_cnt_minus[5]=0
     level1_cnt_plus[6]=0;		level1_cnt_minus[6]=0
     level1_cnt_plus[7]=0;		level1_cnt_minus[7]=0
     level1_cnt_plus[8]=0;		level1_cnt_minus[8]=0
     level1_cnt_plus[9]=0;		level1_cnt_minus[9]=0
Refinement input: 2763 bricks
Setting regions...OK (0.000 s)
Refinement result: 5570 bricks (0.003 s)
Collecting and processing rays...OK (0.014 s)
Capturing...OK (0.001 s)
FYI: m_iteration_count = 2
FYI: level1 statistics:
     level1_cnt_plus[1]=2146;		level1_cnt_minus[1]=0
     level1_cnt_plus[2]=1776;		level1_cnt_minus[2]=0
     level1_cnt_plus[3]=0;		level1_cnt_minus[3]=0
     level1_cnt_plus[4]=0;		level1_cnt_minus[4]=0
     level1_cnt_plus[5]=0;		level1_cnt_minus[5]=0
     level1_cnt_plus[6]=0;		level1_cnt_minus[6]=0
     level1_cnt_plus[7]=0;		level1_cnt_minus[7]=0
     level1_cnt_plus[8]=0;		level1_cnt_minus[8]=0
     level1_cnt_plus[9]=0;		level1_cnt_minus[9]=0
FYI: m_iteration_count = 3
FYI: level1 statistics:
     level1_cnt_plus[1]=2146;		level1_cnt_minus[1]=0
     level1_cnt_plus[2]=1776;		level1_cnt_minus[2]=0
     level1_cnt_plus[3]=0;		level1_cnt_minus[3]=0
     level1_cnt_plus[4]=0;		level1_cnt_minus[4]=0
     level1_cnt_plus[5]=0;		level1_cnt_minus[5]=0
     level1_cnt_plus[6]=0;		level1_cnt_minus[6]=0
     level1_cnt_plus[7]=0;		level1_cnt_minus[7]=0
     level1_cnt_plus[8]=0;		level1_cnt_minus[8]=0
     level1_cnt_plus[9]=0;		level1_cnt_minus[9]=0
FYI: level1 statistics:
     level1_cnt_plus[1]=2146;		level1_cnt_minus[1]=0
     level1_cnt_plus[2]=1776;		level1_cnt_minus[2]=0
     level1_cnt_plus[3]=0;		level1_cnt_minus[3]=0
     level1_cnt_plus[4]=0;		level1_cnt_minus[4]=0
     level1_cnt_plus[5]=0;		level1_cnt_minus[5]=0
     level1_cnt_plus[6]=0;		level1_cnt_minus[6]=0
     level1_cnt_plus[7]=0;		level1_cnt_minus[7]=0
     level1_cnt_plus[8]=0;		level1_cnt_minus[8]=0
     level1_cnt_plus[9]=0;		level1_cnt_minus[9]=0

-----------------------------------------------------------------------
U-shapes refinement...
Refinement input: 5570 bricks
Refinement result: 5570 bricks (0.001 s)
Collecting and processing rays...OK (0.000 s)
Capturing...OK (0.000 s)
-----------------------------------------------------------------------

-----------------------------------------------------------------------
Equi Distant Refiner:
Equi Distant Refiner takes 0.00 s
-----------------------------------------------------------------------
Building geometry takes 0.175 s
Geometry Fluid.0.
Total		5570
Partial	2341
Fluid		1652
Solid		1577
Bad		0

/-Ray Intersection---------------/ Time	0.043 s
Calls			1842
CorrectRay Calls	0



-----------------------------------------------------------------------
Building geometries takes 0.175 s
-----------------------------------------------------------------------

-----------------------------------------------------------------------
PostBuilding geometries:
-----------------------------------------------------------------------
PostBuilding body-set (0) geometry Fluid.0. (0)...
Collecting and processing rays...OK (0.000 s)
Capturing...OK (0.000 s)
PostBuilding geometry takes 0.000 s
Geometry Fluid.0.
Total		5570
Partial	2341
Fluid		1652
Solid		1577
Bad		0

-----------------------------------------------------------------------
PostBuilding geometries takes 0.001 s
-----------------------------------------------------------------------
Defect ray count	0
FYI: CNarrowChannelRefiner::RedistributeLevel1_step_1: is finished
FYI: level1 statistics:
     level1_cnt_plus[1]=1107;		level1_cnt_minus[1]=0
     level1_cnt_plus[2]=2815;		level1_cnt_minus[2]=0
     level1_cnt_plus[3]=0;		level1_cnt_minus[3]=0
     level1_cnt_plus[4]=0;		level1_cnt_minus[4]=0
     level1_cnt_plus[5]=0;		level1_cnt_minus[5]=0
     level1_cnt_plus[6]=0;		level1_cnt_minus[6]=0
     level1_cnt_plus[7]=0;		level1_cnt_minus[7]=0
     level1_cnt_plus[8]=0;		level1_cnt_minus[8]=0
     level1_cnt_plus[9]=0;		level1_cnt_minus[9]=0
FYI: CNarrowChannelRefiner::RedistributeLevel1_step_2: is started
FYI: CNarrowChannelRefiner::RedistributeLevel1_step_2: is finished
FYI: level1 statistics:
     level1_cnt_plus[1]=1235;		level1_cnt_minus[1]=0
     level1_cnt_plus[2]=2821;		level1_cnt_minus[2]=0
     level1_cnt_plus[3]=0;		level1_cnt_minus[3]=0
     level1_cnt_plus[4]=0;		level1_cnt_minus[4]=0
     level1_cnt_plus[5]=0;		level1_cnt_minus[5]=0
     level1_cnt_plus[6]=0;		level1_cnt_minus[6]=0
     level1_cnt_plus[7]=0;		level1_cnt_minus[7]=0
     level1_cnt_plus[8]=0;		level1_cnt_minus[8]=0
     level1_cnt_plus[9]=0;		level1_cnt_minus[9]=0
FYI: CNarrowChannelRefiner::RedistributeLevel1_step_3: is started
FYI: CNarrowChannelRefiner::RedistributeLevel1_step_3: is finished
RedistributeLevel1 takes:
FYI: level1 statistics:
     level1_cnt_plus[1]=1235;		level1_cnt_minus[1]=0
     level1_cnt_plus[2]=2821;		level1_cnt_minus[2]=0
     level1_cnt_plus[3]=0;		level1_cnt_minus[3]=0
     level1_cnt_plus[4]=0;		level1_cnt_minus[4]=0
     level1_cnt_plus[5]=0;		level1_cnt_minus[5]=0
     level1_cnt_plus[6]=0;		level1_cnt_minus[6]=0
     level1_cnt_plus[7]=0;		level1_cnt_minus[7]=0
     level1_cnt_plus[8]=0;		level1_cnt_minus[8]=0
     level1_cnt_plus[9]=0;		level1_cnt_minus[9]=0
-----------------------------------------------------------------------
MSH format builder (Iteration 0)
-----------------------------------------------------------------------
Memory Working Set Current = 36.43 Mb, Memory Working Set Peak = 43.04 Mb
Process Threads Number: 13
-----------------------------------------------------------------------
Loading geometries triangulation & x-stacks...OK
x-stacks size = 0.13 Mb
Total bricks count: 5570
-----------------------------------------------------------------------
MSH (Real Geometry) format constructor:
	Getting brick sets...OK (0.000 s)
	Min x-stack xeps = 2.5463e-05
	D / dh / eps [axis=0] = (0.0191731, 0.000598972, 5.98972e-07)
	D / dh / eps [axis=1] = (0.0675136, 0.000649169, 6.49169e-07)
	D / dh / eps [axis=2] = (0.0191893, 0.000599527, 5.99527e-07)
	Time (xeps): 0.000 s
Level 2
	Set (0)  size: 1416
	Set (0)  time: 0.020 s
	Set (1)  size: 1416
	Set (1)  time: 0.016 s
Level 1
	Set (0)  size: 639
	Set (0)  time: 0.004 s
	Set (1)  size: 639
	Set (1)  time: 0.004 s
Level 0
	Set (0)  size: 730
	Set (0)  time: 0.005 s
	Set (1)  size: 730
	Set (1)  time: 0.004 s
Result:
	Bricks number:                        5570

	Memory usage:                         1.330 MB
	Memory usage (per brick):             0.245 KB
	Construction time:                    0.053 s

	Topology features:
	------------------
	- High quality bricks                 100.00 % (5570)
	- Medium quality bricks                 0.00 % (0)
	- Bad quality bricks                    0.00 % (0)
	- Ribs corrected bricks                 0.00 % (0)
	- Points with geom-info (bricks)        0.00 % (0)
	- Points with closest-info (bricks)     0.00 % (0)
	- Triangulated by center (bricks)       0.31 % (17)
	- Facet w-faces mergings (bricks)       0.00 % (0)
	- To refine (bricks)                    0.00 % (0)

-----------------------------------------------------------------------
Memory Working Set Current = 47.34 Mb, Memory Working Set Peak = 47.35 Mb
Process Threads Number: 13
-----------------------------------------------------------------------
-----------------------------------------------------------------------
-----------------------------------------------------------------------
MSH --> BCF format (Iteration 0)...
BCF collector...(remove mode=0)
	Time (alloc counter per brick): 0.000 s
	Brick    count: 5570
	Av.f all count: 3999
	Av.s all count: 3924
	Av.f pid count: 2347
	Av.s pid count: 2353
	Faces fs count: 5398
	Faces ff count: 0
	Faces ss count: 0
	Faces bb count: 0
	Faces fe count: 0
	Faces se count: 1554
	Faces fw count: 6952
	Faces af count: 11246
	Faces as count: 10820
	Time (all count): 	0.001 s
	Time (bcf alloc): 	0.000 s
	Time (shifts alloc): 	0.000 s
	Time (shifts init): 	0.000 s
	Time (bcf fill): 	0.002 s
	Time (add av to faces): 0.000 s
	Time (add faces to av): 0.001 s
Time (bcf collect): 		0.006 s
	AV checker...
	Time (check av): 	0.002 s
	Subdomain checker...
		Subdomains construction time: 0.000 s.
		Subdomains sort time: 0.000 s.
			Subdomain 0 (geom_ind=0): 3999 av
			Subdomain 1 (geom_ind=1): 3924 av
		gi: 0, subdomains: 1, real bodies: 1
		gi: 1, subdomains: 1, real bodies: 0
		Defect subdomains: 0
	Time (check subdoms): 	0.001 s
Time (bcf iteration total): 	0.009 s
	Time (fw-nb): 		0.000 s
	Fixed mutual fw-nb:     3242 (bb: 0)
	Time (fw-nb mutual): 	0.000 s
	Time (fw-nb sort): 	0.000 s
	Fw-opt BEFORE total:    6952 (fs=5398, ff=0, ss=0)
	Fw-opt AFTER  total:    4705 (fs=3151, ff=0, ss=0, failed fw/br=0/0, big_curv=0, big_poly=0)
	Fw-opt RESULT:          2247 (res/(fs+ff+ss) = 41.63 %)
	Time (fw-opt): 		0.001 s
	Time (fw-re-order): 	0.001 s
	Time (fw-nb): 		0.002 s
	Fixed mutual fw-nb:     9626 (bb: 0)
	Time (fw-nb mutual): 	0.001 s
	Time (fw-nb sort): 	0.000 s
	Time (rfd fix): 	0.000 s
	Time (av convexity): 	0.001 s
	Time (av small volume): 0.000 s
	Time (diagonal fw-nb): 	0.005 s
	Fixed mutual fw-nb:     0 (bb: 0)
	Time (fw-nb mutual): 	0.000 s
	Time (fw-nb sort): 	0.000 s
	Fluid subdomains: 1
	Faces fw-nb diff sd:    0
	Time (fw-nb diff sd): 	0.000 s
Time (bcf calc): 		0.014 s
-----------------------------------------------------------------------
Time (bcf total): 		0.023 s
-----------------------------------------------------------------------
-----------------------------------------------------------------------
Mega-cv constructor for fluid...
	 6 av's is treated as thin
Relative size generator (threshold = 0.05)...
	Iteration 1 (small cluster count = 115)
	Iteration 2 (small cluster count = 46)
	Iteration 3 (small cluster count = 0)
	 115 mega-cv's generated
	 0 mega-cv's removed
Relative size generator is completed OK (0.001 s)
Apply fa-rules to mega-cv clusters fixes...
OK (0.000 s)
Convert clusters:
	 115 mega-cv's total
Mega-cv count: 115
Time (mega-cv fill): 	0.000 s
Time (mega-cv total): 	0.002 s
-----------------------------------------------------------------------
Mixing plane rotation regions: NO.
Sliding mesh rotation regions: NO.
Fluid/fluid faces: NO.
----------------------------------------------------------
BCF --> BCF.GEOMSUBDOM (bridge arrays):
MESH (0):
	Fluid Subdom Constructor: 1 subdom(s).
	Solid Subdom Constructor: 1 subdom(s).
	Net Asm Subdom Constructor: 0 subdom(s).
	GEOMSUBDOM (0): gi=0 fluid av=3999 cv=3884 fa=11246 fb=0 fw=3151 V=1.337800e-05
	Cache data...OK
	GEOMSUBDOM (1): gi=1 solid av=3924 cv=3924 fa=10820 fb=0 fw=4705 V=1.146150e-05
	Cache data...OK
	Setting nb of w-faces...OK (0.001 s).
	Correcting nb of w-faces...
	Time(correct_fw_nb)=0.001 s

MESH (0) checking:
	GEOMSUBDOM (0):fa_s=0.0189634248991997 fb_s=0.0000000000000000 fw_s=0.0037815222482055 fw_nb=24934
	              :d_const(2357)=2.01788e-14 d_linear(1917)=5.66805e-13
	GEOMSUBDOM (1):fa_s=0.0136880545991802 fb_s=0.0000000000000000 fw_s=0.0096973271276417 fw_nb=31332
	              :d_const(2081)=2.30139e-13 d_linear(1640)=2.29e-12
MESH (0) checking: OK.
Time (MDS): 	0.009 s
----------------------------------------------------------

-----------------------------------------------------------------------
BCF CHECKSUM DATA (Mesh 0):

WARNING! 196 w-face(s) without RefFacesData.
BRICK |Level1| Sum:               6877
FACE_A Area Sum:   G.Fluid        0.0189634248991997
FACE_A Area Sum:   G.Solid        0.0136880545991802
FACE_W Area Sum:                  0.0096973271276417
FACE_W Nb   Sum:                  31332
FACE_W min curvatures sum:        -697090.11326218
FACE_W max curvatures sum:        3980287.19073486
AV Max Disbalance(Const) :        2.30139e-13 (cid=4867, t={12, 11, 28}, avid=7311, pid=2042)
AV Max Disbalance(Linear):        2.32424e-12 (cid=5305, t={5, 16, 28}, avid=3875, pid=2231)
-----------------------------------------------------------------------


-----------------------------------------------------------------------
MESHER TOPOLOGY DATA:

BRICKS: Total                 5570
BRICKS: 1-CV                  3223
BRICKS: 2-CV                  2341
BRICKS: 3-CV                  6
BRICKS: Bad                   0

AV:     G.Total               7923
AV:     G.Fluid               3999
AV:     G.Solid               3924

AV:     G.Fluid Thin Profile    0.15 % (6)
AV:     G.Solid Thin Profile    0.00 % (0)

AV:     G.Fluid Thin For Mega   0.15 % (6)
AV:     G.Solid Thin For Mega   0.00 % (0)

AV:     G.Fluid Non-Convex     15.65 % (626)
AV:     G.Solid Non-Convex     24.44 % (959)

AV:     G.Fluid Non-Ess-Convex      6.83 % (273)
AV:     G.Solid Non-Ess-Convex      9.99 % (392)

FACE_A: G.Fluid          (af) 11246 (partially opened 4819)
FACE_A: G.Solid          (as) 10820 (partially opened 4831)

FACE_B: G.Total          (b)  0

FACE_W: G.Total                 4705        Brick/Bound
FACE_W: G.Fluid/Solid    (fs_g) 3151        0           
FACE_W: G.Fluid/Fluid    (ff_g) 0           0           
FACE_W: G.Solid/Solid    (ss_g) 0           0           
FACE_W: G.Fluid/External (fe_g) 0
FACE_W: G.Solid/External (se_g) 1554

AV/CV max fa count (on brick side):5
AV/CV max fw count:                5
AV/CV max fb count:                0
AV/CV max fw poly count:           13

MEMORY: Total                   2.915 MB
MEMORY: Per Brick               0.536 KB
-----------------------------------------------------------------------

-----------------------------------------------------------------------
Connectivities information:
	Number of conns: 0
-----------------------------------------------------------------------
	Time (gap size): 	0.009 s
-----------------------------------------------------------------------
Calculating curvature and tolerance criteria...
Curvature: min=0 max=2.10598
Tolerance: min=0 max=0.000973239
Calculating curvature and tolerance criteria takes 0.026 s
-----------------------------------------------------------------------
MESH Build(FS) finished. Time=0.365 s
-----------------------------------------------------------------------
Current CPU = 0 sec

Nx=8
Ny=26
Nz=8
Max BRICK Level=2
Mesh Level=2
-----------------CModelBodies2MeshMapper::CollectData started -------------------------------
-----------------CModelBodies2MeshMapper Report -------------------------------
FluidDomains 1 SolidDomains 1 VoidDomains 0 
Domains RefIndexes
Domain 0, Index count 20
Domain 1, Index count 20
----------------- -------------------------------
	ModelBodies
Total resolved Bodies 0 BodySets 0

--------------------------------------------------------------------------
	Positive geometry Bodies
Total resolved Bodies 1 BodySets 1
BodySet 0
	Bodies list:
			#0	Name: ;	ID: 11c5649b-b76b-40e5-a881-b9c1038c181e
	Domains list:		 0 

--------------------------------------------------------------------------
	Fluid regions
Total resolved Bodies 1 BodySets 1
BodySet 0	Material: Oxygen; 
	Bodies list:
			#0	Name: ;	ID: 11c5649b-b76b-40e5-a881-b9c1038c181e
	Domains list:		 0 

--------------------------------------------------------------------------
-----------------CModelBodies2MeshMapper::CollectData finished successfully-------------------
Saving initial mesh in: N:\Downloads\GitHub\liquid-propellant-engine\2kN Heat Sink Engine\Revised Stack OD 6in\1\Parametric Study 1\23\23.fld .
Storing results...
Estimated CPT size=1.445 MB.
	Time (write bcf): 0.213 s
OK
-----------------------------------------------------------------------
Memory Working Set Current = 49.78 Mb, Memory Working Set Peak = 49.78 Mb
Process Threads Number: 13
-----------------------------------------------------------------------
Cleaning memory...
		Time (free xsl):                    	0.000 s
Free Geometry DB takes 0.000 s
	Time (free bcf): 	0.002 s
		Time (free bcf mesh):               	0.005 s
	Time (free mesher data):              	0.007 s
Copying... OK
Mesh generation normally finished at	28.4.2021	5:15:7
Mesher CPU = 0 sec
Mesher is finished at	28.4.2021	5:15:7
-----------------------------------------------------------------------
Memory Working Set Current = 32.05 Mb, Memory Working Set Peak = 50.15 Mb
Process Threads Number: 13
-----------------------------------------------------------------------
Algebra Pool      : mem_usage = 0.19 Mb, allocated count = 0
Log ended at 28.04.2021	05:15:07
