Log started at 28.04.2021	05:14:38
Number of used processors (NPROC): 4.
Number of mesh partitions (NPART): 4.
Total Physical Memory = 15.87 Gb, Available Physical Memory = 10.38 Gb
Computer name:	MCAE33
Operating system:	Windows 10 (or higher) (Version 10.0.18363)

SOLIDWORKS 2020 SP4.0
Flow Simulation 2020  x64 / 4995 / MESHER ver. efd_dev.4663_05.07.2019 

Project: N:\Downloads\GitHub\liquid-propellant-engine\2kN Heat Sink Engine\Revised Stack OD 6in\1\Parametric Study 1\22\22.xmlconfig
Configuration name: Default
Project name: Project(1)
NGK: OFF
MBO: OFF

Mesh generation started:	28.4.2021	5:14:38
-----------------------------------------------------------------------
Mesher option run = eRunMesherNormal
-----------------------------------------------------------------------
Current CPU = 0 sec
-----------------------------------------------------------------------
Geometries initialization:
-----------------------------------------------------------------------
Loading mesh settings (global/local)...
-----------------------------------------------------------------------
Number of geometries from DB: 1
Geometry(0):
	Guid = {00000000-0000-0000-0000-000000000000}
	Fluid..
	1 Body.
	1 Real body.
	-- Bodyset 0 --
		Tolerance=1.24686e-05.
		55 Face(s).
			55 of b-spline type.
		0 Face(s) that have no ref faces
		22 Plane surface(s).
		9 Cylinder surface(s).
		1 Cone surface(s).
		7 Sphere surface(s).
		16 B- surface(s).
		10454 Triangle(s).
		Getting triangle connectivities from DB: 0.001 s
		110 Edge(s).
			110 of b-spline type.
		BodyGeom reading: 0.010 s.
		20 Reference Face(s).
		3814 Reference Triangles.
		Getting triangle connectivities from DB (Ref): 0.000 s
		BodyGeom Ref reading: 0.001 s.
		Getting triangle connectivities from DB (Extra Triangulation): 0.001 s
Geometry(1):
	Solid.
	-- Bodyset 1 --
	Empty
-----------------------------------------------------------------------
Number of geometries in task: 2
Number of bodysets   in task: 2
-----------------------------------------------------------------------
	Making hash and connectivity for Bodyset ...
		CBodyGeom:
		Hash size: {24, 30, 24}.
		Mesh size: {8, 30, 8}.
		Hashing triangles...Ok.
			axis(0) tr sizes: average=45 max=1246
			axis(1) tr sizes: average=51 max=652
			axis(2) tr sizes: average=44 max=1258
		Number of t-connected sets:2
			(0) size=12
			(1) size=10442 cavity
		Done.
		CBodyGeomRef:
		Hashing triangles...Ok.
			axis(0) tr sizes: average=86 max=770
			axis(1) tr sizes: average=150 max=372
			axis(2) tr sizes: average=87 max=776
		Done.
	0.0116 s.
Geometries reading and preparing has taken 0.027 s.

Mapped triangles:
Hashing geometries triangles
	Triangles num=10454
	Triangles box={-0.00958381  ,0.00958381  ,-0.072435  ,-0.00672698  ,-0.0095838  ,0.0095838  }
		3d-hash size is 107424 bytes
Hashing peculiar surfaces triangles
	Triangles num=34
	Triangles box={-0.00954242  ,-0.00949889  ,-0.0667476  ,-0.0649142  ,-0.000917911  ,0.00091908  }
		3d-hash size is 7928 bytes
	Triangles num=34
	Triangles box={0.00606684  ,0.00736592  ,-0.0667476  ,-0.0649142  ,-0.00736662  ,-0.00606781  }
		3d-hash size is 7952 bytes
	Triangles num=34
	Triangles box={-0.00736662  ,-0.00606781  ,-0.0667476  ,-0.0649142  ,-0.00736592  ,-0.00606684  }
		3d-hash size is 7952 bytes
	Triangles num=34
	Triangles box={-0.00736592  ,-0.00606684  ,-0.0667476  ,-0.0649142  ,0.00606781  ,0.00736662  }
		3d-hash size is 7952 bytes
	Triangles num=34
	Triangles box={-0.000917911  ,0.00091908  ,-0.0667476  ,-0.0649142  ,0.00949889  ,0.00954242  }
		3d-hash size is 7928 bytes
	Triangles num=34
	Triangles box={0.00949889  ,0.00954242  ,-0.0667476  ,-0.0649142  ,-0.00091908  ,0.000917911  }
		3d-hash size is 7928 bytes
	Triangles num=34
	Triangles box={-0.00091908  ,0.000917911  ,-0.0667476  ,-0.0649142  ,-0.00954242  ,-0.00949889  }
		3d-hash size is 7928 bytes
	Triangles num=28
	Triangles box={-0.0049296  ,0.0049296  ,-0.006858  ,-0.006858  ,-0.0049296  ,0.0049296  }
		3d-hash size is 8188 bytes
Mapped triangles processed in 0.013 s.
-----------------------------------------------------------------------
Getting sectors:
Number of sectors: 0
-----------------------------------------------------------------------
-----------------------------------------------------------------------

Current CPU = 0 sec

-----------------------------------------------------------------------
Mesh dimensions:
				I[0 ]=8
				I[1 ]=30
				I[2 ]=8

Comp. domain size:
				a[0  ]=-0.00956468
				a[1  ]=0.00956468
				a[2  ]=-0.0723695
				a[3  ]=-0.00679255
				a[4  ]=-0.00956467
				a[5  ]=0.00956467

Fluid calculated			1
Solid calculated			0
-----------------------------------------------------------------------
MESH Build started...
-----------------------------------------------------------------------
Mesh LEVEL = 2
-----------------------------------------------------------------------
Setting regions...OK (0.000 s)
Base mesh info------------------
	2D flag  =0
	Period   =[0, 0, 0]
	Nx=8
		x[0]=-0.00956468
		x[1]=-0.00717276
		x[2]=-0.00478159
		x[3]=-0.00239042
		x[4]=7.50972e-07
		x[5]=0.00239192
		x[6]=0.00478309
		x[7]=0.00717426
		x[8]=0.00956468
	Ny=30
		y[0]=-0.0723695
		y[1]=-0.070183
		y[2]=-0.0679971
		y[3]=-0.0658112
		y[4]=-0.0636253
		y[5]=-0.0614394
		y[6]=-0.0592535
		y[7]=-0.0570676
		y[8]=-0.0548817
		y[9]=-0.0526958
		y[10]=-0.0505099
		y[11]=-0.048324
		y[12]=-0.0461381
		y[13]=-0.0439522
		y[14]=-0.0417663
		y[15]=-0.0395804
		y[16]=-0.0373945
		y[17]=-0.0352086
		y[18]=-0.0330227
		y[19]=-0.0308368
		y[20]=-0.0286509
		y[21]=-0.026465
		y[22]=-0.0242791
		y[23]=-0.0220932
		y[24]=-0.0199073
		y[25]=-0.0177214
		y[26]=-0.0155355
		y[27]=-0.0133496
		y[28]=-0.0111638
		y[29]=-0.00897786
		y[30]=-0.00679255
	Nz=8
		z[0]=-0.00956467
		z[1]=-0.00717295
		z[2]=-0.00478178
		z[3]=-0.00239061
		z[4]=5.52957e-07
		z[5]=0.00239172
		z[6]=0.00478289
		z[7]=0.00717406
		z[8]=0.00956467
End of base mesh info---------
Input_mesh_settings--------------------------------
Settings 0----------------
	Scope: GLOBAL
	Type:	------MESHER_SETTINGS----------
	RefAllCells           =0
	RefFluidCells         =0
	RefPartCells          =0
	RefSolidCells         =0
	l_SSFR(Capture crit)  =2
	l_curv(Curvature crit)=0
	l_tol(Tolerance crit) =2
	  k_tol               =0.000459541
	UseChannelRef         =1
	  NCR_method          =0
	  l_NCR               =2
	  N_gap               =5
	  Use d_NCR_min       =0
	  Use d_NCR_max       =0
	IgnoreThinChannelsHeight         =0
	--END_OF_MESHER_SETTINGS-------
End of input mesh settings-------------------------

-----------------------------------------------------------------------
Building geometries:
-----------------------------------------------------------------------
Building body-set (0) of geometry Fluid.0.(0). ...

-----------------------------------------------------------------------
Refining by triangulation...
Refinement input: 1920 bricks
Setting regions...OK (0.000 s)
Setting regions...OK (0.000 s)
Refinement result: 3600 bricks (0.033 s)
Refinement input: 3600 bricks
Refinement result: 3600 bricks (0.001 s)
Collecting and processing rays...OK (0.014 s)
Capturing...OK (0.001 s)
Refining by triangulation takes 0.049 s
-----------------------------------------------------------------------

-----------------------------------------------------------------------
Refining peculiar surfaces...
Refinement input: 3600 bricks
Setting regions...OK (0.000 s)
Refinement result: 3642 bricks (0.000 s)
Refinement input: 3642 bricks
Setting regions...OK (0.000 s)
Refinement result: 3684 bricks (0.000 s)
Refinement input: 3684 bricks
Setting regions...OK (0.000 s)
Refinement result: 3726 bricks (0.000 s)
3 surfaces refined
Refining peculiar surfaces takes 0.003 s
-----------------------------------------------------------------------
Collecting and processing rays...OK (0.004 s)
Capturing...OK (0.000 s)
Collecting and processing rays...OK (0.000 s)
Capturing...OK (0.000 s)
Collecting and processing rays...OK (0.000 s)
Capturing...OK (0.000 s)

-----------------------------------------------------------------------
Base mesh 1 Refining...
Refinement input: 3726 bricks
Refinement result: 3726 bricks (0.000 s)
Collecting and processing rays...OK (0.000 s)
Capturing...OK (0.000 s)
-----------------------------------------------------------------------
Refining channels...
FYI: CNarrowChannelRefiner::RefineChannels_PRLL
Refinement input: 3726 bricks
Setting regions...OK (0.000 s)
Refinement result: 7800 bricks (0.002 s)
Collecting and processing rays...OK (0.009 s)
Capturing...OK (0.001 s)
FYI: m_iteration_count = 0
FYI: level1 statistics:
     level1_cnt_plus[1]=4656;		level1_cnt_minus[1]=0
     level1_cnt_plus[2]=0;		level1_cnt_minus[2]=0
     level1_cnt_plus[3]=0;		level1_cnt_minus[3]=0
     level1_cnt_plus[4]=0;		level1_cnt_minus[4]=0
     level1_cnt_plus[5]=0;		level1_cnt_minus[5]=0
     level1_cnt_plus[6]=0;		level1_cnt_minus[6]=0
     level1_cnt_plus[7]=0;		level1_cnt_minus[7]=0
     level1_cnt_plus[8]=0;		level1_cnt_minus[8]=0
     level1_cnt_plus[9]=0;		level1_cnt_minus[9]=0
Refinement input: 7800 bricks
Setting regions...OK (0.000 s)
Refinement result: 8080 bricks (0.001 s)
Collecting and processing rays...OK (0.001 s)
Capturing...OK (0.000 s)
FYI: m_iteration_count = 1
FYI: level1 statistics:
     level1_cnt_plus[1]=4976;		level1_cnt_minus[1]=0
     level1_cnt_plus[2]=0;		level1_cnt_minus[2]=0
     level1_cnt_plus[3]=0;		level1_cnt_minus[3]=0
     level1_cnt_plus[4]=0;		level1_cnt_minus[4]=0
     level1_cnt_plus[5]=0;		level1_cnt_minus[5]=0
     level1_cnt_plus[6]=0;		level1_cnt_minus[6]=0
     level1_cnt_plus[7]=0;		level1_cnt_minus[7]=0
     level1_cnt_plus[8]=0;		level1_cnt_minus[8]=0
     level1_cnt_plus[9]=0;		level1_cnt_minus[9]=0
Refinement input: 8080 bricks
Setting regions...OK (0.000 s)
Refinement result: 8220 bricks (0.001 s)
Collecting and processing rays...OK (0.001 s)
Capturing...OK (0.000 s)
FYI: m_iteration_count = 2
FYI: level1 statistics:
     level1_cnt_plus[1]=5136;		level1_cnt_minus[1]=0
     level1_cnt_plus[2]=0;		level1_cnt_minus[2]=0
     level1_cnt_plus[3]=0;		level1_cnt_minus[3]=0
     level1_cnt_plus[4]=0;		level1_cnt_minus[4]=0
     level1_cnt_plus[5]=0;		level1_cnt_minus[5]=0
     level1_cnt_plus[6]=0;		level1_cnt_minus[6]=0
     level1_cnt_plus[7]=0;		level1_cnt_minus[7]=0
     level1_cnt_plus[8]=0;		level1_cnt_minus[8]=0
     level1_cnt_plus[9]=0;		level1_cnt_minus[9]=0
FYI: m_iteration_count = 3
FYI: level1 statistics:
     level1_cnt_plus[1]=5136;		level1_cnt_minus[1]=0
     level1_cnt_plus[2]=0;		level1_cnt_minus[2]=0
     level1_cnt_plus[3]=0;		level1_cnt_minus[3]=0
     level1_cnt_plus[4]=0;		level1_cnt_minus[4]=0
     level1_cnt_plus[5]=0;		level1_cnt_minus[5]=0
     level1_cnt_plus[6]=0;		level1_cnt_minus[6]=0
     level1_cnt_plus[7]=0;		level1_cnt_minus[7]=0
     level1_cnt_plus[8]=0;		level1_cnt_minus[8]=0
     level1_cnt_plus[9]=0;		level1_cnt_minus[9]=0
Refinement input: 8220 bricks
Setting regions...OK (0.000 s)
Refinement result: 8500 bricks (0.001 s)
Collecting and processing rays...OK (0.002 s)
Capturing...OK (0.000 s)
FYI: m_iteration_count = 4
FYI: level1 statistics:
     level1_cnt_plus[1]=5456;		level1_cnt_minus[1]=0
     level1_cnt_plus[2]=0;		level1_cnt_minus[2]=0
     level1_cnt_plus[3]=0;		level1_cnt_minus[3]=0
     level1_cnt_plus[4]=0;		level1_cnt_minus[4]=0
     level1_cnt_plus[5]=0;		level1_cnt_minus[5]=0
     level1_cnt_plus[6]=0;		level1_cnt_minus[6]=0
     level1_cnt_plus[7]=0;		level1_cnt_minus[7]=0
     level1_cnt_plus[8]=0;		level1_cnt_minus[8]=0
     level1_cnt_plus[9]=0;		level1_cnt_minus[9]=0
FYI: m_iteration_count = 5
FYI: level1 statistics:
     level1_cnt_plus[1]=5456;		level1_cnt_minus[1]=0
     level1_cnt_plus[2]=0;		level1_cnt_minus[2]=0
     level1_cnt_plus[3]=0;		level1_cnt_minus[3]=0
     level1_cnt_plus[4]=0;		level1_cnt_minus[4]=0
     level1_cnt_plus[5]=0;		level1_cnt_minus[5]=0
     level1_cnt_plus[6]=0;		level1_cnt_minus[6]=0
     level1_cnt_plus[7]=0;		level1_cnt_minus[7]=0
     level1_cnt_plus[8]=0;		level1_cnt_minus[8]=0
     level1_cnt_plus[9]=0;		level1_cnt_minus[9]=0
FYI: level1 statistics:
     level1_cnt_plus[1]=5456;		level1_cnt_minus[1]=0
     level1_cnt_plus[2]=0;		level1_cnt_minus[2]=0
     level1_cnt_plus[3]=0;		level1_cnt_minus[3]=0
     level1_cnt_plus[4]=0;		level1_cnt_minus[4]=0
     level1_cnt_plus[5]=0;		level1_cnt_minus[5]=0
     level1_cnt_plus[6]=0;		level1_cnt_minus[6]=0
     level1_cnt_plus[7]=0;		level1_cnt_minus[7]=0
     level1_cnt_plus[8]=0;		level1_cnt_minus[8]=0
     level1_cnt_plus[9]=0;		level1_cnt_minus[9]=0

-----------------------------------------------------------------------
U-shapes refinement...
Refinement input: 8500 bricks
Refinement result: 8500 bricks (0.001 s)
Collecting and processing rays...OK (0.000 s)
Capturing...OK (0.000 s)
-----------------------------------------------------------------------

-----------------------------------------------------------------------
Equi Distant Refiner:
Equi Distant Refiner takes 0.00 s
-----------------------------------------------------------------------
Building geometry takes 0.23 s
Geometry Fluid.0.
Total		8500
Partial	3276
Fluid		1500
Solid		3724
Bad		0

/-Ray Intersection---------------/ Time	0.041 s
Calls			2761
CorrectRay Calls	0



-----------------------------------------------------------------------
Building geometries takes 0.23 s
-----------------------------------------------------------------------

-----------------------------------------------------------------------
PostBuilding geometries:
-----------------------------------------------------------------------
PostBuilding body-set (0) geometry Fluid.0. (0)...
Collecting and processing rays...OK (0.000 s)
Capturing...OK (0.000 s)
PostBuilding geometry takes 0.000 s
Geometry Fluid.0.
Total		8500
Partial	3276
Fluid		1500
Solid		3724
Bad		0

-----------------------------------------------------------------------
PostBuilding geometries takes 0.001 s
-----------------------------------------------------------------------
Defect ray count	0
FYI: CNarrowChannelRefiner::RedistributeLevel1_step_1: is finished
FYI: level1 statistics:
     level1_cnt_plus[1]=5456;		level1_cnt_minus[1]=0
     level1_cnt_plus[2]=0;		level1_cnt_minus[2]=0
     level1_cnt_plus[3]=0;		level1_cnt_minus[3]=0
     level1_cnt_plus[4]=0;		level1_cnt_minus[4]=0
     level1_cnt_plus[5]=0;		level1_cnt_minus[5]=0
     level1_cnt_plus[6]=0;		level1_cnt_minus[6]=0
     level1_cnt_plus[7]=0;		level1_cnt_minus[7]=0
     level1_cnt_plus[8]=0;		level1_cnt_minus[8]=0
     level1_cnt_plus[9]=0;		level1_cnt_minus[9]=0
FYI: CNarrowChannelRefiner::RedistributeLevel1_step_2: is started
FYI: CNarrowChannelRefiner::RedistributeLevel1_step_2: is finished
FYI: level1 statistics:
     level1_cnt_plus[1]=6305;		level1_cnt_minus[1]=0
     level1_cnt_plus[2]=0;		level1_cnt_minus[2]=0
     level1_cnt_plus[3]=0;		level1_cnt_minus[3]=0
     level1_cnt_plus[4]=0;		level1_cnt_minus[4]=0
     level1_cnt_plus[5]=0;		level1_cnt_minus[5]=0
     level1_cnt_plus[6]=0;		level1_cnt_minus[6]=0
     level1_cnt_plus[7]=0;		level1_cnt_minus[7]=0
     level1_cnt_plus[8]=0;		level1_cnt_minus[8]=0
     level1_cnt_plus[9]=0;		level1_cnt_minus[9]=0
FYI: CNarrowChannelRefiner::RedistributeLevel1_step_3: is started
FYI: CNarrowChannelRefiner::RedistributeLevel1_step_3: is finished
RedistributeLevel1 takes:
FYI: level1 statistics:
     level1_cnt_plus[1]=6305;		level1_cnt_minus[1]=327
     level1_cnt_plus[2]=0;		level1_cnt_minus[2]=0
     level1_cnt_plus[3]=0;		level1_cnt_minus[3]=0
     level1_cnt_plus[4]=0;		level1_cnt_minus[4]=0
     level1_cnt_plus[5]=0;		level1_cnt_minus[5]=0
     level1_cnt_plus[6]=0;		level1_cnt_minus[6]=0
     level1_cnt_plus[7]=0;		level1_cnt_minus[7]=0
     level1_cnt_plus[8]=0;		level1_cnt_minus[8]=0
     level1_cnt_plus[9]=0;		level1_cnt_minus[9]=0
-----------------------------------------------------------------------
MSH format builder (Iteration 0)
-----------------------------------------------------------------------
Memory Working Set Current = 36.23 Mb, Memory Working Set Peak = 41.06 Mb
Process Threads Number: 13
-----------------------------------------------------------------------
Loading geometries triangulation & x-stacks...OK
x-stacks size = 0.19 Mb
Total bricks count: 8500
-----------------------------------------------------------------------
MSH (Real Geometry) format constructor:
	Getting brick sets...OK (0.000 s)
	Min x-stack xeps = 5.44602e-05
	D / dh / eps [axis=0] = (0.0191294, 0.000597605, 5.97605e-07)
	D / dh / eps [axis=1] = (0.0655769, 0.000546326, 5.46326e-07)
	D / dh / eps [axis=2] = (0.0191293, 0.000597654, 5.97654e-07)
	Time (xeps): 0.000 s
Level 2
	Set (0)  size: 1024
	Set (0)  time: 0.018 s
	Set (1)  size: 1024
	Set (1)  time: 0.016 s
Level 1
	Set (0)  size: 2608
	Set (0)  time: 0.043 s
	Set (1)  size: 2608
	Set (1)  time: 0.045 s
Level 0
	Set (0)  size: 618
	Set (0)  time: 0.000 s
	Set (1)  size: 618
	Set (1)  time: 0.000 s
Result:
	Bricks number:                        8500

	Memory usage:                         1.723 MB
	Memory usage (per brick):             0.208 KB
	Construction time:                    0.124 s

	Topology features:
	------------------
	- High quality bricks                  99.92 % (8493)
	- Medium quality bricks                 0.08 % (7)
	- Bad quality bricks                    0.00 % (0)
	- Ribs corrected bricks                 0.00 % (0)
	- Points with geom-info (bricks)        0.15 % (13)
	- Points with closest-info (bricks)     0.00 % (0)
	- Triangulated by center (bricks)       0.19 % (16)
	- Facet w-faces mergings (bricks)       0.00 % (0)
	- To refine (bricks)                    0.00 % (0)

-----------------------------------------------------------------------
Memory Working Set Current = 48.33 Mb, Memory Working Set Peak = 48.34 Mb
Process Threads Number: 13
-----------------------------------------------------------------------
-----------------------------------------------------------------------
-----------------------------------------------------------------------
MSH --> BCF format (Iteration 0)...
BCF collector...(remove mode=0)
	Time (alloc counter per brick): 0.000 s
	Brick    count: 8500
	Av.f all count: 4808
	Av.s all count: 7016
	Av.f pid count: 3308
	Av.s pid count: 3308
	Faces fs count: 5152
	Faces ff count: 0
	Faces ss count: 0
	Faces bb count: 0
	Faces fe count: 0
	Faces se count: 1580
	Faces fw count: 6732
	Faces af count: 12968
	Faces as count: 20792
	Time (all count): 	0.002 s
	Time (bcf alloc): 	0.001 s
	Time (shifts alloc): 	0.001 s
	Time (shifts init): 	0.001 s
	Time (bcf fill): 	0.004 s
	Time (add av to faces): 0.000 s
	Time (add faces to av): 0.001 s
Time (bcf collect): 		0.010 s
	AV checker...
	Time (check av): 	0.005 s
	Subdomain checker...
		Subdomains construction time: 0.001 s.
		Subdomains sort time: 0.000 s.
			Subdomain 0 (geom_ind=0): 4808 av
			Subdomain 1 (geom_ind=1): 7016 av
		gi: 0, subdomains: 1, real bodies: 1
		gi: 1, subdomains: 1, real bodies: 0
		Defect subdomains: 0
	Time (check subdoms): 	0.001 s
Time (bcf iteration total): 	0.016 s
	Time (fw-nb): 		0.000 s
	Fixed mutual fw-nb:     2036 (bb: 0)
	Time (fw-nb mutual): 	0.000 s
	Time (fw-nb sort): 	0.000 s
	Fw-opt BEFORE total:    6732 (fs=5152, ff=0, ss=0)
	Fw-opt AFTER  total:    5381 (fs=3801, ff=0, ss=0, failed fw/br=0/0, big_curv=6, big_poly=0)
	Fw-opt RESULT:          1351 (res/(fs+ff+ss) = 26.22 %)
	Time (fw-opt): 		0.002 s
	Time (fw-re-order): 	0.001 s
	Time (fw-nb): 		0.004 s
	Fixed mutual fw-nb:     10912 (bb: 0)
	Time (fw-nb mutual): 	0.001 s
	Time (fw-nb sort): 	0.000 s
	Time (rfd fix): 	0.000 s
	Time (av convexity): 	0.002 s
	Time (av small volume): 0.000 s
	Time (diagonal fw-nb): 	0.008 s
	Fixed mutual fw-nb:     0 (bb: 0)
	Time (fw-nb mutual): 	0.001 s
	Time (fw-nb sort): 	0.000 s
	Fluid subdomains: 1
	Faces fw-nb diff sd:    0
	Time (fw-nb diff sd): 	0.001 s
Time (bcf calc): 		0.020 s
-----------------------------------------------------------------------
Time (bcf total): 		0.037 s
-----------------------------------------------------------------------
-----------------------------------------------------------------------
Mega-cv constructor for fluid...
	 16 av's is treated as thin
Relative size generator (threshold = 0.05)...
	Iteration 1 (small cluster count = 364)
	Iteration 2 (small cluster count = 196)
	Iteration 3 (small cluster count = 46)
	Iteration 4 (small cluster count = 11)
	Iteration 5 (small cluster count = 1)
	Iteration 6 (small cluster count = 0)
	 353 mega-cv's generated
	 11 mega-cv's removed
Relative size generator is completed OK (0.001 s)
Apply fa-rules to mega-cv clusters fixes...
OK (0.000 s)
Convert clusters:
	 342 mega-cv's total
Mega-cv count: 342
Time (mega-cv fill): 	0.001 s
Time (mega-cv total): 	0.004 s
-----------------------------------------------------------------------
Mixing plane rotation regions: NO.
Sliding mesh rotation regions: NO.
Fluid/fluid faces: NO.
----------------------------------------------------------
BCF --> BCF.GEOMSUBDOM (bridge arrays):
MESH (0):
	Fluid Subdom Constructor: 1 subdom(s).
	Solid Subdom Constructor: 1 subdom(s).
	Net Asm Subdom Constructor: 0 subdom(s).
	GEOMSUBDOM (0): gi=0 fluid av=4808 cv=4444 fa=12968 fb=0 fw=3801 V=4.888987e-06
	Cache data...OK
	GEOMSUBDOM (1): gi=1 solid av=7016 cv=7016 fa=20792 fb=0 fw=5381 V=1.910769e-05
	Cache data...OK
	Setting nb of w-faces...OK (0.002 s).
	Correcting nb of w-faces...
	Time(correct_fw_nb)=0.001 s

MESH (0) checking:
	GEOMSUBDOM (0):fa_s=0.0112964341652976 fb_s=0.0000000000000000 fw_s=0.0023027392807881 fw_nb=30462
	              :d_const(1579)=3.95033e-14 d_linear(369)=2.25129e-13
	GEOMSUBDOM (1):fa_s=0.0289739275693108 fb_s=0.0000000000000000 fw_s=0.0080523762028252 fw_nb=36990
	              :d_const(2963)=7.91106e-13 d_linear(5145)=6.01401e-12
MESH (0) checking: OK.
Time (MDS): 	0.013 s
----------------------------------------------------------

-----------------------------------------------------------------------
BCF CHECKSUM DATA (Mesh 0):

WARNING! 94 w-face(s) without RefFacesData.
BRICK |Level1| Sum:               6632
FACE_A Area Sum:   G.Fluid        0.0112964341652976
FACE_A Area Sum:   G.Solid        0.0289739275693108
FACE_W Area Sum:                  0.0080523762028252
FACE_W Nb   Sum:                  36990
FACE_W min curvatures sum:        -1990689.30734634
FACE_W max curvatures sum:        1915708.37052536
AV Max Disbalance(Const) :        7.91106e-13 (cid=6075, t={14, 30, 22}, avid=9623, pid=2413)
AV Max Disbalance(Linear):        7.43862e-12 (cid=1018, t={18, 24, 6}, avid=353, pid=313)
-----------------------------------------------------------------------


-----------------------------------------------------------------------
MESHER TOPOLOGY DATA:

BRICKS: Total                 8500
BRICKS: 1-CV                  5208
BRICKS: 2-CV                  3260
BRICKS: 3-CV                  32
BRICKS: Bad                   0

AV:     G.Total               11824
AV:     G.Fluid               4808
AV:     G.Solid               7016

AV:     G.Fluid Thin Profile    0.33 % (16)
AV:     G.Solid Thin Profile    0.23 % (16)

AV:     G.Fluid Thin For Mega   0.33 % (16)
AV:     G.Solid Thin For Mega   0.23 % (16)

AV:     G.Fluid Non-Convex      8.15 % (392)
AV:     G.Solid Non-Convex      8.00 % (561)

AV:     G.Fluid Non-Ess-Convex      2.52 % (121)
AV:     G.Solid Non-Ess-Convex      3.38 % (237)

FACE_A: G.Fluid          (af) 12968 (partially opened 6684)
FACE_A: G.Solid          (as) 20792 (partially opened 6692)

FACE_B: G.Total          (b)  0

FACE_W: G.Total                 5381        Brick/Bound
FACE_W: G.Fluid/Solid    (fs_g) 3801        0           
FACE_W: G.Fluid/Fluid    (ff_g) 0           0           
FACE_W: G.Solid/Solid    (ss_g) 0           0           
FACE_W: G.Fluid/External (fe_g) 0
FACE_W: G.Solid/External (se_g) 1580

AV/CV max fa count (on brick side):5
AV/CV max fw count:                5
AV/CV max fb count:                0
AV/CV max fw poly count:           14

MEMORY: Total                   4.110 MB
MEMORY: Per Brick               0.495 KB
-----------------------------------------------------------------------

-----------------------------------------------------------------------
Connectivities information:
	Number of conns: 0
-----------------------------------------------------------------------
	Time (gap size): 	0.009 s
-----------------------------------------------------------------------
Calculating curvature and tolerance criteria...
Curvature: min=0 max=3.14159
Tolerance: min=0 max=0.000376006
Calculating curvature and tolerance criteria takes 0.039 s
-----------------------------------------------------------------------
MESH Build(FS) finished. Time=0.542 s
-----------------------------------------------------------------------
Current CPU = 0 sec

Nx=8
Ny=30
Nz=8
Max BRICK Level=2
Mesh Level=2
-----------------CModelBodies2MeshMapper::CollectData started -------------------------------
-----------------CModelBodies2MeshMapper Report -------------------------------
FluidDomains 1 SolidDomains 1 VoidDomains 0 
Domains RefIndexes
Domain 0, Index count 20
Domain 1, Index count 20
----------------- -------------------------------
	ModelBodies
Total resolved Bodies 0 BodySets 0

--------------------------------------------------------------------------
	Positive geometry Bodies
Total resolved Bodies 1 BodySets 1
BodySet 0
	Bodies list:
			#0	Name: ;	ID: 5d197641-900c-4331-920c-cdab6820b8ed
	Domains list:		 0 

--------------------------------------------------------------------------
	Fluid regions
Total resolved Bodies 1 BodySets 1
BodySet 0	Material: Oxygen; 
	Bodies list:
			#0	Name: ;	ID: 5d197641-900c-4331-920c-cdab6820b8ed
	Domains list:		 0 

--------------------------------------------------------------------------
-----------------CModelBodies2MeshMapper::CollectData finished successfully-------------------
Saving initial mesh in: N:\Downloads\GitHub\liquid-propellant-engine\2kN Heat Sink Engine\Revised Stack OD 6in\1\Parametric Study 1\22\22.fld .
Storing results...
Estimated CPT size=1.990 MB.
	Time (write bcf): 0.259 s
OK
-----------------------------------------------------------------------
Memory Working Set Current = 54.13 Mb, Memory Working Set Peak = 54.14 Mb
Process Threads Number: 13
-----------------------------------------------------------------------
Cleaning memory...
		Time (free xsl):                    	0.001 s
Free Geometry DB takes 0.000 s
	Time (free bcf): 	0.003 s
		Time (free bcf mesh):               	0.007 s
	Time (free mesher data):              	0.009 s
Copying... OK
Mesh generation normally finished at	28.4.2021	5:14:39
Mesher CPU = 1 sec
Mesher is finished at	28.4.2021	5:14:39
-----------------------------------------------------------------------
Memory Working Set Current = 32.88 Mb, Memory Working Set Peak = 54.50 Mb
Process Threads Number: 13
-----------------------------------------------------------------------
Algebra Pool      : mem_usage = 0.31 Mb, allocated count = 0
Log ended at 28.04.2021	05:14:39
