Log started at 28.04.2021	05:11:33
Number of used processors (NPROC): 4.
Number of mesh partitions (NPART): 4.
Total Physical Memory = 15.87 Gb, Available Physical Memory = 10.40 Gb
Computer name:	MCAE33
Operating system:	Windows 10 (or higher) (Version 10.0.18363)

SOLIDWORKS 2020 SP4.0
Flow Simulation 2020  x64 / 4995 / MESHER ver. efd_dev.4663_05.07.2019 

Project: N:\Downloads\GitHub\liquid-propellant-engine\2kN Heat Sink Engine\Revised Stack OD 6in\1\Parametric Study 1\11\11.xmlconfig
Configuration name: Default
Project name: Project(1)
NGK: OFF
MBO: OFF

Mesh generation started:	28.4.2021	5:11:33
-----------------------------------------------------------------------
Mesher option run = eRunMesherNormal
-----------------------------------------------------------------------
Current CPU = 0 sec
-----------------------------------------------------------------------
Geometries initialization:
-----------------------------------------------------------------------
Loading mesh settings (global/local)...
-----------------------------------------------------------------------
Number of geometries from DB: 1
Geometry(0):
	Guid = {00000000-0000-0000-0000-000000000000}
	Fluid..
	1 Body.
	1 Real body.
	-- Bodyset 0 --
		Tolerance=1.24686e-05.
		48 Face(s).
			48 of b-spline type.
		0 Face(s) that have no ref faces
		17 Plane surface(s).
		10 Cylinder surface(s).
		1 Cone surface(s).
		5 Sphere surface(s).
		1 Torus surface(s).
		14 B- surface(s).
		13246 Triangle(s).
		Getting triangle connectivities from DB: 0.001 s
		177 Edge(s).
			177 of b-spline type.
		BodyGeom reading: 0.014 s.
		20 Reference Face(s).
		5031 Reference Triangles.
		Getting triangle connectivities from DB (Ref): 0.000 s
		BodyGeom Ref reading: 0.001 s.
		Getting triangle connectivities from DB (Extra Triangulation): 0.001 s
Geometry(1):
	Solid.
	-- Bodyset 1 --
	Empty
-----------------------------------------------------------------------
Number of geometries in task: 2
Number of bodysets   in task: 2
-----------------------------------------------------------------------
	Making hash and connectivity for Bodyset ...
		CBodyGeom:
		Hash size: {24, 28, 24}.
		Mesh size: {8, 28, 8}.
		Hashing triangles...Ok.
			axis(0) tr sizes: average=47 max=1073
			axis(1) tr sizes: average=76 max=557
			axis(2) tr sizes: average=47 max=1028
		Number of t-connected sets:2
			(0) size=12
			(1) size=13234 cavity
		Done.
		CBodyGeomRef:
		Hashing triangles...Ok.
			axis(0) tr sizes: average=181 max=711
			axis(1) tr sizes: average=222 max=393
			axis(2) tr sizes: average=182 max=686
		Done.
	0.0171 s.
Geometries reading and preparing has taken 0.037 s.

Mapped triangles:
Hashing geometries triangles
	Triangles num=13246
	Triangles box={-0.00960216  ,0.00960216  ,-0.069945  ,-0.00673195  ,-0.00960207  ,0.00960216  }
		3d-hash size is 109240 bytes
Hashing peculiar surfaces triangles
	Triangles num=51
	Triangles box={-0.00954252  ,-0.00936181  ,-0.0676846  ,-0.0639809  ,-0.00185189  ,0.00185208  }
		3d-hash size is 7544 bytes
	Triangles num=51
	Triangles box={0.00531018  ,0.00792934  ,-0.0676846  ,-0.0639809  ,-0.00792942  ,-0.00531037  }
		3d-hash size is 7600 bytes
	Triangles num=51
	Triangles box={-0.00792942  ,-0.00531037  ,-0.0676846  ,-0.0639809  ,-0.00792934  ,-0.00531018  }
		3d-hash size is 7600 bytes
	Triangles num=51
	Triangles box={-0.00792934  ,-0.00531018  ,-0.0676846  ,-0.0639809  ,0.00531037  ,0.00792942  }
		3d-hash size is 7596 bytes
	Triangles num=51
	Triangles box={-0.00185189  ,0.00185208  ,-0.0676846  ,-0.0639809  ,0.00936181  ,0.00954252  }
		3d-hash size is 7544 bytes
	Triangles num=51
	Triangles box={0.00936181  ,0.00954252  ,-0.0676846  ,-0.0639809  ,-0.00185208  ,0.00185189  }
		3d-hash size is 7544 bytes
	Triangles num=51
	Triangles box={-0.00185208  ,0.00185189  ,-0.0676846  ,-0.0639809  ,-0.00954252  ,-0.00936181  }
		3d-hash size is 7544 bytes
	Triangles num=12
	Triangles box={-0.00079375  ,0.00079375  ,-0.006858  ,-0.006858  ,-0.00079375  ,0.00079375  }
		3d-hash size is 7276 bytes
Mapped triangles processed in 0.020 s.
-----------------------------------------------------------------------
Getting sectors:
Number of sectors: 0
-----------------------------------------------------------------------
-----------------------------------------------------------------------

Current CPU = 0 sec

-----------------------------------------------------------------------
Mesh dimensions:
				I[0 ]=8
				I[1 ]=28
				I[2 ]=8

Comp. domain size:
				a[0  ]=-0.00958299
				a[1  ]=0.00958299
				a[2  ]=-0.0698819
				a[3  ]=-0.00679504
				a[4  ]=-0.0095829
				a[5  ]=0.00958299

Fluid calculated			1
Solid calculated			0
-----------------------------------------------------------------------
MESH Build started...
-----------------------------------------------------------------------
Mesh LEVEL = 2
-----------------------------------------------------------------------
Setting regions...OK (0.000 s)
Base mesh info------------------
	2D flag  =0
	Period   =[0, 0, 0]
	Nx=8
		x[0]=-0.00958299
		x[1]=-0.00718649
		x[2]=-0.00479074
		x[3]=-0.002395
		x[4]=7.52417e-07
		x[5]=0.0023965
		x[6]=0.00479225
		x[7]=0.007188
		x[8]=0.00958299
	Ny=28
		y[0]=-0.0698819
		y[1]=-0.0676282
		y[2]=-0.0653751
		y[3]=-0.063122
		y[4]=-0.0608689
		y[5]=-0.0586158
		y[6]=-0.0563627
		y[7]=-0.0541096
		y[8]=-0.0518565
		y[9]=-0.0496034
		y[10]=-0.0473503
		y[11]=-0.0450972
		y[12]=-0.0428441
		y[13]=-0.040591
		y[14]=-0.0383379
		y[15]=-0.0360848
		y[16]=-0.0338317
		y[17]=-0.0315785
		y[18]=-0.0293254
		y[19]=-0.0270723
		y[20]=-0.0248192
		y[21]=-0.0225661
		y[22]=-0.020313
		y[23]=-0.0180599
		y[24]=-0.0158068
		y[25]=-0.0135537
		y[26]=-0.0113006
		y[27]=-0.00904753
		y[28]=-0.00679504
	Nz=8
		z[0]=-0.0095829
		z[1]=-0.00718661
		z[2]=-0.00479088
		z[3]=-0.00239514
		z[4]=5.95878e-07
		z[5]=0.00239633
		z[6]=0.00479207
		z[7]=0.00718781
		z[8]=0.00958299
End of base mesh info---------
Input_mesh_settings--------------------------------
Settings 0----------------
	Scope: GLOBAL
	Type:	------MESHER_SETTINGS----------
	RefAllCells           =0
	RefFluidCells         =0
	RefPartCells          =0
	RefSolidCells         =0
	l_SSFR(Capture crit)  =2
	l_curv(Curvature crit)=0
	l_tol(Tolerance crit) =2
	  k_tol               =0.000401638
	UseChannelRef         =1
	  NCR_method          =0
	  l_NCR               =2
	  N_gap               =5
	  Use d_NCR_min       =0
	  Use d_NCR_max       =0
	IgnoreThinChannelsHeight         =0
	--END_OF_MESHER_SETTINGS-------
End of input mesh settings-------------------------

-----------------------------------------------------------------------
Building geometries:
-----------------------------------------------------------------------
Building body-set (0) of geometry Fluid.0.(0). ...

-----------------------------------------------------------------------
Refining by triangulation...
Refinement input: 1792 bricks
Setting regions...OK (0.000 s)
Setting regions...OK (0.000 s)
Refinement result: 3612 bricks (0.049 s)
Refinement input: 3612 bricks
Refinement result: 3612 bricks (0.001 s)
Collecting and processing rays...OK (0.016 s)
Capturing...OK (0.001 s)
Refining by triangulation takes 0.067 s
-----------------------------------------------------------------------

-----------------------------------------------------------------------
Refining peculiar surfaces...
0 surfaces refined
Refining peculiar surfaces takes 0.001 s
-----------------------------------------------------------------------
Collecting and processing rays...OK (0.000 s)
Capturing...OK (0.000 s)
Collecting and processing rays...OK (0.000 s)
Capturing...OK (0.000 s)
Collecting and processing rays...OK (0.000 s)
Capturing...OK (0.000 s)

-----------------------------------------------------------------------
Base mesh 1 Refining...
Refinement input: 3612 bricks
Refinement result: 3612 bricks (0.000 s)
Collecting and processing rays...OK (0.000 s)
Capturing...OK (0.000 s)
-----------------------------------------------------------------------
Refining channels...
FYI: CNarrowChannelRefiner::RefineChannels_PRLL
Refinement input: 3612 bricks
Setting regions...OK (0.000 s)
Refinement result: 5376 bricks (0.001 s)
Collecting and processing rays...OK (0.006 s)
Capturing...OK (0.003 s)
FYI: m_iteration_count = 0
FYI: level1 statistics:
     level1_cnt_plus[1]=2016;		level1_cnt_minus[1]=0
     level1_cnt_plus[2]=0;		level1_cnt_minus[2]=0
     level1_cnt_plus[3]=0;		level1_cnt_minus[3]=0
     level1_cnt_plus[4]=0;		level1_cnt_minus[4]=0
     level1_cnt_plus[5]=0;		level1_cnt_minus[5]=0
     level1_cnt_plus[6]=0;		level1_cnt_minus[6]=0
     level1_cnt_plus[7]=0;		level1_cnt_minus[7]=0
     level1_cnt_plus[8]=0;		level1_cnt_minus[8]=0
     level1_cnt_plus[9]=0;		level1_cnt_minus[9]=0
Refinement input: 5376 bricks
Setting regions...OK (0.000 s)
Refinement result: 5488 bricks (0.000 s)
Collecting and processing rays...OK (0.001 s)
Capturing...OK (0.000 s)
FYI: m_iteration_count = 1
FYI: level1 statistics:
     level1_cnt_plus[1]=2144;		level1_cnt_minus[1]=0
     level1_cnt_plus[2]=0;		level1_cnt_minus[2]=0
     level1_cnt_plus[3]=0;		level1_cnt_minus[3]=0
     level1_cnt_plus[4]=0;		level1_cnt_minus[4]=0
     level1_cnt_plus[5]=0;		level1_cnt_minus[5]=0
     level1_cnt_plus[6]=0;		level1_cnt_minus[6]=0
     level1_cnt_plus[7]=0;		level1_cnt_minus[7]=0
     level1_cnt_plus[8]=0;		level1_cnt_minus[8]=0
     level1_cnt_plus[9]=0;		level1_cnt_minus[9]=0
FYI: m_iteration_count = 2
FYI: level1 statistics:
     level1_cnt_plus[1]=2144;		level1_cnt_minus[1]=0
     level1_cnt_plus[2]=0;		level1_cnt_minus[2]=0
     level1_cnt_plus[3]=0;		level1_cnt_minus[3]=0
     level1_cnt_plus[4]=0;		level1_cnt_minus[4]=0
     level1_cnt_plus[5]=0;		level1_cnt_minus[5]=0
     level1_cnt_plus[6]=0;		level1_cnt_minus[6]=0
     level1_cnt_plus[7]=0;		level1_cnt_minus[7]=0
     level1_cnt_plus[8]=0;		level1_cnt_minus[8]=0
     level1_cnt_plus[9]=0;		level1_cnt_minus[9]=0
Refinement input: 5488 bricks
Setting regions...OK (0.000 s)
Refinement result: 11620 bricks (0.002 s)
Collecting and processing rays...OK (0.007 s)
Capturing...OK (0.001 s)
FYI: m_iteration_count = 3
FYI: level1 statistics:
     level1_cnt_plus[1]=6632;		level1_cnt_minus[1]=0
     level1_cnt_plus[2]=2240;		level1_cnt_minus[2]=0
     level1_cnt_plus[3]=0;		level1_cnt_minus[3]=0
     level1_cnt_plus[4]=0;		level1_cnt_minus[4]=0
     level1_cnt_plus[5]=0;		level1_cnt_minus[5]=0
     level1_cnt_plus[6]=0;		level1_cnt_minus[6]=0
     level1_cnt_plus[7]=0;		level1_cnt_minus[7]=0
     level1_cnt_plus[8]=0;		level1_cnt_minus[8]=0
     level1_cnt_plus[9]=0;		level1_cnt_minus[9]=0
FYI: m_iteration_count = 4
FYI: level1 statistics:
     level1_cnt_plus[1]=6632;		level1_cnt_minus[1]=0
     level1_cnt_plus[2]=2240;		level1_cnt_minus[2]=0
     level1_cnt_plus[3]=0;		level1_cnt_minus[3]=0
     level1_cnt_plus[4]=0;		level1_cnt_minus[4]=0
     level1_cnt_plus[5]=0;		level1_cnt_minus[5]=0
     level1_cnt_plus[6]=0;		level1_cnt_minus[6]=0
     level1_cnt_plus[7]=0;		level1_cnt_minus[7]=0
     level1_cnt_plus[8]=0;		level1_cnt_minus[8]=0
     level1_cnt_plus[9]=0;		level1_cnt_minus[9]=0
FYI: level1 statistics:
     level1_cnt_plus[1]=6632;		level1_cnt_minus[1]=0
     level1_cnt_plus[2]=2240;		level1_cnt_minus[2]=0
     level1_cnt_plus[3]=0;		level1_cnt_minus[3]=0
     level1_cnt_plus[4]=0;		level1_cnt_minus[4]=0
     level1_cnt_plus[5]=0;		level1_cnt_minus[5]=0
     level1_cnt_plus[6]=0;		level1_cnt_minus[6]=0
     level1_cnt_plus[7]=0;		level1_cnt_minus[7]=0
     level1_cnt_plus[8]=0;		level1_cnt_minus[8]=0
     level1_cnt_plus[9]=0;		level1_cnt_minus[9]=0

-----------------------------------------------------------------------
U-shapes refinement...
Refinement input: 11620 bricks
Refinement result: 11620 bricks (0.001 s)
Collecting and processing rays...OK (0.000 s)
Capturing...OK (0.000 s)
-----------------------------------------------------------------------

-----------------------------------------------------------------------
Equi Distant Refiner:
Equi Distant Refiner takes 0.00 s
-----------------------------------------------------------------------
Building geometry takes 0.27 s
Geometry Fluid.0.
Total		11620
Partial	4104
Fluid		1984
Solid		5532
Bad		0

/-Ray Intersection---------------/ Time	0.050 s
Calls			3239
CorrectRay Calls	0



-----------------------------------------------------------------------
Building geometries takes 0.271 s
-----------------------------------------------------------------------

-----------------------------------------------------------------------
PostBuilding geometries:
-----------------------------------------------------------------------
PostBuilding body-set (0) geometry Fluid.0. (0)...
Collecting and processing rays...OK (0.000 s)
Capturing...OK (0.000 s)
PostBuilding geometry takes 0.001 s
Geometry Fluid.0.
Total		11620
Partial	4104
Fluid		1984
Solid		5532
Bad		0

-----------------------------------------------------------------------
PostBuilding geometries takes 0.001 s
-----------------------------------------------------------------------
Defect ray count	0
FYI: CNarrowChannelRefiner::RedistributeLevel1_step_1: is finished
FYI: level1 statistics:
     level1_cnt_plus[1]=1520;		level1_cnt_minus[1]=0
     level1_cnt_plus[2]=7352;		level1_cnt_minus[2]=0
     level1_cnt_plus[3]=0;		level1_cnt_minus[3]=0
     level1_cnt_plus[4]=0;		level1_cnt_minus[4]=0
     level1_cnt_plus[5]=0;		level1_cnt_minus[5]=0
     level1_cnt_plus[6]=0;		level1_cnt_minus[6]=0
     level1_cnt_plus[7]=0;		level1_cnt_minus[7]=0
     level1_cnt_plus[8]=0;		level1_cnt_minus[8]=0
     level1_cnt_plus[9]=0;		level1_cnt_minus[9]=0
FYI: CNarrowChannelRefiner::RedistributeLevel1_step_2: is started
FYI: CNarrowChannelRefiner::RedistributeLevel1_step_2: is finished
FYI: level1 statistics:
     level1_cnt_plus[1]=1520;		level1_cnt_minus[1]=0
     level1_cnt_plus[2]=8064;		level1_cnt_minus[2]=0
     level1_cnt_plus[3]=0;		level1_cnt_minus[3]=0
     level1_cnt_plus[4]=0;		level1_cnt_minus[4]=0
     level1_cnt_plus[5]=0;		level1_cnt_minus[5]=0
     level1_cnt_plus[6]=0;		level1_cnt_minus[6]=0
     level1_cnt_plus[7]=0;		level1_cnt_minus[7]=0
     level1_cnt_plus[8]=0;		level1_cnt_minus[8]=0
     level1_cnt_plus[9]=0;		level1_cnt_minus[9]=0
FYI: CNarrowChannelRefiner::RedistributeLevel1_step_3: is started
FYI: CNarrowChannelRefiner::RedistributeLevel1_step_3: is finished
RedistributeLevel1 takes:
FYI: level1 statistics:
     level1_cnt_plus[1]=1520;		level1_cnt_minus[1]=0
     level1_cnt_plus[2]=8064;		level1_cnt_minus[2]=32
     level1_cnt_plus[3]=0;		level1_cnt_minus[3]=0
     level1_cnt_plus[4]=0;		level1_cnt_minus[4]=0
     level1_cnt_plus[5]=0;		level1_cnt_minus[5]=0
     level1_cnt_plus[6]=0;		level1_cnt_minus[6]=0
     level1_cnt_plus[7]=0;		level1_cnt_minus[7]=0
     level1_cnt_plus[8]=0;		level1_cnt_minus[8]=0
     level1_cnt_plus[9]=0;		level1_cnt_minus[9]=0
-----------------------------------------------------------------------
MSH format builder (Iteration 0)
-----------------------------------------------------------------------
Memory Working Set Current = 38.75 Mb, Memory Working Set Peak = 45.95 Mb
Process Threads Number: 13
-----------------------------------------------------------------------
Loading geometries triangulation & x-stacks...OK
x-stacks size = 0.22 Mb
Total bricks count: 11620
-----------------------------------------------------------------------
MSH (Real Geometry) format constructor:
	Getting brick sets...OK (0.000 s)
	Min x-stack xeps = 2.24377e-05
	D / dh / eps [axis=0] = (0.019166, 0.000598749, 5.98749e-07)
	D / dh / eps [axis=1] = (0.0630869, 0.000563122, 5.63122e-07)
	D / dh / eps [axis=2] = (0.0191659, 0.000598796, 5.98796e-07)
	Time (xeps): 0.000 s
Level 2
	Set (0)  size: 4272
	Set (0)  time: 0.036 s
	Set (1)  size: 4272
	Set (1)  time: 0.035 s
Level 1
	Set (0)  size: 810
	Set (0)  time: 0.000 s
	Set (1)  size: 810
	Set (1)  time: 0.000 s
Level 0
	Set (0)  size: 728
	Set (0)  time: 0.000 s
	Set (1)  size: 728
	Set (1)  time: 0.000 s
Result:
	Bricks number:                        11620

	Memory usage:                         2.181 MB
	Memory usage (per brick):             0.192 KB
	Construction time:                    0.074 s

	Topology features:
	------------------
	- High quality bricks                  99.96 % (11615)
	- Medium quality bricks                 0.04 % (5)
	- Bad quality bricks                    0.00 % (0)
	- Ribs corrected bricks                 0.00 % (0)
	- Points with geom-info (bricks)        0.09 % (11)
	- Points with closest-info (bricks)     0.00 % (0)
	- Triangulated by center (bricks)       0.06 % (7)
	- Facet w-faces mergings (bricks)       0.00 % (0)
	- To refine (bricks)                    0.00 % (0)

-----------------------------------------------------------------------
Memory Working Set Current = 51.75 Mb, Memory Working Set Peak = 51.76 Mb
Process Threads Number: 13
-----------------------------------------------------------------------
-----------------------------------------------------------------------
-----------------------------------------------------------------------
MSH --> BCF format (Iteration 0)...
BCF collector...(remove mode=0)
	Time (alloc counter per brick): 0.000 s
	Brick    count: 11620
	Av.f all count: 6136
	Av.s all count: 9668
	Av.f pid count: 4184
	Av.s pid count: 4136
	Faces fs count: 7334
	Faces ff count: 0
	Faces ss count: 0
	Faces bb count: 0
	Faces fe count: 0
	Faces se count: 1744
	Faces fw count: 9078
	Faces af count: 15872
	Faces as count: 28724
	Time (all count): 	0.002 s
	Time (bcf alloc): 	0.001 s
	Time (shifts alloc): 	0.001 s
	Time (shifts init): 	0.001 s
	Time (bcf fill): 	0.004 s
	Time (add av to faces): 0.000 s
	Time (add faces to av): 0.002 s
Time (bcf collect): 		0.011 s
	AV checker...
	Time (check av): 	0.004 s
	Subdomain checker...
		Subdomains construction time: 0.001 s.
		Subdomains sort time: 0.000 s.
			Subdomain 0 (geom_ind=0): 6136 av
			Subdomain 1 (geom_ind=1): 9668 av
		gi: 0, subdomains: 1, real bodies: 1
		gi: 1, subdomains: 1, real bodies: 0
		Defect subdomains: 0
	Time (check subdoms): 	0.001 s
Time (bcf iteration total): 	0.016 s
	Time (fw-nb): 		0.001 s
	Fixed mutual fw-nb:     3381 (bb: 0)
	Time (fw-nb mutual): 	0.000 s
	Time (fw-nb sort): 	0.000 s
	Fw-opt BEFORE total:    9078 (fs=7334, ff=0, ss=0)
	Fw-opt AFTER  total:    6640 (fs=4896, ff=0, ss=0, failed fw/br=0/0, big_curv=12, big_poly=0)
	Fw-opt RESULT:          2438 (res/(fs+ff+ss) = 33.24 %)
	Time (fw-opt): 		0.002 s
	Time (fw-re-order): 	0.001 s
	Time (fw-nb): 		0.003 s
	Fixed mutual fw-nb:     13344 (bb: 0)
	Time (fw-nb mutual): 	0.001 s
	Time (fw-nb sort): 	0.000 s
	Time (rfd fix): 	0.000 s
	Time (av convexity): 	0.002 s
	Time (av small volume): 0.000 s
	Time (diagonal fw-nb): 	0.008 s
	Fixed mutual fw-nb:     0 (bb: 0)
	Time (fw-nb mutual): 	0.001 s
	Time (fw-nb sort): 	0.000 s
	Fluid subdomains: 1
	Faces fw-nb diff sd:    0
	Time (fw-nb diff sd): 	0.001 s
Time (bcf calc): 		0.020 s
-----------------------------------------------------------------------
Time (bcf total): 		0.036 s
-----------------------------------------------------------------------
-----------------------------------------------------------------------
Mega-cv constructor for fluid...
	 0 av's is treated as thin
Relative size generator (threshold = 0.05)...
	Iteration 1 (small cluster count = 596)
	Iteration 2 (small cluster count = 313)
	Iteration 3 (small cluster count = 99)
	Iteration 4 (small cluster count = 38)
	Iteration 5 (small cluster count = 4)
	Iteration 6 (small cluster count = 0)
	 563 mega-cv's generated
	 35 mega-cv's removed
Relative size generator is completed OK (0.001 s)
Apply fa-rules to mega-cv clusters fixes...
	Fa-rule violation fixes:        4 of        4 (total cluster# =      530)
OK (0.000 s)
Convert clusters:
	 532 mega-cv's total
Mega-cv count: 532
Time (mega-cv fill): 	0.001 s
Time (mega-cv total): 	0.005 s
-----------------------------------------------------------------------
Mixing plane rotation regions: NO.
Sliding mesh rotation regions: NO.
Fluid/fluid faces: NO.
----------------------------------------------------------
BCF --> BCF.GEOMSUBDOM (bridge arrays):
MESH (0):
	Fluid Subdom Constructor: 1 subdom(s).
	Solid Subdom Constructor: 1 subdom(s).
	Net Asm Subdom Constructor: 0 subdom(s).
	GEOMSUBDOM (0): gi=0 fluid av=6136 cv=5536 fa=15872 fb=0 fw=4896 V=7.508841e-07
	Cache data...OK
	GEOMSUBDOM (1): gi=1 solid av=9668 cv=9668 fa=28724 fb=0 fw=6640 V=2.242301e-05
	Cache data...OK
	Setting nb of w-faces...OK (0.002 s).
	Correcting nb of w-faces...
	Time(correct_fw_nb)=0.002 s

MESH (0) checking:
	GEOMSUBDOM (0):fa_s=0.0039506020308562 fb_s=0.0000000000000000 fw_s=0.0009833371728060 fw_nb=39368
	              :d_const(2477)=2.93353e-14 d_linear(3528)=4.45193e-13
	GEOMSUBDOM (1):fa_s=0.0328660726677090 fb_s=0.0000000000000000 fw_s=0.0065544781144858 fw_nb=46520
	              :d_const(250)=3.93329e-13 d_linear(230)=4.10726e-12
MESH (0) checking: OK.
Time (MDS): 	0.017 s
----------------------------------------------------------

-----------------------------------------------------------------------
BCF CHECKSUM DATA (Mesh 0):

WARNING! 209 w-face(s) without RefFacesData.
BRICK |Level1| Sum:               17712
FACE_A Area Sum:   G.Fluid        0.0039506020308562
FACE_A Area Sum:   G.Solid        0.0328660726677090
FACE_W Area Sum:                  0.0065544781144858
FACE_W Nb   Sum:                  46520
FACE_W min curvatures sum:        -4012239.85351181
FACE_W max curvatures sum:        4243508.58752823
AV Max Disbalance(Const) :        3.93329e-13 (cid=195, t={13, 7, 2}, avid=6321, pid=62)
AV Max Disbalance(Linear):        4.10726e-12 (cid=167, t={13, 7, 1}, avid=6301, pid=46)
-----------------------------------------------------------------------


-----------------------------------------------------------------------
MESHER TOPOLOGY DATA:

BRICKS: Total                 11620
BRICKS: 1-CV                  7484
BRICKS: 2-CV                  4088
BRICKS: 3-CV                  48
BRICKS: Bad                   0

AV:     G.Total               15804
AV:     G.Fluid               6136
AV:     G.Solid               9668

AV:     G.Fluid Thin Profile    0.00 % (0)
AV:     G.Solid Thin Profile    0.50 % (48)

AV:     G.Fluid Thin For Mega   0.00 % (0)
AV:     G.Solid Thin For Mega   0.50 % (48)

AV:     G.Fluid Non-Convex     13.77 % (845)
AV:     G.Solid Non-Convex      9.00 % (870)

AV:     G.Fluid Non-Ess-Convex      4.16 % (255)
AV:     G.Solid Non-Ess-Convex      3.30 % (319)

FACE_A: G.Fluid          (af) 15872 (partially opened 8364)
FACE_A: G.Solid          (as) 28724 (partially opened 8276)

FACE_B: G.Total          (b)  0

FACE_W: G.Total                 6640        Brick/Bound
FACE_W: G.Fluid/Solid    (fs_g) 4896        0           
FACE_W: G.Fluid/Fluid    (ff_g) 0           0           
FACE_W: G.Solid/Solid    (ss_g) 0           0           
FACE_W: G.Fluid/External (fe_g) 0
FACE_W: G.Solid/External (se_g) 1744

AV/CV max fa count (on brick side):5
AV/CV max fw count:                5
AV/CV max fb count:                0
AV/CV max fw poly count:           14

MEMORY: Total                   5.409 MB
MEMORY: Per Brick               0.477 KB
-----------------------------------------------------------------------

-----------------------------------------------------------------------
Connectivities information:
	Number of conns: 0
-----------------------------------------------------------------------
	Time (gap size): 	0.011 s
-----------------------------------------------------------------------
Calculating curvature and tolerance criteria...
Curvature: min=0 max=3.14081
Tolerance: min=0 max=0.000380236
Calculating curvature and tolerance criteria takes 0.049 s
-----------------------------------------------------------------------
MESH Build(FS) finished. Time=0.567 s
-----------------------------------------------------------------------
Current CPU = 1 sec

Nx=8
Ny=28
Nz=8
Max BRICK Level=2
Mesh Level=2
-----------------CModelBodies2MeshMapper::CollectData started -------------------------------
-----------------CModelBodies2MeshMapper Report -------------------------------
FluidDomains 1 SolidDomains 1 VoidDomains 0 
Domains RefIndexes
Domain 0, Index count 20
Domain 1, Index count 20
----------------- -------------------------------
	ModelBodies
Total resolved Bodies 0 BodySets 0

--------------------------------------------------------------------------
	Positive geometry Bodies
Total resolved Bodies 1 BodySets 1
BodySet 0
	Bodies list:
			#0	Name: ;	ID: f218d2cb-c19f-44d0-910d-fa368042582c
	Domains list:		 0 

--------------------------------------------------------------------------
	Fluid regions
Total resolved Bodies 1 BodySets 1
BodySet 0	Material: Oxygen; 
	Bodies list:
			#0	Name: ;	ID: f218d2cb-c19f-44d0-910d-fa368042582c
	Domains list:		 0 

--------------------------------------------------------------------------
-----------------CModelBodies2MeshMapper::CollectData finished successfully-------------------
Saving initial mesh in: N:\Downloads\GitHub\liquid-propellant-engine\2kN Heat Sink Engine\Revised Stack OD 6in\1\Parametric Study 1\11\11.fld .
Storing results...
Estimated CPT size=2.593 MB.
	Time (write bcf): 0.382 s
OK
-----------------------------------------------------------------------
Memory Working Set Current = 61.49 Mb, Memory Working Set Peak = 61.49 Mb
Process Threads Number: 13
-----------------------------------------------------------------------
Cleaning memory...
		Time (free xsl):                    	0.001 s
Free Geometry DB takes 0.000 s
	Time (free bcf): 	0.004 s
		Time (free bcf mesh):               	0.009 s
	Time (free mesher data):              	0.012 s
Copying... OK
Mesh generation normally finished at	28.4.2021	5:11:34
Mesher CPU = 1 sec
Mesher is finished at	28.4.2021	5:11:34
-----------------------------------------------------------------------
Memory Working Set Current = 33.97 Mb, Memory Working Set Peak = 61.86 Mb
Process Threads Number: 13
-----------------------------------------------------------------------
Algebra Pool      : mem_usage = 0.31 Mb, allocated count = 0
Log ended at 28.04.2021	05:11:34
