Log started at 28.04.2021	02:32:49
Number of used processors (NPROC): 4.
Number of mesh partitions (NPART): 4.
Total Physical Memory = 15.87 Gb, Available Physical Memory = 11.20 Gb
Computer name:	MCAE33
Operating system:	Windows 10 (or higher) (Version 10.0.18363)

SOLIDWORKS 2020 SP4.0
Flow Simulation 2020  x64 / 4995 / MESHER ver. efd_dev.4663_05.07.2019 

Project: N:\Downloads\GitHub\liquid-propellant-engine\2kN Heat Sink Engine\Revised Stack OD 6in\1\Parametric Study 1\14\14.xmlconfig
Configuration name: Default
Project name: Project(1)
NGK: OFF
MBO: OFF

Mesh generation started:	28.4.2021	2:32:49
-----------------------------------------------------------------------
Mesher option run = eRunMesherNormal
-----------------------------------------------------------------------
Current CPU = 0 sec
-----------------------------------------------------------------------
Geometries initialization:
-----------------------------------------------------------------------
Loading mesh settings (global/local)...
-----------------------------------------------------------------------
Number of geometries from DB: 1
Geometry(0):
	Guid = {00000000-0000-0000-0000-000000000000}
	Fluid..
	1 Body.
	1 Real body.
	-- Bodyset 0 --
		Tolerance=1.27281e-05.
		56 Face(s).
			56 of b-spline type.
		0 Face(s) that have no ref faces
		21 Plane surface(s).
		10 Cylinder surface(s).
		1 Cone surface(s).
		7 Sphere surface(s).
		1 Torus surface(s).
		16 B- surface(s).
		11894 Triangle(s).
		Getting triangle connectivities from DB: 0.001 s
		127 Edge(s).
			127 of b-spline type.
		BodyGeom reading: 0.015 s.
		20 Reference Face(s).
		3902 Reference Triangles.
		Getting triangle connectivities from DB (Ref): 0.000 s
		BodyGeom Ref reading: 0.001 s.
		Getting triangle connectivities from DB (Extra Triangulation): 0.001 s
Geometry(1):
	Solid.
	-- Bodyset 1 --
	Empty
-----------------------------------------------------------------------
Number of geometries in task: 2
Number of bodysets   in task: 2
-----------------------------------------------------------------------
	Making hash and connectivity for Bodyset ...
		CBodyGeom:
		Hash size: {24, 42, 24}.
		Mesh size: {6, 42, 6}.
		Hashing triangles...Ok.
			axis(0) tr sizes: average=37 max=1088
			axis(1) tr sizes: average=61 max=452
			axis(2) tr sizes: average=37 max=1085
		Number of t-connected sets:2
			(0) size=12
			(1) size=11882 cavity
		Done.
		CBodyGeomRef:
		Hashing triangles...Ok.
			axis(0) tr sizes: average=93 max=682
			axis(1) tr sizes: average=216 max=331
			axis(2) tr sizes: average=94 max=685
		Done.
	0.0163 s.
Geometries reading and preparing has taken 0.037 s.

Mapped triangles:
Hashing geometries triangles
	Triangles num=11894
	Triangles box={-0.00537587  ,0.00537587  ,-0.0785774  ,-0.00674677  ,-0.00538591  ,0.00537588  }
		3d-hash size is 112708 bytes
Hashing peculiar surfaces triangles
	Triangles num=36
	Triangles box={-0.00534619  ,-0.00524205  ,-0.0761157  ,-0.0740137  ,-0.00105179  ,0.00105459  }
		3d-hash size is 6316 bytes
	Triangles num=36
	Triangles box={0.00296335  ,0.0044524  ,-0.0761157  ,-0.0740137  ,0.00296098  ,0.00445081  }
		3d-hash size is 6372 bytes
	Triangles num=36
	Triangles box={0.00296098  ,0.00445081  ,-0.0761157  ,-0.0740137  ,-0.0044524  ,-0.00296335  }
		3d-hash size is 6376 bytes
	Triangles num=36
	Triangles box={-0.0044524  ,-0.00296335  ,-0.0761157  ,-0.0740137  ,-0.00445081  ,-0.00296098  }
		3d-hash size is 6372 bytes
	Triangles num=36
	Triangles box={-0.00445081  ,-0.00296098  ,-0.0761157  ,-0.0740137  ,0.00296335  ,0.0044524  }
		3d-hash size is 6372 bytes
	Triangles num=36
	Triangles box={-0.00105179  ,0.00105459  ,-0.0761157  ,-0.0740137  ,0.00524205  ,0.00534619  }
		3d-hash size is 6316 bytes
	Triangles num=36
	Triangles box={0.00524205  ,0.00534619  ,-0.0761157  ,-0.0740137  ,-0.00105459  ,0.00105179  }
		3d-hash size is 6316 bytes
	Triangles num=36
	Triangles box={-0.00105459  ,0.00105179  ,-0.0761157  ,-0.0740137  ,-0.00534619  ,-0.00524205  }
		3d-hash size is 6316 bytes
	Triangles num=20
	Triangles box={-0.00238687  ,0.00238687  ,-0.00689  ,-0.00689  ,-0.00238687  ,0.00238687  }
		3d-hash size is 6332 bytes
Mapped triangles processed in 0.015 s.
-----------------------------------------------------------------------
Getting sectors:
Number of sectors: 0
-----------------------------------------------------------------------
-----------------------------------------------------------------------

Current CPU = 0 sec

-----------------------------------------------------------------------
Mesh dimensions:
				I[0 ]=6
				I[1 ]=42
				I[2 ]=6

Comp. domain size:
				a[0  ]=-0.00536487
				a[1  ]=0.00536487
				a[2  ]=-0.0785057
				a[3  ]=-0.00681846
				a[4  ]=-0.0053749
				a[5  ]=0.00536488

Fluid calculated			1
Solid calculated			0
-----------------------------------------------------------------------
MESH Build started...
-----------------------------------------------------------------------
Mesh LEVEL = 2
-----------------------------------------------------------------------
Setting regions...OK (0.000 s)
Base mesh info------------------
	2D flag  =0
	Period   =[0, 0, 0]
	Nx=6
		x[0]=-0.00536487
		x[1]=-0.00357602
		x[2]=-0.00178773
		x[3]=5.61632e-07
		x[4]=0.00178885
		x[5]=0.00357714
		x[6]=0.00536487
	Ny=42
		y[0]=-0.0785057
		y[1]=-0.0767984
		y[2]=-0.0750916
		y[3]=-0.0733847
		y[4]=-0.0716779
		y[5]=-0.0699711
		y[6]=-0.0682642
		y[7]=-0.0665574
		y[8]=-0.0648505
		y[9]=-0.0631437
		y[10]=-0.0614369
		y[11]=-0.05973
		y[12]=-0.0580232
		y[13]=-0.0563163
		y[14]=-0.0546095
		y[15]=-0.0529027
		y[16]=-0.0511958
		y[17]=-0.049489
		y[18]=-0.0477821
		y[19]=-0.0460753
		y[20]=-0.0443685
		y[21]=-0.0426616
		y[22]=-0.0409548
		y[23]=-0.0392479
		y[24]=-0.0375411
		y[25]=-0.0358343
		y[26]=-0.0341274
		y[27]=-0.0324206
		y[28]=-0.0307137
		y[29]=-0.0290069
		y[30]=-0.0273001
		y[31]=-0.0255932
		y[32]=-0.0238864
		y[33]=-0.0221795
		y[34]=-0.0204727
		y[35]=-0.0187659
		y[36]=-0.017059
		y[37]=-0.0153522
		y[38]=-0.0136454
		y[39]=-0.0119385
		y[40]=-0.0102317
		y[41]=-0.00852483
		y[42]=-0.00681846
	Nz=6
		z[0]=-0.0053749
		z[1]=-0.00358453
		z[2]=-0.00179456
		z[3]=-4.59993e-06
		z[4]=0.00178536
		z[5]=0.00357533
		z[6]=0.00536488
End of base mesh info---------
Input_mesh_settings--------------------------------
Settings 0----------------
	Scope: GLOBAL
	Type:	------MESHER_SETTINGS----------
	RefAllCells           =0
	RefFluidCells         =0
	RefPartCells          =0
	RefSolidCells         =0
	l_SSFR(Capture crit)  =2
	l_curv(Curvature crit)=0
	l_tol(Tolerance crit) =2
	  k_tol               =0.000527792
	UseChannelRef         =1
	  NCR_method          =0
	  l_NCR               =2
	  N_gap               =5
	  Use d_NCR_min       =0
	  Use d_NCR_max       =0
	IgnoreThinChannelsHeight         =0
	--END_OF_MESHER_SETTINGS-------
End of input mesh settings-------------------------

-----------------------------------------------------------------------
Building geometries:
-----------------------------------------------------------------------
Building body-set (0) of geometry Fluid.0.(0). ...

-----------------------------------------------------------------------
Refining by triangulation...
Refinement input: 1512 bricks
Setting regions...OK (0.000 s)
Setting regions...OK (0.000 s)
Refinement result: 2527 bricks (0.037 s)
Refinement input: 2527 bricks
Refinement result: 2527 bricks (0.001 s)
Collecting and processing rays...OK (0.018 s)
Capturing...OK (0.001 s)
Refining by triangulation takes 0.057 s
-----------------------------------------------------------------------

-----------------------------------------------------------------------
Refining peculiar surfaces...
Refinement input: 2527 bricks
Setting regions...OK (0.000 s)
Refinement result: 2583 bricks (0.000 s)
Refinement input: 2583 bricks
Setting regions...OK (0.000 s)
Refinement result: 2667 bricks (0.000 s)
Refinement input: 2667 bricks
Setting regions...OK (0.000 s)
Refinement result: 2723 bricks (0.000 s)
Refinement input: 2723 bricks
Setting regions...OK (0.000 s)
Refinement result: 2807 bricks (0.000 s)
4 surfaces refined
Refining peculiar surfaces takes 0.002 s
-----------------------------------------------------------------------
Collecting and processing rays...OK (0.003 s)
Capturing...OK (0.000 s)
Collecting and processing rays...OK (0.000 s)
Capturing...OK (0.000 s)
Collecting and processing rays...OK (0.000 s)
Capturing...OK (0.000 s)

-----------------------------------------------------------------------
Base mesh 1 Refining...
Refinement input: 2807 bricks
Refinement result: 2807 bricks (0.000 s)
Collecting and processing rays...OK (0.000 s)
Capturing...OK (0.000 s)
-----------------------------------------------------------------------
Refining channels...
FYI: CNarrowChannelRefiner::RefineChannels_PRLL
Refinement input: 2807 bricks
Setting regions...OK (0.000 s)
Refinement result: 6300 bricks (0.001 s)
Collecting and processing rays...OK (0.008 s)
Capturing...OK (0.002 s)
FYI: m_iteration_count = 0
FYI: level1 statistics:
     level1_cnt_plus[1]=3992;		level1_cnt_minus[1]=0
     level1_cnt_plus[2]=0;		level1_cnt_minus[2]=0
     level1_cnt_plus[3]=0;		level1_cnt_minus[3]=0
     level1_cnt_plus[4]=0;		level1_cnt_minus[4]=0
     level1_cnt_plus[5]=0;		level1_cnt_minus[5]=0
     level1_cnt_plus[6]=0;		level1_cnt_minus[6]=0
     level1_cnt_plus[7]=0;		level1_cnt_minus[7]=0
     level1_cnt_plus[8]=0;		level1_cnt_minus[8]=0
     level1_cnt_plus[9]=0;		level1_cnt_minus[9]=0
Refinement input: 6300 bricks
Setting regions...OK (0.000 s)
Refinement result: 6356 bricks (0.001 s)
Collecting and processing rays...OK (0.000 s)
Capturing...OK (0.000 s)
FYI: m_iteration_count = 1
FYI: level1 statistics:
     level1_cnt_plus[1]=4056;		level1_cnt_minus[1]=0
     level1_cnt_plus[2]=0;		level1_cnt_minus[2]=0
     level1_cnt_plus[3]=0;		level1_cnt_minus[3]=0
     level1_cnt_plus[4]=0;		level1_cnt_minus[4]=0
     level1_cnt_plus[5]=0;		level1_cnt_minus[5]=0
     level1_cnt_plus[6]=0;		level1_cnt_minus[6]=0
     level1_cnt_plus[7]=0;		level1_cnt_minus[7]=0
     level1_cnt_plus[8]=0;		level1_cnt_minus[8]=0
     level1_cnt_plus[9]=0;		level1_cnt_minus[9]=0
Refinement input: 6356 bricks
Setting regions...OK (0.000 s)
Refinement result: 6412 bricks (0.001 s)
Collecting and processing rays...OK (0.001 s)
Capturing...OK (0.000 s)
FYI: m_iteration_count = 2
FYI: level1 statistics:
     level1_cnt_plus[1]=4120;		level1_cnt_minus[1]=0
     level1_cnt_plus[2]=0;		level1_cnt_minus[2]=0
     level1_cnt_plus[3]=0;		level1_cnt_minus[3]=0
     level1_cnt_plus[4]=0;		level1_cnt_minus[4]=0
     level1_cnt_plus[5]=0;		level1_cnt_minus[5]=0
     level1_cnt_plus[6]=0;		level1_cnt_minus[6]=0
     level1_cnt_plus[7]=0;		level1_cnt_minus[7]=0
     level1_cnt_plus[8]=0;		level1_cnt_minus[8]=0
     level1_cnt_plus[9]=0;		level1_cnt_minus[9]=0
FYI: m_iteration_count = 3
FYI: level1 statistics:
     level1_cnt_plus[1]=4120;		level1_cnt_minus[1]=0
     level1_cnt_plus[2]=0;		level1_cnt_minus[2]=0
     level1_cnt_plus[3]=0;		level1_cnt_minus[3]=0
     level1_cnt_plus[4]=0;		level1_cnt_minus[4]=0
     level1_cnt_plus[5]=0;		level1_cnt_minus[5]=0
     level1_cnt_plus[6]=0;		level1_cnt_minus[6]=0
     level1_cnt_plus[7]=0;		level1_cnt_minus[7]=0
     level1_cnt_plus[8]=0;		level1_cnt_minus[8]=0
     level1_cnt_plus[9]=0;		level1_cnt_minus[9]=0
Refinement input: 6412 bricks
Setting regions...OK (0.000 s)
Refinement result: 8512 bricks (0.002 s)
Collecting and processing rays...OK (0.013 s)
Capturing...OK (0.001 s)
FYI: m_iteration_count = 4
FYI: level1 statistics:
     level1_cnt_plus[1]=6304;		level1_cnt_minus[1]=0
     level1_cnt_plus[2]=192;		level1_cnt_minus[2]=0
     level1_cnt_plus[3]=0;		level1_cnt_minus[3]=0
     level1_cnt_plus[4]=0;		level1_cnt_minus[4]=0
     level1_cnt_plus[5]=0;		level1_cnt_minus[5]=0
     level1_cnt_plus[6]=0;		level1_cnt_minus[6]=0
     level1_cnt_plus[7]=0;		level1_cnt_minus[7]=0
     level1_cnt_plus[8]=0;		level1_cnt_minus[8]=0
     level1_cnt_plus[9]=0;		level1_cnt_minus[9]=0
FYI: m_iteration_count = 5
FYI: level1 statistics:
     level1_cnt_plus[1]=6304;		level1_cnt_minus[1]=0
     level1_cnt_plus[2]=192;		level1_cnt_minus[2]=0
     level1_cnt_plus[3]=0;		level1_cnt_minus[3]=0
     level1_cnt_plus[4]=0;		level1_cnt_minus[4]=0
     level1_cnt_plus[5]=0;		level1_cnt_minus[5]=0
     level1_cnt_plus[6]=0;		level1_cnt_minus[6]=0
     level1_cnt_plus[7]=0;		level1_cnt_minus[7]=0
     level1_cnt_plus[8]=0;		level1_cnt_minus[8]=0
     level1_cnt_plus[9]=0;		level1_cnt_minus[9]=0
FYI: level1 statistics:
     level1_cnt_plus[1]=6304;		level1_cnt_minus[1]=0
     level1_cnt_plus[2]=192;		level1_cnt_minus[2]=0
     level1_cnt_plus[3]=0;		level1_cnt_minus[3]=0
     level1_cnt_plus[4]=0;		level1_cnt_minus[4]=0
     level1_cnt_plus[5]=0;		level1_cnt_minus[5]=0
     level1_cnt_plus[6]=0;		level1_cnt_minus[6]=0
     level1_cnt_plus[7]=0;		level1_cnt_minus[7]=0
     level1_cnt_plus[8]=0;		level1_cnt_minus[8]=0
     level1_cnt_plus[9]=0;		level1_cnt_minus[9]=0

-----------------------------------------------------------------------
U-shapes refinement...
Refinement input: 8512 bricks
Refinement result: 8512 bricks (0.005 s)
Collecting and processing rays...OK (0.000 s)
Capturing...OK (0.000 s)
-----------------------------------------------------------------------

-----------------------------------------------------------------------
Equi Distant Refiner:
Equi Distant Refiner takes 0.00 s
-----------------------------------------------------------------------
Building geometry takes 0.284 s
Geometry Fluid.0.
Total		8512
Partial	3102
Fluid		1711
Solid		3699
Bad		0

/-Ray Intersection---------------/ Time	0.056 s
Calls			2661
CorrectRay Calls	0



-----------------------------------------------------------------------
Building geometries takes 0.285 s
-----------------------------------------------------------------------

-----------------------------------------------------------------------
PostBuilding geometries:
-----------------------------------------------------------------------
PostBuilding body-set (0) geometry Fluid.0. (0)...
Collecting and processing rays...OK (0.000 s)
Capturing...OK (0.000 s)
PostBuilding geometry takes 0.000 s
Geometry Fluid.0.
Total		8512
Partial	3102
Fluid		1711
Solid		3699
Bad		0

-----------------------------------------------------------------------
PostBuilding geometries takes 0.001 s
-----------------------------------------------------------------------
Defect ray count	0
FYI: CNarrowChannelRefiner::RedistributeLevel1_step_1: is finished
FYI: level1 statistics:
     level1_cnt_plus[1]=4138;		level1_cnt_minus[1]=0
     level1_cnt_plus[2]=2358;		level1_cnt_minus[2]=0
     level1_cnt_plus[3]=0;		level1_cnt_minus[3]=0
     level1_cnt_plus[4]=0;		level1_cnt_minus[4]=0
     level1_cnt_plus[5]=0;		level1_cnt_minus[5]=0
     level1_cnt_plus[6]=0;		level1_cnt_minus[6]=0
     level1_cnt_plus[7]=0;		level1_cnt_minus[7]=0
     level1_cnt_plus[8]=0;		level1_cnt_minus[8]=0
     level1_cnt_plus[9]=0;		level1_cnt_minus[9]=0
FYI: CNarrowChannelRefiner::RedistributeLevel1_step_2: is started
FYI: CNarrowChannelRefiner::RedistributeLevel1_step_2: is finished
FYI: level1 statistics:
     level1_cnt_plus[1]=4294;		level1_cnt_minus[1]=0
     level1_cnt_plus[2]=2785;		level1_cnt_minus[2]=0
     level1_cnt_plus[3]=0;		level1_cnt_minus[3]=0
     level1_cnt_plus[4]=0;		level1_cnt_minus[4]=0
     level1_cnt_plus[5]=0;		level1_cnt_minus[5]=0
     level1_cnt_plus[6]=0;		level1_cnt_minus[6]=0
     level1_cnt_plus[7]=0;		level1_cnt_minus[7]=0
     level1_cnt_plus[8]=0;		level1_cnt_minus[8]=0
     level1_cnt_plus[9]=0;		level1_cnt_minus[9]=0
FYI: CNarrowChannelRefiner::RedistributeLevel1_step_3: is started
FYI: CNarrowChannelRefiner::RedistributeLevel1_step_3: is finished
RedistributeLevel1 takes:
FYI: level1 statistics:
     level1_cnt_plus[1]=4294;		level1_cnt_minus[1]=16
     level1_cnt_plus[2]=2785;		level1_cnt_minus[2]=37
     level1_cnt_plus[3]=0;		level1_cnt_minus[3]=0
     level1_cnt_plus[4]=0;		level1_cnt_minus[4]=0
     level1_cnt_plus[5]=0;		level1_cnt_minus[5]=0
     level1_cnt_plus[6]=0;		level1_cnt_minus[6]=0
     level1_cnt_plus[7]=0;		level1_cnt_minus[7]=0
     level1_cnt_plus[8]=0;		level1_cnt_minus[8]=0
     level1_cnt_plus[9]=0;		level1_cnt_minus[9]=0
-----------------------------------------------------------------------
MSH format builder (Iteration 0)
-----------------------------------------------------------------------
Memory Working Set Current = 37.28 Mb, Memory Working Set Peak = 44.11 Mb
Process Threads Number: 13
-----------------------------------------------------------------------
Loading geometries triangulation & x-stacks...OK
x-stacks size = 0.18 Mb
Total bricks count: 8512
-----------------------------------------------------------------------
MSH (Real Geometry) format constructor:
	Getting brick sets...OK (0.000 s)
	Min x-stack xeps = 5.14538e-07
	D / dh / eps [axis=0] = (0.0107297, 0.000446932, 1.71513e-07)
	D / dh / eps [axis=1] = (0.0716873, 0.000426594, 1.71513e-07)
	D / dh / eps [axis=2] = (0.0107398, 0.000447388, 1.71513e-07)
	Time (xeps): 0.000 s
Level 2
	Set (0)  size: 1584
	Set (0)  time: 0.028 s
	Set (1)  size: 1584
	Set (1)  time: 0.023 s
Level 1
	Set (0)  size: 2218
	Set (0)  time: 0.015 s
	Set (1)  size: 2218
	Set (1)  time: 0.013 s
Level 0
	Set (0)  size: 454
	Set (0)  time: 0.000 s
	Set (1)  size: 454
	Set (1)  time: 0.000 s
Result:
	Bricks number:                        8512

	Memory usage:                         1.662 MB
	Memory usage (per brick):             0.200 KB
	Construction time:                    0.081 s

	Topology features:
	------------------
	- High quality bricks                  99.91 % (8504)
	- Medium quality bricks                 0.09 % (8)
	- Bad quality bricks                    0.00 % (0)
	- Ribs corrected bricks                 0.00 % (0)
	- Points with geom-info (bricks)        0.19 % (16)
	- Points with closest-info (bricks)     0.00 % (0)
	- Triangulated by center (bricks)       0.22 % (19)
	- Facet w-faces mergings (bricks)       0.00 % (0)
	- To refine (bricks)                    0.00 % (0)

-----------------------------------------------------------------------
Memory Working Set Current = 51.02 Mb, Memory Working Set Peak = 51.03 Mb
Process Threads Number: 13
-----------------------------------------------------------------------
-----------------------------------------------------------------------
-----------------------------------------------------------------------
MSH --> BCF format (Iteration 0)...
BCF collector...(remove mode=0)
	Time (alloc counter per brick): 0.000 s
	Brick    count: 8512
	Av.f all count: 4850
	Av.s all count: 6824
	Av.f pid count: 3152
	Av.s pid count: 3133
	Faces fs count: 5444
	Faces ff count: 0
	Faces ss count: 0
	Faces bb count: 0
	Faces fe count: 0
	Faces se count: 1704
	Faces fw count: 7148
	Faces af count: 12811
	Faces as count: 20005
	Time (all count): 	0.001 s
	Time (bcf alloc): 	0.001 s
	Time (shifts alloc): 	0.001 s
	Time (shifts init): 	0.001 s
	Time (bcf fill): 	0.003 s
	Time (add av to faces): 0.000 s
	Time (add faces to av): 0.001 s
Time (bcf collect): 		0.009 s
	AV checker...
	Time (check av): 	0.003 s
	Subdomain checker...
		Subdomains construction time: 0.001 s.
		Subdomains sort time: 0.000 s.
			Subdomain 0 (geom_ind=0): 4850 av
			Subdomain 1 (geom_ind=1): 6824 av
		gi: 0, subdomains: 1, real bodies: 1
		gi: 1, subdomains: 1, real bodies: 0
		Defect subdomains: 0
	Time (check subdoms): 	0.001 s
Time (bcf iteration total): 	0.013 s
	Time (fw-nb): 		0.000 s
	Fixed mutual fw-nb:     2575 (bb: 0)
	Time (fw-nb mutual): 	0.001 s
	Time (fw-nb sort): 	0.000 s
	Fw-opt BEFORE total:    7148 (fs=5444, ff=0, ss=0)
	Fw-opt AFTER  total:    5505 (fs=3801, ff=0, ss=0, failed fw/br=2/0, big_curv=8, big_poly=0)
	Fw-opt RESULT:          1643 (res/(fs+ff+ss) = 30.18 %)
	Time (fw-opt): 		0.001 s
	Time (fw-re-order): 	0.001 s
	Time (fw-nb): 		0.003 s
	Fixed mutual fw-nb:     11083 (bb: 0)
	Time (fw-nb mutual): 	0.001 s
	Time (fw-nb sort): 	0.000 s
	Time (rfd fix): 	0.000 s
	Time (av convexity): 	0.001 s
	Time (av small volume): 0.000 s
	Time (diagonal fw-nb): 	0.006 s
	Fixed mutual fw-nb:     0 (bb: 0)
	Time (fw-nb mutual): 	0.001 s
	Time (fw-nb sort): 	0.000 s
	Fluid subdomains: 1
	Faces fw-nb diff sd:    0
	Time (fw-nb diff sd): 	0.001 s
Time (bcf calc): 		0.017 s
-----------------------------------------------------------------------
Time (bcf total): 		0.030 s
-----------------------------------------------------------------------
-----------------------------------------------------------------------
Mega-cv constructor for fluid...
	 9 av's is treated as thin
Relative size generator (threshold = 0.05)...
	Iteration 1 (small cluster count = 108)
	Iteration 2 (small cluster count = 47)
	Iteration 3 (small cluster count = 15)
	Iteration 4 (small cluster count = 0)
	 88 mega-cv's generated
	 18 mega-cv's removed
Relative size generator is completed OK (0.001 s)
Apply fa-rules to mega-cv clusters fixes...
OK (0.000 s)
Convert clusters:
	 70 mega-cv's total
Mega-cv count: 70
Time (mega-cv fill): 	0.000 s
Time (mega-cv total): 	0.003 s
-----------------------------------------------------------------------
Mixing plane rotation regions: NO.
Sliding mesh rotation regions: NO.
Fluid/fluid faces: NO.
----------------------------------------------------------
BCF --> BCF.GEOMSUBDOM (bridge arrays):
MESH (0):
	Fluid Subdom Constructor: 1 subdom(s).
	Solid Subdom Constructor: 1 subdom(s).
	Net Asm Subdom Constructor: 0 subdom(s).
	GEOMSUBDOM (0): gi=0 fluid av=4850 cv=4742 fa=12811 fb=0 fw=3801 V=1.319114e-06
	Cache data...OK
	GEOMSUBDOM (1): gi=1 solid av=6824 cv=6824 fa=20005 fb=0 fw=5505 V=6.941778e-06
	Cache data...OK
	Setting nb of w-faces...OK (0.002 s).
	Correcting nb of w-faces...
	Time(correct_fw_nb)=0.001 s

MESH (0) checking:
	GEOMSUBDOM (0):fa_s=0.0049355751279431 fb_s=0.0000000000000000 fw_s=0.0012382035861972 fw_nb=30652
	              :d_const(1945)=8.63007e-14 d_linear(2014)=5.13109e-13
	GEOMSUBDOM (1):fa_s=0.0140284226700013 fb_s=0.0000000000000000 fw_s=0.0045468574507481 fw_nb=37604
	              :d_const(1758)=4.17647e-14 d_linear(2639)=4.21466e-11
MESH (0) checking: OK.
Time (MDS): 	0.013 s
----------------------------------------------------------

-----------------------------------------------------------------------
BCF CHECKSUM DATA (Mesh 0):

WARNING! 203 w-face(s) without RefFacesData.
BRICK |Level1| Sum:               9954
FACE_A Area Sum:   G.Fluid        0.0049355751279431
FACE_A Area Sum:   G.Solid        0.0140284226700013
FACE_W Area Sum:                  0.0045468574507481
FACE_W Nb   Sum:                  37604
FACE_W min curvatures sum:        -2242037.15087128
FACE_W max curvatures sum:        4178254.10462952
AV Max Disbalance(Const) :        8.63007e-14 (cid=6438, t={10, 5, 19}, avid=3946, pid=2415)
AV Max Disbalance(Linear):        1.06475e-10 (cid=6579, t={20, 6, 16}, avid=4063, pid=2492)
-----------------------------------------------------------------------


-----------------------------------------------------------------------
MESHER TOPOLOGY DATA:

BRICKS: Total                 8512
BRICKS: 1-CV                  5389
BRICKS: 2-CV                  3084
BRICKS: 3-CV                  39
BRICKS: Bad                   0

AV:     G.Total               11674
AV:     G.Fluid               4850
AV:     G.Solid               6824

AV:     G.Fluid Thin Profile    0.21 % (10)
AV:     G.Solid Thin Profile    0.42 % (29)

AV:     G.Fluid Thin For Mega   0.19 % (9)
AV:     G.Solid Thin For Mega   0.42 % (29)

AV:     G.Fluid Non-Convex      9.57 % (464)
AV:     G.Solid Non-Convex      9.28 % (633)

AV:     G.Fluid Non-Ess-Convex      4.08 % (198)
AV:     G.Solid Non-Ess-Convex      3.99 % (272)

FACE_A: G.Fluid          (af) 12811 (partially opened 6337)
FACE_A: G.Solid          (as) 20005 (partially opened 6305)

FACE_B: G.Total          (b)  0

FACE_W: G.Total                 5505        Brick/Bound
FACE_W: G.Fluid/Solid    (fs_g) 3801        0           
FACE_W: G.Fluid/Fluid    (ff_g) 0           0           
FACE_W: G.Solid/Solid    (ss_g) 0           0           
FACE_W: G.Fluid/External (fe_g) 0
FACE_W: G.Solid/External (se_g) 1704

AV/CV max fa count (on brick side):4
AV/CV max fw count:                4
AV/CV max fb count:                0
AV/CV max fw poly count:           13

MEMORY: Total                   4.075 MB
MEMORY: Per Brick               0.490 KB
-----------------------------------------------------------------------

-----------------------------------------------------------------------
Connectivities information:
	Number of conns: 0
-----------------------------------------------------------------------
	Time (gap size): 	0.010 s
-----------------------------------------------------------------------
Calculating curvature and tolerance criteria...
Curvature: min=0 max=3.12748
Tolerance: min=0 max=0.000476168
Calculating curvature and tolerance criteria takes 0.040 s
-----------------------------------------------------------------------
MESH Build(FS) finished. Time=0.566 s
-----------------------------------------------------------------------
Current CPU = 1 sec

Nx=6
Ny=42
Nz=6
Max BRICK Level=2
Mesh Level=2
-----------------CModelBodies2MeshMapper::CollectData started -------------------------------
-----------------CModelBodies2MeshMapper Report -------------------------------
FluidDomains 1 SolidDomains 1 VoidDomains 0 
Domains RefIndexes
Domain 0, Index count 20
Domain 1, Index count 20
----------------- -------------------------------
	ModelBodies
Total resolved Bodies 0 BodySets 0

--------------------------------------------------------------------------
	Positive geometry Bodies
Total resolved Bodies 1 BodySets 1
BodySet 0
	Bodies list:
			#0	Name: ;	ID: bc5c7ee1-852a-46ed-84bb-f12effd55370
	Domains list:		 0 

--------------------------------------------------------------------------
	Fluid regions
Total resolved Bodies 1 BodySets 1
BodySet 0	Material: Oxygen; 
	Bodies list:
			#0	Name: ;	ID: bc5c7ee1-852a-46ed-84bb-f12effd55370
	Domains list:		 0 

--------------------------------------------------------------------------
-----------------CModelBodies2MeshMapper::CollectData finished successfully-------------------
Saving initial mesh in: N:\Downloads\GitHub\liquid-propellant-engine\2kN Heat Sink Engine\Revised Stack OD 6in\1\Parametric Study 1\14\14.fld .
Storing results...
Estimated CPT size=1.958 MB.
	Time (write bcf): 0.240 s
OK
-----------------------------------------------------------------------
Memory Working Set Current = 54.96 Mb, Memory Working Set Peak = 54.97 Mb
Process Threads Number: 13
-----------------------------------------------------------------------
Cleaning memory...
		Time (free xsl):                    	0.000 s
Free Geometry DB takes 0.000 s
	Time (free bcf): 	0.003 s
		Time (free bcf mesh):               	0.007 s
	Time (free mesher data):              	0.009 s
Copying... OK
Mesh generation normally finished at	28.4.2021	2:32:50
Mesher CPU = 1 sec
Mesher is finished at	28.4.2021	2:32:50
-----------------------------------------------------------------------
Memory Working Set Current = 33.45 Mb, Memory Working Set Peak = 55.34 Mb
Process Threads Number: 13
-----------------------------------------------------------------------
Algebra Pool      : mem_usage = 0.31 Mb, allocated count = 0
Log ended at 28.04.2021	02:32:50
