Log started at 28.04.2021	05:09:08
Number of used processors (NPROC): 4.
Number of mesh partitions (NPART): 4.
Total Physical Memory = 15.87 Gb, Available Physical Memory = 10.40 Gb
Computer name:	MCAE33
Operating system:	Windows 10 (or higher) (Version 10.0.18363)

SOLIDWORKS 2020 SP4.0
Flow Simulation 2020  x64 / 4995 / MESHER ver. efd_dev.4663_05.07.2019 

Project: N:\Downloads\GitHub\liquid-propellant-engine\2kN Heat Sink Engine\Revised Stack OD 6in\1\Parametric Study 1\7\7.xmlconfig
Configuration name: Default
Project name: Project(1)
NGK: OFF
MBO: OFF

Mesh generation started:	28.4.2021	5:9:8
-----------------------------------------------------------------------
Mesher option run = eRunMesherNormal
-----------------------------------------------------------------------
Current CPU = 0 sec
-----------------------------------------------------------------------
Geometries initialization:
-----------------------------------------------------------------------
Loading mesh settings (global/local)...
-----------------------------------------------------------------------
Number of geometries from DB: 1
Geometry(0):
	Guid = {00000000-0000-0000-0000-000000000000}
	Fluid..
	1 Body.
	1 Real body.
	-- Bodyset 0 --
		Tolerance=1.24686e-05.
		36 Face(s).
			36 of b-spline type.
		0 Face(s) that have no ref faces
		9 Plane surface(s).
		10 Cylinder surface(s).
		1 Cone surface(s).
		1 Sphere surface(s).
		1 Torus surface(s).
		14 B- surface(s).
		15970 Triangle(s).
		Getting triangle connectivities from DB: 0.003 s
		141 Edge(s).
			141 of b-spline type.
		BodyGeom reading: 0.016 s.
		20 Reference Face(s).
		6085 Reference Triangles.
		Getting triangle connectivities from DB (Ref): 0.001 s
		BodyGeom Ref reading: 0.001 s.
		Getting triangle connectivities from DB (Extra Triangulation): 0.002 s
Geometry(1):
	Solid.
	-- Bodyset 1 --
	Empty
-----------------------------------------------------------------------
Number of geometries in task: 2
Number of bodysets   in task: 2
-----------------------------------------------------------------------
	Making hash and connectivity for Bodyset ...
		CBodyGeom:
		Hash size: {24, 26, 24}.
		Mesh size: {8, 26, 8}.
		Hashing triangles...Ok.
			axis(0) tr sizes: average=59 max=977
			axis(1) tr sizes: average=81 max=486
			axis(2) tr sizes: average=59 max=983
		Making triangles connectivity...Ok. (0.001 s).
		The triangle connectivity from DB is incomplete, and #connects added = 1
		Neighbour triangles: 99.99 % (good connect:15968) - 0.01 % (bad connect:2). Min: 1. Max: 3.
		Done.
		Number of t-connected sets:2
			(0) size=12
			(1) size=15958 cavity
		Done.
		CBodyGeomRef:
		Hashing triangles...Ok.
			axis(0) tr sizes: average=198 max=607
			axis(1) tr sizes: average=238 max=395
			axis(2) tr sizes: average=195 max=575
		Done.
	0.020 s.
Geometries reading and preparing has taken 0.043 s.

Mapped triangles:
Hashing geometries triangles
	Triangles num=15970
	Triangles box={-0.00963273  ,0.00964256  ,-0.0705291  ,-0.00673079  ,-0.00963269  ,0.00963271  }
		3d-hash size is 126296 bytes
Hashing peculiar surfaces triangles
	Triangles num=74
	Triangles box={-0.00954074  ,-0.00908856  ,-0.0687369  ,-0.0629282  ,-0.00291042  ,0.00291041  }
		3d-hash size is 7300 bytes
	Triangles num=74
	Triangles box={0.00436861  ,0.00848463  ,-0.0687369  ,-0.0629282  ,-0.00848456  ,-0.00436867  }
		3d-hash size is 7336 bytes
	Triangles num=74
	Triangles box={-0.00848456  ,-0.00436867  ,-0.0687369  ,-0.0629282  ,-0.00848463  ,-0.00436861  }
		3d-hash size is 7336 bytes
	Triangles num=74
	Triangles box={-0.00848463  ,-0.00436861  ,-0.0687369  ,-0.0629282  ,0.00436867  ,0.00848456  }
		3d-hash size is 7336 bytes
	Triangles num=74
	Triangles box={-0.00291042  ,0.00291041  ,-0.0687369  ,-0.0629282  ,0.00908856  ,0.00954074  }
		3d-hash size is 7292 bytes
	Triangles num=74
	Triangles box={0.00908856  ,0.00954074  ,-0.0687369  ,-0.0629282  ,-0.00291041  ,0.00291042  }
		3d-hash size is 7300 bytes
	Triangles num=74
	Triangles box={-0.00291041  ,0.00291042  ,-0.0687369  ,-0.0629282  ,-0.00954074  ,-0.00908856  }
		3d-hash size is 7300 bytes
	Triangles num=17
	Triangles box={-0.00173386  ,0.00176389  ,-0.006858  ,-0.006858  ,-0.00175637  ,0.00175637  }
		3d-hash size is 6812 bytes
Mapped triangles processed in 0.021 s.
-----------------------------------------------------------------------
Getting sectors:
Number of sectors: 0
-----------------------------------------------------------------------
-----------------------------------------------------------------------

Current CPU = 0 sec

-----------------------------------------------------------------------
Mesh dimensions:
				I[0 ]=8
				I[1 ]=26
				I[2 ]=8

Comp. domain size:
				a[0  ]=-0.00961349
				a[1  ]=0.00962333
				a[2  ]=-0.0704654
				a[3  ]=-0.00679446
				a[4  ]=-0.00961346
				a[5  ]=0.00961348

Fluid calculated			1
Solid calculated			0
-----------------------------------------------------------------------
MESH Build started...
-----------------------------------------------------------------------
Mesh LEVEL = 2
-----------------------------------------------------------------------
Setting regions...OK (0.000 s)
Base mesh info------------------
	2D flag  =0
	Period   =[0, 0, 0]
	Nx=8
		x[0]=-0.00961349
		x[1]=-0.00720813
		x[2]=-0.00480353
		x[3]=-0.00239893
		x[4]=5.67298e-06
		x[5]=0.00241028
		x[6]=0.00481488
		x[7]=0.00721948
		x[8]=0.00962333
	Ny=26
		y[0]=-0.0704654
		y[1]=-0.0680158
		y[2]=-0.065567
		y[3]=-0.0631181
		y[4]=-0.0606692
		y[5]=-0.0582203
		y[6]=-0.0557714
		y[7]=-0.0533226
		y[8]=-0.0508737
		y[9]=-0.0484248
		y[10]=-0.0459759
		y[11]=-0.043527
		y[12]=-0.0410781
		y[13]=-0.0386293
		y[14]=-0.0361804
		y[15]=-0.0337315
		y[16]=-0.0312826
		y[17]=-0.0288337
		y[18]=-0.0263848
		y[19]=-0.023936
		y[20]=-0.0214871
		y[21]=-0.0190382
		y[22]=-0.0165893
		y[23]=-0.0141404
		y[24]=-0.0116916
		y[25]=-0.00924267
		y[26]=-0.00679446
	Nz=8
		z[0]=-0.00961346
		z[1]=-0.00720954
		z[2]=-0.00480617
		z[3]=-0.00240281
		z[4]=5.62174e-07
		z[5]=0.00240393
		z[6]=0.0048073
		z[7]=0.00721067
		z[8]=0.00961348
End of base mesh info---------
Input_mesh_settings--------------------------------
Settings 0----------------
	Scope: GLOBAL
	Type:	------MESHER_SETTINGS----------
	RefAllCells           =0
	RefFluidCells         =0
	RefPartCells          =0
	RefSolidCells         =0
	l_SSFR(Capture crit)  =1
	l_curv(Curvature crit)=0
	l_tol(Tolerance crit) =1
	  k_tol               =0.000892528
	UseChannelRef         =1
	  NCR_method          =0
	  l_NCR               =2
	  N_gap               =5
	  Use d_NCR_min       =0
	  Use d_NCR_max       =0
	IgnoreThinChannelsHeight         =0
	--END_OF_MESHER_SETTINGS-------
End of input mesh settings-------------------------

-----------------------------------------------------------------------
Building geometries:
-----------------------------------------------------------------------
Building body-set (0) of geometry Fluid.0.(0). ...

-----------------------------------------------------------------------
Refining by triangulation...
Refinement input: 1664 bricks
Setting regions...OK (0.000 s)
Setting regions...OK (0.000 s)
Refinement result: 2525 bricks (0.032 s)
Refinement input: 2525 bricks
Refinement result: 2525 bricks (0.001 s)
Collecting and processing rays...OK (0.013 s)
Capturing...OK (0.000 s)
Refining by triangulation takes 0.046 s
-----------------------------------------------------------------------

-----------------------------------------------------------------------
Refining peculiar surfaces...
0 surfaces refined
Refining peculiar surfaces takes 0 s
-----------------------------------------------------------------------
Collecting and processing rays...OK (0.000 s)
Capturing...OK (0.000 s)
Collecting and processing rays...OK (0.000 s)
Capturing...OK (0.000 s)
Collecting and processing rays...OK (0.000 s)
Capturing...OK (0.000 s)

-----------------------------------------------------------------------
Base mesh 1 Refining...
Refinement input: 2525 bricks
Refinement result: 2525 bricks (0.000 s)
Collecting and processing rays...OK (0.000 s)
Capturing...OK (0.000 s)
-----------------------------------------------------------------------
Refining channels...
FYI: CNarrowChannelRefiner::RefineChannels_PRLL
Refinement input: 2525 bricks
Setting regions...OK (0.000 s)
Refinement result: 4275 bricks (0.001 s)
Collecting and processing rays...OK (0.006 s)
Capturing...OK (0.001 s)
FYI: m_iteration_count = 0
FYI: level1 statistics:
     level1_cnt_plus[1]=2000;		level1_cnt_minus[1]=0
     level1_cnt_plus[2]=0;		level1_cnt_minus[2]=0
     level1_cnt_plus[3]=0;		level1_cnt_minus[3]=0
     level1_cnt_plus[4]=0;		level1_cnt_minus[4]=0
     level1_cnt_plus[5]=0;		level1_cnt_minus[5]=0
     level1_cnt_plus[6]=0;		level1_cnt_minus[6]=0
     level1_cnt_plus[7]=0;		level1_cnt_minus[7]=0
     level1_cnt_plus[8]=0;		level1_cnt_minus[8]=0
     level1_cnt_plus[9]=0;		level1_cnt_minus[9]=0
Refinement input: 4275 bricks
Setting regions...OK (0.000 s)
Refinement result: 4289 bricks (0.000 s)
Collecting and processing rays...OK (0.001 s)
Capturing...OK (0.000 s)
FYI: m_iteration_count = 1
FYI: level1 statistics:
     level1_cnt_plus[1]=2016;		level1_cnt_minus[1]=0
     level1_cnt_plus[2]=0;		level1_cnt_minus[2]=0
     level1_cnt_plus[3]=0;		level1_cnt_minus[3]=0
     level1_cnt_plus[4]=0;		level1_cnt_minus[4]=0
     level1_cnt_plus[5]=0;		level1_cnt_minus[5]=0
     level1_cnt_plus[6]=0;		level1_cnt_minus[6]=0
     level1_cnt_plus[7]=0;		level1_cnt_minus[7]=0
     level1_cnt_plus[8]=0;		level1_cnt_minus[8]=0
     level1_cnt_plus[9]=0;		level1_cnt_minus[9]=0
FYI: m_iteration_count = 2
FYI: level1 statistics:
     level1_cnt_plus[1]=2016;		level1_cnt_minus[1]=0
     level1_cnt_plus[2]=0;		level1_cnt_minus[2]=0
     level1_cnt_plus[3]=0;		level1_cnt_minus[3]=0
     level1_cnt_plus[4]=0;		level1_cnt_minus[4]=0
     level1_cnt_plus[5]=0;		level1_cnt_minus[5]=0
     level1_cnt_plus[6]=0;		level1_cnt_minus[6]=0
     level1_cnt_plus[7]=0;		level1_cnt_minus[7]=0
     level1_cnt_plus[8]=0;		level1_cnt_minus[8]=0
     level1_cnt_plus[9]=0;		level1_cnt_minus[9]=0
Refinement input: 4289 bricks
Setting regions...OK (0.000 s)
Refinement result: 16126 bricks (0.002 s)
Collecting and processing rays...OK (0.016 s)
Capturing...OK (0.002 s)
FYI: m_iteration_count = 3
FYI: level1 statistics:
     level1_cnt_plus[1]=5860;		level1_cnt_minus[1]=0
     level1_cnt_plus[2]=8608;		level1_cnt_minus[2]=0
     level1_cnt_plus[3]=0;		level1_cnt_minus[3]=0
     level1_cnt_plus[4]=0;		level1_cnt_minus[4]=0
     level1_cnt_plus[5]=0;		level1_cnt_minus[5]=0
     level1_cnt_plus[6]=0;		level1_cnt_minus[6]=0
     level1_cnt_plus[7]=0;		level1_cnt_minus[7]=0
     level1_cnt_plus[8]=0;		level1_cnt_minus[8]=0
     level1_cnt_plus[9]=0;		level1_cnt_minus[9]=0
Refinement input: 16126 bricks
Setting regions...OK (0.000 s)
Refinement result: 16252 bricks (0.001 s)
Collecting and processing rays...OK (0.000 s)
Capturing...OK (0.000 s)
FYI: m_iteration_count = 4
FYI: level1 statistics:
     level1_cnt_plus[1]=5869;		level1_cnt_minus[1]=0
     level1_cnt_plus[2]=8728;		level1_cnt_minus[2]=0
     level1_cnt_plus[3]=0;		level1_cnt_minus[3]=0
     level1_cnt_plus[4]=0;		level1_cnt_minus[4]=0
     level1_cnt_plus[5]=0;		level1_cnt_minus[5]=0
     level1_cnt_plus[6]=0;		level1_cnt_minus[6]=0
     level1_cnt_plus[7]=0;		level1_cnt_minus[7]=0
     level1_cnt_plus[8]=0;		level1_cnt_minus[8]=0
     level1_cnt_plus[9]=0;		level1_cnt_minus[9]=0
Refinement input: 16252 bricks
Setting regions...OK (0.000 s)
Refinement result: 16259 bricks (0.001 s)
Collecting and processing rays...OK (0.000 s)
Capturing...OK (0.000 s)
FYI: m_iteration_count = 5
FYI: level1 statistics:
     level1_cnt_plus[1]=5877;		level1_cnt_minus[1]=0
     level1_cnt_plus[2]=8728;		level1_cnt_minus[2]=0
     level1_cnt_plus[3]=0;		level1_cnt_minus[3]=0
     level1_cnt_plus[4]=0;		level1_cnt_minus[4]=0
     level1_cnt_plus[5]=0;		level1_cnt_minus[5]=0
     level1_cnt_plus[6]=0;		level1_cnt_minus[6]=0
     level1_cnt_plus[7]=0;		level1_cnt_minus[7]=0
     level1_cnt_plus[8]=0;		level1_cnt_minus[8]=0
     level1_cnt_plus[9]=0;		level1_cnt_minus[9]=0
FYI: m_iteration_count = 6
FYI: level1 statistics:
     level1_cnt_plus[1]=5877;		level1_cnt_minus[1]=0
     level1_cnt_plus[2]=8728;		level1_cnt_minus[2]=0
     level1_cnt_plus[3]=0;		level1_cnt_minus[3]=0
     level1_cnt_plus[4]=0;		level1_cnt_minus[4]=0
     level1_cnt_plus[5]=0;		level1_cnt_minus[5]=0
     level1_cnt_plus[6]=0;		level1_cnt_minus[6]=0
     level1_cnt_plus[7]=0;		level1_cnt_minus[7]=0
     level1_cnt_plus[8]=0;		level1_cnt_minus[8]=0
     level1_cnt_plus[9]=0;		level1_cnt_minus[9]=0
FYI: level1 statistics:
     level1_cnt_plus[1]=5877;		level1_cnt_minus[1]=0
     level1_cnt_plus[2]=8728;		level1_cnt_minus[2]=0
     level1_cnt_plus[3]=0;		level1_cnt_minus[3]=0
     level1_cnt_plus[4]=0;		level1_cnt_minus[4]=0
     level1_cnt_plus[5]=0;		level1_cnt_minus[5]=0
     level1_cnt_plus[6]=0;		level1_cnt_minus[6]=0
     level1_cnt_plus[7]=0;		level1_cnt_minus[7]=0
     level1_cnt_plus[8]=0;		level1_cnt_minus[8]=0
     level1_cnt_plus[9]=0;		level1_cnt_minus[9]=0

-----------------------------------------------------------------------
U-shapes refinement...
Refinement input: 16259 bricks
Refinement result: 16259 bricks (0.001 s)
Collecting and processing rays...OK (0.000 s)
Capturing...OK (0.000 s)
-----------------------------------------------------------------------

-----------------------------------------------------------------------
Equi Distant Refiner:
Equi Distant Refiner takes 0.00 s
-----------------------------------------------------------------------
Building geometry takes 0.257 s
Geometry Fluid.0.
Total		16259
Partial	5086
Fluid		3409
Solid		7732
Bad		32

/-Ray Intersection---------------/ Time	0.070 s
Calls			4042
CorrectRay Calls	0



-----------------------------------------------------------------------
Building geometries takes 0.259 s
-----------------------------------------------------------------------

-----------------------------------------------------------------------
PostBuilding geometries:
-----------------------------------------------------------------------
PostBuilding body-set (0) geometry Fluid.0. (0)...
Collecting and processing rays...OK (0.000 s)
Capturing...OK (0.000 s)
PostBuilding geometry takes 0.001 s
Geometry Fluid.0.
Total		16259
Partial	5086
Fluid		3409
Solid		7732
Bad		32

-----------------------------------------------------------------------
PostBuilding geometries takes 0.001 s
-----------------------------------------------------------------------
Defect ray count	0
FYI: CNarrowChannelRefiner::RedistributeLevel1_step_1: is finished
FYI: level1 statistics:
     level1_cnt_plus[1]=2492;		level1_cnt_minus[1]=0
     level1_cnt_plus[2]=12113;		level1_cnt_minus[2]=0
     level1_cnt_plus[3]=0;		level1_cnt_minus[3]=0
     level1_cnt_plus[4]=0;		level1_cnt_minus[4]=0
     level1_cnt_plus[5]=0;		level1_cnt_minus[5]=0
     level1_cnt_plus[6]=0;		level1_cnt_minus[6]=0
     level1_cnt_plus[7]=0;		level1_cnt_minus[7]=0
     level1_cnt_plus[8]=0;		level1_cnt_minus[8]=0
     level1_cnt_plus[9]=0;		level1_cnt_minus[9]=0
FYI: CNarrowChannelRefiner::RedistributeLevel1_step_2: is started
FYI: CNarrowChannelRefiner::RedistributeLevel1_step_2: is finished
FYI: level1 statistics:
     level1_cnt_plus[1]=2674;		level1_cnt_minus[1]=0
     level1_cnt_plus[2]=12323;		level1_cnt_minus[2]=0
     level1_cnt_plus[3]=0;		level1_cnt_minus[3]=0
     level1_cnt_plus[4]=0;		level1_cnt_minus[4]=0
     level1_cnt_plus[5]=0;		level1_cnt_minus[5]=0
     level1_cnt_plus[6]=0;		level1_cnt_minus[6]=0
     level1_cnt_plus[7]=0;		level1_cnt_minus[7]=0
     level1_cnt_plus[8]=0;		level1_cnt_minus[8]=0
     level1_cnt_plus[9]=0;		level1_cnt_minus[9]=0
FYI: CNarrowChannelRefiner::RedistributeLevel1_step_3: is started
FYI: CNarrowChannelRefiner::RedistributeLevel1_step_3: is finished
RedistributeLevel1 takes:
FYI: level1 statistics:
     level1_cnt_plus[1]=2674;		level1_cnt_minus[1]=0
     level1_cnt_plus[2]=12323;		level1_cnt_minus[2]=0
     level1_cnt_plus[3]=0;		level1_cnt_minus[3]=0
     level1_cnt_plus[4]=0;		level1_cnt_minus[4]=0
     level1_cnt_plus[5]=0;		level1_cnt_minus[5]=0
     level1_cnt_plus[6]=0;		level1_cnt_minus[6]=0
     level1_cnt_plus[7]=0;		level1_cnt_minus[7]=0
     level1_cnt_plus[8]=0;		level1_cnt_minus[8]=0
     level1_cnt_plus[9]=0;		level1_cnt_minus[9]=0
-----------------------------------------------------------------------
MSH format builder (Iteration 0)
-----------------------------------------------------------------------
Memory Working Set Current = 43.37 Mb, Memory Working Set Peak = 55.55 Mb
Process Threads Number: 13
-----------------------------------------------------------------------
Loading geometries triangulation & x-stacks...OK
x-stacks size = 0.28 Mb
Total bricks count: 16259
-----------------------------------------------------------------------
MSH (Real Geometry) format constructor:
	Getting brick sets...OK (0.000 s)
	Min x-stack xeps = 1.56291e-05
	D / dh / eps [axis=0] = (0.0192368, 0.000600962, 6.00962e-07)
	D / dh / eps [axis=1] = (0.0636709, 0.000612054, 6.12054e-07)
	D / dh / eps [axis=2] = (0.0192269, 0.000600704, 6.00704e-07)
	Time (xeps): 0.000 s
Level 2
	Set (0)  size: 6260
	Set (0)  time: 0.044 s
	Set (1)  size: 6260
	Set (1)  time: 0.047 s
Level 1
	Set (0)  size: 1297
	Set (0)  time: 0.002 s
	Set (1)  size: 1298
	Set (1)  time: 0.001 s
Level 0
	Set (0)  size: 572
	Set (0)  time: 0.000 s
	Set (1)  size: 572
	Set (1)  time: 0.000 s
Result:
	Bricks number:                        16259

	Memory usage:                         2.758 MB
	Memory usage (per brick):             0.174 KB
	Construction time:                    0.097 s

	Topology features:
	------------------
	- High quality bricks                  99.99 % (16258)
	- Medium quality bricks                 0.01 % (1)
	- Bad quality bricks                    0.00 % (0)
	- Ribs corrected bricks                 0.00 % (0)
	- Points with geom-info (bricks)        0.02 % (3)
	- Points with closest-info (bricks)     0.00 % (0)
	- Triangulated by center (bricks)       0.01 % (1)
	- Facet w-faces mergings (bricks)       0.00 % (0)
	- To refine (bricks)                    0.00 % (0)

-----------------------------------------------------------------------
Memory Working Set Current = 57.05 Mb, Memory Working Set Peak = 57.05 Mb
Process Threads Number: 13
-----------------------------------------------------------------------
-----------------------------------------------------------------------
-----------------------------------------------------------------------
MSH --> BCF format (Iteration 0)...
BCF collector...(remove mode=0)
	Time (alloc counter per brick): 0.000 s
	Brick    count: 16259
	Av.f all count: 8577
	Av.s all count: 12900
	Av.f pid count: 5184
	Av.s pid count: 5202
	Faces fs count: 9514
	Faces ff count: 0
	Faces ss count: 0
	Faces bb count: 0
	Faces fe count: 0
	Faces se count: 1962
	Faces fw count: 11476
	Faces af count: 23468
	Faces as count: 38339
	Time (all count): 	0.003 s
	Time (bcf alloc): 	0.001 s
	Time (shifts alloc): 	0.001 s
	Time (shifts init): 	0.001 s
	Time (bcf fill): 	0.008 s
	Time (add av to faces): 0.000 s
	Time (add faces to av): 0.003 s
Time (bcf collect): 		0.018 s
	AV checker...
	Time (check av): 	0.006 s
	Subdomain checker...
		Subdomains construction time: 0.002 s.
		Subdomains sort time: 0.000 s.
			Subdomain 0 (geom_ind=0): 8577 av
			Subdomain 1 (geom_ind=1): 12900 av
		gi: 0, subdomains: 1, real bodies: 1
		gi: 1, subdomains: 1, real bodies: 0
		Defect subdomains: 0
	Time (check subdoms): 	0.002 s
Time (bcf iteration total): 	0.027 s
	Time (fw-nb): 		0.001 s
	Fixed mutual fw-nb:     4529 (bb: 0)
	Time (fw-nb mutual): 	0.001 s
	Time (fw-nb sort): 	0.000 s
	Fw-opt BEFORE total:    11476 (fs=9514, ff=0, ss=0)
	Fw-opt AFTER  total:    8172 (fs=6210, ff=0, ss=0, failed fw/br=0/0, big_curv=3, big_poly=0)
	Fw-opt RESULT:          3304 (res/(fs+ff+ss) = 34.73 %)
	Time (fw-opt): 		0.002 s
	Time (fw-re-order): 	0.001 s
	Time (fw-nb): 		0.004 s
	Fixed mutual fw-nb:     16487 (bb: 0)
	Time (fw-nb mutual): 	0.001 s
	Time (fw-nb sort): 	0.000 s
	Time (rfd fix): 	0.000 s
	Time (av convexity): 	0.002 s
	Time (av small volume): 0.000 s
	Time (diagonal fw-nb): 	0.009 s
	Fixed mutual fw-nb:     0 (bb: 0)
	Time (fw-nb mutual): 	0.001 s
	Time (fw-nb sort): 	0.000 s
	Fluid subdomains: 1
	Faces fw-nb diff sd:    0
	Time (fw-nb diff sd): 	0.001 s
Time (bcf calc): 		0.025 s
-----------------------------------------------------------------------
Time (bcf total): 		0.052 s
-----------------------------------------------------------------------
-----------------------------------------------------------------------
Mega-cv constructor for fluid...
	 30 av's is treated as thin
Relative size generator (threshold = 0.05)...
	Iteration 1 (small cluster count = 569)
	Iteration 2 (small cluster count = 243)
	Iteration 3 (small cluster count = 53)
	Iteration 4 (small cluster count = 1)
	Iteration 5 (small cluster count = 0)
	 553 mega-cv's generated
	 1 mega-cv's removed
Relative size generator is completed OK (0.001 s)
Apply fa-rules to mega-cv clusters fixes...
OK (0.000 s)
Convert clusters:
	 552 mega-cv's total
Mega-cv count: 552
Time (mega-cv fill): 	0.001 s
Time (mega-cv total): 	0.005 s
-----------------------------------------------------------------------
Mixing plane rotation regions: NO.
Sliding mesh rotation regions: NO.
Fluid/fluid faces: NO.
----------------------------------------------------------
BCF --> BCF.GEOMSUBDOM (bridge arrays):
MESH (0):
	Fluid Subdom Constructor: 1 subdom(s).
	Solid Subdom Constructor: 1 subdom(s).
	Net Asm Subdom Constructor: 0 subdom(s).
	GEOMSUBDOM (0): gi=0 fluid av=8577 cv=8008 fa=23468 fb=0 fw=6210 V=1.886984e-06
	Cache data...OK
	GEOMSUBDOM (1): gi=1 solid av=12900 cv=12900 fa=38339 fb=0 fw=8172 V=2.166268e-05
	Cache data...OK
	Setting nb of w-faces...OK (0.003 s).
	Correcting nb of w-faces...
	Time(correct_fw_nb)=0.002 s

MESH (0) checking:
	GEOMSUBDOM (0):fa_s=0.0076441520624611 fb_s=0.0000000000000000 fw_s=0.0015441168379685 fw_nb=49694
	              :d_const(205)=6.3585e-14 d_linear(1335)=4.62022e-13
	GEOMSUBDOM (1):fa_s=0.0347414011605098 fb_s=0.0000000000000000 fw_s=0.0071818951569274 fw_nb=57788
	              :d_const(1352)=7.01898e-14 d_linear(4451)=3.61076e-12
MESH (0) checking: OK.
Time (MDS): 	0.023 s
----------------------------------------------------------

-----------------------------------------------------------------------
BCF CHECKSUM DATA (Mesh 0):

WARNING! 317 w-face(s) without RefFacesData.
BRICK |Level1| Sum:               27320
FACE_A Area Sum:   G.Fluid        0.0076441520624611
FACE_A Area Sum:   G.Solid        0.0347414011605098
FACE_W Area Sum:                  0.0071818951569274
FACE_W Nb   Sum:                  57788
FACE_W min curvatures sum:        -2325997.55497551
FACE_W max curvatures sum:        6419857.87333679
AV Max Disbalance(Const) :        7.01898e-14 (cid=2957, t={14, 11, 9}, avid=10978, pid=1136)
AV Max Disbalance(Linear):        3.61076e-12 (cid=13997, t={4, 3, 26}, avid=19594, pid=4389)
-----------------------------------------------------------------------


-----------------------------------------------------------------------
MESHER TOPOLOGY DATA:

BRICKS: Total                 16259
BRICKS: 1-CV                  11091
BRICKS: 2-CV                  5118
BRICKS: 3-CV                  50
BRICKS: Bad                   0

AV:     G.Total               21477
AV:     G.Fluid               8577
AV:     G.Solid               12900

AV:     G.Fluid Thin Profile    0.40 % (34)
AV:     G.Solid Thin Profile    0.12 % (16)

AV:     G.Fluid Thin For Mega   0.35 % (30)
AV:     G.Solid Thin For Mega   0.12 % (16)

AV:     G.Fluid Non-Convex     12.23 % (1049)
AV:     G.Solid Non-Convex      9.72 % (1254)

AV:     G.Fluid Non-Ess-Convex      3.98 % (341)
AV:     G.Solid Non-Ess-Convex      3.37 % (435)

FACE_A: G.Fluid          (af) 23468 (partially opened 10399)
FACE_A: G.Solid          (as) 38339 (partially opened 10427)

FACE_B: G.Total          (b)  0

FACE_W: G.Total                 8172        Brick/Bound
FACE_W: G.Fluid/Solid    (fs_g) 6210        0           
FACE_W: G.Fluid/Fluid    (ff_g) 0           0           
FACE_W: G.Solid/Solid    (ss_g) 0           0           
FACE_W: G.Fluid/External (fe_g) 0
FACE_W: G.Solid/External (se_g) 1962

AV/CV max fa count (on brick side):4
AV/CV max fw count:                4
AV/CV max fb count:                0
AV/CV max fw poly count:           14

MEMORY: Total                   7.254 MB
MEMORY: Per Brick               0.457 KB
-----------------------------------------------------------------------

-----------------------------------------------------------------------
Connectivities information:
	Number of conns: 0
-----------------------------------------------------------------------
	Time (gap size): 	0.015 s
-----------------------------------------------------------------------
Calculating curvature and tolerance criteria...
Curvature: min=0 max=3.14159
Tolerance: min=0 max=0.00048529
Calculating curvature and tolerance criteria takes 0.065 s
-----------------------------------------------------------------------
MESH Build(FS) finished. Time=0.631 s
-----------------------------------------------------------------------
Current CPU = 1 sec

Nx=8
Ny=26
Nz=8
Max BRICK Level=2
Mesh Level=2
-----------------CModelBodies2MeshMapper::CollectData started -------------------------------
-----------------CModelBodies2MeshMapper Report -------------------------------
FluidDomains 1 SolidDomains 1 VoidDomains 0 
Domains RefIndexes
Domain 0, Index count 20
Domain 1, Index count 20
----------------- -------------------------------
	ModelBodies
Total resolved Bodies 0 BodySets 0

--------------------------------------------------------------------------
	Positive geometry Bodies
Total resolved Bodies 1 BodySets 1
BodySet 0
	Bodies list:
			#0	Name: ;	ID: c7e61664-ec32-404c-8afd-fb20234d46f6
	Domains list:		 0 

--------------------------------------------------------------------------
	Fluid regions
Total resolved Bodies 1 BodySets 1
BodySet 0	Material: Oxygen; 
	Bodies list:
			#0	Name: ;	ID: c7e61664-ec32-404c-8afd-fb20234d46f6
	Domains list:		 0 

--------------------------------------------------------------------------
-----------------CModelBodies2MeshMapper::CollectData finished successfully-------------------
Saving initial mesh in: N:\Downloads\GitHub\liquid-propellant-engine\2kN Heat Sink Engine\Revised Stack OD 6in\1\Parametric Study 1\7\7.fld .
Storing results...
Estimated CPT size=3.425 MB.
	Time (write bcf): 0.490 s
OK
-----------------------------------------------------------------------
Memory Working Set Current = 72.04 Mb, Memory Working Set Peak = 72.04 Mb
Process Threads Number: 13
-----------------------------------------------------------------------
Cleaning memory...
		Time (free xsl):                    	0.001 s
Free Geometry DB takes 0.000 s
	Time (free bcf): 	0.005 s
		Time (free bcf mesh):               	0.012 s
	Time (free mesher data):              	0.015 s
Copying... OK
Mesh generation normally finished at	28.4.2021	5:9:9
Mesher CPU = 1 sec
Mesher is finished at	28.4.2021	5:9:9
-----------------------------------------------------------------------
Memory Working Set Current = 35.46 Mb, Memory Working Set Peak = 72.42 Mb
Process Threads Number: 13
-----------------------------------------------------------------------
Algebra Pool      : mem_usage = 0.50 Mb, allocated count = 0
Log ended at 28.04.2021	05:09:09
