Log started at 07.04.2021	13:53:38
Number of used processors (NPROC): 8.
Number of mesh partitions (NPART): 8.
Total Physical Memory = 15.96 Gb, Available Physical Memory = 10.16 Gb
Computer name:	MCAE01
Operating system:	Windows 10 (or higher) (Version 10.0.18363)

SOLIDWORKS 2020 SP4.0
Flow Simulation 2020  x64 / 4995 / MESHER ver. efd_dev.4663_05.07.2019 

Project: N:\Downloads\GitHub\liquid-propellant-engine\2kN Heat Sink Engine\Simulation Only\1\Parametric Study 2\3\3.xmlconfig
Configuration name: Default
Project name: Single Fluid (Water Substitute)
NGK: OFF
MBO: OFF

Mesh generation started:	7.4.2021	13:53:38
-----------------------------------------------------------------------
Mesher option run = eRunMesherNormal
-----------------------------------------------------------------------
Current CPU = 0 sec
-----------------------------------------------------------------------
Geometries initialization:
-----------------------------------------------------------------------
Loading mesh settings (global/local)...
-----------------------------------------------------------------------
Number of geometries from DB: 1
Geometry(0):
	Guid = {00000000-0000-0000-0000-000000000000}
	Fluid..
	1 Body.
	2 Real bodies.
	-- Bodyset 0 --
		Tolerance=3.3166e-05.
		103 Face(s).
			103 of b-spline type.
		0 Face(s) that have no ref faces
		13 Plane surface(s).
		33 Cylinder surface(s).
		5 Cone surface(s).
		4 Torus surface(s).
		48 B- surface(s).
		15136 Triangle(s).
		Getting triangle connectivities from DB: 0.001 s
		214 Edge(s).
			214 of b-spline type.
		BodyGeom reading: 0.041 s.
		61 Reference Face(s).
		10344 Reference Triangles.
		Getting triangle connectivities from DB (Ref): 0.001 s
		BodyGeom Ref reading: 0.002 s.
		Getting triangle connectivities from DB (Extra Triangulation): 0.001 s
Geometry(1):
	Solid.
	-- Bodyset 1 --
	Empty
-----------------------------------------------------------------------
Number of geometries in task: 2
Number of bodysets   in task: 2
-----------------------------------------------------------------------
	Making hash and connectivity for Bodyset ...
		CBodyGeom:
		Hash size: {18, 30, 32}.
		Mesh size: {18, 10, 16}.
		Hashing triangles...Ok.
			axis(0) tr sizes: average=38 max=2731
			axis(1) tr sizes: average=50 max=2626
			axis(2) tr sizes: average=58 max=4873
		Number of t-connected sets:3
			(0) size=12
			(1) size=8218 cavity
			(2) size=6906 cavity
		Done.
		CBodyGeomRef:
		Hashing triangles...Ok.
			axis(0) tr sizes: average=246 max=2247
			axis(1) tr sizes: average=195 max=2226
			axis(2) tr sizes: average=240 max=2548
		Done.
	0.0195 s.
Geometries reading and preparing has taken 0.070 s.

Mapped triangles:
Hashing geometries triangles
	Triangles num=15136
	Triangles box={0.0240278  ,0.148393  ,0.143829  ,0.213395  ,0.102304  ,0.216543  }
		3d-hash size is 116852 bytes
Hashing peculiar surfaces triangles
	Triangles num=37
	Triangles box={0.0702151  ,0.0815803  ,0.185147  ,0.196579  ,0.215167  ,0.216361  }
		3d-hash size is 11972 bytes
	Triangles num=37
	Triangles box={0.024018  ,0.0307351  ,0.185147  ,0.196579  ,0.102187  ,0.111432  }
		3d-hash size is 11868 bytes
	Triangles num=37
	Triangles box={0.14367  ,0.148319  ,0.185147  ,0.196579  ,0.114046  ,0.124486  }
		3d-hash size is 11968 bytes
	Triangles num=37
	Triangles box={0.0773704  ,0.0888028  ,0.213256  ,0.213256  ,0.141572  ,0.153  }
		3d-hash size is 11952 bytes
	Triangles num=30
	Triangles box={0.0831231  ,0.0845875  ,0.145588  ,0.147085  ,0.141933  ,0.142147  }
		3d-hash size is 11648 bytes
	Triangles num=30
	Triangles box={0.0784758  ,0.0793933  ,0.145588  ,0.147085  ,0.143416  ,0.144577  }
		3d-hash size is 11676 bytes
	Triangles num=30
	Triangles box={0.0778954  ,0.0784423  ,0.145588  ,0.147085  ,0.148549  ,0.149924  }
		3d-hash size is 11648 bytes
	Triangles num=30
	Triangles box={0.0877369  ,0.0882838  ,0.145588  ,0.147085  ,0.144635  ,0.14601  }
		3d-hash size is 11704 bytes
	Triangles num=30
	Triangles box={0.0857921  ,0.0869533  ,0.145588  ,0.147085  ,0.142666  ,0.143583  }
		3d-hash size is 11684 bytes
	Triangles num=30
	Triangles box={0.0815917  ,0.0830561  ,0.145588  ,0.147085  ,0.152413  ,0.152627  }
		3d-hash size is 11648 bytes
	Triangles num=30
	Triangles box={0.0843588  ,0.085734  ,0.145588  ,0.147085  ,0.151927  ,0.152474  }
		3d-hash size is 11676 bytes
	Triangles num=30
	Triangles box={0.0792259  ,0.0803871  ,0.145588  ,0.147085  ,0.150976  ,0.151894  }
		3d-hash size is 11684 bytes
	Triangles num=30
	Triangles box={0.0867859  ,0.0877034  ,0.145588  ,0.147085  ,0.149982  ,0.151143  }
		3d-hash size is 11648 bytes
	Triangles num=30
	Triangles box={0.0804451  ,0.0818203  ,0.145588  ,0.147085  ,0.142085  ,0.142632  }
		3d-hash size is 11648 bytes
	Triangles num=30
	Triangles box={0.0882225  ,0.0884365  ,0.145588  ,0.147085  ,0.147313  ,0.148778  }
		3d-hash size is 11648 bytes
	Triangles num=30
	Triangles box={0.0777427  ,0.0779566  ,0.145588  ,0.147085  ,0.145782  ,0.147246  }
		3d-hash size is 11648 bytes
	Triangles num=78
	Triangles box={0.0769688  ,0.0892111  ,0.173621  ,0.173621  ,0.141158  ,0.153401  }
		3d-hash size is 11944 bytes
Mapped triangles processed in 0.023 s.
-----------------------------------------------------------------------
Getting sectors:
Number of sectors: 0
-----------------------------------------------------------------------
-----------------------------------------------------------------------

Current CPU = 0 sec

-----------------------------------------------------------------------
Mesh dimensions:
				I[0 ]=18
				I[1 ]=10
				I[2 ]=16

Comp. domain size:
				a[0  ]=0.0241519
				a[1  ]=0.148269
				a[2  ]=0.143899
				a[3  ]=0.213325
				a[4  ]=0.102418
				a[5  ]=0.216429

Fluid calculated			1
Solid calculated			0
-----------------------------------------------------------------------
MESH Build started...
-----------------------------------------------------------------------
Mesh LEVEL = 4
-----------------------------------------------------------------------
Setting regions...OK (0.000 s)
Base mesh info------------------
	2D flag  =0
	Period   =[0, 0, 0]
	Nx=18
		x[0]=0.0241519
		x[1]=0.0310495
		x[2]=0.0379449
		x[3]=0.0448403
		x[4]=0.0517356
		x[5]=0.058631
		x[6]=0.0655264
		x[7]=0.0724218
		x[8]=0.0793172
		x[9]=0.0862126
		x[10]=0.093108
		x[11]=0.100003
		x[12]=0.106899
		x[13]=0.113794
		x[14]=0.12069
		x[15]=0.127585
		x[16]=0.13448
		x[17]=0.141376
		x[18]=0.148269
	Ny=10
		y[0]=0.143899
		y[1]=0.150843
		y[2]=0.157786
		y[3]=0.164728
		y[4]=0.171671
		y[5]=0.178614
		y[6]=0.185556
		y[7]=0.192499
		y[8]=0.199442
		y[9]=0.206385
		y[10]=0.213325
	Nz=16
		z[0]=0.102418
		z[1]=0.109545
		z[2]=0.116671
		z[3]=0.123797
		z[4]=0.130922
		z[5]=0.138048
		z[6]=0.145174
		z[7]=0.152299
		z[8]=0.159425
		z[9]=0.166551
		z[10]=0.173676
		z[11]=0.180802
		z[12]=0.187928
		z[13]=0.195054
		z[14]=0.202179
		z[15]=0.209305
		z[16]=0.216429
End of base mesh info---------
Input_mesh_settings--------------------------------
Settings 0----------------
	Scope: GLOBAL
	Type:	------MESHER_SETTINGS----------
	RefAllCells           =0
	RefFluidCells         =0
	RefPartCells          =0
	RefSolidCells         =0
	l_SSFR(Capture crit)  =4
	l_curv(Curvature crit)=0
	l_tol(Tolerance crit) =4
	  k_tol               =0.000377956
	UseChannelRef         =1
	  NCR_method          =0
	  l_NCR               =2
	  N_gap               =5
	  Use d_NCR_min       =0
	  Use d_NCR_max       =0
	IgnoreThinChannelsHeight         =0
	--END_OF_MESHER_SETTINGS-------
End of input mesh settings-------------------------

-----------------------------------------------------------------------
Building geometries:
-----------------------------------------------------------------------
Building body-set (0) of geometry Fluid.0.(0). ...

-----------------------------------------------------------------------
Refining by triangulation...
Refinement input: 2880 bricks
Setting regions...OK (0.000 s)
Setting regions...OK (0.000 s)
Setting regions...OK (0.000 s)
Setting regions...OK (0.000 s)
Setting regions...OK (0.000 s)
Refinement result: 19771 bricks (0.112 s)
Refinement input: 19771 bricks
Refinement result: 19771 bricks (0.004 s)
Collecting and processing rays...OK (0.128 s)
Capturing...OK (0.003 s)
Refining by triangulation takes 0.248 s
-----------------------------------------------------------------------

-----------------------------------------------------------------------
Refining peculiar surfaces...
Refinement input: 19771 bricks
Setting regions...OK (0.000 s)
Refinement result: 19820 bricks (0.002 s)
Refinement input: 19820 bricks
Setting regions...OK (0.000 s)
Refinement result: 19869 bricks (0.002 s)
Refinement input: 19869 bricks
Setting regions...OK (0.000 s)
Refinement result: 19932 bricks (0.002 s)
Refinement input: 19932 bricks
Setting regions...OK (0.000 s)
Refinement result: 19939 bricks (0.002 s)
Refinement input: 19939 bricks
Setting regions...OK (0.000 s)
Refinement result: 19995 bricks (0.003 s)
Refinement input: 19995 bricks
Setting regions...OK (0.000 s)
Refinement result: 20002 bricks (0.002 s)
Refinement input: 20002 bricks
Setting regions...OK (0.000 s)
Refinement result: 20086 bricks (0.002 s)
Refinement input: 20086 bricks
Setting regions...OK (0.000 s)
Refinement result: 20142 bricks (0.002 s)
Refinement input: 20142 bricks
Setting regions...OK (0.000 s)
Refinement result: 20184 bricks (0.002 s)
7 surfaces refined
Refining peculiar surfaces takes 0.045 s
-----------------------------------------------------------------------
Collecting and processing rays...OK (0.003 s)
Capturing...OK (0.000 s)
Collecting and processing rays...OK (0.000 s)
Capturing...OK (0.000 s)
Collecting and processing rays...OK (0.000 s)
Capturing...OK (0.000 s)

-----------------------------------------------------------------------
Base mesh 1 Refining...
Refinement input: 20184 bricks
Refinement result: 20184 bricks (0.000 s)
Collecting and processing rays...OK (0.000 s)
Capturing...OK (0.000 s)
-----------------------------------------------------------------------
Refining channels...
FYI: CNarrowChannelRefiner::RefineChannels_PRLL
Refinement input: 20184 bricks
Setting regions...OK (0.000 s)
Refinement result: 22697 bricks (0.003 s)
Collecting and processing rays...OK (0.005 s)
Capturing...OK (0.001 s)
FYI: m_iteration_count = 0
FYI: level1 statistics:
     level1_cnt_plus[1]=2872;		level1_cnt_minus[1]=0
     level1_cnt_plus[2]=0;		level1_cnt_minus[2]=0
     level1_cnt_plus[3]=0;		level1_cnt_minus[3]=0
     level1_cnt_plus[4]=0;		level1_cnt_minus[4]=0
     level1_cnt_plus[5]=0;		level1_cnt_minus[5]=0
     level1_cnt_plus[6]=0;		level1_cnt_minus[6]=0
     level1_cnt_plus[7]=0;		level1_cnt_minus[7]=0
     level1_cnt_plus[8]=0;		level1_cnt_minus[8]=0
     level1_cnt_plus[9]=0;		level1_cnt_minus[9]=0
Refinement input: 22697 bricks
Setting regions...OK (0.000 s)
Refinement result: 23530 bricks (0.003 s)
Collecting and processing rays...OK (0.001 s)
Capturing...OK (0.000 s)
FYI: m_iteration_count = 1
FYI: level1 statistics:
     level1_cnt_plus[1]=3824;		level1_cnt_minus[1]=0
     level1_cnt_plus[2]=0;		level1_cnt_minus[2]=0
     level1_cnt_plus[3]=0;		level1_cnt_minus[3]=0
     level1_cnt_plus[4]=0;		level1_cnt_minus[4]=0
     level1_cnt_plus[5]=0;		level1_cnt_minus[5]=0
     level1_cnt_plus[6]=0;		level1_cnt_minus[6]=0
     level1_cnt_plus[7]=0;		level1_cnt_minus[7]=0
     level1_cnt_plus[8]=0;		level1_cnt_minus[8]=0
     level1_cnt_plus[9]=0;		level1_cnt_minus[9]=0
Refinement input: 23530 bricks
Setting regions...OK (0.000 s)
Refinement result: 23831 bricks (0.003 s)
Collecting and processing rays...OK (0.001 s)
Capturing...OK (0.000 s)
FYI: m_iteration_count = 2
FYI: level1 statistics:
     level1_cnt_plus[1]=4168;		level1_cnt_minus[1]=0
     level1_cnt_plus[2]=0;		level1_cnt_minus[2]=0
     level1_cnt_plus[3]=0;		level1_cnt_minus[3]=0
     level1_cnt_plus[4]=0;		level1_cnt_minus[4]=0
     level1_cnt_plus[5]=0;		level1_cnt_minus[5]=0
     level1_cnt_plus[6]=0;		level1_cnt_minus[6]=0
     level1_cnt_plus[7]=0;		level1_cnt_minus[7]=0
     level1_cnt_plus[8]=0;		level1_cnt_minus[8]=0
     level1_cnt_plus[9]=0;		level1_cnt_minus[9]=0
Refinement input: 23831 bricks
Setting regions...OK (0.000 s)
Refinement result: 23887 bricks (0.002 s)
Collecting and processing rays...OK (0.000 s)
Capturing...OK (0.000 s)
FYI: m_iteration_count = 3
FYI: level1 statistics:
     level1_cnt_plus[1]=4232;		level1_cnt_minus[1]=0
     level1_cnt_plus[2]=0;		level1_cnt_minus[2]=0
     level1_cnt_plus[3]=0;		level1_cnt_minus[3]=0
     level1_cnt_plus[4]=0;		level1_cnt_minus[4]=0
     level1_cnt_plus[5]=0;		level1_cnt_minus[5]=0
     level1_cnt_plus[6]=0;		level1_cnt_minus[6]=0
     level1_cnt_plus[7]=0;		level1_cnt_minus[7]=0
     level1_cnt_plus[8]=0;		level1_cnt_minus[8]=0
     level1_cnt_plus[9]=0;		level1_cnt_minus[9]=0
FYI: m_iteration_count = 4
FYI: level1 statistics:
     level1_cnt_plus[1]=4232;		level1_cnt_minus[1]=0
     level1_cnt_plus[2]=0;		level1_cnt_minus[2]=0
     level1_cnt_plus[3]=0;		level1_cnt_minus[3]=0
     level1_cnt_plus[4]=0;		level1_cnt_minus[4]=0
     level1_cnt_plus[5]=0;		level1_cnt_minus[5]=0
     level1_cnt_plus[6]=0;		level1_cnt_minus[6]=0
     level1_cnt_plus[7]=0;		level1_cnt_minus[7]=0
     level1_cnt_plus[8]=0;		level1_cnt_minus[8]=0
     level1_cnt_plus[9]=0;		level1_cnt_minus[9]=0
Refinement input: 23887 bricks
Setting regions...OK (0.000 s)
Refinement result: 26540 bricks (0.003 s)
Collecting and processing rays...OK (0.003 s)
Capturing...OK (0.001 s)
FYI: m_iteration_count = 5
FYI: level1 statistics:
     level1_cnt_plus[1]=7228;		level1_cnt_minus[1]=0
     level1_cnt_plus[2]=32;		level1_cnt_minus[2]=0
     level1_cnt_plus[3]=0;		level1_cnt_minus[3]=0
     level1_cnt_plus[4]=0;		level1_cnt_minus[4]=0
     level1_cnt_plus[5]=0;		level1_cnt_minus[5]=0
     level1_cnt_plus[6]=0;		level1_cnt_minus[6]=0
     level1_cnt_plus[7]=0;		level1_cnt_minus[7]=0
     level1_cnt_plus[8]=0;		level1_cnt_minus[8]=0
     level1_cnt_plus[9]=0;		level1_cnt_minus[9]=0
Refinement input: 26540 bricks
Setting regions...OK (0.000 s)
Refinement result: 26652 bricks (0.003 s)
Collecting and processing rays...OK (0.000 s)
Capturing...OK (0.000 s)
FYI: m_iteration_count = 6
FYI: level1 statistics:
     level1_cnt_plus[1]=7356;		level1_cnt_minus[1]=0
     level1_cnt_plus[2]=32;		level1_cnt_minus[2]=0
     level1_cnt_plus[3]=0;		level1_cnt_minus[3]=0
     level1_cnt_plus[4]=0;		level1_cnt_minus[4]=0
     level1_cnt_plus[5]=0;		level1_cnt_minus[5]=0
     level1_cnt_plus[6]=0;		level1_cnt_minus[6]=0
     level1_cnt_plus[7]=0;		level1_cnt_minus[7]=0
     level1_cnt_plus[8]=0;		level1_cnt_minus[8]=0
     level1_cnt_plus[9]=0;		level1_cnt_minus[9]=0
Refinement input: 26652 bricks
Setting regions...OK (0.000 s)
Refinement result: 26659 bricks (0.002 s)
Collecting and processing rays...OK (0.000 s)
Capturing...OK (0.000 s)
FYI: m_iteration_count = 7
FYI: level1 statistics:
     level1_cnt_plus[1]=7364;		level1_cnt_minus[1]=0
     level1_cnt_plus[2]=32;		level1_cnt_minus[2]=0
     level1_cnt_plus[3]=0;		level1_cnt_minus[3]=0
     level1_cnt_plus[4]=0;		level1_cnt_minus[4]=0
     level1_cnt_plus[5]=0;		level1_cnt_minus[5]=0
     level1_cnt_plus[6]=0;		level1_cnt_minus[6]=0
     level1_cnt_plus[7]=0;		level1_cnt_minus[7]=0
     level1_cnt_plus[8]=0;		level1_cnt_minus[8]=0
     level1_cnt_plus[9]=0;		level1_cnt_minus[9]=0
FYI: m_iteration_count = 8
FYI: level1 statistics:
     level1_cnt_plus[1]=7364;		level1_cnt_minus[1]=0
     level1_cnt_plus[2]=32;		level1_cnt_minus[2]=0
     level1_cnt_plus[3]=0;		level1_cnt_minus[3]=0
     level1_cnt_plus[4]=0;		level1_cnt_minus[4]=0
     level1_cnt_plus[5]=0;		level1_cnt_minus[5]=0
     level1_cnt_plus[6]=0;		level1_cnt_minus[6]=0
     level1_cnt_plus[7]=0;		level1_cnt_minus[7]=0
     level1_cnt_plus[8]=0;		level1_cnt_minus[8]=0
     level1_cnt_plus[9]=0;		level1_cnt_minus[9]=0
FYI: level1 statistics:
     level1_cnt_plus[1]=7364;		level1_cnt_minus[1]=0
     level1_cnt_plus[2]=32;		level1_cnt_minus[2]=0
     level1_cnt_plus[3]=0;		level1_cnt_minus[3]=0
     level1_cnt_plus[4]=0;		level1_cnt_minus[4]=0
     level1_cnt_plus[5]=0;		level1_cnt_minus[5]=0
     level1_cnt_plus[6]=0;		level1_cnt_minus[6]=0
     level1_cnt_plus[7]=0;		level1_cnt_minus[7]=0
     level1_cnt_plus[8]=0;		level1_cnt_minus[8]=0
     level1_cnt_plus[9]=0;		level1_cnt_minus[9]=0

-----------------------------------------------------------------------
U-shapes refinement...
Refinement input: 26659 bricks
Setting regions...OK (0.000 s)
Setting regions...OK (0.000 s)
Refinement result: 26911 bricks (0.011 s)
Collecting and processing rays...OK (0.006 s)
Capturing...OK (0.000 s)
-----------------------------------------------------------------------

-----------------------------------------------------------------------
Equi Distant Refiner:
Equi Distant Refiner takes 0.00 s
-----------------------------------------------------------------------
Building geometry takes 0.824 s
Geometry Fluid.0.
Total		26911
Partial	8600
Fluid		4612
Solid		13659
Bad		40

/-Ray Intersection---------------/ Time	0.495 s
Calls			9844
CorrectRay Calls	0



-----------------------------------------------------------------------
Building geometries takes 0.825 s
-----------------------------------------------------------------------

-----------------------------------------------------------------------
PostBuilding geometries:
-----------------------------------------------------------------------
PostBuilding body-set (0) geometry Fluid.0. (0)...
Collecting and processing rays...OK (0.000 s)
Capturing...OK (0.000 s)
PostBuilding geometry takes 0.001 s
Geometry Fluid.0.
Total		26911
Partial	8600
Fluid		4612
Solid		13659
Bad		40

-----------------------------------------------------------------------
PostBuilding geometries takes 0.001 s
-----------------------------------------------------------------------
Defect ray count	0
FYI: CNarrowChannelRefiner::RedistributeLevel1_step_1: is finished
FYI: level1 statistics:
     level1_cnt_plus[1]=1185;		level1_cnt_minus[1]=0
     level1_cnt_plus[2]=6211;		level1_cnt_minus[2]=0
     level1_cnt_plus[3]=0;		level1_cnt_minus[3]=0
     level1_cnt_plus[4]=0;		level1_cnt_minus[4]=0
     level1_cnt_plus[5]=0;		level1_cnt_minus[5]=0
     level1_cnt_plus[6]=0;		level1_cnt_minus[6]=0
     level1_cnt_plus[7]=0;		level1_cnt_minus[7]=0
     level1_cnt_plus[8]=0;		level1_cnt_minus[8]=0
     level1_cnt_plus[9]=0;		level1_cnt_minus[9]=0
FYI: CNarrowChannelRefiner::RedistributeLevel1_step_2: is started
FYI: CNarrowChannelRefiner::RedistributeLevel1_step_2: is finished
FYI: level1 statistics:
     level1_cnt_plus[1]=1592;		level1_cnt_minus[1]=0
     level1_cnt_plus[2]=11075;		level1_cnt_minus[2]=0
     level1_cnt_plus[3]=0;		level1_cnt_minus[3]=0
     level1_cnt_plus[4]=0;		level1_cnt_minus[4]=0
     level1_cnt_plus[5]=0;		level1_cnt_minus[5]=0
     level1_cnt_plus[6]=0;		level1_cnt_minus[6]=0
     level1_cnt_plus[7]=0;		level1_cnt_minus[7]=0
     level1_cnt_plus[8]=0;		level1_cnt_minus[8]=0
     level1_cnt_plus[9]=0;		level1_cnt_minus[9]=0
FYI: CNarrowChannelRefiner::RedistributeLevel1_step_3: is started
FYI: CNarrowChannelRefiner::RedistributeLevel1_step_3: is finished
RedistributeLevel1 takes:
FYI: level1 statistics:
     level1_cnt_plus[1]=1592;		level1_cnt_minus[1]=1668
     level1_cnt_plus[2]=11075;		level1_cnt_minus[2]=1346
     level1_cnt_plus[3]=0;		level1_cnt_minus[3]=0
     level1_cnt_plus[4]=0;		level1_cnt_minus[4]=0
     level1_cnt_plus[5]=0;		level1_cnt_minus[5]=0
     level1_cnt_plus[6]=0;		level1_cnt_minus[6]=0
     level1_cnt_plus[7]=0;		level1_cnt_minus[7]=0
     level1_cnt_plus[8]=0;		level1_cnt_minus[8]=0
     level1_cnt_plus[9]=0;		level1_cnt_minus[9]=0
-----------------------------------------------------------------------
MSH format builder (Iteration 0)
-----------------------------------------------------------------------
Memory Working Set Current = 57.64 Mb, Memory Working Set Peak = 72.30 Mb
Process Threads Number: 21
-----------------------------------------------------------------------
Loading geometries triangulation & x-stacks...OK
x-stacks size = 0.71 Mb
Total bricks count: 26911
-----------------------------------------------------------------------
MSH (Real Geometry) format constructor:
	Getting brick sets...OK (0.001 s)
	Min x-stack xeps = 7.21761e-06
	D / dh / eps [axis=0] = (0.124117, 0.000430827, 4.30827e-07)
	D / dh / eps [axis=1] = (0.0694268, 0.0004338, 4.338e-07)
	D / dh / eps [axis=2] = (0.114011, 0.000445253, 4.45253e-07)
	Time (xeps): 0.000 s
Level 4
	Set (0)  size: 2028
	Set (0)  time: 0.037 s
	Set (1)  size: 2028
	Set (1)  time: 0.030 s
Level 3
	Set (0)  size: 2796
	Set (0)  time: 0.024 s
	Set (1)  size: 2809
	Set (1)  time: 0.025 s
Level 2
	Set (0)  size: 6231
	Set (0)  time: 0.041 s
	Set (1)  size: 6213
	Set (1)  time: 0.039 s
Level 1
	Set (0)  size: 1221
	Set (0)  time: 0.001 s
	Set (1)  size: 1216
	Set (1)  time: 0.001 s
Level 0
	Set (0)  size: 1186
	Set (0)  time: 0.001 s
	Set (1)  size: 1183
	Set (1)  time: 0.001 s
Result:
	Bricks number:                        26911

	Memory usage:                         5.486 MB
	Memory usage (per brick):             0.209 KB
	Construction time:                    0.202 s

	Topology features:
	------------------
	- High quality bricks                  99.97 % (26903)
	- Medium quality bricks                 0.03 % (8)
	- Bad quality bricks                    0.00 % (0)
	- Ribs corrected bricks                 0.00 % (0)
	- Points with geom-info (bricks)        0.10 % (28)
	- Points with closest-info (bricks)     0.02 % (6)
	- Triangulated by center (bricks)       0.71 % (192)
	- Facet w-faces mergings (bricks)       0.00 % (0)
	- To refine (bricks)                    0.00 % (0)

-----------------------------------------------------------------------
Memory Working Set Current = 90.84 Mb, Memory Working Set Peak = 90.84 Mb
Process Threads Number: 21
-----------------------------------------------------------------------
-----------------------------------------------------------------------
-----------------------------------------------------------------------
MSH --> BCF format (Iteration 0)...
BCF collector...(remove mode=0)
	Time (alloc counter per brick): 0.001 s
	Brick    count: 26911
	Av.f all count: 13735
	Av.s all count: 22801
	Av.f pid count: 9136
	Av.s pid count: 9578
	Faces fs count: 21967
	Faces ff count: 0
	Faces ss count: 0
	Faces bb count: 0
	Faces fe count: 0
	Faces se count: 2588
	Faces fw count: 24555
	Faces af count: 37692
	Faces as count: 71872
	Time (all count): 	0.005 s
	Time (bcf alloc): 	0.001 s
	Time (shifts alloc): 	0.001 s
	Time (shifts init): 	0.001 s
	Time (bcf fill): 	0.012 s
	Time (add av to faces): 0.000 s
	Time (add faces to av): 0.005 s
Time (bcf collect): 		0.028 s
	AV checker...
	Time (check av): 	0.010 s
	Subdomain checker...
		Subdomains construction time: 0.005 s.
		Subdomains sort time: 0.000 s.
			Subdomain 0 (geom_ind=0): 11485 av
			Subdomain 1 (geom_ind=0): 2250 av
			Subdomain 2 (geom_ind=1): 22801 av
		gi: 0, subdomains: 2, real bodies: 2
		gi: 1, subdomains: 1, real bodies: 0
		Defect subdomains: 0
	Time (check subdoms): 	0.006 s
Time (bcf iteration total): 	0.044 s
	Time (fw-nb): 		0.002 s
	Fixed mutual fw-nb:     12838 (bb: 0)
	Time (fw-nb mutual): 	0.002 s
	Time (fw-nb sort): 	0.000 s
	Fw-opt BEFORE total:    24555 (fs=21967, ff=0, ss=0)
	Fw-opt AFTER  total:    14716 (fs=12128, ff=0, ss=0, failed fw/br=3/1, big_curv=44, big_poly=0)
	Fw-opt RESULT:          9839 (res/(fs+ff+ss) = 44.79 %)
	Time (fw-opt): 		0.007 s
	Time (fw-re-order): 	0.002 s
	Time (fw-nb): 		0.009 s
	Fixed mutual fw-nb:     30784 (bb: 0)
	Time (fw-nb mutual): 	0.002 s
	Time (fw-nb sort): 	0.000 s
	Time (rfd fix): 	0.000 s
	Time (av convexity): 	0.005 s
	Time (av small volume): 0.001 s
	Time (diagonal fw-nb): 	0.020 s
	Fixed mutual fw-nb:     0 (bb: 0)
	Time (fw-nb mutual): 	0.001 s
	Time (fw-nb sort): 	0.000 s
	Fluid subdomains: 2
	Faces fw-nb diff sd:    0
	Time (fw-nb diff sd): 	0.003 s
Time (bcf calc): 		0.061 s
-----------------------------------------------------------------------
Time (bcf total): 		0.105 s
-----------------------------------------------------------------------
-----------------------------------------------------------------------
Mega-cv constructor for fluid...
	 482 av's is treated as thin
Relative size generator (threshold = 0.05)...
	Iteration 1 (small cluster count = 997)
	Iteration 2 (small cluster count = 428)
	Iteration 3 (small cluster count = 86)
	Iteration 4 (small cluster count = 21)
	Iteration 5 (small cluster count = 2)
	Iteration 6 (small cluster count = 1)
	Iteration 7 (small cluster count = 0)
	 976 mega-cv's generated
	 32 mega-cv's removed
Relative size generator is completed OK (0.003 s)
Apply fa-rules to mega-cv clusters fixes...
	Fa-rule violation fixes:       13 of       13 (total cluster# =      954)
OK (0.001 s)
Convert clusters:
	 944 mega-cv's total
Mega-cv count: 944
Time (mega-cv fill): 	0.002 s
Time (mega-cv total): 	0.015 s
-----------------------------------------------------------------------
Mixing plane rotation regions: NO.
Sliding mesh rotation regions: NO.
Fluid/fluid faces: NO.
----------------------------------------------------------
BCF --> BCF.GEOMSUBDOM (bridge arrays):
MESH (0):
	Fluid Subdom Constructor: 2 subdom(s).
	Solid Subdom Constructor: 1 subdom(s).
	Net Asm Subdom Constructor: 0 subdom(s).
	GEOMSUBDOM (0): gi=0 fluid av=11485 cv=10659 fa=31550 fb=0 fw=9448 V=3.028396e-05
	Cache data...OK
	GEOMSUBDOM (1): gi=0 fluid av=2250 cv=2021 fa=6142 fb=0 fw=2680 V=2.133739e-06
	Cache data...OK
	GEOMSUBDOM (2): gi=1 solid av=22801 cv=22801 fa=71872 fb=0 fw=14716 V=9.500224e-04
	Cache data...OK
	Setting nb of w-faces...OK (0.006 s).
	Correcting nb of w-faces...
	Time(correct_fw_nb)=0.005 s

MESH (0) checking:
	GEOMSUBDOM (0):fa_s=0.0535930611185286 fb_s=0.0000000000000000 fw_s=0.0103495430526921 fw_nb=73988
	              :d_const(346)=1.90931e-10 d_linear(483)=9.1711e-10
	GEOMSUBDOM (1):fa_s=0.0043127423861100 fb_s=0.0000000000000000 fw_s=0.0015893000301641 fw_nb=21768
	              :d_const(352)=1.02469e-13 d_linear(1997)=1.62068e-12
	GEOMSUBDOM (2):fa_s=0.4767323430227717 fb_s=0.0000000000000000 fw_s=0.0733052676124706 fw_nb=106696
	              :d_const(22269)=1.09009e-10 d_linear(22273)=5.32568e-10
MESH (0) checking: OK.
Time (MDS): 	0.065 s
----------------------------------------------------------

-----------------------------------------------------------------------
BCF CHECKSUM DATA (Mesh 0):

WARNING! 277 w-face(s) without RefFacesData.
BRICK |Level1| Sum:               28102
FACE_A Area Sum:   G.Fluid        0.0579058035046385
FACE_A Area Sum:   G.Solid        0.4767323430227720
FACE_W Area Sum:                  0.0733052676124706
FACE_W Nb   Sum:                  106696
FACE_W min curvatures sum:        -3487270.13694763
FACE_W max curvatures sum:        5793304.39438689
AV Max Disbalance(Const) :        1.90931e-10 (cid=1057, t={0, 104, 18}, avid=386, pid=309)
AV Max Disbalance(Linear):        9.1711e-10 (cid=1456, t={0, 114, 16}, avid=650, pid=491)
-----------------------------------------------------------------------


-----------------------------------------------------------------------
MESHER TOPOLOGY DATA:

BRICKS: Total                 26911
BRICKS: 1-CV                  17822
BRICKS: 2-CV                  8554
BRICKS: 3-CV                  534
BRICKS: 4-CV                  1
BRICKS: Bad                   0

AV:     G.Total               36536
AV:     G.Fluid               13735
AV:     G.Solid               22801

AV:     G.Fluid Thin Profile    3.56 % (489)
AV:     G.Solid Thin Profile    0.20 % (46)

AV:     G.Fluid Thin For Mega   3.51 % (482)
AV:     G.Solid Thin For Mega   0.18 % (42)

AV:     G.Fluid Non-Convex     20.02 % (2750)
AV:     G.Solid Non-Convex     17.57 % (4006)

AV:     G.Fluid Non-Ess-Convex      5.23 % (718)
AV:     G.Solid Non-Ess-Convex      6.53 % (1489)

FACE_A: G.Fluid          (af) 37692 (partially opened 19463)
FACE_A: G.Solid          (as) 71872 (partially opened 20352)

FACE_B: G.Total          (b)  0

FACE_W: G.Total                 14716       Brick/Bound
FACE_W: G.Fluid/Solid    (fs_g) 12128       0           
FACE_W: G.Fluid/Fluid    (ff_g) 0           0           
FACE_W: G.Solid/Solid    (ss_g) 0           0           
FACE_W: G.Fluid/External (fe_g) 0
FACE_W: G.Solid/External (se_g) 2588

AV/CV max fa count (on brick side):10
AV/CV max fw count:                10
AV/CV max fb count:                0
AV/CV max fw poly count:           43

MEMORY: Total                   12.649 MB
MEMORY: Per Brick               0.481 KB
-----------------------------------------------------------------------

-----------------------------------------------------------------------
Connectivities information:
	Number of conns: 0
-----------------------------------------------------------------------
	Time (gap size): 	0.031 s
-----------------------------------------------------------------------
Calculating curvature and tolerance criteria...
Curvature: min=0 max=3.14056
Tolerance: min=0 max=0.000439153
Calculating curvature and tolerance criteria takes 0.155 s
-----------------------------------------------------------------------
MESH Build(FS) finished. Time=1.700 s
-----------------------------------------------------------------------
Current CPU = 1 sec

Nx=18
Ny=10
Nz=16
Max BRICK Level=4
Mesh Level=4
-----------------CModelBodies2MeshMapper::CollectData started -------------------------------
-----------------CModelBodies2MeshMapper Report -------------------------------
FluidDomains 2 SolidDomains 1 VoidDomains 0 
Domains RefIndexes
Domain 0, Index count 19
Domain 1, Index count 42
Domain 2, Index count 61
----------------- -------------------------------
	ModelBodies
Total resolved Bodies 0 BodySets 0

--------------------------------------------------------------------------
	Positive geometry Bodies
Total resolved Bodies 2 BodySets 2
BodySet 0
	Bodies list:
			#0	Name: ;	ID: e70c6ecc-493d-4d61-89e4-56f553c5d788
	Domains list:		 1 
BodySet 1
	Bodies list:
			#0	Name: ;	ID: 1fbfdb84-7652-4d67-83c6-3f2d1cf6fe17
	Domains list:		 0 

--------------------------------------------------------------------------
	Fluid regions
Total resolved Bodies 2 BodySets 1
BodySet 0	Material: Water; 
	Bodies list:
			#0	Name: ;	ID: e70c6ecc-493d-4d61-89e4-56f553c5d788
			#1	Name: ;	ID: 1fbfdb84-7652-4d67-83c6-3f2d1cf6fe17
	Domains list:		 0 		 1 

--------------------------------------------------------------------------
-----------------CModelBodies2MeshMapper::CollectData finished successfully-------------------
Saving initial mesh in: N:\Downloads\GitHub\liquid-propellant-engine\2kN Heat Sink Engine\Simulation Only\1\Parametric Study 2\3\3.fld .
Storing results...
Estimated CPT size=6.191 MB.
	Time (write bcf): 1.174 s
OK
-----------------------------------------------------------------------
Memory Working Set Current = 111.97 Mb, Memory Working Set Peak = 111.97 Mb
Process Threads Number: 21
-----------------------------------------------------------------------
Cleaning memory...
		Time (free xsl):                    	0.003 s
Free Geometry DB takes 0.000 s
	Time (free bcf): 	0.014 s
		Time (free bcf mesh):               	0.031 s
	Time (free mesher data):              	0.037 s
Copying... OK
Mesh generation normally finished at	7.4.2021	13:53:41
Mesher CPU = 3 sec
Mesher is finished at	7.4.2021	13:53:41
-----------------------------------------------------------------------
Memory Working Set Current = 51.04 Mb, Memory Working Set Peak = 112.35 Mb
Process Threads Number: 21
-----------------------------------------------------------------------
Algebra Pool      : mem_usage = 0.94 Mb, allocated count = 0
Log ended at 07.04.2021	13:53:41
