Log started at 07.04.2021	13:51:11
Number of used processors (NPROC): 8.
Number of mesh partitions (NPART): 8.
Total Physical Memory = 15.96 Gb, Available Physical Memory = 10.12 Gb
Computer name:	MCAE01
Operating system:	Windows 10 (or higher) (Version 10.0.18363)

SOLIDWORKS 2020 SP4.0
Flow Simulation 2020  x64 / 4995 / MESHER ver. efd_dev.4663_05.07.2019 

Project: N:\Downloads\GitHub\liquid-propellant-engine\2kN Heat Sink Engine\Simulation Only\1\Parametric Study 2\2\2.xmlconfig
Configuration name: Default
Project name: Single Fluid (Water Substitute)
NGK: OFF
MBO: OFF

Mesh generation started:	7.4.2021	13:51:11
-----------------------------------------------------------------------
Mesher option run = eRunMesherNormal
-----------------------------------------------------------------------
Current CPU = 0 sec
-----------------------------------------------------------------------
Geometries initialization:
-----------------------------------------------------------------------
Loading mesh settings (global/local)...
-----------------------------------------------------------------------
Number of geometries from DB: 1
Geometry(0):
	Guid = {00000000-0000-0000-0000-000000000000}
	Fluid..
	1 Body.
	2 Real bodies.
	-- Bodyset 0 --
		Tolerance=3.3166e-05.
		103 Face(s).
			103 of b-spline type.
		0 Face(s) that have no ref faces
		13 Plane surface(s).
		33 Cylinder surface(s).
		5 Cone surface(s).
		4 Torus surface(s).
		48 B- surface(s).
		15238 Triangle(s).
		Getting triangle connectivities from DB: 0.002 s
		214 Edge(s).
			214 of b-spline type.
		BodyGeom reading: 0.022 s.
		61 Reference Face(s).
		10446 Reference Triangles.
		Getting triangle connectivities from DB (Ref): 0.001 s
		BodyGeom Ref reading: 0.002 s.
		Getting triangle connectivities from DB (Extra Triangulation): 0.002 s
Geometry(1):
	Solid.
	-- Bodyset 1 --
	Empty
-----------------------------------------------------------------------
Number of geometries in task: 2
Number of bodysets   in task: 2
-----------------------------------------------------------------------
	Making hash and connectivity for Bodyset ...
		CBodyGeom:
		Hash size: {18, 30, 32}.
		Mesh size: {18, 10, 16}.
		Hashing triangles...Ok.
			axis(0) tr sizes: average=39 max=2803
			axis(1) tr sizes: average=49 max=2527
			axis(2) tr sizes: average=60 max=4867
		Number of t-connected sets:3
			(0) size=12
			(1) size=8218 cavity
			(2) size=7008 cavity
		Done.
		CBodyGeomRef:
		Hashing triangles...Ok.
			axis(0) tr sizes: average=293 max=2197
			axis(1) tr sizes: average=199 max=2143
			axis(2) tr sizes: average=295 max=2547
		Done.
	0.019 s.
Geometries reading and preparing has taken 0.052 s.

Mapped triangles:
Hashing geometries triangles
	Triangles num=15238
	Triangles box={0.0242728  ,0.148223  ,0.138978  ,0.213404  ,0.102641  ,0.216499  }
		3d-hash size is 116008 bytes
Hashing peculiar surfaces triangles
	Triangles num=37
	Triangles box={0.0702151  ,0.0815803  ,0.185147  ,0.196579  ,0.215167  ,0.216361  }
		3d-hash size is 11924 bytes
	Triangles num=37
	Triangles box={0.024018  ,0.0307351  ,0.185147  ,0.196579  ,0.102187  ,0.111432  }
		3d-hash size is 11808 bytes
	Triangles num=37
	Triangles box={0.14367  ,0.148319  ,0.185147  ,0.196579  ,0.114046  ,0.124486  }
		3d-hash size is 11828 bytes
	Triangles num=37
	Triangles box={0.0773704  ,0.0888028  ,0.213256  ,0.213256  ,0.141572  ,0.153  }
		3d-hash size is 11928 bytes
	Triangles num=30
	Triangles box={0.0831231  ,0.0845875  ,0.140747  ,0.142244  ,0.141933  ,0.142147  }
		3d-hash size is 11648 bytes
	Triangles num=30
	Triangles box={0.0784758  ,0.0793933  ,0.140747  ,0.142244  ,0.143416  ,0.144577  }
		3d-hash size is 11668 bytes
	Triangles num=30
	Triangles box={0.0778954  ,0.0784423  ,0.140747  ,0.142244  ,0.148549  ,0.149924  }
		3d-hash size is 11648 bytes
	Triangles num=30
	Triangles box={0.0877369  ,0.0882838  ,0.140747  ,0.142244  ,0.144635  ,0.14601  }
		3d-hash size is 11676 bytes
	Triangles num=30
	Triangles box={0.0857921  ,0.0869533  ,0.140747  ,0.142244  ,0.142666  ,0.143583  }
		3d-hash size is 11692 bytes
	Triangles num=30
	Triangles box={0.0815917  ,0.0830561  ,0.140747  ,0.142244  ,0.152413  ,0.152627  }
		3d-hash size is 11680 bytes
	Triangles num=30
	Triangles box={0.0843588  ,0.085734  ,0.140747  ,0.142244  ,0.151927  ,0.152474  }
		3d-hash size is 11668 bytes
	Triangles num=30
	Triangles box={0.0792259  ,0.0803871  ,0.140747  ,0.142244  ,0.150976  ,0.151894  }
		3d-hash size is 11688 bytes
	Triangles num=30
	Triangles box={0.0867859  ,0.0877034  ,0.140747  ,0.142244  ,0.149982  ,0.151143  }
		3d-hash size is 11648 bytes
	Triangles num=30
	Triangles box={0.0804451  ,0.0818203  ,0.140747  ,0.142244  ,0.142085  ,0.142632  }
		3d-hash size is 11648 bytes
	Triangles num=30
	Triangles box={0.0882225  ,0.0884365  ,0.140747  ,0.142244  ,0.147313  ,0.148778  }
		3d-hash size is 11648 bytes
	Triangles num=30
	Triangles box={0.0777427  ,0.0779566  ,0.140747  ,0.142244  ,0.145782  ,0.147246  }
		3d-hash size is 11648 bytes
	Triangles num=78
	Triangles box={0.0769688  ,0.0892111  ,0.173621  ,0.173621  ,0.141158  ,0.153401  }
		3d-hash size is 11956 bytes
Mapped triangles processed in 0.021 s.
-----------------------------------------------------------------------
Getting sectors:
Number of sectors: 0
-----------------------------------------------------------------------
-----------------------------------------------------------------------

Current CPU = 0 sec

-----------------------------------------------------------------------
Mesh dimensions:
				I[0 ]=18
				I[1 ]=10
				I[2 ]=16

Comp. domain size:
				a[0  ]=0.0243965
				a[1  ]=0.1481
				a[2  ]=0.139053
				a[3  ]=0.21333
				a[4  ]=0.102754
				a[5  ]=0.216385

Fluid calculated			1
Solid calculated			0
-----------------------------------------------------------------------
MESH Build started...
-----------------------------------------------------------------------
Mesh LEVEL = 4
-----------------------------------------------------------------------
Setting regions...OK (0.000 s)
Base mesh info------------------
	2D flag  =0
	Period   =[0, 0, 0]
	Nx=18
		x[0]=0.0243965
		x[1]=0.031271
		x[2]=0.0381434
		x[3]=0.0450158
		x[4]=0.0518882
		x[5]=0.0587606
		x[6]=0.065633
		x[7]=0.0725054
		x[8]=0.0793778
		x[9]=0.0862502
		x[10]=0.0931226
		x[11]=0.099995
		x[12]=0.106867
		x[13]=0.11374
		x[14]=0.120612
		x[15]=0.127485
		x[16]=0.134357
		x[17]=0.141229
		x[18]=0.1481
	Ny=10
		y[0]=0.139053
		y[1]=0.146483
		y[2]=0.15391
		y[3]=0.161338
		y[4]=0.168766
		y[5]=0.176193
		y[6]=0.183621
		y[7]=0.191049
		y[8]=0.198477
		y[9]=0.205904
		y[10]=0.21333
	Nz=16
		z[0]=0.102754
		z[1]=0.109858
		z[2]=0.11696
		z[3]=0.124062
		z[4]=0.131164
		z[5]=0.138266
		z[6]=0.145368
		z[7]=0.152469
		z[8]=0.159571
		z[9]=0.166673
		z[10]=0.173775
		z[11]=0.180877
		z[12]=0.187979
		z[13]=0.195081
		z[14]=0.202183
		z[15]=0.209285
		z[16]=0.216385
End of base mesh info---------
Input_mesh_settings--------------------------------
Settings 0----------------
	Scope: GLOBAL
	Type:	------MESHER_SETTINGS----------
	RefAllCells           =0
	RefFluidCells         =0
	RefPartCells          =0
	RefSolidCells         =0
	l_SSFR(Capture crit)  =4
	l_curv(Curvature crit)=0
	l_tol(Tolerance crit) =4
	  k_tol               =0.000377956
	UseChannelRef         =1
	  NCR_method          =0
	  l_NCR               =2
	  N_gap               =5
	  Use d_NCR_min       =0
	  Use d_NCR_max       =0
	IgnoreThinChannelsHeight         =0
	--END_OF_MESHER_SETTINGS-------
End of input mesh settings-------------------------

-----------------------------------------------------------------------
Building geometries:
-----------------------------------------------------------------------
Building body-set (0) of geometry Fluid.0.(0). ...

-----------------------------------------------------------------------
Refining by triangulation...
Refinement input: 2880 bricks
Setting regions...OK (0.000 s)
Setting regions...OK (0.000 s)
Setting regions...OK (0.000 s)
Setting regions...OK (0.000 s)
Setting regions...OK (0.000 s)
Refinement result: 20653 bricks (0.138 s)
Refinement input: 20653 bricks
Setting regions...OK (0.000 s)
Refinement result: 20674 bricks (0.007 s)
Collecting and processing rays...OK (0.102 s)
Capturing...OK (0.004 s)
Refining by triangulation takes 0.251 s
-----------------------------------------------------------------------

-----------------------------------------------------------------------
Refining peculiar surfaces...
Refinement input: 20674 bricks
Setting regions...OK (0.000 s)
Refinement result: 20702 bricks (0.002 s)
Refinement input: 20702 bricks
Setting regions...OK (0.000 s)
Refinement result: 20814 bricks (0.004 s)
Refinement input: 20814 bricks
Setting regions...OK (0.000 s)
Refinement result: 20863 bricks (0.002 s)
Refinement input: 20863 bricks
Setting regions...OK (0.000 s)
Refinement result: 20919 bricks (0.003 s)
Refinement input: 20919 bricks
Setting regions...OK (0.000 s)
Refinement result: 20982 bricks (0.002 s)
Refinement input: 20982 bricks
Setting regions...OK (0.000 s)
Refinement result: 21045 bricks (0.002 s)
Refinement input: 21045 bricks
Setting regions...OK (0.000 s)
Refinement result: 21661 bricks (0.004 s)
7 surfaces refined
Refining peculiar surfaces takes 0.045 s
-----------------------------------------------------------------------
Collecting and processing rays...OK (0.011 s)
Capturing...OK (0.000 s)
Collecting and processing rays...OK (0.000 s)
Capturing...OK (0.000 s)
Collecting and processing rays...OK (0.000 s)
Capturing...OK (0.000 s)

-----------------------------------------------------------------------
Base mesh 1 Refining...
Refinement input: 21661 bricks
Refinement result: 21661 bricks (0.000 s)
Collecting and processing rays...OK (0.000 s)
Capturing...OK (0.000 s)
-----------------------------------------------------------------------
Refining channels...
FYI: CNarrowChannelRefiner::RefineChannels_PRLL
Refinement input: 21661 bricks
Setting regions...OK (0.000 s)
Refinement result: 24230 bricks (0.003 s)
Collecting and processing rays...OK (0.003 s)
Capturing...OK (0.001 s)
FYI: m_iteration_count = 0
FYI: level1 statistics:
     level1_cnt_plus[1]=10362;		level1_cnt_minus[1]=0
     level1_cnt_plus[2]=2488;		level1_cnt_minus[2]=0
     level1_cnt_plus[3]=0;		level1_cnt_minus[3]=0
     level1_cnt_plus[4]=0;		level1_cnt_minus[4]=0
     level1_cnt_plus[5]=0;		level1_cnt_minus[5]=0
     level1_cnt_plus[6]=0;		level1_cnt_minus[6]=0
     level1_cnt_plus[7]=0;		level1_cnt_minus[7]=0
     level1_cnt_plus[8]=0;		level1_cnt_minus[8]=0
     level1_cnt_plus[9]=0;		level1_cnt_minus[9]=0
Refinement input: 24230 bricks
Setting regions...OK (0.000 s)
Refinement result: 24622 bricks (0.002 s)
Collecting and processing rays...OK (0.001 s)
Capturing...OK (0.000 s)
FYI: m_iteration_count = 1
FYI: level1 statistics:
     level1_cnt_plus[1]=10306;		level1_cnt_minus[1]=0
     level1_cnt_plus[2]=2936;		level1_cnt_minus[2]=0
     level1_cnt_plus[3]=0;		level1_cnt_minus[3]=0
     level1_cnt_plus[4]=0;		level1_cnt_minus[4]=0
     level1_cnt_plus[5]=0;		level1_cnt_minus[5]=0
     level1_cnt_plus[6]=0;		level1_cnt_minus[6]=0
     level1_cnt_plus[7]=0;		level1_cnt_minus[7]=0
     level1_cnt_plus[8]=0;		level1_cnt_minus[8]=0
     level1_cnt_plus[9]=0;		level1_cnt_minus[9]=0
Refinement input: 24622 bricks
Setting regions...OK (0.000 s)
Refinement result: 24741 bricks (0.002 s)
Collecting and processing rays...OK (0.000 s)
Capturing...OK (0.000 s)
FYI: m_iteration_count = 2
FYI: level1 statistics:
     level1_cnt_plus[1]=10289;		level1_cnt_minus[1]=0
     level1_cnt_plus[2]=3072;		level1_cnt_minus[2]=0
     level1_cnt_plus[3]=0;		level1_cnt_minus[3]=0
     level1_cnt_plus[4]=0;		level1_cnt_minus[4]=0
     level1_cnt_plus[5]=0;		level1_cnt_minus[5]=0
     level1_cnt_plus[6]=0;		level1_cnt_minus[6]=0
     level1_cnt_plus[7]=0;		level1_cnt_minus[7]=0
     level1_cnt_plus[8]=0;		level1_cnt_minus[8]=0
     level1_cnt_plus[9]=0;		level1_cnt_minus[9]=0
Refinement input: 24741 bricks
Setting regions...OK (0.000 s)
Refinement result: 24769 bricks (0.003 s)
Collecting and processing rays...OK (0.000 s)
Capturing...OK (0.000 s)
FYI: m_iteration_count = 3
FYI: level1 statistics:
     level1_cnt_plus[1]=10285;		level1_cnt_minus[1]=0
     level1_cnt_plus[2]=3104;		level1_cnt_minus[2]=0
     level1_cnt_plus[3]=0;		level1_cnt_minus[3]=0
     level1_cnt_plus[4]=0;		level1_cnt_minus[4]=0
     level1_cnt_plus[5]=0;		level1_cnt_minus[5]=0
     level1_cnt_plus[6]=0;		level1_cnt_minus[6]=0
     level1_cnt_plus[7]=0;		level1_cnt_minus[7]=0
     level1_cnt_plus[8]=0;		level1_cnt_minus[8]=0
     level1_cnt_plus[9]=0;		level1_cnt_minus[9]=0
FYI: m_iteration_count = 4
FYI: level1 statistics:
     level1_cnt_plus[1]=10285;		level1_cnt_minus[1]=0
     level1_cnt_plus[2]=3104;		level1_cnt_minus[2]=0
     level1_cnt_plus[3]=0;		level1_cnt_minus[3]=0
     level1_cnt_plus[4]=0;		level1_cnt_minus[4]=0
     level1_cnt_plus[5]=0;		level1_cnt_minus[5]=0
     level1_cnt_plus[6]=0;		level1_cnt_minus[6]=0
     level1_cnt_plus[7]=0;		level1_cnt_minus[7]=0
     level1_cnt_plus[8]=0;		level1_cnt_minus[8]=0
     level1_cnt_plus[9]=0;		level1_cnt_minus[9]=0
Refinement input: 24769 bricks
Setting regions...OK (0.000 s)
Refinement result: 26967 bricks (0.004 s)
Collecting and processing rays...OK (0.003 s)
Capturing...OK (0.001 s)
FYI: m_iteration_count = 5
FYI: level1 statistics:
     level1_cnt_plus[1]=10079;		level1_cnt_minus[1]=0
     level1_cnt_plus[2]=5520;		level1_cnt_minus[2]=0
     level1_cnt_plus[3]=0;		level1_cnt_minus[3]=0
     level1_cnt_plus[4]=0;		level1_cnt_minus[4]=0
     level1_cnt_plus[5]=0;		level1_cnt_minus[5]=0
     level1_cnt_plus[6]=0;		level1_cnt_minus[6]=0
     level1_cnt_plus[7]=0;		level1_cnt_minus[7]=0
     level1_cnt_plus[8]=0;		level1_cnt_minus[8]=0
     level1_cnt_plus[9]=0;		level1_cnt_minus[9]=0
Refinement input: 26967 bricks
Setting regions...OK (0.000 s)
Refinement result: 27002 bricks (0.003 s)
Collecting and processing rays...OK (0.000 s)
Capturing...OK (0.000 s)
FYI: m_iteration_count = 6
FYI: level1 statistics:
     level1_cnt_plus[1]=10074;		level1_cnt_minus[1]=0
     level1_cnt_plus[2]=5560;		level1_cnt_minus[2]=0
     level1_cnt_plus[3]=0;		level1_cnt_minus[3]=0
     level1_cnt_plus[4]=0;		level1_cnt_minus[4]=0
     level1_cnt_plus[5]=0;		level1_cnt_minus[5]=0
     level1_cnt_plus[6]=0;		level1_cnt_minus[6]=0
     level1_cnt_plus[7]=0;		level1_cnt_minus[7]=0
     level1_cnt_plus[8]=0;		level1_cnt_minus[8]=0
     level1_cnt_plus[9]=0;		level1_cnt_minus[9]=0
FYI: m_iteration_count = 7
FYI: level1 statistics:
     level1_cnt_plus[1]=10074;		level1_cnt_minus[1]=0
     level1_cnt_plus[2]=5560;		level1_cnt_minus[2]=0
     level1_cnt_plus[3]=0;		level1_cnt_minus[3]=0
     level1_cnt_plus[4]=0;		level1_cnt_minus[4]=0
     level1_cnt_plus[5]=0;		level1_cnt_minus[5]=0
     level1_cnt_plus[6]=0;		level1_cnt_minus[6]=0
     level1_cnt_plus[7]=0;		level1_cnt_minus[7]=0
     level1_cnt_plus[8]=0;		level1_cnt_minus[8]=0
     level1_cnt_plus[9]=0;		level1_cnt_minus[9]=0
FYI: level1 statistics:
     level1_cnt_plus[1]=10074;		level1_cnt_minus[1]=0
     level1_cnt_plus[2]=5560;		level1_cnt_minus[2]=0
     level1_cnt_plus[3]=0;		level1_cnt_minus[3]=0
     level1_cnt_plus[4]=0;		level1_cnt_minus[4]=0
     level1_cnt_plus[5]=0;		level1_cnt_minus[5]=0
     level1_cnt_plus[6]=0;		level1_cnt_minus[6]=0
     level1_cnt_plus[7]=0;		level1_cnt_minus[7]=0
     level1_cnt_plus[8]=0;		level1_cnt_minus[8]=0
     level1_cnt_plus[9]=0;		level1_cnt_minus[9]=0

-----------------------------------------------------------------------
U-shapes refinement...
Refinement input: 27002 bricks
Setting regions...OK (0.000 s)
Setting regions...OK (0.000 s)
Refinement result: 27254 bricks (0.011 s)
Collecting and processing rays...OK (0.005 s)
Capturing...OK (0.000 s)
-----------------------------------------------------------------------

-----------------------------------------------------------------------
Equi Distant Refiner:
Equi Distant Refiner takes 0.00 s
-----------------------------------------------------------------------
Building geometry takes 0.822 s
Geometry Fluid.0.
Total		27254
Partial	9196
Fluid		4276
Solid		13735
Bad		47

/-Ray Intersection---------------/ Time	0.517 s
Calls			10108
CorrectRay Calls	0



-----------------------------------------------------------------------
Building geometries takes 0.824 s
-----------------------------------------------------------------------

-----------------------------------------------------------------------
PostBuilding geometries:
-----------------------------------------------------------------------
PostBuilding body-set (0) geometry Fluid.0. (0)...
Collecting and processing rays...OK (0.000 s)
Capturing...OK (0.000 s)
PostBuilding geometry takes 0.001 s
Geometry Fluid.0.
Total		27254
Partial	9196
Fluid		4276
Solid		13735
Bad		47

-----------------------------------------------------------------------
PostBuilding geometries takes 0.002 s
-----------------------------------------------------------------------
Defect ray count	0
FYI: CNarrowChannelRefiner::RedistributeLevel1_step_1: is finished
FYI: level1 statistics:
     level1_cnt_plus[1]=569;		level1_cnt_minus[1]=0
     level1_cnt_plus[2]=15038;		level1_cnt_minus[2]=0
     level1_cnt_plus[3]=0;		level1_cnt_minus[3]=0
     level1_cnt_plus[4]=0;		level1_cnt_minus[4]=0
     level1_cnt_plus[5]=0;		level1_cnt_minus[5]=0
     level1_cnt_plus[6]=0;		level1_cnt_minus[6]=0
     level1_cnt_plus[7]=0;		level1_cnt_minus[7]=0
     level1_cnt_plus[8]=0;		level1_cnt_minus[8]=0
     level1_cnt_plus[9]=0;		level1_cnt_minus[9]=0
FYI: CNarrowChannelRefiner::RedistributeLevel1_step_2: is started
FYI: CNarrowChannelRefiner::RedistributeLevel1_step_2: is finished
FYI: level1 statistics:
     level1_cnt_plus[1]=544;		level1_cnt_minus[1]=0
     level1_cnt_plus[2]=15304;		level1_cnt_minus[2]=0
     level1_cnt_plus[3]=0;		level1_cnt_minus[3]=0
     level1_cnt_plus[4]=0;		level1_cnt_minus[4]=0
     level1_cnt_plus[5]=0;		level1_cnt_minus[5]=0
     level1_cnt_plus[6]=0;		level1_cnt_minus[6]=0
     level1_cnt_plus[7]=0;		level1_cnt_minus[7]=0
     level1_cnt_plus[8]=0;		level1_cnt_minus[8]=0
     level1_cnt_plus[9]=0;		level1_cnt_minus[9]=0
FYI: CNarrowChannelRefiner::RedistributeLevel1_step_3: is started
FYI: CNarrowChannelRefiner::RedistributeLevel1_step_3: is finished
RedistributeLevel1 takes:
FYI: level1 statistics:
     level1_cnt_plus[1]=544;		level1_cnt_minus[1]=0
     level1_cnt_plus[2]=15304;		level1_cnt_minus[2]=0
     level1_cnt_plus[3]=0;		level1_cnt_minus[3]=0
     level1_cnt_plus[4]=0;		level1_cnt_minus[4]=0
     level1_cnt_plus[5]=0;		level1_cnt_minus[5]=0
     level1_cnt_plus[6]=0;		level1_cnt_minus[6]=0
     level1_cnt_plus[7]=0;		level1_cnt_minus[7]=0
     level1_cnt_plus[8]=0;		level1_cnt_minus[8]=0
     level1_cnt_plus[9]=0;		level1_cnt_minus[9]=0
-----------------------------------------------------------------------
MSH format builder (Iteration 0)
-----------------------------------------------------------------------
Memory Working Set Current = 59.13 Mb, Memory Working Set Peak = 73.86 Mb
Process Threads Number: 21
-----------------------------------------------------------------------
Loading geometries triangulation & x-stacks...OK
x-stacks size = 0.73 Mb
Total bricks count: 27254
-----------------------------------------------------------------------
MSH (Real Geometry) format constructor:
	Getting brick sets...OK (0.001 s)
	Min x-stack xeps = 4.17837e-06
	D / dh / eps [axis=0] = (0.123703, 0.00042939, 4.2939e-07)
	D / dh / eps [axis=1] = (0.0742774, 0.000464108, 4.64108e-07)
	D / dh / eps [axis=2] = (0.113631, 0.000443769, 4.43769e-07)
	Time (xeps): 0.000 s
Level 4
	Set (0)  size: 2228
	Set (0)  time: 0.038 s
	Set (1)  size: 2228
	Set (1)  time: 0.031 s
Level 3
	Set (0)  size: 3188
	Set (0)  time: 0.033 s
	Set (1)  size: 3183
	Set (1)  time: 0.035 s
Level 2
	Set (0)  size: 5794
	Set (0)  time: 0.038 s
	Set (1)  size: 5796
	Set (1)  time: 0.038 s
Level 1
	Set (0)  size: 1227
	Set (0)  time: 0.001 s
	Set (1)  size: 1232
	Set (1)  time: 0.001 s
Level 0
	Set (0)  size: 1189
	Set (0)  time: 0.001 s
	Set (1)  size: 1189
	Set (1)  time: 0.001 s
Result:
	Bricks number:                        27254

	Memory usage:                         5.652 MB
	Memory usage (per brick):             0.212 KB
	Construction time:                    0.219 s

	Topology features:
	------------------
	- High quality bricks                 100.00 % (27253)
	- Medium quality bricks                 0.00 % (1)
	- Bad quality bricks                    0.00 % (0)
	- Ribs corrected bricks                 0.00 % (0)
	- Points with geom-info (bricks)        0.05 % (13)
	- Points with closest-info (bricks)     0.03 % (7)
	- Triangulated by center (bricks)       0.61 % (165)
	- Facet w-faces mergings (bricks)       0.00 % (0)
	- To refine (bricks)                    0.00 % (0)

-----------------------------------------------------------------------
Memory Working Set Current = 92.25 Mb, Memory Working Set Peak = 92.25 Mb
Process Threads Number: 21
-----------------------------------------------------------------------
-----------------------------------------------------------------------
-----------------------------------------------------------------------
MSH --> BCF format (Iteration 0)...
BCF collector...(remove mode=0)
	Time (alloc counter per brick): 0.001 s
	Brick    count: 27254
	Av.f all count: 13762
	Av.s all count: 23325
	Av.f pid count: 9505
	Av.s pid count: 9770
	Faces fs count: 22468
	Faces ff count: 0
	Faces ss count: 0
	Faces bb count: 0
	Faces fe count: 0
	Faces se count: 2486
	Faces fw count: 24954
	Faces af count: 38173
	Faces as count: 73412
	Time (all count): 	0.005 s
	Time (bcf alloc): 	0.001 s
	Time (shifts alloc): 	0.002 s
	Time (shifts init): 	0.002 s
	Time (bcf fill): 	0.012 s
	Time (add av to faces): 0.000 s
	Time (add faces to av): 0.006 s
Time (bcf collect): 		0.030 s
	AV checker...
	Time (check av): 	0.010 s
	Subdomain checker...
		Subdomains construction time: 0.006 s.
		Subdomains sort time: 0.000 s.
			Subdomain 0 (geom_ind=0): 11578 av
			Subdomain 1 (geom_ind=0): 2184 av
			Subdomain 2 (geom_ind=1): 23325 av
		gi: 0, subdomains: 2, real bodies: 2
		gi: 1, subdomains: 1, real bodies: 0
		Defect subdomains: 0
	Time (check subdoms): 	0.007 s
Time (bcf iteration total): 	0.047 s
	Time (fw-nb): 		0.002 s
	Fixed mutual fw-nb:     13102 (bb: 0)
	Time (fw-nb mutual): 	0.002 s
	Time (fw-nb sort): 	0.000 s
	Fw-opt BEFORE total:    24954 (fs=22468, ff=0, ss=0)
	Fw-opt AFTER  total:    14910 (fs=12424, ff=0, ss=0, failed fw/br=1/4, big_curv=38, big_poly=0)
	Fw-opt RESULT:          10044 (res/(fs+ff+ss) = 44.70 %)
	Time (fw-opt): 		0.008 s
	Time (fw-re-order): 	0.003 s
	Time (fw-nb): 		0.010 s
	Fixed mutual fw-nb:     31198 (bb: 0)
	Time (fw-nb mutual): 	0.003 s
	Time (fw-nb sort): 	0.000 s
	Time (rfd fix): 	0.000 s
	Time (av convexity): 	0.005 s
	Time (av small volume): 0.001 s
	Time (diagonal fw-nb): 	0.021 s
	Fixed mutual fw-nb:     0 (bb: 0)
	Time (fw-nb mutual): 	0.001 s
	Time (fw-nb sort): 	0.000 s
	Fluid subdomains: 2
	Faces fw-nb diff sd:    0
	Time (fw-nb diff sd): 	0.003 s
Time (bcf calc): 		0.062 s
-----------------------------------------------------------------------
Time (bcf total): 		0.109 s
-----------------------------------------------------------------------
-----------------------------------------------------------------------
Mega-cv constructor for fluid...
	 326 av's is treated as thin
Relative size generator (threshold = 0.05)...
	Iteration 1 (small cluster count = 900)
	Iteration 2 (small cluster count = 369)
	Iteration 3 (small cluster count = 76)
	Iteration 4 (small cluster count = 13)
	Iteration 5 (small cluster count = 4)
	Iteration 6 (small cluster count = 1)
	Iteration 7 (small cluster count = 0)
	 864 mega-cv's generated
	 27 mega-cv's removed
Relative size generator is completed OK (0.003 s)
Apply fa-rules to mega-cv clusters fixes...
	Fa-rule violation fixes:       12 of       13 (total cluster# =      846)
OK (0.001 s)
Convert clusters:
	 837 mega-cv's total
Mega-cv count: 837
Time (mega-cv fill): 	0.002 s
WARNING! Mega-cv normal-direction rule violation counts: rule-I = 1, rule-II = 0
Time (mega-cv total): 	0.014 s
-----------------------------------------------------------------------
Mixing plane rotation regions: NO.
Sliding mesh rotation regions: NO.
Fluid/fluid faces: NO.
----------------------------------------------------------
BCF --> BCF.GEOMSUBDOM (bridge arrays):
MESH (0):
	Fluid Subdom Constructor: 2 subdom(s).
	Solid Subdom Constructor: 1 subdom(s).
	Net Asm Subdom Constructor: 0 subdom(s).
	GEOMSUBDOM (0): gi=0 fluid av=11578 cv=10862 fa=32198 fb=0 fw=9946 V=2.775848e-05
	Cache data...OK
	GEOMSUBDOM (1): gi=0 fluid av=2184 cv=1943 fa=5975 fb=0 fw=2478 V=2.242451e-06
	Cache data...OK
	GEOMSUBDOM (2): gi=1 solid av=23325 cv=23325 fa=73412 fb=0 fw=14910 V=1.014079e-03
	Cache data...OK
	Setting nb of w-faces...OK (0.006 s).
	Correcting nb of w-faces...
	Time(correct_fw_nb)=0.005 s

MESH (0) checking:
	GEOMSUBDOM (0):fa_s=0.0490412760640993 fb_s=0.0000000000000000 fw_s=0.0098676839060479 fw_nb=78018
	              :d_const(164)=3.77477e-11 d_linear(151)=1.45609e-10
	GEOMSUBDOM (1):fa_s=0.0044773593849766 fb_s=0.0000000000000000 fw_s=0.0016715858517513 fw_nb=19758
	              :d_const(135)=1.5445e-13 d_linear(1839)=6.53766e-13
	GEOMSUBDOM (2):fa_s=0.4998948943929628 fb_s=0.0000000000000000 fw_s=0.0749093865151272 fw_nb=108268
	              :d_const(460)=7.81456e-11 d_linear(18385)=4.37196e-10
MESH (0) checking: OK.
Time (MDS): 	0.062 s
----------------------------------------------------------

-----------------------------------------------------------------------
BCF CHECKSUM DATA (Mesh 0):

WARNING! 245 w-face(s) without RefFacesData.
BRICK |Level1| Sum:               31152
FACE_A Area Sum:   G.Fluid        0.0535186354490759
FACE_A Area Sum:   G.Solid        0.4998948943929621
FACE_W Area Sum:                  0.0749093865151272
FACE_W Nb   Sum:                  108268
FACE_W min curvatures sum:        -3810026.45256901
FACE_W max curvatures sum:        5175749.91770220
AV Max Disbalance(Const) :        7.81456e-11 (cid=458, t={12, 117, 2}, avid=14195, pid=161)
AV Max Disbalance(Linear):        4.37196e-10 (cid=27001, t={114, 116, 252}, avid=36850, pid=9673)
-----------------------------------------------------------------------


-----------------------------------------------------------------------
MESHER TOPOLOGY DATA:

BRICKS: Total                 27254
BRICKS: 1-CV                  17812
BRICKS: 2-CV                  9051
BRICKS: 3-CV                  391
BRICKS: Bad                   0

AV:     G.Total               37087
AV:     G.Fluid               13762
AV:     G.Solid               23325

AV:     G.Fluid Thin Profile    2.38 % (328)
AV:     G.Solid Thin Profile    0.27 % (63)

AV:     G.Fluid Thin For Mega   2.37 % (326)
AV:     G.Solid Thin For Mega   0.24 % (55)

AV:     G.Fluid Non-Convex     19.37 % (2666)
AV:     G.Solid Non-Convex     19.32 % (4506)

AV:     G.Fluid Non-Ess-Convex      5.78 % (795)
AV:     G.Solid Non-Ess-Convex      6.79 % (1584)

FACE_A: G.Fluid          (af) 38173 (partially opened 20387)
FACE_A: G.Solid          (as) 73412 (partially opened 20764)

FACE_B: G.Total          (b)  0

FACE_W: G.Total                 14910       Brick/Bound
FACE_W: G.Fluid/Solid    (fs_g) 12424       0           
FACE_W: G.Fluid/Fluid    (ff_g) 0           0           
FACE_W: G.Solid/Solid    (ss_g) 0           0           
FACE_W: G.Fluid/External (fe_g) 0
FACE_W: G.Solid/External (se_g) 2486

AV/CV max fa count (on brick side):7
AV/CV max fw count:                7
AV/CV max fb count:                0
AV/CV max fw poly count:           36

MEMORY: Total                   12.860 MB
MEMORY: Per Brick               0.483 KB
-----------------------------------------------------------------------

-----------------------------------------------------------------------
Connectivities information:
	Number of conns: 0
-----------------------------------------------------------------------
	Time (gap size): 	0.031 s
-----------------------------------------------------------------------
Calculating curvature and tolerance criteria...
Curvature: min=0 max=2.66081
Tolerance: min=0 max=0.000381686
Calculating curvature and tolerance criteria takes 0.158 s
-----------------------------------------------------------------------
MESH Build(FS) finished. Time=1.719 s
-----------------------------------------------------------------------
Current CPU = 2 sec

Nx=18
Ny=10
Nz=16
Max BRICK Level=4
Mesh Level=4
-----------------CModelBodies2MeshMapper::CollectData started -------------------------------
-----------------CModelBodies2MeshMapper Report -------------------------------
FluidDomains 2 SolidDomains 1 VoidDomains 0 
Domains RefIndexes
Domain 0, Index count 19
Domain 1, Index count 42
Domain 2, Index count 61
----------------- -------------------------------
	ModelBodies
Total resolved Bodies 0 BodySets 0

--------------------------------------------------------------------------
	Positive geometry Bodies
Total resolved Bodies 2 BodySets 2
BodySet 0
	Bodies list:
			#0	Name: ;	ID: e6b18e2d-a94a-4d1f-9dea-44b0597aa982
	Domains list:		 1 
BodySet 1
	Bodies list:
			#0	Name: ;	ID: d890726b-6377-43f4-8f4d-2d9bd9ad9ba3
	Domains list:		 0 

--------------------------------------------------------------------------
	Fluid regions
Total resolved Bodies 2 BodySets 1
BodySet 0	Material: Water; 
	Bodies list:
			#0	Name: ;	ID: e6b18e2d-a94a-4d1f-9dea-44b0597aa982
			#1	Name: ;	ID: d890726b-6377-43f4-8f4d-2d9bd9ad9ba3
	Domains list:		 0 		 1 

--------------------------------------------------------------------------
-----------------CModelBodies2MeshMapper::CollectData finished successfully-------------------
Saving initial mesh in: N:\Downloads\GitHub\liquid-propellant-engine\2kN Heat Sink Engine\Simulation Only\1\Parametric Study 2\2\2.fld .
Storing results...
Estimated CPT size=6.318 MB.
	Time (write bcf): 1.319 s
OK
-----------------------------------------------------------------------
Memory Working Set Current = 113.82 Mb, Memory Working Set Peak = 113.82 Mb
Process Threads Number: 21
-----------------------------------------------------------------------
Cleaning memory...
		Time (free xsl):                    	0.003 s
Free Geometry DB takes 0.000 s
	Time (free bcf): 	0.013 s
		Time (free bcf mesh):               	0.031 s
	Time (free mesher data):              	0.037 s
Copying... OK
Mesh generation normally finished at	7.4.2021	13:51:14
Mesher CPU = 3 sec
Mesher is finished at	7.4.2021	13:51:14
-----------------------------------------------------------------------
Memory Working Set Current = 51.28 Mb, Memory Working Set Peak = 114.21 Mb
Process Threads Number: 21
-----------------------------------------------------------------------
Algebra Pool      : mem_usage = 0.69 Mb, allocated count = 0
Log ended at 07.04.2021	13:51:14
