Log started at 09.04.2021	17:15:46
Number of used processors (NPROC): 8.
Number of mesh partitions (NPART): 8.
Total Physical Memory = 15.93 Gb, Available Physical Memory = 10.39 Gb
Computer name:	MCAE02
Operating system:	Windows 10 (or higher) (Version 10.0.18363)

SOLIDWORKS 2020 SP4.0
Flow Simulation 2020  x64 / 4995 / MESHER ver. efd_dev.4663_05.07.2019 

Project: N:\Downloads\GitHub\liquid-propellant-engine\2kN Heat Sink Engine\Simulation Only\1\Parametric Study 2\29\29.xmlconfig
Configuration name: Default
Project name: Single Fluid (Water Substitute)
NGK: OFF
MBO: OFF

Mesh generation started:	9.4.2021	17:15:46
-----------------------------------------------------------------------
Mesher option run = eRunMesherNormal
-----------------------------------------------------------------------
Current CPU = 0 sec
-----------------------------------------------------------------------
Geometries initialization:
-----------------------------------------------------------------------
Loading mesh settings (global/local)...
-----------------------------------------------------------------------
Number of geometries from DB: 1
Geometry(0):
	Guid = {00000000-0000-0000-0000-000000000000}
	Fluid..
	1 Body.
	2 Real bodies.
	-- Bodyset 0 --
		Tolerance=3.3166e-05.
		107 Face(s).
			107 of b-spline type.
		0 Face(s) that have no ref faces
		15 Plane surface(s).
		35 Cylinder surface(s).
		5 Cone surface(s).
		4 Torus surface(s).
		48 B- surface(s).
		16002 Triangle(s).
		Getting triangle connectivities from DB: 0.002 s
		217 Edge(s).
			217 of b-spline type.
		BodyGeom reading: 0.023 s.
		65 Reference Face(s).
		11213 Reference Triangles.
		Getting triangle connectivities from DB (Ref): 0.001 s
		BodyGeom Ref reading: 0.002 s.
		Getting triangle connectivities from DB (Extra Triangulation): 0.002 s
Geometry(1):
	Solid.
	-- Bodyset 1 --
	Empty
-----------------------------------------------------------------------
Number of geometries in task: 2
Number of bodysets   in task: 2
-----------------------------------------------------------------------
	Making hash and connectivity for Bodyset ...
		CBodyGeom:
		Hash size: {18, 32, 32}.
		Mesh size: {18, 8, 16}.
		Hashing triangles...Ok.
			axis(0) tr sizes: average=39 max=2972
			axis(1) tr sizes: average=50 max=2546
			axis(2) tr sizes: average=62 max=4782
		Number of t-connected sets:3
			(0) size=12
			(1) size=8214 cavity
			(2) size=7776 cavity
		Done.
		CBodyGeomRef:
		Hashing triangles...Ok.
			axis(0) tr sizes: average=324 max=2138
			axis(1) tr sizes: average=199 max=2255
			axis(2) tr sizes: average=313 max=2532
		Done.
	0.0134 s.
Geometries reading and preparing has taken 0.046 s.

Mapped triangles:
Hashing geometries triangles
	Triangles num=16002
	Triangles box={0.0247711  ,0.147878  ,0.153367  ,0.213376  ,0.103326  ,0.216409  }
		3d-hash size is 114664 bytes
Hashing peculiar surfaces triangles
	Triangles num=37
	Triangles box={0.024018  ,0.0307351  ,0.185147  ,0.196579  ,0.102187  ,0.111432  }
		3d-hash size is 9388 bytes
	Triangles num=37
	Triangles box={0.0702151  ,0.0815803  ,0.185147  ,0.196579  ,0.215167  ,0.216361  }
		3d-hash size is 9620 bytes
	Triangles num=37
	Triangles box={0.14367  ,0.148319  ,0.185147  ,0.196579  ,0.114046  ,0.124486  }
		3d-hash size is 9504 bytes
	Triangles num=37
	Triangles box={0.0773704  ,0.0888028  ,0.213256  ,0.213256  ,0.141572  ,0.153  }
		3d-hash size is 9620 bytes
	Triangles num=30
	Triangles box={0.0831231  ,0.0845875  ,0.155107  ,0.156603  ,0.141933  ,0.142147  }
		3d-hash size is 9344 bytes
	Triangles num=30
	Triangles box={0.0784758  ,0.0793933  ,0.155107  ,0.156603  ,0.143416  ,0.144577  }
		3d-hash size is 9344 bytes
	Triangles num=30
	Triangles box={0.0857921  ,0.0869533  ,0.155107  ,0.156603  ,0.142666  ,0.143583  }
		3d-hash size is 9400 bytes
	Triangles num=30
	Triangles box={0.0877369  ,0.0882838  ,0.155107  ,0.156603  ,0.144635  ,0.14601  }
		3d-hash size is 9380 bytes
	Triangles num=30
	Triangles box={0.0778954  ,0.0784423  ,0.155107  ,0.156603  ,0.148549  ,0.149924  }
		3d-hash size is 9344 bytes
	Triangles num=30
	Triangles box={0.0843588  ,0.085734  ,0.155107  ,0.156603  ,0.151927  ,0.152474  }
		3d-hash size is 9344 bytes
	Triangles num=30
	Triangles box={0.0815917  ,0.0830561  ,0.155107  ,0.156603  ,0.152413  ,0.152627  }
		3d-hash size is 9344 bytes
	Triangles num=30
	Triangles box={0.0792259  ,0.0803871  ,0.155107  ,0.156603  ,0.150976  ,0.151894  }
		3d-hash size is 9388 bytes
	Triangles num=30
	Triangles box={0.0867859  ,0.0877034  ,0.155107  ,0.156603  ,0.149982  ,0.151143  }
		3d-hash size is 9344 bytes
	Triangles num=30
	Triangles box={0.0804451  ,0.0818203  ,0.155107  ,0.156603  ,0.142085  ,0.142632  }
		3d-hash size is 9344 bytes
	Triangles num=30
	Triangles box={0.0882225  ,0.0884365  ,0.155107  ,0.156603  ,0.147313  ,0.148778  }
		3d-hash size is 9344 bytes
	Triangles num=30
	Triangles box={0.0777427  ,0.0779566  ,0.155107  ,0.156603  ,0.145782  ,0.147246  }
		3d-hash size is 9344 bytes
	Triangles num=78
	Triangles box={0.0769688  ,0.0892111  ,0.173621  ,0.173621  ,0.141158  ,0.153401  }
		3d-hash size is 9636 bytes
Mapped triangles processed in 0.022 s.
-----------------------------------------------------------------------
Getting sectors:
Number of sectors: 0
-----------------------------------------------------------------------
-----------------------------------------------------------------------

Current CPU = 0 sec

-----------------------------------------------------------------------
Mesh dimensions:
				I[0 ]=18
				I[1 ]=8
				I[2 ]=16

Comp. domain size:
				a[0  ]=0.024894
				a[1  ]=0.147755
				a[2  ]=0.153426
				a[3  ]=0.213316
				a[4  ]=0.103439
				a[5  ]=0.216296

Fluid calculated			1
Solid calculated			0
-----------------------------------------------------------------------
MESH Build started...
-----------------------------------------------------------------------
Mesh LEVEL = 4
-----------------------------------------------------------------------
Setting regions...OK (0.000 s)
Base mesh info------------------
	2D flag  =0
	Period   =[0, 0, 0]
	Nx=18
		x[0]=0.024894
		x[1]=0.0317217
		x[2]=0.0385473
		x[3]=0.045373
		x[4]=0.0521986
		x[5]=0.0590242
		x[6]=0.0658498
		x[7]=0.0726754
		x[8]=0.0795011
		x[9]=0.0863267
		x[10]=0.0931523
		x[11]=0.0999779
		x[12]=0.106804
		x[13]=0.113629
		x[14]=0.120455
		x[15]=0.12728
		x[16]=0.134106
		x[17]=0.140932
		x[18]=0.147755
	Ny=8
		y[0]=0.153426
		y[1]=0.160915
		y[2]=0.168401
		y[3]=0.175887
		y[4]=0.183373
		y[5]=0.190859
		y[6]=0.198345
		y[7]=0.205832
		y[8]=0.213316
	Nz=16
		z[0]=0.103439
		z[1]=0.110494
		z[2]=0.117547
		z[3]=0.124601
		z[4]=0.131655
		z[5]=0.138708
		z[6]=0.145762
		z[7]=0.152815
		z[8]=0.159869
		z[9]=0.166923
		z[10]=0.173976
		z[11]=0.18103
		z[12]=0.188083
		z[13]=0.195137
		z[14]=0.202191
		z[15]=0.209244
		z[16]=0.216296
End of base mesh info---------
Input_mesh_settings--------------------------------
Settings 0----------------
	Scope: GLOBAL
	Type:	------MESHER_SETTINGS----------
	RefAllCells           =0
	RefFluidCells         =0
	RefPartCells          =0
	RefSolidCells         =0
	l_SSFR(Capture crit)  =4
	l_curv(Curvature crit)=0
	l_tol(Tolerance crit) =4
	  k_tol               =0.000377956
	UseChannelRef         =1
	  NCR_method          =0
	  l_NCR               =2
	  N_gap               =5
	  Use d_NCR_min       =0
	  Use d_NCR_max       =0
	IgnoreThinChannelsHeight         =0
	--END_OF_MESHER_SETTINGS-------
End of input mesh settings-------------------------

-----------------------------------------------------------------------
Building geometries:
-----------------------------------------------------------------------
Building body-set (0) of geometry Fluid.0.(0). ...

-----------------------------------------------------------------------
Refining by triangulation...
Refinement input: 2304 bricks
Setting regions...OK (0.000 s)
Setting regions...OK (0.000 s)
Setting regions...OK (0.000 s)
Setting regions...OK (0.000 s)
Setting regions...OK (0.000 s)
Refinement result: 16087 bricks (0.113 s)
Refinement input: 16087 bricks
Setting regions...OK (0.000 s)
Refinement result: 16101 bricks (0.006 s)
Collecting and processing rays...OK (0.094 s)
Capturing...OK (0.002 s)
Refining by triangulation takes 0.216 s
-----------------------------------------------------------------------

-----------------------------------------------------------------------
Refining peculiar surfaces...
Refinement input: 16101 bricks
Setting regions...OK (0.000 s)
Refinement result: 16150 bricks (0.002 s)
Refinement input: 16150 bricks
Setting regions...OK (0.000 s)
Refinement result: 16157 bricks (0.002 s)
Refinement input: 16157 bricks
Setting regions...OK (0.000 s)
Refinement result: 16220 bricks (0.003 s)
Refinement input: 16220 bricks
Setting regions...OK (0.000 s)
Refinement result: 16304 bricks (0.002 s)
3 surfaces refined
Refining peculiar surfaces takes 0.029 s
-----------------------------------------------------------------------
Collecting and processing rays...OK (0.003 s)
Capturing...OK (0.000 s)
Collecting and processing rays...OK (0.000 s)
Capturing...OK (0.000 s)
Collecting and processing rays...OK (0.000 s)
Capturing...OK (0.000 s)

-----------------------------------------------------------------------
Base mesh 1 Refining...
Refinement input: 16304 bricks
Refinement result: 16304 bricks (0.000 s)
Collecting and processing rays...OK (0.000 s)
Capturing...OK (0.000 s)
-----------------------------------------------------------------------
Refining channels...
FYI: CNarrowChannelRefiner::RefineChannels_PRLL
Refinement input: 16304 bricks
Setting regions...OK (0.000 s)
Refinement result: 18656 bricks (0.002 s)
Collecting and processing rays...OK (0.004 s)
Capturing...OK (0.001 s)
FYI: m_iteration_count = 0
FYI: level1 statistics:
     level1_cnt_plus[1]=2688;		level1_cnt_minus[1]=0
     level1_cnt_plus[2]=0;		level1_cnt_minus[2]=0
     level1_cnt_plus[3]=0;		level1_cnt_minus[3]=0
     level1_cnt_plus[4]=0;		level1_cnt_minus[4]=0
     level1_cnt_plus[5]=0;		level1_cnt_minus[5]=0
     level1_cnt_plus[6]=0;		level1_cnt_minus[6]=0
     level1_cnt_plus[7]=0;		level1_cnt_minus[7]=0
     level1_cnt_plus[8]=0;		level1_cnt_minus[8]=0
     level1_cnt_plus[9]=0;		level1_cnt_minus[9]=0
Refinement input: 18656 bricks
Setting regions...OK (0.000 s)
Refinement result: 19181 bricks (0.003 s)
Collecting and processing rays...OK (0.001 s)
Capturing...OK (0.000 s)
FYI: m_iteration_count = 1
FYI: level1 statistics:
     level1_cnt_plus[1]=3279;		level1_cnt_minus[1]=0
     level1_cnt_plus[2]=8;		level1_cnt_minus[2]=0
     level1_cnt_plus[3]=0;		level1_cnt_minus[3]=0
     level1_cnt_plus[4]=0;		level1_cnt_minus[4]=0
     level1_cnt_plus[5]=0;		level1_cnt_minus[5]=0
     level1_cnt_plus[6]=0;		level1_cnt_minus[6]=0
     level1_cnt_plus[7]=0;		level1_cnt_minus[7]=0
     level1_cnt_plus[8]=0;		level1_cnt_minus[8]=0
     level1_cnt_plus[9]=0;		level1_cnt_minus[9]=0
Refinement input: 19181 bricks
Setting regions...OK (0.000 s)
Refinement result: 19209 bricks (0.002 s)
Collecting and processing rays...OK (0.001 s)
Capturing...OK (0.000 s)
FYI: m_iteration_count = 2
FYI: level1 statistics:
     level1_cnt_plus[1]=3311;		level1_cnt_minus[1]=0
     level1_cnt_plus[2]=8;		level1_cnt_minus[2]=0
     level1_cnt_plus[3]=0;		level1_cnt_minus[3]=0
     level1_cnt_plus[4]=0;		level1_cnt_minus[4]=0
     level1_cnt_plus[5]=0;		level1_cnt_minus[5]=0
     level1_cnt_plus[6]=0;		level1_cnt_minus[6]=0
     level1_cnt_plus[7]=0;		level1_cnt_minus[7]=0
     level1_cnt_plus[8]=0;		level1_cnt_minus[8]=0
     level1_cnt_plus[9]=0;		level1_cnt_minus[9]=0
Refinement input: 19209 bricks
Setting regions...OK (0.000 s)
Refinement result: 19216 bricks (0.002 s)
Collecting and processing rays...OK (0.000 s)
Capturing...OK (0.000 s)
FYI: m_iteration_count = 3
FYI: level1 statistics:
     level1_cnt_plus[1]=3319;		level1_cnt_minus[1]=0
     level1_cnt_plus[2]=8;		level1_cnt_minus[2]=0
     level1_cnt_plus[3]=0;		level1_cnt_minus[3]=0
     level1_cnt_plus[4]=0;		level1_cnt_minus[4]=0
     level1_cnt_plus[5]=0;		level1_cnt_minus[5]=0
     level1_cnt_plus[6]=0;		level1_cnt_minus[6]=0
     level1_cnt_plus[7]=0;		level1_cnt_minus[7]=0
     level1_cnt_plus[8]=0;		level1_cnt_minus[8]=0
     level1_cnt_plus[9]=0;		level1_cnt_minus[9]=0
FYI: m_iteration_count = 4
FYI: level1 statistics:
     level1_cnt_plus[1]=3319;		level1_cnt_minus[1]=0
     level1_cnt_plus[2]=8;		level1_cnt_minus[2]=0
     level1_cnt_plus[3]=0;		level1_cnt_minus[3]=0
     level1_cnt_plus[4]=0;		level1_cnt_minus[4]=0
     level1_cnt_plus[5]=0;		level1_cnt_minus[5]=0
     level1_cnt_plus[6]=0;		level1_cnt_minus[6]=0
     level1_cnt_plus[7]=0;		level1_cnt_minus[7]=0
     level1_cnt_plus[8]=0;		level1_cnt_minus[8]=0
     level1_cnt_plus[9]=0;		level1_cnt_minus[9]=0
Refinement input: 19216 bricks
Setting regions...OK (0.000 s)
Refinement result: 20812 bricks (0.002 s)
Collecting and processing rays...OK (0.003 s)
Capturing...OK (0.001 s)
FYI: m_iteration_count = 5
FYI: level1 statistics:
     level1_cnt_plus[1]=5008;		level1_cnt_minus[1]=0
     level1_cnt_plus[2]=128;		level1_cnt_minus[2]=0
     level1_cnt_plus[3]=0;		level1_cnt_minus[3]=0
     level1_cnt_plus[4]=0;		level1_cnt_minus[4]=0
     level1_cnt_plus[5]=0;		level1_cnt_minus[5]=0
     level1_cnt_plus[6]=0;		level1_cnt_minus[6]=0
     level1_cnt_plus[7]=0;		level1_cnt_minus[7]=0
     level1_cnt_plus[8]=0;		level1_cnt_minus[8]=0
     level1_cnt_plus[9]=0;		level1_cnt_minus[9]=0
Refinement input: 20812 bricks
Setting regions...OK (0.000 s)
Refinement result: 20833 bricks (0.002 s)
Collecting and processing rays...OK (0.000 s)
Capturing...OK (0.000 s)
FYI: m_iteration_count = 6
FYI: level1 statistics:
     level1_cnt_plus[1]=5032;		level1_cnt_minus[1]=0
     level1_cnt_plus[2]=128;		level1_cnt_minus[2]=0
     level1_cnt_plus[3]=0;		level1_cnt_minus[3]=0
     level1_cnt_plus[4]=0;		level1_cnt_minus[4]=0
     level1_cnt_plus[5]=0;		level1_cnt_minus[5]=0
     level1_cnt_plus[6]=0;		level1_cnt_minus[6]=0
     level1_cnt_plus[7]=0;		level1_cnt_minus[7]=0
     level1_cnt_plus[8]=0;		level1_cnt_minus[8]=0
     level1_cnt_plus[9]=0;		level1_cnt_minus[9]=0
FYI: m_iteration_count = 7
FYI: level1 statistics:
     level1_cnt_plus[1]=5032;		level1_cnt_minus[1]=0
     level1_cnt_plus[2]=128;		level1_cnt_minus[2]=0
     level1_cnt_plus[3]=0;		level1_cnt_minus[3]=0
     level1_cnt_plus[4]=0;		level1_cnt_minus[4]=0
     level1_cnt_plus[5]=0;		level1_cnt_minus[5]=0
     level1_cnt_plus[6]=0;		level1_cnt_minus[6]=0
     level1_cnt_plus[7]=0;		level1_cnt_minus[7]=0
     level1_cnt_plus[8]=0;		level1_cnt_minus[8]=0
     level1_cnt_plus[9]=0;		level1_cnt_minus[9]=0
FYI: level1 statistics:
     level1_cnt_plus[1]=5032;		level1_cnt_minus[1]=0
     level1_cnt_plus[2]=128;		level1_cnt_minus[2]=0
     level1_cnt_plus[3]=0;		level1_cnt_minus[3]=0
     level1_cnt_plus[4]=0;		level1_cnt_minus[4]=0
     level1_cnt_plus[5]=0;		level1_cnt_minus[5]=0
     level1_cnt_plus[6]=0;		level1_cnt_minus[6]=0
     level1_cnt_plus[7]=0;		level1_cnt_minus[7]=0
     level1_cnt_plus[8]=0;		level1_cnt_minus[8]=0
     level1_cnt_plus[9]=0;		level1_cnt_minus[9]=0

-----------------------------------------------------------------------
U-shapes refinement...
Refinement input: 20833 bricks
Setting regions...OK (0.000 s)
Setting regions...OK (0.000 s)
Refinement result: 20994 bricks (0.010 s)
Collecting and processing rays...OK (0.003 s)
Capturing...OK (0.000 s)
-----------------------------------------------------------------------

-----------------------------------------------------------------------
Equi Distant Refiner:
Equi Distant Refiner takes 0.00 s
-----------------------------------------------------------------------
Building geometry takes 0.691 s
Geometry Fluid.0.
Total		20994
Partial	7977
Fluid		3277
Solid		9617
Bad		123

/-Ray Intersection---------------/ Time	0.388 s
Calls			8088
CorrectRay Calls	0



-----------------------------------------------------------------------
Building geometries takes 0.692 s
-----------------------------------------------------------------------

-----------------------------------------------------------------------
PostBuilding geometries:
-----------------------------------------------------------------------
PostBuilding body-set (0) geometry Fluid.0. (0)...
Collecting and processing rays...OK (0.000 s)
Capturing...OK (0.000 s)
PostBuilding geometry takes 0.001 s
Geometry Fluid.0.
Total		20994
Partial	7977
Fluid		3277
Solid		9617
Bad		123

-----------------------------------------------------------------------
PostBuilding geometries takes 0.002 s
-----------------------------------------------------------------------
Defect ray count	0
FYI: CNarrowChannelRefiner::RedistributeLevel1_step_1: is finished
FYI: level1 statistics:
     level1_cnt_plus[1]=2462;		level1_cnt_minus[1]=0
     level1_cnt_plus[2]=2698;		level1_cnt_minus[2]=0
     level1_cnt_plus[3]=0;		level1_cnt_minus[3]=0
     level1_cnt_plus[4]=0;		level1_cnt_minus[4]=0
     level1_cnt_plus[5]=0;		level1_cnt_minus[5]=0
     level1_cnt_plus[6]=0;		level1_cnt_minus[6]=0
     level1_cnt_plus[7]=0;		level1_cnt_minus[7]=0
     level1_cnt_plus[8]=0;		level1_cnt_minus[8]=0
     level1_cnt_plus[9]=0;		level1_cnt_minus[9]=0
FYI: CNarrowChannelRefiner::RedistributeLevel1_step_2: is started
FYI: CNarrowChannelRefiner::RedistributeLevel1_step_2: is finished
FYI: level1 statistics:
     level1_cnt_plus[1]=3991;		level1_cnt_minus[1]=0
     level1_cnt_plus[2]=6301;		level1_cnt_minus[2]=0
     level1_cnt_plus[3]=0;		level1_cnt_minus[3]=0
     level1_cnt_plus[4]=0;		level1_cnt_minus[4]=0
     level1_cnt_plus[5]=0;		level1_cnt_minus[5]=0
     level1_cnt_plus[6]=0;		level1_cnt_minus[6]=0
     level1_cnt_plus[7]=0;		level1_cnt_minus[7]=0
     level1_cnt_plus[8]=0;		level1_cnt_minus[8]=0
     level1_cnt_plus[9]=0;		level1_cnt_minus[9]=0
FYI: CNarrowChannelRefiner::RedistributeLevel1_step_3: is started
FYI: CNarrowChannelRefiner::RedistributeLevel1_step_3: is finished
RedistributeLevel1 takes:
FYI: level1 statistics:
     level1_cnt_plus[1]=3991;		level1_cnt_minus[1]=2157
     level1_cnt_plus[2]=6301;		level1_cnt_minus[2]=1162
     level1_cnt_plus[3]=0;		level1_cnt_minus[3]=0
     level1_cnt_plus[4]=0;		level1_cnt_minus[4]=0
     level1_cnt_plus[5]=0;		level1_cnt_minus[5]=0
     level1_cnt_plus[6]=0;		level1_cnt_minus[6]=0
     level1_cnt_plus[7]=0;		level1_cnt_minus[7]=0
     level1_cnt_plus[8]=0;		level1_cnt_minus[8]=0
     level1_cnt_plus[9]=0;		level1_cnt_minus[9]=0
-----------------------------------------------------------------------
MSH format builder (Iteration 0)
-----------------------------------------------------------------------
Memory Working Set Current = 55.76 Mb, Memory Working Set Peak = 69.46 Mb
Process Threads Number: 21
-----------------------------------------------------------------------
Loading geometries triangulation & x-stacks...OK
x-stacks size = 0.60 Mb
Total bricks count: 20994
-----------------------------------------------------------------------
MSH (Real Geometry) format constructor:
	Getting brick sets...OK (0.000 s)
	Min x-stack xeps = 2.73018e-06
	D / dh / eps [axis=0] = (0.122861, 0.000426467, 4.26467e-07)
	D / dh / eps [axis=1] = (0.0598894, 0.000467759, 4.67759e-07)
	D / dh / eps [axis=2] = (0.112857, 0.000440748, 4.40748e-07)
	Time (xeps): 0.000 s
Level 4
	Set (0)  size: 1096
	Set (0)  time: 0.020 s
	Set (1)  size: 1096
	Set (1)  time: 0.015 s
Level 3
	Set (0)  size: 2196
	Set (0)  time: 0.022 s
	Set (1)  size: 2194
	Set (1)  time: 0.020 s
Level 2
	Set (0)  size: 5059
	Set (0)  time: 0.038 s
	Set (1)  size: 5070
	Set (1)  time: 0.037 s
Level 1
	Set (0)  size: 1225
	Set (0)  time: 0.001 s
	Set (1)  size: 1228
	Set (1)  time: 0.001 s
Level 0
	Set (0)  size: 914
	Set (0)  time: 0.000 s
	Set (1)  size: 916
	Set (1)  time: 0.000 s
Result:
	Bricks number:                        20994

	Memory usage:                         4.893 MB
	Memory usage (per brick):             0.239 KB
	Construction time:                    0.157 s

	Topology features:
	------------------
	- High quality bricks                  99.96 % (20985)
	- Medium quality bricks                 0.04 % (9)
	- Bad quality bricks                    0.00 % (0)
	- Ribs corrected bricks                 0.00 % (0)
	- Points with geom-info (bricks)        0.13 % (28)
	- Points with closest-info (bricks)     0.04 % (8)
	- Triangulated by center (bricks)       0.88 % (184)
	- Facet w-faces mergings (bricks)       0.00 % (0)
	- To refine (bricks)                    0.00 % (0)

-----------------------------------------------------------------------
Memory Working Set Current = 87.23 Mb, Memory Working Set Peak = 87.23 Mb
Process Threads Number: 21
-----------------------------------------------------------------------
-----------------------------------------------------------------------
-----------------------------------------------------------------------
MSH --> BCF format (Iteration 0)...
BCF collector...(remove mode=0)
	Time (alloc counter per brick): 0.001 s
	Brick    count: 20994
	Av.f all count: 11472
	Av.s all count: 17923
	Av.f pid count: 8207
	Av.s pid count: 8346
	Faces fs count: 19802
	Faces ff count: 0
	Faces ss count: 0
	Faces bb count: 0
	Faces fe count: 0
	Faces se count: 2308
	Faces fw count: 22110
	Faces af count: 32331
	Faces as count: 55361
	Time (all count): 	0.003 s
	Time (bcf alloc): 	0.001 s
	Time (shifts alloc): 	0.001 s
	Time (shifts init): 	0.001 s
	Time (bcf fill): 	0.008 s
	Time (add av to faces): 0.000 s
	Time (add faces to av): 0.004 s
Time (bcf collect): 		0.021 s
	AV checker...
	Time (check av): 	0.006 s
	Subdomain checker...
		Subdomains construction time: 0.003 s.
		Subdomains sort time: 0.000 s.
			Subdomain 0 (geom_ind=0): 9597 av
			Subdomain 1 (geom_ind=0): 1871 av
			Subdomain 2 (geom_ind=0): 4 av
			Subdomain 3 (geom_ind=1): 17923 av
		gi: 0, subdomains: 3, real bodies: 2
		gi: 1, subdomains: 1, real bodies: 0
		Defect subdomains: 1
	Time (check subdoms): 	0.003 s
	Time (free bcf): 	0.008 s
	Time (corr msh): 	0.000 s
	Bricks corrected: 4
Time (bcf iteration total): 	0.040 s
-----------------------------------------------------------------------
MSH --> BCF format (Iteration 1)...
BCF collector...(remove mode=0)
	Time (alloc counter per brick): 0.001 s
	Brick    count: 20994
	Av.f all count: 11468
	Av.s all count: 17923
	Av.f pid count: 8203
	Av.s pid count: 8346
	Faces fs count: 19790
	Faces ff count: 0
	Faces ss count: 0
	Faces bb count: 0
	Faces fe count: 0
	Faces se count: 2308
	Faces fw count: 22098
	Faces af count: 32327
	Faces as count: 55365
	Time (all count): 	0.003 s
	Time (bcf alloc): 	0.002 s
	Time (shifts alloc): 	0.001 s
	Time (shifts init): 	0.001 s
	Time (bcf fill): 	0.008 s
	Time (add av to faces): 0.000 s
	Time (add faces to av): 0.003 s
Time (bcf collect): 		0.021 s
	AV checker...
	Time (check av): 	0.006 s
	Subdomain checker...
		Subdomains construction time: 0.003 s.
		Subdomains sort time: 0.000 s.
			Subdomain 0 (geom_ind=0): 9597 av
			Subdomain 1 (geom_ind=0): 1871 av
			Subdomain 2 (geom_ind=1): 17923 av
		gi: 0, subdomains: 2, real bodies: 2
		gi: 1, subdomains: 1, real bodies: 0
		Defect subdomains: 0
	Time (check subdoms): 	0.003 s
Time (bcf iteration total): 	0.031 s
	Time (fw-nb): 		0.001 s
	Fixed mutual fw-nb:     11870 (bb: 0)
	Time (fw-nb mutual): 	0.002 s
	Time (fw-nb sort): 	0.000 s
	Fw-opt BEFORE total:    22098 (fs=19790, ff=0, ss=0)
	Fw-opt AFTER  total:    13288 (fs=10980, ff=0, ss=0, failed fw/br=3/1, big_curv=36, big_poly=0)
	Fw-opt RESULT:          8810 (res/(fs+ff+ss) = 44.52 %)
	Time (fw-opt): 		0.005 s
	Time (fw-re-order): 	0.002 s
	Time (fw-nb): 		0.007 s
	Fixed mutual fw-nb:     27686 (bb: 0)
	Time (fw-nb mutual): 	0.002 s
	Time (fw-nb sort): 	0.000 s
	Time (rfd fix): 	0.000 s
	Time (av convexity): 	0.003 s
	Time (av small volume): 0.000 s
	Time (diagonal fw-nb): 	0.017 s
	Fixed mutual fw-nb:     0 (bb: 0)
	Time (fw-nb mutual): 	0.001 s
	Time (fw-nb sort): 	0.000 s
	Fluid subdomains: 2
	Faces fw-nb diff sd:    0
	Time (fw-nb diff sd): 	0.002 s
Time (bcf calc): 		0.047 s
-----------------------------------------------------------------------
Time (bcf total): 		0.118 s
-----------------------------------------------------------------------
-----------------------------------------------------------------------
Mega-cv constructor for fluid...
	 121 av's is treated as thin
Relative size generator (threshold = 0.05)...
	Iteration 1 (small cluster count = 1007)
	Iteration 2 (small cluster count = 448)
	Iteration 3 (small cluster count = 92)
	Iteration 4 (small cluster count = 17)
	Iteration 5 (small cluster count = 0)
	 970 mega-cv's generated
	 19 mega-cv's removed
Relative size generator is completed OK (0.003 s)
Apply fa-rules to mega-cv clusters fixes...
	Fa-rule violation fixes:       33 of       33 (total cluster# =      967)
OK (0.001 s)
Convert clusters:
	 951 mega-cv's total
Mega-cv count: 951
Time (mega-cv fill): 	0.002 s
Time (mega-cv total): 	0.010 s
-----------------------------------------------------------------------
Mixing plane rotation regions: NO.
Sliding mesh rotation regions: NO.
Fluid/fluid faces: NO.
----------------------------------------------------------
BCF --> BCF.GEOMSUBDOM (bridge arrays):
MESH (0):
	Fluid Subdom Constructor: 2 subdom(s).
	Solid Subdom Constructor: 1 subdom(s).
	Net Asm Subdom Constructor: 0 subdom(s).
	GEOMSUBDOM (0): gi=0 fluid av=9597 cv=8723 fa=27200 fb=0 fw=8696 V=2.989728e-05
	Cache data...OK
	GEOMSUBDOM (1): gi=0 fluid av=1871 cv=1700 fa=5127 fb=0 fw=2284 V=1.910506e-06
	Cache data...OK
	GEOMSUBDOM (2): gi=1 solid av=17923 cv=17923 fa=55365 fb=0 fw=13288 V=7.986066e-04
	Cache data...OK
	Setting nb of w-faces...OK (0.005 s).
	Correcting nb of w-faces...
	Time(correct_fw_nb)=0.003 s

MESH (0) checking:
	GEOMSUBDOM (0):fa_s=0.0464717382848879 fb_s=0.0000000000000000 fw_s=0.0103751221440706 fw_nb=68274
	              :d_const(147)=5.70666e-11 d_linear(10)=2.54563e-10
	GEOMSUBDOM (1):fa_s=0.0038242732786179 fb_s=0.0000000000000000 fw_s=0.0014219143406888 fw_nb=18578
	              :d_const(264)=1.13767e-13 d_linear(267)=7.29871e-13
	GEOMSUBDOM (2):fa_s=0.4011968814689892 fb_s=0.0000000000000000 fw_s=0.0677627332363146 fw_nb=96626
	              :d_const(17056)=8.25099e-11 d_linear(5825)=6.55613e-10
MESH (0) checking: OK.
Time (MDS): 	0.036 s
----------------------------------------------------------

-----------------------------------------------------------------------
BCF CHECKSUM DATA (Mesh 0):

WARNING! 226 w-face(s) without RefFacesData.
BRICK |Level1| Sum:               21074
FACE_A Area Sum:   G.Fluid        0.0502960115635058
FACE_A Area Sum:   G.Solid        0.4011968814689892
FACE_W Area Sum:                  0.0677627332363146
FACE_W Nb   Sum:                  96626
FACE_W min curvatures sum:        -3318391.34127712
FACE_W max curvatures sum:        5081001.94393790
AV Max Disbalance(Const) :        8.65413e-11 (cid=20725, t={110, 84, 254}, avid=11340, pid=8110)
AV Max Disbalance(Linear):        6.55613e-10 (cid=4017, t={148, 84, 56}, avid=15178, pid=1494)
-----------------------------------------------------------------------


-----------------------------------------------------------------------
MESHER TOPOLOGY DATA:

BRICKS: Total                 20994
BRICKS: 1-CV                  12842
BRICKS: 2-CV                  7908
BRICKS: 3-CV                  243
BRICKS: 4-CV                  1
BRICKS: Bad                   0

AV:     G.Total               29391
AV:     G.Fluid               11468
AV:     G.Solid               17923

AV:     G.Fluid Thin Profile    1.68 % (193)
AV:     G.Solid Thin Profile    0.28 % (51)

AV:     G.Fluid Thin For Mega   1.06 % (121)
AV:     G.Solid Thin For Mega   0.25 % (44)

AV:     G.Fluid Non-Convex     25.37 % (2909)
AV:     G.Solid Non-Convex     19.17 % (3436)

AV:     G.Fluid Non-Ess-Convex      8.53 % (978)
AV:     G.Solid Non-Ess-Convex      7.83 % (1404)

FACE_A: G.Fluid          (af) 32327 (partially opened 17473)
FACE_A: G.Solid          (as) 55365 (partially opened 17646)

FACE_B: G.Total          (b)  0

FACE_W: G.Total                 13288       Brick/Bound
FACE_W: G.Fluid/Solid    (fs_g) 10980       0           
FACE_W: G.Fluid/Fluid    (ff_g) 0           0           
FACE_W: G.Solid/Solid    (ss_g) 0           0           
FACE_W: G.Fluid/External (fe_g) 0
FACE_W: G.Solid/External (se_g) 2308

AV/CV max fa count (on brick side):7
AV/CV max fw count:                7
AV/CV max fb count:                0
AV/CV max fw poly count:           30

MEMORY: Total                   10.433 MB
MEMORY: Per Brick               0.509 KB
-----------------------------------------------------------------------

-----------------------------------------------------------------------
Connectivities information:
	Number of conns: 0
-----------------------------------------------------------------------
	Time (gap size): 	0.022 s
-----------------------------------------------------------------------
Calculating curvature and tolerance criteria...
Curvature: min=0 max=3.13312
Tolerance: min=0 max=0.000464481
Calculating curvature and tolerance criteria takes 0.168 s
-----------------------------------------------------------------------
MESH Build(FS) finished. Time=1.452 s
-----------------------------------------------------------------------
Current CPU = 2 sec

Nx=18
Ny=8
Nz=16
Max BRICK Level=4
Mesh Level=4
-----------------CModelBodies2MeshMapper::CollectData started -------------------------------
-----------------CModelBodies2MeshMapper Report -------------------------------
FluidDomains 2 SolidDomains 1 VoidDomains 0 
Domains RefIndexes
Domain 0, Index count 23
Domain 1, Index count 42
Domain 2, Index count 65
----------------- -------------------------------
	ModelBodies
Total resolved Bodies 0 BodySets 0

--------------------------------------------------------------------------
	Positive geometry Bodies
Total resolved Bodies 2 BodySets 2
BodySet 0
	Bodies list:
			#0	Name: ;	ID: c3e38516-2e6c-41de-900c-adf6a614cff8
	Domains list:		 1 
BodySet 1
	Bodies list:
			#0	Name: ;	ID: d4f19b4d-51fd-468d-8945-a4396c67714f
	Domains list:		 0 

--------------------------------------------------------------------------
	Fluid regions
Total resolved Bodies 2 BodySets 1
BodySet 0	Material: Water; 
	Bodies list:
			#0	Name: ;	ID: c3e38516-2e6c-41de-900c-adf6a614cff8
			#1	Name: ;	ID: d4f19b4d-51fd-468d-8945-a4396c67714f
	Domains list:		 0 		 1 

--------------------------------------------------------------------------
-----------------CModelBodies2MeshMapper::CollectData finished successfully-------------------
Saving initial mesh in: N:\Downloads\GitHub\liquid-propellant-engine\2kN Heat Sink Engine\Simulation Only\1\Parametric Study 2\29\29.fld .
Storing results...
Estimated CPT size=5.222 MB.
	Time (write bcf): 1.020 s
OK
-----------------------------------------------------------------------
Memory Working Set Current = 103.19 Mb, Memory Working Set Peak = 103.19 Mb
Process Threads Number: 21
-----------------------------------------------------------------------
Cleaning memory...
		Time (free xsl):                    	0.002 s
Free Geometry DB takes 0.000 s
	Time (free bcf): 	0.009 s
		Time (free bcf mesh):               	0.023 s
	Time (free mesher data):              	0.027 s
Copying... OK
Mesh generation normally finished at	9.4.2021	17:15:49
Mesher CPU = 3 sec
Mesher is finished at	9.4.2021	17:15:49
-----------------------------------------------------------------------
Memory Working Set Current = 50.27 Mb, Memory Working Set Peak = 103.58 Mb
Process Threads Number: 21
-----------------------------------------------------------------------
Algebra Pool      : mem_usage = 0.69 Mb, allocated count = 0
Log ended at 09.04.2021	17:15:49
