Log started at 09.04.2021	17:02:21
Number of used processors (NPROC): 8.
Number of mesh partitions (NPART): 8.
Total Physical Memory = 15.93 Gb, Available Physical Memory = 10.55 Gb
Computer name:	MCAE02
Operating system:	Windows 10 (or higher) (Version 10.0.18363)

SOLIDWORKS 2020 SP4.0
Flow Simulation 2020  x64 / 4995 / MESHER ver. efd_dev.4663_05.07.2019 

Project: N:\Downloads\GitHub\liquid-propellant-engine\2kN Heat Sink Engine\Simulation Only\1\Parametric Study 2\19\19.xmlconfig
Configuration name: Default
Project name: Single Fluid (Water Substitute)
NGK: OFF
MBO: OFF

Mesh generation started:	9.4.2021	17:2:21
-----------------------------------------------------------------------
Mesher option run = eRunMesherNormal
-----------------------------------------------------------------------
Current CPU = 0 sec
-----------------------------------------------------------------------
Geometries initialization:
-----------------------------------------------------------------------
Loading mesh settings (global/local)...
-----------------------------------------------------------------------
Number of geometries from DB: 1
Geometry(0):
	Guid = {00000000-0000-0000-0000-000000000000}
	Fluid..
	1 Body.
	2 Real bodies.
	-- Bodyset 0 --
		Tolerance=3.3166e-05.
		109 Face(s).
			109 of b-spline type.
		0 Face(s) that have no ref faces
		15 Plane surface(s).
		35 Cylinder surface(s).
		5 Cone surface(s).
		6 Torus surface(s).
		48 B- surface(s).
		15816 Triangle(s).
		Getting triangle connectivities from DB: 0.002 s
		226 Edge(s).
			226 of b-spline type.
		BodyGeom reading: 0.022 s.
		67 Reference Face(s).
		11026 Reference Triangles.
		Getting triangle connectivities from DB (Ref): 0.001 s
		BodyGeom Ref reading: 0.002 s.
		Getting triangle connectivities from DB (Extra Triangulation): 0.002 s
Geometry(1):
	Solid.
	-- Bodyset 1 --
	Empty
-----------------------------------------------------------------------
Number of geometries in task: 2
Number of bodysets   in task: 2
-----------------------------------------------------------------------
	Making hash and connectivity for Bodyset ...
		CBodyGeom:
		Hash size: {18, 32, 32}.
		Mesh size: {18, 8, 16}.
		Hashing triangles...Ok.
			axis(0) tr sizes: average=40 max=2663
			axis(1) tr sizes: average=52 max=2641
			axis(2) tr sizes: average=62 max=4761
		Number of t-connected sets:3
			(0) size=12
			(1) size=8214 cavity
			(2) size=7590 cavity
		Done.
		CBodyGeomRef:
		Hashing triangles...Ok.
			axis(0) tr sizes: average=329 max=2264
			axis(1) tr sizes: average=198 max=2238
			axis(2) tr sizes: average=316 max=2549
		Done.
	0.0134 s.
Geometries reading and preparing has taken 0.045 s.

Mapped triangles:
Hashing geometries triangles
	Triangles num=15816
	Triangles box={0.0239328  ,0.148459  ,0.153715  ,0.213375  ,0.102173  ,0.21656  }
		3d-hash size is 118364 bytes
Hashing peculiar surfaces triangles
	Triangles num=37
	Triangles box={0.024018  ,0.0307351  ,0.185147  ,0.196579  ,0.102187  ,0.111432  }
		3d-hash size is 9524 bytes
	Triangles num=37
	Triangles box={0.0702151  ,0.0815803  ,0.185147  ,0.196579  ,0.215167  ,0.216361  }
		3d-hash size is 9620 bytes
	Triangles num=37
	Triangles box={0.14367  ,0.148319  ,0.185147  ,0.196579  ,0.114046  ,0.124486  }
		3d-hash size is 9624 bytes
	Triangles num=37
	Triangles box={0.0773704  ,0.0888028  ,0.213256  ,0.213256  ,0.141572  ,0.153  }
		3d-hash size is 9648 bytes
	Triangles num=30
	Triangles box={0.0831231  ,0.0845875  ,0.155454  ,0.156951  ,0.141933  ,0.142147  }
		3d-hash size is 9344 bytes
	Triangles num=30
	Triangles box={0.0784758  ,0.0793933  ,0.155454  ,0.156951  ,0.143416  ,0.144577  }
		3d-hash size is 9380 bytes
	Triangles num=30
	Triangles box={0.0857921  ,0.0869533  ,0.155454  ,0.156951  ,0.142666  ,0.143583  }
		3d-hash size is 9380 bytes
	Triangles num=30
	Triangles box={0.0877369  ,0.0882838  ,0.155454  ,0.156951  ,0.144635  ,0.14601  }
		3d-hash size is 9380 bytes
	Triangles num=30
	Triangles box={0.0778954  ,0.0784423  ,0.155454  ,0.156951  ,0.148549  ,0.149924  }
		3d-hash size is 9344 bytes
	Triangles num=30
	Triangles box={0.0843588  ,0.085734  ,0.155454  ,0.156951  ,0.151927  ,0.152474  }
		3d-hash size is 9368 bytes
	Triangles num=30
	Triangles box={0.0815917  ,0.0830561  ,0.155454  ,0.156951  ,0.152413  ,0.152627  }
		3d-hash size is 9344 bytes
	Triangles num=30
	Triangles box={0.0792259  ,0.0803871  ,0.155454  ,0.156951  ,0.150976  ,0.151894  }
		3d-hash size is 9372 bytes
	Triangles num=30
	Triangles box={0.0867859  ,0.0877034  ,0.155454  ,0.156951  ,0.149982  ,0.151143  }
		3d-hash size is 9344 bytes
	Triangles num=30
	Triangles box={0.0804451  ,0.0818203  ,0.155454  ,0.156951  ,0.142085  ,0.142632  }
		3d-hash size is 9344 bytes
	Triangles num=30
	Triangles box={0.0882225  ,0.0884365  ,0.155454  ,0.156951  ,0.147313  ,0.148778  }
		3d-hash size is 9344 bytes
	Triangles num=30
	Triangles box={0.0777427  ,0.0779566  ,0.155454  ,0.156951  ,0.145782  ,0.147246  }
		3d-hash size is 9344 bytes
	Triangles num=78
	Triangles box={0.0769688  ,0.0892111  ,0.173621  ,0.173621  ,0.141158  ,0.153401  }
		3d-hash size is 9632 bytes
Mapped triangles processed in 0.018 s.
-----------------------------------------------------------------------
Getting sectors:
Number of sectors: 0
-----------------------------------------------------------------------
-----------------------------------------------------------------------

Current CPU = 0 sec

-----------------------------------------------------------------------
Mesh dimensions:
				I[0 ]=18
				I[1 ]=8
				I[2 ]=16

Comp. domain size:
				a[0  ]=0.0240571
				a[1  ]=0.148335
				a[2  ]=0.153774
				a[3  ]=0.213315
				a[4  ]=0.102287
				a[5  ]=0.216446

Fluid calculated			1
Solid calculated			0
-----------------------------------------------------------------------
MESH Build started...
-----------------------------------------------------------------------
Mesh LEVEL = 4
-----------------------------------------------------------------------
Setting regions...OK (0.000 s)
Base mesh info------------------
	2D flag  =0
	Period   =[0, 0, 0]
	Nx=18
		x[0]=0.0240571
		x[1]=0.0309635
		x[2]=0.0378679
		x[3]=0.0447722
		x[4]=0.0516765
		x[5]=0.0585808
		x[6]=0.0654851
		x[7]=0.0723894
		x[8]=0.0792937
		x[9]=0.086198
		x[10]=0.0931023
		x[11]=0.100007
		x[12]=0.106911
		x[13]=0.113815
		x[14]=0.12072
		x[15]=0.127624
		x[16]=0.134528
		x[17]=0.141433
		x[18]=0.148335
	Ny=8
		y[0]=0.153774
		y[1]=0.161219
		y[2]=0.168662
		y[3]=0.176104
		y[4]=0.183547
		y[5]=0.19099
		y[6]=0.198432
		y[7]=0.205875
		y[8]=0.213315
	Nz=16
		z[0]=0.102287
		z[1]=0.109424
		z[2]=0.116559
		z[3]=0.123694
		z[4]=0.130829
		z[5]=0.137964
		z[6]=0.145099
		z[7]=0.152233
		z[8]=0.159368
		z[9]=0.166503
		z[10]=0.173638
		z[11]=0.180773
		z[12]=0.187908
		z[13]=0.195043
		z[14]=0.202178
		z[15]=0.209313
		z[16]=0.216446
End of base mesh info---------
Input_mesh_settings--------------------------------
Settings 0----------------
	Scope: GLOBAL
	Type:	------MESHER_SETTINGS----------
	RefAllCells           =0
	RefFluidCells         =0
	RefPartCells          =0
	RefSolidCells         =0
	l_SSFR(Capture crit)  =4
	l_curv(Curvature crit)=0
	l_tol(Tolerance crit) =4
	  k_tol               =0.000377956
	UseChannelRef         =1
	  NCR_method          =0
	  l_NCR               =2
	  N_gap               =5
	  Use d_NCR_min       =0
	  Use d_NCR_max       =0
	IgnoreThinChannelsHeight         =0
	--END_OF_MESHER_SETTINGS-------
End of input mesh settings-------------------------

-----------------------------------------------------------------------
Building geometries:
-----------------------------------------------------------------------
Building body-set (0) of geometry Fluid.0.(0). ...

-----------------------------------------------------------------------
Refining by triangulation...
Refinement input: 2304 bricks
Setting regions...OK (0.000 s)
Setting regions...OK (0.000 s)
Setting regions...OK (0.000 s)
Setting regions...OK (0.000 s)
Setting regions...OK (0.000 s)
Refinement result: 22667 bricks (0.124 s)
Refinement input: 22667 bricks
Refinement result: 22667 bricks (0.004 s)
Collecting and processing rays...OK (0.114 s)
Capturing...OK (0.003 s)
Refining by triangulation takes 0.245 s
-----------------------------------------------------------------------

-----------------------------------------------------------------------
Refining peculiar surfaces...
Refinement input: 22667 bricks
Setting regions...OK (0.000 s)
Refinement result: 22723 bricks (0.003 s)
Refinement input: 22723 bricks
Setting regions...OK (0.000 s)
Refinement result: 22793 bricks (0.003 s)
Refinement input: 22793 bricks
Setting regions...OK (0.000 s)
Refinement result: 22856 bricks (0.003 s)
Refinement input: 22856 bricks
Setting regions...OK (0.000 s)
Refinement result: 22905 bricks (0.003 s)
Refinement input: 22905 bricks
Setting regions...OK (0.000 s)
Refinement result: 23500 bricks (0.004 s)
5 surfaces refined
Refining peculiar surfaces takes 0.05 s
-----------------------------------------------------------------------
Collecting and processing rays...OK (0.012 s)
Capturing...OK (0.000 s)
Collecting and processing rays...OK (0.000 s)
Capturing...OK (0.000 s)
Collecting and processing rays...OK (0.000 s)
Capturing...OK (0.000 s)

-----------------------------------------------------------------------
Base mesh 1 Refining...
Refinement input: 23500 bricks
Refinement result: 23500 bricks (0.000 s)
Collecting and processing rays...OK (0.000 s)
Capturing...OK (0.000 s)
-----------------------------------------------------------------------
Refining channels...
FYI: CNarrowChannelRefiner::RefineChannels_PRLL
Refinement input: 23500 bricks
Setting regions...OK (0.000 s)
Refinement result: 25509 bricks (0.003 s)
Collecting and processing rays...OK (0.003 s)
Capturing...OK (0.000 s)
FYI: m_iteration_count = 0
FYI: level1 statistics:
     level1_cnt_plus[1]=2296;		level1_cnt_minus[1]=0
     level1_cnt_plus[2]=0;		level1_cnt_minus[2]=0
     level1_cnt_plus[3]=0;		level1_cnt_minus[3]=0
     level1_cnt_plus[4]=0;		level1_cnt_minus[4]=0
     level1_cnt_plus[5]=0;		level1_cnt_minus[5]=0
     level1_cnt_plus[6]=0;		level1_cnt_minus[6]=0
     level1_cnt_plus[7]=0;		level1_cnt_minus[7]=0
     level1_cnt_plus[8]=0;		level1_cnt_minus[8]=0
     level1_cnt_plus[9]=0;		level1_cnt_minus[9]=0
Refinement input: 25509 bricks
Setting regions...OK (0.000 s)
Refinement result: 25852 bricks (0.003 s)
Collecting and processing rays...OK (0.002 s)
Capturing...OK (0.000 s)
FYI: m_iteration_count = 1
FYI: level1 statistics:
     level1_cnt_plus[1]=2670;		level1_cnt_minus[1]=0
     level1_cnt_plus[2]=16;		level1_cnt_minus[2]=0
     level1_cnt_plus[3]=0;		level1_cnt_minus[3]=0
     level1_cnt_plus[4]=0;		level1_cnt_minus[4]=0
     level1_cnt_plus[5]=0;		level1_cnt_minus[5]=0
     level1_cnt_plus[6]=0;		level1_cnt_minus[6]=0
     level1_cnt_plus[7]=0;		level1_cnt_minus[7]=0
     level1_cnt_plus[8]=0;		level1_cnt_minus[8]=0
     level1_cnt_plus[9]=0;		level1_cnt_minus[9]=0
Refinement input: 25852 bricks
Setting regions...OK (0.000 s)
Refinement result: 25936 bricks (0.003 s)
Collecting and processing rays...OK (0.001 s)
Capturing...OK (0.000 s)
FYI: m_iteration_count = 2
FYI: level1 statistics:
     level1_cnt_plus[1]=2766;		level1_cnt_minus[1]=0
     level1_cnt_plus[2]=16;		level1_cnt_minus[2]=0
     level1_cnt_plus[3]=0;		level1_cnt_minus[3]=0
     level1_cnt_plus[4]=0;		level1_cnt_minus[4]=0
     level1_cnt_plus[5]=0;		level1_cnt_minus[5]=0
     level1_cnt_plus[6]=0;		level1_cnt_minus[6]=0
     level1_cnt_plus[7]=0;		level1_cnt_minus[7]=0
     level1_cnt_plus[8]=0;		level1_cnt_minus[8]=0
     level1_cnt_plus[9]=0;		level1_cnt_minus[9]=0
Refinement input: 25936 bricks
Setting regions...OK (0.000 s)
Refinement result: 25943 bricks (0.003 s)
Collecting and processing rays...OK (0.000 s)
Capturing...OK (0.000 s)
FYI: m_iteration_count = 3
FYI: level1 statistics:
     level1_cnt_plus[1]=2774;		level1_cnt_minus[1]=0
     level1_cnt_plus[2]=16;		level1_cnt_minus[2]=0
     level1_cnt_plus[3]=0;		level1_cnt_minus[3]=0
     level1_cnt_plus[4]=0;		level1_cnt_minus[4]=0
     level1_cnt_plus[5]=0;		level1_cnt_minus[5]=0
     level1_cnt_plus[6]=0;		level1_cnt_minus[6]=0
     level1_cnt_plus[7]=0;		level1_cnt_minus[7]=0
     level1_cnt_plus[8]=0;		level1_cnt_minus[8]=0
     level1_cnt_plus[9]=0;		level1_cnt_minus[9]=0
FYI: m_iteration_count = 4
FYI: level1 statistics:
     level1_cnt_plus[1]=2774;		level1_cnt_minus[1]=0
     level1_cnt_plus[2]=16;		level1_cnt_minus[2]=0
     level1_cnt_plus[3]=0;		level1_cnt_minus[3]=0
     level1_cnt_plus[4]=0;		level1_cnt_minus[4]=0
     level1_cnt_plus[5]=0;		level1_cnt_minus[5]=0
     level1_cnt_plus[6]=0;		level1_cnt_minus[6]=0
     level1_cnt_plus[7]=0;		level1_cnt_minus[7]=0
     level1_cnt_plus[8]=0;		level1_cnt_minus[8]=0
     level1_cnt_plus[9]=0;		level1_cnt_minus[9]=0
Refinement input: 25943 bricks
Setting regions...OK (0.000 s)
Refinement result: 28715 bricks (0.004 s)
Collecting and processing rays...OK (0.004 s)
Capturing...OK (0.001 s)
FYI: m_iteration_count = 5
FYI: level1 statistics:
     level1_cnt_plus[1]=5807;		level1_cnt_minus[1]=0
     level1_cnt_plus[2]=136;		level1_cnt_minus[2]=0
     level1_cnt_plus[3]=0;		level1_cnt_minus[3]=0
     level1_cnt_plus[4]=0;		level1_cnt_minus[4]=0
     level1_cnt_plus[5]=0;		level1_cnt_minus[5]=0
     level1_cnt_plus[6]=0;		level1_cnt_minus[6]=0
     level1_cnt_plus[7]=0;		level1_cnt_minus[7]=0
     level1_cnt_plus[8]=0;		level1_cnt_minus[8]=0
     level1_cnt_plus[9]=0;		level1_cnt_minus[9]=0
Refinement input: 28715 bricks
Setting regions...OK (0.000 s)
Refinement result: 28757 bricks (0.003 s)
Collecting and processing rays...OK (0.000 s)
Capturing...OK (0.000 s)
FYI: m_iteration_count = 6
FYI: level1 statistics:
     level1_cnt_plus[1]=5855;		level1_cnt_minus[1]=0
     level1_cnt_plus[2]=136;		level1_cnt_minus[2]=0
     level1_cnt_plus[3]=0;		level1_cnt_minus[3]=0
     level1_cnt_plus[4]=0;		level1_cnt_minus[4]=0
     level1_cnt_plus[5]=0;		level1_cnt_minus[5]=0
     level1_cnt_plus[6]=0;		level1_cnt_minus[6]=0
     level1_cnt_plus[7]=0;		level1_cnt_minus[7]=0
     level1_cnt_plus[8]=0;		level1_cnt_minus[8]=0
     level1_cnt_plus[9]=0;		level1_cnt_minus[9]=0
FYI: m_iteration_count = 7
FYI: level1 statistics:
     level1_cnt_plus[1]=5855;		level1_cnt_minus[1]=0
     level1_cnt_plus[2]=136;		level1_cnt_minus[2]=0
     level1_cnt_plus[3]=0;		level1_cnt_minus[3]=0
     level1_cnt_plus[4]=0;		level1_cnt_minus[4]=0
     level1_cnt_plus[5]=0;		level1_cnt_minus[5]=0
     level1_cnt_plus[6]=0;		level1_cnt_minus[6]=0
     level1_cnt_plus[7]=0;		level1_cnt_minus[7]=0
     level1_cnt_plus[8]=0;		level1_cnt_minus[8]=0
     level1_cnt_plus[9]=0;		level1_cnt_minus[9]=0
FYI: level1 statistics:
     level1_cnt_plus[1]=5855;		level1_cnt_minus[1]=0
     level1_cnt_plus[2]=136;		level1_cnt_minus[2]=0
     level1_cnt_plus[3]=0;		level1_cnt_minus[3]=0
     level1_cnt_plus[4]=0;		level1_cnt_minus[4]=0
     level1_cnt_plus[5]=0;		level1_cnt_minus[5]=0
     level1_cnt_plus[6]=0;		level1_cnt_minus[6]=0
     level1_cnt_plus[7]=0;		level1_cnt_minus[7]=0
     level1_cnt_plus[8]=0;		level1_cnt_minus[8]=0
     level1_cnt_plus[9]=0;		level1_cnt_minus[9]=0

-----------------------------------------------------------------------
U-shapes refinement...
Refinement input: 28757 bricks
Setting regions...OK (0.000 s)
Refinement result: 28960 bricks (0.008 s)
Collecting and processing rays...OK (0.007 s)
Capturing...OK (0.000 s)
-----------------------------------------------------------------------

-----------------------------------------------------------------------
Equi Distant Refiner:
Equi Distant Refiner takes 0.00 s
-----------------------------------------------------------------------
Building geometry takes 0.809 s
Geometry Fluid.0.
Total		28960
Partial	10021
Fluid		4694
Solid		14130
Bad		115

/-Ray Intersection---------------/ Time	0.513 s
Calls			10919
CorrectRay Calls	0



-----------------------------------------------------------------------
Building geometries takes 0.811 s
-----------------------------------------------------------------------

-----------------------------------------------------------------------
PostBuilding geometries:
-----------------------------------------------------------------------
PostBuilding body-set (0) geometry Fluid.0. (0)...
Collecting and processing rays...OK (0.000 s)
Capturing...OK (0.000 s)
PostBuilding geometry takes 0.001 s
Geometry Fluid.0.
Total		28960
Partial	10021
Fluid		4694
Solid		14130
Bad		115

-----------------------------------------------------------------------
PostBuilding geometries takes 0.002 s
-----------------------------------------------------------------------
Defect ray count	0
FYI: CNarrowChannelRefiner::RedistributeLevel1_step_1: is finished
FYI: level1 statistics:
     level1_cnt_plus[1]=2623;		level1_cnt_minus[1]=0
     level1_cnt_plus[2]=3368;		level1_cnt_minus[2]=0
     level1_cnt_plus[3]=0;		level1_cnt_minus[3]=0
     level1_cnt_plus[4]=0;		level1_cnt_minus[4]=0
     level1_cnt_plus[5]=0;		level1_cnt_minus[5]=0
     level1_cnt_plus[6]=0;		level1_cnt_minus[6]=0
     level1_cnt_plus[7]=0;		level1_cnt_minus[7]=0
     level1_cnt_plus[8]=0;		level1_cnt_minus[8]=0
     level1_cnt_plus[9]=0;		level1_cnt_minus[9]=0
FYI: CNarrowChannelRefiner::RedistributeLevel1_step_2: is started
FYI: CNarrowChannelRefiner::RedistributeLevel1_step_2: is finished
FYI: level1 statistics:
     level1_cnt_plus[1]=3951;		level1_cnt_minus[1]=0
     level1_cnt_plus[2]=7278;		level1_cnt_minus[2]=0
     level1_cnt_plus[3]=0;		level1_cnt_minus[3]=0
     level1_cnt_plus[4]=0;		level1_cnt_minus[4]=0
     level1_cnt_plus[5]=0;		level1_cnt_minus[5]=0
     level1_cnt_plus[6]=0;		level1_cnt_minus[6]=0
     level1_cnt_plus[7]=0;		level1_cnt_minus[7]=0
     level1_cnt_plus[8]=0;		level1_cnt_minus[8]=0
     level1_cnt_plus[9]=0;		level1_cnt_minus[9]=0
FYI: CNarrowChannelRefiner::RedistributeLevel1_step_3: is started
FYI: CNarrowChannelRefiner::RedistributeLevel1_step_3: is finished
RedistributeLevel1 takes:
FYI: level1 statistics:
     level1_cnt_plus[1]=3951;		level1_cnt_minus[1]=4351
     level1_cnt_plus[2]=7278;		level1_cnt_minus[2]=1576
     level1_cnt_plus[3]=0;		level1_cnt_minus[3]=0
     level1_cnt_plus[4]=0;		level1_cnt_minus[4]=0
     level1_cnt_plus[5]=0;		level1_cnt_minus[5]=0
     level1_cnt_plus[6]=0;		level1_cnt_minus[6]=0
     level1_cnt_plus[7]=0;		level1_cnt_minus[7]=0
     level1_cnt_plus[8]=0;		level1_cnt_minus[8]=0
     level1_cnt_plus[9]=0;		level1_cnt_minus[9]=0
-----------------------------------------------------------------------
MSH format builder (Iteration 0)
-----------------------------------------------------------------------
Memory Working Set Current = 62.09 Mb, Memory Working Set Peak = 77.93 Mb
Process Threads Number: 21
-----------------------------------------------------------------------
Loading geometries triangulation & x-stacks...OK
x-stacks size = 0.80 Mb
Total bricks count: 28960
-----------------------------------------------------------------------
MSH (Real Geometry) format constructor:
	Getting brick sets...OK (0.001 s)
	Min x-stack xeps = 1.52439e-05
	D / dh / eps [axis=0] = (0.124278, 0.000431384, 4.31384e-07)
	D / dh / eps [axis=1] = (0.059541, 0.000465038, 4.65038e-07)
	D / dh / eps [axis=2] = (0.114159, 0.000445829, 4.45829e-07)
	Time (xeps): 0.000 s
Level 4
	Set (0)  size: 2476
	Set (0)  time: 0.032 s
	Set (1)  size: 2476
	Set (1)  time: 0.031 s
Level 3
	Set (0)  size: 3794
	Set (0)  time: 0.029 s
	Set (1)  size: 3803
	Set (1)  time: 0.029 s
Level 2
	Set (0)  size: 6014
	Set (0)  time: 0.036 s
	Set (1)  size: 6015
	Set (1)  time: 0.033 s
Level 1
	Set (0)  size: 1306
	Set (0)  time: 0.001 s
	Set (1)  size: 1302
	Set (1)  time: 0.001 s
Level 0
	Set (0)  size: 887
	Set (0)  time: 0.000 s
	Set (1)  size: 887
	Set (1)  time: 0.000 s
Result:
	Bricks number:                        28960

	Memory usage:                         6.299 MB
	Memory usage (per brick):             0.223 KB
	Construction time:                    0.196 s

	Topology features:
	------------------
	- High quality bricks                  99.99 % (28956)
	- Medium quality bricks                 0.01 % (4)
	- Bad quality bricks                    0.00 % (0)
	- Ribs corrected bricks                 0.00 % (0)
	- Points with geom-info (bricks)        0.06 % (16)
	- Points with closest-info (bricks)     0.02 % (6)
	- Triangulated by center (bricks)       0.97 % (280)
	- Facet w-faces mergings (bricks)       0.00 % (0)
	- To refine (bricks)                    0.00 % (0)

-----------------------------------------------------------------------
Memory Working Set Current = 95.29 Mb, Memory Working Set Peak = 95.30 Mb
Process Threads Number: 21
-----------------------------------------------------------------------
-----------------------------------------------------------------------
-----------------------------------------------------------------------
MSH --> BCF format (Iteration 0)...
BCF collector...(remove mode=0)
	Time (alloc counter per brick): 0.001 s
	Brick    count: 28960
	Av.f all count: 15120
	Av.s all count: 24610
	Av.f pid count: 10437
	Av.s pid count: 10727
	Faces fs count: 24702
	Faces ff count: 0
	Faces ss count: 0
	Faces bb count: 0
	Faces fe count: 0
	Faces se count: 2494
	Faces fw count: 27196
	Faces af count: 43048
	Faces as count: 77689
	Time (all count): 	0.004 s
	Time (bcf alloc): 	0.002 s
	Time (shifts alloc): 	0.002 s
	Time (shifts init): 	0.002 s
	Time (bcf fill): 	0.011 s
	Time (add av to faces): 0.000 s
	Time (add faces to av): 0.005 s
Time (bcf collect): 		0.027 s
	AV checker...
	Time (check av): 	0.009 s
	Subdomain checker...
		Subdomains construction time: 0.004 s.
		Subdomains sort time: 0.000 s.
			Subdomain 0 (geom_ind=0): 13171 av
			Subdomain 1 (geom_ind=0): 1949 av
			Subdomain 2 (geom_ind=1): 24610 av
		gi: 0, subdomains: 2, real bodies: 2
		gi: 1, subdomains: 1, real bodies: 0
		Defect subdomains: 0
	Time (check subdoms): 	0.005 s
Time (bcf iteration total): 	0.041 s
	Time (fw-nb): 		0.002 s
	Fixed mutual fw-nb:     14514 (bb: 0)
	Time (fw-nb mutual): 	0.002 s
	Time (fw-nb sort): 	0.000 s
	Fw-opt BEFORE total:    27196 (fs=24702, ff=0, ss=0)
	Fw-opt AFTER  total:    16459 (fs=13965, ff=0, ss=0, failed fw/br=2/0, big_curv=35, big_poly=0)
	Fw-opt RESULT:          10737 (res/(fs+ff+ss) = 43.47 %)
	Time (fw-opt): 		0.006 s
	Time (fw-re-order): 	0.002 s
	Time (fw-nb): 		0.009 s
	Fixed mutual fw-nb:     34645 (bb: 0)
	Time (fw-nb mutual): 	0.003 s
	Time (fw-nb sort): 	0.000 s
	Time (rfd fix): 	0.000 s
	Time (av convexity): 	0.004 s
	Time (av small volume): 0.000 s
	Time (diagonal fw-nb): 	0.022 s
	Fixed mutual fw-nb:     0 (bb: 0)
	Time (fw-nb mutual): 	0.002 s
	Time (fw-nb sort): 	0.000 s
	Fluid subdomains: 2
	Faces fw-nb diff sd:    0
	Time (fw-nb diff sd): 	0.002 s
Time (bcf calc): 		0.060 s
-----------------------------------------------------------------------
Time (bcf total): 		0.101 s
-----------------------------------------------------------------------
-----------------------------------------------------------------------
Mega-cv constructor for fluid...
	 247 av's is treated as thin
Relative size generator (threshold = 0.05)...
	Iteration 1 (small cluster count = 786)
	Iteration 2 (small cluster count = 321)
	Iteration 3 (small cluster count = 44)
	Iteration 4 (small cluster count = 7)
	Iteration 5 (small cluster count = 2)
	Iteration 6 (small cluster count = 0)
	 770 mega-cv's generated
	 22 mega-cv's removed
Relative size generator is completed OK (0.003 s)
Apply fa-rules to mega-cv clusters fixes...
	Fa-rule violation fixes:       28 of       28 (total cluster# =      754)
OK (0.001 s)
Convert clusters:
	 747 mega-cv's total
Mega-cv count: 747
Time (mega-cv fill): 	0.001 s
Time (mega-cv total): 	0.012 s
-----------------------------------------------------------------------
Mixing plane rotation regions: NO.
Sliding mesh rotation regions: NO.
Fluid/fluid faces: NO.
----------------------------------------------------------
BCF --> BCF.GEOMSUBDOM (bridge arrays):
MESH (0):
	Fluid Subdom Constructor: 2 subdom(s).
	Solid Subdom Constructor: 1 subdom(s).
	Net Asm Subdom Constructor: 0 subdom(s).
	GEOMSUBDOM (0): gi=0 fluid av=13171 cv=12466 fa=37710 fb=0 fw=11639 V=3.561790e-05
	Cache data...OK
	GEOMSUBDOM (1): gi=0 fluid av=1949 cv=1800 fa=5338 fb=0 fw=2326 V=1.906116e-06
	Cache data...OK
	GEOMSUBDOM (2): gi=1 solid av=24610 cv=24610 fa=77689 fb=0 fw=16459 V=8.072053e-04
	Cache data...OK
	Setting nb of w-faces...OK (0.006 s).
	Correcting nb of w-faces...
	Time(correct_fw_nb)=0.004 s

MESH (0) checking:
	GEOMSUBDOM (0):fa_s=0.0567372396978489 fb_s=0.0000000000000000 fw_s=0.0116980235939241 fw_nb=90666
	              :d_const(194)=1.2821e-10 d_linear(194)=2.71978e-10
	GEOMSUBDOM (1):fa_s=0.0038087069831405 fb_s=0.0000000000000000 fw_s=0.0014176786144501 fw_nb=18790
	              :d_const(267)=1.35821e-13 d_linear(70)=6.24169e-13
	GEOMSUBDOM (2):fa_s=0.4208826477348873 fb_s=0.0000000000000000 fw_s=0.0698838734327448 fw_nb=120024
	              :d_const(566)=1.11463e-10 d_linear(566)=3.91115e-10
MESH (0) checking: OK.
Time (MDS): 	0.051 s
----------------------------------------------------------

-----------------------------------------------------------------------
BCF CHECKSUM DATA (Mesh 0):

WARNING! 229 w-face(s) without RefFacesData.
BRICK |Level1| Sum:               26010
FACE_A Area Sum:   G.Fluid        0.0605459466809893
FACE_A Area Sum:   G.Solid        0.4208826477348873
FACE_W Area Sum:                  0.0698838734327448
FACE_W Nb   Sum:                  120024
FACE_W min curvatures sum:        -3186194.61634255
FACE_W max curvatures sum:        4895186.62039327
AV Max Disbalance(Const) :        1.30648e-10 (cid=500, t={13, 86, 2}, avid=217, pid=178)
AV Max Disbalance(Linear):        5.94378e-10 (cid=1421, t={0, 86, 16}, avid=615, pid=481)
-----------------------------------------------------------------------


-----------------------------------------------------------------------
MESHER TOPOLOGY DATA:

BRICKS: Total                 28960
BRICKS: 1-CV                  18566
BRICKS: 2-CV                  10019
BRICKS: 3-CV                  374
BRICKS: 4-CV                  1
BRICKS: Bad                   0

AV:     G.Total               39730
AV:     G.Fluid               15120
AV:     G.Solid               24610

AV:     G.Fluid Thin Profile    2.20 % (332)
AV:     G.Solid Thin Profile    0.17 % (43)

AV:     G.Fluid Thin For Mega   1.63 % (247)
AV:     G.Solid Thin For Mega   0.15 % (37)

AV:     G.Fluid Non-Convex     19.71 % (2980)
AV:     G.Solid Non-Convex     18.95 % (4663)

AV:     G.Fluid Non-Ess-Convex      6.67 % (1008)
AV:     G.Solid Non-Ess-Convex      7.79 % (1918)

FACE_A: G.Fluid          (af) 43048 (partially opened 22426)
FACE_A: G.Solid          (as) 77689 (partially opened 22977)

FACE_B: G.Total          (b)  0

FACE_W: G.Total                 16459       Brick/Bound
FACE_W: G.Fluid/Solid    (fs_g) 13965       0           
FACE_W: G.Fluid/Fluid    (ff_g) 0           0           
FACE_W: G.Solid/Solid    (ss_g) 0           0           
FACE_W: G.Fluid/External (fe_g) 0
FACE_W: G.Solid/External (se_g) 2494

AV/CV max fa count (on brick side):8
AV/CV max fw count:                8
AV/CV max fb count:                0
AV/CV max fw poly count:           32

MEMORY: Total                   13.914 MB
MEMORY: Per Brick               0.492 KB
-----------------------------------------------------------------------

-----------------------------------------------------------------------
Connectivities information:
	Number of conns: 0
-----------------------------------------------------------------------
	Time (gap size): 	0.028 s
-----------------------------------------------------------------------
Calculating curvature and tolerance criteria...
Curvature: min=0 max=3.14056
Tolerance: min=0 max=0.000388012
Calculating curvature and tolerance criteria takes 0.171 s
-----------------------------------------------------------------------
MESH Build(FS) finished. Time=1.634 s
-----------------------------------------------------------------------
Current CPU = 1 sec

Nx=18
Ny=8
Nz=16
Max BRICK Level=4
Mesh Level=4
-----------------CModelBodies2MeshMapper::CollectData started -------------------------------
-----------------CModelBodies2MeshMapper Report -------------------------------
FluidDomains 2 SolidDomains 1 VoidDomains 0 
Domains RefIndexes
Domain 0, Index count 25
Domain 1, Index count 42
Domain 2, Index count 67
----------------- -------------------------------
	ModelBodies
Total resolved Bodies 0 BodySets 0

--------------------------------------------------------------------------
	Positive geometry Bodies
Total resolved Bodies 2 BodySets 2
BodySet 0
	Bodies list:
			#0	Name: ;	ID: 9a74b07a-7da4-4253-bdb6-d36bb8376c95
	Domains list:		 1 
BodySet 1
	Bodies list:
			#0	Name: ;	ID: 833b7ec4-f58f-4707-bc7e-5cbfca3e6b81
	Domains list:		 0 

--------------------------------------------------------------------------
	Fluid regions
Total resolved Bodies 2 BodySets 1
BodySet 0	Material: Water; 
	Bodies list:
			#0	Name: ;	ID: 9a74b07a-7da4-4253-bdb6-d36bb8376c95
			#1	Name: ;	ID: 833b7ec4-f58f-4707-bc7e-5cbfca3e6b81
	Domains list:		 0 		 1 

--------------------------------------------------------------------------
-----------------CModelBodies2MeshMapper::CollectData finished successfully-------------------
Saving initial mesh in: N:\Downloads\GitHub\liquid-propellant-engine\2kN Heat Sink Engine\Simulation Only\1\Parametric Study 2\19\19.fld .
Storing results...
Estimated CPT size=6.894 MB.
	Time (write bcf): 1.429 s
OK
-----------------------------------------------------------------------
Memory Working Set Current = 121.84 Mb, Memory Working Set Peak = 121.84 Mb
Process Threads Number: 21
-----------------------------------------------------------------------
Cleaning memory...
		Time (free xsl):                    	0.002 s
Free Geometry DB takes 0.000 s
	Time (free bcf): 	0.012 s
		Time (free bcf mesh):               	0.030 s
	Time (free mesher data):              	0.034 s
Copying... OK
Mesh generation normally finished at	9.4.2021	17:2:24
Mesher CPU = 3 sec
Mesher is finished at	9.4.2021	17:2:24
-----------------------------------------------------------------------
Memory Working Set Current = 52.36 Mb, Memory Working Set Peak = 122.23 Mb
Process Threads Number: 21
-----------------------------------------------------------------------
Algebra Pool      : mem_usage = 0.94 Mb, allocated count = 0
Log ended at 09.04.2021	17:02:24
