Log started at 30.03.2021	12:39:29
Number of used processors (NPROC): 4.
Number of mesh partitions (NPART): 4.
Total Physical Memory = 15.87 Gb, Available Physical Memory = 10.41 Gb
Computer name:	MCAE32
Operating system:	Windows 10 (or higher) (Version 10.0.18363)

SOLIDWORKS 2020 SP4.0
Flow Simulation 2020  x64 / 4995 / MESHER ver. efd_dev.4663_05.07.2019 

Project: N:\Downloads\GitHub\liquid-propellant-engine\2kN Heat Sink Engine\Simulation Only\1\1.xmlconfig
Configuration name: Default
Project name: Single Fluid (Water Substitute)
NGK: OFF
MBO: OFF

Mesh generation started:	30.3.2021	12:39:29
-----------------------------------------------------------------------
Mesher option run = eRunMesherNormal
-----------------------------------------------------------------------
Current CPU = 0 sec
-----------------------------------------------------------------------
Geometries initialization:
-----------------------------------------------------------------------
Loading mesh settings (global/local)...
-----------------------------------------------------------------------
Number of geometries from DB: 1
Geometry(0):
	Guid = {00000000-0000-0000-0000-000000000000}
	Fluid..
	1 Body.
	2 Real bodies.
	-- Bodyset 0 --
		Tolerance=3.3166e-05.
		66 Face(s).
			66 of b-spline type.
		0 Face(s) that have no ref faces
		13 Plane surface(s).
		21 Cylinder surface(s).
		5 Cone surface(s).
		4 Torus surface(s).
		23 B- surface(s).
		13796 Triangle(s).
		Getting triangle connectivities from DB: 0.001 s
		116 Edge(s).
			116 of b-spline type.
		BodyGeom reading: 0.009 s.
		49 Reference Face(s).
		10010 Reference Triangles.
		Getting triangle connectivities from DB (Ref): 0.001 s
		BodyGeom Ref reading: 0.001 s.
		Getting triangle connectivities from DB (Extra Triangulation): 0.001 s
Geometry(1):
	Solid.
	-- Bodyset 1 --
	Empty
-----------------------------------------------------------------------
Number of geometries in task: 2
Number of bodysets   in task: 2
-----------------------------------------------------------------------
	Making hash and connectivity for Bodyset ...
		CBodyGeom:
		Hash size: {24, 28, 24}.
		Mesh size: {24, 14, 24}.
		Hashing triangles...Ok.
			axis(0) tr sizes: average=41 max=3274
			axis(1) tr sizes: average=38 max=3329
			axis(2) tr sizes: average=41 max=3107
		Number of t-connected sets:3
			(0) size=12
			(1) size=6926 cavity
			(2) size=6858 cavity
		Done.
		CBodyGeomRef:
		Hashing triangles...Ok.
			axis(0) tr sizes: average=152 max=1575
			axis(1) tr sizes: average=124 max=1212
			axis(2) tr sizes: average=153 max=1784
		Done.
	0.00961 s.
Geometries reading and preparing has taken 0.026 s.

Mapped triangles:
Hashing geometries triangles
	Triangles num=13796
	Triangles box={-0.000168774  ,0.168943  ,0.138351  ,0.231209  ,0.0607848  ,0.23183  }
		3d-hash size is 127928 bytes
Hashing peculiar surfaces triangles
	Triangles num=37
	Triangles box={0.024018  ,0.0307351  ,0.185147  ,0.196579  ,0.102187  ,0.111432  }
		3d-hash size is 32732 bytes
	Triangles num=37
	Triangles box={0.0702151  ,0.0815803  ,0.185147  ,0.196579  ,0.215167  ,0.216361  }
		3d-hash size is 32644 bytes
	Triangles num=37
	Triangles box={0.14367  ,0.148319  ,0.185147  ,0.196579  ,0.114046  ,0.124486  }
		3d-hash size is 32680 bytes
	Triangles num=37
	Triangles box={0.0773704  ,0.0888028  ,0.213256  ,0.213256  ,0.141572  ,0.153  }
		3d-hash size is 32556 bytes
	Triangles num=28
	Triangles box={0.0832377  ,0.0844845  ,0.149891  ,0.151151  ,0.141935  ,0.142118  }
		3d-hash size is 32408 bytes
	Triangles num=28
	Triangles box={0.0785348  ,0.0793167  ,0.149891  ,0.151151  ,0.143491  ,0.144479  }
		3d-hash size is 32376 bytes
	Triangles num=28
	Triangles box={0.0858904  ,0.0868786  ,0.149891  ,0.151151  ,0.142725  ,0.143507  }
		3d-hash size is 32376 bytes
	Triangles num=28
	Triangles box={0.0877926  ,0.0882574  ,0.149891  ,0.151151  ,0.144736  ,0.145907  }
		3d-hash size is 32376 bytes
	Triangles num=28
	Triangles box={0.0779217  ,0.0783866  ,0.149891  ,0.151151  ,0.148653  ,0.149824  }
		3d-hash size is 32376 bytes
	Triangles num=28
	Triangles box={0.0844625  ,0.0856338  ,0.149891  ,0.151151  ,0.151983  ,0.152448  }
		3d-hash size is 32376 bytes
	Triangles num=28
	Triangles box={0.0816946  ,0.0829414  ,0.149891  ,0.151151  ,0.152442  ,0.152625  }
		3d-hash size is 32376 bytes
	Triangles num=28
	Triangles box={0.0793006  ,0.0802888  ,0.149891  ,0.151151  ,0.151053  ,0.151835  }
		3d-hash size is 32376 bytes
	Triangles num=28
	Triangles box={0.0868625  ,0.0876444  ,0.149891  ,0.151151  ,0.150081  ,0.151069  }
		3d-hash size is 32376 bytes
	Triangles num=28
	Triangles box={0.0805454  ,0.0817167  ,0.149891  ,0.151151  ,0.142112  ,0.142577  }
		3d-hash size is 32376 bytes
	Triangles num=28
	Triangles box={0.0882515  ,0.0884346  ,0.149891  ,0.151151  ,0.147428  ,0.148675  }
		3d-hash size is 32376 bytes
	Triangles num=28
	Triangles box={0.0777446  ,0.0779276  ,0.149891  ,0.151151  ,0.145885  ,0.147132  }
		3d-hash size is 32408 bytes
	Triangles num=76
	Triangles box={0.0773456  ,0.0888299  ,0.173621  ,0.173621  ,0.141534  ,0.153011  }
		3d-hash size is 32620 bytes
Mapped triangles processed in 0.015 s.
-----------------------------------------------------------------------
Getting sectors:
Number of sectors: 0
-----------------------------------------------------------------------
-----------------------------------------------------------------------

Current CPU = 0 sec

-----------------------------------------------------------------------
Mesh dimensions:
				I[0 ]=24
				I[1 ]=14
				I[2 ]=24

Comp. domain size:
				a[0  ]=0
				a[1  ]=0.168774
				a[2  ]=0.138444
				a[3  ]=0.231117
				a[4  ]=0.0609555
				a[5  ]=0.231659

Fluid calculated			1
Solid calculated			0
-----------------------------------------------------------------------
MESH Build started...
-----------------------------------------------------------------------
Mesh LEVEL = 4
-----------------------------------------------------------------------
Setting regions...OK (0.000 s)
Base mesh info------------------
	2D flag  =0
	Period   =[0, 0, 0]
	Nx=24
		x[0]=0
		x[1]=0.00703446
		x[2]=0.0140667
		x[3]=0.021099
		x[4]=0.0281312
		x[5]=0.0351635
		x[6]=0.0421957
		x[7]=0.049228
		x[8]=0.0562602
		x[9]=0.0632925
		x[10]=0.0703247
		x[11]=0.077357
		x[12]=0.0843892
		x[13]=0.0914215
		x[14]=0.0984537
		x[15]=0.105486
		x[16]=0.112518
		x[17]=0.119551
		x[18]=0.126583
		x[19]=0.133615
		x[20]=0.140647
		x[21]=0.14768
		x[22]=0.154712
		x[23]=0.161744
		x[24]=0.168774
	Ny=14
		y[0]=0.138444
		y[1]=0.145065
		y[2]=0.151684
		y[3]=0.158304
		y[4]=0.164923
		y[5]=0.171543
		y[6]=0.178162
		y[7]=0.184782
		y[8]=0.191401
		y[9]=0.198021
		y[10]=0.20464
		y[11]=0.21126
		y[12]=0.21788
		y[13]=0.224499
		y[14]=0.231117
	Nz=24
		z[0]=0.0609555
		z[1]=0.0680698
		z[2]=0.0751825
		z[3]=0.0822951
		z[4]=0.0894077
		z[5]=0.0965204
		z[6]=0.103633
		z[7]=0.110746
		z[8]=0.117858
		z[9]=0.124971
		z[10]=0.132084
		z[11]=0.139196
		z[12]=0.146309
		z[13]=0.153422
		z[14]=0.160534
		z[15]=0.167647
		z[16]=0.174759
		z[17]=0.181872
		z[18]=0.188985
		z[19]=0.196097
		z[20]=0.20321
		z[21]=0.210323
		z[22]=0.217435
		z[23]=0.224548
		z[24]=0.231659
End of base mesh info---------
Input_mesh_settings--------------------------------
Settings 0----------------
	Scope: GLOBAL
	Type:	------MESHER_SETTINGS----------
	RefAllCells           =0
	RefFluidCells         =0
	RefPartCells          =0
	RefSolidCells         =0
	l_SSFR(Capture crit)  =4
	l_curv(Curvature crit)=0
	l_tol(Tolerance crit) =4
	  k_tol               =0.00031755
	UseChannelRef         =1
	  NCR_method          =0
	  l_NCR               =2
	  N_gap               =5
	  Use d_NCR_min       =0
	  Use d_NCR_max       =0
	IgnoreThinChannelsHeight         =0
	--END_OF_MESHER_SETTINGS-------
End of input mesh settings-------------------------

-----------------------------------------------------------------------
Building geometries:
-----------------------------------------------------------------------
Building body-set (0) of geometry Fluid.0.(0). ...

-----------------------------------------------------------------------
Refining by triangulation...
Refinement input: 8064 bricks
Setting regions...OK (0.000 s)
Setting regions...OK (0.000 s)
Setting regions...OK (0.000 s)
Setting regions...OK (0.000 s)
Setting regions...OK (0.000 s)
Refinement result: 26922 bricks (0.106 s)
Refinement input: 26922 bricks
Setting regions...OK (0.000 s)
Refinement result: 26957 bricks (0.007 s)
Collecting and processing rays...OK (0.083 s)
Capturing...OK (0.004 s)
Refining by triangulation takes 0.201 s
-----------------------------------------------------------------------

-----------------------------------------------------------------------
Refining peculiar surfaces...
Refinement input: 26957 bricks
Setting regions...OK (0.000 s)
Refinement result: 26985 bricks (0.002 s)
Refinement input: 26985 bricks
Setting regions...OK (0.000 s)
Refinement result: 27027 bricks (0.003 s)
Refinement input: 27027 bricks
Setting regions...OK (0.000 s)
Refinement result: 27083 bricks (0.002 s)
Refinement input: 27083 bricks
Setting regions...OK (0.000 s)
Refinement result: 27097 bricks (0.002 s)
Refinement input: 27097 bricks
Setting regions...OK (0.000 s)
Refinement result: 27146 bricks (0.002 s)
Refinement input: 27146 bricks
Setting regions...OK (0.000 s)
Refinement result: 27202 bricks (0.002 s)
Refinement input: 27202 bricks
Setting regions...OK (0.000 s)
Refinement result: 27209 bricks (0.002 s)
Refinement input: 27209 bricks
Setting regions...OK (0.000 s)
Refinement result: 27300 bricks (0.004 s)
Refinement input: 27300 bricks
Setting regions...OK (0.000 s)
Refinement result: 27790 bricks (0.004 s)
7 surfaces refined
Refining peculiar surfaces takes 0.042 s
-----------------------------------------------------------------------
Collecting and processing rays...OK (0.004 s)
Capturing...OK (0.000 s)
Collecting and processing rays...OK (0.000 s)
Capturing...OK (0.000 s)
Collecting and processing rays...OK (0.000 s)
Capturing...OK (0.000 s)

-----------------------------------------------------------------------
Base mesh 1 Refining...
Refinement input: 27790 bricks
Refinement result: 27790 bricks (0.000 s)
Collecting and processing rays...OK (0.000 s)
Capturing...OK (0.000 s)
-----------------------------------------------------------------------
Refining channels...
FYI: CNarrowChannelRefiner::RefineChannels_PRLL
Refinement input: 27790 bricks
Setting regions...OK (0.000 s)
Refinement result: 29974 bricks (0.003 s)
Collecting and processing rays...OK (0.002 s)
Capturing...OK (0.001 s)
FYI: m_iteration_count = 0
FYI: level1 statistics:
     level1_cnt_plus[1]=2496;		level1_cnt_minus[1]=0
     level1_cnt_plus[2]=0;		level1_cnt_minus[2]=0
     level1_cnt_plus[3]=0;		level1_cnt_minus[3]=0
     level1_cnt_plus[4]=0;		level1_cnt_minus[4]=0
     level1_cnt_plus[5]=0;		level1_cnt_minus[5]=0
     level1_cnt_plus[6]=0;		level1_cnt_minus[6]=0
     level1_cnt_plus[7]=0;		level1_cnt_minus[7]=0
     level1_cnt_plus[8]=0;		level1_cnt_minus[8]=0
     level1_cnt_plus[9]=0;		level1_cnt_minus[9]=0
Refinement input: 29974 bricks
Setting regions...OK (0.000 s)
Refinement result: 30289 bricks (0.003 s)
Collecting and processing rays...OK (0.001 s)
Capturing...OK (0.000 s)
FYI: m_iteration_count = 1
FYI: level1 statistics:
     level1_cnt_plus[1]=2856;		level1_cnt_minus[1]=0
     level1_cnt_plus[2]=0;		level1_cnt_minus[2]=0
     level1_cnt_plus[3]=0;		level1_cnt_minus[3]=0
     level1_cnt_plus[4]=0;		level1_cnt_minus[4]=0
     level1_cnt_plus[5]=0;		level1_cnt_minus[5]=0
     level1_cnt_plus[6]=0;		level1_cnt_minus[6]=0
     level1_cnt_plus[7]=0;		level1_cnt_minus[7]=0
     level1_cnt_plus[8]=0;		level1_cnt_minus[8]=0
     level1_cnt_plus[9]=0;		level1_cnt_minus[9]=0
Refinement input: 30289 bricks
Setting regions...OK (0.000 s)
Refinement result: 30401 bricks (0.002 s)
Collecting and processing rays...OK (0.000 s)
Capturing...OK (0.000 s)
FYI: m_iteration_count = 2
FYI: level1 statistics:
     level1_cnt_plus[1]=2975;		level1_cnt_minus[1]=0
     level1_cnt_plus[2]=8;		level1_cnt_minus[2]=0
     level1_cnt_plus[3]=0;		level1_cnt_minus[3]=0
     level1_cnt_plus[4]=0;		level1_cnt_minus[4]=0
     level1_cnt_plus[5]=0;		level1_cnt_minus[5]=0
     level1_cnt_plus[6]=0;		level1_cnt_minus[6]=0
     level1_cnt_plus[7]=0;		level1_cnt_minus[7]=0
     level1_cnt_plus[8]=0;		level1_cnt_minus[8]=0
     level1_cnt_plus[9]=0;		level1_cnt_minus[9]=0
Refinement input: 30401 bricks
Setting regions...OK (0.000 s)
Refinement result: 30429 bricks (0.002 s)
Collecting and processing rays...OK (0.000 s)
Capturing...OK (0.000 s)
FYI: m_iteration_count = 3
FYI: level1 statistics:
     level1_cnt_plus[1]=3007;		level1_cnt_minus[1]=0
     level1_cnt_plus[2]=8;		level1_cnt_minus[2]=0
     level1_cnt_plus[3]=0;		level1_cnt_minus[3]=0
     level1_cnt_plus[4]=0;		level1_cnt_minus[4]=0
     level1_cnt_plus[5]=0;		level1_cnt_minus[5]=0
     level1_cnt_plus[6]=0;		level1_cnt_minus[6]=0
     level1_cnt_plus[7]=0;		level1_cnt_minus[7]=0
     level1_cnt_plus[8]=0;		level1_cnt_minus[8]=0
     level1_cnt_plus[9]=0;		level1_cnt_minus[9]=0
FYI: m_iteration_count = 4
FYI: level1 statistics:
     level1_cnt_plus[1]=3007;		level1_cnt_minus[1]=0
     level1_cnt_plus[2]=8;		level1_cnt_minus[2]=0
     level1_cnt_plus[3]=0;		level1_cnt_minus[3]=0
     level1_cnt_plus[4]=0;		level1_cnt_minus[4]=0
     level1_cnt_plus[5]=0;		level1_cnt_minus[5]=0
     level1_cnt_plus[6]=0;		level1_cnt_minus[6]=0
     level1_cnt_plus[7]=0;		level1_cnt_minus[7]=0
     level1_cnt_plus[8]=0;		level1_cnt_minus[8]=0
     level1_cnt_plus[9]=0;		level1_cnt_minus[9]=0
Refinement input: 30429 bricks
Setting regions...OK (0.000 s)
Refinement result: 33901 bricks (0.003 s)
Collecting and processing rays...OK (0.004 s)
Capturing...OK (0.001 s)
FYI: m_iteration_count = 5
FYI: level1 statistics:
     level1_cnt_plus[1]=6930;		level1_cnt_minus[1]=0
     level1_cnt_plus[2]=48;		level1_cnt_minus[2]=0
     level1_cnt_plus[3]=0;		level1_cnt_minus[3]=0
     level1_cnt_plus[4]=0;		level1_cnt_minus[4]=0
     level1_cnt_plus[5]=0;		level1_cnt_minus[5]=0
     level1_cnt_plus[6]=0;		level1_cnt_minus[6]=0
     level1_cnt_plus[7]=0;		level1_cnt_minus[7]=0
     level1_cnt_plus[8]=0;		level1_cnt_minus[8]=0
     level1_cnt_plus[9]=0;		level1_cnt_minus[9]=0
FYI: m_iteration_count = 6
FYI: level1 statistics:
     level1_cnt_plus[1]=6930;		level1_cnt_minus[1]=0
     level1_cnt_plus[2]=48;		level1_cnt_minus[2]=0
     level1_cnt_plus[3]=0;		level1_cnt_minus[3]=0
     level1_cnt_plus[4]=0;		level1_cnt_minus[4]=0
     level1_cnt_plus[5]=0;		level1_cnt_minus[5]=0
     level1_cnt_plus[6]=0;		level1_cnt_minus[6]=0
     level1_cnt_plus[7]=0;		level1_cnt_minus[7]=0
     level1_cnt_plus[8]=0;		level1_cnt_minus[8]=0
     level1_cnt_plus[9]=0;		level1_cnt_minus[9]=0
FYI: level1 statistics:
     level1_cnt_plus[1]=6930;		level1_cnt_minus[1]=0
     level1_cnt_plus[2]=48;		level1_cnt_minus[2]=0
     level1_cnt_plus[3]=0;		level1_cnt_minus[3]=0
     level1_cnt_plus[4]=0;		level1_cnt_minus[4]=0
     level1_cnt_plus[5]=0;		level1_cnt_minus[5]=0
     level1_cnt_plus[6]=0;		level1_cnt_minus[6]=0
     level1_cnt_plus[7]=0;		level1_cnt_minus[7]=0
     level1_cnt_plus[8]=0;		level1_cnt_minus[8]=0
     level1_cnt_plus[9]=0;		level1_cnt_minus[9]=0

-----------------------------------------------------------------------
U-shapes refinement...
Refinement input: 33901 bricks
Setting regions...OK (0.000 s)
Refinement result: 34384 bricks (0.010 s)
Collecting and processing rays...OK (0.005 s)
Capturing...OK (0.000 s)
-----------------------------------------------------------------------

-----------------------------------------------------------------------
Equi Distant Refiner:
Equi Distant Refiner takes 0.00 s
-----------------------------------------------------------------------
Building geometry takes 0.709 s
Geometry Fluid.0.
Total		34384
Partial	9516
Fluid		4851
Solid		19923
Bad		94

/-Ray Intersection---------------/ Time	0.218 s
Calls			11660
CorrectRay Calls	0



-----------------------------------------------------------------------
Building geometries takes 0.71 s
-----------------------------------------------------------------------

-----------------------------------------------------------------------
PostBuilding geometries:
-----------------------------------------------------------------------
PostBuilding body-set (0) geometry Fluid.0. (0)...
Collecting and processing rays...OK (0.000 s)
Capturing...OK (0.000 s)
PostBuilding geometry takes 0.001 s
Geometry Fluid.0.
Total		34384
Partial	9516
Fluid		4851
Solid		19923
Bad		94

-----------------------------------------------------------------------
PostBuilding geometries takes 0.001 s
-----------------------------------------------------------------------
Defect ray count	0
FYI: CNarrowChannelRefiner::RedistributeLevel1_step_1: is finished
FYI: level1 statistics:
     level1_cnt_plus[1]=1233;		level1_cnt_minus[1]=0
     level1_cnt_plus[2]=5725;		level1_cnt_minus[2]=0
     level1_cnt_plus[3]=0;		level1_cnt_minus[3]=0
     level1_cnt_plus[4]=0;		level1_cnt_minus[4]=0
     level1_cnt_plus[5]=0;		level1_cnt_minus[5]=0
     level1_cnt_plus[6]=0;		level1_cnt_minus[6]=0
     level1_cnt_plus[7]=0;		level1_cnt_minus[7]=0
     level1_cnt_plus[8]=0;		level1_cnt_minus[8]=0
     level1_cnt_plus[9]=0;		level1_cnt_minus[9]=0
FYI: CNarrowChannelRefiner::RedistributeLevel1_step_2: is started
FYI: CNarrowChannelRefiner::RedistributeLevel1_step_2: is finished
FYI: level1 statistics:
     level1_cnt_plus[1]=2185;		level1_cnt_minus[1]=0
     level1_cnt_plus[2]=11394;		level1_cnt_minus[2]=0
     level1_cnt_plus[3]=0;		level1_cnt_minus[3]=0
     level1_cnt_plus[4]=0;		level1_cnt_minus[4]=0
     level1_cnt_plus[5]=0;		level1_cnt_minus[5]=0
     level1_cnt_plus[6]=0;		level1_cnt_minus[6]=0
     level1_cnt_plus[7]=0;		level1_cnt_minus[7]=0
     level1_cnt_plus[8]=0;		level1_cnt_minus[8]=0
     level1_cnt_plus[9]=0;		level1_cnt_minus[9]=0
FYI: CNarrowChannelRefiner::RedistributeLevel1_step_3: is started
FYI: CNarrowChannelRefiner::RedistributeLevel1_step_3: is finished
RedistributeLevel1 takes:
FYI: level1 statistics:
     level1_cnt_plus[1]=2185;		level1_cnt_minus[1]=1017
     level1_cnt_plus[2]=11394;		level1_cnt_minus[2]=1992
     level1_cnt_plus[3]=0;		level1_cnt_minus[3]=0
     level1_cnt_plus[4]=0;		level1_cnt_minus[4]=0
     level1_cnt_plus[5]=0;		level1_cnt_minus[5]=0
     level1_cnt_plus[6]=0;		level1_cnt_minus[6]=0
     level1_cnt_plus[7]=0;		level1_cnt_minus[7]=0
     level1_cnt_plus[8]=0;		level1_cnt_minus[8]=0
     level1_cnt_plus[9]=0;		level1_cnt_minus[9]=0
-----------------------------------------------------------------------
MSH format builder (Iteration 0)
-----------------------------------------------------------------------
Memory Working Set Current = 55.29 Mb, Memory Working Set Peak = 70.58 Mb
Process Threads Number: 13
-----------------------------------------------------------------------
Loading geometries triangulation & x-stacks...OK
x-stacks size = 0.83 Mb
Total bricks count: 34384
-----------------------------------------------------------------------
MSH (Real Geometry) format constructor:
	Getting brick sets...OK (0.001 s)
	Min x-stack xeps = 1.28414e-06
	D / dh / eps [axis=0] = (0.168774, 0.000439516, 4.28046e-07)
	D / dh / eps [axis=1] = (0.0926732, 0.00041372, 4.1372e-07)
	D / dh / eps [axis=2] = (0.170703, 0.00044454, 4.28046e-07)
	Time (xeps): 0.000 s
Level 4
	Set (0)  size: 2212
	Set (0)  time: 0.033 s
	Set (1)  size: 2212
	Set (1)  time: 0.031 s
Level 3
	Set (0)  size: 3388
	Set (0)  time: 0.030 s
	Set (1)  size: 3387
	Set (1)  time: 0.031 s
Level 2
	Set (0)  size: 6456
	Set (0)  time: 0.041 s
	Set (1)  size: 6452
	Set (1)  time: 0.042 s
Level 1
	Set (0)  size: 1390
	Set (0)  time: 0.001 s
	Set (1)  size: 1386
	Set (1)  time: 0.001 s
Level 0
	Set (0)  size: 3748
	Set (0)  time: 0.001 s
	Set (1)  size: 3753
	Set (1)  time: 0.001 s
Result:
	Bricks number:                        34384

	Memory usage:                         5.919 MB
	Memory usage (per brick):             0.176 KB
	Construction time:                    0.215 s

	Topology features:
	------------------
	- High quality bricks                  99.99 % (34381)
	- Medium quality bricks                 0.01 % (3)
	- Bad quality bricks                    0.00 % (0)
	- Ribs corrected bricks                 0.00 % (0)
	- Points with geom-info (bricks)        0.04 % (13)
	- Points with closest-info (bricks)     0.02 % (6)
	- Triangulated by center (bricks)       0.51 % (177)
	- Facet w-faces mergings (bricks)       0.00 % (0)
	- To refine (bricks)                    0.00 % (0)

-----------------------------------------------------------------------
Memory Working Set Current = 77.56 Mb, Memory Working Set Peak = 77.57 Mb
Process Threads Number: 13
-----------------------------------------------------------------------
-----------------------------------------------------------------------
-----------------------------------------------------------------------
MSH --> BCF format (Iteration 0)...
BCF collector...(remove mode=0)
	Time (alloc counter per brick): 0.001 s
	Brick    count: 34384
	Av.f all count: 14701
	Av.s all count: 29886
	Av.f pid count: 9868
	Av.s pid count: 10162
	Faces fs count: 23003
	Faces ff count: 0
	Faces ss count: 0
	Faces bb count: 0
	Faces fe count: 0
	Faces se count: 2514
	Faces fw count: 25517
	Faces af count: 41032
	Faces as count: 94043
	Time (all count): 	0.005 s
	Time (bcf alloc): 	0.001 s
	Time (shifts alloc): 	0.002 s
	Time (shifts init): 	0.002 s
	Time (bcf fill): 	0.013 s
	Time (add av to faces): 0.000 s
	Time (add faces to av): 0.005 s
Time (bcf collect): 		0.029 s
	AV checker...
	Time (check av): 	0.012 s
	Subdomain checker...
		Subdomains construction time: 0.005 s.
		Subdomains sort time: 0.000 s.
			Subdomain 0 (geom_ind=0): 12738 av
			Subdomain 1 (geom_ind=0): 1963 av
			Subdomain 2 (geom_ind=1): 29886 av
		gi: 0, subdomains: 2, real bodies: 2
		gi: 1, subdomains: 1, real bodies: 0
		Defect subdomains: 0
	Time (check subdoms): 	0.005 s
Time (bcf iteration total): 	0.047 s
	Time (fw-nb): 		0.002 s
	Fixed mutual fw-nb:     13244 (bb: 0)
	Time (fw-nb mutual): 	0.002 s
	Time (fw-nb sort): 	0.000 s
	Fw-opt BEFORE total:    25517 (fs=23003, ff=0, ss=0)
	Fw-opt AFTER  total:    15177 (fs=12663, ff=0, ss=0, failed fw/br=10/0, big_curv=33, big_poly=0)
	Fw-opt RESULT:          10340 (res/(fs+ff+ss) = 44.95 %)
	Time (fw-opt): 		0.007 s
	Time (fw-re-order): 	0.002 s
	Time (fw-nb): 		0.009 s
	Fixed mutual fw-nb:     31501 (bb: 0)
	Time (fw-nb mutual): 	0.002 s
	Time (fw-nb sort): 	0.000 s
	Time (rfd fix): 	0.000 s
	Time (av convexity): 	0.004 s
	Time (av small volume): 0.001 s
	Time (diagonal fw-nb): 	0.024 s
	Fixed mutual fw-nb:     0 (bb: 0)
	Time (fw-nb mutual): 	0.002 s
	Time (fw-nb sort): 	0.001 s
	Fluid subdomains: 2
	Faces fw-nb diff sd:    0
	Time (fw-nb diff sd): 	0.002 s
Time (bcf calc): 		0.062 s
-----------------------------------------------------------------------
Time (bcf total): 		0.109 s
-----------------------------------------------------------------------
-----------------------------------------------------------------------
Mega-cv constructor for fluid...
	 331 av's is treated as thin
Relative size generator (threshold = 0.05)...
	Iteration 1 (small cluster count = 1166)
	Iteration 2 (small cluster count = 535)
	Iteration 3 (small cluster count = 155)
	Iteration 4 (small cluster count = 39)
	Iteration 5 (small cluster count = 12)
	Iteration 6 (small cluster count = 5)
	Iteration 7 (small cluster count = 2)
	Iteration 8 (small cluster count = 1)
	Iteration 9 (small cluster count = 0)
	 1140 mega-cv's generated
	 50 mega-cv's removed
Relative size generator is completed OK (0.003 s)
Apply fa-rules to mega-cv clusters fixes...
	Fa-rule violation fixes:       29 of       30 (total cluster# =     1110)
OK (0.001 s)
Convert clusters:
	 1095 mega-cv's total
Mega-cv count: 1095
Time (mega-cv fill): 	0.002 s
WARNING! Mega-cv normal-direction rule violation counts: rule-I = 1, rule-II = 1
Time (mega-cv total): 	0.014 s
-----------------------------------------------------------------------
Mixing plane rotation regions: NO.
Sliding mesh rotation regions: NO.
Fluid/fluid faces: NO.
----------------------------------------------------------
BCF --> BCF.GEOMSUBDOM (bridge arrays):
MESH (0):
	Fluid Subdom Constructor: 2 subdom(s).
	Solid Subdom Constructor: 1 subdom(s).
	Net Asm Subdom Constructor: 0 subdom(s).
	GEOMSUBDOM (0): gi=0 fluid av=12738 cv=11778 fa=35746 fb=0 fw=10306 V=2.930009e-05
	Cache data...OK
	GEOMSUBDOM (1): gi=0 fluid av=1963 cv=1679 fa=5286 fb=0 fw=2357 V=2.024860e-06
	Cache data...OK
	GEOMSUBDOM (2): gi=1 solid av=29886 cv=29886 fa=94043 fb=0 fw=15177 V=2.638618e-03
	Cache data...OK
	Setting nb of w-faces...OK (0.005 s).
	Correcting nb of w-faces...
	Time(correct_fw_nb)=0.004 s

MESH (0) checking:
	GEOMSUBDOM (0):fa_s=0.0533088153519396 fb_s=0.0000000000000000 fw_s=0.0103164195680677 fw_nb=80632
	              :d_const(596)=7.82715e-11 d_linear(598)=2.08798e-10
	GEOMSUBDOM (1):fa_s=0.0040524433795206 fb_s=0.0000000000000000 fw_s=0.0014917981463001 fw_nb=19118
	              :d_const(866)=1.23256e-13 d_linear(13)=1.01858e-12
	GEOMSUBDOM (2):fa_s=1.1931604534618550 fb_s=0.0000000000000000 fw_s=0.1323497355240103 fw_nb=109816
	              :d_const(2481)=1.68393e-10 d_linear(8151)=9.37325e-10
MESH (0) checking: OK.
Time (MDS): 	0.056 s
----------------------------------------------------------

-----------------------------------------------------------------------
BCF CHECKSUM DATA (Mesh 0):

WARNING! 164 w-face(s) without RefFacesData.
BRICK |Level1| Sum:               29974
FACE_A Area Sum:   G.Fluid        0.0573612587314602
FACE_A Area Sum:   G.Solid        1.1931604534618536
FACE_W Area Sum:                  0.1323497355240103
FACE_W Nb   Sum:                  109816
FACE_W min curvatures sum:        -3922745.09590530
FACE_W max curvatures sum:        3488593.76348472
AV Max Disbalance(Const) :        4.37593e-10 (cid=2899, t={54, 132, 110}, avid=283, pid=234)
AV Max Disbalance(Linear):        9.37325e-10 (cid=19003, t={187, 28, 205}, avid=31186, pid=5910)
-----------------------------------------------------------------------


-----------------------------------------------------------------------
MESHER TOPOLOGY DATA:

BRICKS: Total                 34384
BRICKS: 1-CV                  24557
BRICKS: 2-CV                  9453
BRICKS: 3-CV                  372
BRICKS: 4-CV                  2
BRICKS: Bad                   0

AV:     G.Total               44587
AV:     G.Fluid               14701
AV:     G.Solid               29886

AV:     G.Fluid Thin Profile    2.28 % (335)
AV:     G.Solid Thin Profile    0.13 % (39)

AV:     G.Fluid Thin For Mega   2.25 % (331)
AV:     G.Solid Thin For Mega   0.12 % (35)

AV:     G.Fluid Non-Convex     20.44 % (3005)
AV:     G.Solid Non-Convex     14.68 % (4388)

AV:     G.Fluid Non-Ess-Convex      5.36 % (788)
AV:     G.Solid Non-Ess-Convex      5.13 % (1532)

FACE_A: G.Fluid          (af) 41032 (partially opened 21133)
FACE_A: G.Solid          (as) 94043 (partially opened 21630)

FACE_B: G.Total          (b)  0

FACE_W: G.Total                 15177       Brick/Bound
FACE_W: G.Fluid/Solid    (fs_g) 12663       0           
FACE_W: G.Fluid/Fluid    (ff_g) 0           0           
FACE_W: G.Solid/Solid    (ss_g) 0           0           
FACE_W: G.Fluid/External (fe_g) 0
FACE_W: G.Solid/External (se_g) 2514

AV/CV max fa count (on brick side):9
AV/CV max fw count:                9
AV/CV max fb count:                0
AV/CV max fw poly count:           37

MEMORY: Total                   15.011 MB
MEMORY: Per Brick               0.447 KB
-----------------------------------------------------------------------

-----------------------------------------------------------------------
Connectivities information:
	Number of conns: 0
-----------------------------------------------------------------------
	Time (gap size): 	0.030 s
-----------------------------------------------------------------------
Calculating curvature and tolerance criteria...
Curvature: min=0 max=3.14107
Tolerance: min=0 max=0.000415068
Calculating curvature and tolerance criteria takes 0.115 s
-----------------------------------------------------------------------
MESH Build(FS) finished. Time=1.513 s
-----------------------------------------------------------------------
Current CPU = 1 sec

Nx=24
Ny=14
Nz=24
Max BRICK Level=4
Mesh Level=4
-----------------CModelBodies2MeshMapper::CollectData started -------------------------------
-----------------CModelBodies2MeshMapper Report -------------------------------
FluidDomains 2 SolidDomains 1 VoidDomains 0 
Domains RefIndexes
Domain 0, Index count 19
Domain 1, Index count 30
Domain 2, Index count 49
----------------- -------------------------------
	ModelBodies
Total resolved Bodies 0 BodySets 0

--------------------------------------------------------------------------
	Positive geometry Bodies
Total resolved Bodies 2 BodySets 2
BodySet 0
	Bodies list:
			#0	Name: ;	ID: d0d4c789-f789-4460-842f-c8dd2d9b9586
	Domains list:		 1 
BodySet 1
	Bodies list:
			#0	Name: ;	ID: 01d7e866-97b9-454e-8cbe-1f2fa425fb58
	Domains list:		 0 

--------------------------------------------------------------------------
	Fluid regions
Total resolved Bodies 2 BodySets 1
BodySet 0	Material: Water; 
	Bodies list:
			#0	Name: ;	ID: d0d4c789-f789-4460-842f-c8dd2d9b9586
			#1	Name: ;	ID: 01d7e866-97b9-454e-8cbe-1f2fa425fb58
	Domains list:		 0 		 1 

--------------------------------------------------------------------------
-----------------CModelBodies2MeshMapper::CollectData finished successfully-------------------
Saving initial mesh in: N:\Downloads\GitHub\liquid-propellant-engine\2kN Heat Sink Engine\Simulation Only\1\1.fld .
Storing results...
Estimated CPT size=7.163 MB.
	Time (write bcf): 1.430 s
OK
-----------------------------------------------------------------------
Memory Working Set Current = 113.87 Mb, Memory Working Set Peak = 113.87 Mb
Process Threads Number: 13
-----------------------------------------------------------------------
Cleaning memory...
		Time (free xsl):                    	0.002 s
Free Geometry DB takes 0.000 s
	Time (free bcf): 	0.010 s
		Time (free bcf mesh):               	0.026 s
	Time (free mesher data):              	0.030 s
Copying... OK
Mesh generation normally finished at	30.3.2021	12:39:32
Mesher CPU = 3 sec
Mesher is finished at	30.3.2021	12:39:32
-----------------------------------------------------------------------
Memory Working Set Current = 43.92 Mb, Memory Working Set Peak = 114.28 Mb
Process Threads Number: 13
-----------------------------------------------------------------------
Algebra Pool      : mem_usage = 1.00 Mb, allocated count = 0
Log ended at 30.03.2021	12:39:32
