Log started at 07.04.2021	14:00:12
Number of used processors (NPROC): 8.
Number of mesh partitions (NPART): 8.
Total Physical Memory = 15.96 Gb, Available Physical Memory = 10.08 Gb
Computer name:	MCAE01
Operating system:	Windows 10 (or higher) (Version 10.0.18363)

SOLIDWORKS 2020 SP4.0
Flow Simulation 2020  x64 / 4995 / MESHER ver. efd_dev.4663_05.07.2019 

Project: N:\Downloads\GitHub\liquid-propellant-engine\2kN Heat Sink Engine\Simulation Only\1\Parametric Study 2\7\7.xmlconfig
Configuration name: Default
Project name: Single Fluid (Water Substitute)
NGK: OFF
MBO: OFF

Mesh generation started:	7.4.2021	14:0:12
-----------------------------------------------------------------------
Mesher option run = eRunMesherNormal
-----------------------------------------------------------------------
Current CPU = 0 sec
-----------------------------------------------------------------------
Geometries initialization:
-----------------------------------------------------------------------
Loading mesh settings (global/local)...
-----------------------------------------------------------------------
Number of geometries from DB: 1
Geometry(0):
	Guid = {00000000-0000-0000-0000-000000000000}
	Fluid..
	1 Body.
	2 Real bodies.
	-- Bodyset 0 --
		Tolerance=3.3166e-05.
		104 Face(s).
			104 of b-spline type.
		0 Face(s) that have no ref faces
		13 Plane surface(s).
		33 Cylinder surface(s).
		5 Cone surface(s).
		4 Torus surface(s).
		49 B- surface(s).
		15110 Triangle(s).
		Getting triangle connectivities from DB: 0.001 s
		216 Edge(s).
			216 of b-spline type.
		BodyGeom reading: 0.021 s.
		61 Reference Face(s).
		10288 Reference Triangles.
		Getting triangle connectivities from DB (Ref): 0.001 s
		BodyGeom Ref reading: 0.002 s.
		Getting triangle connectivities from DB (Extra Triangulation): 0.001 s
Geometry(1):
	Solid.
	-- Bodyset 1 --
	Empty
-----------------------------------------------------------------------
Number of geometries in task: 2
Number of bodysets   in task: 2
-----------------------------------------------------------------------
	Making hash and connectivity for Bodyset ...
		CBodyGeom:
		Hash size: {18, 32, 18}.
		Mesh size: {18, 8, 18}.
		Hashing triangles...Ok.
			axis(0) tr sizes: average=58 max=3881
			axis(1) tr sizes: average=73 max=3321
			axis(2) tr sizes: average=58 max=4224
		Number of t-connected sets:3
			(0) size=12
			(1) size=8254 cavity
			(2) size=6844 cavity
		Done.
		CBodyGeomRef:
		Hashing triangles...Ok.
			axis(0) tr sizes: average=288 max=1796
			axis(1) tr sizes: average=186 max=2094
			axis(2) tr sizes: average=297 max=2552
		Done.
	0.015 s.
Geometries reading and preparing has taken 0.045 s.

Mapped triangles:
Hashing geometries triangles
	Triangles num=15110
	Triangles box={0.0239928  ,0.148417  ,0.155686  ,0.213371  ,0.102256  ,0.216549  }
		3d-hash size is 111764 bytes
Hashing peculiar surfaces triangles
	Triangles num=37
	Triangles box={0.0702151  ,0.0815803  ,0.185147  ,0.196579  ,0.215167  ,0.216361  }
		3d-hash size is 10776 bytes
	Triangles num=37
	Triangles box={0.024018  ,0.0307351  ,0.185147  ,0.196579  ,0.102187  ,0.111432  }
		3d-hash size is 10688 bytes
	Triangles num=37
	Triangles box={0.14367  ,0.148319  ,0.185147  ,0.196579  ,0.114046  ,0.124486  }
		3d-hash size is 10756 bytes
	Triangles num=37
	Triangles box={0.0773704  ,0.0888028  ,0.213256  ,0.213256  ,0.141572  ,0.153  }
		3d-hash size is 10720 bytes
	Triangles num=30
	Triangles box={0.0831231  ,0.0845875  ,0.157422  ,0.158918  ,0.141933  ,0.142147  }
		3d-hash size is 10496 bytes
	Triangles num=30
	Triangles box={0.0784758  ,0.0793933  ,0.157422  ,0.158918  ,0.143416  ,0.144577  }
		3d-hash size is 10532 bytes
	Triangles num=30
	Triangles box={0.0778954  ,0.0784423  ,0.157422  ,0.158918  ,0.148549  ,0.149924  }
		3d-hash size is 10496 bytes
	Triangles num=30
	Triangles box={0.0877369  ,0.0882838  ,0.157422  ,0.158918  ,0.144635  ,0.14601  }
		3d-hash size is 10496 bytes
	Triangles num=30
	Triangles box={0.0857921  ,0.0869533  ,0.157422  ,0.158918  ,0.142666  ,0.143583  }
		3d-hash size is 10532 bytes
	Triangles num=30
	Triangles box={0.0815917  ,0.0830561  ,0.157422  ,0.158918  ,0.152413  ,0.152627  }
		3d-hash size is 10496 bytes
	Triangles num=30
	Triangles box={0.0843588  ,0.085734  ,0.157422  ,0.158918  ,0.151927  ,0.152474  }
		3d-hash size is 10496 bytes
	Triangles num=30
	Triangles box={0.0792259  ,0.0803871  ,0.157422  ,0.158918  ,0.150976  ,0.151894  }
		3d-hash size is 10532 bytes
	Triangles num=30
	Triangles box={0.0867859  ,0.0877034  ,0.157422  ,0.158918  ,0.149982  ,0.151143  }
		3d-hash size is 10496 bytes
	Triangles num=30
	Triangles box={0.0804451  ,0.0818203  ,0.157422  ,0.158918  ,0.142085  ,0.142632  }
		3d-hash size is 10496 bytes
	Triangles num=30
	Triangles box={0.0882225  ,0.0884365  ,0.157422  ,0.158918  ,0.147313  ,0.148778  }
		3d-hash size is 10496 bytes
	Triangles num=30
	Triangles box={0.0777427  ,0.0779566  ,0.157422  ,0.158918  ,0.145782  ,0.147246  }
		3d-hash size is 10532 bytes
	Triangles num=78
	Triangles box={0.0769688  ,0.0892111  ,0.173621  ,0.173621  ,0.141158  ,0.153401  }
		3d-hash size is 10784 bytes
Mapped triangles processed in 0.019 s.
-----------------------------------------------------------------------
Getting sectors:
Number of sectors: 0
-----------------------------------------------------------------------
-----------------------------------------------------------------------

Current CPU = 0 sec

-----------------------------------------------------------------------
Mesh dimensions:
				I[0 ]=18
				I[1 ]=8
				I[2 ]=18

Comp. domain size:
				a[0  ]=0.024117
				a[1  ]=0.148293
				a[2  ]=0.155744
				a[3  ]=0.213313
				a[4  ]=0.10237
				a[5  ]=0.216435

Fluid calculated			1
Solid calculated			0
-----------------------------------------------------------------------
MESH Build started...
-----------------------------------------------------------------------
Mesh LEVEL = 4
-----------------------------------------------------------------------
Setting regions...OK (0.000 s)
Base mesh info------------------
	2D flag  =0
	Period   =[0, 0, 0]
	Nx=18
		x[0]=0.024117
		x[1]=0.0310178
		x[2]=0.0379165
		x[3]=0.0448152
		x[4]=0.0517138
		x[5]=0.0586125
		x[6]=0.0655112
		x[7]=0.0724099
		x[8]=0.0793086
		x[9]=0.0862072
		x[10]=0.0931059
		x[11]=0.100005
		x[12]=0.106903
		x[13]=0.113802
		x[14]=0.120701
		x[15]=0.127599
		x[16]=0.134498
		x[17]=0.141397
		x[18]=0.148293
	Ny=8
		y[0]=0.155744
		y[1]=0.162942
		y[2]=0.170138
		y[3]=0.177334
		y[4]=0.184531
		y[5]=0.191727
		y[6]=0.198923
		y[7]=0.206119
		y[8]=0.213313
	Nz=18
		z[0]=0.10237
		z[1]=0.108708
		z[2]=0.115045
		z[3]=0.121382
		z[4]=0.127719
		z[5]=0.134056
		z[6]=0.140393
		z[7]=0.14673
		z[8]=0.153067
		z[9]=0.159404
		z[10]=0.165741
		z[11]=0.172078
		z[12]=0.178415
		z[13]=0.184752
		z[14]=0.191089
		z[15]=0.197426
		z[16]=0.203763
		z[17]=0.2101
		z[18]=0.216435
End of base mesh info---------
Input_mesh_settings--------------------------------
Settings 0----------------
	Scope: GLOBAL
	Type:	------MESHER_SETTINGS----------
	RefAllCells           =0
	RefFluidCells         =0
	RefPartCells          =0
	RefSolidCells         =0
	l_SSFR(Capture crit)  =4
	l_curv(Curvature crit)=0
	l_tol(Tolerance crit) =4
	  k_tol               =0.000377956
	UseChannelRef         =1
	  NCR_method          =0
	  l_NCR               =2
	  N_gap               =5
	  Use d_NCR_min       =0
	  Use d_NCR_max       =0
	IgnoreThinChannelsHeight         =0
	--END_OF_MESHER_SETTINGS-------
End of input mesh settings-------------------------

-----------------------------------------------------------------------
Building geometries:
-----------------------------------------------------------------------
Building body-set (0) of geometry Fluid.0.(0). ...

-----------------------------------------------------------------------
Refining by triangulation...
Refinement input: 2592 bricks
Setting regions...OK (0.000 s)
Setting regions...OK (0.000 s)
Setting regions...OK (0.000 s)
Setting regions...OK (0.000 s)
Setting regions...OK (0.000 s)
Refinement result: 19483 bricks (0.131 s)
Refinement input: 19483 bricks
Refinement result: 19483 bricks (0.005 s)
Collecting and processing rays...OK (0.113 s)
Capturing...OK (0.004 s)
Refining by triangulation takes 0.253 s
-----------------------------------------------------------------------

-----------------------------------------------------------------------
Refining peculiar surfaces...
Refinement input: 19483 bricks
Setting regions...OK (0.000 s)
Refinement result: 19567 bricks (0.003 s)
Refinement input: 19567 bricks
Setting regions...OK (0.000 s)
Refinement result: 19644 bricks (0.003 s)
Refinement input: 19644 bricks
Setting regions...OK (0.000 s)
Refinement result: 19651 bricks (0.002 s)
Refinement input: 19651 bricks
Setting regions...OK (0.000 s)
Refinement result: 19749 bricks (0.003 s)
Refinement input: 19749 bricks
Setting regions...OK (0.000 s)
Refinement result: 19798 bricks (0.003 s)
Refinement input: 19798 bricks
Setting regions...OK (0.000 s)
Refinement result: 19805 bricks (0.002 s)
Refinement input: 19805 bricks
Setting regions...OK (0.000 s)
Refinement result: 19889 bricks (0.003 s)
Refinement input: 19889 bricks
Setting regions...OK (0.000 s)
Refinement result: 19945 bricks (0.003 s)
6 surfaces refined
Refining peculiar surfaces takes 0.044 s
-----------------------------------------------------------------------
Collecting and processing rays...OK (0.005 s)
Capturing...OK (0.000 s)
Collecting and processing rays...OK (0.000 s)
Capturing...OK (0.000 s)
Collecting and processing rays...OK (0.000 s)
Capturing...OK (0.000 s)

-----------------------------------------------------------------------
Base mesh 1 Refining...
Refinement input: 19945 bricks
Refinement result: 19945 bricks (0.000 s)
Collecting and processing rays...OK (0.000 s)
Capturing...OK (0.000 s)
-----------------------------------------------------------------------
Refining channels...
FYI: CNarrowChannelRefiner::RefineChannels_PRLL
Refinement input: 19945 bricks
Setting regions...OK (0.000 s)
Refinement result: 22311 bricks (0.003 s)
Collecting and processing rays...OK (0.004 s)
Capturing...OK (0.001 s)
FYI: m_iteration_count = 0
FYI: level1 statistics:
     level1_cnt_plus[1]=2704;		level1_cnt_minus[1]=0
     level1_cnt_plus[2]=0;		level1_cnt_minus[2]=0
     level1_cnt_plus[3]=0;		level1_cnt_minus[3]=0
     level1_cnt_plus[4]=0;		level1_cnt_minus[4]=0
     level1_cnt_plus[5]=0;		level1_cnt_minus[5]=0
     level1_cnt_plus[6]=0;		level1_cnt_minus[6]=0
     level1_cnt_plus[7]=0;		level1_cnt_minus[7]=0
     level1_cnt_plus[8]=0;		level1_cnt_minus[8]=0
     level1_cnt_plus[9]=0;		level1_cnt_minus[9]=0
Refinement input: 22311 bricks
Setting regions...OK (0.000 s)
Refinement result: 23011 bricks (0.003 s)
Collecting and processing rays...OK (0.001 s)
Capturing...OK (0.000 s)
FYI: m_iteration_count = 1
FYI: level1 statistics:
     level1_cnt_plus[1]=3495;		level1_cnt_minus[1]=0
     level1_cnt_plus[2]=8;		level1_cnt_minus[2]=0
     level1_cnt_plus[3]=0;		level1_cnt_minus[3]=0
     level1_cnt_plus[4]=0;		level1_cnt_minus[4]=0
     level1_cnt_plus[5]=0;		level1_cnt_minus[5]=0
     level1_cnt_plus[6]=0;		level1_cnt_minus[6]=0
     level1_cnt_plus[7]=0;		level1_cnt_minus[7]=0
     level1_cnt_plus[8]=0;		level1_cnt_minus[8]=0
     level1_cnt_plus[9]=0;		level1_cnt_minus[9]=0
Refinement input: 23011 bricks
Setting regions...OK (0.000 s)
Refinement result: 23088 bricks (0.002 s)
Collecting and processing rays...OK (0.000 s)
Capturing...OK (0.000 s)
FYI: m_iteration_count = 2
FYI: level1 statistics:
     level1_cnt_plus[1]=3583;		level1_cnt_minus[1]=0
     level1_cnt_plus[2]=8;		level1_cnt_minus[2]=0
     level1_cnt_plus[3]=0;		level1_cnt_minus[3]=0
     level1_cnt_plus[4]=0;		level1_cnt_minus[4]=0
     level1_cnt_plus[5]=0;		level1_cnt_minus[5]=0
     level1_cnt_plus[6]=0;		level1_cnt_minus[6]=0
     level1_cnt_plus[7]=0;		level1_cnt_minus[7]=0
     level1_cnt_plus[8]=0;		level1_cnt_minus[8]=0
     level1_cnt_plus[9]=0;		level1_cnt_minus[9]=0
FYI: m_iteration_count = 3
FYI: level1 statistics:
     level1_cnt_plus[1]=3583;		level1_cnt_minus[1]=0
     level1_cnt_plus[2]=8;		level1_cnt_minus[2]=0
     level1_cnt_plus[3]=0;		level1_cnt_minus[3]=0
     level1_cnt_plus[4]=0;		level1_cnt_minus[4]=0
     level1_cnt_plus[5]=0;		level1_cnt_minus[5]=0
     level1_cnt_plus[6]=0;		level1_cnt_minus[6]=0
     level1_cnt_plus[7]=0;		level1_cnt_minus[7]=0
     level1_cnt_plus[8]=0;		level1_cnt_minus[8]=0
     level1_cnt_plus[9]=0;		level1_cnt_minus[9]=0
Refinement input: 23088 bricks
Setting regions...OK (0.000 s)
Refinement result: 26273 bricks (0.003 s)
Collecting and processing rays...OK (0.003 s)
Capturing...OK (0.001 s)
FYI: m_iteration_count = 4
FYI: level1 statistics:
     level1_cnt_plus[1]=7205;		level1_cnt_minus[1]=0
     level1_cnt_plus[2]=24;		level1_cnt_minus[2]=0
     level1_cnt_plus[3]=0;		level1_cnt_minus[3]=0
     level1_cnt_plus[4]=0;		level1_cnt_minus[4]=0
     level1_cnt_plus[5]=0;		level1_cnt_minus[5]=0
     level1_cnt_plus[6]=0;		level1_cnt_minus[6]=0
     level1_cnt_plus[7]=0;		level1_cnt_minus[7]=0
     level1_cnt_plus[8]=0;		level1_cnt_minus[8]=0
     level1_cnt_plus[9]=0;		level1_cnt_minus[9]=0
FYI: m_iteration_count = 5
FYI: level1 statistics:
     level1_cnt_plus[1]=7205;		level1_cnt_minus[1]=0
     level1_cnt_plus[2]=24;		level1_cnt_minus[2]=0
     level1_cnt_plus[3]=0;		level1_cnt_minus[3]=0
     level1_cnt_plus[4]=0;		level1_cnt_minus[4]=0
     level1_cnt_plus[5]=0;		level1_cnt_minus[5]=0
     level1_cnt_plus[6]=0;		level1_cnt_minus[6]=0
     level1_cnt_plus[7]=0;		level1_cnt_minus[7]=0
     level1_cnt_plus[8]=0;		level1_cnt_minus[8]=0
     level1_cnt_plus[9]=0;		level1_cnt_minus[9]=0
FYI: level1 statistics:
     level1_cnt_plus[1]=7205;		level1_cnt_minus[1]=0
     level1_cnt_plus[2]=24;		level1_cnt_minus[2]=0
     level1_cnt_plus[3]=0;		level1_cnt_minus[3]=0
     level1_cnt_plus[4]=0;		level1_cnt_minus[4]=0
     level1_cnt_plus[5]=0;		level1_cnt_minus[5]=0
     level1_cnt_plus[6]=0;		level1_cnt_minus[6]=0
     level1_cnt_plus[7]=0;		level1_cnt_minus[7]=0
     level1_cnt_plus[8]=0;		level1_cnt_minus[8]=0
     level1_cnt_plus[9]=0;		level1_cnt_minus[9]=0

-----------------------------------------------------------------------
U-shapes refinement...
Refinement input: 26273 bricks
Setting regions...OK (0.000 s)
Setting regions...OK (0.000 s)
Refinement result: 26875 bricks (0.013 s)
Collecting and processing rays...OK (0.008 s)
Capturing...OK (0.000 s)
-----------------------------------------------------------------------

-----------------------------------------------------------------------
Equi Distant Refiner:
Equi Distant Refiner takes 0.00 s
-----------------------------------------------------------------------
Building geometry takes 0.852 s
Geometry Fluid.0.
Total		26875
Partial	8806
Fluid		4685
Solid		13310
Bad		74

/-Ray Intersection---------------/ Time	0.506 s
Calls			10231
CorrectRay Calls	0



-----------------------------------------------------------------------
Building geometries takes 0.854 s
-----------------------------------------------------------------------

-----------------------------------------------------------------------
PostBuilding geometries:
-----------------------------------------------------------------------
PostBuilding body-set (0) geometry Fluid.0. (0)...
Collecting and processing rays...OK (0.000 s)
Capturing...OK (0.000 s)
PostBuilding geometry takes 0.001 s
Geometry Fluid.0.
Total		26875
Partial	8806
Fluid		4685
Solid		13310
Bad		74

-----------------------------------------------------------------------
PostBuilding geometries takes 0.002 s
-----------------------------------------------------------------------
Defect ray count	0
FYI: CNarrowChannelRefiner::RedistributeLevel1_step_1: is finished
FYI: level1 statistics:
     level1_cnt_plus[1]=2379;		level1_cnt_minus[1]=0
     level1_cnt_plus[2]=4803;		level1_cnt_minus[2]=0
     level1_cnt_plus[3]=0;		level1_cnt_minus[3]=0
     level1_cnt_plus[4]=0;		level1_cnt_minus[4]=0
     level1_cnt_plus[5]=0;		level1_cnt_minus[5]=0
     level1_cnt_plus[6]=0;		level1_cnt_minus[6]=0
     level1_cnt_plus[7]=0;		level1_cnt_minus[7]=0
     level1_cnt_plus[8]=0;		level1_cnt_minus[8]=0
     level1_cnt_plus[9]=0;		level1_cnt_minus[9]=0
FYI: CNarrowChannelRefiner::RedistributeLevel1_step_2: is started
FYI: CNarrowChannelRefiner::RedistributeLevel1_step_2: is finished
FYI: level1 statistics:
     level1_cnt_plus[1]=3603;		level1_cnt_minus[1]=0
     level1_cnt_plus[2]=9142;		level1_cnt_minus[2]=0
     level1_cnt_plus[3]=0;		level1_cnt_minus[3]=0
     level1_cnt_plus[4]=0;		level1_cnt_minus[4]=0
     level1_cnt_plus[5]=0;		level1_cnt_minus[5]=0
     level1_cnt_plus[6]=0;		level1_cnt_minus[6]=0
     level1_cnt_plus[7]=0;		level1_cnt_minus[7]=0
     level1_cnt_plus[8]=0;		level1_cnt_minus[8]=0
     level1_cnt_plus[9]=0;		level1_cnt_minus[9]=0
FYI: CNarrowChannelRefiner::RedistributeLevel1_step_3: is started
FYI: CNarrowChannelRefiner::RedistributeLevel1_step_3: is finished
RedistributeLevel1 takes:
FYI: level1 statistics:
     level1_cnt_plus[1]=3603;		level1_cnt_minus[1]=1767
     level1_cnt_plus[2]=9142;		level1_cnt_minus[2]=1555
     level1_cnt_plus[3]=0;		level1_cnt_minus[3]=0
     level1_cnt_plus[4]=0;		level1_cnt_minus[4]=0
     level1_cnt_plus[5]=0;		level1_cnt_minus[5]=0
     level1_cnt_plus[6]=0;		level1_cnt_minus[6]=0
     level1_cnt_plus[7]=0;		level1_cnt_minus[7]=0
     level1_cnt_plus[8]=0;		level1_cnt_minus[8]=0
     level1_cnt_plus[9]=0;		level1_cnt_minus[9]=0
-----------------------------------------------------------------------
MSH format builder (Iteration 0)
-----------------------------------------------------------------------
Memory Working Set Current = 57.73 Mb, Memory Working Set Peak = 72.04 Mb
Process Threads Number: 21
-----------------------------------------------------------------------
Loading geometries triangulation & x-stacks...OK
x-stacks size = 0.74 Mb
Total bricks count: 26875
-----------------------------------------------------------------------
MSH (Real Geometry) format constructor:
	Getting brick sets...OK (0.001 s)
	Min x-stack xeps = 5.18955e-06
	D / dh / eps [axis=0] = (0.124176, 0.000431032, 4.31032e-07)
	D / dh / eps [axis=1] = (0.0575697, 0.000449641, 4.49641e-07)
	D / dh / eps [axis=2] = (0.114065, 0.000395969, 3.95969e-07)
	Time (xeps): 0.000 s
Level 4
	Set (0)  size: 1864
	Set (0)  time: 0.033 s
	Set (1)  size: 1864
	Set (1)  time: 0.026 s
Level 3
	Set (0)  size: 3086
	Set (0)  time: 0.030 s
	Set (1)  size: 3104
	Set (1)  time: 0.032 s
Level 2
	Set (0)  size: 6204
	Set (0)  time: 0.045 s
	Set (1)  size: 6212
	Set (1)  time: 0.041 s
Level 1
	Set (0)  size: 1231
	Set (0)  time: 0.001 s
	Set (1)  size: 1233
	Set (1)  time: 0.001 s
Level 0
	Set (0)  size: 1037
	Set (0)  time: 0.001 s
	Set (1)  size: 1040
	Set (1)  time: 0.000 s
Result:
	Bricks number:                        26875

	Memory usage:                         5.525 MB
	Memory usage (per brick):             0.211 KB
	Construction time:                    0.213 s

	Topology features:
	------------------
	- High quality bricks                  99.97 % (26868)
	- Medium quality bricks                 0.03 % (7)
	- Bad quality bricks                    0.00 % (0)
	- Ribs corrected bricks                 0.00 % (0)
	- Points with geom-info (bricks)        0.10 % (27)
	- Points with closest-info (bricks)     0.03 % (7)
	- Triangulated by center (bricks)       0.67 % (181)
	- Facet w-faces mergings (bricks)       0.00 % (0)
	- To refine (bricks)                    0.00 % (0)

-----------------------------------------------------------------------
Memory Working Set Current = 91.41 Mb, Memory Working Set Peak = 91.41 Mb
Process Threads Number: 21
-----------------------------------------------------------------------
-----------------------------------------------------------------------
-----------------------------------------------------------------------
MSH --> BCF format (Iteration 0)...
BCF collector...(remove mode=0)
	Time (alloc counter per brick): 0.001 s
	Brick    count: 26875
	Av.f all count: 13903
	Av.s all count: 22585
	Av.f pid count: 9235
	Av.s pid count: 9558
	Faces fs count: 21869
	Faces ff count: 0
	Faces ss count: 0
	Faces bb count: 0
	Faces fe count: 0
	Faces se count: 2514
	Faces fw count: 24383
	Faces af count: 38734
	Faces as count: 70958
	Time (all count): 	0.005 s
	Time (bcf alloc): 	0.001 s
	Time (shifts alloc): 	0.001 s
	Time (shifts init): 	0.001 s
	Time (bcf fill): 	0.012 s
	Time (add av to faces): 0.000 s
	Time (add faces to av): 0.005 s
Time (bcf collect): 		0.028 s
	AV checker...
	Time (check av): 	0.010 s
	Subdomain checker...
		Subdomains construction time: 0.006 s.
		Subdomains sort time: 0.000 s.
			Subdomain 0 (geom_ind=0): 11805 av
			Subdomain 1 (geom_ind=0): 2094 av
			Subdomain 2 (geom_ind=0): 4 av
			Subdomain 3 (geom_ind=1): 22585 av
		gi: 0, subdomains: 3, real bodies: 2
		gi: 1, subdomains: 1, real bodies: 0
		Defect subdomains: 1
	Time (check subdoms): 	0.007 s
	Time (free bcf): 	0.012 s
	Time (corr msh): 	0.000 s
	Bricks corrected: 4
Time (bcf iteration total): 	0.058 s
-----------------------------------------------------------------------
MSH --> BCF format (Iteration 1)...
BCF collector...(remove mode=0)
	Time (alloc counter per brick): 0.001 s
	Brick    count: 26875
	Av.f all count: 13899
	Av.s all count: 22585
	Av.f pid count: 9231
	Av.s pid count: 9557
	Faces fs count: 21859
	Faces ff count: 0
	Faces ss count: 0
	Faces bb count: 0
	Faces fe count: 0
	Faces se count: 2514
	Faces fw count: 24373
	Faces af count: 38730
	Faces as count: 70962
	Time (all count): 	0.005 s
	Time (bcf alloc): 	0.001 s
	Time (shifts alloc): 	0.001 s
	Time (shifts init): 	0.001 s
	Time (bcf fill): 	0.013 s
	Time (add av to faces): 0.000 s
	Time (add faces to av): 0.005 s
Time (bcf collect): 		0.029 s
	AV checker...
	Time (check av): 	0.010 s
	Subdomain checker...
		Subdomains construction time: 0.006 s.
		Subdomains sort time: 0.000 s.
			Subdomain 0 (geom_ind=0): 11805 av
			Subdomain 1 (geom_ind=0): 2094 av
			Subdomain 2 (geom_ind=1): 22585 av
		gi: 0, subdomains: 2, real bodies: 2
		gi: 1, subdomains: 1, real bodies: 0
		Defect subdomains: 0
	Time (check subdoms): 	0.006 s
Time (bcf iteration total): 	0.045 s
	Time (fw-nb): 		0.002 s
	Fixed mutual fw-nb:     12723 (bb: 0)
	Time (fw-nb mutual): 	0.002 s
	Time (fw-nb sort): 	0.000 s
	Fw-opt BEFORE total:    24373 (fs=21859, ff=0, ss=0)
	Fw-opt AFTER  total:    14624 (fs=12110, ff=0, ss=0, failed fw/br=11/1, big_curv=41, big_poly=0)
	Fw-opt RESULT:          9749 (res/(fs+ff+ss) = 44.60 %)
	Time (fw-opt): 		0.008 s
	Time (fw-re-order): 	0.003 s
	Time (fw-nb): 		0.009 s
	Fixed mutual fw-nb:     30579 (bb: 0)
	Time (fw-nb mutual): 	0.003 s
	Time (fw-nb sort): 	0.000 s
	Time (rfd fix): 	0.000 s
	Time (av convexity): 	0.005 s
	Time (av small volume): 0.001 s
	Time (diagonal fw-nb): 	0.020 s
	Fixed mutual fw-nb:     0 (bb: 0)
	Time (fw-nb mutual): 	0.002 s
	Time (fw-nb sort): 	0.000 s
	Fluid subdomains: 2
	Faces fw-nb diff sd:    0
	Time (fw-nb diff sd): 	0.003 s
Time (bcf calc): 		0.062 s
-----------------------------------------------------------------------
Time (bcf total): 		0.164 s
-----------------------------------------------------------------------
-----------------------------------------------------------------------
Mega-cv constructor for fluid...
	 365 av's is treated as thin
Relative size generator (threshold = 0.05)...
	Iteration 1 (small cluster count = 862)
	Iteration 2 (small cluster count = 341)
	Iteration 3 (small cluster count = 104)
	Iteration 4 (small cluster count = 32)
	Iteration 5 (small cluster count = 2)
	Iteration 6 (small cluster count = 0)
	 832 mega-cv's generated
	 40 mega-cv's removed
Relative size generator is completed OK (0.003 s)
Apply fa-rules to mega-cv clusters fixes...
	Fa-rule violation fixes:       20 of       21 (total cluster# =      801)
OK (0.001 s)
Convert clusters:
	 792 mega-cv's total
Mega-cv count: 792
Time (mega-cv fill): 	0.002 s
WARNING! Mega-cv normal-direction rule violation counts: rule-I = 2, rule-II = 1
Time (mega-cv total): 	0.014 s
-----------------------------------------------------------------------
Mixing plane rotation regions: NO.
Sliding mesh rotation regions: NO.
Fluid/fluid faces: NO.
----------------------------------------------------------
BCF --> BCF.GEOMSUBDOM (bridge arrays):
MESH (0):
	Fluid Subdom Constructor: 2 subdom(s).
	Solid Subdom Constructor: 1 subdom(s).
	Net Asm Subdom Constructor: 0 subdom(s).
	GEOMSUBDOM (0): gi=0 fluid av=11805 cv=11158 fa=32973 fb=0 fw=9461 V=2.687827e-05
	Cache data...OK
	GEOMSUBDOM (1): gi=0 fluid av=2094 cv=1833 fa=5757 fb=0 fw=2649 V=1.875020e-06
	Cache data...OK
	GEOMSUBDOM (2): gi=1 solid av=22585 cv=22585 fa=70962 fb=0 fw=14624 V=7.866758e-04
	Cache data...OK
	Setting nb of w-faces...OK (0.006 s).
	Correcting nb of w-faces...
	Time(correct_fw_nb)=0.005 s

MESH (0) checking:
	GEOMSUBDOM (0):fa_s=0.0499035379134049 fb_s=0.0000000000000000 fw_s=0.0099328739618535 fw_nb=73932
	              :d_const(196)=2.89356e-10 d_linear(196)=5.3092e-10
	GEOMSUBDOM (1):fa_s=0.0039170759486789 fb_s=0.0000000000000000 fw_s=0.0013859640369006 fw_nb=21706
	              :d_const(632)=8.58745e-14 d_linear(0)=9.46884e-13
	GEOMSUBDOM (2):fa_s=0.4158262696403264 fb_s=0.0000000000000000 fw_s=0.0670782539616878 fw_nb=106284
	              :d_const(567)=2.73237e-10 d_linear(8788)=1.11683e-09
MESH (0) checking: OK.
Time (MDS): 	0.060 s
----------------------------------------------------------

-----------------------------------------------------------------------
BCF CHECKSUM DATA (Mesh 0):

WARNING! 273 w-face(s) without RefFacesData.
BRICK |Level1| Sum:               26764
FACE_A Area Sum:   G.Fluid        0.0538206138620838
FACE_A Area Sum:   G.Solid        0.4158262696403267
FACE_W Area Sum:                  0.0670782539616878
FACE_W Nb   Sum:                  106284
FACE_W min curvatures sum:        -3282336.55080032
FACE_W max curvatures sum:        5757769.06202674
AV Max Disbalance(Const) :        2.97522e-10 (cid=470, t={13, 84, 2}, avid=212, pid=182)
AV Max Disbalance(Linear):        1.11683e-09 (cid=15786, t={145, 5, 122}, avid=27143, pid=5968)
-----------------------------------------------------------------------


-----------------------------------------------------------------------
MESHER TOPOLOGY DATA:

BRICKS: Total                 26875
BRICKS: 1-CV                  17696
BRICKS: 2-CV                  8753
BRICKS: 3-CV                  422
BRICKS: 4-CV                  4
BRICKS: Bad                   0

AV:     G.Total               36484
AV:     G.Fluid               13899
AV:     G.Solid               22585

AV:     G.Fluid Thin Profile    2.69 % (374)
AV:     G.Solid Thin Profile    0.23 % (52)

AV:     G.Fluid Thin For Mega   2.63 % (365)
AV:     G.Solid Thin For Mega   0.20 % (45)

AV:     G.Fluid Non-Convex     19.95 % (2773)
AV:     G.Solid Non-Convex     18.37 % (4148)

AV:     G.Fluid Non-Ess-Convex      5.40 % (750)
AV:     G.Solid Non-Ess-Convex      6.49 % (1465)

FACE_A: G.Fluid          (af) 38730 (partially opened 19673)
FACE_A: G.Solid          (as) 70962 (partially opened 20294)

FACE_B: G.Total          (b)  0

FACE_W: G.Total                 14624       Brick/Bound
FACE_W: G.Fluid/Solid    (fs_g) 12110       0           
FACE_W: G.Fluid/Fluid    (ff_g) 0           0           
FACE_W: G.Solid/Solid    (ss_g) 0           0           
FACE_W: G.Fluid/External (fe_g) 0
FACE_W: G.Solid/External (se_g) 2514

AV/CV max fa count (on brick side):7
AV/CV max fw count:                7
AV/CV max fb count:                0
AV/CV max fw poly count:           43

MEMORY: Total                   12.635 MB
MEMORY: Per Brick               0.481 KB
-----------------------------------------------------------------------

-----------------------------------------------------------------------
Connectivities information:
	Number of conns: 0
-----------------------------------------------------------------------
	Time (gap size): 	0.032 s
-----------------------------------------------------------------------
Calculating curvature and tolerance criteria...
Curvature: min=0 max=3.13762
Tolerance: min=0 max=0.000427832
Calculating curvature and tolerance criteria takes 0.153 s
-----------------------------------------------------------------------
MESH Build(FS) finished. Time=1.800 s
-----------------------------------------------------------------------
Current CPU = 2 sec

Nx=18
Ny=8
Nz=18
Max BRICK Level=4
Mesh Level=4
-----------------CModelBodies2MeshMapper::CollectData started -------------------------------
-----------------CModelBodies2MeshMapper Report -------------------------------
FluidDomains 2 SolidDomains 1 VoidDomains 0 
Domains RefIndexes
Domain 0, Index count 19
Domain 1, Index count 42
Domain 2, Index count 61
----------------- -------------------------------
	ModelBodies
Total resolved Bodies 0 BodySets 0

--------------------------------------------------------------------------
	Positive geometry Bodies
Total resolved Bodies 2 BodySets 2
BodySet 0
	Bodies list:
			#0	Name: ;	ID: 014cdd87-244c-4bce-9a17-3e54320bbaa9
	Domains list:		 1 
BodySet 1
	Bodies list:
			#0	Name: ;	ID: 57984dac-05b9-452d-9450-1a43b58acc09
	Domains list:		 0 

--------------------------------------------------------------------------
	Fluid regions
Total resolved Bodies 2 BodySets 1
BodySet 0	Material: Water; 
	Bodies list:
			#0	Name: ;	ID: 014cdd87-244c-4bce-9a17-3e54320bbaa9
			#1	Name: ;	ID: 57984dac-05b9-452d-9450-1a43b58acc09
	Domains list:		 0 		 1 

--------------------------------------------------------------------------
-----------------CModelBodies2MeshMapper::CollectData finished successfully-------------------
Saving initial mesh in: N:\Downloads\GitHub\liquid-propellant-engine\2kN Heat Sink Engine\Simulation Only\1\Parametric Study 2\7\7.fld .
Storing results...
Estimated CPT size=6.199 MB.
	Time (write bcf): 1.264 s
OK
-----------------------------------------------------------------------
Memory Working Set Current = 112.63 Mb, Memory Working Set Peak = 112.63 Mb
Process Threads Number: 21
-----------------------------------------------------------------------
Cleaning memory...
		Time (free xsl):                    	0.003 s
Free Geometry DB takes 0.000 s
	Time (free bcf): 	0.013 s
		Time (free bcf mesh):               	0.030 s
	Time (free mesher data):              	0.035 s
Copying... OK
Mesh generation normally finished at	7.4.2021	14:0:16
Mesher CPU = 4 sec
Mesher is finished at	7.4.2021	14:0:16
-----------------------------------------------------------------------
Memory Working Set Current = 50.87 Mb, Memory Working Set Peak = 113.01 Mb
Process Threads Number: 21
-----------------------------------------------------------------------
Algebra Pool      : mem_usage = 0.69 Mb, allocated count = 0
Log ended at 07.04.2021	14:00:16
