Log started at 13.04.2021	22:42:52
Number of used processors (NPROC): 4.
Number of mesh partitions (NPART): 4.
Total Physical Memory = 15.87 Gb, Available Physical Memory = 10.33 Gb
Computer name:	MCAE33
Operating system:	Windows 10 (or higher) (Version 10.0.18363)

SOLIDWORKS 2020 SP4.0
Flow Simulation 2020  x64 / 4995 / MESHER ver. efd_dev.4663_05.07.2019 

Project: N:\Downloads\GitHub\liquid-propellant-engine\2kN Heat Sink Engine\Simulation Only\1\Parametric Study 2\34\34.xmlconfig
Configuration name: Default
Project name: Single Fluid (Water Substitute)
NGK: OFF
MBO: OFF

Mesh generation started:	13.4.2021	22:42:52
-----------------------------------------------------------------------
Mesher option run = eRunMesherNormal
-----------------------------------------------------------------------
Current CPU = 0 sec
-----------------------------------------------------------------------
Geometries initialization:
-----------------------------------------------------------------------
Loading mesh settings (global/local)...
-----------------------------------------------------------------------
Number of geometries from DB: 1
Geometry(0):
	Guid = {00000000-0000-0000-0000-000000000000}
	Fluid..
	1 Body.
	2 Real bodies.
	-- Bodyset 0 --
		Tolerance=3.3166e-05.
		103 Face(s).
			103 of b-spline type.
		0 Face(s) that have no ref faces
		13 Plane surface(s).
		33 Cylinder surface(s).
		5 Cone surface(s).
		4 Torus surface(s).
		48 B- surface(s).
		14288 Triangle(s).
		Getting triangle connectivities from DB: 0.001 s
		209 Edge(s).
			209 of b-spline type.
		BodyGeom reading: 0.020 s.
		61 Reference Face(s).
		9493 Reference Triangles.
		Getting triangle connectivities from DB (Ref): 0.001 s
		BodyGeom Ref reading: 0.001 s.
		Getting triangle connectivities from DB (Extra Triangulation): 0.001 s
Geometry(1):
	Solid.
	-- Bodyset 1 --
	Empty
-----------------------------------------------------------------------
Number of geometries in task: 2
Number of bodysets   in task: 2
-----------------------------------------------------------------------
	Making hash and connectivity for Bodyset ...
		CBodyGeom:
		Hash size: {18, 30, 16}.
		Mesh size: {18, 10, 16}.
		Hashing triangles...Ok.
			axis(0) tr sizes: average=60 max=4494
			axis(1) tr sizes: average=71 max=3340
			axis(2) tr sizes: average=55 max=4663
		Number of t-connected sets:3
			(0) size=12
			(1) size=8224 cavity
			(2) size=6052 cavity
		Done.
		CBodyGeomRef:
		Hashing triangles...Ok.
			axis(0) tr sizes: average=356 max=1811
			axis(1) tr sizes: average=224 max=2192
			axis(2) tr sizes: average=351 max=2512
		Done.
	0.0108 s.
Geometries reading and preparing has taken 0.038 s.

Mapped triangles:
Hashing geometries triangles
	Triangles num=14288
	Triangles box={0.0258348  ,0.147141  ,0.150841  ,0.213381  ,0.104788  ,0.216217  }
		3d-hash size is 102948 bytes
Hashing peculiar surfaces triangles
	Triangles num=37
	Triangles box={0.024018  ,0.0307351  ,0.185147  ,0.196579  ,0.102187  ,0.111432  }
		3d-hash size is 11708 bytes
	Triangles num=37
	Triangles box={0.0702151  ,0.0815803  ,0.185147  ,0.196579  ,0.215167  ,0.216361  }
		3d-hash size is 11864 bytes
	Triangles num=37
	Triangles box={0.14367  ,0.148319  ,0.185147  ,0.196579  ,0.114046  ,0.124486  }
		3d-hash size is 11840 bytes
	Triangles num=37
	Triangles box={0.0773704  ,0.0888028  ,0.213256  ,0.213256  ,0.141572  ,0.153  }
		3d-hash size is 11872 bytes
	Triangles num=30
	Triangles box={0.0831231  ,0.0845875  ,0.152586  ,0.154083  ,0.141933  ,0.142147  }
		3d-hash size is 11648 bytes
	Triangles num=30
	Triangles box={0.0784758  ,0.0793933  ,0.152586  ,0.154083  ,0.143416  ,0.144577  }
		3d-hash size is 11648 bytes
	Triangles num=30
	Triangles box={0.0857921  ,0.0869533  ,0.152586  ,0.154083  ,0.142666  ,0.143583  }
		3d-hash size is 11676 bytes
	Triangles num=30
	Triangles box={0.0877369  ,0.0882838  ,0.152586  ,0.154083  ,0.144635  ,0.14601  }
		3d-hash size is 11648 bytes
	Triangles num=30
	Triangles box={0.0778954  ,0.0784423  ,0.152586  ,0.154083  ,0.148549  ,0.149924  }
		3d-hash size is 11648 bytes
	Triangles num=30
	Triangles box={0.0843588  ,0.085734  ,0.152586  ,0.154083  ,0.151927  ,0.152474  }
		3d-hash size is 11648 bytes
	Triangles num=30
	Triangles box={0.0815917  ,0.0830561  ,0.152586  ,0.154083  ,0.152413  ,0.152627  }
		3d-hash size is 11648 bytes
	Triangles num=30
	Triangles box={0.0792259  ,0.0803871  ,0.152586  ,0.154083  ,0.150976  ,0.151894  }
		3d-hash size is 11676 bytes
	Triangles num=30
	Triangles box={0.0867859  ,0.0877034  ,0.152586  ,0.154083  ,0.149982  ,0.151143  }
		3d-hash size is 11648 bytes
	Triangles num=30
	Triangles box={0.0804451  ,0.0818203  ,0.152586  ,0.154083  ,0.142085  ,0.142632  }
		3d-hash size is 11648 bytes
	Triangles num=30
	Triangles box={0.0882225  ,0.0884365  ,0.152586  ,0.154083  ,0.147313  ,0.148778  }
		3d-hash size is 11648 bytes
	Triangles num=30
	Triangles box={0.0777427  ,0.0779566  ,0.152586  ,0.154083  ,0.145782  ,0.147246  }
		3d-hash size is 11704 bytes
	Triangles num=78
	Triangles box={0.0769688  ,0.0892111  ,0.173621  ,0.173621  ,0.141158  ,0.153401  }
		3d-hash size is 11904 bytes
Mapped triangles processed in 0.012 s.
-----------------------------------------------------------------------
Getting sectors:
Number of sectors: 0
-----------------------------------------------------------------------
-----------------------------------------------------------------------

Current CPU = 0 sec

-----------------------------------------------------------------------
Mesh dimensions:
				I[0 ]=18
				I[1 ]=10
				I[2 ]=16

Comp. domain size:
				a[0  ]=0.0259558
				a[1  ]=0.14702
				a[2  ]=0.150903
				a[3  ]=0.213318
				a[4  ]=0.104899
				a[5  ]=0.216106

Fluid calculated			1
Solid calculated			0
-----------------------------------------------------------------------
MESH Build started...
-----------------------------------------------------------------------
Mesh LEVEL = 4
-----------------------------------------------------------------------
Setting regions...OK (0.000 s)
Base mesh info------------------
	2D flag  =0
	Period   =[0, 0, 0]
	Nx=18
		x[0]=0.0259558
		x[1]=0.0326837
		x[2]=0.0394095
		x[3]=0.0461353
		x[4]=0.052861
		x[5]=0.0595868
		x[6]=0.0663126
		x[7]=0.0730384
		x[8]=0.0797641
		x[9]=0.0864899
		x[10]=0.0932157
		x[11]=0.0999415
		x[12]=0.106667
		x[13]=0.113393
		x[14]=0.120119
		x[15]=0.126845
		x[16]=0.13357
		x[17]=0.140296
		x[18]=0.14702
	Ny=10
		y[0]=0.150903
		y[1]=0.157146
		y[2]=0.163388
		y[3]=0.169629
		y[4]=0.175871
		y[5]=0.182112
		y[6]=0.188354
		y[7]=0.194595
		y[8]=0.200837
		y[9]=0.207079
		y[10]=0.213318
	Nz=16
		z[0]=0.104899
		z[1]=0.111851
		z[2]=0.118802
		z[3]=0.125752
		z[4]=0.132703
		z[5]=0.139653
		z[6]=0.146603
		z[7]=0.153554
		z[8]=0.160504
		z[9]=0.167455
		z[10]=0.174405
		z[11]=0.181355
		z[12]=0.188306
		z[13]=0.195256
		z[14]=0.202207
		z[15]=0.209157
		z[16]=0.216106
End of base mesh info---------
Input_mesh_settings--------------------------------
Settings 0----------------
	Scope: GLOBAL
	Type:	------MESHER_SETTINGS----------
	RefAllCells           =0
	RefFluidCells         =0
	RefPartCells          =0
	RefSolidCells         =0
	l_SSFR(Capture crit)  =4
	l_curv(Curvature crit)=0
	l_tol(Tolerance crit) =4
	  k_tol               =0.000377956
	UseChannelRef         =1
	  NCR_method          =0
	  l_NCR               =2
	  N_gap               =5
	  Use d_NCR_min       =0
	  Use d_NCR_max       =0
	IgnoreThinChannelsHeight         =0
	--END_OF_MESHER_SETTINGS-------
End of input mesh settings-------------------------

-----------------------------------------------------------------------
Building geometries:
-----------------------------------------------------------------------
Building body-set (0) of geometry Fluid.0.(0). ...

-----------------------------------------------------------------------
Refining by triangulation...
Refinement input: 2880 bricks
Setting regions...OK (0.000 s)
Setting regions...OK (0.000 s)
Setting regions...OK (0.000 s)
Setting regions...OK (0.000 s)
Refinement result: 19855 bricks (0.098 s)
Refinement input: 19855 bricks
Refinement result: 19855 bricks (0.005 s)
Collecting and processing rays...OK (0.101 s)
Capturing...OK (0.005 s)
Refining by triangulation takes 0.209 s
-----------------------------------------------------------------------

-----------------------------------------------------------------------
Refining peculiar surfaces...
Refinement input: 19855 bricks
Setting regions...OK (0.000 s)
Refinement result: 19932 bricks (0.002 s)
Refinement input: 19932 bricks
Setting regions...OK (0.000 s)
Refinement result: 19953 bricks (0.002 s)
Refinement input: 19953 bricks
Setting regions...OK (0.000 s)
Refinement result: 20023 bricks (0.003 s)
Refinement input: 20023 bricks
Setting regions...OK (0.000 s)
Refinement result: 20037 bricks (0.002 s)
Refinement input: 20037 bricks
Setting regions...OK (0.000 s)
Refinement result: 20093 bricks (0.002 s)
Refinement input: 20093 bricks
Setting regions...OK (0.000 s)
Refinement result: 20107 bricks (0.002 s)
Refinement input: 20107 bricks
Setting regions...OK (0.000 s)
Refinement result: 20163 bricks (0.002 s)
5 surfaces refined
Refining peculiar surfaces takes 0.025 s
-----------------------------------------------------------------------
Collecting and processing rays...OK (0.001 s)
Capturing...OK (0.000 s)
Collecting and processing rays...OK (0.000 s)
Capturing...OK (0.000 s)
Collecting and processing rays...OK (0.000 s)
Capturing...OK (0.000 s)

-----------------------------------------------------------------------
Base mesh 1 Refining...
Refinement input: 20163 bricks
Refinement result: 20163 bricks (0.000 s)
Collecting and processing rays...OK (0.000 s)
Capturing...OK (0.000 s)
-----------------------------------------------------------------------
Refining channels...
FYI: CNarrowChannelRefiner::RefineChannels_PRLL
Refinement input: 20163 bricks
Setting regions...OK (0.000 s)
Refinement result: 20849 bricks (0.003 s)
Collecting and processing rays...OK (0.001 s)
Capturing...OK (0.001 s)
FYI: m_iteration_count = 0
FYI: level1 statistics:
     level1_cnt_plus[1]=9158;		level1_cnt_minus[1]=0
     level1_cnt_plus[2]=688;		level1_cnt_minus[2]=0
     level1_cnt_plus[3]=0;		level1_cnt_minus[3]=0
     level1_cnt_plus[4]=0;		level1_cnt_minus[4]=0
     level1_cnt_plus[5]=0;		level1_cnt_minus[5]=0
     level1_cnt_plus[6]=0;		level1_cnt_minus[6]=0
     level1_cnt_plus[7]=0;		level1_cnt_minus[7]=0
     level1_cnt_plus[8]=0;		level1_cnt_minus[8]=0
     level1_cnt_plus[9]=0;		level1_cnt_minus[9]=0
Refinement input: 20849 bricks
Setting regions...OK (0.000 s)
Refinement result: 20891 bricks (0.003 s)
Collecting and processing rays...OK (0.001 s)
Capturing...OK (0.000 s)
FYI: m_iteration_count = 1
FYI: level1 statistics:
     level1_cnt_plus[1]=9161;		level1_cnt_minus[1]=0
     level1_cnt_plus[2]=728;		level1_cnt_minus[2]=0
     level1_cnt_plus[3]=0;		level1_cnt_minus[3]=0
     level1_cnt_plus[4]=0;		level1_cnt_minus[4]=0
     level1_cnt_plus[5]=0;		level1_cnt_minus[5]=0
     level1_cnt_plus[6]=0;		level1_cnt_minus[6]=0
     level1_cnt_plus[7]=0;		level1_cnt_minus[7]=0
     level1_cnt_plus[8]=0;		level1_cnt_minus[8]=0
     level1_cnt_plus[9]=0;		level1_cnt_minus[9]=0
FYI: m_iteration_count = 2
FYI: level1 statistics:
     level1_cnt_plus[1]=9161;		level1_cnt_minus[1]=0
     level1_cnt_plus[2]=728;		level1_cnt_minus[2]=0
     level1_cnt_plus[3]=0;		level1_cnt_minus[3]=0
     level1_cnt_plus[4]=0;		level1_cnt_minus[4]=0
     level1_cnt_plus[5]=0;		level1_cnt_minus[5]=0
     level1_cnt_plus[6]=0;		level1_cnt_minus[6]=0
     level1_cnt_plus[7]=0;		level1_cnt_minus[7]=0
     level1_cnt_plus[8]=0;		level1_cnt_minus[8]=0
     level1_cnt_plus[9]=0;		level1_cnt_minus[9]=0
Refinement input: 20891 bricks
Setting regions...OK (0.000 s)
Refinement result: 21094 bricks (0.002 s)
Collecting and processing rays...OK (0.000 s)
Capturing...OK (0.000 s)
FYI: m_iteration_count = 3
FYI: level1 statistics:
     level1_cnt_plus[1]=9177;		level1_cnt_minus[1]=0
     level1_cnt_plus[2]=920;		level1_cnt_minus[2]=0
     level1_cnt_plus[3]=0;		level1_cnt_minus[3]=0
     level1_cnt_plus[4]=0;		level1_cnt_minus[4]=0
     level1_cnt_plus[5]=0;		level1_cnt_minus[5]=0
     level1_cnt_plus[6]=0;		level1_cnt_minus[6]=0
     level1_cnt_plus[7]=0;		level1_cnt_minus[7]=0
     level1_cnt_plus[8]=0;		level1_cnt_minus[8]=0
     level1_cnt_plus[9]=0;		level1_cnt_minus[9]=0
FYI: m_iteration_count = 4
FYI: level1 statistics:
     level1_cnt_plus[1]=9177;		level1_cnt_minus[1]=0
     level1_cnt_plus[2]=920;		level1_cnt_minus[2]=0
     level1_cnt_plus[3]=0;		level1_cnt_minus[3]=0
     level1_cnt_plus[4]=0;		level1_cnt_minus[4]=0
     level1_cnt_plus[5]=0;		level1_cnt_minus[5]=0
     level1_cnt_plus[6]=0;		level1_cnt_minus[6]=0
     level1_cnt_plus[7]=0;		level1_cnt_minus[7]=0
     level1_cnt_plus[8]=0;		level1_cnt_minus[8]=0
     level1_cnt_plus[9]=0;		level1_cnt_minus[9]=0
FYI: level1 statistics:
     level1_cnt_plus[1]=9177;		level1_cnt_minus[1]=0
     level1_cnt_plus[2]=920;		level1_cnt_minus[2]=0
     level1_cnt_plus[3]=0;		level1_cnt_minus[3]=0
     level1_cnt_plus[4]=0;		level1_cnt_minus[4]=0
     level1_cnt_plus[5]=0;		level1_cnt_minus[5]=0
     level1_cnt_plus[6]=0;		level1_cnt_minus[6]=0
     level1_cnt_plus[7]=0;		level1_cnt_minus[7]=0
     level1_cnt_plus[8]=0;		level1_cnt_minus[8]=0
     level1_cnt_plus[9]=0;		level1_cnt_minus[9]=0

-----------------------------------------------------------------------
U-shapes refinement...
Refinement input: 21094 bricks
Setting regions...OK (0.000 s)
Refinement result: 22879 bricks (0.007 s)
Collecting and processing rays...OK (0.005 s)
Capturing...OK (0.000 s)
-----------------------------------------------------------------------

-----------------------------------------------------------------------
Equi Distant Refiner:
Equi Distant Refiner takes 0.00 s
-----------------------------------------------------------------------
Building geometry takes 0.706 s
Geometry Fluid.0.
Total		22879
Partial	7970
Fluid		2377
Solid		12411
Bad		121

/-Ray Intersection---------------/ Time	0.277 s
Calls			9925
CorrectRay Calls	0



-----------------------------------------------------------------------
Building geometries takes 0.707 s
-----------------------------------------------------------------------

-----------------------------------------------------------------------
PostBuilding geometries:
-----------------------------------------------------------------------
PostBuilding body-set (0) geometry Fluid.0. (0)...
Collecting and processing rays...OK (0.000 s)
Capturing...OK (0.000 s)
PostBuilding geometry takes 0.001 s
Geometry Fluid.0.
Total		22879
Partial	7970
Fluid		2377
Solid		12411
Bad		121

-----------------------------------------------------------------------
PostBuilding geometries takes 0.002 s
-----------------------------------------------------------------------
Defect ray count	0
FYI: CNarrowChannelRefiner::RedistributeLevel1_step_1: is finished
FYI: level1 statistics:
     level1_cnt_plus[1]=322;		level1_cnt_minus[1]=0
     level1_cnt_plus[2]=9608;		level1_cnt_minus[2]=0
     level1_cnt_plus[3]=0;		level1_cnt_minus[3]=0
     level1_cnt_plus[4]=0;		level1_cnt_minus[4]=0
     level1_cnt_plus[5]=0;		level1_cnt_minus[5]=0
     level1_cnt_plus[6]=0;		level1_cnt_minus[6]=0
     level1_cnt_plus[7]=0;		level1_cnt_minus[7]=0
     level1_cnt_plus[8]=0;		level1_cnt_minus[8]=0
     level1_cnt_plus[9]=0;		level1_cnt_minus[9]=0
FYI: CNarrowChannelRefiner::RedistributeLevel1_step_2: is started
FYI: CNarrowChannelRefiner::RedistributeLevel1_step_2: is finished
FYI: level1 statistics:
     level1_cnt_plus[1]=135;		level1_cnt_minus[1]=0
     level1_cnt_plus[2]=11002;		level1_cnt_minus[2]=0
     level1_cnt_plus[3]=0;		level1_cnt_minus[3]=0
     level1_cnt_plus[4]=0;		level1_cnt_minus[4]=0
     level1_cnt_plus[5]=0;		level1_cnt_minus[5]=0
     level1_cnt_plus[6]=0;		level1_cnt_minus[6]=0
     level1_cnt_plus[7]=0;		level1_cnt_minus[7]=0
     level1_cnt_plus[8]=0;		level1_cnt_minus[8]=0
     level1_cnt_plus[9]=0;		level1_cnt_minus[9]=0
FYI: CNarrowChannelRefiner::RedistributeLevel1_step_3: is started
FYI: CNarrowChannelRefiner::RedistributeLevel1_step_3: is finished
RedistributeLevel1 takes:
FYI: level1 statistics:
     level1_cnt_plus[1]=135;		level1_cnt_minus[1]=0
     level1_cnt_plus[2]=11002;		level1_cnt_minus[2]=8
     level1_cnt_plus[3]=0;		level1_cnt_minus[3]=0
     level1_cnt_plus[4]=0;		level1_cnt_minus[4]=0
     level1_cnt_plus[5]=0;		level1_cnt_minus[5]=0
     level1_cnt_plus[6]=0;		level1_cnt_minus[6]=0
     level1_cnt_plus[7]=0;		level1_cnt_minus[7]=0
     level1_cnt_plus[8]=0;		level1_cnt_minus[8]=0
     level1_cnt_plus[9]=0;		level1_cnt_minus[9]=0
-----------------------------------------------------------------------
MSH format builder (Iteration 0)
-----------------------------------------------------------------------
Memory Working Set Current = 51.66 Mb, Memory Working Set Peak = 62.97 Mb
Process Threads Number: 13
-----------------------------------------------------------------------
Loading geometries triangulation & x-stacks...OK
x-stacks size = 0.72 Mb
Total bricks count: 22879
-----------------------------------------------------------------------
MSH (Real Geometry) format constructor:
	Getting brick sets...OK (0.001 s)
	Min x-stack xeps = 8.40782e-10
	D / dh / eps [axis=0] = (0.121064, 0.000420229, 2.80261e-10)
	D / dh / eps [axis=1] = (0.0624151, 0.000389989, 2.80261e-10)
	D / dh / eps [axis=2] = (0.111207, 0.000434301, 2.80261e-10)
	Time (xeps): 0.000 s
Level 4
	Set (0)  size: 2032
	Set (0)  time: 0.047 s
	Set (1)  size: 2032
	Set (1)  time: 0.035 s
Level 3
	Set (0)  size: 3809
	Set (0)  time: 0.035 s
	Set (1)  size: 3819
	Set (1)  time: 0.037 s
Level 2
	Set (0)  size: 3409
	Set (0)  time: 0.026 s
	Set (1)  size: 3406
	Set (1)  time: 0.030 s
Level 1
	Set (0)  size: 923
	Set (0)  time: 0.001 s
	Set (1)  size: 922
	Set (1)  time: 0.001 s
Level 0
	Set (0)  size: 1265
	Set (0)  time: 0.001 s
	Set (1)  size: 1262
	Set (1)  time: 0.001 s
Result:
	Bricks number:                        22879

	Memory usage:                         5.325 MB
	Memory usage (per brick):             0.238 KB
	Construction time:                    0.215 s

	Topology features:
	------------------
	- High quality bricks                  99.99 % (22877)
	- Medium quality bricks                 0.01 % (2)
	- Bad quality bricks                    0.00 % (0)
	- Ribs corrected bricks                 0.00 % (0)
	- Points with geom-info (bricks)        0.03 % (7)
	- Points with closest-info (bricks)     0.00 % (0)
	- Triangulated by center (bricks)       0.97 % (221)
	- Facet w-faces mergings (bricks)       0.00 % (0)
	- To refine (bricks)                    0.00 % (0)

-----------------------------------------------------------------------
Memory Working Set Current = 74.40 Mb, Memory Working Set Peak = 74.40 Mb
Process Threads Number: 13
-----------------------------------------------------------------------
-----------------------------------------------------------------------
-----------------------------------------------------------------------
MSH --> BCF format (Iteration 0)...
BCF collector...(remove mode=0)
	Time (alloc counter per brick): 0.001 s
	Brick    count: 22879
	Av.f all count: 11130
	Av.s all count: 21221
	Av.f pid count: 8775
	Av.s pid count: 9077
	Faces fs count: 22667
	Faces ff count: 0
	Faces ss count: 0
	Faces bb count: 0
	Faces fe count: 0
	Faces se count: 2210
	Faces fw count: 24877
	Faces af count: 31148
	Faces as count: 67008
	Time (all count): 	0.004 s
	Time (bcf alloc): 	0.001 s
	Time (shifts alloc): 	0.001 s
	Time (shifts init): 	0.001 s
	Time (bcf fill): 	0.011 s
	Time (add av to faces): 0.000 s
	Time (add faces to av): 0.004 s
Time (bcf collect): 		0.024 s
	AV checker...
	Time (check av): 	0.008 s
	Subdomain checker...
		Subdomains construction time: 0.003 s.
		Subdomains sort time: 0.000 s.
			Subdomain 0 (geom_ind=0): 8666 av
			Subdomain 1 (geom_ind=0): 2464 av
			Subdomain 2 (geom_ind=1): 21221 av
		gi: 0, subdomains: 2, real bodies: 2
		gi: 1, subdomains: 1, real bodies: 0
		Defect subdomains: 0
	Time (check subdoms): 	0.003 s
Time (bcf iteration total): 	0.035 s
	Time (fw-nb): 		0.002 s
	Fixed mutual fw-nb:     13712 (bb: 0)
	Time (fw-nb mutual): 	0.002 s
	Time (fw-nb sort): 	0.000 s
	Fw-opt BEFORE total:    24877 (fs=22667, ff=0, ss=0)
	Fw-opt AFTER  total:    14035 (fs=11825, ff=0, ss=0, failed fw/br=17/1, big_curv=33, big_poly=0)
	Fw-opt RESULT:          10842 (res/(fs+ff+ss) = 47.83 %)
	Time (fw-opt): 		0.007 s
	Time (fw-re-order): 	0.002 s
	Time (fw-nb): 		0.010 s
	Fixed mutual fw-nb:     29546 (bb: 0)
	Time (fw-nb mutual): 	0.002 s
	Time (fw-nb sort): 	0.000 s
	Time (rfd fix): 	0.000 s
	Time (av convexity): 	0.004 s
	Time (av small volume): 0.000 s
	Time (diagonal fw-nb): 	0.022 s
	Fixed mutual fw-nb:     0 (bb: 0)
	Time (fw-nb mutual): 	0.001 s
	Time (fw-nb sort): 	0.000 s
	Fluid subdomains: 2
	Faces fw-nb diff sd:    0
	Time (fw-nb diff sd): 	0.001 s
Time (bcf calc): 		0.058 s
-----------------------------------------------------------------------
Time (bcf total): 		0.093 s
-----------------------------------------------------------------------
-----------------------------------------------------------------------
Mega-cv constructor for fluid...
	 553 av's is treated as thin
Relative size generator (threshold = 0.05)...
	Iteration 1 (small cluster count = 1246)
	Iteration 2 (small cluster count = 616)
	Iteration 3 (small cluster count = 214)
	Iteration 4 (small cluster count = 67)
	Iteration 5 (small cluster count = 10)
	Iteration 6 (small cluster count = 4)
	Iteration 7 (small cluster count = 1)
	Iteration 8 (small cluster count = 0)
	 1179 mega-cv's generated
	 71 mega-cv's removed
Relative size generator is completed OK (0.003 s)
Apply fa-rules to mega-cv clusters fixes...
	Fa-rule violation fixes:       49 of       50 (total cluster# =     1126)
OK (0.001 s)
Convert clusters:
	 1110 mega-cv's total
Mega-cv count: 1110
Time (mega-cv fill): 	0.002 s
WARNING! Mega-cv normal-direction rule violation counts: rule-I = 1, rule-II = 0
Time (mega-cv total): 	0.011 s
-----------------------------------------------------------------------
Mixing plane rotation regions: NO.
Sliding mesh rotation regions: NO.
Fluid/fluid faces: NO.
----------------------------------------------------------
BCF --> BCF.GEOMSUBDOM (bridge arrays):
MESH (0):
	Fluid Subdom Constructor: 2 subdom(s).
	Solid Subdom Constructor: 1 subdom(s).
	Net Asm Subdom Constructor: 0 subdom(s).
	GEOMSUBDOM (0): gi=0 fluid av=8666 cv=7617 fa=24354 fb=0 fw=8848 V=7.207338e-06
	Cache data...OK
	GEOMSUBDOM (1): gi=0 fluid av=2464 cv=2201 fa=6794 fb=0 fw=2977 V=1.983399e-06
	Cache data...OK
	GEOMSUBDOM (2): gi=1 solid av=21221 cv=21221 fa=67008 fb=0 fw=14035 V=8.311110e-04
	Cache data...OK
	Setting nb of w-faces...OK (0.005 s).
	Correcting nb of w-faces...
	Time(correct_fw_nb)=0.004 s

MESH (0) checking:
	GEOMSUBDOM (0):fa_s=0.0162239647027798 fb_s=0.0000000000000000 fw_s=0.0056158940596314 fw_nb=68994
	              :d_const(16)=2.66843e-10 d_linear(16)=3.70357e-10
	GEOMSUBDOM (1):fa_s=0.0042526189705399 fb_s=0.0000000000000000 fw_s=0.0014695468845252 fw_nb=23874
	              :d_const(1855)=6.40693e-14 d_linear(1712)=1.41933e-12
	GEOMSUBDOM (2):fa_s=0.4204439466922504 fb_s=0.0000000000000000 fw_s=0.0630060518251475 fw_nb=102202
	              :d_const(303)=1.17755e-10 d_linear(11216)=3.30298e-08
MESH (0) checking: OK.
Time (MDS): 	0.040 s
----------------------------------------------------------

-----------------------------------------------------------------------
BCF CHECKSUM DATA (Mesh 0):

WARNING! 274 w-face(s) without RefFacesData.
BRICK |Level1| Sum:               22155
FACE_A Area Sum:   G.Fluid        0.0204765836733197
FACE_A Area Sum:   G.Solid        0.4204439466922505
FACE_W Area Sum:                  0.0630060518251475
FACE_W Nb   Sum:                  102202
FACE_W min curvatures sum:        -4299652.45539760
FACE_W max curvatures sum:        5860858.03666449
AV Max Disbalance(Const) :        1.85516e-09 (cid=197, t={2, 96, 4}, avid=18, pid=16)
AV Max Disbalance(Linear):        3.30298e-08 (cid=14883, t={152, 74, 100}, avid=24959, pid=6455)
-----------------------------------------------------------------------


-----------------------------------------------------------------------
MESHER TOPOLOGY DATA:

BRICKS: Total                 22879
BRICKS: 1-CV                  14499
BRICKS: 2-CV                  7462
BRICKS: 3-CV                  744
BRICKS: 4-CV                  174
BRICKS: Bad                   0

AV:     G.Total               32351
AV:     G.Fluid               11130
AV:     G.Solid               21221

AV:     G.Fluid Thin Profile    6.24 % (695)
AV:     G.Solid Thin Profile    1.86 % (395)

AV:     G.Fluid Thin For Mega   4.97 % (553)
AV:     G.Solid Thin For Mega   1.13 % (239)

AV:     G.Fluid Non-Convex     29.25 % (3255)
AV:     G.Solid Non-Convex     18.22 % (3867)

AV:     G.Fluid Non-Ess-Convex      7.66 % (853)
AV:     G.Solid Non-Ess-Convex      6.49 % (1378)

FACE_A: G.Fluid          (af) 31148 (partially opened 18945)
FACE_A: G.Solid          (as) 67008 (partially opened 19542)

FACE_B: G.Total          (b)  0

FACE_W: G.Total                 14035       Brick/Bound
FACE_W: G.Fluid/Solid    (fs_g) 11825       0           
FACE_W: G.Fluid/Fluid    (ff_g) 0           0           
FACE_W: G.Solid/Solid    (ss_g) 0           0           
FACE_W: G.Fluid/External (fe_g) 0
FACE_W: G.Solid/External (se_g) 2210

AV/CV max fa count (on brick side):8
AV/CV max fw count:                8
AV/CV max fb count:                0
AV/CV max fw poly count:           24

MEMORY: Total                   11.384 MB
MEMORY: Per Brick               0.510 KB
-----------------------------------------------------------------------

-----------------------------------------------------------------------
Connectivities information:
	Number of conns: 0
-----------------------------------------------------------------------
	Time (gap size): 	0.024 s
-----------------------------------------------------------------------
Calculating curvature and tolerance criteria...
Curvature: min=0 max=3.14106
Tolerance: min=0 max=0.000436717
Calculating curvature and tolerance criteria takes 0.122 s
-----------------------------------------------------------------------
MESH Build(FS) finished. Time=1.490 s
-----------------------------------------------------------------------
Current CPU = 2 sec

Nx=18
Ny=10
Nz=16
Max BRICK Level=4
Mesh Level=4
-----------------CModelBodies2MeshMapper::CollectData started -------------------------------
-----------------CModelBodies2MeshMapper Report -------------------------------
FluidDomains 2 SolidDomains 1 VoidDomains 0 
Domains RefIndexes
Domain 0, Index count 19
Domain 1, Index count 42
Domain 2, Index count 61
----------------- -------------------------------
	ModelBodies
Total resolved Bodies 0 BodySets 0

--------------------------------------------------------------------------
	Positive geometry Bodies
Total resolved Bodies 2 BodySets 2
BodySet 0
	Bodies list:
			#0	Name: ;	ID: ac07f7ef-469b-4b6f-84e9-a2b624f8a315
	Domains list:		 1 
BodySet 1
	Bodies list:
			#0	Name: ;	ID: 44991d25-5106-4e07-9668-2864c9a5659f
	Domains list:		 0 

--------------------------------------------------------------------------
	Fluid regions
Total resolved Bodies 2 BodySets 1
BodySet 0	Material: Water; 
	Bodies list:
			#0	Name: ;	ID: ac07f7ef-469b-4b6f-84e9-a2b624f8a315
			#1	Name: ;	ID: 44991d25-5106-4e07-9668-2864c9a5659f
	Domains list:		 0 		 1 

--------------------------------------------------------------------------
-----------------CModelBodies2MeshMapper::CollectData finished successfully-------------------
Saving initial mesh in: N:\Downloads\GitHub\liquid-propellant-engine\2kN Heat Sink Engine\Simulation Only\1\Parametric Study 2\34\34.fld .
Storing results...
Estimated CPT size=5.693 MB.
	Time (write bcf): 1.183 s
OK
-----------------------------------------------------------------------
Memory Working Set Current = 101.15 Mb, Memory Working Set Peak = 101.16 Mb
Process Threads Number: 13
-----------------------------------------------------------------------
Cleaning memory...
		Time (free xsl):                    	0.002 s
Free Geometry DB takes 0.000 s
	Time (free bcf): 	0.009 s
		Time (free bcf mesh):               	0.021 s
	Time (free mesher data):              	0.025 s
Copying... OK
Mesh generation normally finished at	13.4.2021	22:42:55
Mesher CPU = 3 sec
Mesher is finished at	13.4.2021	22:42:55
-----------------------------------------------------------------------
Memory Working Set Current = 46.80 Mb, Memory Working Set Peak = 101.55 Mb
Process Threads Number: 13
-----------------------------------------------------------------------
Algebra Pool      : mem_usage = 0.56 Mb, allocated count = 0
Log ended at 13.04.2021	22:42:55
