Log started at 28.04.2021	05:16:44
Number of used processors (NPROC): 4.
Number of mesh partitions (NPART): 4.
Total Physical Memory = 15.87 Gb, Available Physical Memory = 10.30 Gb
Computer name:	MCAE33
Operating system:	Windows 10 (or higher) (Version 10.0.18363)

SOLIDWORKS 2020 SP4.0
Flow Simulation 2020  x64 / 4995 / MESHER ver. efd_dev.4663_05.07.2019 

Project: N:\Downloads\GitHub\liquid-propellant-engine\2kN Heat Sink Engine\Revised Stack OD 6in\1\Parametric Study 1\26\26.xmlconfig
Configuration name: Default
Project name: Project(1)
NGK: OFF
MBO: OFF

Mesh generation started:	28.4.2021	5:16:44
-----------------------------------------------------------------------
Mesher option run = eRunMesherNormal
-----------------------------------------------------------------------
Current CPU = 0 sec
-----------------------------------------------------------------------
Geometries initialization:
-----------------------------------------------------------------------
Loading mesh settings (global/local)...
-----------------------------------------------------------------------
Number of geometries from DB: 1
Geometry(0):
	Guid = {00000000-0000-0000-0000-000000000000}
	Fluid..
	1 Body.
	1 Real body.
	-- Bodyset 0 --
		Tolerance=1.24686e-05.
		38 Face(s).
			38 of b-spline type.
		0 Face(s) that have no ref faces
		9 Plane surface(s).
		10 Cylinder surface(s).
		1 Cone surface(s).
		1 Sphere surface(s).
		1 Torus surface(s).
		16 B- surface(s).
		11396 Triangle(s).
		Getting triangle connectivities from DB: 0.001 s
		71 Edge(s).
			71 of b-spline type.
		BodyGeom reading: 0.012 s.
		20 Reference Face(s).
		3861 Reference Triangles.
		Getting triangle connectivities from DB (Ref): 0.000 s
		BodyGeom Ref reading: 0.001 s.
		Getting triangle connectivities from DB (Extra Triangulation): 0.001 s
Geometry(1):
	Solid.
	-- Bodyset 1 --
	Empty
-----------------------------------------------------------------------
Number of geometries in task: 2
Number of bodysets   in task: 2
-----------------------------------------------------------------------
	Making hash and connectivity for Bodyset ...
		CBodyGeom:
		Hash size: {24, 30, 24}.
		Mesh size: {8, 30, 8}.
		Hashing triangles...Ok.
			axis(0) tr sizes: average=47 max=1111
			axis(1) tr sizes: average=67 max=568
			axis(2) tr sizes: average=46 max=1026
		Making triangles connectivity...Ok. (0.001 s).
		Neighbour triangles: 99.98 % (good connect:11394) - 0.02 % (bad connect:2). Min: 1. Max: 3.
		Done.
		Number of t-connected sets:2
			(0) size=12
			(1) size=11384 cavity
		Done.
		CBodyGeomRef:
		Hashing triangles...Ok.
			axis(0) tr sizes: average=180 max=724
			axis(1) tr sizes: average=216 max=547
			axis(2) tr sizes: average=180 max=726
		Done.
	0.017 s.
Geometries reading and preparing has taken 0.035 s.

Mapped triangles:
Hashing geometries triangles
	Triangles num=11396
	Triangles box={-0.00961176  ,0.00961176  ,-0.070775  ,-0.00673029  ,-0.00959071  ,0.00962328  }
		3d-hash size is 109908 bytes
Hashing peculiar surfaces triangles
	Triangles num=40
	Triangles box={-0.0095425  ,-0.00943698  ,-0.0672528  ,-0.0644146  ,-0.00141937  ,0.00142039  }
		3d-hash size is 7984 bytes
	Triangles num=40
	Triangles box={0.00566858  ,0.00767671  ,-0.0672528  ,-0.0644146  ,-0.00767733  ,-0.00566942  }
		3d-hash size is 8032 bytes
	Triangles num=40
	Triangles box={-0.00767733  ,-0.00566942  ,-0.0672528  ,-0.0644146  ,-0.00767671  ,-0.00566858  }
		3d-hash size is 8028 bytes
	Triangles num=40
	Triangles box={-0.00767671  ,-0.00566858  ,-0.0672528  ,-0.0644146  ,0.00566942  ,0.00767733  }
		3d-hash size is 8028 bytes
	Triangles num=40
	Triangles box={-0.00141937  ,0.00142039  ,-0.0672528  ,-0.0644146  ,0.00943698  ,0.0095425  }
		3d-hash size is 7984 bytes
	Triangles num=40
	Triangles box={0.00943698  ,0.0095425  ,-0.0672528  ,-0.0644146  ,-0.00142039  ,0.00141937  }
		3d-hash size is 7984 bytes
	Triangles num=40
	Triangles box={-0.00142039  ,0.00141937  ,-0.0672528  ,-0.0644146  ,-0.0095425  ,-0.00943698  }
		3d-hash size is 7984 bytes
	Triangles num=19
	Triangles box={-0.00214274  ,0.00217237  ,-0.006858  ,-0.006858  ,-0.00216495  ,0.00216495  }
		3d-hash size is 7848 bytes
Mapped triangles processed in 0.018 s.
-----------------------------------------------------------------------
Getting sectors:
Number of sectors: 0
-----------------------------------------------------------------------
-----------------------------------------------------------------------

Current CPU = 0 sec

-----------------------------------------------------------------------
Mesh dimensions:
				I[0 ]=8
				I[1 ]=30
				I[2 ]=8

Comp. domain size:
				a[0  ]=-0.00959258
				a[1  ]=0.00959258
				a[2  ]=-0.0707111
				a[3  ]=-0.00679421
				a[4  ]=-0.00957154
				a[5  ]=0.0096041

Fluid calculated			1
Solid calculated			0
-----------------------------------------------------------------------
MESH Build started...
-----------------------------------------------------------------------
Mesh LEVEL = 2
-----------------------------------------------------------------------
Setting regions...OK (0.000 s)
Base mesh info------------------
	2D flag  =0
	Period   =[0, 0, 0]
	Nx=8
		x[0]=-0.00959258
		x[1]=-0.00719368
		x[2]=-0.00479554
		x[3]=-0.00239739
		x[4]=7.53163e-07
		x[5]=0.0023989
		x[6]=0.00479704
		x[7]=0.00719519
		x[8]=0.00959258
	Ny=30
		y[0]=-0.0707111
		y[1]=-0.0685799
		y[2]=-0.0664494
		y[3]=-0.0643188
		y[4]=-0.0621883
		y[5]=-0.0600577
		y[6]=-0.0579271
		y[7]=-0.0557966
		y[8]=-0.053666
		y[9]=-0.0515354
		y[10]=-0.0494049
		y[11]=-0.0472743
		y[12]=-0.0451438
		y[13]=-0.0430132
		y[14]=-0.0408826
		y[15]=-0.0387521
		y[16]=-0.0366215
		y[17]=-0.0344909
		y[18]=-0.0323604
		y[19]=-0.0302298
		y[20]=-0.0280993
		y[21]=-0.0259687
		y[22]=-0.0238381
		y[23]=-0.0217076
		y[24]=-0.019577
		y[25]=-0.0174464
		y[26]=-0.0153159
		y[27]=-0.0131853
		y[28]=-0.0110548
		y[29]=-0.00892419
		y[30]=-0.00679421
	Nz=8
		z[0]=-0.00957154
		z[1]=-0.00717403
		z[2]=-0.00477707
		z[3]=-0.00238012
		z[4]=1.68349e-05
		z[5]=0.00241379
		z[6]=0.00481074
		z[7]=0.0072077
		z[8]=0.0096041
End of base mesh info---------
Input_mesh_settings--------------------------------
Settings 0----------------
	Scope: GLOBAL
	Type:	------MESHER_SETTINGS----------
	RefAllCells           =0
	RefFluidCells         =0
	RefPartCells          =0
	RefSolidCells         =0
	l_SSFR(Capture crit)  =2
	l_curv(Curvature crit)=0
	l_tol(Tolerance crit) =2
	  k_tol               =0.000710487
	UseChannelRef         =1
	  NCR_method          =0
	  l_NCR               =2
	  N_gap               =5
	  Use d_NCR_min       =0
	  Use d_NCR_max       =0
	IgnoreThinChannelsHeight         =0
	--END_OF_MESHER_SETTINGS-------
End of input mesh settings-------------------------

-----------------------------------------------------------------------
Building geometries:
-----------------------------------------------------------------------
Building body-set (0) of geometry Fluid.0.(0). ...

-----------------------------------------------------------------------
Refining by triangulation...
Refinement input: 1920 bricks
Setting regions...OK (0.000 s)
Setting regions...OK (0.000 s)
Refinement result: 2865 bricks (0.034 s)
Refinement input: 2865 bricks
Refinement result: 2865 bricks (0.000 s)
Collecting and processing rays...OK (0.017 s)
Capturing...OK (0.000 s)
Refining by triangulation takes 0.052 s
-----------------------------------------------------------------------

-----------------------------------------------------------------------
Refining peculiar surfaces...
0 surfaces refined
Refining peculiar surfaces takes 0 s
-----------------------------------------------------------------------
Collecting and processing rays...OK (0.000 s)
Capturing...OK (0.000 s)
Collecting and processing rays...OK (0.000 s)
Capturing...OK (0.000 s)
Collecting and processing rays...OK (0.000 s)
Capturing...OK (0.000 s)

-----------------------------------------------------------------------
Base mesh 1 Refining...
Refinement input: 2865 bricks
Refinement result: 2865 bricks (0.000 s)
Collecting and processing rays...OK (0.000 s)
Capturing...OK (0.000 s)
-----------------------------------------------------------------------
Refining channels...
FYI: CNarrowChannelRefiner::RefineChannels_PRLL
Refinement input: 2865 bricks
Setting regions...OK (0.000 s)
Refinement result: 4328 bricks (0.001 s)
Collecting and processing rays...OK (0.006 s)
Capturing...OK (0.001 s)
FYI: m_iteration_count = 0
FYI: level1 statistics:
     level1_cnt_plus[1]=1672;		level1_cnt_minus[1]=0
     level1_cnt_plus[2]=0;		level1_cnt_minus[2]=0
     level1_cnt_plus[3]=0;		level1_cnt_minus[3]=0
     level1_cnt_plus[4]=0;		level1_cnt_minus[4]=0
     level1_cnt_plus[5]=0;		level1_cnt_minus[5]=0
     level1_cnt_plus[6]=0;		level1_cnt_minus[6]=0
     level1_cnt_plus[7]=0;		level1_cnt_minus[7]=0
     level1_cnt_plus[8]=0;		level1_cnt_minus[8]=0
     level1_cnt_plus[9]=0;		level1_cnt_minus[9]=0
Refinement input: 4328 bricks
Setting regions...OK (0.000 s)
Refinement result: 4426 bricks (0.000 s)
Collecting and processing rays...OK (0.002 s)
Capturing...OK (0.000 s)
FYI: m_iteration_count = 1
FYI: level1 statistics:
     level1_cnt_plus[1]=1784;		level1_cnt_minus[1]=0
     level1_cnt_plus[2]=0;		level1_cnt_minus[2]=0
     level1_cnt_plus[3]=0;		level1_cnt_minus[3]=0
     level1_cnt_plus[4]=0;		level1_cnt_minus[4]=0
     level1_cnt_plus[5]=0;		level1_cnt_minus[5]=0
     level1_cnt_plus[6]=0;		level1_cnt_minus[6]=0
     level1_cnt_plus[7]=0;		level1_cnt_minus[7]=0
     level1_cnt_plus[8]=0;		level1_cnt_minus[8]=0
     level1_cnt_plus[9]=0;		level1_cnt_minus[9]=0
Refinement input: 4426 bricks
Setting regions...OK (0.000 s)
Refinement result: 4440 bricks (0.000 s)
Collecting and processing rays...OK (0.000 s)
Capturing...OK (0.000 s)
FYI: m_iteration_count = 2
FYI: level1 statistics:
     level1_cnt_plus[1]=1800;		level1_cnt_minus[1]=0
     level1_cnt_plus[2]=0;		level1_cnt_minus[2]=0
     level1_cnt_plus[3]=0;		level1_cnt_minus[3]=0
     level1_cnt_plus[4]=0;		level1_cnt_minus[4]=0
     level1_cnt_plus[5]=0;		level1_cnt_minus[5]=0
     level1_cnt_plus[6]=0;		level1_cnt_minus[6]=0
     level1_cnt_plus[7]=0;		level1_cnt_minus[7]=0
     level1_cnt_plus[8]=0;		level1_cnt_minus[8]=0
     level1_cnt_plus[9]=0;		level1_cnt_minus[9]=0
FYI: m_iteration_count = 3
FYI: level1 statistics:
     level1_cnt_plus[1]=1800;		level1_cnt_minus[1]=0
     level1_cnt_plus[2]=0;		level1_cnt_minus[2]=0
     level1_cnt_plus[3]=0;		level1_cnt_minus[3]=0
     level1_cnt_plus[4]=0;		level1_cnt_minus[4]=0
     level1_cnt_plus[5]=0;		level1_cnt_minus[5]=0
     level1_cnt_plus[6]=0;		level1_cnt_minus[6]=0
     level1_cnt_plus[7]=0;		level1_cnt_minus[7]=0
     level1_cnt_plus[8]=0;		level1_cnt_minus[8]=0
     level1_cnt_plus[9]=0;		level1_cnt_minus[9]=0
Refinement input: 4440 bricks
Setting regions...OK (0.000 s)
Refinement result: 15584 bricks (0.002 s)
Collecting and processing rays...OK (0.012 s)
Capturing...OK (0.002 s)
FYI: m_iteration_count = 4
FYI: level1 statistics:
     level1_cnt_plus[1]=5212;		level1_cnt_minus[1]=0
     level1_cnt_plus[2]=8288;		level1_cnt_minus[2]=0
     level1_cnt_plus[3]=0;		level1_cnt_minus[3]=0
     level1_cnt_plus[4]=0;		level1_cnt_minus[4]=0
     level1_cnt_plus[5]=0;		level1_cnt_minus[5]=0
     level1_cnt_plus[6]=0;		level1_cnt_minus[6]=0
     level1_cnt_plus[7]=0;		level1_cnt_minus[7]=0
     level1_cnt_plus[8]=0;		level1_cnt_minus[8]=0
     level1_cnt_plus[9]=0;		level1_cnt_minus[9]=0
FYI: m_iteration_count = 5
FYI: level1 statistics:
     level1_cnt_plus[1]=5212;		level1_cnt_minus[1]=0
     level1_cnt_plus[2]=8288;		level1_cnt_minus[2]=0
     level1_cnt_plus[3]=0;		level1_cnt_minus[3]=0
     level1_cnt_plus[4]=0;		level1_cnt_minus[4]=0
     level1_cnt_plus[5]=0;		level1_cnt_minus[5]=0
     level1_cnt_plus[6]=0;		level1_cnt_minus[6]=0
     level1_cnt_plus[7]=0;		level1_cnt_minus[7]=0
     level1_cnt_plus[8]=0;		level1_cnt_minus[8]=0
     level1_cnt_plus[9]=0;		level1_cnt_minus[9]=0
FYI: level1 statistics:
     level1_cnt_plus[1]=5212;		level1_cnt_minus[1]=0
     level1_cnt_plus[2]=8288;		level1_cnt_minus[2]=0
     level1_cnt_plus[3]=0;		level1_cnt_minus[3]=0
     level1_cnt_plus[4]=0;		level1_cnt_minus[4]=0
     level1_cnt_plus[5]=0;		level1_cnt_minus[5]=0
     level1_cnt_plus[6]=0;		level1_cnt_minus[6]=0
     level1_cnt_plus[7]=0;		level1_cnt_minus[7]=0
     level1_cnt_plus[8]=0;		level1_cnt_minus[8]=0
     level1_cnt_plus[9]=0;		level1_cnt_minus[9]=0

-----------------------------------------------------------------------
U-shapes refinement...
Refinement input: 15584 bricks
Refinement result: 15584 bricks (0.001 s)
Collecting and processing rays...OK (0.000 s)
Capturing...OK (0.000 s)
-----------------------------------------------------------------------

-----------------------------------------------------------------------
Equi Distant Refiner:
Equi Distant Refiner takes 0.00 s
-----------------------------------------------------------------------
Building geometry takes 0.288 s
Geometry Fluid.0.
Total		15584
Partial	5324
Fluid		4539
Solid		5721
Bad		0

/-Ray Intersection---------------/ Time	0.061 s
Calls			4097
CorrectRay Calls	0



-----------------------------------------------------------------------
Building geometries takes 0.289 s
-----------------------------------------------------------------------

-----------------------------------------------------------------------
PostBuilding geometries:
-----------------------------------------------------------------------
PostBuilding body-set (0) geometry Fluid.0. (0)...
Collecting and processing rays...OK (0.000 s)
Capturing...OK (0.000 s)
PostBuilding geometry takes 0.001 s
Geometry Fluid.0.
Total		15584
Partial	5324
Fluid		4539
Solid		5721
Bad		0

-----------------------------------------------------------------------
PostBuilding geometries takes 0.001 s
-----------------------------------------------------------------------
Defect ray count	0
FYI: CNarrowChannelRefiner::RedistributeLevel1_step_1: is finished
FYI: level1 statistics:
     level1_cnt_plus[1]=2344;		level1_cnt_minus[1]=0
     level1_cnt_plus[2]=11156;		level1_cnt_minus[2]=0
     level1_cnt_plus[3]=0;		level1_cnt_minus[3]=0
     level1_cnt_plus[4]=0;		level1_cnt_minus[4]=0
     level1_cnt_plus[5]=0;		level1_cnt_minus[5]=0
     level1_cnt_plus[6]=0;		level1_cnt_minus[6]=0
     level1_cnt_plus[7]=0;		level1_cnt_minus[7]=0
     level1_cnt_plus[8]=0;		level1_cnt_minus[8]=0
     level1_cnt_plus[9]=0;		level1_cnt_minus[9]=0
FYI: CNarrowChannelRefiner::RedistributeLevel1_step_2: is started
FYI: CNarrowChannelRefiner::RedistributeLevel1_step_2: is finished
FYI: level1 statistics:
     level1_cnt_plus[1]=2356;		level1_cnt_minus[1]=0
     level1_cnt_plus[2]=11492;		level1_cnt_minus[2]=0
     level1_cnt_plus[3]=0;		level1_cnt_minus[3]=0
     level1_cnt_plus[4]=0;		level1_cnt_minus[4]=0
     level1_cnt_plus[5]=0;		level1_cnt_minus[5]=0
     level1_cnt_plus[6]=0;		level1_cnt_minus[6]=0
     level1_cnt_plus[7]=0;		level1_cnt_minus[7]=0
     level1_cnt_plus[8]=0;		level1_cnt_minus[8]=0
     level1_cnt_plus[9]=0;		level1_cnt_minus[9]=0
FYI: CNarrowChannelRefiner::RedistributeLevel1_step_3: is started
FYI: CNarrowChannelRefiner::RedistributeLevel1_step_3: is finished
RedistributeLevel1 takes:
FYI: level1 statistics:
     level1_cnt_plus[1]=2356;		level1_cnt_minus[1]=0
     level1_cnt_plus[2]=11492;		level1_cnt_minus[2]=0
     level1_cnt_plus[3]=0;		level1_cnt_minus[3]=0
     level1_cnt_plus[4]=0;		level1_cnt_minus[4]=0
     level1_cnt_plus[5]=0;		level1_cnt_minus[5]=0
     level1_cnt_plus[6]=0;		level1_cnt_minus[6]=0
     level1_cnt_plus[7]=0;		level1_cnt_minus[7]=0
     level1_cnt_plus[8]=0;		level1_cnt_minus[8]=0
     level1_cnt_plus[9]=0;		level1_cnt_minus[9]=0
-----------------------------------------------------------------------
MSH format builder (Iteration 0)
-----------------------------------------------------------------------
Memory Working Set Current = 39.94 Mb, Memory Working Set Peak = 49.61 Mb
Process Threads Number: 13
-----------------------------------------------------------------------
Loading geometries triangulation & x-stacks...OK
x-stacks size = 0.28 Mb
Total bricks count: 15584
-----------------------------------------------------------------------
MSH (Real Geometry) format constructor:
	Getting brick sets...OK (0.000 s)
	Min x-stack xeps = 6.57484e-05
	D / dh / eps [axis=0] = (0.0191852, 0.000599348, 5.99348e-07)
	D / dh / eps [axis=1] = (0.0639169, 0.000532496, 5.32496e-07)
	D / dh / eps [axis=2] = (0.0191756, 0.000599101, 5.99101e-07)
	Time (xeps): 0.000 s
Level 2
	Set (0)  size: 5792
	Set (0)  time: 0.049 s
	Set (1)  size: 5792
	Set (1)  time: 0.047 s
Level 1
	Set (0)  size: 1292
	Set (0)  time: 0.001 s
	Set (1)  size: 1292
	Set (1)  time: 0.001 s
Level 0
	Set (0)  size: 708
	Set (0)  time: 0.000 s
	Set (1)  size: 708
	Set (1)  time: 0.000 s
Result:
	Bricks number:                        15584

	Memory usage:                         2.726 MB
	Memory usage (per brick):             0.179 KB
	Construction time:                    0.100 s

	Topology features:
	------------------
	- High quality bricks                  99.99 % (15583)
	- Medium quality bricks                 0.01 % (1)
	- Bad quality bricks                    0.00 % (0)
	- Ribs corrected bricks                 0.00 % (0)
	- Points with geom-info (bricks)        0.03 % (5)
	- Points with closest-info (bricks)     0.00 % (0)
	- Triangulated by center (bricks)       0.02 % (3)
	- Facet w-faces mergings (bricks)       0.00 % (0)
	- To refine (bricks)                    0.00 % (0)

-----------------------------------------------------------------------
Memory Working Set Current = 53.60 Mb, Memory Working Set Peak = 53.60 Mb
Process Threads Number: 13
-----------------------------------------------------------------------
-----------------------------------------------------------------------
-----------------------------------------------------------------------
MSH --> BCF format (Iteration 0)...
BCF collector...(remove mode=0)
	Time (alloc counter per brick): 0.001 s
	Brick    count: 15584
	Av.f all count: 9897
	Av.s all count: 11063
	Av.f pid count: 5370
	Av.s pid count: 5348
	Faces fs count: 7830
	Faces ff count: 0
	Faces ss count: 0
	Faces bb count: 0
	Faces fe count: 0
	Faces se count: 1592
	Faces fw count: 9422
	Faces af count: 26543
	Faces as count: 33249
	Time (all count): 	0.002 s
	Time (bcf alloc): 	0.001 s
	Time (shifts alloc): 	0.001 s
	Time (shifts init): 	0.001 s
	Time (bcf fill): 	0.005 s
	Time (add av to faces): 0.000 s
	Time (add faces to av): 0.002 s
Time (bcf collect): 		0.014 s
	AV checker...
	Time (check av): 	0.004 s
	Subdomain checker...
		Subdomains construction time: 0.001 s.
		Subdomains sort time: 0.000 s.
			Subdomain 0 (geom_ind=0): 9897 av
			Subdomain 1 (geom_ind=1): 11063 av
		gi: 0, subdomains: 1, real bodies: 1
		gi: 1, subdomains: 1, real bodies: 0
		Defect subdomains: 0
	Time (check subdoms): 	0.002 s
Time (bcf iteration total): 	0.020 s
	Time (fw-nb): 		0.000 s
	Fixed mutual fw-nb:     2665 (bb: 0)
	Time (fw-nb mutual): 	0.000 s
	Time (fw-nb sort): 	0.000 s
	Fw-opt BEFORE total:    9422 (fs=7830, ff=0, ss=0)
	Fw-opt AFTER  total:    7543 (fs=5951, ff=0, ss=0, failed fw/br=0/0, big_curv=3, big_poly=0)
	Fw-opt RESULT:          1879 (res/(fs+ff+ss) = 24.00 %)
	Time (fw-opt): 		0.001 s
	Time (fw-re-order): 	0.001 s
	Time (fw-nb): 		0.003 s
	Fixed mutual fw-nb:     15184 (bb: 0)
	Time (fw-nb mutual): 	0.001 s
	Time (fw-nb sort): 	0.000 s
	Time (rfd fix): 	0.000 s
	Time (av convexity): 	0.002 s
	Time (av small volume): 0.000 s
	Time (diagonal fw-nb): 	0.009 s
	Fixed mutual fw-nb:     0 (bb: 0)
	Time (fw-nb mutual): 	0.001 s
	Time (fw-nb sort): 	0.000 s
	Fluid subdomains: 1
	Faces fw-nb diff sd:    0
	Time (fw-nb diff sd): 	0.001 s
Time (bcf calc): 		0.022 s
-----------------------------------------------------------------------
Time (bcf total): 		0.042 s
-----------------------------------------------------------------------
-----------------------------------------------------------------------
Mega-cv constructor for fluid...
	 6 av's is treated as thin
Relative size generator (threshold = 0.05)...
	Iteration 1 (small cluster count = 785)
	Iteration 2 (small cluster count = 524)
	Iteration 3 (small cluster count = 280)
	Iteration 4 (small cluster count = 144)
	Iteration 5 (small cluster count = 49)
	Iteration 6 (small cluster count = 2)
	Iteration 7 (small cluster count = 0)
	 776 mega-cv's generated
	 237 mega-cv's removed
Relative size generator is completed OK (0.003 s)
Apply fa-rules to mega-cv clusters fixes...
OK (0.000 s)
Convert clusters:
	 539 mega-cv's total
Mega-cv count: 539
Time (mega-cv fill): 	0.001 s
Time (mega-cv total): 	0.007 s
-----------------------------------------------------------------------
Mixing plane rotation regions: NO.
Sliding mesh rotation regions: NO.
Fluid/fluid faces: NO.
----------------------------------------------------------
BCF --> BCF.GEOMSUBDOM (bridge arrays):
MESH (0):
	Fluid Subdom Constructor: 1 subdom(s).
	Solid Subdom Constructor: 1 subdom(s).
	Net Asm Subdom Constructor: 0 subdom(s).
	GEOMSUBDOM (0): gi=0 fluid av=9897 cv=9112 fa=26543 fb=0 fw=5951 V=1.275700e-06
	Cache data...OK
	GEOMSUBDOM (1): gi=1 solid av=11063 cv=11063 fa=33249 fb=0 fw=7543 V=2.223853e-05
	Cache data...OK
	Setting nb of w-faces...OK (0.002 s).
	Correcting nb of w-faces...
	Time(correct_fw_nb)=0.002 s

MESH (0) checking:
	GEOMSUBDOM (0):fa_s=0.0067249635194242 fb_s=0.0000000000000000 fw_s=0.0013805939039205 fw_nb=47618
	              :d_const(1221)=3.90303e-14 d_linear(3370)=3.26081e-13
	GEOMSUBDOM (1):fa_s=0.0349323417246938 fb_s=0.0000000000000000 fw_s=0.0070201733566560 fw_nb=54178
	              :d_const(7061)=1.60714e-13 d_linear(1660)=2.71491e-10
MESH (0) checking: OK.
Time (MDS): 	0.021 s
----------------------------------------------------------

-----------------------------------------------------------------------
BCF CHECKSUM DATA (Mesh 0):

WARNING! 207 w-face(s) without RefFacesData.
BRICK |Level1| Sum:               25340
FACE_A Area Sum:   G.Fluid        0.0067249635194242
FACE_A Area Sum:   G.Solid        0.0349323417246939
FACE_W Area Sum:                  0.0070201733566560
FACE_W Nb   Sum:                  54178
FACE_W min curvatures sum:        -3135180.42497349
FACE_W max curvatures sum:        4224569.86005402
AV Max Disbalance(Const) :        1.60714e-13 (cid=10298, t={14, 52, 18}, avid=16892, pid=3646)
AV Max Disbalance(Linear):        2.71491e-10 (cid=1752, t={19, 7, 11}, avid=11477, pid=528)
-----------------------------------------------------------------------


-----------------------------------------------------------------------
MESHER TOPOLOGY DATA:

BRICKS: Total                 15584
BRICKS: 1-CV                  10242
BRICKS: 2-CV                  5308
BRICKS: 3-CV                  34
BRICKS: Bad                   0

AV:     G.Total               20960
AV:     G.Fluid               9897
AV:     G.Solid               11063

AV:     G.Fluid Thin Profile    0.06 % (6)
AV:     G.Solid Thin Profile    0.25 % (28)

AV:     G.Fluid Thin For Mega   0.06 % (6)
AV:     G.Solid Thin For Mega   0.25 % (28)

AV:     G.Fluid Non-Convex      5.59 % (553)
AV:     G.Solid Non-Convex      6.46 % (715)

AV:     G.Fluid Non-Ess-Convex      1.64 % (162)
AV:     G.Solid Non-Ess-Convex      2.48 % (274)

FACE_A: G.Fluid          (af) 26543 (partially opened 10740)
FACE_A: G.Solid          (as) 33249 (partially opened 10704)

FACE_B: G.Total          (b)  0

FACE_W: G.Total                 7543        Brick/Bound
FACE_W: G.Fluid/Solid    (fs_g) 5951        0           
FACE_W: G.Fluid/Fluid    (ff_g) 0           0           
FACE_W: G.Solid/Solid    (ss_g) 0           0           
FACE_W: G.Fluid/External (fe_g) 0
FACE_W: G.Solid/External (se_g) 1592

AV/CV max fa count (on brick side):4
AV/CV max fw count:                4
AV/CV max fb count:                0
AV/CV max fw poly count:           13

MEMORY: Total                   7.002 MB
MEMORY: Per Brick               0.460 KB
-----------------------------------------------------------------------

-----------------------------------------------------------------------
Connectivities information:
	Number of conns: 0
-----------------------------------------------------------------------
	Time (gap size): 	0.012 s
-----------------------------------------------------------------------
Calculating curvature and tolerance criteria...
Curvature: min=0 max=3.14159
Tolerance: min=0 max=0.000525226
Calculating curvature and tolerance criteria takes 0.057 s
-----------------------------------------------------------------------
MESH Build(FS) finished. Time=0.644 s
-----------------------------------------------------------------------
Current CPU = 1 sec

Nx=8
Ny=30
Nz=8
Max BRICK Level=2
Mesh Level=2
-----------------CModelBodies2MeshMapper::CollectData started -------------------------------
-----------------CModelBodies2MeshMapper Report -------------------------------
FluidDomains 1 SolidDomains 1 VoidDomains 0 
Domains RefIndexes
Domain 0, Index count 20
Domain 1, Index count 20
----------------- -------------------------------
	ModelBodies
Total resolved Bodies 0 BodySets 0

--------------------------------------------------------------------------
	Positive geometry Bodies
Total resolved Bodies 1 BodySets 1
BodySet 0
	Bodies list:
			#0	Name: ;	ID: 101006b7-ead7-4e17-b216-7a4af35a9d32
	Domains list:		 0 

--------------------------------------------------------------------------
	Fluid regions
Total resolved Bodies 1 BodySets 1
BodySet 0	Material: Oxygen; 
	Bodies list:
			#0	Name: ;	ID: 101006b7-ead7-4e17-b216-7a4af35a9d32
	Domains list:		 0 

--------------------------------------------------------------------------
-----------------CModelBodies2MeshMapper::CollectData finished successfully-------------------
Saving initial mesh in: N:\Downloads\GitHub\liquid-propellant-engine\2kN Heat Sink Engine\Revised Stack OD 6in\1\Parametric Study 1\26\26.fld .
Storing results...
Estimated CPT size=3.327 MB.
	Time (write bcf): 0.388 s
OK
-----------------------------------------------------------------------
Memory Working Set Current = 67.89 Mb, Memory Working Set Peak = 67.89 Mb
Process Threads Number: 13
-----------------------------------------------------------------------
Cleaning memory...
		Time (free xsl):                    	0.001 s
Free Geometry DB takes 0.000 s
	Time (free bcf): 	0.005 s
		Time (free bcf mesh):               	0.012 s
	Time (free mesher data):              	0.014 s
Copying... OK
Mesh generation normally finished at	28.4.2021	5:16:46
Mesher CPU = 2 sec
Mesher is finished at	28.4.2021	5:16:46
-----------------------------------------------------------------------
Memory Working Set Current = 34.20 Mb, Memory Working Set Peak = 68.27 Mb
Process Threads Number: 13
-----------------------------------------------------------------------
Algebra Pool      : mem_usage = 0.44 Mb, allocated count = 0
Log ended at 28.04.2021	05:16:46
