Log started at 07.04.2021	13:58:11
Number of used processors (NPROC): 8.
Number of mesh partitions (NPART): 8.
Total Physical Memory = 15.96 Gb, Available Physical Memory = 10.10 Gb
Computer name:	MCAE01
Operating system:	Windows 10 (or higher) (Version 10.0.18363)

SOLIDWORKS 2020 SP4.0
Flow Simulation 2020  x64 / 4995 / MESHER ver. efd_dev.4663_05.07.2019 

Project: N:\Downloads\GitHub\liquid-propellant-engine\2kN Heat Sink Engine\Simulation Only\1\Parametric Study 2\6\6.xmlconfig
Configuration name: Default
Project name: Single Fluid (Water Substitute)
NGK: OFF
MBO: OFF

Mesh generation started:	7.4.2021	13:58:11
-----------------------------------------------------------------------
Mesher option run = eRunMesherNormal
-----------------------------------------------------------------------
Current CPU = 1 sec
-----------------------------------------------------------------------
Geometries initialization:
-----------------------------------------------------------------------
Loading mesh settings (global/local)...
-----------------------------------------------------------------------
Number of geometries from DB: 1
Geometry(0):
	Guid = {00000000-0000-0000-0000-000000000000}
	Fluid..
	1 Body.
	2 Real bodies.
	-- Bodyset 0 --
		Tolerance=3.3166e-05.
		103 Face(s).
			103 of b-spline type.
		0 Face(s) that have no ref faces
		13 Plane surface(s).
		33 Cylinder surface(s).
		5 Cone surface(s).
		4 Torus surface(s).
		48 B- surface(s).
		15088 Triangle(s).
		Getting triangle connectivities from DB: 0.002 s
		214 Edge(s).
			214 of b-spline type.
		BodyGeom reading: 0.025 s.
		61 Reference Face(s).
		10296 Reference Triangles.
		Getting triangle connectivities from DB (Ref): 0.001 s
		BodyGeom Ref reading: 0.002 s.
		Getting triangle connectivities from DB (Extra Triangulation): 0.002 s
Geometry(1):
	Solid.
	-- Bodyset 1 --
	Empty
-----------------------------------------------------------------------
Number of geometries in task: 2
Number of bodysets   in task: 2
-----------------------------------------------------------------------
	Making hash and connectivity for Bodyset ...
		CBodyGeom:
		Hash size: {18, 32, 18}.
		Mesh size: {18, 8, 18}.
		Hashing triangles...Ok.
			axis(0) tr sizes: average=58 max=3803
			axis(1) tr sizes: average=74 max=3295
			axis(2) tr sizes: average=59 max=4169
		Number of t-connected sets:3
			(0) size=12
			(1) size=8218 cavity
			(2) size=6858 cavity
		Done.
		CBodyGeomRef:
		Hashing triangles...Ok.
			axis(0) tr sizes: average=290 max=1790
			axis(1) tr sizes: average=187 max=2066
			axis(2) tr sizes: average=297 max=2550
		Done.
	0.0171 s.
Geometries reading and preparing has taken 0.053 s.

Mapped triangles:
Hashing geometries triangles
	Triangles num=15088
	Triangles box={0.0239578  ,0.148442  ,0.156225  ,0.21337  ,0.102208  ,0.216556  }
		3d-hash size is 112332 bytes
Hashing peculiar surfaces triangles
	Triangles num=37
	Triangles box={0.0702151  ,0.0815803  ,0.185147  ,0.196579  ,0.215167  ,0.216361  }
		3d-hash size is 10772 bytes
	Triangles num=37
	Triangles box={0.024018  ,0.0307351  ,0.185147  ,0.196579  ,0.102187  ,0.111432  }
		3d-hash size is 10684 bytes
	Triangles num=37
	Triangles box={0.14367  ,0.148319  ,0.185147  ,0.196579  ,0.114046  ,0.124486  }
		3d-hash size is 10748 bytes
	Triangles num=37
	Triangles box={0.0773704  ,0.0888028  ,0.213256  ,0.213256  ,0.141572  ,0.153  }
		3d-hash size is 10720 bytes
	Triangles num=30
	Triangles box={0.0831231  ,0.0845875  ,0.15796  ,0.159456  ,0.141933  ,0.142147  }
		3d-hash size is 10496 bytes
	Triangles num=30
	Triangles box={0.0784758  ,0.0793933  ,0.15796  ,0.159456  ,0.143416  ,0.144577  }
		3d-hash size is 10532 bytes
	Triangles num=30
	Triangles box={0.0778954  ,0.0784423  ,0.15796  ,0.159456  ,0.148549  ,0.149924  }
		3d-hash size is 10496 bytes
	Triangles num=30
	Triangles box={0.0877369  ,0.0882838  ,0.15796  ,0.159456  ,0.144635  ,0.14601  }
		3d-hash size is 10496 bytes
	Triangles num=30
	Triangles box={0.0857921  ,0.0869533  ,0.15796  ,0.159456  ,0.142666  ,0.143583  }
		3d-hash size is 10532 bytes
	Triangles num=30
	Triangles box={0.0815917  ,0.0830561  ,0.15796  ,0.159456  ,0.152413  ,0.152627  }
		3d-hash size is 10496 bytes
	Triangles num=30
	Triangles box={0.0843588  ,0.085734  ,0.15796  ,0.159456  ,0.151927  ,0.152474  }
		3d-hash size is 10496 bytes
	Triangles num=30
	Triangles box={0.0792259  ,0.0803871  ,0.15796  ,0.159456  ,0.150976  ,0.151894  }
		3d-hash size is 10524 bytes
	Triangles num=30
	Triangles box={0.0867859  ,0.0877034  ,0.15796  ,0.159456  ,0.149982  ,0.151143  }
		3d-hash size is 10496 bytes
	Triangles num=30
	Triangles box={0.0804451  ,0.0818203  ,0.15796  ,0.159456  ,0.142085  ,0.142632  }
		3d-hash size is 10496 bytes
	Triangles num=30
	Triangles box={0.0882225  ,0.0884365  ,0.15796  ,0.159456  ,0.147313  ,0.148778  }
		3d-hash size is 10496 bytes
	Triangles num=30
	Triangles box={0.0777427  ,0.0779566  ,0.15796  ,0.159456  ,0.145782  ,0.147246  }
		3d-hash size is 10532 bytes
	Triangles num=78
	Triangles box={0.0769688  ,0.0892111  ,0.173621  ,0.173621  ,0.141158  ,0.153401  }
		3d-hash size is 10784 bytes
Mapped triangles processed in 0.022 s.
-----------------------------------------------------------------------
Getting sectors:
Number of sectors: 0
-----------------------------------------------------------------------
-----------------------------------------------------------------------

Current CPU = 1 sec

-----------------------------------------------------------------------
Mesh dimensions:
				I[0 ]=18
				I[1 ]=8
				I[2 ]=18

Comp. domain size:
				a[0  ]=0.024082
				a[1  ]=0.148317
				a[2  ]=0.156282
				a[3  ]=0.213313
				a[4  ]=0.102322
				a[5  ]=0.216442

Fluid calculated			1
Solid calculated			0
-----------------------------------------------------------------------
MESH Build started...
-----------------------------------------------------------------------
Mesh LEVEL = 4
-----------------------------------------------------------------------
Setting regions...OK (0.000 s)
Base mesh info------------------
	2D flag  =0
	Period   =[0, 0, 0]
	Nx=18
		x[0]=0.024082
		x[1]=0.0309862
		x[2]=0.0378881
		x[3]=0.0447901
		x[4]=0.051692
		x[5]=0.058594
		x[6]=0.065496
		x[7]=0.0723979
		x[8]=0.0792999
		x[9]=0.0862019
		x[10]=0.0931038
		x[11]=0.100006
		x[12]=0.106908
		x[13]=0.11381
		x[14]=0.120712
		x[15]=0.127614
		x[16]=0.134516
		x[17]=0.141418
		x[18]=0.148317
	Ny=8
		y[0]=0.156282
		y[1]=0.163413
		y[2]=0.170542
		y[3]=0.177671
		y[4]=0.1848
		y[5]=0.191928
		y[6]=0.199057
		y[7]=0.206186
		y[8]=0.213313
	Nz=18
		z[0]=0.102322
		z[1]=0.108663
		z[2]=0.115003
		z[3]=0.121343
		z[4]=0.127683
		z[5]=0.134023
		z[6]=0.140363
		z[7]=0.146703
		z[8]=0.153043
		z[9]=0.159383
		z[10]=0.165723
		z[11]=0.172063
		z[12]=0.178403
		z[13]=0.184743
		z[14]=0.191083
		z[15]=0.197423
		z[16]=0.203763
		z[17]=0.210103
		z[18]=0.216442
End of base mesh info---------
Input_mesh_settings--------------------------------
Settings 0----------------
	Scope: GLOBAL
	Type:	------MESHER_SETTINGS----------
	RefAllCells           =0
	RefFluidCells         =0
	RefPartCells          =0
	RefSolidCells         =0
	l_SSFR(Capture crit)  =4
	l_curv(Curvature crit)=0
	l_tol(Tolerance crit) =4
	  k_tol               =0.000377956
	UseChannelRef         =1
	  NCR_method          =0
	  l_NCR               =2
	  N_gap               =5
	  Use d_NCR_min       =0
	  Use d_NCR_max       =0
	IgnoreThinChannelsHeight         =0
	--END_OF_MESHER_SETTINGS-------
End of input mesh settings-------------------------

-----------------------------------------------------------------------
Building geometries:
-----------------------------------------------------------------------
Building body-set (0) of geometry Fluid.0.(0). ...

-----------------------------------------------------------------------
Refining by triangulation...
Refinement input: 2592 bricks
Setting regions...OK (0.000 s)
Setting regions...OK (0.000 s)
Setting regions...OK (0.000 s)
Setting regions...OK (0.000 s)
Setting regions...OK (0.000 s)
Refinement result: 19581 bricks (0.128 s)
Refinement input: 19581 bricks
Refinement result: 19581 bricks (0.004 s)
Collecting and processing rays...OK (0.083 s)
Capturing...OK (0.003 s)
Refining by triangulation takes 0.218 s
-----------------------------------------------------------------------

-----------------------------------------------------------------------
Refining peculiar surfaces...
Refinement input: 19581 bricks
Setting regions...OK (0.000 s)
Refinement result: 19672 bricks (0.003 s)
Refinement input: 19672 bricks
Setting regions...OK (0.000 s)
Refinement result: 19756 bricks (0.002 s)
Refinement input: 19756 bricks
Setting regions...OK (0.000 s)
Refinement result: 19763 bricks (0.002 s)
Refinement input: 19763 bricks
Setting regions...OK (0.000 s)
Refinement result: 19861 bricks (0.002 s)
Refinement input: 19861 bricks
Setting regions...OK (0.000 s)
Refinement result: 19910 bricks (0.002 s)
Refinement input: 19910 bricks
Setting regions...OK (0.000 s)
Refinement result: 19917 bricks (0.002 s)
Refinement input: 19917 bricks
Setting regions...OK (0.000 s)
Refinement result: 20001 bricks (0.002 s)
Refinement input: 20001 bricks
Setting regions...OK (0.000 s)
Refinement result: 20043 bricks (0.002 s)
6 surfaces refined
Refining peculiar surfaces takes 0.043 s
-----------------------------------------------------------------------
Collecting and processing rays...OK (0.004 s)
Capturing...OK (0.000 s)
Collecting and processing rays...OK (0.000 s)
Capturing...OK (0.000 s)
Collecting and processing rays...OK (0.000 s)
Capturing...OK (0.000 s)

-----------------------------------------------------------------------
Base mesh 1 Refining...
Refinement input: 20043 bricks
Refinement result: 20043 bricks (0.000 s)
Collecting and processing rays...OK (0.000 s)
Capturing...OK (0.000 s)
-----------------------------------------------------------------------
Refining channels...
FYI: CNarrowChannelRefiner::RefineChannels_PRLL
Refinement input: 20043 bricks
Setting regions...OK (0.000 s)
Refinement result: 22486 bricks (0.003 s)
Collecting and processing rays...OK (0.004 s)
Capturing...OK (0.001 s)
FYI: m_iteration_count = 0
FYI: level1 statistics:
     level1_cnt_plus[1]=2792;		level1_cnt_minus[1]=0
     level1_cnt_plus[2]=0;		level1_cnt_minus[2]=0
     level1_cnt_plus[3]=0;		level1_cnt_minus[3]=0
     level1_cnt_plus[4]=0;		level1_cnt_minus[4]=0
     level1_cnt_plus[5]=0;		level1_cnt_minus[5]=0
     level1_cnt_plus[6]=0;		level1_cnt_minus[6]=0
     level1_cnt_plus[7]=0;		level1_cnt_minus[7]=0
     level1_cnt_plus[8]=0;		level1_cnt_minus[8]=0
     level1_cnt_plus[9]=0;		level1_cnt_minus[9]=0
Refinement input: 22486 bricks
Setting regions...OK (0.000 s)
Refinement result: 23193 bricks (0.003 s)
Collecting and processing rays...OK (0.001 s)
Capturing...OK (0.000 s)
FYI: m_iteration_count = 1
FYI: level1 statistics:
     level1_cnt_plus[1]=3591;		level1_cnt_minus[1]=0
     level1_cnt_plus[2]=8;		level1_cnt_minus[2]=0
     level1_cnt_plus[3]=0;		level1_cnt_minus[3]=0
     level1_cnt_plus[4]=0;		level1_cnt_minus[4]=0
     level1_cnt_plus[5]=0;		level1_cnt_minus[5]=0
     level1_cnt_plus[6]=0;		level1_cnt_minus[6]=0
     level1_cnt_plus[7]=0;		level1_cnt_minus[7]=0
     level1_cnt_plus[8]=0;		level1_cnt_minus[8]=0
     level1_cnt_plus[9]=0;		level1_cnt_minus[9]=0
Refinement input: 23193 bricks
Setting regions...OK (0.000 s)
Refinement result: 23291 bricks (0.002 s)
Collecting and processing rays...OK (0.000 s)
Capturing...OK (0.000 s)
FYI: m_iteration_count = 2
FYI: level1 statistics:
     level1_cnt_plus[1]=3694;		level1_cnt_minus[1]=0
     level1_cnt_plus[2]=16;		level1_cnt_minus[2]=0
     level1_cnt_plus[3]=0;		level1_cnt_minus[3]=0
     level1_cnt_plus[4]=0;		level1_cnt_minus[4]=0
     level1_cnt_plus[5]=0;		level1_cnt_minus[5]=0
     level1_cnt_plus[6]=0;		level1_cnt_minus[6]=0
     level1_cnt_plus[7]=0;		level1_cnt_minus[7]=0
     level1_cnt_plus[8]=0;		level1_cnt_minus[8]=0
     level1_cnt_plus[9]=0;		level1_cnt_minus[9]=0
FYI: m_iteration_count = 3
FYI: level1 statistics:
     level1_cnt_plus[1]=3694;		level1_cnt_minus[1]=0
     level1_cnt_plus[2]=16;		level1_cnt_minus[2]=0
     level1_cnt_plus[3]=0;		level1_cnt_minus[3]=0
     level1_cnt_plus[4]=0;		level1_cnt_minus[4]=0
     level1_cnt_plus[5]=0;		level1_cnt_minus[5]=0
     level1_cnt_plus[6]=0;		level1_cnt_minus[6]=0
     level1_cnt_plus[7]=0;		level1_cnt_minus[7]=0
     level1_cnt_plus[8]=0;		level1_cnt_minus[8]=0
     level1_cnt_plus[9]=0;		level1_cnt_minus[9]=0
Refinement input: 23291 bricks
Setting regions...OK (0.000 s)
Refinement result: 26406 bricks (0.003 s)
Collecting and processing rays...OK (0.003 s)
Capturing...OK (0.001 s)
FYI: m_iteration_count = 4
FYI: level1 statistics:
     level1_cnt_plus[1]=7254;		level1_cnt_minus[1]=0
     level1_cnt_plus[2]=16;		level1_cnt_minus[2]=0
     level1_cnt_plus[3]=0;		level1_cnt_minus[3]=0
     level1_cnt_plus[4]=0;		level1_cnt_minus[4]=0
     level1_cnt_plus[5]=0;		level1_cnt_minus[5]=0
     level1_cnt_plus[6]=0;		level1_cnt_minus[6]=0
     level1_cnt_plus[7]=0;		level1_cnt_minus[7]=0
     level1_cnt_plus[8]=0;		level1_cnt_minus[8]=0
     level1_cnt_plus[9]=0;		level1_cnt_minus[9]=0
FYI: m_iteration_count = 5
FYI: level1 statistics:
     level1_cnt_plus[1]=7254;		level1_cnt_minus[1]=0
     level1_cnt_plus[2]=16;		level1_cnt_minus[2]=0
     level1_cnt_plus[3]=0;		level1_cnt_minus[3]=0
     level1_cnt_plus[4]=0;		level1_cnt_minus[4]=0
     level1_cnt_plus[5]=0;		level1_cnt_minus[5]=0
     level1_cnt_plus[6]=0;		level1_cnt_minus[6]=0
     level1_cnt_plus[7]=0;		level1_cnt_minus[7]=0
     level1_cnt_plus[8]=0;		level1_cnt_minus[8]=0
     level1_cnt_plus[9]=0;		level1_cnt_minus[9]=0
FYI: level1 statistics:
     level1_cnt_plus[1]=7254;		level1_cnt_minus[1]=0
     level1_cnt_plus[2]=16;		level1_cnt_minus[2]=0
     level1_cnt_plus[3]=0;		level1_cnt_minus[3]=0
     level1_cnt_plus[4]=0;		level1_cnt_minus[4]=0
     level1_cnt_plus[5]=0;		level1_cnt_minus[5]=0
     level1_cnt_plus[6]=0;		level1_cnt_minus[6]=0
     level1_cnt_plus[7]=0;		level1_cnt_minus[7]=0
     level1_cnt_plus[8]=0;		level1_cnt_minus[8]=0
     level1_cnt_plus[9]=0;		level1_cnt_minus[9]=0

-----------------------------------------------------------------------
U-shapes refinement...
Refinement input: 26406 bricks
Setting regions...OK (0.000 s)
Refinement result: 26756 bricks (0.010 s)
Collecting and processing rays...OK (0.006 s)
Capturing...OK (0.000 s)
-----------------------------------------------------------------------

-----------------------------------------------------------------------
Equi Distant Refiner:
Equi Distant Refiner takes 0.00 s
-----------------------------------------------------------------------
Building geometry takes 0.79 s
Geometry Fluid.0.
Total		26756
Partial	9057
Fluid		4705
Solid		12922
Bad		72

/-Ray Intersection---------------/ Time	0.462 s
Calls			10164
CorrectRay Calls	0



-----------------------------------------------------------------------
Building geometries takes 0.791 s
-----------------------------------------------------------------------

-----------------------------------------------------------------------
PostBuilding geometries:
-----------------------------------------------------------------------
PostBuilding body-set (0) geometry Fluid.0. (0)...
Collecting and processing rays...OK (0.000 s)
Capturing...OK (0.000 s)
PostBuilding geometry takes 0.001 s
Geometry Fluid.0.
Total		26756
Partial	9057
Fluid		4705
Solid		12922
Bad		72

-----------------------------------------------------------------------
PostBuilding geometries takes 0.002 s
-----------------------------------------------------------------------
Defect ray count	0
FYI: CNarrowChannelRefiner::RedistributeLevel1_step_1: is finished
FYI: level1 statistics:
     level1_cnt_plus[1]=1282;		level1_cnt_minus[1]=0
     level1_cnt_plus[2]=5965;		level1_cnt_minus[2]=0
     level1_cnt_plus[3]=0;		level1_cnt_minus[3]=0
     level1_cnt_plus[4]=0;		level1_cnt_minus[4]=0
     level1_cnt_plus[5]=0;		level1_cnt_minus[5]=0
     level1_cnt_plus[6]=0;		level1_cnt_minus[6]=0
     level1_cnt_plus[7]=0;		level1_cnt_minus[7]=0
     level1_cnt_plus[8]=0;		level1_cnt_minus[8]=0
     level1_cnt_plus[9]=0;		level1_cnt_minus[9]=0
FYI: CNarrowChannelRefiner::RedistributeLevel1_step_2: is started
FYI: CNarrowChannelRefiner::RedistributeLevel1_step_2: is finished
FYI: level1 statistics:
     level1_cnt_plus[1]=1782;		level1_cnt_minus[1]=0
     level1_cnt_plus[2]=11785;		level1_cnt_minus[2]=0
     level1_cnt_plus[3]=0;		level1_cnt_minus[3]=0
     level1_cnt_plus[4]=0;		level1_cnt_minus[4]=0
     level1_cnt_plus[5]=0;		level1_cnt_minus[5]=0
     level1_cnt_plus[6]=0;		level1_cnt_minus[6]=0
     level1_cnt_plus[7]=0;		level1_cnt_minus[7]=0
     level1_cnt_plus[8]=0;		level1_cnt_minus[8]=0
     level1_cnt_plus[9]=0;		level1_cnt_minus[9]=0
FYI: CNarrowChannelRefiner::RedistributeLevel1_step_3: is started
FYI: CNarrowChannelRefiner::RedistributeLevel1_step_3: is finished
RedistributeLevel1 takes:
FYI: level1 statistics:
     level1_cnt_plus[1]=1782;		level1_cnt_minus[1]=1506
     level1_cnt_plus[2]=11785;		level1_cnt_minus[2]=1287
     level1_cnt_plus[3]=0;		level1_cnt_minus[3]=0
     level1_cnt_plus[4]=0;		level1_cnt_minus[4]=0
     level1_cnt_plus[5]=0;		level1_cnt_minus[5]=0
     level1_cnt_plus[6]=0;		level1_cnt_minus[6]=0
     level1_cnt_plus[7]=0;		level1_cnt_minus[7]=0
     level1_cnt_plus[8]=0;		level1_cnt_minus[8]=0
     level1_cnt_plus[9]=0;		level1_cnt_minus[9]=0
-----------------------------------------------------------------------
MSH format builder (Iteration 0)
-----------------------------------------------------------------------
Memory Working Set Current = 58.00 Mb, Memory Working Set Peak = 72.45 Mb
Process Threads Number: 21
-----------------------------------------------------------------------
Loading geometries triangulation & x-stacks...OK
x-stacks size = 0.74 Mb
Total bricks count: 26756
-----------------------------------------------------------------------
MSH (Real Geometry) format constructor:
	Getting brick sets...OK (0.001 s)
	Min x-stack xeps = 4.3581e-06
	D / dh / eps [axis=0] = (0.124235, 0.000431237, 4.31237e-07)
	D / dh / eps [axis=1] = (0.0570308, 0.000445432, 4.45432e-07)
	D / dh / eps [axis=2] = (0.11412, 0.000396158, 3.96158e-07)
	Time (xeps): 0.000 s
Level 4
	Set (0)  size: 1892
	Set (0)  time: 0.040 s
	Set (1)  size: 1892
	Set (1)  time: 0.027 s
Level 3
	Set (0)  size: 3015
	Set (0)  time: 0.029 s
	Set (1)  size: 3040
	Set (1)  time: 0.031 s
Level 2
	Set (0)  size: 6185
	Set (0)  time: 0.043 s
	Set (1)  size: 6207
	Set (1)  time: 0.043 s
Level 1
	Set (0)  size: 1223
	Set (0)  time: 0.001 s
	Set (1)  size: 1222
	Set (1)  time: 0.001 s
Level 0
	Set (0)  size: 1037
	Set (0)  time: 0.001 s
	Set (1)  size: 1043
	Set (1)  time: 0.001 s
Result:
	Bricks number:                        26756

	Memory usage:                         5.578 MB
	Memory usage (per brick):             0.213 KB
	Construction time:                    0.219 s

	Topology features:
	------------------
	- High quality bricks                  99.99 % (26754)
	- Medium quality bricks                 0.01 % (2)
	- Bad quality bricks                    0.00 % (0)
	- Ribs corrected bricks                 0.00 % (0)
	- Points with geom-info (bricks)        0.04 % (10)
	- Points with closest-info (bricks)     0.03 % (8)
	- Triangulated by center (bricks)       0.63 % (169)
	- Facet w-faces mergings (bricks)       0.00 % (0)
	- To refine (bricks)                    0.00 % (0)

-----------------------------------------------------------------------
Memory Working Set Current = 90.61 Mb, Memory Working Set Peak = 90.61 Mb
Process Threads Number: 21
-----------------------------------------------------------------------
-----------------------------------------------------------------------
-----------------------------------------------------------------------
MSH --> BCF format (Iteration 0)...
BCF collector...(remove mode=0)
	Time (alloc counter per brick): 0.001 s
	Brick    count: 26756
	Av.f all count: 14067
	Av.s all count: 22355
	Av.f pid count: 9381
	Av.s pid count: 9614
	Faces fs count: 22145
	Faces ff count: 0
	Faces ss count: 0
	Faces bb count: 0
	Faces fe count: 0
	Faces se count: 2499
	Faces fw count: 24644
	Faces af count: 39297
	Faces as count: 70141
	Time (all count): 	0.005 s
	Time (bcf alloc): 	0.001 s
	Time (shifts alloc): 	0.001 s
	Time (shifts init): 	0.001 s
	Time (bcf fill): 	0.013 s
	Time (add av to faces): 0.000 s
	Time (add faces to av): 0.005 s
Time (bcf collect): 		0.029 s
	AV checker...
	Time (check av): 	0.010 s
	Subdomain checker...
		Subdomains construction time: 0.006 s.
		Subdomains sort time: 0.000 s.
			Subdomain 0 (geom_ind=0): 11965 av
			Subdomain 1 (geom_ind=0): 2102 av
			Subdomain 2 (geom_ind=1): 22355 av
		gi: 0, subdomains: 2, real bodies: 2
		gi: 1, subdomains: 1, real bodies: 0
		Defect subdomains: 0
	Time (check subdoms): 	0.006 s
Time (bcf iteration total): 	0.046 s
	Time (fw-nb): 		0.002 s
	Fixed mutual fw-nb:     12948 (bb: 0)
	Time (fw-nb mutual): 	0.002 s
	Time (fw-nb sort): 	0.000 s
	Fw-opt BEFORE total:    24644 (fs=22145, ff=0, ss=0)
	Fw-opt AFTER  total:    14686 (fs=12187, ff=0, ss=0, failed fw/br=7/5, big_curv=35, big_poly=0)
	Fw-opt RESULT:          9958 (res/(fs+ff+ss) = 44.97 %)
	Time (fw-opt): 		0.008 s
	Time (fw-re-order): 	0.002 s
	Time (fw-nb): 		0.009 s
	Fixed mutual fw-nb:     30752 (bb: 0)
	Time (fw-nb mutual): 	0.003 s
	Time (fw-nb sort): 	0.001 s
	Time (rfd fix): 	0.000 s
	Time (av convexity): 	0.005 s
	Time (av small volume): 0.001 s
	Time (diagonal fw-nb): 	0.020 s
	Fixed mutual fw-nb:     0 (bb: 0)
	Time (fw-nb mutual): 	0.001 s
	Time (fw-nb sort): 	0.000 s
	Fluid subdomains: 2
	Faces fw-nb diff sd:    0
	Time (fw-nb diff sd): 	0.003 s
Time (bcf calc): 		0.061 s
-----------------------------------------------------------------------
Time (bcf total): 		0.107 s
-----------------------------------------------------------------------
-----------------------------------------------------------------------
Mega-cv constructor for fluid...
	 276 av's is treated as thin
Relative size generator (threshold = 0.05)...
	Iteration 1 (small cluster count = 885)
	Iteration 2 (small cluster count = 360)
	Iteration 3 (small cluster count = 82)
	Iteration 4 (small cluster count = 16)
	Iteration 5 (small cluster count = 3)
	Iteration 6 (small cluster count = 0)
	 862 mega-cv's generated
	 54 mega-cv's removed
Relative size generator is completed OK (0.004 s)
Apply fa-rules to mega-cv clusters fixes...
	Fa-rule violation fixes:       30 of       31 (total cluster# =      826)
OK (0.001 s)
Convert clusters:
	 812 mega-cv's total
Mega-cv count: 812
Time (mega-cv fill): 	0.002 s
WARNING! Mega-cv normal-direction rule violation counts: rule-I = 1, rule-II = 1
Time (mega-cv total): 	0.015 s
-----------------------------------------------------------------------
Mixing plane rotation regions: NO.
Sliding mesh rotation regions: NO.
Fluid/fluid faces: NO.
----------------------------------------------------------
BCF --> BCF.GEOMSUBDOM (bridge arrays):
MESH (0):
	Fluid Subdom Constructor: 2 subdom(s).
	Solid Subdom Constructor: 1 subdom(s).
	Net Asm Subdom Constructor: 0 subdom(s).
	GEOMSUBDOM (0): gi=0 fluid av=11965 cv=11243 fa=33529 fb=0 fw=9531 V=2.675303e-05
	Cache data...OK
	GEOMSUBDOM (1): gi=0 fluid av=2102 cv=1869 fa=5768 fb=0 fw=2656 V=1.862175e-06
	Cache data...OK
	GEOMSUBDOM (2): gi=1 solid av=22355 cv=22355 fa=70141 fb=0 fw=14686 V=7.799508e-04
	Cache data...OK
	Setting nb of w-faces...OK (0.006 s).
	Correcting nb of w-faces...
	Time(correct_fw_nb)=0.004 s

MESH (0) checking:
	GEOMSUBDOM (0):fa_s=0.0497443561988382 fb_s=0.0000000000000000 fw_s=0.0099393860479016 fw_nb=74476
	              :d_const(10072)=2.51529e-10 d_linear(10072)=8.55681e-10
	GEOMSUBDOM (1):fa_s=0.0038966029307593 fb_s=0.0000000000000000 fw_s=0.0013769601789879 fw_nb=21594
	              :d_const(488)=1.58802e-13 d_linear(265)=1.02198e-12
	GEOMSUBDOM (2):fa_s=0.4125222820967826 fb_s=0.0000000000000000 fw_s=0.0668589306283266 fw_nb=106648
	              :d_const(691)=1.0237e-10 d_linear(20659)=2.91537e-10
MESH (0) checking: OK.
Time (MDS): 	0.059 s
----------------------------------------------------------

-----------------------------------------------------------------------
BCF CHECKSUM DATA (Mesh 0):

WARNING! 299 w-face(s) without RefFacesData.
BRICK |Level1| Sum:               29432
FACE_A Area Sum:   G.Fluid        0.0536409591295975
FACE_A Area Sum:   G.Solid        0.4125222820967827
FACE_W Area Sum:                  0.0668589306283266
FACE_W Nb   Sum:                  106648
FACE_W min curvatures sum:        -3702061.35502339
FACE_W max curvatures sum:        6221658.74283385
AV Max Disbalance(Const) :        2.51529e-10 (cid=1604, t={278, 82, 30}, avid=763, pid=586)
AV Max Disbalance(Linear):        8.55681e-10 (cid=1604, t={278, 82, 30}, avid=763, pid=586)
-----------------------------------------------------------------------


-----------------------------------------------------------------------
MESHER TOPOLOGY DATA:

BRICKS: Total                 26756
BRICKS: 1-CV                  17427
BRICKS: 2-CV                  8996
BRICKS: 3-CV                  329
BRICKS: 4-CV                  4
BRICKS: Bad                   0

AV:     G.Total               36422
AV:     G.Fluid               14067
AV:     G.Solid               22355

AV:     G.Fluid Thin Profile    2.00 % (281)
AV:     G.Solid Thin Profile    0.23 % (52)

AV:     G.Fluid Thin For Mega   1.96 % (276)
AV:     G.Solid Thin For Mega   0.21 % (46)

AV:     G.Fluid Non-Convex     19.89 % (2798)
AV:     G.Solid Non-Convex     18.82 % (4208)

AV:     G.Fluid Non-Ess-Convex      5.37 % (756)
AV:     G.Solid Non-Ess-Convex      6.82 % (1524)

FACE_A: G.Fluid          (af) 39297 (partially opened 20026)
FACE_A: G.Solid          (as) 70141 (partially opened 20438)

FACE_B: G.Total          (b)  0

FACE_W: G.Total                 14686       Brick/Bound
FACE_W: G.Fluid/Solid    (fs_g) 12187       0           
FACE_W: G.Fluid/Fluid    (ff_g) 0           0           
FACE_W: G.Solid/Solid    (ss_g) 0           0           
FACE_W: G.Fluid/External (fe_g) 0
FACE_W: G.Solid/External (se_g) 2499

AV/CV max fa count (on brick side):7
AV/CV max fw count:                7
AV/CV max fb count:                0
AV/CV max fw poly count:           47

MEMORY: Total                   12.632 MB
MEMORY: Per Brick               0.483 KB
-----------------------------------------------------------------------

-----------------------------------------------------------------------
Connectivities information:
	Number of conns: 0
-----------------------------------------------------------------------
	Time (gap size): 	0.032 s
-----------------------------------------------------------------------
Calculating curvature and tolerance criteria...
Curvature: min=0 max=3.13312
Tolerance: min=0 max=0.000391451
Calculating curvature and tolerance criteria takes 0.143 s
-----------------------------------------------------------------------
MESH Build(FS) finished. Time=1.674 s
-----------------------------------------------------------------------
Current CPU = 2 sec

Nx=18
Ny=8
Nz=18
Max BRICK Level=4
Mesh Level=4
-----------------CModelBodies2MeshMapper::CollectData started -------------------------------
-----------------CModelBodies2MeshMapper Report -------------------------------
FluidDomains 2 SolidDomains 1 VoidDomains 0 
Domains RefIndexes
Domain 0, Index count 19
Domain 1, Index count 42
Domain 2, Index count 61
----------------- -------------------------------
	ModelBodies
Total resolved Bodies 0 BodySets 0

--------------------------------------------------------------------------
	Positive geometry Bodies
Total resolved Bodies 2 BodySets 2
BodySet 0
	Bodies list:
			#0	Name: ;	ID: 83b18c94-0c57-4f09-9980-4cc3bdff63e0
	Domains list:		 1 
BodySet 1
	Bodies list:
			#0	Name: ;	ID: b599ef3a-61c7-473c-b743-9434254a56ea
	Domains list:		 0 

--------------------------------------------------------------------------
	Fluid regions
Total resolved Bodies 2 BodySets 1
BodySet 0	Material: Water; 
	Bodies list:
			#0	Name: ;	ID: 83b18c94-0c57-4f09-9980-4cc3bdff63e0
			#1	Name: ;	ID: b599ef3a-61c7-473c-b743-9434254a56ea
	Domains list:		 0 		 1 

--------------------------------------------------------------------------
-----------------CModelBodies2MeshMapper::CollectData finished successfully-------------------
Saving initial mesh in: N:\Downloads\GitHub\liquid-propellant-engine\2kN Heat Sink Engine\Simulation Only\1\Parametric Study 2\6\6.fld .
Storing results...
Estimated CPT size=6.215 MB.
	Time (write bcf): 1.207 s
OK
-----------------------------------------------------------------------
Memory Working Set Current = 112.69 Mb, Memory Working Set Peak = 112.70 Mb
Process Threads Number: 21
-----------------------------------------------------------------------
Cleaning memory...
		Time (free xsl):                    	0.003 s
Free Geometry DB takes 0.000 s
	Time (free bcf): 	0.014 s
		Time (free bcf mesh):               	0.031 s
	Time (free mesher data):              	0.037 s
Copying... OK
Mesh generation normally finished at	7.4.2021	13:58:15
Mesher CPU = 4 sec
Mesher is finished at	7.4.2021	13:58:15
-----------------------------------------------------------------------
Memory Working Set Current = 51.31 Mb, Memory Working Set Peak = 113.07 Mb
Process Threads Number: 21
-----------------------------------------------------------------------
Algebra Pool      : mem_usage = 0.94 Mb, allocated count = 0
Log ended at 07.04.2021	13:58:15
