Log started at 28.04.2021	01:29:49
Number of used processors (NPROC): 4.
Number of mesh partitions (NPART): 4.
Total Physical Memory = 15.87 Gb, Available Physical Memory = 11.19 Gb
Computer name:	MCAE33
Operating system:	Windows 10 (or higher) (Version 10.0.18363)

SOLIDWORKS 2020 SP4.0
Flow Simulation 2020  x64 / 4995 / MESHER ver. efd_dev.4663_05.07.2019 

Project: N:\Downloads\GitHub\liquid-propellant-engine\2kN Heat Sink Engine\Revised Stack OD 6in\1\1.xmlconfig
Configuration name: Default
Project name: Project(1)
NGK: OFF
MBO: OFF

Mesh generation started:	28.4.2021	1:29:49
-----------------------------------------------------------------------
Mesher option run = eRunMesherNormal
-----------------------------------------------------------------------
Current CPU = 0 sec
-----------------------------------------------------------------------
Geometries initialization:
-----------------------------------------------------------------------
Loading mesh settings (global/local)...
-----------------------------------------------------------------------
Number of geometries from DB: 1
Geometry(0):
	Guid = {00000000-0000-0000-0000-000000000000}
	Fluid..
	1 Body.
	1 Real body.
	-- Bodyset 0 --
		Tolerance=1.27281e-05.
		55 Face(s).
			55 of b-spline type.
		0 Face(s) that have no ref faces
		21 Plane surface(s).
		9 Cylinder surface(s).
		1 Cone surface(s).
		7 Sphere surface(s).
		1 Torus surface(s).
		16 B- surface(s).
		13584 Triangle(s).
		Getting triangle connectivities from DB: 0.001 s
		111 Edge(s).
			111 of b-spline type.
		BodyGeom reading: 0.014 s.
		19 Reference Face(s).
		4348 Reference Triangles.
		Getting triangle connectivities from DB (Ref): 0.000 s
		BodyGeom Ref reading: 0.001 s.
		Getting triangle connectivities from DB (Extra Triangulation): 0.001 s
Geometry(1):
	Solid.
	-- Bodyset 1 --
	Empty
-----------------------------------------------------------------------
Number of geometries in task: 2
Number of bodysets   in task: 2
-----------------------------------------------------------------------
	Making hash and connectivity for Bodyset ...
		CBodyGeom:
		Hash size: {20, 48, 20}.
		Mesh size: {20, 48, 20}.
		Hashing triangles...Ok.
			axis(0) tr sizes: average=34 max=1802
			axis(1) tr sizes: average=48 max=1017
			axis(2) tr sizes: average=35 max=1786
		Number of t-connected sets:2
			(0) size=12
			(1) size=13572 cavity
		Done.
		CBodyGeomRef:
		Hashing triangles...Ok.
			axis(0) tr sizes: average=45 max=565
			axis(1) tr sizes: average=54 max=144
			axis(2) tr sizes: average=45 max=564
		Done.
	0.0104 s.
Geometries reading and preparing has taken 0.030 s.

Mapped triangles:
Hashing geometries triangles
	Triangles num=13584
	Triangles box={-0.0174239  ,0.0166189  ,-0.0800833  ,8.00033e-05  ,-0.0174241  ,0.0168204  }
		3d-hash size is 206704 bytes
Hashing peculiar surfaces triangles
	Triangles num=44
	Triangles box={-0.00534629  ,-0.00521966  ,-0.0762689  ,-0.0739483  ,-0.00115474  ,0.00116036  }
		3d-hash size is 77092 bytes
	Triangles num=44
	Triangles box={0.00287036  ,0.0045083  ,-0.0762689  ,-0.0739483  ,-0.00451135  ,-0.00287524  }
		3d-hash size is 77132 bytes
	Triangles num=44
	Triangles box={0.00287524  ,0.00451135  ,-0.0762689  ,-0.0739483  ,0.00287036  ,0.0045083  }
		3d-hash size is 77128 bytes
	Triangles num=44
	Triangles box={-0.00451135  ,-0.00287524  ,-0.0762689  ,-0.0739483  ,-0.0045083  ,-0.00287036  }
		3d-hash size is 77220 bytes
	Triangles num=44
	Triangles box={-0.0045083  ,-0.00287036  ,-0.0762689  ,-0.0739483  ,0.00287524  ,0.00451135  }
		3d-hash size is 77136 bytes
	Triangles num=44
	Triangles box={-0.00115474  ,0.00116036  ,-0.0762689  ,-0.0739483  ,0.00521966  ,0.00534629  }
		3d-hash size is 77092 bytes
	Triangles num=44
	Triangles box={0.00521966  ,0.00534629  ,-0.0762689  ,-0.0739483  ,-0.00116036  ,0.00115474  }
		3d-hash size is 77128 bytes
	Triangles num=44
	Triangles box={-0.00116036  ,0.00115474  ,-0.0762689  ,-0.0739483  ,-0.00534629  ,-0.00521966  }
		3d-hash size is 77128 bytes
	Triangles num=22
	Triangles box={-0.00304212  ,0.00304212  ,-0.00689  ,-0.00689  ,-0.0030734  ,0.0030734  }
		3d-hash size is 77168 bytes
Mapped triangles processed in 0.016 s.
-----------------------------------------------------------------------
Getting sectors:
Number of sectors: 0
-----------------------------------------------------------------------
-----------------------------------------------------------------------

Current CPU = 0 sec

-----------------------------------------------------------------------
Mesh dimensions:
				I[0 ]=20
				I[1 ]=48
				I[2 ]=20

Comp. domain size:
				a[0  ]=-0.01739
				a[1  ]=0.0165849
				a[2  ]=-0.0800033
				a[3  ]=0
				a[4  ]=-0.01739
				a[5  ]=0.0167862

Fluid calculated			1
Solid calculated			0
-----------------------------------------------------------------------
MESH Build started...
-----------------------------------------------------------------------
Mesh LEVEL = 2
-----------------------------------------------------------------------
Setting regions...OK (0.000 s)
Base mesh info------------------
	2D flag  =0
	Period   =[0, 0, 0]
	Nx=20
		x[0]=-0.01739
		x[1]=-0.0156907
		x[2]=-0.0139919
		x[3]=-0.0122932
		x[4]=-0.0105944
		x[5]=-0.0088957
		x[6]=-0.00719696
		x[7]=-0.00549821
		x[8]=-0.00379947
		x[9]=-0.00210073
		x[10]=-0.000401982
		x[11]=0.00129676
		x[12]=0.00299551
		x[13]=0.00469425
		x[14]=0.006393
		x[15]=0.00809174
		x[16]=0.00979048
		x[17]=0.0114892
		x[18]=0.013188
		x[19]=0.0148867
		x[20]=0.0165849
	Ny=48
		y[0]=-0.0800033
		y[1]=-0.0783361
		y[2]=-0.0766694
		y[3]=-0.0750026
		y[4]=-0.0733359
		y[5]=-0.0716692
		y[6]=-0.0700024
		y[7]=-0.0683357
		y[8]=-0.066669
		y[9]=-0.0650022
		y[10]=-0.0633355
		y[11]=-0.0616688
		y[12]=-0.060002
		y[13]=-0.0583353
		y[14]=-0.0566686
		y[15]=-0.0550018
		y[16]=-0.0533351
		y[17]=-0.0516683
		y[18]=-0.0500016
		y[19]=-0.0483349
		y[20]=-0.0466681
		y[21]=-0.0450014
		y[22]=-0.0433347
		y[23]=-0.0416679
		y[24]=-0.0400012
		y[25]=-0.0383345
		y[26]=-0.0366677
		y[27]=-0.035001
		y[28]=-0.0333343
		y[29]=-0.0316675
		y[30]=-0.0300008
		y[31]=-0.028334
		y[32]=-0.0266673
		y[33]=-0.0250006
		y[34]=-0.0233338
		y[35]=-0.0216671
		y[36]=-0.0200004
		y[37]=-0.0183336
		y[38]=-0.0166669
		y[39]=-0.0150002
		y[40]=-0.0133334
		y[41]=-0.0116667
		y[42]=-0.00999996
		y[43]=-0.00833322
		y[44]=-0.00666649
		y[45]=-0.00499975
		y[46]=-0.00333302
		y[47]=-0.00166628
		y[48]=0
	Nz=20
		z[0]=-0.01739
		z[1]=-0.0156808
		z[2]=-0.013972
		z[3]=-0.0122631
		z[4]=-0.0105543
		z[5]=-0.00884553
		z[6]=-0.00713672
		z[7]=-0.00542791
		z[8]=-0.00371911
		z[9]=-0.0020103
		z[10]=-0.000301493
		z[11]=0.00140731
		z[12]=0.00311612
		z[13]=0.00482493
		z[14]=0.00653374
		z[15]=0.00824254
		z[16]=0.00995135
		z[17]=0.0116602
		z[18]=0.013369
		z[19]=0.0150778
		z[20]=0.0167862
End of base mesh info---------
Input_mesh_settings--------------------------------
Settings 0----------------
	Scope: GLOBAL
	Type:	------MESHER_SETTINGS----------
	RefAllCells           =0
	RefFluidCells         =0
	RefPartCells          =0
	RefSolidCells         =0
	l_SSFR(Capture crit)  =1
	l_curv(Curvature crit)=0
	l_tol(Tolerance crit) =1
	  k_tol               =0.000580878
	UseChannelRef         =1
	  NCR_method          =0
	  l_NCR               =2
	  N_gap               =5
	  Use d_NCR_min       =0
	  Use d_NCR_max       =0
	IgnoreThinChannelsHeight         =0
	--END_OF_MESHER_SETTINGS-------
End of input mesh settings-------------------------

-----------------------------------------------------------------------
Building geometries:
-----------------------------------------------------------------------
Building body-set (0) of geometry Fluid.0.(0). ...

-----------------------------------------------------------------------
Refining by triangulation...
Refinement input: 19200 bricks
Setting regions...OK (0.000 s)
Setting regions...OK (0.000 s)
Refinement result: 19998 bricks (0.044 s)
Refinement input: 19998 bricks
Refinement result: 19998 bricks (0.001 s)
Collecting and processing rays...OK (0.031 s)
Capturing...OK (0.002 s)
Refining by triangulation takes 0.078 s
-----------------------------------------------------------------------

-----------------------------------------------------------------------
Refining peculiar surfaces...
0 surfaces refined
Refining peculiar surfaces takes 0.002 s
-----------------------------------------------------------------------
Collecting and processing rays...OK (0.000 s)
Capturing...OK (0.000 s)
Collecting and processing rays...OK (0.000 s)
Capturing...OK (0.000 s)
Collecting and processing rays...OK (0.000 s)
Capturing...OK (0.000 s)

-----------------------------------------------------------------------
Base mesh 1 Refining...
Refinement input: 19998 bricks
Refinement result: 19998 bricks (0.000 s)
Collecting and processing rays...OK (0.000 s)
Capturing...OK (0.000 s)
-----------------------------------------------------------------------
Refining channels...
FYI: CNarrowChannelRefiner::RefineChannels_PRLL
Refinement input: 19998 bricks
Setting regions...OK (0.000 s)
Refinement result: 25332 bricks (0.002 s)
Collecting and processing rays...OK (0.009 s)
Capturing...OK (0.002 s)
FYI: m_iteration_count = 0
FYI: level1 statistics:
     level1_cnt_plus[1]=6096;		level1_cnt_minus[1]=0
     level1_cnt_plus[2]=0;		level1_cnt_minus[2]=0
     level1_cnt_plus[3]=0;		level1_cnt_minus[3]=0
     level1_cnt_plus[4]=0;		level1_cnt_minus[4]=0
     level1_cnt_plus[5]=0;		level1_cnt_minus[5]=0
     level1_cnt_plus[6]=0;		level1_cnt_minus[6]=0
     level1_cnt_plus[7]=0;		level1_cnt_minus[7]=0
     level1_cnt_plus[8]=0;		level1_cnt_minus[8]=0
     level1_cnt_plus[9]=0;		level1_cnt_minus[9]=0
Refinement input: 25332 bricks
Setting regions...OK (0.000 s)
Refinement result: 25353 bricks (0.001 s)
Collecting and processing rays...OK (0.001 s)
Capturing...OK (0.000 s)
FYI: m_iteration_count = 1
FYI: level1 statistics:
     level1_cnt_plus[1]=6111;		level1_cnt_minus[1]=0
     level1_cnt_plus[2]=8;		level1_cnt_minus[2]=0
     level1_cnt_plus[3]=0;		level1_cnt_minus[3]=0
     level1_cnt_plus[4]=0;		level1_cnt_minus[4]=0
     level1_cnt_plus[5]=0;		level1_cnt_minus[5]=0
     level1_cnt_plus[6]=0;		level1_cnt_minus[6]=0
     level1_cnt_plus[7]=0;		level1_cnt_minus[7]=0
     level1_cnt_plus[8]=0;		level1_cnt_minus[8]=0
     level1_cnt_plus[9]=0;		level1_cnt_minus[9]=0
FYI: m_iteration_count = 2
FYI: level1 statistics:
     level1_cnt_plus[1]=6111;		level1_cnt_minus[1]=0
     level1_cnt_plus[2]=8;		level1_cnt_minus[2]=0
     level1_cnt_plus[3]=0;		level1_cnt_minus[3]=0
     level1_cnt_plus[4]=0;		level1_cnt_minus[4]=0
     level1_cnt_plus[5]=0;		level1_cnt_minus[5]=0
     level1_cnt_plus[6]=0;		level1_cnt_minus[6]=0
     level1_cnt_plus[7]=0;		level1_cnt_minus[7]=0
     level1_cnt_plus[8]=0;		level1_cnt_minus[8]=0
     level1_cnt_plus[9]=0;		level1_cnt_minus[9]=0
Refinement input: 25353 bricks
Setting regions...OK (0.000 s)
Refinement result: 28293 bricks (0.003 s)
Collecting and processing rays...OK (0.008 s)
Capturing...OK (0.001 s)
FYI: m_iteration_count = 3
FYI: level1 statistics:
     level1_cnt_plus[1]=8940;		level1_cnt_minus[1]=0
     level1_cnt_plus[2]=480;		level1_cnt_minus[2]=0
     level1_cnt_plus[3]=0;		level1_cnt_minus[3]=0
     level1_cnt_plus[4]=0;		level1_cnt_minus[4]=0
     level1_cnt_plus[5]=0;		level1_cnt_minus[5]=0
     level1_cnt_plus[6]=0;		level1_cnt_minus[6]=0
     level1_cnt_plus[7]=0;		level1_cnt_minus[7]=0
     level1_cnt_plus[8]=0;		level1_cnt_minus[8]=0
     level1_cnt_plus[9]=0;		level1_cnt_minus[9]=0
FYI: m_iteration_count = 4
FYI: level1 statistics:
     level1_cnt_plus[1]=8940;		level1_cnt_minus[1]=0
     level1_cnt_plus[2]=480;		level1_cnt_minus[2]=0
     level1_cnt_plus[3]=0;		level1_cnt_minus[3]=0
     level1_cnt_plus[4]=0;		level1_cnt_minus[4]=0
     level1_cnt_plus[5]=0;		level1_cnt_minus[5]=0
     level1_cnt_plus[6]=0;		level1_cnt_minus[6]=0
     level1_cnt_plus[7]=0;		level1_cnt_minus[7]=0
     level1_cnt_plus[8]=0;		level1_cnt_minus[8]=0
     level1_cnt_plus[9]=0;		level1_cnt_minus[9]=0
FYI: level1 statistics:
     level1_cnt_plus[1]=8940;		level1_cnt_minus[1]=0
     level1_cnt_plus[2]=480;		level1_cnt_minus[2]=0
     level1_cnt_plus[3]=0;		level1_cnt_minus[3]=0
     level1_cnt_plus[4]=0;		level1_cnt_minus[4]=0
     level1_cnt_plus[5]=0;		level1_cnt_minus[5]=0
     level1_cnt_plus[6]=0;		level1_cnt_minus[6]=0
     level1_cnt_plus[7]=0;		level1_cnt_minus[7]=0
     level1_cnt_plus[8]=0;		level1_cnt_minus[8]=0
     level1_cnt_plus[9]=0;		level1_cnt_minus[9]=0

-----------------------------------------------------------------------
U-shapes refinement...
Refinement input: 28293 bricks
Refinement result: 28293 bricks (0.004 s)
Collecting and processing rays...OK (0.000 s)
Capturing...OK (0.000 s)
-----------------------------------------------------------------------

-----------------------------------------------------------------------
Equi Distant Refiner:
Equi Distant Refiner takes 0.00 s
-----------------------------------------------------------------------
Building geometry takes 0.278 s
Geometry Fluid.0.
Total		28293
Partial	4056
Fluid		2997
Solid		21222
Bad		18

/-Ray Intersection---------------/ Time	0.066 s
Calls			4778
CorrectRay Calls	0



-----------------------------------------------------------------------
Building geometries takes 0.278 s
-----------------------------------------------------------------------

-----------------------------------------------------------------------
PostBuilding geometries:
-----------------------------------------------------------------------
PostBuilding body-set (0) geometry Fluid.0. (0)...
Collecting and processing rays...OK (0.000 s)
Capturing...OK (0.000 s)
PostBuilding geometry takes 0.001 s
Geometry Fluid.0.
Total		28293
Partial	4056
Fluid		2997
Solid		21222
Bad		18

-----------------------------------------------------------------------
PostBuilding geometries takes 0.001 s
-----------------------------------------------------------------------
Defect ray count	0
FYI: CNarrowChannelRefiner::RedistributeLevel1_step_1: is finished
FYI: level1 statistics:
     level1_cnt_plus[1]=6424;		level1_cnt_minus[1]=0
     level1_cnt_plus[2]=2996;		level1_cnt_minus[2]=0
     level1_cnt_plus[3]=0;		level1_cnt_minus[3]=0
     level1_cnt_plus[4]=0;		level1_cnt_minus[4]=0
     level1_cnt_plus[5]=0;		level1_cnt_minus[5]=0
     level1_cnt_plus[6]=0;		level1_cnt_minus[6]=0
     level1_cnt_plus[7]=0;		level1_cnt_minus[7]=0
     level1_cnt_plus[8]=0;		level1_cnt_minus[8]=0
     level1_cnt_plus[9]=0;		level1_cnt_minus[9]=0
FYI: CNarrowChannelRefiner::RedistributeLevel1_step_2: is started
FYI: CNarrowChannelRefiner::RedistributeLevel1_step_2: is finished
FYI: level1 statistics:
     level1_cnt_plus[1]=6580;		level1_cnt_minus[1]=0
     level1_cnt_plus[2]=3137;		level1_cnt_minus[2]=0
     level1_cnt_plus[3]=0;		level1_cnt_minus[3]=0
     level1_cnt_plus[4]=0;		level1_cnt_minus[4]=0
     level1_cnt_plus[5]=0;		level1_cnt_minus[5]=0
     level1_cnt_plus[6]=0;		level1_cnt_minus[6]=0
     level1_cnt_plus[7]=0;		level1_cnt_minus[7]=0
     level1_cnt_plus[8]=0;		level1_cnt_minus[8]=0
     level1_cnt_plus[9]=0;		level1_cnt_minus[9]=0
FYI: CNarrowChannelRefiner::RedistributeLevel1_step_3: is started
FYI: CNarrowChannelRefiner::RedistributeLevel1_step_3: is finished
RedistributeLevel1 takes:
FYI: level1 statistics:
     level1_cnt_plus[1]=6580;		level1_cnt_minus[1]=0
     level1_cnt_plus[2]=3137;		level1_cnt_minus[2]=0
     level1_cnt_plus[3]=0;		level1_cnt_minus[3]=0
     level1_cnt_plus[4]=0;		level1_cnt_minus[4]=0
     level1_cnt_plus[5]=0;		level1_cnt_minus[5]=0
     level1_cnt_plus[6]=0;		level1_cnt_minus[6]=0
     level1_cnt_plus[7]=0;		level1_cnt_minus[7]=0
     level1_cnt_plus[8]=0;		level1_cnt_minus[8]=0
     level1_cnt_plus[9]=0;		level1_cnt_minus[9]=0
-----------------------------------------------------------------------
MSH format builder (Iteration 0)
-----------------------------------------------------------------------
Memory Working Set Current = 44.75 Mb, Memory Working Set Peak = 53.02 Mb
Process Threads Number: 13
-----------------------------------------------------------------------
Loading geometries triangulation & x-stacks...OK
x-stacks size = 0.31 Mb
Total bricks count: 28293
-----------------------------------------------------------------------
MSH (Real Geometry) format constructor:
	Getting brick sets...OK (0.001 s)
	Min x-stack xeps = 1.67226e-05
	D / dh / eps [axis=0] = (0.0339749, 0.000424686, 4.24686e-07)
	D / dh / eps [axis=1] = (0.0800033, 0.000416684, 4.16684e-07)
	D / dh / eps [axis=2] = (0.0341761, 0.000427202, 4.27202e-07)
	Time (xeps): 0.000 s
Level 2
	Set (0)  size: 1652
	Set (0)  time: 0.021 s
	Set (1)  size: 1652
	Set (1)  time: 0.017 s
Level 1
	Set (0)  size: 3330
	Set (0)  time: 0.016 s
	Set (1)  size: 3345
	Set (1)  time: 0.016 s
Level 0
	Set (0)  size: 9157
	Set (0)  time: 0.003 s
	Set (1)  size: 9157
	Set (1)  time: 0.003 s
Result:
	Bricks number:                        28293

	Memory usage:                         2.287 MB
	Memory usage (per brick):             0.083 KB
	Construction time:                    0.078 s

	Topology features:
	------------------
	- High quality bricks                  99.98 % (28286)
	- Medium quality bricks                 0.02 % (7)
	- Bad quality bricks                    0.00 % (0)
	- Ribs corrected bricks                 0.00 % (0)
	- Points with geom-info (bricks)        0.06 % (16)
	- Points with closest-info (bricks)     0.00 % (0)
	- Triangulated by center (bricks)       0.03 % (9)
	- Facet w-faces mergings (bricks)       0.00 % (0)
	- To refine (bricks)                    0.00 % (0)

-----------------------------------------------------------------------
Memory Working Set Current = 57.91 Mb, Memory Working Set Peak = 57.91 Mb
Process Threads Number: 13
-----------------------------------------------------------------------
-----------------------------------------------------------------------
-----------------------------------------------------------------------
MSH --> BCF format (Iteration 0)...
BCF collector...(remove mode=0)
	Time (alloc counter per brick): 0.001 s
	Brick    count: 28293
	Av.f all count: 7107
	Av.s all count: 25333
	Av.f pid count: 4112
	Av.s pid count: 4134
	Faces fs count: 6838
	Faces ff count: 0
	Faces ss count: 0
	Faces bb count: 0
	Faces fe count: 0
	Faces se count: 4652
	Faces fw count: 11490
	Faces af count: 19124
	Faces as count: 74089
	Time (all count): 	0.003 s
	Time (bcf alloc): 	0.001 s
	Time (shifts alloc): 	0.002 s
	Time (shifts init): 	0.002 s
	Time (bcf fill): 	0.006 s
	Time (add av to faces): 0.000 s
	Time (add faces to av): 0.002 s
Time (bcf collect): 		0.017 s
	AV checker...
	Time (check av): 	0.008 s
	Subdomain checker...
		Subdomains construction time: 0.003 s.
		Subdomains sort time: 0.000 s.
			Subdomain 0 (geom_ind=0): 7107 av
			Subdomain 1 (geom_ind=1): 25333 av
		gi: 0, subdomains: 1, real bodies: 1
		gi: 1, subdomains: 1, real bodies: 0
		Defect subdomains: 0
	Time (check subdoms): 	0.003 s
Time (bcf iteration total): 	0.028 s
	Time (fw-nb): 		0.001 s
	Fixed mutual fw-nb:     3060 (bb: 0)
	Time (fw-nb mutual): 	0.000 s
	Time (fw-nb sort): 	0.000 s
	Fw-opt BEFORE total:    11490 (fs=6838, ff=0, ss=0)
	Fw-opt AFTER  total:    9577 (fs=4925, ff=0, ss=0, failed fw/br=12/2, big_curv=15, big_poly=0)
	Fw-opt RESULT:          1913 (res/(fs+ff+ss) = 27.98 %)
	Time (fw-opt): 		0.002 s
	Time (fw-re-order): 	0.001 s
	Time (fw-nb): 		0.004 s
	Fixed mutual fw-nb:     19151 (bb: 0)
	Time (fw-nb mutual): 	0.001 s
	Time (fw-nb sort): 	0.000 s
	Time (rfd fix): 	0.000 s
	Time (av convexity): 	0.002 s
	Time (av small volume): 0.000 s
	Time (diagonal fw-nb): 	0.008 s
	Fixed mutual fw-nb:     0 (bb: 0)
	Time (fw-nb mutual): 	0.001 s
	Time (fw-nb sort): 	0.000 s
	Fluid subdomains: 1
	Faces fw-nb diff sd:    0
	Time (fw-nb diff sd): 	0.001 s
Time (bcf calc): 		0.023 s
-----------------------------------------------------------------------
Time (bcf total): 		0.052 s
-----------------------------------------------------------------------
-----------------------------------------------------------------------
Mega-cv constructor for fluid...
	 27 av's is treated as thin
Relative size generator (threshold = 0.05)...
	Iteration 1 (small cluster count = 470)
	Iteration 2 (small cluster count = 255)
	Iteration 3 (small cluster count = 75)
	Iteration 4 (small cluster count = 7)
	Iteration 5 (small cluster count = 0)
	 460 mega-cv's generated
	 7 mega-cv's removed
Relative size generator is completed OK (0.001 s)
Apply fa-rules to mega-cv clusters fixes...
	Fa-rule violation fixes:        3 of        3 (total cluster# =      455)
OK (0.000 s)
Convert clusters:
	 454 mega-cv's total
Mega-cv count: 454
Time (mega-cv fill): 	0.001 s
Time (mega-cv total): 	0.007 s
-----------------------------------------------------------------------
Mixing plane rotation regions: NO.
Sliding mesh rotation regions: NO.
Fluid/fluid faces: NO.
----------------------------------------------------------
BCF --> BCF.GEOMSUBDOM (bridge arrays):
MESH (0):
	Fluid Subdom Constructor: 1 subdom(s).
	Solid Subdom Constructor: 1 subdom(s).
	Net Asm Subdom Constructor: 0 subdom(s).
	GEOMSUBDOM (0): gi=0 fluid av=7107 cv=6638 fa=19124 fb=0 fw=4925 V=2.147960e-06
	Cache data...OK
	GEOMSUBDOM (1): gi=1 solid av=25333 cv=25333 fa=74089 fb=0 fw=9577 V=9.074632e-05
	Cache data...OK
	Setting nb of w-faces...OK (0.002 s).
	Correcting nb of w-faces...
	Time(correct_fw_nb)=0.002 s

MESH (0) checking:
	GEOMSUBDOM (0):fa_s=0.0080897910180586 fb_s=0.0000000000000000 fw_s=0.0015447579004965 fw_nb=39730
	              :d_const(2740)=1.00779e-12 d_linear(2740)=1.0694e-11
	GEOMSUBDOM (1):fa_s=0.1585672434128538 fb_s=0.0000000000000000 fw_s=0.0147716335639881 fw_nb=58346
	              :d_const(4687)=2.16165e-13 d_linear(4521)=9.09748e-12
MESH (0) checking: OK.
Time (MDS): 	0.035 s
----------------------------------------------------------

-----------------------------------------------------------------------
BCF CHECKSUM DATA (Mesh 0):

WARNING! 277 w-face(s) without RefFacesData.
BRICK |Level1| Sum:               12854
FACE_A Area Sum:   G.Fluid        0.0080897910180586
FACE_A Area Sum:   G.Solid        0.1585672434128538
FACE_W Area Sum:                  0.0147716335639881
FACE_W Nb   Sum:                  58346
FACE_W min curvatures sum:        -2208868.89959914
FACE_W max curvatures sum:        5535725.36314398
AV Max Disbalance(Const) :        1.00779e-12 (cid=21497, t={42, 9, 53}, avid=7059, pid=4072)
AV Max Disbalance(Linear):        3.48983e-11 (cid=8350, t={30, 9, 33}, avid=262, pid=219)
-----------------------------------------------------------------------


-----------------------------------------------------------------------
MESHER TOPOLOGY DATA:

BRICKS: Total                 28293
BRICKS: 1-CV                  24194
BRICKS: 2-CV                  4054
BRICKS: 3-CV                  43
BRICKS: 4-CV                  1
BRICKS: 5-CV                  1
BRICKS: Bad                   0

AV:     G.Total               32440
AV:     G.Fluid               7107
AV:     G.Solid               25333

AV:     G.Fluid Thin Profile    0.45 % (32)
AV:     G.Solid Thin Profile    0.05 % (13)

AV:     G.Fluid Thin For Mega   0.38 % (27)
AV:     G.Solid Thin For Mega   0.04 % (9)

AV:     G.Fluid Non-Convex      7.72 % (549)
AV:     G.Solid Non-Convex      3.03 % (767)

AV:     G.Fluid Non-Ess-Convex      3.32 % (236)
AV:     G.Solid Non-Ess-Convex      1.37 % (346)

FACE_A: G.Fluid          (af) 19124 (partially opened 8271)
FACE_A: G.Solid          (as) 74089 (partially opened 8312)

FACE_B: G.Total          (b)  0

FACE_W: G.Total                 9577        Brick/Bound
FACE_W: G.Fluid/Solid    (fs_g) 4925        0           
FACE_W: G.Fluid/Fluid    (ff_g) 0           0           
FACE_W: G.Solid/Solid    (ss_g) 0           0           
FACE_W: G.Fluid/External (fe_g) 0
FACE_W: G.Solid/External (se_g) 4652

AV/CV max fa count (on brick side):5
AV/CV max fw count:                5
AV/CV max fb count:                0
AV/CV max fw poly count:           18

MEMORY: Total                   10.340 MB
MEMORY: Per Brick               0.374 KB
-----------------------------------------------------------------------

-----------------------------------------------------------------------
Connectivities information:
	Number of conns: 0
-----------------------------------------------------------------------
	Time (gap size): 	0.014 s
-----------------------------------------------------------------------
Calculating curvature and tolerance criteria...
Curvature: min=0 max=3.12356
Tolerance: min=0 max=0.000486128
Calculating curvature and tolerance criteria takes 0.073 s
-----------------------------------------------------------------------
MESH Build(FS) finished. Time=0.648 s
-----------------------------------------------------------------------
Current CPU = 1 sec

Nx=20
Ny=48
Nz=20
Max BRICK Level=2
Mesh Level=2
-----------------CModelBodies2MeshMapper::CollectData started -------------------------------
-----------------CModelBodies2MeshMapper Report -------------------------------
FluidDomains 1 SolidDomains 1 VoidDomains 0 
Domains RefIndexes
Domain 0, Index count 19
Domain 1, Index count 19
----------------- -------------------------------
	ModelBodies
Total resolved Bodies 0 BodySets 0

--------------------------------------------------------------------------
	Positive geometry Bodies
Total resolved Bodies 1 BodySets 1
BodySet 0
	Bodies list:
			#0	Name: ;	ID: 3322c999-d52c-472f-bea4-1010f820b08a
	Domains list:		 0 

--------------------------------------------------------------------------
	Fluid regions
Total resolved Bodies 1 BodySets 1
BodySet 0	Material: Oxygen; 
	Bodies list:
			#0	Name: ;	ID: 3322c999-d52c-472f-bea4-1010f820b08a
	Domains list:		 0 

--------------------------------------------------------------------------
-----------------CModelBodies2MeshMapper::CollectData finished successfully-------------------
Saving initial mesh in: N:\Downloads\GitHub\liquid-propellant-engine\2kN Heat Sink Engine\Revised Stack OD 6in\1\1.fld .
Storing results...
Estimated CPT size=4.362 MB.
	Time (write bcf): 0.431 s
OK
-----------------------------------------------------------------------
Memory Working Set Current = 79.77 Mb, Memory Working Set Peak = 79.77 Mb
Process Threads Number: 13
-----------------------------------------------------------------------
Cleaning memory...
		Time (free xsl):                    	0.001 s
Free Geometry DB takes 0.000 s
	Time (free bcf): 	0.005 s
		Time (free bcf mesh):               	0.014 s
	Time (free mesher data):              	0.017 s
Copying... OK
Mesh generation normally finished at	28.4.2021	1:29:50
Mesher CPU = 1 sec
Mesher is finished at	28.4.2021	1:29:50
-----------------------------------------------------------------------
Memory Working Set Current = 35.68 Mb, Memory Working Set Peak = 80.14 Mb
Process Threads Number: 13
-----------------------------------------------------------------------
Algebra Pool      : mem_usage = 0.94 Mb, allocated count = 0
Log ended at 28.04.2021	01:29:50
