Log started at 09.04.2021	16:57:46
Number of used processors (NPROC): 8.
Number of mesh partitions (NPART): 8.
Total Physical Memory = 15.93 Gb, Available Physical Memory = 10.61 Gb
Computer name:	MCAE02
Operating system:	Windows 10 (or higher) (Version 10.0.18363)

SOLIDWORKS 2020 SP4.0
Flow Simulation 2020  x64 / 4995 / MESHER ver. efd_dev.4663_05.07.2019 

Project: N:\Downloads\GitHub\liquid-propellant-engine\2kN Heat Sink Engine\Simulation Only\1\Parametric Study 2\16\16.xmlconfig
Configuration name: Default
Project name: Single Fluid (Water Substitute)
NGK: OFF
MBO: OFF

Mesh generation started:	9.4.2021	16:57:46
-----------------------------------------------------------------------
Mesher option run = eRunMesherNormal
-----------------------------------------------------------------------
Current CPU = 0 sec
-----------------------------------------------------------------------
Geometries initialization:
-----------------------------------------------------------------------
Loading mesh settings (global/local)...
-----------------------------------------------------------------------
Number of geometries from DB: 1
Geometry(0):
	Guid = {00000000-0000-0000-0000-000000000000}
	Fluid..
	1 Body.
	2 Real bodies.
	-- Bodyset 0 --
		Tolerance=3.3166e-05.
		104 Face(s).
			104 of b-spline type.
		0 Face(s) that have no ref faces
		13 Plane surface(s).
		33 Cylinder surface(s).
		5 Cone surface(s).
		4 Torus surface(s).
		49 B- surface(s).
		15044 Triangle(s).
		Getting triangle connectivities from DB: 0.002 s
		217 Edge(s).
			217 of b-spline type.
		BodyGeom reading: 0.022 s.
		61 Reference Face(s).
		10224 Reference Triangles.
		Getting triangle connectivities from DB (Ref): 0.001 s
		BodyGeom Ref reading: 0.002 s.
		Getting triangle connectivities from DB (Extra Triangulation): 0.001 s
Geometry(1):
	Solid.
	-- Bodyset 1 --
	Empty
-----------------------------------------------------------------------
Number of geometries in task: 2
Number of bodysets   in task: 2
-----------------------------------------------------------------------
	Making hash and connectivity for Bodyset ...
		CBodyGeom:
		Hash size: {18, 32, 16}.
		Mesh size: {18, 8, 16}.
		Hashing triangles...Ok.
			axis(0) tr sizes: average=64 max=4711
			axis(1) tr sizes: average=79 max=3460
			axis(2) tr sizes: average=58 max=4313
		Number of t-connected sets:3
			(0) size=12
			(1) size=8250 cavity
			(2) size=6782 cavity
		Done.
		CBodyGeomRef:
		Hashing triangles...Ok.
			axis(0) tr sizes: average=298 max=2155
			axis(1) tr sizes: average=199 max=2262
			axis(2) tr sizes: average=294 max=2537
		Done.
	0.013 s.
Geometries reading and preparing has taken 0.044 s.

Mapped triangles:
Hashing geometries triangles
	Triangles num=15044
	Triangles box={0.024738  ,0.147901  ,0.154934  ,0.213373  ,0.10328  ,0.216415  }
		3d-hash size is 106144 bytes
Hashing peculiar surfaces triangles
	Triangles num=37
	Triangles box={0.024018  ,0.0307351  ,0.185147  ,0.196579  ,0.102187  ,0.111432  }
		3d-hash size is 9404 bytes
	Triangles num=37
	Triangles box={0.0702151  ,0.0815803  ,0.185147  ,0.196579  ,0.215167  ,0.216361  }
		3d-hash size is 9624 bytes
	Triangles num=37
	Triangles box={0.14367  ,0.148319  ,0.185147  ,0.196579  ,0.114046  ,0.124486  }
		3d-hash size is 9516 bytes
	Triangles num=37
	Triangles box={0.0773704  ,0.0888028  ,0.213256  ,0.213256  ,0.141572  ,0.153  }
		3d-hash size is 9620 bytes
	Triangles num=30
	Triangles box={0.0831231  ,0.0845875  ,0.156671  ,0.158168  ,0.141933  ,0.142147  }
		3d-hash size is 9344 bytes
	Triangles num=30
	Triangles box={0.0784758  ,0.0793933  ,0.156671  ,0.158168  ,0.143416  ,0.144577  }
		3d-hash size is 9344 bytes
	Triangles num=30
	Triangles box={0.0857921  ,0.0869533  ,0.156671  ,0.158168  ,0.142666  ,0.143583  }
		3d-hash size is 9400 bytes
	Triangles num=30
	Triangles box={0.0877369  ,0.0882838  ,0.156671  ,0.158168  ,0.144635  ,0.14601  }
		3d-hash size is 9380 bytes
	Triangles num=30
	Triangles box={0.0778954  ,0.0784423  ,0.156671  ,0.158168  ,0.148549  ,0.149924  }
		3d-hash size is 9344 bytes
	Triangles num=30
	Triangles box={0.0843588  ,0.085734  ,0.156671  ,0.158168  ,0.151927  ,0.152474  }
		3d-hash size is 9344 bytes
	Triangles num=30
	Triangles box={0.0815917  ,0.0830561  ,0.156671  ,0.158168  ,0.152413  ,0.152627  }
		3d-hash size is 9344 bytes
	Triangles num=30
	Triangles box={0.0792259  ,0.0803871  ,0.156671  ,0.158168  ,0.150976  ,0.151894  }
		3d-hash size is 9388 bytes
	Triangles num=30
	Triangles box={0.0867859  ,0.0877034  ,0.156671  ,0.158168  ,0.149982  ,0.151143  }
		3d-hash size is 9344 bytes
	Triangles num=30
	Triangles box={0.0804451  ,0.0818203  ,0.156671  ,0.158168  ,0.142085  ,0.142632  }
		3d-hash size is 9344 bytes
	Triangles num=30
	Triangles box={0.0882225  ,0.0884365  ,0.156671  ,0.158168  ,0.147313  ,0.148778  }
		3d-hash size is 9344 bytes
	Triangles num=30
	Triangles box={0.0777427  ,0.0779566  ,0.156671  ,0.158168  ,0.145782  ,0.147246  }
		3d-hash size is 9344 bytes
	Triangles num=78
	Triangles box={0.0769688  ,0.0892111  ,0.173621  ,0.173621  ,0.141158  ,0.153401  }
		3d-hash size is 9636 bytes
Mapped triangles processed in 0.018 s.
-----------------------------------------------------------------------
Getting sectors:
Number of sectors: 0
-----------------------------------------------------------------------
-----------------------------------------------------------------------

Current CPU = 0 sec

-----------------------------------------------------------------------
Mesh dimensions:
				I[0 ]=18
				I[1 ]=8
				I[2 ]=16

Comp. domain size:
				a[0  ]=0.0248609
				a[1  ]=0.147778
				a[2  ]=0.154992
				a[3  ]=0.213314
				a[4  ]=0.103393
				a[5  ]=0.216302

Fluid calculated			1
Solid calculated			0
-----------------------------------------------------------------------
MESH Build started...
-----------------------------------------------------------------------
Mesh LEVEL = 4
-----------------------------------------------------------------------
Setting regions...OK (0.000 s)
Base mesh info------------------
	2D flag  =0
	Period   =[0, 0, 0]
	Nx=18
		x[0]=0.0248609
		x[1]=0.0316918
		x[2]=0.0385205
		x[3]=0.0453492
		x[4]=0.052178
		x[5]=0.0590067
		x[6]=0.0658354
		x[7]=0.0726641
		x[8]=0.0794929
		x[9]=0.0863216
		x[10]=0.0931503
		x[11]=0.099979
		x[12]=0.106808
		x[13]=0.113637
		x[14]=0.120465
		x[15]=0.127294
		x[16]=0.134123
		x[17]=0.140951
		x[18]=0.147778
	Ny=8
		y[0]=0.154992
		y[1]=0.162285
		y[2]=0.169575
		y[3]=0.176865
		y[4]=0.184155
		y[5]=0.191446
		y[6]=0.198736
		y[7]=0.206026
		y[8]=0.213314
	Nz=16
		z[0]=0.103393
		z[1]=0.110452
		z[2]=0.117508
		z[3]=0.124565
		z[4]=0.131622
		z[5]=0.138679
		z[6]=0.145736
		z[7]=0.152792
		z[8]=0.159849
		z[9]=0.166906
		z[10]=0.173963
		z[11]=0.18102
		z[12]=0.188076
		z[13]=0.195133
		z[14]=0.20219
		z[15]=0.209247
		z[16]=0.216302
End of base mesh info---------
Input_mesh_settings--------------------------------
Settings 0----------------
	Scope: GLOBAL
	Type:	------MESHER_SETTINGS----------
	RefAllCells           =0
	RefFluidCells         =0
	RefPartCells          =0
	RefSolidCells         =0
	l_SSFR(Capture crit)  =4
	l_curv(Curvature crit)=0
	l_tol(Tolerance crit) =4
	  k_tol               =0.000377956
	UseChannelRef         =1
	  NCR_method          =0
	  l_NCR               =2
	  N_gap               =5
	  Use d_NCR_min       =0
	  Use d_NCR_max       =0
	IgnoreThinChannelsHeight         =0
	--END_OF_MESHER_SETTINGS-------
End of input mesh settings-------------------------

-----------------------------------------------------------------------
Building geometries:
-----------------------------------------------------------------------
Building body-set (0) of geometry Fluid.0.(0). ...

-----------------------------------------------------------------------
Refining by triangulation...
Refinement input: 2304 bricks
Setting regions...OK (0.000 s)
Setting regions...OK (0.000 s)
Setting regions...OK (0.000 s)
Setting regions...OK (0.000 s)
Setting regions...OK (0.000 s)
Refinement result: 18537 bricks (0.130 s)
Refinement input: 18537 bricks
Refinement result: 18537 bricks (0.004 s)
Collecting and processing rays...OK (0.098 s)
Capturing...OK (0.003 s)
Refining by triangulation takes 0.234 s
-----------------------------------------------------------------------

-----------------------------------------------------------------------
Refining peculiar surfaces...
Refinement input: 18537 bricks
Setting regions...OK (0.000 s)
Refinement result: 18586 bricks (0.003 s)
Refinement input: 18586 bricks
Setting regions...OK (0.000 s)
Refinement result: 18593 bricks (0.002 s)
Refinement input: 18593 bricks
Setting regions...OK (0.000 s)
Refinement result: 18663 bricks (0.003 s)
Refinement input: 18663 bricks
Setting regions...OK (0.000 s)
Refinement result: 18670 bricks (0.002 s)
Refinement input: 18670 bricks
Setting regions...OK (0.000 s)
Refinement result: 18733 bricks (0.003 s)
Refinement input: 18733 bricks
Setting regions...OK (0.000 s)
Refinement result: 18740 bricks (0.002 s)
Refinement input: 18740 bricks
Setting regions...OK (0.000 s)
Refinement result: 18810 bricks (0.002 s)
Refinement input: 18810 bricks
Setting regions...OK (0.000 s)
Refinement result: 18866 bricks (0.002 s)
5 surfaces refined
Refining peculiar surfaces takes 0.052 s
-----------------------------------------------------------------------
Collecting and processing rays...OK (0.004 s)
Capturing...OK (0.000 s)
Collecting and processing rays...OK (0.000 s)
Capturing...OK (0.000 s)
Collecting and processing rays...OK (0.000 s)
Capturing...OK (0.000 s)

-----------------------------------------------------------------------
Base mesh 1 Refining...
Refinement input: 18866 bricks
Refinement result: 18866 bricks (0.000 s)
Collecting and processing rays...OK (0.000 s)
Capturing...OK (0.000 s)
-----------------------------------------------------------------------
Refining channels...
FYI: CNarrowChannelRefiner::RefineChannels_PRLL
Refinement input: 18866 bricks
Setting regions...OK (0.000 s)
Refinement result: 20777 bricks (0.002 s)
Collecting and processing rays...OK (0.002 s)
Capturing...OK (0.001 s)
FYI: m_iteration_count = 0
FYI: level1 statistics:
     level1_cnt_plus[1]=9283;		level1_cnt_minus[1]=0
     level1_cnt_plus[2]=1904;		level1_cnt_minus[2]=0
     level1_cnt_plus[3]=0;		level1_cnt_minus[3]=0
     level1_cnt_plus[4]=0;		level1_cnt_minus[4]=0
     level1_cnt_plus[5]=0;		level1_cnt_minus[5]=0
     level1_cnt_plus[6]=0;		level1_cnt_minus[6]=0
     level1_cnt_plus[7]=0;		level1_cnt_minus[7]=0
     level1_cnt_plus[8]=0;		level1_cnt_minus[8]=0
     level1_cnt_plus[9]=0;		level1_cnt_minus[9]=0
Refinement input: 20777 bricks
Setting regions...OK (0.000 s)
Refinement result: 20945 bricks (0.003 s)
Collecting and processing rays...OK (0.000 s)
Capturing...OK (0.000 s)
FYI: m_iteration_count = 1
FYI: level1 statistics:
     level1_cnt_plus[1]=9268;		level1_cnt_minus[1]=0
     level1_cnt_plus[2]=2088;		level1_cnt_minus[2]=0
     level1_cnt_plus[3]=0;		level1_cnt_minus[3]=0
     level1_cnt_plus[4]=0;		level1_cnt_minus[4]=0
     level1_cnt_plus[5]=0;		level1_cnt_minus[5]=0
     level1_cnt_plus[6]=0;		level1_cnt_minus[6]=0
     level1_cnt_plus[7]=0;		level1_cnt_minus[7]=0
     level1_cnt_plus[8]=0;		level1_cnt_minus[8]=0
     level1_cnt_plus[9]=0;		level1_cnt_minus[9]=0
Refinement input: 20945 bricks
Setting regions...OK (0.000 s)
Refinement result: 20966 bricks (0.002 s)
Collecting and processing rays...OK (0.000 s)
Capturing...OK (0.000 s)
FYI: m_iteration_count = 2
FYI: level1 statistics:
     level1_cnt_plus[1]=9265;		level1_cnt_minus[1]=0
     level1_cnt_plus[2]=2112;		level1_cnt_minus[2]=0
     level1_cnt_plus[3]=0;		level1_cnt_minus[3]=0
     level1_cnt_plus[4]=0;		level1_cnt_minus[4]=0
     level1_cnt_plus[5]=0;		level1_cnt_minus[5]=0
     level1_cnt_plus[6]=0;		level1_cnt_minus[6]=0
     level1_cnt_plus[7]=0;		level1_cnt_minus[7]=0
     level1_cnt_plus[8]=0;		level1_cnt_minus[8]=0
     level1_cnt_plus[9]=0;		level1_cnt_minus[9]=0
FYI: m_iteration_count = 3
FYI: level1 statistics:
     level1_cnt_plus[1]=9265;		level1_cnt_minus[1]=0
     level1_cnt_plus[2]=2112;		level1_cnt_minus[2]=0
     level1_cnt_plus[3]=0;		level1_cnt_minus[3]=0
     level1_cnt_plus[4]=0;		level1_cnt_minus[4]=0
     level1_cnt_plus[5]=0;		level1_cnt_minus[5]=0
     level1_cnt_plus[6]=0;		level1_cnt_minus[6]=0
     level1_cnt_plus[7]=0;		level1_cnt_minus[7]=0
     level1_cnt_plus[8]=0;		level1_cnt_minus[8]=0
     level1_cnt_plus[9]=0;		level1_cnt_minus[9]=0
Refinement input: 20966 bricks
Setting regions...OK (0.000 s)
Refinement result: 21939 bricks (0.002 s)
Collecting and processing rays...OK (0.001 s)
Capturing...OK (0.000 s)
FYI: m_iteration_count = 4
FYI: level1 statistics:
     level1_cnt_plus[1]=9135;		level1_cnt_minus[1]=0
     level1_cnt_plus[2]=3216;		level1_cnt_minus[2]=0
     level1_cnt_plus[3]=0;		level1_cnt_minus[3]=0
     level1_cnt_plus[4]=0;		level1_cnt_minus[4]=0
     level1_cnt_plus[5]=0;		level1_cnt_minus[5]=0
     level1_cnt_plus[6]=0;		level1_cnt_minus[6]=0
     level1_cnt_plus[7]=0;		level1_cnt_minus[7]=0
     level1_cnt_plus[8]=0;		level1_cnt_minus[8]=0
     level1_cnt_plus[9]=0;		level1_cnt_minus[9]=0
FYI: m_iteration_count = 5
FYI: level1 statistics:
     level1_cnt_plus[1]=9135;		level1_cnt_minus[1]=0
     level1_cnt_plus[2]=3216;		level1_cnt_minus[2]=0
     level1_cnt_plus[3]=0;		level1_cnt_minus[3]=0
     level1_cnt_plus[4]=0;		level1_cnt_minus[4]=0
     level1_cnt_plus[5]=0;		level1_cnt_minus[5]=0
     level1_cnt_plus[6]=0;		level1_cnt_minus[6]=0
     level1_cnt_plus[7]=0;		level1_cnt_minus[7]=0
     level1_cnt_plus[8]=0;		level1_cnt_minus[8]=0
     level1_cnt_plus[9]=0;		level1_cnt_minus[9]=0
FYI: level1 statistics:
     level1_cnt_plus[1]=9135;		level1_cnt_minus[1]=0
     level1_cnt_plus[2]=3216;		level1_cnt_minus[2]=0
     level1_cnt_plus[3]=0;		level1_cnt_minus[3]=0
     level1_cnt_plus[4]=0;		level1_cnt_minus[4]=0
     level1_cnt_plus[5]=0;		level1_cnt_minus[5]=0
     level1_cnt_plus[6]=0;		level1_cnt_minus[6]=0
     level1_cnt_plus[7]=0;		level1_cnt_minus[7]=0
     level1_cnt_plus[8]=0;		level1_cnt_minus[8]=0
     level1_cnt_plus[9]=0;		level1_cnt_minus[9]=0

-----------------------------------------------------------------------
U-shapes refinement...
Refinement input: 21939 bricks
Setting regions...OK (0.000 s)
Setting regions...OK (0.000 s)
Refinement result: 22352 bricks (0.011 s)
Collecting and processing rays...OK (0.006 s)
Capturing...OK (0.000 s)
-----------------------------------------------------------------------

-----------------------------------------------------------------------
Equi Distant Refiner:
Equi Distant Refiner takes 0.00 s
-----------------------------------------------------------------------
Building geometry takes 0.729 s
Geometry Fluid.0.
Total		22352
Partial	8139
Fluid		3046
Solid		11102
Bad		65

/-Ray Intersection---------------/ Time	0.421 s
Calls			9305
CorrectRay Calls	0



-----------------------------------------------------------------------
Building geometries takes 0.73 s
-----------------------------------------------------------------------

-----------------------------------------------------------------------
PostBuilding geometries:
-----------------------------------------------------------------------
PostBuilding body-set (0) geometry Fluid.0. (0)...
Collecting and processing rays...OK (0.000 s)
Capturing...OK (0.000 s)
PostBuilding geometry takes 0.001 s
Geometry Fluid.0.
Total		22352
Partial	8139
Fluid		3046
Solid		11102
Bad		65

-----------------------------------------------------------------------
PostBuilding geometries takes 0.002 s
-----------------------------------------------------------------------
Defect ray count	0
FYI: CNarrowChannelRefiner::RedistributeLevel1_step_1: is finished
FYI: level1 statistics:
     level1_cnt_plus[1]=358;		level1_cnt_minus[1]=0
     level1_cnt_plus[2]=11957;		level1_cnt_minus[2]=0
     level1_cnt_plus[3]=0;		level1_cnt_minus[3]=0
     level1_cnt_plus[4]=0;		level1_cnt_minus[4]=0
     level1_cnt_plus[5]=0;		level1_cnt_minus[5]=0
     level1_cnt_plus[6]=0;		level1_cnt_minus[6]=0
     level1_cnt_plus[7]=0;		level1_cnt_minus[7]=0
     level1_cnt_plus[8]=0;		level1_cnt_minus[8]=0
     level1_cnt_plus[9]=0;		level1_cnt_minus[9]=0
FYI: CNarrowChannelRefiner::RedistributeLevel1_step_2: is started
FYI: CNarrowChannelRefiner::RedistributeLevel1_step_2: is finished
FYI: level1 statistics:
     level1_cnt_plus[1]=299;		level1_cnt_minus[1]=0
     level1_cnt_plus[2]=12342;		level1_cnt_minus[2]=0
     level1_cnt_plus[3]=0;		level1_cnt_minus[3]=0
     level1_cnt_plus[4]=0;		level1_cnt_minus[4]=0
     level1_cnt_plus[5]=0;		level1_cnt_minus[5]=0
     level1_cnt_plus[6]=0;		level1_cnt_minus[6]=0
     level1_cnt_plus[7]=0;		level1_cnt_minus[7]=0
     level1_cnt_plus[8]=0;		level1_cnt_minus[8]=0
     level1_cnt_plus[9]=0;		level1_cnt_minus[9]=0
FYI: CNarrowChannelRefiner::RedistributeLevel1_step_3: is started
FYI: CNarrowChannelRefiner::RedistributeLevel1_step_3: is finished
RedistributeLevel1 takes:
FYI: level1 statistics:
     level1_cnt_plus[1]=299;		level1_cnt_minus[1]=0
     level1_cnt_plus[2]=12342;		level1_cnt_minus[2]=2
     level1_cnt_plus[3]=0;		level1_cnt_minus[3]=0
     level1_cnt_plus[4]=0;		level1_cnt_minus[4]=0
     level1_cnt_plus[5]=0;		level1_cnt_minus[5]=0
     level1_cnt_plus[6]=0;		level1_cnt_minus[6]=0
     level1_cnt_plus[7]=0;		level1_cnt_minus[7]=0
     level1_cnt_plus[8]=0;		level1_cnt_minus[8]=0
     level1_cnt_plus[9]=0;		level1_cnt_minus[9]=0
-----------------------------------------------------------------------
MSH format builder (Iteration 0)
-----------------------------------------------------------------------
Memory Working Set Current = 56.18 Mb, Memory Working Set Peak = 67.36 Mb
Process Threads Number: 21
-----------------------------------------------------------------------
Loading geometries triangulation & x-stacks...OK
x-stacks size = 0.67 Mb
Total bricks count: 22352
-----------------------------------------------------------------------
MSH (Real Geometry) format constructor:
	Getting brick sets...OK (0.000 s)
	Min x-stack xeps = 1.02856e-05
	D / dh / eps [axis=0] = (0.122917, 0.000426661, 4.26661e-07)
	D / dh / eps [axis=1] = (0.0583218, 0.000455515, 4.55515e-07)
	D / dh / eps [axis=2] = (0.112909, 0.000440949, 4.40949e-07)
	Time (xeps): 0.000 s
Level 4
	Set (0)  size: 1680
	Set (0)  time: 0.028 s
	Set (1)  size: 1680
	Set (1)  time: 0.022 s
Level 3
	Set (0)  size: 2858
	Set (0)  time: 0.026 s
	Set (1)  size: 2842
	Set (1)  time: 0.023 s
Level 2
	Set (0)  size: 4675
	Set (0)  time: 0.030 s
	Set (1)  size: 4656
	Set (1)  time: 0.028 s
Level 1
	Set (0)  size: 1038
	Set (0)  time: 0.000 s
	Set (1)  size: 1036
	Set (1)  time: 0.000 s
Level 0
	Set (0)  size: 946
	Set (0)  time: 0.000 s
	Set (1)  size: 941
	Set (1)  time: 0.000 s
Result:
	Bricks number:                        22352

	Memory usage:                         5.002 MB
	Memory usage (per brick):             0.229 KB
	Construction time:                    0.161 s

	Topology features:
	------------------
	- High quality bricks                  99.98 % (22348)
	- Medium quality bricks                 0.02 % (4)
	- Bad quality bricks                    0.00 % (0)
	- Ribs corrected bricks                 0.00 % (0)
	- Points with geom-info (bricks)        0.05 % (12)
	- Points with closest-info (bricks)     0.04 % (10)
	- Triangulated by center (bricks)       0.86 % (192)
	- Facet w-faces mergings (bricks)       0.00 % (0)
	- To refine (bricks)                    0.00 % (0)

-----------------------------------------------------------------------
Memory Working Set Current = 85.77 Mb, Memory Working Set Peak = 85.77 Mb
Process Threads Number: 21
-----------------------------------------------------------------------
-----------------------------------------------------------------------
-----------------------------------------------------------------------
MSH --> BCF format (Iteration 0)...
BCF collector...(remove mode=0)
	Time (alloc counter per brick): 0.001 s
	Brick    count: 22352
	Av.f all count: 11372
	Av.s all count: 19553
	Av.f pid count: 8347
	Av.s pid count: 8515
	Faces fs count: 20183
	Faces ff count: 0
	Faces ss count: 0
	Faces bb count: 0
	Faces fe count: 0
	Faces se count: 2242
	Faces fw count: 22425
	Faces af count: 31715
	Faces as count: 61682
	Time (all count): 	0.003 s
	Time (bcf alloc): 	0.002 s
	Time (shifts alloc): 	0.002 s
	Time (shifts init): 	0.002 s
	Time (bcf fill): 	0.009 s
	Time (add av to faces): 0.000 s
	Time (add faces to av): 0.004 s
Time (bcf collect): 		0.022 s
	AV checker...
	Time (check av): 	0.007 s
	Subdomain checker...
		Subdomains construction time: 0.003 s.
		Subdomains sort time: 0.000 s.
			Subdomain 0 (geom_ind=0): 9453 av
			Subdomain 1 (geom_ind=0): 1919 av
			Subdomain 2 (geom_ind=1): 19553 av
		gi: 0, subdomains: 2, real bodies: 2
		gi: 1, subdomains: 1, real bodies: 0
		Defect subdomains: 0
	Time (check subdoms): 	0.003 s
Time (bcf iteration total): 	0.033 s
	Time (fw-nb): 		0.001 s
	Fixed mutual fw-nb:     12090 (bb: 0)
	Time (fw-nb mutual): 	0.002 s
	Time (fw-nb sort): 	0.000 s
	Fw-opt BEFORE total:    22425 (fs=20183, ff=0, ss=0)
	Fw-opt AFTER  total:    13075 (fs=10833, ff=0, ss=0, failed fw/br=12/1, big_curv=26, big_poly=0)
	Fw-opt RESULT:          9350 (res/(fs+ff+ss) = 46.33 %)
	Time (fw-opt): 		0.005 s
	Time (fw-re-order): 	0.002 s
	Time (fw-nb): 		0.007 s
	Fixed mutual fw-nb:     27532 (bb: 0)
	Time (fw-nb mutual): 	0.002 s
	Time (fw-nb sort): 	0.000 s
	Time (rfd fix): 	0.000 s
	Time (av convexity): 	0.003 s
	Time (av small volume): 0.000 s
	Time (diagonal fw-nb): 	0.017 s
	Fixed mutual fw-nb:     0 (bb: 0)
	Time (fw-nb mutual): 	0.001 s
	Time (fw-nb sort): 	0.000 s
	Fluid subdomains: 2
	Faces fw-nb diff sd:    0
	Time (fw-nb diff sd): 	0.002 s
Time (bcf calc): 		0.047 s
-----------------------------------------------------------------------
Time (bcf total): 		0.081 s
-----------------------------------------------------------------------
-----------------------------------------------------------------------
Mega-cv constructor for fluid...
	 219 av's is treated as thin
Relative size generator (threshold = 0.05)...
	Iteration 1 (small cluster count = 754)
	Iteration 2 (small cluster count = 280)
	Iteration 3 (small cluster count = 53)
	Iteration 4 (small cluster count = 6)
	Iteration 5 (small cluster count = 0)
	 737 mega-cv's generated
	 55 mega-cv's removed
Relative size generator is completed OK (0.002 s)
Apply fa-rules to mega-cv clusters fixes...
	Fa-rule violation fixes:       18 of       18 (total cluster# =      692)
OK (0.000 s)
Convert clusters:
	 689 mega-cv's total
Mega-cv count: 689
Time (mega-cv fill): 	0.001 s
Time (mega-cv total): 	0.009 s
-----------------------------------------------------------------------
Mixing plane rotation regions: NO.
Sliding mesh rotation regions: NO.
Fluid/fluid faces: NO.
----------------------------------------------------------
BCF --> BCF.GEOMSUBDOM (bridge arrays):
MESH (0):
	Fluid Subdom Constructor: 2 subdom(s).
	Solid Subdom Constructor: 1 subdom(s).
	Net Asm Subdom Constructor: 0 subdom(s).
	GEOMSUBDOM (0): gi=0 fluid av=9453 cv=8829 fa=26466 fb=0 fw=8494 V=1.979651e-05
	Cache data...OK
	GEOMSUBDOM (1): gi=0 fluid av=1919 cv=1719 fa=5249 fb=0 fw=2339 V=1.875319e-06
	Cache data...OK
	GEOMSUBDOM (2): gi=1 solid av=19553 cv=19553 fa=61682 fb=0 fw=13075 V=7.877424e-04
	Cache data...OK
	Setting nb of w-faces...OK (0.004 s).
	Correcting nb of w-faces...
	Time(correct_fw_nb)=0.003 s

MESH (0) checking:
	GEOMSUBDOM (0):fa_s=0.0357461940519534 fb_s=0.0000000000000000 fw_s=0.0084817995786081 fw_nb=66186
	              :d_const(183)=3.21365e-10 d_linear(183)=1.01828e-09
	GEOMSUBDOM (1):fa_s=0.0037935024804035 fb_s=0.0000000000000000 fw_s=0.0013955443519734 fw_nb=18748
	              :d_const(760)=7.53275e-14 d_linear(1200)=7.42525e-13
	GEOMSUBDOM (2):fa_s=0.3946587324836121 fb_s=0.0000000000000000 fw_s=0.0651417620135548 fw_nb=94432
	              :d_const(399)=7.87507e-11 d_linear(399)=5.10635e-10
MESH (0) checking: OK.
Time (MDS): 	0.039 s
----------------------------------------------------------

-----------------------------------------------------------------------
BCF CHECKSUM DATA (Mesh 0):

WARNING! 231 w-face(s) without RefFacesData.
BRICK |Level1| Sum:               24987
FACE_A Area Sum:   G.Fluid        0.0395396965323569
FACE_A Area Sum:   G.Solid        0.3946587324836121
FACE_W Area Sum:                  0.0651417620135548
FACE_W Nb   Sum:                  94432
FACE_W min curvatures sum:        -3297091.24479294
FACE_W max curvatures sum:        4841360.12965155
AV Max Disbalance(Const) :        1.33861e-09 (cid=430, t={10, 82, 0}, avid=209, pid=174)
AV Max Disbalance(Linear):        1.70196e-09 (cid=2777, t={287, 83, 42}, avid=1286, pid=1015)
-----------------------------------------------------------------------


-----------------------------------------------------------------------
MESHER TOPOLOGY DATA:

BRICKS: Total                 22352
BRICKS: 1-CV                  14063
BRICKS: 2-CV                  8005
BRICKS: 3-CV                  284
BRICKS: Bad                   0

AV:     G.Total               30925
AV:     G.Fluid               11372
AV:     G.Solid               19553

AV:     G.Fluid Thin Profile    1.99 % (226)
AV:     G.Solid Thin Profile    0.30 % (58)

AV:     G.Fluid Thin For Mega   1.93 % (219)
AV:     G.Solid Thin For Mega   0.27 % (52)

AV:     G.Fluid Non-Convex     21.10 % (2400)
AV:     G.Solid Non-Convex     20.42 % (3992)

AV:     G.Fluid Non-Ess-Convex      5.77 % (656)
AV:     G.Solid Non-Ess-Convex      7.07 % (1383)

FACE_A: G.Fluid          (af) 31715 (partially opened 18067)
FACE_A: G.Solid          (as) 61682 (partially opened 18232)

FACE_B: G.Total          (b)  0

FACE_W: G.Total                 13075       Brick/Bound
FACE_W: G.Fluid/Solid    (fs_g) 10833       0           
FACE_W: G.Fluid/Fluid    (ff_g) 0           0           
FACE_W: G.Solid/Solid    (ss_g) 0           0           
FACE_W: G.Fluid/External (fe_g) 0
FACE_W: G.Solid/External (se_g) 2242

AV/CV max fa count (on brick side):6
AV/CV max fw count:                6
AV/CV max fb count:                0
AV/CV max fw poly count:           31

MEMORY: Total                   10.839 MB
MEMORY: Per Brick               0.497 KB
-----------------------------------------------------------------------

-----------------------------------------------------------------------
Connectivities information:
	Number of conns: 0
-----------------------------------------------------------------------
	Time (gap size): 	0.022 s
-----------------------------------------------------------------------
Calculating curvature and tolerance criteria...
Curvature: min=0 max=3.13312
Tolerance: min=0 max=0.000386955
Calculating curvature and tolerance criteria takes 0.151 s
-----------------------------------------------------------------------
MESH Build(FS) finished. Time=1.447 s
-----------------------------------------------------------------------
Current CPU = 1 sec

Nx=18
Ny=8
Nz=16
Max BRICK Level=4
Mesh Level=4
-----------------CModelBodies2MeshMapper::CollectData started -------------------------------
-----------------CModelBodies2MeshMapper Report -------------------------------
FluidDomains 2 SolidDomains 1 VoidDomains 0 
Domains RefIndexes
Domain 0, Index count 19
Domain 1, Index count 42
Domain 2, Index count 61
----------------- -------------------------------
	ModelBodies
Total resolved Bodies 0 BodySets 0

--------------------------------------------------------------------------
	Positive geometry Bodies
Total resolved Bodies 2 BodySets 2
BodySet 0
	Bodies list:
			#0	Name: ;	ID: 7bca8847-279d-4750-a66c-805256e02283
	Domains list:		 1 
BodySet 1
	Bodies list:
			#0	Name: ;	ID: 3c6bbcbe-4a61-495d-9cab-32896ea1b47d
	Domains list:		 0 

--------------------------------------------------------------------------
	Fluid regions
Total resolved Bodies 2 BodySets 1
BodySet 0	Material: Water; 
	Bodies list:
			#0	Name: ;	ID: 7bca8847-279d-4750-a66c-805256e02283
			#1	Name: ;	ID: 3c6bbcbe-4a61-495d-9cab-32896ea1b47d
	Domains list:		 0 		 1 

--------------------------------------------------------------------------
-----------------CModelBodies2MeshMapper::CollectData finished successfully-------------------
Saving initial mesh in: N:\Downloads\GitHub\liquid-propellant-engine\2kN Heat Sink Engine\Simulation Only\1\Parametric Study 2\16\16.fld .
Storing results...
Estimated CPT size=5.401 MB.
	Time (write bcf): 1.081 s
OK
-----------------------------------------------------------------------
Memory Working Set Current = 104.40 Mb, Memory Working Set Peak = 104.41 Mb
Process Threads Number: 21
-----------------------------------------------------------------------
Cleaning memory...
		Time (free xsl):                    	0.002 s
Free Geometry DB takes 0.000 s
	Time (free bcf): 	0.009 s
		Time (free bcf mesh):               	0.023 s
	Time (free mesher data):              	0.027 s
Copying... OK
Mesh generation normally finished at	9.4.2021	16:57:48
Mesher CPU = 2 sec
Mesher is finished at	9.4.2021	16:57:48
-----------------------------------------------------------------------
Memory Working Set Current = 49.50 Mb, Memory Working Set Peak = 104.80 Mb
Process Threads Number: 21
-----------------------------------------------------------------------
Algebra Pool      : mem_usage = 0.75 Mb, allocated count = 0
Log ended at 09.04.2021	16:57:48
