Log started at 09.04.2021	17:05:54
Number of used processors (NPROC): 8.
Number of mesh partitions (NPART): 8.
Total Physical Memory = 15.93 Gb, Available Physical Memory = 10.54 Gb
Computer name:	MCAE02
Operating system:	Windows 10 (or higher) (Version 10.0.18363)

SOLIDWORKS 2020 SP4.0
Flow Simulation 2020  x64 / 4995 / MESHER ver. efd_dev.4663_05.07.2019 

Project: N:\Downloads\GitHub\liquid-propellant-engine\2kN Heat Sink Engine\Simulation Only\1\Parametric Study 2\21\21.xmlconfig
Configuration name: Default
Project name: Single Fluid (Water Substitute)
NGK: OFF
MBO: OFF

Mesh generation started:	9.4.2021	17:5:54
-----------------------------------------------------------------------
Mesher option run = eRunMesherNormal
-----------------------------------------------------------------------
Current CPU = 0 sec
-----------------------------------------------------------------------
Geometries initialization:
-----------------------------------------------------------------------
Loading mesh settings (global/local)...
-----------------------------------------------------------------------
Number of geometries from DB: 1
Geometry(0):
	Guid = {00000000-0000-0000-0000-000000000000}
	Fluid..
	1 Body.
	2 Real bodies.
	-- Bodyset 0 --
		Tolerance=3.3166e-05.
		103 Face(s).
			103 of b-spline type.
		0 Face(s) that have no ref faces
		13 Plane surface(s).
		33 Cylinder surface(s).
		5 Cone surface(s).
		4 Torus surface(s).
		48 B- surface(s).
		15070 Triangle(s).
		Getting triangle connectivities from DB: 0.002 s
		214 Edge(s).
			214 of b-spline type.
		BodyGeom reading: 0.022 s.
		61 Reference Face(s).
		10278 Reference Triangles.
		Getting triangle connectivities from DB (Ref): 0.001 s
		BodyGeom Ref reading: 0.002 s.
		Getting triangle connectivities from DB (Extra Triangulation): 0.002 s
Geometry(1):
	Solid.
	-- Bodyset 1 --
	Empty
-----------------------------------------------------------------------
Number of geometries in task: 2
Number of bodysets   in task: 2
-----------------------------------------------------------------------
	Making hash and connectivity for Bodyset ...
		CBodyGeom:
		Hash size: {18, 30, 16}.
		Mesh size: {18, 10, 16}.
		Hashing triangles...Ok.
			axis(0) tr sizes: average=64 max=4822
			axis(1) tr sizes: average=83 max=2819
			axis(2) tr sizes: average=58 max=4871
		Number of t-connected sets:3
			(0) size=12
			(1) size=8218 cavity
			(2) size=6840 cavity
		Done.
		CBodyGeomRef:
		Hashing triangles...Ok.
			axis(0) tr sizes: average=245 max=2265
			axis(1) tr sizes: average=203 max=2175
			axis(2) tr sizes: average=235 max=2551
		Done.
	0.0153 s.
Geometries reading and preparing has taken 0.046 s.

Mapped triangles:
Hashing geometries triangles
	Triangles num=15070
	Triangles box={0.0239438  ,0.148451  ,0.150405  ,0.213382  ,0.102188  ,0.216558  }
		3d-hash size is 116640 bytes
Hashing peculiar surfaces triangles
	Triangles num=37
	Triangles box={0.024018  ,0.0307351  ,0.185147  ,0.196579  ,0.102187  ,0.111432  }
		3d-hash size is 11880 bytes
	Triangles num=37
	Triangles box={0.0702151  ,0.0815803  ,0.185147  ,0.196579  ,0.215167  ,0.216361  }
		3d-hash size is 11980 bytes
	Triangles num=37
	Triangles box={0.14367  ,0.148319  ,0.185147  ,0.196579  ,0.114046  ,0.124486  }
		3d-hash size is 11980 bytes
	Triangles num=37
	Triangles box={0.0773704  ,0.0888028  ,0.213256  ,0.213256  ,0.141572  ,0.153  }
		3d-hash size is 11952 bytes
	Triangles num=30
	Triangles box={0.0831231  ,0.0845875  ,0.152151  ,0.153648  ,0.141933  ,0.142147  }
		3d-hash size is 11648 bytes
	Triangles num=30
	Triangles box={0.0784758  ,0.0793933  ,0.152151  ,0.153648  ,0.143416  ,0.144577  }
		3d-hash size is 11684 bytes
	Triangles num=30
	Triangles box={0.0857921  ,0.0869533  ,0.152151  ,0.153648  ,0.142666  ,0.143583  }
		3d-hash size is 11684 bytes
	Triangles num=30
	Triangles box={0.0877369  ,0.0882838  ,0.152151  ,0.153648  ,0.144635  ,0.14601  }
		3d-hash size is 11684 bytes
	Triangles num=30
	Triangles box={0.0778954  ,0.0784423  ,0.152151  ,0.153648  ,0.148549  ,0.149924  }
		3d-hash size is 11648 bytes
	Triangles num=30
	Triangles box={0.0843588  ,0.085734  ,0.152151  ,0.153648  ,0.151927  ,0.152474  }
		3d-hash size is 11672 bytes
	Triangles num=30
	Triangles box={0.0815917  ,0.0830561  ,0.152151  ,0.153648  ,0.152413  ,0.152627  }
		3d-hash size is 11648 bytes
	Triangles num=30
	Triangles box={0.0792259  ,0.0803871  ,0.152151  ,0.153648  ,0.150976  ,0.151894  }
		3d-hash size is 11676 bytes
	Triangles num=30
	Triangles box={0.0867859  ,0.0877034  ,0.152151  ,0.153648  ,0.149982  ,0.151143  }
		3d-hash size is 11648 bytes
	Triangles num=30
	Triangles box={0.0804451  ,0.0818203  ,0.152151  ,0.153648  ,0.142085  ,0.142632  }
		3d-hash size is 11648 bytes
	Triangles num=30
	Triangles box={0.0882225  ,0.0884365  ,0.152151  ,0.153648  ,0.147313  ,0.148778  }
		3d-hash size is 11648 bytes
	Triangles num=30
	Triangles box={0.0777427  ,0.0779566  ,0.152151  ,0.153648  ,0.145782  ,0.147246  }
		3d-hash size is 11648 bytes
	Triangles num=78
	Triangles box={0.0769688  ,0.0892111  ,0.173621  ,0.173621  ,0.141158  ,0.153401  }
		3d-hash size is 11936 bytes
Mapped triangles processed in 0.016 s.
-----------------------------------------------------------------------
Getting sectors:
Number of sectors: 0
-----------------------------------------------------------------------
-----------------------------------------------------------------------

Current CPU = 0 sec

-----------------------------------------------------------------------
Mesh dimensions:
				I[0 ]=18
				I[1 ]=10
				I[2 ]=16

Comp. domain size:
				a[0  ]=0.0240681
				a[1  ]=0.148327
				a[2  ]=0.150468
				a[3  ]=0.213319
				a[4  ]=0.102303
				a[5  ]=0.216444

Fluid calculated			1
Solid calculated			0
-----------------------------------------------------------------------
MESH Build started...
-----------------------------------------------------------------------
Mesh LEVEL = 4
-----------------------------------------------------------------------
Setting regions...OK (0.000 s)
Base mesh info------------------
	2D flag  =0
	Period   =[0, 0, 0]
	Nx=18
		x[0]=0.0240681
		x[1]=0.0309735
		x[2]=0.0378768
		x[3]=0.0447801
		x[4]=0.0516833
		x[5]=0.0585866
		x[6]=0.0654899
		x[7]=0.0723932
		x[8]=0.0792964
		x[9]=0.0861997
		x[10]=0.093103
		x[11]=0.100006
		x[12]=0.10691
		x[13]=0.113813
		x[14]=0.120716
		x[15]=0.127619
		x[16]=0.134523
		x[17]=0.141426
		x[18]=0.148327
	Ny=10
		y[0]=0.150468
		y[1]=0.156755
		y[2]=0.16304
		y[3]=0.169325
		y[4]=0.17561
		y[5]=0.181895
		y[6]=0.18818
		y[7]=0.194465
		y[8]=0.20075
		y[9]=0.207035
		y[10]=0.213319
	Nz=16
		z[0]=0.102303
		z[1]=0.109438
		z[2]=0.116572
		z[3]=0.123706
		z[4]=0.13084
		z[5]=0.137973
		z[6]=0.145107
		z[7]=0.152241
		z[8]=0.159375
		z[9]=0.166509
		z[10]=0.173643
		z[11]=0.180776
		z[12]=0.18791
		z[13]=0.195044
		z[14]=0.202178
		z[15]=0.209312
		z[16]=0.216444
End of base mesh info---------
Input_mesh_settings--------------------------------
Settings 0----------------
	Scope: GLOBAL
	Type:	------MESHER_SETTINGS----------
	RefAllCells           =0
	RefFluidCells         =0
	RefPartCells          =0
	RefSolidCells         =0
	l_SSFR(Capture crit)  =4
	l_curv(Curvature crit)=0
	l_tol(Tolerance crit) =4
	  k_tol               =0.000377956
	UseChannelRef         =1
	  NCR_method          =0
	  l_NCR               =2
	  N_gap               =5
	  Use d_NCR_min       =0
	  Use d_NCR_max       =0
	IgnoreThinChannelsHeight         =0
	--END_OF_MESHER_SETTINGS-------
End of input mesh settings-------------------------

-----------------------------------------------------------------------
Building geometries:
-----------------------------------------------------------------------
Building body-set (0) of geometry Fluid.0.(0). ...

-----------------------------------------------------------------------
Refining by triangulation...
Refinement input: 2880 bricks
Setting regions...OK (0.000 s)
Setting regions...OK (0.000 s)
Setting regions...OK (0.000 s)
Setting regions...OK (0.000 s)
Setting regions...OK (0.000 s)
Refinement result: 19358 bricks (0.101 s)
Refinement input: 19358 bricks
Refinement result: 19358 bricks (0.003 s)
Collecting and processing rays...OK (0.078 s)
Capturing...OK (0.003 s)
Refining by triangulation takes 0.186 s
-----------------------------------------------------------------------

-----------------------------------------------------------------------
Refining peculiar surfaces...
Refinement input: 19358 bricks
Setting regions...OK (0.000 s)
Refinement result: 19400 bricks (0.004 s)
Refinement input: 19400 bricks
Setting regions...OK (0.000 s)
Refinement result: 19442 bricks (0.005 s)
Refinement input: 19442 bricks
Setting regions...OK (0.000 s)
Refinement result: 19456 bricks (0.003 s)
Refinement input: 19456 bricks
Setting regions...OK (0.000 s)
Refinement result: 19498 bricks (0.003 s)
Refinement input: 19498 bricks
Setting regions...OK (0.000 s)
Refinement result: 19568 bricks (0.004 s)
Refinement input: 19568 bricks
Setting regions...OK (0.000 s)
Refinement result: 19575 bricks (0.002 s)
Refinement input: 19575 bricks
Setting regions...OK (0.000 s)
Refinement result: 19652 bricks (0.003 s)
Refinement input: 19652 bricks
Setting regions...OK (0.000 s)
Refinement result: 19708 bricks (0.003 s)
Refinement input: 19708 bricks
Setting regions...OK (0.000 s)
Refinement result: 19750 bricks (0.004 s)
7 surfaces refined
Refining peculiar surfaces takes 0.06 s
-----------------------------------------------------------------------
Collecting and processing rays...OK (0.002 s)
Capturing...OK (0.000 s)
Collecting and processing rays...OK (0.000 s)
Capturing...OK (0.000 s)
Collecting and processing rays...OK (0.000 s)
Capturing...OK (0.000 s)

-----------------------------------------------------------------------
Base mesh 1 Refining...
Refinement input: 19750 bricks
Refinement result: 19750 bricks (0.000 s)
Collecting and processing rays...OK (0.000 s)
Capturing...OK (0.000 s)
-----------------------------------------------------------------------
Refining channels...
FYI: CNarrowChannelRefiner::RefineChannels_PRLL
Refinement input: 19750 bricks
Setting regions...OK (0.000 s)
Refinement result: 21591 bricks (0.002 s)
Collecting and processing rays...OK (0.003 s)
Capturing...OK (0.001 s)
FYI: m_iteration_count = 0
FYI: level1 statistics:
     level1_cnt_plus[1]=2104;		level1_cnt_minus[1]=0
     level1_cnt_plus[2]=0;		level1_cnt_minus[2]=0
     level1_cnt_plus[3]=0;		level1_cnt_minus[3]=0
     level1_cnt_plus[4]=0;		level1_cnt_minus[4]=0
     level1_cnt_plus[5]=0;		level1_cnt_minus[5]=0
     level1_cnt_plus[6]=0;		level1_cnt_minus[6]=0
     level1_cnt_plus[7]=0;		level1_cnt_minus[7]=0
     level1_cnt_plus[8]=0;		level1_cnt_minus[8]=0
     level1_cnt_plus[9]=0;		level1_cnt_minus[9]=0
Refinement input: 21591 bricks
Setting regions...OK (0.000 s)
Refinement result: 21871 bricks (0.003 s)
Collecting and processing rays...OK (0.001 s)
Capturing...OK (0.000 s)
FYI: m_iteration_count = 1
FYI: level1 statistics:
     level1_cnt_plus[1]=2397;		level1_cnt_minus[1]=0
     level1_cnt_plus[2]=24;		level1_cnt_minus[2]=0
     level1_cnt_plus[3]=0;		level1_cnt_minus[3]=0
     level1_cnt_plus[4]=0;		level1_cnt_minus[4]=0
     level1_cnt_plus[5]=0;		level1_cnt_minus[5]=0
     level1_cnt_plus[6]=0;		level1_cnt_minus[6]=0
     level1_cnt_plus[7]=0;		level1_cnt_minus[7]=0
     level1_cnt_plus[8]=0;		level1_cnt_minus[8]=0
     level1_cnt_plus[9]=0;		level1_cnt_minus[9]=0
Refinement input: 21871 bricks
Setting regions...OK (0.000 s)
Refinement result: 21892 bricks (0.003 s)
Collecting and processing rays...OK (0.000 s)
Capturing...OK (0.000 s)
FYI: m_iteration_count = 2
FYI: level1 statistics:
     level1_cnt_plus[1]=2421;		level1_cnt_minus[1]=0
     level1_cnt_plus[2]=24;		level1_cnt_minus[2]=0
     level1_cnt_plus[3]=0;		level1_cnt_minus[3]=0
     level1_cnt_plus[4]=0;		level1_cnt_minus[4]=0
     level1_cnt_plus[5]=0;		level1_cnt_minus[5]=0
     level1_cnt_plus[6]=0;		level1_cnt_minus[6]=0
     level1_cnt_plus[7]=0;		level1_cnt_minus[7]=0
     level1_cnt_plus[8]=0;		level1_cnt_minus[8]=0
     level1_cnt_plus[9]=0;		level1_cnt_minus[9]=0
FYI: m_iteration_count = 3
FYI: level1 statistics:
     level1_cnt_plus[1]=2421;		level1_cnt_minus[1]=0
     level1_cnt_plus[2]=24;		level1_cnt_minus[2]=0
     level1_cnt_plus[3]=0;		level1_cnt_minus[3]=0
     level1_cnt_plus[4]=0;		level1_cnt_minus[4]=0
     level1_cnt_plus[5]=0;		level1_cnt_minus[5]=0
     level1_cnt_plus[6]=0;		level1_cnt_minus[6]=0
     level1_cnt_plus[7]=0;		level1_cnt_minus[7]=0
     level1_cnt_plus[8]=0;		level1_cnt_minus[8]=0
     level1_cnt_plus[9]=0;		level1_cnt_minus[9]=0
Refinement input: 21892 bricks
Setting regions...OK (0.000 s)
Refinement result: 26162 bricks (0.003 s)
Collecting and processing rays...OK (0.007 s)
Capturing...OK (0.001 s)
FYI: m_iteration_count = 4
FYI: level1 statistics:
     level1_cnt_plus[1]=7157;		level1_cnt_minus[1]=0
     level1_cnt_plus[2]=152;		level1_cnt_minus[2]=0
     level1_cnt_plus[3]=0;		level1_cnt_minus[3]=0
     level1_cnt_plus[4]=0;		level1_cnt_minus[4]=0
     level1_cnt_plus[5]=0;		level1_cnt_minus[5]=0
     level1_cnt_plus[6]=0;		level1_cnt_minus[6]=0
     level1_cnt_plus[7]=0;		level1_cnt_minus[7]=0
     level1_cnt_plus[8]=0;		level1_cnt_minus[8]=0
     level1_cnt_plus[9]=0;		level1_cnt_minus[9]=0
FYI: m_iteration_count = 5
FYI: level1 statistics:
     level1_cnt_plus[1]=7157;		level1_cnt_minus[1]=0
     level1_cnt_plus[2]=152;		level1_cnt_minus[2]=0
     level1_cnt_plus[3]=0;		level1_cnt_minus[3]=0
     level1_cnt_plus[4]=0;		level1_cnt_minus[4]=0
     level1_cnt_plus[5]=0;		level1_cnt_minus[5]=0
     level1_cnt_plus[6]=0;		level1_cnt_minus[6]=0
     level1_cnt_plus[7]=0;		level1_cnt_minus[7]=0
     level1_cnt_plus[8]=0;		level1_cnt_minus[8]=0
     level1_cnt_plus[9]=0;		level1_cnt_minus[9]=0
FYI: level1 statistics:
     level1_cnt_plus[1]=7157;		level1_cnt_minus[1]=0
     level1_cnt_plus[2]=152;		level1_cnt_minus[2]=0
     level1_cnt_plus[3]=0;		level1_cnt_minus[3]=0
     level1_cnt_plus[4]=0;		level1_cnt_minus[4]=0
     level1_cnt_plus[5]=0;		level1_cnt_minus[5]=0
     level1_cnt_plus[6]=0;		level1_cnt_minus[6]=0
     level1_cnt_plus[7]=0;		level1_cnt_minus[7]=0
     level1_cnt_plus[8]=0;		level1_cnt_minus[8]=0
     level1_cnt_plus[9]=0;		level1_cnt_minus[9]=0

-----------------------------------------------------------------------
U-shapes refinement...
Refinement input: 26162 bricks
Setting regions...OK (0.000 s)
Refinement result: 26330 bricks (0.009 s)
Collecting and processing rays...OK (0.003 s)
Capturing...OK (0.000 s)
-----------------------------------------------------------------------

-----------------------------------------------------------------------
Equi Distant Refiner:
Equi Distant Refiner takes 0.00 s
-----------------------------------------------------------------------
Building geometry takes 0.737 s
Geometry Fluid.0.
Total		26330
Partial	9404
Fluid		4679
Solid		12175
Bad		72

/-Ray Intersection---------------/ Time	0.384 s
Calls			9763
CorrectRay Calls	0



-----------------------------------------------------------------------
Building geometries takes 0.738 s
-----------------------------------------------------------------------

-----------------------------------------------------------------------
PostBuilding geometries:
-----------------------------------------------------------------------
PostBuilding body-set (0) geometry Fluid.0. (0)...
Collecting and processing rays...OK (0.000 s)
Capturing...OK (0.000 s)
PostBuilding geometry takes 0.001 s
Geometry Fluid.0.
Total		26330
Partial	9404
Fluid		4679
Solid		12175
Bad		72

-----------------------------------------------------------------------
PostBuilding geometries takes 0.002 s
-----------------------------------------------------------------------
Defect ray count	0
FYI: CNarrowChannelRefiner::RedistributeLevel1_step_1: is finished
FYI: level1 statistics:
     level1_cnt_plus[1]=1163;		level1_cnt_minus[1]=0
     level1_cnt_plus[2]=6142;		level1_cnt_minus[2]=0
     level1_cnt_plus[3]=0;		level1_cnt_minus[3]=0
     level1_cnt_plus[4]=0;		level1_cnt_minus[4]=0
     level1_cnt_plus[5]=0;		level1_cnt_minus[5]=0
     level1_cnt_plus[6]=0;		level1_cnt_minus[6]=0
     level1_cnt_plus[7]=0;		level1_cnt_minus[7]=0
     level1_cnt_plus[8]=0;		level1_cnt_minus[8]=0
     level1_cnt_plus[9]=0;		level1_cnt_minus[9]=0
FYI: CNarrowChannelRefiner::RedistributeLevel1_step_2: is started
FYI: CNarrowChannelRefiner::RedistributeLevel1_step_2: is finished
FYI: level1 statistics:
     level1_cnt_plus[1]=2042;		level1_cnt_minus[1]=0
     level1_cnt_plus[2]=10987;		level1_cnt_minus[2]=0
     level1_cnt_plus[3]=0;		level1_cnt_minus[3]=0
     level1_cnt_plus[4]=0;		level1_cnt_minus[4]=0
     level1_cnt_plus[5]=0;		level1_cnt_minus[5]=0
     level1_cnt_plus[6]=0;		level1_cnt_minus[6]=0
     level1_cnt_plus[7]=0;		level1_cnt_minus[7]=0
     level1_cnt_plus[8]=0;		level1_cnt_minus[8]=0
     level1_cnt_plus[9]=0;		level1_cnt_minus[9]=0
FYI: CNarrowChannelRefiner::RedistributeLevel1_step_3: is started
FYI: CNarrowChannelRefiner::RedistributeLevel1_step_3: is finished
RedistributeLevel1 takes:
FYI: level1 statistics:
     level1_cnt_plus[1]=2042;		level1_cnt_minus[1]=1605
     level1_cnt_plus[2]=10987;		level1_cnt_minus[2]=1853
     level1_cnt_plus[3]=0;		level1_cnt_minus[3]=0
     level1_cnt_plus[4]=0;		level1_cnt_minus[4]=0
     level1_cnt_plus[5]=0;		level1_cnt_minus[5]=0
     level1_cnt_plus[6]=0;		level1_cnt_minus[6]=0
     level1_cnt_plus[7]=0;		level1_cnt_minus[7]=0
     level1_cnt_plus[8]=0;		level1_cnt_minus[8]=0
     level1_cnt_plus[9]=0;		level1_cnt_minus[9]=0
-----------------------------------------------------------------------
MSH format builder (Iteration 0)
-----------------------------------------------------------------------
Memory Working Set Current = 57.35 Mb, Memory Working Set Peak = 71.75 Mb
Process Threads Number: 21
-----------------------------------------------------------------------
Loading geometries triangulation & x-stacks...OK
x-stacks size = 0.71 Mb
Total bricks count: 26330
-----------------------------------------------------------------------
MSH (Real Geometry) format constructor:
	Getting brick sets...OK (0.001 s)
	Min x-stack xeps = 1.44122e-06
	D / dh / eps [axis=0] = (0.124259, 0.000431319, 4.31319e-07)
	D / dh / eps [axis=1] = (0.0628506, 0.000392709, 3.92709e-07)
	D / dh / eps [axis=2] = (0.114141, 0.000445763, 4.45763e-07)
	Time (xeps): 0.000 s
Level 4
	Set (0)  size: 1824
	Set (0)  time: 0.029 s
	Set (1)  size: 1824
	Set (1)  time: 0.024 s
Level 3
	Set (0)  size: 2805
	Set (0)  time: 0.024 s
	Set (1)  size: 2803
	Set (1)  time: 0.023 s
Level 2
	Set (0)  size: 6227
	Set (0)  time: 0.034 s
	Set (1)  size: 6239
	Set (1)  time: 0.034 s
Level 1
	Set (0)  size: 1106
	Set (0)  time: 0.000 s
	Set (1)  size: 1105
	Set (1)  time: 0.000 s
Level 0
	Set (0)  size: 1201
	Set (0)  time: 0.000 s
	Set (1)  size: 1196
	Set (1)  time: 0.000 s
Result:
	Bricks number:                        26330

	Memory usage:                         5.639 MB
	Memory usage (per brick):             0.219 KB
	Construction time:                    0.172 s

	Topology features:
	------------------
	- High quality bricks                  99.98 % (26326)
	- Medium quality bricks                 0.02 % (4)
	- Bad quality bricks                    0.00 % (0)
	- Ribs corrected bricks                 0.00 % (0)
	- Points with geom-info (bricks)        0.06 % (17)
	- Points with closest-info (bricks)     0.03 % (9)
	- Triangulated by center (bricks)       0.69 % (182)
	- Facet w-faces mergings (bricks)       0.00 % (0)
	- To refine (bricks)                    0.00 % (0)

-----------------------------------------------------------------------
Memory Working Set Current = 91.40 Mb, Memory Working Set Peak = 91.41 Mb
Process Threads Number: 21
-----------------------------------------------------------------------
-----------------------------------------------------------------------
-----------------------------------------------------------------------
MSH --> BCF format (Iteration 0)...
BCF collector...(remove mode=0)
	Time (alloc counter per brick): 0.001 s
	Brick    count: 26330
	Av.f all count: 14262
	Av.s all count: 21874
	Av.f pid count: 9604
	Av.s pid count: 9742
	Faces fs count: 22182
	Faces ff count: 0
	Faces ss count: 0
	Faces bb count: 0
	Faces fe count: 0
	Faces se count: 2549
	Faces fw count: 24731
	Faces af count: 39783
	Faces as count: 68193
	Time (all count): 	0.004 s
	Time (bcf alloc): 	0.001 s
	Time (shifts alloc): 	0.002 s
	Time (shifts init): 	0.002 s
	Time (bcf fill): 	0.011 s
	Time (add av to faces): 0.000 s
	Time (add faces to av): 0.004 s
Time (bcf collect): 		0.026 s
	AV checker...
	Time (check av): 	0.011 s
	Subdomain checker...
		Subdomains construction time: 0.004 s.
		Subdomains sort time: 0.000 s.
			Subdomain 0 (geom_ind=0): 11895 av
			Subdomain 1 (geom_ind=0): 2367 av
			Subdomain 2 (geom_ind=1): 21874 av
		gi: 0, subdomains: 2, real bodies: 2
		gi: 1, subdomains: 1, real bodies: 0
		Defect subdomains: 0
	Time (check subdoms): 	0.004 s
Time (bcf iteration total): 	0.042 s
	Time (fw-nb): 		0.002 s
	Fixed mutual fw-nb:     12857 (bb: 0)
	Time (fw-nb mutual): 	0.002 s
	Time (fw-nb sort): 	0.000 s
	Fw-opt BEFORE total:    24731 (fs=22182, ff=0, ss=0)
	Fw-opt AFTER  total:    14787 (fs=12238, ff=0, ss=0, failed fw/br=3/0, big_curv=45, big_poly=0)
	Fw-opt RESULT:          9944 (res/(fs+ff+ss) = 44.83 %)
	Time (fw-opt): 		0.006 s
	Time (fw-re-order): 	0.002 s
	Time (fw-nb): 		0.008 s
	Fixed mutual fw-nb:     30902 (bb: 0)
	Time (fw-nb mutual): 	0.002 s
	Time (fw-nb sort): 	0.000 s
	Time (rfd fix): 	0.000 s
	Time (av convexity): 	0.004 s
	Time (av small volume): 0.000 s
	Time (diagonal fw-nb): 	0.019 s
	Fixed mutual fw-nb:     0 (bb: 0)
	Time (fw-nb mutual): 	0.002 s
	Time (fw-nb sort): 	0.000 s
	Fluid subdomains: 2
	Faces fw-nb diff sd:    0
	Time (fw-nb diff sd): 	0.003 s
Time (bcf calc): 		0.054 s
-----------------------------------------------------------------------
Time (bcf total): 		0.097 s
-----------------------------------------------------------------------
-----------------------------------------------------------------------
Mega-cv constructor for fluid...
	 195 av's is treated as thin
Relative size generator (threshold = 0.05)...
	Iteration 1 (small cluster count = 884)
	Iteration 2 (small cluster count = 341)
	Iteration 3 (small cluster count = 68)
	Iteration 4 (small cluster count = 21)
	Iteration 5 (small cluster count = 3)
	Iteration 6 (small cluster count = 1)
	Iteration 7 (small cluster count = 0)
	 856 mega-cv's generated
	 48 mega-cv's removed
Relative size generator is completed OK (0.003 s)
Apply fa-rules to mega-cv clusters fixes...
	Fa-rule violation fixes:       16 of       17 (total cluster# =      822)
OK (0.001 s)
Convert clusters:
	 811 mega-cv's total
Mega-cv count: 811
Time (mega-cv fill): 	0.002 s
WARNING! Mega-cv normal-direction rule violation counts: rule-I = 1, rule-II = 0
Time (mega-cv total): 	0.012 s
-----------------------------------------------------------------------
Mixing plane rotation regions: NO.
Sliding mesh rotation regions: NO.
Fluid/fluid faces: NO.
----------------------------------------------------------
BCF --> BCF.GEOMSUBDOM (bridge arrays):
MESH (0):
	Fluid Subdom Constructor: 2 subdom(s).
	Solid Subdom Constructor: 1 subdom(s).
	Net Asm Subdom Constructor: 0 subdom(s).
	GEOMSUBDOM (0): gi=0 fluid av=11895 cv=11166 fa=33254 fb=0 fw=9396 V=2.672804e-05
	Cache data...OK
	GEOMSUBDOM (1): gi=0 fluid av=2367 cv=2148 fa=6529 fb=0 fw=2842 V=1.983785e-06
	Cache data...OK
	GEOMSUBDOM (2): gi=1 solid av=21874 cv=21874 fa=68193 fb=0 fw=14787 V=8.627047e-04
	Cache data...OK
	Setting nb of w-faces...OK (0.005 s).
	Correcting nb of w-faces...
	Time(correct_fw_nb)=0.004 s

MESH (0) checking:
	GEOMSUBDOM (0):fa_s=0.0494848040749010 fb_s=0.0000000000000000 fw_s=0.0099437401544197 fw_nb=73558
	              :d_const(370)=6.50916e-10 d_linear(370)=9.82866e-10
	GEOMSUBDOM (1):fa_s=0.0041875907925262 fb_s=0.0000000000000000 fw_s=0.0014758036166463 fw_nb=23146
	              :d_const(593)=9.45776e-14 d_linear(73)=1.0213e-12
	GEOMSUBDOM (2):fa_s=0.4437776896862737 fb_s=0.0000000000000000 fw_s=0.0697529720579572 fw_nb=107518
	              :d_const(716)=1.19957e-10 d_linear(17944)=1.07093e-09
MESH (0) checking: OK.
Time (MDS): 	0.046 s
----------------------------------------------------------

-----------------------------------------------------------------------
BCF CHECKSUM DATA (Mesh 0):

WARNING! 277 w-face(s) without RefFacesData.
BRICK |Level1| Sum:               29327
FACE_A Area Sum:   G.Fluid        0.0536723948674272
FACE_A Area Sum:   G.Solid        0.4437776896862740
FACE_W Area Sum:                  0.0697529720579572
FACE_W Nb   Sum:                  107518
FACE_W min curvatures sum:        -3368548.50124097
FACE_W max curvatures sum:        5765879.72401619
AV Max Disbalance(Const) :        5.68435e-09 (cid=1304, t={0, 108, 18}, avid=578, pid=468)
AV Max Disbalance(Linear):        5.60599e-09 (cid=1304, t={0, 108, 18}, avid=578, pid=468)
-----------------------------------------------------------------------


-----------------------------------------------------------------------
MESHER TOPOLOGY DATA:

BRICKS: Total                 26330
BRICKS: 1-CV                  16790
BRICKS: 2-CV                  9276
BRICKS: 3-CV                  262
BRICKS: 4-CV                  2
BRICKS: Bad                   0

AV:     G.Total               36136
AV:     G.Fluid               14262
AV:     G.Solid               21874

AV:     G.Fluid Thin Profile    1.42 % (202)
AV:     G.Solid Thin Profile    0.28 % (62)

AV:     G.Fluid Thin For Mega   1.37 % (195)
AV:     G.Solid Thin For Mega   0.27 % (58)

AV:     G.Fluid Non-Convex     19.93 % (2843)
AV:     G.Solid Non-Convex     18.70 % (4090)

AV:     G.Fluid Non-Ess-Convex      5.10 % (727)
AV:     G.Solid Non-Ess-Convex      6.61 % (1445)

FACE_A: G.Fluid          (af) 39783 (partially opened 20552)
FACE_A: G.Solid          (as) 68193 (partially opened 20653)

FACE_B: G.Total          (b)  0

FACE_W: G.Total                 14787       Brick/Bound
FACE_W: G.Fluid/Solid    (fs_g) 12238       0           
FACE_W: G.Fluid/Fluid    (ff_g) 0           0           
FACE_W: G.Solid/Solid    (ss_g) 0           0           
FACE_W: G.Fluid/External (fe_g) 0
FACE_W: G.Solid/External (se_g) 2549

AV/CV max fa count (on brick side):10
AV/CV max fw count:                10
AV/CV max fb count:                0
AV/CV max fw poly count:           41

MEMORY: Total                   12.556 MB
MEMORY: Per Brick               0.488 KB
-----------------------------------------------------------------------

-----------------------------------------------------------------------
Connectivities information:
	Number of conns: 0
-----------------------------------------------------------------------
	Time (gap size): 	0.025 s
-----------------------------------------------------------------------
Calculating curvature and tolerance criteria...
Curvature: min=0 max=2.66082
Tolerance: min=0 max=0.000393577
Calculating curvature and tolerance criteria takes 0.170 s
-----------------------------------------------------------------------
MESH Build(FS) finished. Time=1.534 s
-----------------------------------------------------------------------
Current CPU = 2 sec

Nx=18
Ny=10
Nz=16
Max BRICK Level=4
Mesh Level=4
-----------------CModelBodies2MeshMapper::CollectData started -------------------------------
-----------------CModelBodies2MeshMapper Report -------------------------------
FluidDomains 2 SolidDomains 1 VoidDomains 0 
Domains RefIndexes
Domain 0, Index count 19
Domain 1, Index count 42
Domain 2, Index count 61
----------------- -------------------------------
	ModelBodies
Total resolved Bodies 0 BodySets 0

--------------------------------------------------------------------------
	Positive geometry Bodies
Total resolved Bodies 2 BodySets 2
BodySet 0
	Bodies list:
			#0	Name: ;	ID: 5d4a4011-8f69-4bc1-9a3a-4840d8d083dd
	Domains list:		 1 
BodySet 1
	Bodies list:
			#0	Name: ;	ID: 2e9a85dd-f5b2-4741-91b8-3dfa994ad800
	Domains list:		 0 

--------------------------------------------------------------------------
	Fluid regions
Total resolved Bodies 2 BodySets 1
BodySet 0	Material: Water; 
	Bodies list:
			#0	Name: ;	ID: 5d4a4011-8f69-4bc1-9a3a-4840d8d083dd
			#1	Name: ;	ID: 2e9a85dd-f5b2-4741-91b8-3dfa994ad800
	Domains list:		 0 		 1 

--------------------------------------------------------------------------
-----------------CModelBodies2MeshMapper::CollectData finished successfully-------------------
Saving initial mesh in: N:\Downloads\GitHub\liquid-propellant-engine\2kN Heat Sink Engine\Simulation Only\1\Parametric Study 2\21\21.fld .
Storing results...
Estimated CPT size=6.207 MB.
	Time (write bcf): 1.219 s
OK
-----------------------------------------------------------------------
Memory Working Set Current = 112.92 Mb, Memory Working Set Peak = 112.92 Mb
Process Threads Number: 21
-----------------------------------------------------------------------
Cleaning memory...
		Time (free xsl):                    	0.002 s
Free Geometry DB takes 0.000 s
	Time (free bcf): 	0.011 s
		Time (free bcf mesh):               	0.028 s
	Time (free mesher data):              	0.033 s
Copying... OK
Mesh generation normally finished at	9.4.2021	17:5:57
Mesher CPU = 3 sec
Mesher is finished at	9.4.2021	17:5:57
-----------------------------------------------------------------------
Memory Working Set Current = 49.24 Mb, Memory Working Set Peak = 113.31 Mb
Process Threads Number: 21
-----------------------------------------------------------------------
Algebra Pool      : mem_usage = 0.94 Mb, allocated count = 0
Log ended at 09.04.2021	17:05:57
