Log started at 09.04.2021	17:13:49
Number of used processors (NPROC): 8.
Number of mesh partitions (NPART): 8.
Total Physical Memory = 15.93 Gb, Available Physical Memory = 10.41 Gb
Computer name:	MCAE02
Operating system:	Windows 10 (or higher) (Version 10.0.18363)

SOLIDWORKS 2020 SP4.0
Flow Simulation 2020  x64 / 4995 / MESHER ver. efd_dev.4663_05.07.2019 

Project: N:\Downloads\GitHub\liquid-propellant-engine\2kN Heat Sink Engine\Simulation Only\1\Parametric Study 2\27\27.xmlconfig
Configuration name: Default
Project name: Single Fluid (Water Substitute)
NGK: OFF
MBO: OFF

Mesh generation started:	9.4.2021	17:13:49
-----------------------------------------------------------------------
Mesher option run = eRunMesherNormal
-----------------------------------------------------------------------
Current CPU = 0 sec
-----------------------------------------------------------------------
Geometries initialization:
-----------------------------------------------------------------------
Loading mesh settings (global/local)...
-----------------------------------------------------------------------
Number of geometries from DB: 1
Geometry(0):
	Guid = {00000000-0000-0000-0000-000000000000}
	Fluid..
	1 Body.
	2 Real bodies.
	-- Bodyset 0 --
		Tolerance=3.3166e-05.
		103 Face(s).
			103 of b-spline type.
		0 Face(s) that have no ref faces
		13 Plane surface(s).
		33 Cylinder surface(s).
		5 Cone surface(s).
		4 Torus surface(s).
		48 B- surface(s).
		14936 Triangle(s).
		Getting triangle connectivities from DB: 0.002 s
		214 Edge(s).
			214 of b-spline type.
		BodyGeom reading: 0.023 s.
		61 Reference Face(s).
		10146 Reference Triangles.
		Getting triangle connectivities from DB (Ref): 0.001 s
		BodyGeom Ref reading: 0.002 s.
		Getting triangle connectivities from DB (Extra Triangulation): 0.001 s
Geometry(1):
	Solid.
	-- Bodyset 1 --
	Empty
-----------------------------------------------------------------------
Number of geometries in task: 2
Number of bodysets   in task: 2
-----------------------------------------------------------------------
	Making hash and connectivity for Bodyset ...
		CBodyGeom:
		Hash size: {18, 32, 18}.
		Mesh size: {18, 8, 18}.
		Hashing triangles...Ok.
			axis(0) tr sizes: average=56 max=3407
			axis(1) tr sizes: average=71 max=3340
			axis(2) tr sizes: average=58 max=3842
		Number of t-connected sets:3
			(0) size=12
			(1) size=8214 cavity
			(2) size=6710 cavity
		Done.
		CBodyGeomRef:
		Hashing triangles...Ok.
			axis(0) tr sizes: average=277 max=1681
			axis(1) tr sizes: average=190 max=2120
			axis(2) tr sizes: average=292 max=2543
		Done.
	0.0107 s.
Geometries reading and preparing has taken 0.043 s.

Mapped triangles:
Hashing geometries triangles
	Triangles num=14936
	Triangles box={0.0245395  ,0.148039  ,0.15807  ,0.213366  ,0.103007  ,0.216451  }
		3d-hash size is 107948 bytes
Hashing peculiar surfaces triangles
	Triangles num=37
	Triangles box={0.024018  ,0.0307351  ,0.185147  ,0.196579  ,0.102187  ,0.111432  }
		3d-hash size is 10716 bytes
	Triangles num=37
	Triangles box={0.0702151  ,0.0815803  ,0.185147  ,0.196579  ,0.215167  ,0.216361  }
		3d-hash size is 10820 bytes
	Triangles num=37
	Triangles box={0.14367  ,0.148319  ,0.185147  ,0.196579  ,0.114046  ,0.124486  }
		3d-hash size is 10816 bytes
	Triangles num=37
	Triangles box={0.0773704  ,0.0888028  ,0.213256  ,0.213256  ,0.141572  ,0.153  }
		3d-hash size is 10716 bytes
	Triangles num=30
	Triangles box={0.0831231  ,0.0845875  ,0.1598  ,0.161297  ,0.141933  ,0.142147  }
		3d-hash size is 10496 bytes
	Triangles num=30
	Triangles box={0.0784758  ,0.0793933  ,0.1598  ,0.161297  ,0.143416  ,0.144577  }
		3d-hash size is 10496 bytes
	Triangles num=30
	Triangles box={0.0857921  ,0.0869533  ,0.1598  ,0.161297  ,0.142666  ,0.143583  }
		3d-hash size is 10552 bytes
	Triangles num=30
	Triangles box={0.0877369  ,0.0882838  ,0.1598  ,0.161297  ,0.144635  ,0.14601  }
		3d-hash size is 10496 bytes
	Triangles num=30
	Triangles box={0.0778954  ,0.0784423  ,0.1598  ,0.161297  ,0.148549  ,0.149924  }
		3d-hash size is 10496 bytes
	Triangles num=30
	Triangles box={0.0843588  ,0.085734  ,0.1598  ,0.161297  ,0.151927  ,0.152474  }
		3d-hash size is 10496 bytes
	Triangles num=30
	Triangles box={0.0815917  ,0.0830561  ,0.1598  ,0.161297  ,0.152413  ,0.152627  }
		3d-hash size is 10496 bytes
	Triangles num=30
	Triangles box={0.0792259  ,0.0803871  ,0.1598  ,0.161297  ,0.150976  ,0.151894  }
		3d-hash size is 10532 bytes
	Triangles num=30
	Triangles box={0.0867859  ,0.0877034  ,0.1598  ,0.161297  ,0.149982  ,0.151143  }
		3d-hash size is 10496 bytes
	Triangles num=30
	Triangles box={0.0804451  ,0.0818203  ,0.1598  ,0.161297  ,0.142085  ,0.142632  }
		3d-hash size is 10496 bytes
	Triangles num=30
	Triangles box={0.0882225  ,0.0884365  ,0.1598  ,0.161297  ,0.147313  ,0.148778  }
		3d-hash size is 10496 bytes
	Triangles num=30
	Triangles box={0.0777427  ,0.0779566  ,0.1598  ,0.161297  ,0.145782  ,0.147246  }
		3d-hash size is 10508 bytes
	Triangles num=78
	Triangles box={0.0769688  ,0.0892111  ,0.173621  ,0.173621  ,0.141158  ,0.153401  }
		3d-hash size is 10748 bytes
Mapped triangles processed in 0.016 s.
-----------------------------------------------------------------------
Getting sectors:
Number of sectors: 0
-----------------------------------------------------------------------
-----------------------------------------------------------------------

Current CPU = 1 sec

-----------------------------------------------------------------------
Mesh dimensions:
				I[0 ]=18
				I[1 ]=8
				I[2 ]=18

Comp. domain size:
				a[0  ]=0.0246627
				a[1  ]=0.147915
				a[2  ]=0.158125
				a[3  ]=0.213311
				a[4  ]=0.103121
				a[5  ]=0.216338

Fluid calculated			1
Solid calculated			0
-----------------------------------------------------------------------
MESH Build started...
-----------------------------------------------------------------------
Mesh LEVEL = 4
-----------------------------------------------------------------------
Setting regions...OK (0.000 s)
Base mesh info------------------
	2D flag  =0
	Period   =[0, 0, 0]
	Nx=18
		x[0]=0.0246627
		x[1]=0.0315122
		x[2]=0.0383596
		x[3]=0.0452069
		x[4]=0.0520543
		x[5]=0.0589017
		x[6]=0.065749
		x[7]=0.0725964
		x[8]=0.0794438
		x[9]=0.0862911
		x[10]=0.0931385
		x[11]=0.0999859
		x[12]=0.106833
		x[13]=0.113681
		x[14]=0.120528
		x[15]=0.127375
		x[16]=0.134223
		x[17]=0.14107
		x[18]=0.147915
	Ny=8
		y[0]=0.158125
		y[1]=0.165025
		y[2]=0.171923
		y[3]=0.178822
		y[4]=0.18572
		y[5]=0.192618
		y[6]=0.199516
		y[7]=0.206415
		y[8]=0.213311
	Nz=18
		z[0]=0.103121
		z[1]=0.109412
		z[2]=0.115702
		z[3]=0.121991
		z[4]=0.128281
		z[5]=0.134571
		z[6]=0.140861
		z[7]=0.147151
		z[8]=0.153441
		z[9]=0.15973
		z[10]=0.16602
		z[11]=0.17231
		z[12]=0.1786
		z[13]=0.18489
		z[14]=0.19118
		z[15]=0.197469
		z[16]=0.203759
		z[17]=0.210049
		z[18]=0.216338
End of base mesh info---------
Input_mesh_settings--------------------------------
Settings 0----------------
	Scope: GLOBAL
	Type:	------MESHER_SETTINGS----------
	RefAllCells           =0
	RefFluidCells         =0
	RefPartCells          =0
	RefSolidCells         =0
	l_SSFR(Capture crit)  =4
	l_curv(Curvature crit)=0
	l_tol(Tolerance crit) =4
	  k_tol               =0.000377956
	UseChannelRef         =1
	  NCR_method          =0
	  l_NCR               =2
	  N_gap               =5
	  Use d_NCR_min       =0
	  Use d_NCR_max       =0
	IgnoreThinChannelsHeight         =0
	--END_OF_MESHER_SETTINGS-------
End of input mesh settings-------------------------

-----------------------------------------------------------------------
Building geometries:
-----------------------------------------------------------------------
Building body-set (0) of geometry Fluid.0.(0). ...

-----------------------------------------------------------------------
Refining by triangulation...
Refinement input: 2592 bricks
Setting regions...OK (0.000 s)
Setting regions...OK (0.000 s)
Setting regions...OK (0.000 s)
Setting regions...OK (0.000 s)
Setting regions...OK (0.000 s)
Refinement result: 19245 bricks (0.097 s)
Refinement input: 19245 bricks
Refinement result: 19245 bricks (0.004 s)
Collecting and processing rays...OK (0.114 s)
Capturing...OK (0.003 s)
Refining by triangulation takes 0.219 s
-----------------------------------------------------------------------

-----------------------------------------------------------------------
Refining peculiar surfaces...
Refinement input: 19245 bricks
Setting regions...OK (0.000 s)
Refinement result: 19308 bricks (0.003 s)
Refinement input: 19308 bricks
Setting regions...OK (0.000 s)
Refinement result: 19371 bricks (0.003 s)
Refinement input: 19371 bricks
Setting regions...OK (0.000 s)
Refinement result: 19441 bricks (0.003 s)
Refinement input: 19441 bricks
Setting regions...OK (0.000 s)
Refinement result: 19476 bricks (0.003 s)
Refinement input: 19476 bricks
Setting regions...OK (0.000 s)
Refinement result: 19581 bricks (0.002 s)
Refinement input: 19581 bricks
Setting regions...OK (0.000 s)
Refinement result: 19616 bricks (0.003 s)
6 surfaces refined
Refining peculiar surfaces takes 0.043 s
-----------------------------------------------------------------------
Collecting and processing rays...OK (0.004 s)
Capturing...OK (0.000 s)
Collecting and processing rays...OK (0.000 s)
Capturing...OK (0.000 s)
Collecting and processing rays...OK (0.000 s)
Capturing...OK (0.000 s)

-----------------------------------------------------------------------
Base mesh 1 Refining...
Refinement input: 19616 bricks
Refinement result: 19616 bricks (0.000 s)
Collecting and processing rays...OK (0.000 s)
Capturing...OK (0.000 s)
-----------------------------------------------------------------------
Refining channels...
FYI: CNarrowChannelRefiner::RefineChannels_PRLL
Refinement input: 19616 bricks
Setting regions...OK (0.000 s)
Refinement result: 22080 bricks (0.002 s)
Collecting and processing rays...OK (0.004 s)
Capturing...OK (0.001 s)
FYI: m_iteration_count = 0
FYI: level1 statistics:
     level1_cnt_plus[1]=2816;		level1_cnt_minus[1]=0
     level1_cnt_plus[2]=0;		level1_cnt_minus[2]=0
     level1_cnt_plus[3]=0;		level1_cnt_minus[3]=0
     level1_cnt_plus[4]=0;		level1_cnt_minus[4]=0
     level1_cnt_plus[5]=0;		level1_cnt_minus[5]=0
     level1_cnt_plus[6]=0;		level1_cnt_minus[6]=0
     level1_cnt_plus[7]=0;		level1_cnt_minus[7]=0
     level1_cnt_plus[8]=0;		level1_cnt_minus[8]=0
     level1_cnt_plus[9]=0;		level1_cnt_minus[9]=0
Refinement input: 22080 bricks
Setting regions...OK (0.000 s)
Refinement result: 22626 bricks (0.002 s)
Collecting and processing rays...OK (0.001 s)
Capturing...OK (0.000 s)
FYI: m_iteration_count = 1
FYI: level1 statistics:
     level1_cnt_plus[1]=3440;		level1_cnt_minus[1]=0
     level1_cnt_plus[2]=0;		level1_cnt_minus[2]=0
     level1_cnt_plus[3]=0;		level1_cnt_minus[3]=0
     level1_cnt_plus[4]=0;		level1_cnt_minus[4]=0
     level1_cnt_plus[5]=0;		level1_cnt_minus[5]=0
     level1_cnt_plus[6]=0;		level1_cnt_minus[6]=0
     level1_cnt_plus[7]=0;		level1_cnt_minus[7]=0
     level1_cnt_plus[8]=0;		level1_cnt_minus[8]=0
     level1_cnt_plus[9]=0;		level1_cnt_minus[9]=0
Refinement input: 22626 bricks
Setting regions...OK (0.000 s)
Refinement result: 22689 bricks (0.002 s)
Collecting and processing rays...OK (0.000 s)
Capturing...OK (0.000 s)
FYI: m_iteration_count = 2
FYI: level1 statistics:
     level1_cnt_plus[1]=3512;		level1_cnt_minus[1]=0
     level1_cnt_plus[2]=0;		level1_cnt_minus[2]=0
     level1_cnt_plus[3]=0;		level1_cnt_minus[3]=0
     level1_cnt_plus[4]=0;		level1_cnt_minus[4]=0
     level1_cnt_plus[5]=0;		level1_cnt_minus[5]=0
     level1_cnt_plus[6]=0;		level1_cnt_minus[6]=0
     level1_cnt_plus[7]=0;		level1_cnt_minus[7]=0
     level1_cnt_plus[8]=0;		level1_cnt_minus[8]=0
     level1_cnt_plus[9]=0;		level1_cnt_minus[9]=0
Refinement input: 22689 bricks
Setting regions...OK (0.000 s)
Refinement result: 22710 bricks (0.002 s)
Collecting and processing rays...OK (0.000 s)
Capturing...OK (0.000 s)
FYI: m_iteration_count = 3
FYI: level1 statistics:
     level1_cnt_plus[1]=3536;		level1_cnt_minus[1]=0
     level1_cnt_plus[2]=0;		level1_cnt_minus[2]=0
     level1_cnt_plus[3]=0;		level1_cnt_minus[3]=0
     level1_cnt_plus[4]=0;		level1_cnt_minus[4]=0
     level1_cnt_plus[5]=0;		level1_cnt_minus[5]=0
     level1_cnt_plus[6]=0;		level1_cnt_minus[6]=0
     level1_cnt_plus[7]=0;		level1_cnt_minus[7]=0
     level1_cnt_plus[8]=0;		level1_cnt_minus[8]=0
     level1_cnt_plus[9]=0;		level1_cnt_minus[9]=0
FYI: m_iteration_count = 4
FYI: level1 statistics:
     level1_cnt_plus[1]=3536;		level1_cnt_minus[1]=0
     level1_cnt_plus[2]=0;		level1_cnt_minus[2]=0
     level1_cnt_plus[3]=0;		level1_cnt_minus[3]=0
     level1_cnt_plus[4]=0;		level1_cnt_minus[4]=0
     level1_cnt_plus[5]=0;		level1_cnt_minus[5]=0
     level1_cnt_plus[6]=0;		level1_cnt_minus[6]=0
     level1_cnt_plus[7]=0;		level1_cnt_minus[7]=0
     level1_cnt_plus[8]=0;		level1_cnt_minus[8]=0
     level1_cnt_plus[9]=0;		level1_cnt_minus[9]=0
Refinement input: 22710 bricks
Setting regions...OK (0.000 s)
Refinement result: 24404 bricks (0.003 s)
Collecting and processing rays...OK (0.003 s)
Capturing...OK (0.000 s)
FYI: m_iteration_count = 5
FYI: level1 statistics:
     level1_cnt_plus[1]=5445;		level1_cnt_minus[1]=0
     level1_cnt_plus[2]=24;		level1_cnt_minus[2]=0
     level1_cnt_plus[3]=0;		level1_cnt_minus[3]=0
     level1_cnt_plus[4]=0;		level1_cnt_minus[4]=0
     level1_cnt_plus[5]=0;		level1_cnt_minus[5]=0
     level1_cnt_plus[6]=0;		level1_cnt_minus[6]=0
     level1_cnt_plus[7]=0;		level1_cnt_minus[7]=0
     level1_cnt_plus[8]=0;		level1_cnt_minus[8]=0
     level1_cnt_plus[9]=0;		level1_cnt_minus[9]=0
FYI: m_iteration_count = 6
FYI: level1 statistics:
     level1_cnt_plus[1]=5445;		level1_cnt_minus[1]=0
     level1_cnt_plus[2]=24;		level1_cnt_minus[2]=0
     level1_cnt_plus[3]=0;		level1_cnt_minus[3]=0
     level1_cnt_plus[4]=0;		level1_cnt_minus[4]=0
     level1_cnt_plus[5]=0;		level1_cnt_minus[5]=0
     level1_cnt_plus[6]=0;		level1_cnt_minus[6]=0
     level1_cnt_plus[7]=0;		level1_cnt_minus[7]=0
     level1_cnt_plus[8]=0;		level1_cnt_minus[8]=0
     level1_cnt_plus[9]=0;		level1_cnt_minus[9]=0
FYI: level1 statistics:
     level1_cnt_plus[1]=5445;		level1_cnt_minus[1]=0
     level1_cnt_plus[2]=24;		level1_cnt_minus[2]=0
     level1_cnt_plus[3]=0;		level1_cnt_minus[3]=0
     level1_cnt_plus[4]=0;		level1_cnt_minus[4]=0
     level1_cnt_plus[5]=0;		level1_cnt_minus[5]=0
     level1_cnt_plus[6]=0;		level1_cnt_minus[6]=0
     level1_cnt_plus[7]=0;		level1_cnt_minus[7]=0
     level1_cnt_plus[8]=0;		level1_cnt_minus[8]=0
     level1_cnt_plus[9]=0;		level1_cnt_minus[9]=0

-----------------------------------------------------------------------
U-shapes refinement...
Refinement input: 24404 bricks
Setting regions...OK (0.000 s)
Setting regions...OK (0.000 s)
Refinement result: 24733 bricks (0.011 s)
Collecting and processing rays...OK (0.006 s)
Capturing...OK (0.000 s)
-----------------------------------------------------------------------

-----------------------------------------------------------------------
Equi Distant Refiner:
Equi Distant Refiner takes 0.00 s
-----------------------------------------------------------------------
Building geometry takes 0.742 s
Geometry Fluid.0.
Total		24733
Partial	8421
Fluid		3973
Solid		12311
Bad		28

/-Ray Intersection---------------/ Time	0.488 s
Calls			9299
CorrectRay Calls	0



-----------------------------------------------------------------------
Building geometries takes 0.744 s
-----------------------------------------------------------------------

-----------------------------------------------------------------------
PostBuilding geometries:
-----------------------------------------------------------------------
PostBuilding body-set (0) geometry Fluid.0. (0)...
Collecting and processing rays...OK (0.000 s)
Capturing...OK (0.000 s)
PostBuilding geometry takes 0.001 s
Geometry Fluid.0.
Total		24733
Partial	8421
Fluid		3973
Solid		12311
Bad		28

-----------------------------------------------------------------------
PostBuilding geometries takes 0.001 s
-----------------------------------------------------------------------
Defect ray count	0
FYI: CNarrowChannelRefiner::RedistributeLevel1_step_1: is finished
FYI: level1 statistics:
     level1_cnt_plus[1]=3881;		level1_cnt_minus[1]=0
     level1_cnt_plus[2]=1588;		level1_cnt_minus[2]=0
     level1_cnt_plus[3]=0;		level1_cnt_minus[3]=0
     level1_cnt_plus[4]=0;		level1_cnt_minus[4]=0
     level1_cnt_plus[5]=0;		level1_cnt_minus[5]=0
     level1_cnt_plus[6]=0;		level1_cnt_minus[6]=0
     level1_cnt_plus[7]=0;		level1_cnt_minus[7]=0
     level1_cnt_plus[8]=0;		level1_cnt_minus[8]=0
     level1_cnt_plus[9]=0;		level1_cnt_minus[9]=0
FYI: CNarrowChannelRefiner::RedistributeLevel1_step_2: is started
FYI: CNarrowChannelRefiner::RedistributeLevel1_step_2: is finished
FYI: level1 statistics:
     level1_cnt_plus[1]=7944;		level1_cnt_minus[1]=0
     level1_cnt_plus[2]=2814;		level1_cnt_minus[2]=0
     level1_cnt_plus[3]=0;		level1_cnt_minus[3]=0
     level1_cnt_plus[4]=0;		level1_cnt_minus[4]=0
     level1_cnt_plus[5]=0;		level1_cnt_minus[5]=0
     level1_cnt_plus[6]=0;		level1_cnt_minus[6]=0
     level1_cnt_plus[7]=0;		level1_cnt_minus[7]=0
     level1_cnt_plus[8]=0;		level1_cnt_minus[8]=0
     level1_cnt_plus[9]=0;		level1_cnt_minus[9]=0
FYI: CNarrowChannelRefiner::RedistributeLevel1_step_3: is started
FYI: CNarrowChannelRefiner::RedistributeLevel1_step_3: is finished
RedistributeLevel1 takes:
FYI: level1 statistics:
     level1_cnt_plus[1]=7944;		level1_cnt_minus[1]=3132
     level1_cnt_plus[2]=2814;		level1_cnt_minus[2]=453
     level1_cnt_plus[3]=0;		level1_cnt_minus[3]=0
     level1_cnt_plus[4]=0;		level1_cnt_minus[4]=0
     level1_cnt_plus[5]=0;		level1_cnt_minus[5]=0
     level1_cnt_plus[6]=0;		level1_cnt_minus[6]=0
     level1_cnt_plus[7]=0;		level1_cnt_minus[7]=0
     level1_cnt_plus[8]=0;		level1_cnt_minus[8]=0
     level1_cnt_plus[9]=0;		level1_cnt_minus[9]=0
-----------------------------------------------------------------------
MSH format builder (Iteration 0)
-----------------------------------------------------------------------
Memory Working Set Current = 57.32 Mb, Memory Working Set Peak = 71.63 Mb
Process Threads Number: 21
-----------------------------------------------------------------------
Loading geometries triangulation & x-stacks...OK
x-stacks size = 0.68 Mb
Total bricks count: 24733
-----------------------------------------------------------------------
MSH (Real Geometry) format constructor:
	Getting brick sets...OK (0.001 s)
	Min x-stack xeps = 3.82869e-06
	D / dh / eps [axis=0] = (0.123253, 0.000427826, 4.27826e-07)
	D / dh / eps [axis=1] = (0.0551863, 0.000431026, 4.31026e-07)
	D / dh / eps [axis=2] = (0.113217, 0.000393024, 3.93024e-07)
	Time (xeps): 0.000 s
Level 4
	Set (0)  size: 2004
	Set (0)  time: 0.030 s
	Set (1)  size: 2004
	Set (1)  time: 0.025 s
Level 3
	Set (0)  size: 2791
	Set (0)  time: 0.023 s
	Set (1)  size: 2796
	Set (1)  time: 0.021 s
Level 2
	Set (0)  size: 5424
	Set (0)  time: 0.032 s
	Set (1)  size: 5415
	Set (1)  time: 0.031 s
Level 1
	Set (0)  size: 1081
	Set (0)  time: 0.001 s
	Set (1)  size: 1077
	Set (1)  time: 0.000 s
Level 0
	Set (0)  size: 1069
	Set (0)  time: 0.000 s
	Set (1)  size: 1072
	Set (1)  time: 0.000 s
Result:
	Bricks number:                        24733

	Memory usage:                         5.312 MB
	Memory usage (per brick):             0.220 KB
	Construction time:                    0.166 s

	Topology features:
	------------------
	- High quality bricks                  99.98 % (24729)
	- Medium quality bricks                 0.02 % (4)
	- Bad quality bricks                    0.00 % (0)
	- Ribs corrected bricks                 0.00 % (0)
	- Points with geom-info (bricks)        0.05 % (12)
	- Points with closest-info (bricks)     0.03 % (7)
	- Triangulated by center (bricks)       0.80 % (198)
	- Facet w-faces mergings (bricks)       0.00 % (0)
	- To refine (bricks)                    0.00 % (0)

-----------------------------------------------------------------------
Memory Working Set Current = 90.93 Mb, Memory Working Set Peak = 90.94 Mb
Process Threads Number: 21
-----------------------------------------------------------------------
-----------------------------------------------------------------------
-----------------------------------------------------------------------
MSH --> BCF format (Iteration 0)...
BCF collector...(remove mode=0)
	Time (alloc counter per brick): 0.001 s
	Brick    count: 24733
	Av.f all count: 12811
	Av.s all count: 21182
	Av.f pid count: 8860
	Av.s pid count: 9200
	Faces fs count: 21604
	Faces ff count: 0
	Faces ss count: 0
	Faces bb count: 0
	Faces fe count: 0
	Faces se count: 2361
	Faces fw count: 23965
	Faces af count: 35319
	Faces as count: 66783
	Time (all count): 	0.004 s
	Time (bcf alloc): 	0.001 s
	Time (shifts alloc): 	0.002 s
	Time (shifts init): 	0.002 s
	Time (bcf fill): 	0.010 s
	Time (add av to faces): 0.000 s
	Time (add faces to av): 0.004 s
Time (bcf collect): 		0.023 s
	AV checker...
	Time (check av): 	0.007 s
	Subdomain checker...
		Subdomains construction time: 0.003 s.
		Subdomains sort time: 0.000 s.
			Subdomain 0 (geom_ind=0): 10446 av
			Subdomain 1 (geom_ind=0): 2365 av
			Subdomain 2 (geom_ind=1): 21182 av
		gi: 0, subdomains: 2, real bodies: 2
		gi: 1, subdomains: 1, real bodies: 0
		Defect subdomains: 0
	Time (check subdoms): 	0.004 s
Time (bcf iteration total): 	0.035 s
	Time (fw-nb): 		0.002 s
	Fixed mutual fw-nb:     12845 (bb: 0)
	Time (fw-nb mutual): 	0.002 s
	Time (fw-nb sort): 	0.000 s
	Fw-opt BEFORE total:    23965 (fs=21604, ff=0, ss=0)
	Fw-opt AFTER  total:    14132 (fs=11771, ff=0, ss=0, failed fw/br=3/0, big_curv=46, big_poly=0)
	Fw-opt RESULT:          9833 (res/(fs+ff+ss) = 45.51 %)
	Time (fw-opt): 		0.005 s
	Time (fw-re-order): 	0.002 s
	Time (fw-nb): 		0.008 s
	Fixed mutual fw-nb:     29573 (bb: 0)
	Time (fw-nb mutual): 	0.002 s
	Time (fw-nb sort): 	0.000 s
	Time (rfd fix): 	0.000 s
	Time (av convexity): 	0.003 s
	Time (av small volume): 0.000 s
	Time (diagonal fw-nb): 	0.018 s
	Fixed mutual fw-nb:     0 (bb: 0)
	Time (fw-nb mutual): 	0.001 s
	Time (fw-nb sort): 	0.000 s
	Fluid subdomains: 2
	Faces fw-nb diff sd:    0
	Time (fw-nb diff sd): 	0.002 s
Time (bcf calc): 		0.050 s
-----------------------------------------------------------------------
Time (bcf total): 		0.085 s
-----------------------------------------------------------------------
-----------------------------------------------------------------------
Mega-cv constructor for fluid...
	 395 av's is treated as thin
Relative size generator (threshold = 0.05)...
	Iteration 1 (small cluster count = 847)
	Iteration 2 (small cluster count = 352)
	Iteration 3 (small cluster count = 65)
	Iteration 4 (small cluster count = 11)
	Iteration 5 (small cluster count = 2)
	Iteration 6 (small cluster count = 0)
	 810 mega-cv's generated
	 35 mega-cv's removed
Relative size generator is completed OK (0.003 s)
Apply fa-rules to mega-cv clusters fixes...
	Fa-rule violation fixes:       36 of       37 (total cluster# =      797)
OK (0.001 s)
Convert clusters:
	 780 mega-cv's total
Mega-cv count: 780
Time (mega-cv fill): 	0.001 s
WARNING! Mega-cv normal-direction rule violation counts: rule-I = 1, rule-II = 0
Time (mega-cv total): 	0.011 s
-----------------------------------------------------------------------
Mixing plane rotation regions: NO.
Sliding mesh rotation regions: NO.
Fluid/fluid faces: NO.
----------------------------------------------------------
BCF --> BCF.GEOMSUBDOM (bridge arrays):
MESH (0):
	Fluid Subdom Constructor: 2 subdom(s).
	Solid Subdom Constructor: 1 subdom(s).
	Net Asm Subdom Constructor: 0 subdom(s).
	GEOMSUBDOM (0): gi=0 fluid av=10446 cv=9756 fa=28769 fb=0 fw=8974 V=2.119977e-05
	Cache data...OK
	GEOMSUBDOM (1): gi=0 fluid av=2365 cv=2167 fa=6550 fb=0 fw=2797 V=1.813539e-06
	Cache data...OK
	GEOMSUBDOM (2): gi=1 solid av=21182 cv=21182 fa=66783 fb=0 fw=14132 V=7.470721e-04
	Cache data...OK
	Setting nb of w-faces...OK (0.005 s).
	Correcting nb of w-faces...
	Time(correct_fw_nb)=0.003 s

MESH (0) checking:
	GEOMSUBDOM (0):fa_s=0.0401067420397833 fb_s=0.0000000000000000 fw_s=0.0088244693194019 fw_nb=70088
	              :d_const(50)=1.80497e-10 d_linear(50)=4.09541e-10
	GEOMSUBDOM (1):fa_s=0.0038765168103510 fb_s=0.0000000000000000 fw_s=0.0013441391707323 fw_nb=22790
	              :d_const(667)=1.01513e-13 d_linear(2010)=1.68725e-12
	GEOMSUBDOM (2):fa_s=0.3917088981034179 fb_s=0.0000000000000000 fw_s=0.0641769408601448 fw_nb=102840
	              :d_const(285)=5.38925e-11 d_linear(8034)=1.79318e-09
MESH (0) checking: OK.
Time (MDS): 	0.043 s
----------------------------------------------------------

-----------------------------------------------------------------------
BCF CHECKSUM DATA (Mesh 0):

WARNING! 288 w-face(s) without RefFacesData.
BRICK |Level1| Sum:               17610
FACE_A Area Sum:   G.Fluid        0.0439832588501343
FACE_A Area Sum:   G.Solid        0.3917088981034181
FACE_W Area Sum:                  0.0641769408601448
FACE_W Nb   Sum:                  102840
FACE_W min curvatures sum:        -3677979.02988243
FACE_W max curvatures sum:        6016760.45025361
AV Max Disbalance(Const) :        2.71549e-09 (cid=491, t={4, 86, 8}, avid=225, pid=181)
AV Max Disbalance(Linear):        6.21665e-09 (cid=210, t={4, 64, 8}, avid=59, pid=53)
-----------------------------------------------------------------------


-----------------------------------------------------------------------
MESHER TOPOLOGY DATA:

BRICKS: Total                 24733
BRICKS: 1-CV                  15933
BRICKS: 2-CV                  8342
BRICKS: 3-CV                  456
BRICKS: 4-CV                  2
BRICKS: Bad                   0

AV:     G.Total               33993
AV:     G.Fluid               12811
AV:     G.Solid               21182

AV:     G.Fluid Thin Profile    3.11 % (398)
AV:     G.Solid Thin Profile    0.28 % (60)

AV:     G.Fluid Thin For Mega   3.08 % (395)
AV:     G.Solid Thin For Mega   0.26 % (56)

AV:     G.Fluid Non-Convex     20.97 % (2686)
AV:     G.Solid Non-Convex     19.23 % (4073)

AV:     G.Fluid Non-Ess-Convex      5.93 % (760)
AV:     G.Solid Non-Ess-Convex      6.65 % (1409)

FACE_A: G.Fluid          (af) 35319 (partially opened 18915)
FACE_A: G.Solid          (as) 66783 (partially opened 19585)

FACE_B: G.Total          (b)  0

FACE_W: G.Total                 14132       Brick/Bound
FACE_W: G.Fluid/Solid    (fs_g) 11771       0           
FACE_W: G.Fluid/Fluid    (ff_g) 0           0           
FACE_W: G.Solid/Solid    (ss_g) 0           0           
FACE_W: G.Fluid/External (fe_g) 0
FACE_W: G.Solid/External (se_g) 2361

AV/CV max fa count (on brick side):6
AV/CV max fw count:                6
AV/CV max fb count:                0
AV/CV max fw poly count:           33

MEMORY: Total                   11.860 MB
MEMORY: Per Brick               0.491 KB
-----------------------------------------------------------------------

-----------------------------------------------------------------------
Connectivities information:
	Number of conns: 0
-----------------------------------------------------------------------
	Time (gap size): 	0.023 s
-----------------------------------------------------------------------
Calculating curvature and tolerance criteria...
Curvature: min=0 max=3.14053
Tolerance: min=0 max=0.000417312
Calculating curvature and tolerance criteria takes 0.161 s
-----------------------------------------------------------------------
MESH Build(FS) finished. Time=1.493 s
-----------------------------------------------------------------------
Current CPU = 2 sec

Nx=18
Ny=8
Nz=18
Max BRICK Level=4
Mesh Level=4
-----------------CModelBodies2MeshMapper::CollectData started -------------------------------
-----------------CModelBodies2MeshMapper Report -------------------------------
FluidDomains 2 SolidDomains 1 VoidDomains 0 
Domains RefIndexes
Domain 0, Index count 19
Domain 1, Index count 42
Domain 2, Index count 61
----------------- -------------------------------
	ModelBodies
Total resolved Bodies 0 BodySets 0

--------------------------------------------------------------------------
	Positive geometry Bodies
Total resolved Bodies 2 BodySets 2
BodySet 0
	Bodies list:
			#0	Name: ;	ID: 2d9136f3-bdef-47da-8ee4-9369d6b9bc67
	Domains list:		 1 
BodySet 1
	Bodies list:
			#0	Name: ;	ID: 929d26fb-f355-4876-b49d-ca52bdbdeff9
	Domains list:		 0 

--------------------------------------------------------------------------
	Fluid regions
Total resolved Bodies 2 BodySets 1
BodySet 0	Material: Water; 
	Bodies list:
			#0	Name: ;	ID: 2d9136f3-bdef-47da-8ee4-9369d6b9bc67
			#1	Name: ;	ID: 929d26fb-f355-4876-b49d-ca52bdbdeff9
	Domains list:		 0 		 1 

--------------------------------------------------------------------------
-----------------CModelBodies2MeshMapper::CollectData finished successfully-------------------
Saving initial mesh in: N:\Downloads\GitHub\liquid-propellant-engine\2kN Heat Sink Engine\Simulation Only\1\Parametric Study 2\27\27.fld .
Storing results...
Estimated CPT size=5.858 MB.
	Time (write bcf): 1.170 s
OK
-----------------------------------------------------------------------
Memory Working Set Current = 109.17 Mb, Memory Working Set Peak = 109.17 Mb
Process Threads Number: 21
-----------------------------------------------------------------------
Cleaning memory...
		Time (free xsl):                    	0.002 s
Free Geometry DB takes 0.000 s
	Time (free bcf): 	0.010 s
		Time (free bcf mesh):               	0.026 s
	Time (free mesher data):              	0.031 s
Copying... OK
Mesh generation normally finished at	9.4.2021	17:13:52
Mesher CPU = 3 sec
Mesher is finished at	9.4.2021	17:13:52
-----------------------------------------------------------------------
Memory Working Set Current = 49.38 Mb, Memory Working Set Peak = 109.56 Mb
Process Threads Number: 21
-----------------------------------------------------------------------
Algebra Pool      : mem_usage = 0.94 Mb, allocated count = 0
Log ended at 09.04.2021	17:13:52
