Log started at 28.04.2021	05:16:18
Number of used processors (NPROC): 4.
Number of mesh partitions (NPART): 4.
Total Physical Memory = 15.87 Gb, Available Physical Memory = 10.31 Gb
Computer name:	MCAE33
Operating system:	Windows 10 (or higher) (Version 10.0.18363)

SOLIDWORKS 2020 SP4.0
Flow Simulation 2020  x64 / 4995 / MESHER ver. efd_dev.4663_05.07.2019 

Project: N:\Downloads\GitHub\liquid-propellant-engine\2kN Heat Sink Engine\Revised Stack OD 6in\1\Parametric Study 1\25\25.xmlconfig
Configuration name: Default
Project name: Project(1)
NGK: OFF
MBO: OFF

Mesh generation started:	28.4.2021	5:16:18
-----------------------------------------------------------------------
Mesher option run = eRunMesherNormal
-----------------------------------------------------------------------
Current CPU = 0 sec
-----------------------------------------------------------------------
Geometries initialization:
-----------------------------------------------------------------------
Loading mesh settings (global/local)...
-----------------------------------------------------------------------
Number of geometries from DB: 1
Geometry(0):
	Guid = {00000000-0000-0000-0000-000000000000}
	Fluid..
	1 Body.
	1 Real body.
	-- Bodyset 0 --
		Tolerance=1.24686e-05.
		34 Face(s).
			34 of b-spline type.
		0 Face(s) that have no ref faces
		8 Plane surface(s).
		10 Cylinder surface(s).
		1 Cone surface(s).
		15 B- surface(s).
		17908 Triangle(s).
		Getting triangle connectivities from DB: 0.002 s
		85 Edge(s).
			85 of b-spline type.
		BodyGeom reading: 0.015 s.
		21 Reference Face(s).
		6943 Reference Triangles.
		Getting triangle connectivities from DB (Ref): 0.001 s
		BodyGeom Ref reading: 0.001 s.
		Getting triangle connectivities from DB (Extra Triangulation): 0.001 s
Geometry(1):
	Solid.
	-- Bodyset 1 --
	Empty
-----------------------------------------------------------------------
Number of geometries in task: 2
Number of bodysets   in task: 2
-----------------------------------------------------------------------
	Making hash and connectivity for Bodyset ...
		CBodyGeom:
		Hash size: {24, 48, 24}.
		Mesh size: {6, 24, 6}.
		Hashing triangles...Ok.
			axis(0) tr sizes: average=44 max=683
			axis(1) tr sizes: average=70 max=494
			axis(2) tr sizes: average=44 max=692
		Number of t-connected sets:2
			(0) size=12
			(1) size=17896 cavity
		Done.
		CBodyGeomRef:
		Hashing triangles...Ok.
			axis(0) tr sizes: average=118 max=770
			axis(1) tr sizes: average=268 max=577
			axis(2) tr sizes: average=119 max=772
		Done.
	0.0121 s.
Geometries reading and preparing has taken 0.035 s.

Mapped triangles:
Hashing geometries triangles
	Triangles num=17908
	Triangles box={-0.00963642  ,0.00963642  ,-0.0738184  ,-0.00672421  ,-0.00963749  ,0.00963723  }
		3d-hash size is 122212 bytes
Hashing peculiar surfaces triangles
	Triangles num=75
	Triangles box={-0.00954218  ,-0.00904278  ,-0.0688804  ,-0.0627842  ,-0.00304345  ,0.00304967  }
		3d-hash size is 3948 bytes
	Triangles num=75
	Triangles box={0.00423777  ,0.00854781  ,-0.0688804  ,-0.0627842  ,-0.00855065  ,-0.00424372  }
		3d-hash size is 4004 bytes
	Triangles num=75
	Triangles box={-0.00855065  ,-0.00424372  ,-0.0688804  ,-0.0627842  ,-0.00854781  ,-0.00423777  }
		3d-hash size is 4004 bytes
	Triangles num=75
	Triangles box={-0.00854781  ,-0.00423777  ,-0.0688804  ,-0.0627842  ,0.00424372  ,0.00855065  }
		3d-hash size is 4004 bytes
	Triangles num=75
	Triangles box={-0.00304345  ,0.00304967  ,-0.0688804  ,-0.0627842  ,0.00904278  ,0.00954218  }
		3d-hash size is 3948 bytes
	Triangles num=75
	Triangles box={0.00904278  ,0.00954218  ,-0.0688804  ,-0.0627842  ,-0.00304967  ,0.00304345  }
		3d-hash size is 3948 bytes
	Triangles num=75
	Triangles box={-0.00304967  ,0.00304345  ,-0.0688804  ,-0.0627842  ,-0.00954218  ,-0.00904278  }
		3d-hash size is 3948 bytes
	Triangles num=34
	Triangles box={-0.0072273  ,0.0072273  ,-0.006858  ,-0.006858  ,-0.00719647  ,0.00719647  }
		3d-hash size is 4144 bytes
Mapped triangles processed in 0.014 s.
-----------------------------------------------------------------------
Getting sectors:
Number of sectors: 0
-----------------------------------------------------------------------
-----------------------------------------------------------------------

Current CPU = 0 sec

-----------------------------------------------------------------------
Mesh dimensions:
				I[0 ]=6
				I[1 ]=24
				I[2 ]=6

Comp. domain size:
				a[0  ]=-0.00961718
				a[1  ]=0.00961718
				a[2  ]=-0.0737514
				a[3  ]=-0.00679117
				a[4  ]=-0.00961825
				a[5  ]=0.009618

Fluid calculated			1
Solid calculated			0
-----------------------------------------------------------------------
MESH Build started...
-----------------------------------------------------------------------
Mesh LEVEL = 2
-----------------------------------------------------------------------
Setting regions...OK (0.000 s)
Base mesh info------------------
	2D flag  =0
	Period   =[0, 0, 0]
	Nx=6
		x[0]=-0.00961718
		x[1]=-0.00641045
		x[2]=-0.00320472
		x[3]=1.00679e-06
		x[4]=0.00320673
		x[5]=0.00641246
		x[6]=0.00961718
	Ny=24
		y[0]=-0.0737514
		y[1]=-0.0709607
		y[2]=-0.0681706
		y[3]=-0.0653806
		y[4]=-0.0625906
		y[5]=-0.0598006
		y[6]=-0.0570106
		y[7]=-0.0542206
		y[8]=-0.0514306
		y[9]=-0.0486406
		y[10]=-0.0458506
		y[11]=-0.0430606
		y[12]=-0.0402705
		y[13]=-0.0374805
		y[14]=-0.0346905
		y[15]=-0.0319005
		y[16]=-0.0291105
		y[17]=-0.0263205
		y[18]=-0.0235305
		y[19]=-0.0207405
		y[20]=-0.0179505
		y[21]=-0.0151604
		y[22]=-0.0123704
		y[23]=-0.00958043
		y[24]=-0.00679117
	Nz=6
		z[0]=-0.00961825
		z[1]=-0.00641147
		z[2]=-0.00320543
		z[3]=6.09758e-07
		z[4]=0.00320665
		z[5]=0.00641269
		z[6]=0.009618
End of base mesh info---------
Input_mesh_settings--------------------------------
Settings 0----------------
	Scope: GLOBAL
	Type:	------MESHER_SETTINGS----------
	RefAllCells           =0
	RefFluidCells         =0
	RefPartCells          =0
	RefSolidCells         =0
	l_SSFR(Capture crit)  =1
	l_curv(Curvature crit)=0
	l_tol(Tolerance crit) =1
	  k_tol               =0.00152953
	UseChannelRef         =1
	  NCR_method          =0
	  l_NCR               =2
	  N_gap               =5
	  Use d_NCR_min       =0
	  Use d_NCR_max       =0
	IgnoreThinChannelsHeight         =0
	--END_OF_MESHER_SETTINGS-------
End of input mesh settings-------------------------

-----------------------------------------------------------------------
Building geometries:
-----------------------------------------------------------------------
Building body-set (0) of geometry Fluid.0.(0). ...

-----------------------------------------------------------------------
Refining by triangulation...
Refinement input: 864 bricks
Setting regions...OK (0.000 s)
Setting regions...OK (0.000 s)
Refinement result: 1480 bricks (0.035 s)
Refinement input: 1480 bricks
Refinement result: 1480 bricks (0.000 s)
Collecting and processing rays...OK (0.016 s)
Capturing...OK (0.000 s)
Refining by triangulation takes 0.052 s
-----------------------------------------------------------------------

-----------------------------------------------------------------------
Refining peculiar surfaces...
0 surfaces refined
Refining peculiar surfaces takes 0 s
-----------------------------------------------------------------------
Collecting and processing rays...OK (0.000 s)
Capturing...OK (0.000 s)
Collecting and processing rays...OK (0.000 s)
Capturing...OK (0.000 s)
Collecting and processing rays...OK (0.000 s)
Capturing...OK (0.000 s)

-----------------------------------------------------------------------
Base mesh 1 Refining...
Refinement input: 1480 bricks
Refinement result: 1480 bricks (0.000 s)
Collecting and processing rays...OK (0.000 s)
Capturing...OK (0.000 s)
-----------------------------------------------------------------------
Refining channels...
FYI: CNarrowChannelRefiner::RefineChannels_PRLL
Refinement input: 1480 bricks
Setting regions...OK (0.000 s)
Refinement result: 4504 bricks (0.001 s)
Collecting and processing rays...OK (0.007 s)
Capturing...OK (0.001 s)
FYI: m_iteration_count = 0
FYI: level1 statistics:
     level1_cnt_plus[1]=3456;		level1_cnt_minus[1]=0
     level1_cnt_plus[2]=0;		level1_cnt_minus[2]=0
     level1_cnt_plus[3]=0;		level1_cnt_minus[3]=0
     level1_cnt_plus[4]=0;		level1_cnt_minus[4]=0
     level1_cnt_plus[5]=0;		level1_cnt_minus[5]=0
     level1_cnt_plus[6]=0;		level1_cnt_minus[6]=0
     level1_cnt_plus[7]=0;		level1_cnt_minus[7]=0
     level1_cnt_plus[8]=0;		level1_cnt_minus[8]=0
     level1_cnt_plus[9]=0;		level1_cnt_minus[9]=0
FYI: m_iteration_count = 1
FYI: level1 statistics:
     level1_cnt_plus[1]=3456;		level1_cnt_minus[1]=0
     level1_cnt_plus[2]=0;		level1_cnt_minus[2]=0
     level1_cnt_plus[3]=0;		level1_cnt_minus[3]=0
     level1_cnt_plus[4]=0;		level1_cnt_minus[4]=0
     level1_cnt_plus[5]=0;		level1_cnt_minus[5]=0
     level1_cnt_plus[6]=0;		level1_cnt_minus[6]=0
     level1_cnt_plus[7]=0;		level1_cnt_minus[7]=0
     level1_cnt_plus[8]=0;		level1_cnt_minus[8]=0
     level1_cnt_plus[9]=0;		level1_cnt_minus[9]=0
Refinement input: 4504 bricks
Setting regions...OK (0.000 s)
Refinement result: 7087 bricks (0.001 s)
Collecting and processing rays...OK (0.010 s)
Capturing...OK (0.001 s)
FYI: m_iteration_count = 2
FYI: level1 statistics:
     level1_cnt_plus[1]=5688;		level1_cnt_minus[1]=0
     level1_cnt_plus[2]=640;		level1_cnt_minus[2]=0
     level1_cnt_plus[3]=0;		level1_cnt_minus[3]=0
     level1_cnt_plus[4]=0;		level1_cnt_minus[4]=0
     level1_cnt_plus[5]=0;		level1_cnt_minus[5]=0
     level1_cnt_plus[6]=0;		level1_cnt_minus[6]=0
     level1_cnt_plus[7]=0;		level1_cnt_minus[7]=0
     level1_cnt_plus[8]=0;		level1_cnt_minus[8]=0
     level1_cnt_plus[9]=0;		level1_cnt_minus[9]=0
Refinement input: 7087 bricks
Setting regions...OK (0.000 s)
Refinement result: 7136 bricks (0.001 s)
Collecting and processing rays...OK (0.000 s)
Capturing...OK (0.000 s)
FYI: m_iteration_count = 3
FYI: level1 statistics:
     level1_cnt_plus[1]=5708;		level1_cnt_minus[1]=0
     level1_cnt_plus[2]=672;		level1_cnt_minus[2]=0
     level1_cnt_plus[3]=0;		level1_cnt_minus[3]=0
     level1_cnt_plus[4]=0;		level1_cnt_minus[4]=0
     level1_cnt_plus[5]=0;		level1_cnt_minus[5]=0
     level1_cnt_plus[6]=0;		level1_cnt_minus[6]=0
     level1_cnt_plus[7]=0;		level1_cnt_minus[7]=0
     level1_cnt_plus[8]=0;		level1_cnt_minus[8]=0
     level1_cnt_plus[9]=0;		level1_cnt_minus[9]=0
FYI: m_iteration_count = 4
FYI: level1 statistics:
     level1_cnt_plus[1]=5708;		level1_cnt_minus[1]=0
     level1_cnt_plus[2]=672;		level1_cnt_minus[2]=0
     level1_cnt_plus[3]=0;		level1_cnt_minus[3]=0
     level1_cnt_plus[4]=0;		level1_cnt_minus[4]=0
     level1_cnt_plus[5]=0;		level1_cnt_minus[5]=0
     level1_cnt_plus[6]=0;		level1_cnt_minus[6]=0
     level1_cnt_plus[7]=0;		level1_cnt_minus[7]=0
     level1_cnt_plus[8]=0;		level1_cnt_minus[8]=0
     level1_cnt_plus[9]=0;		level1_cnt_minus[9]=0
FYI: level1 statistics:
     level1_cnt_plus[1]=5708;		level1_cnt_minus[1]=0
     level1_cnt_plus[2]=672;		level1_cnt_minus[2]=0
     level1_cnt_plus[3]=0;		level1_cnt_minus[3]=0
     level1_cnt_plus[4]=0;		level1_cnt_minus[4]=0
     level1_cnt_plus[5]=0;		level1_cnt_minus[5]=0
     level1_cnt_plus[6]=0;		level1_cnt_minus[6]=0
     level1_cnt_plus[7]=0;		level1_cnt_minus[7]=0
     level1_cnt_plus[8]=0;		level1_cnt_minus[8]=0
     level1_cnt_plus[9]=0;		level1_cnt_minus[9]=0

-----------------------------------------------------------------------
U-shapes refinement...
Refinement input: 7136 bricks
Refinement result: 7136 bricks (0.001 s)
Collecting and processing rays...OK (0.000 s)
Capturing...OK (0.000 s)
-----------------------------------------------------------------------

-----------------------------------------------------------------------
Equi Distant Refiner:
Equi Distant Refiner takes 0.00 s
-----------------------------------------------------------------------
Building geometry takes 0.213 s
Geometry Fluid.0.
Total		7136
Partial	3012
Fluid		1309
Solid		2799
Bad		16

/-Ray Intersection---------------/ Time	0.049 s
Calls			2171
CorrectRay Calls	0



-----------------------------------------------------------------------
Building geometries takes 0.215 s
-----------------------------------------------------------------------

-----------------------------------------------------------------------
PostBuilding geometries:
-----------------------------------------------------------------------
PostBuilding body-set (0) geometry Fluid.0. (0)...
Collecting and processing rays...OK (0.000 s)
Capturing...OK (0.000 s)
PostBuilding geometry takes 0.000 s
Geometry Fluid.0.
Total		7136
Partial	3012
Fluid		1309
Solid		2799
Bad		16

-----------------------------------------------------------------------
PostBuilding geometries takes 0.001 s
-----------------------------------------------------------------------
Defect ray count	0
FYI: CNarrowChannelRefiner::RedistributeLevel1_step_1: is finished
FYI: level1 statistics:
     level1_cnt_plus[1]=3664;		level1_cnt_minus[1]=0
     level1_cnt_plus[2]=2716;		level1_cnt_minus[2]=0
     level1_cnt_plus[3]=0;		level1_cnt_minus[3]=0
     level1_cnt_plus[4]=0;		level1_cnt_minus[4]=0
     level1_cnt_plus[5]=0;		level1_cnt_minus[5]=0
     level1_cnt_plus[6]=0;		level1_cnt_minus[6]=0
     level1_cnt_plus[7]=0;		level1_cnt_minus[7]=0
     level1_cnt_plus[8]=0;		level1_cnt_minus[8]=0
     level1_cnt_plus[9]=0;		level1_cnt_minus[9]=0
FYI: CNarrowChannelRefiner::RedistributeLevel1_step_2: is started
FYI: CNarrowChannelRefiner::RedistributeLevel1_step_2: is finished
FYI: level1 statistics:
     level1_cnt_plus[1]=3844;		level1_cnt_minus[1]=0
     level1_cnt_plus[2]=2904;		level1_cnt_minus[2]=0
     level1_cnt_plus[3]=0;		level1_cnt_minus[3]=0
     level1_cnt_plus[4]=0;		level1_cnt_minus[4]=0
     level1_cnt_plus[5]=0;		level1_cnt_minus[5]=0
     level1_cnt_plus[6]=0;		level1_cnt_minus[6]=0
     level1_cnt_plus[7]=0;		level1_cnt_minus[7]=0
     level1_cnt_plus[8]=0;		level1_cnt_minus[8]=0
     level1_cnt_plus[9]=0;		level1_cnt_minus[9]=0
FYI: CNarrowChannelRefiner::RedistributeLevel1_step_3: is started
FYI: CNarrowChannelRefiner::RedistributeLevel1_step_3: is finished
RedistributeLevel1 takes:
FYI: level1 statistics:
     level1_cnt_plus[1]=3844;		level1_cnt_minus[1]=16
     level1_cnt_plus[2]=2904;		level1_cnt_minus[2]=4
     level1_cnt_plus[3]=0;		level1_cnt_minus[3]=0
     level1_cnt_plus[4]=0;		level1_cnt_minus[4]=0
     level1_cnt_plus[5]=0;		level1_cnt_minus[5]=0
     level1_cnt_plus[6]=0;		level1_cnt_minus[6]=0
     level1_cnt_plus[7]=0;		level1_cnt_minus[7]=0
     level1_cnt_plus[8]=0;		level1_cnt_minus[8]=0
     level1_cnt_plus[9]=0;		level1_cnt_minus[9]=0
-----------------------------------------------------------------------
MSH format builder (Iteration 0)
-----------------------------------------------------------------------
Memory Working Set Current = 39.70 Mb, Memory Working Set Peak = 46.24 Mb
Process Threads Number: 13
-----------------------------------------------------------------------
Loading geometries triangulation & x-stacks...OK
x-stacks size = 0.15 Mb
Total bricks count: 7136
-----------------------------------------------------------------------
MSH (Real Geometry) format constructor:
	Getting brick sets...OK (0.000 s)
	Min x-stack xeps = 0.000133787
	D / dh / eps [axis=0] = (0.0192344, 0.00080118, 8.0118e-07)
	D / dh / eps [axis=1] = (0.0669603, 0.000697503, 6.97503e-07)
	D / dh / eps [axis=2] = (0.0192362, 0.000801326, 8.01326e-07)
	Time (xeps): 0.000 s
Level 2
	Set (0)  size: 1536
	Set (0)  time: 0.022 s
	Set (1)  size: 1536
	Set (1)  time: 0.018 s
Level 1
	Set (0)  size: 1856
	Set (0)  time: 0.009 s
	Set (1)  size: 1856
	Set (1)  time: 0.010 s
Level 0
	Set (0)  size: 176
	Set (0)  time: 0.001 s
	Set (1)  size: 176
	Set (1)  time: 0.001 s
Result:
	Bricks number:                        7136

	Memory usage:                         1.667 MB
	Memory usage (per brick):             0.239 KB
	Construction time:                    0.062 s

	Topology features:
	------------------
	- High quality bricks                  99.97 % (7134)
	- Medium quality bricks                 0.03 % (2)
	- Bad quality bricks                    0.00 % (0)
	- Ribs corrected bricks                 0.00 % (0)
	- Points with geom-info (bricks)        0.03 % (2)
	- Points with closest-info (bricks)     0.00 % (0)
	- Triangulated by center (bricks)       0.14 % (10)
	- Facet w-faces mergings (bricks)       0.00 % (0)
	- To refine (bricks)                    0.00 % (0)

-----------------------------------------------------------------------
Memory Working Set Current = 51.23 Mb, Memory Working Set Peak = 51.23 Mb
Process Threads Number: 13
-----------------------------------------------------------------------
-----------------------------------------------------------------------
-----------------------------------------------------------------------
MSH --> BCF format (Iteration 0)...
BCF collector...(remove mode=0)
	Time (alloc counter per brick): 0.000 s
	Brick    count: 7136
	Av.f all count: 4353
	Av.s all count: 5851
	Av.f pid count: 3060
	Av.s pid count: 3052
	Faces fs count: 6340
	Faces ff count: 0
	Faces ss count: 0
	Faces bb count: 0
	Faces fe count: 0
	Faces se count: 2388
	Faces fw count: 8728
	Faces af count: 12215
	Faces as count: 15821
	Time (all count): 	0.002 s
	Time (bcf alloc): 	0.001 s
	Time (shifts alloc): 	0.000 s
	Time (shifts init): 	0.000 s
	Time (bcf fill): 	0.004 s
	Time (add av to faces): 0.000 s
	Time (add faces to av): 0.001 s
Time (bcf collect): 		0.010 s
	AV checker...
	Time (check av): 	0.003 s
	Subdomain checker...
		Subdomains construction time: 0.001 s.
		Subdomains sort time: 0.000 s.
			Subdomain 0 (geom_ind=0): 4353 av
			Subdomain 1 (geom_ind=1): 5851 av
		gi: 0, subdomains: 1, real bodies: 1
		gi: 1, subdomains: 1, real bodies: 0
		Defect subdomains: 0
	Time (check subdoms): 	0.001 s
Time (bcf iteration total): 	0.014 s
	Time (fw-nb): 		0.001 s
	Fixed mutual fw-nb:     3482 (bb: 0)
	Time (fw-nb mutual): 	0.001 s
	Time (fw-nb sort): 	0.000 s
	Fw-opt BEFORE total:    8728 (fs=6340, ff=0, ss=0)
	Fw-opt AFTER  total:    6384 (fs=3996, ff=0, ss=0, failed fw/br=0/0, big_curv=2, big_poly=0)
	Fw-opt RESULT:          2344 (res/(fs+ff+ss) = 36.97 %)
	Time (fw-opt): 		0.002 s
	Time (fw-re-order): 	0.001 s
	Time (fw-nb): 		0.004 s
	Fixed mutual fw-nb:     12986 (bb: 0)
	Time (fw-nb mutual): 	0.001 s
	Time (fw-nb sort): 	0.000 s
	Time (rfd fix): 	0.000 s
	Time (av convexity): 	0.003 s
	Time (av small volume): 0.000 s
	Time (diagonal fw-nb): 	0.008 s
	Fixed mutual fw-nb:     0 (bb: 0)
	Time (fw-nb mutual): 	0.001 s
	Time (fw-nb sort): 	0.000 s
	Fluid subdomains: 1
	Faces fw-nb diff sd:    0
	Time (fw-nb diff sd): 	0.000 s
Time (bcf calc): 		0.023 s
-----------------------------------------------------------------------
Time (bcf total): 		0.038 s
-----------------------------------------------------------------------
-----------------------------------------------------------------------
Mega-cv constructor for fluid...
	 4 av's is treated as thin
Relative size generator (threshold = 0.05)...
	Iteration 1 (small cluster count = 469)
	Iteration 2 (small cluster count = 256)
	Iteration 3 (small cluster count = 69)
	Iteration 4 (small cluster count = 14)
	Iteration 5 (small cluster count = 0)
	 444 mega-cv's generated
	 0 mega-cv's removed
Relative size generator is completed OK (0.001 s)
Apply fa-rules to mega-cv clusters fixes...
OK (0.000 s)
Convert clusters:
	 444 mega-cv's total
Mega-cv count: 444
Time (mega-cv fill): 	0.001 s
Time (mega-cv total): 	0.004 s
-----------------------------------------------------------------------
Mixing plane rotation regions: NO.
Sliding mesh rotation regions: NO.
Fluid/fluid faces: NO.
----------------------------------------------------------
BCF --> BCF.GEOMSUBDOM (bridge arrays):
MESH (0):
	Fluid Subdom Constructor: 1 subdom(s).
	Solid Subdom Constructor: 1 subdom(s).
	Net Asm Subdom Constructor: 0 subdom(s).
	GEOMSUBDOM (0): gi=0 fluid av=4353 cv=3884 fa=12215 fb=0 fw=3996 V=1.091626e-05
	Cache data...OK
	GEOMSUBDOM (1): gi=1 solid av=5851 cv=5851 fa=15821 fb=0 fw=6384 V=1.385883e-05
	Cache data...OK
	Setting nb of w-faces...OK (0.002 s).
	Correcting nb of w-faces...
	Time(correct_fw_nb)=0.001 s

MESH (0) checking:
	GEOMSUBDOM (0):fa_s=0.0156866693268713 fb_s=0.0000000000000000 fw_s=0.0035286594972473 fw_nb=32000
	              :d_const(1189)=2.39398e-14 d_linear(72)=2.96133e-13
	GEOMSUBDOM (1):fa_s=0.0228285139994951 fb_s=0.0000000000000000 fw_s=0.0094206567641617 fw_nb=41904
	              :d_const(2232)=2.67022e-14 d_linear(794)=1.20382e-10
MESH (0) checking: OK.
Time (MDS): 	0.011 s
----------------------------------------------------------

-----------------------------------------------------------------------
BCF CHECKSUM DATA (Mesh 0):

WARNING! 258 w-face(s) without RefFacesData.
BRICK |Level1| Sum:               9676
FACE_A Area Sum:   G.Fluid        0.0156866693268713
FACE_A Area Sum:   G.Solid        0.0228285139994951
FACE_W Area Sum:                  0.0094206567641617
FACE_W Nb   Sum:                  41904
FACE_W min curvatures sum:        -1235466.46908140
FACE_W max curvatures sum:        5213165.67366791
AV Max Disbalance(Const) :        1.85356e-13 (cid=3863, t={2, 14, 15}, avid=2404, pid=1684)
AV Max Disbalance(Linear):        1.20382e-10 (cid=3632, t={8, 4, 12}, avid=7347, pid=1553)
-----------------------------------------------------------------------


-----------------------------------------------------------------------
MESHER TOPOLOGY DATA:

BRICKS: Total                 7136
BRICKS: 1-CV                  4092
BRICKS: 2-CV                  3020
BRICKS: 3-CV                  24
BRICKS: Bad                   0

AV:     G.Total               10204
AV:     G.Fluid               4353
AV:     G.Solid               5851

AV:     G.Fluid Thin Profile    0.18 % (8)
AV:     G.Solid Thin Profile    0.27 % (16)

AV:     G.Fluid Thin For Mega   0.09 % (4)
AV:     G.Solid Thin For Mega   0.27 % (16)

AV:     G.Fluid Non-Convex     14.75 % (642)
AV:     G.Solid Non-Convex     18.22 % (1066)

AV:     G.Fluid Non-Ess-Convex      5.79 % (252)
AV:     G.Solid Non-Ess-Convex      7.67 % (449)

FACE_A: G.Fluid          (af) 12215 (partially opened 6176)
FACE_A: G.Solid          (as) 15821 (partially opened 6152)

FACE_B: G.Total          (b)  0

FACE_W: G.Total                 6384        Brick/Bound
FACE_W: G.Fluid/Solid    (fs_g) 3996        0           
FACE_W: G.Fluid/Fluid    (ff_g) 0           0           
FACE_W: G.Solid/Solid    (ss_g) 0           0           
FACE_W: G.Fluid/External (fe_g) 0
FACE_W: G.Solid/External (se_g) 2388

AV/CV max fa count (on brick side):4
AV/CV max fw count:                4
AV/CV max fb count:                0
AV/CV max fw poly count:           13

MEMORY: Total                   3.776 MB
MEMORY: Per Brick               0.542 KB
-----------------------------------------------------------------------

-----------------------------------------------------------------------
Connectivities information:
	Number of conns: 0
-----------------------------------------------------------------------
	Time (gap size): 	0.011 s
-----------------------------------------------------------------------
Calculating curvature and tolerance criteria...
Curvature: min=0 max=2.36989
Tolerance: min=0 max=0.000999985
Calculating curvature and tolerance criteria takes 0.038 s
-----------------------------------------------------------------------
MESH Build(FS) finished. Time=0.466 s
-----------------------------------------------------------------------
Current CPU = 0 sec

Nx=6
Ny=24
Nz=6
Max BRICK Level=2
Mesh Level=2
-----------------CModelBodies2MeshMapper::CollectData started -------------------------------
-----------------CModelBodies2MeshMapper Report -------------------------------
FluidDomains 1 SolidDomains 1 VoidDomains 0 
Domains RefIndexes
Domain 0, Index count 21
Domain 1, Index count 21
----------------- -------------------------------
	ModelBodies
Total resolved Bodies 0 BodySets 0

--------------------------------------------------------------------------
	Positive geometry Bodies
Total resolved Bodies 1 BodySets 1
BodySet 0
	Bodies list:
			#0	Name: ;	ID: be10152c-f5be-4f51-bbfe-83e20504fba9
	Domains list:		 0 

--------------------------------------------------------------------------
	Fluid regions
Total resolved Bodies 1 BodySets 1
BodySet 0	Material: Oxygen; 
	Bodies list:
			#0	Name: ;	ID: be10152c-f5be-4f51-bbfe-83e20504fba9
	Domains list:		 0 

--------------------------------------------------------------------------
-----------------CModelBodies2MeshMapper::CollectData finished successfully-------------------
Saving initial mesh in: N:\Downloads\GitHub\liquid-propellant-engine\2kN Heat Sink Engine\Revised Stack OD 6in\1\Parametric Study 1\25\25.fld .
Storing results...
Estimated CPT size=1.853 MB.
	Time (write bcf): 0.293 s
OK
-----------------------------------------------------------------------
Memory Working Set Current = 56.38 Mb, Memory Working Set Peak = 56.38 Mb
Process Threads Number: 13
-----------------------------------------------------------------------
Cleaning memory...
		Time (free xsl):                    	0.001 s
Free Geometry DB takes 0.000 s
	Time (free bcf): 	0.003 s
		Time (free bcf mesh):               	0.007 s
	Time (free mesher data):              	0.010 s
Copying... OK
Mesh generation normally finished at	28.4.2021	5:16:19
Mesher CPU = 1 sec
Mesher is finished at	28.4.2021	5:16:19
-----------------------------------------------------------------------
Memory Working Set Current = 32.63 Mb, Memory Working Set Peak = 56.76 Mb
Process Threads Number: 13
-----------------------------------------------------------------------
Algebra Pool      : mem_usage = 0.19 Mb, allocated count = 0
Log ended at 28.04.2021	05:16:19
