Log started at 07.04.2021	14:07:03
Number of used processors (NPROC): 8.
Number of mesh partitions (NPART): 8.
Total Physical Memory = 15.96 Gb, Available Physical Memory = 10.05 Gb
Computer name:	MCAE01
Operating system:	Windows 10 (or higher) (Version 10.0.18363)

SOLIDWORKS 2020 SP4.0
Flow Simulation 2020  x64 / 4995 / MESHER ver. efd_dev.4663_05.07.2019 

Project: N:\Downloads\GitHub\liquid-propellant-engine\2kN Heat Sink Engine\Simulation Only\1\Parametric Study 2\10\10.xmlconfig
Configuration name: Default
Project name: Single Fluid (Water Substitute)
NGK: OFF
MBO: OFF

Mesh generation started:	7.4.2021	14:7:3
-----------------------------------------------------------------------
Mesher option run = eRunMesherNormal
-----------------------------------------------------------------------
Current CPU = 0 sec
-----------------------------------------------------------------------
Geometries initialization:
-----------------------------------------------------------------------
Loading mesh settings (global/local)...
-----------------------------------------------------------------------
Number of geometries from DB: 1
Geometry(0):
	Guid = {00000000-0000-0000-0000-000000000000}
	Fluid..
	1 Body.
	2 Real bodies.
	-- Bodyset 0 --
		Tolerance=3.3166e-05.
		103 Face(s).
			103 of b-spline type.
		0 Face(s) that have no ref faces
		13 Plane surface(s).
		33 Cylinder surface(s).
		5 Cone surface(s).
		4 Torus surface(s).
		48 B- surface(s).
		14822 Triangle(s).
		Getting triangle connectivities from DB: 0.002 s
		209 Edge(s).
			209 of b-spline type.
		BodyGeom reading: 0.023 s.
		61 Reference Face(s).
		10032 Reference Triangles.
		Getting triangle connectivities from DB (Ref): 0.001 s
		BodyGeom Ref reading: 0.002 s.
		Getting triangle connectivities from DB (Extra Triangulation): 0.001 s
Geometry(1):
	Solid.
	-- Bodyset 1 --
	Empty
-----------------------------------------------------------------------
Number of geometries in task: 2
Number of bodysets   in task: 2
-----------------------------------------------------------------------
	Making hash and connectivity for Bodyset ...
		CBodyGeom:
		Hash size: {18, 30, 16}.
		Mesh size: {18, 10, 16}.
		Hashing triangles...Ok.
			axis(0) tr sizes: average=63 max=4783
			axis(1) tr sizes: average=81 max=2918
			axis(2) tr sizes: average=56 max=4865
		Number of t-connected sets:3
			(0) size=12
			(1) size=8214 cavity
			(2) size=6596 cavity
		Done.
		CBodyGeomRef:
		Hashing triangles...Ok.
			axis(0) tr sizes: average=293 max=2204
			axis(1) tr sizes: average=206 max=2183
			axis(2) tr sizes: average=288 max=2548
		Done.
	0.0151 s.
Geometries reading and preparing has taken 0.049 s.

Mapped triangles:
Hashing geometries triangles
	Triangles num=14822
	Triangles box={0.0241328  ,0.14832  ,0.140595  ,0.213401  ,0.102448  ,0.216524  }
		3d-hash size is 111548 bytes
Hashing peculiar surfaces triangles
	Triangles num=37
	Triangles box={0.0702151  ,0.0815803  ,0.185147  ,0.196579  ,0.215167  ,0.216361  }
		3d-hash size is 11928 bytes
	Triangles num=37
	Triangles box={0.024018  ,0.0307351  ,0.185147  ,0.196579  ,0.102187  ,0.111432  }
		3d-hash size is 11820 bytes
	Triangles num=37
	Triangles box={0.14367  ,0.148319  ,0.185147  ,0.196579  ,0.114046  ,0.124486  }
		3d-hash size is 11920 bytes
	Triangles num=37
	Triangles box={0.0773704  ,0.0888028  ,0.213256  ,0.213256  ,0.141572  ,0.153  }
		3d-hash size is 11932 bytes
	Triangles num=30
	Triangles box={0.0831231  ,0.0845875  ,0.142361  ,0.143858  ,0.141933  ,0.142147  }
		3d-hash size is 11648 bytes
	Triangles num=30
	Triangles box={0.0784758  ,0.0793933  ,0.142361  ,0.143858  ,0.143416  ,0.144577  }
		3d-hash size is 11676 bytes
	Triangles num=30
	Triangles box={0.0778954  ,0.0784423  ,0.142361  ,0.143858  ,0.148549  ,0.149924  }
		3d-hash size is 11648 bytes
	Triangles num=30
	Triangles box={0.0877369  ,0.0882838  ,0.142361  ,0.143858  ,0.144635  ,0.14601  }
		3d-hash size is 11704 bytes
	Triangles num=30
	Triangles box={0.0857921  ,0.0869533  ,0.142361  ,0.143858  ,0.142666  ,0.143583  }
		3d-hash size is 11684 bytes
	Triangles num=30
	Triangles box={0.0815917  ,0.0830561  ,0.142361  ,0.143858  ,0.152413  ,0.152627  }
		3d-hash size is 11648 bytes
	Triangles num=30
	Triangles box={0.0843588  ,0.085734  ,0.142361  ,0.143858  ,0.151927  ,0.152474  }
		3d-hash size is 11692 bytes
	Triangles num=30
	Triangles box={0.0792259  ,0.0803871  ,0.142361  ,0.143858  ,0.150976  ,0.151894  }
		3d-hash size is 11684 bytes
	Triangles num=30
	Triangles box={0.0867859  ,0.0877034  ,0.142361  ,0.143858  ,0.149982  ,0.151143  }
		3d-hash size is 11648 bytes
	Triangles num=30
	Triangles box={0.0804451  ,0.0818203  ,0.142361  ,0.143858  ,0.142085  ,0.142632  }
		3d-hash size is 11648 bytes
	Triangles num=30
	Triangles box={0.0882225  ,0.0884365  ,0.142361  ,0.143858  ,0.147313  ,0.148778  }
		3d-hash size is 11648 bytes
	Triangles num=30
	Triangles box={0.0777427  ,0.0779566  ,0.142361  ,0.143858  ,0.145782  ,0.147246  }
		3d-hash size is 11648 bytes
	Triangles num=78
	Triangles box={0.0769688  ,0.0892111  ,0.173621  ,0.173621  ,0.141158  ,0.153401  }
		3d-hash size is 11944 bytes
Mapped triangles processed in 0.019 s.
-----------------------------------------------------------------------
Getting sectors:
Number of sectors: 0
-----------------------------------------------------------------------
-----------------------------------------------------------------------

Current CPU = 0 sec

-----------------------------------------------------------------------
Mesh dimensions:
				I[0 ]=18
				I[1 ]=10
				I[2 ]=16

Comp. domain size:
				a[0  ]=0.0242567
				a[1  ]=0.148196
				a[2  ]=0.140668
				a[3  ]=0.213329
				a[4  ]=0.102562
				a[5  ]=0.21641

Fluid calculated			1
Solid calculated			0
-----------------------------------------------------------------------
MESH Build started...
-----------------------------------------------------------------------
Mesh LEVEL = 4
-----------------------------------------------------------------------
Setting regions...OK (0.000 s)
Base mesh info------------------
	2D flag  =0
	Period   =[0, 0, 0]
	Nx=18
		x[0]=0.0242567
		x[1]=0.0311444
		x[2]=0.03803
		x[3]=0.0449155
		x[4]=0.051801
		x[5]=0.0586866
		x[6]=0.0655721
		x[7]=0.0724576
		x[8]=0.0793432
		x[9]=0.0862287
		x[10]=0.0931143
		x[11]=0.0999998
		x[12]=0.106885
		x[13]=0.113771
		x[14]=0.120656
		x[15]=0.127542
		x[16]=0.134427
		x[17]=0.141313
		x[18]=0.148196
	Ny=10
		y[0]=0.140668
		y[1]=0.147936
		y[2]=0.155202
		y[3]=0.162468
		y[4]=0.169734
		y[5]=0.177
		y[6]=0.184266
		y[7]=0.191532
		y[8]=0.198798
		y[9]=0.206064
		y[10]=0.213329
	Nz=16
		z[0]=0.102562
		z[1]=0.109679
		z[2]=0.116795
		z[3]=0.12391
		z[4]=0.131026
		z[5]=0.138141
		z[6]=0.145257
		z[7]=0.152372
		z[8]=0.159488
		z[9]=0.166603
		z[10]=0.173719
		z[11]=0.180834
		z[12]=0.18795
		z[13]=0.195065
		z[14]=0.202181
		z[15]=0.209296
		z[16]=0.21641
End of base mesh info---------
Input_mesh_settings--------------------------------
Settings 0----------------
	Scope: GLOBAL
	Type:	------MESHER_SETTINGS----------
	RefAllCells           =0
	RefFluidCells         =0
	RefPartCells          =0
	RefSolidCells         =0
	l_SSFR(Capture crit)  =4
	l_curv(Curvature crit)=0
	l_tol(Tolerance crit) =4
	  k_tol               =0.000377956
	UseChannelRef         =1
	  NCR_method          =0
	  l_NCR               =2
	  N_gap               =5
	  Use d_NCR_min       =0
	  Use d_NCR_max       =0
	IgnoreThinChannelsHeight         =0
	--END_OF_MESHER_SETTINGS-------
End of input mesh settings-------------------------

-----------------------------------------------------------------------
Building geometries:
-----------------------------------------------------------------------
Building body-set (0) of geometry Fluid.0.(0). ...

-----------------------------------------------------------------------
Refining by triangulation...
Refinement input: 2880 bricks
Setting regions...OK (0.000 s)
Setting regions...OK (0.000 s)
Setting regions...OK (0.000 s)
Setting regions...OK (0.000 s)
Setting regions...OK (0.000 s)
Refinement result: 18308 bricks (0.113 s)
Refinement input: 18308 bricks
Refinement result: 18308 bricks (0.004 s)
Collecting and processing rays...OK (0.104 s)
Capturing...OK (0.004 s)
Refining by triangulation takes 0.226 s
-----------------------------------------------------------------------

-----------------------------------------------------------------------
Refining peculiar surfaces...
Refinement input: 18308 bricks
Setting regions...OK (0.000 s)
Refinement result: 18364 bricks (0.002 s)
Refinement input: 18364 bricks
Setting regions...OK (0.000 s)
Refinement result: 18476 bricks (0.004 s)
Refinement input: 18476 bricks
Setting regions...OK (0.000 s)
Refinement result: 18483 bricks (0.002 s)
Refinement input: 18483 bricks
Setting regions...OK (0.000 s)
Refinement result: 18553 bricks (0.002 s)
Refinement input: 18553 bricks
Setting regions...OK (0.000 s)
Refinement result: 18609 bricks (0.002 s)
Refinement input: 18609 bricks
Setting regions...OK (0.000 s)
Refinement result: 18658 bricks (0.002 s)
5 surfaces refined
Refining peculiar surfaces takes 0.033 s
-----------------------------------------------------------------------
Collecting and processing rays...OK (0.002 s)
Capturing...OK (0.000 s)
Collecting and processing rays...OK (0.000 s)
Capturing...OK (0.000 s)
Collecting and processing rays...OK (0.000 s)
Capturing...OK (0.000 s)

-----------------------------------------------------------------------
Base mesh 1 Refining...
Refinement input: 18658 bricks
Refinement result: 18658 bricks (0.000 s)
Collecting and processing rays...OK (0.000 s)
Capturing...OK (0.000 s)
-----------------------------------------------------------------------
Refining channels...
FYI: CNarrowChannelRefiner::RefineChannels_PRLL
Refinement input: 18658 bricks
Setting regions...OK (0.000 s)
Refinement result: 20863 bricks (0.002 s)
Collecting and processing rays...OK (0.003 s)
Capturing...OK (0.001 s)
FYI: m_iteration_count = 0
FYI: level1 statistics:
     level1_cnt_plus[1]=2520;		level1_cnt_minus[1]=0
     level1_cnt_plus[2]=0;		level1_cnt_minus[2]=0
     level1_cnt_plus[3]=0;		level1_cnt_minus[3]=0
     level1_cnt_plus[4]=0;		level1_cnt_minus[4]=0
     level1_cnt_plus[5]=0;		level1_cnt_minus[5]=0
     level1_cnt_plus[6]=0;		level1_cnt_minus[6]=0
     level1_cnt_plus[7]=0;		level1_cnt_minus[7]=0
     level1_cnt_plus[8]=0;		level1_cnt_minus[8]=0
     level1_cnt_plus[9]=0;		level1_cnt_minus[9]=0
Refinement input: 20863 bricks
Setting regions...OK (0.000 s)
Refinement result: 21654 bricks (0.003 s)
Collecting and processing rays...OK (0.002 s)
Capturing...OK (0.000 s)
FYI: m_iteration_count = 1
FYI: level1 statistics:
     level1_cnt_plus[1]=3406;		level1_cnt_minus[1]=0
     level1_cnt_plus[2]=16;		level1_cnt_minus[2]=0
     level1_cnt_plus[3]=0;		level1_cnt_minus[3]=0
     level1_cnt_plus[4]=0;		level1_cnt_minus[4]=0
     level1_cnt_plus[5]=0;		level1_cnt_minus[5]=0
     level1_cnt_plus[6]=0;		level1_cnt_minus[6]=0
     level1_cnt_plus[7]=0;		level1_cnt_minus[7]=0
     level1_cnt_plus[8]=0;		level1_cnt_minus[8]=0
     level1_cnt_plus[9]=0;		level1_cnt_minus[9]=0
Refinement input: 21654 bricks
Setting regions...OK (0.000 s)
Refinement result: 21850 bricks (0.002 s)
Collecting and processing rays...OK (0.000 s)
Capturing...OK (0.000 s)
FYI: m_iteration_count = 2
FYI: level1 statistics:
     level1_cnt_plus[1]=3630;		level1_cnt_minus[1]=0
     level1_cnt_plus[2]=16;		level1_cnt_minus[2]=0
     level1_cnt_plus[3]=0;		level1_cnt_minus[3]=0
     level1_cnt_plus[4]=0;		level1_cnt_minus[4]=0
     level1_cnt_plus[5]=0;		level1_cnt_minus[5]=0
     level1_cnt_plus[6]=0;		level1_cnt_minus[6]=0
     level1_cnt_plus[7]=0;		level1_cnt_minus[7]=0
     level1_cnt_plus[8]=0;		level1_cnt_minus[8]=0
     level1_cnt_plus[9]=0;		level1_cnt_minus[9]=0
Refinement input: 21850 bricks
Setting regions...OK (0.000 s)
Refinement result: 21899 bricks (0.003 s)
Collecting and processing rays...OK (0.000 s)
Capturing...OK (0.000 s)
FYI: m_iteration_count = 3
FYI: level1 statistics:
     level1_cnt_plus[1]=3686;		level1_cnt_minus[1]=0
     level1_cnt_plus[2]=16;		level1_cnt_minus[2]=0
     level1_cnt_plus[3]=0;		level1_cnt_minus[3]=0
     level1_cnt_plus[4]=0;		level1_cnt_minus[4]=0
     level1_cnt_plus[5]=0;		level1_cnt_minus[5]=0
     level1_cnt_plus[6]=0;		level1_cnt_minus[6]=0
     level1_cnt_plus[7]=0;		level1_cnt_minus[7]=0
     level1_cnt_plus[8]=0;		level1_cnt_minus[8]=0
     level1_cnt_plus[9]=0;		level1_cnt_minus[9]=0
Refinement input: 21899 bricks
Setting regions...OK (0.000 s)
Refinement result: 21920 bricks (0.002 s)
Collecting and processing rays...OK (0.000 s)
Capturing...OK (0.000 s)
FYI: m_iteration_count = 4
FYI: level1 statistics:
     level1_cnt_plus[1]=3710;		level1_cnt_minus[1]=0
     level1_cnt_plus[2]=16;		level1_cnt_minus[2]=0
     level1_cnt_plus[3]=0;		level1_cnt_minus[3]=0
     level1_cnt_plus[4]=0;		level1_cnt_minus[4]=0
     level1_cnt_plus[5]=0;		level1_cnt_minus[5]=0
     level1_cnt_plus[6]=0;		level1_cnt_minus[6]=0
     level1_cnt_plus[7]=0;		level1_cnt_minus[7]=0
     level1_cnt_plus[8]=0;		level1_cnt_minus[8]=0
     level1_cnt_plus[9]=0;		level1_cnt_minus[9]=0
Refinement input: 21920 bricks
Setting regions...OK (0.000 s)
Refinement result: 21927 bricks (0.002 s)
Collecting and processing rays...OK (0.000 s)
Capturing...OK (0.000 s)
FYI: m_iteration_count = 5
FYI: level1 statistics:
     level1_cnt_plus[1]=3718;		level1_cnt_minus[1]=0
     level1_cnt_plus[2]=16;		level1_cnt_minus[2]=0
     level1_cnt_plus[3]=0;		level1_cnt_minus[3]=0
     level1_cnt_plus[4]=0;		level1_cnt_minus[4]=0
     level1_cnt_plus[5]=0;		level1_cnt_minus[5]=0
     level1_cnt_plus[6]=0;		level1_cnt_minus[6]=0
     level1_cnt_plus[7]=0;		level1_cnt_minus[7]=0
     level1_cnt_plus[8]=0;		level1_cnt_minus[8]=0
     level1_cnt_plus[9]=0;		level1_cnt_minus[9]=0
FYI: m_iteration_count = 6
FYI: level1 statistics:
     level1_cnt_plus[1]=3718;		level1_cnt_minus[1]=0
     level1_cnt_plus[2]=16;		level1_cnt_minus[2]=0
     level1_cnt_plus[3]=0;		level1_cnt_minus[3]=0
     level1_cnt_plus[4]=0;		level1_cnt_minus[4]=0
     level1_cnt_plus[5]=0;		level1_cnt_minus[5]=0
     level1_cnt_plus[6]=0;		level1_cnt_minus[6]=0
     level1_cnt_plus[7]=0;		level1_cnt_minus[7]=0
     level1_cnt_plus[8]=0;		level1_cnt_minus[8]=0
     level1_cnt_plus[9]=0;		level1_cnt_minus[9]=0
Refinement input: 21927 bricks
Setting regions...OK (0.000 s)
Refinement result: 23411 bricks (0.003 s)
Collecting and processing rays...OK (0.002 s)
Capturing...OK (0.000 s)
FYI: m_iteration_count = 7
FYI: level1 statistics:
     level1_cnt_plus[1]=5414;		level1_cnt_minus[1]=0
     level1_cnt_plus[2]=16;		level1_cnt_minus[2]=0
     level1_cnt_plus[3]=0;		level1_cnt_minus[3]=0
     level1_cnt_plus[4]=0;		level1_cnt_minus[4]=0
     level1_cnt_plus[5]=0;		level1_cnt_minus[5]=0
     level1_cnt_plus[6]=0;		level1_cnt_minus[6]=0
     level1_cnt_plus[7]=0;		level1_cnt_minus[7]=0
     level1_cnt_plus[8]=0;		level1_cnt_minus[8]=0
     level1_cnt_plus[9]=0;		level1_cnt_minus[9]=0
FYI: m_iteration_count = 8
FYI: level1 statistics:
     level1_cnt_plus[1]=5414;		level1_cnt_minus[1]=0
     level1_cnt_plus[2]=16;		level1_cnt_minus[2]=0
     level1_cnt_plus[3]=0;		level1_cnt_minus[3]=0
     level1_cnt_plus[4]=0;		level1_cnt_minus[4]=0
     level1_cnt_plus[5]=0;		level1_cnt_minus[5]=0
     level1_cnt_plus[6]=0;		level1_cnt_minus[6]=0
     level1_cnt_plus[7]=0;		level1_cnt_minus[7]=0
     level1_cnt_plus[8]=0;		level1_cnt_minus[8]=0
     level1_cnt_plus[9]=0;		level1_cnt_minus[9]=0
FYI: level1 statistics:
     level1_cnt_plus[1]=5414;		level1_cnt_minus[1]=0
     level1_cnt_plus[2]=16;		level1_cnt_minus[2]=0
     level1_cnt_plus[3]=0;		level1_cnt_minus[3]=0
     level1_cnt_plus[4]=0;		level1_cnt_minus[4]=0
     level1_cnt_plus[5]=0;		level1_cnt_minus[5]=0
     level1_cnt_plus[6]=0;		level1_cnt_minus[6]=0
     level1_cnt_plus[7]=0;		level1_cnt_minus[7]=0
     level1_cnt_plus[8]=0;		level1_cnt_minus[8]=0
     level1_cnt_plus[9]=0;		level1_cnt_minus[9]=0

-----------------------------------------------------------------------
U-shapes refinement...
Refinement input: 23411 bricks
Setting regions...OK (0.000 s)
Setting regions...OK (0.000 s)
Refinement result: 23880 bricks (0.011 s)
Collecting and processing rays...OK (0.007 s)
Capturing...OK (0.000 s)
-----------------------------------------------------------------------

-----------------------------------------------------------------------
Equi Distant Refiner:
Equi Distant Refiner takes 0.00 s
-----------------------------------------------------------------------
Building geometry takes 0.78 s
Geometry Fluid.0.
Total		23880
Partial	7827
Fluid		3318
Solid		12673
Bad		62

/-Ray Intersection---------------/ Time	0.462 s
Calls			9274
CorrectRay Calls	0



-----------------------------------------------------------------------
Building geometries takes 0.782 s
-----------------------------------------------------------------------

-----------------------------------------------------------------------
PostBuilding geometries:
-----------------------------------------------------------------------
PostBuilding body-set (0) geometry Fluid.0. (0)...
Collecting and processing rays...OK (0.000 s)
Capturing...OK (0.000 s)
PostBuilding geometry takes 0.001 s
Geometry Fluid.0.
Total		23880
Partial	7827
Fluid		3318
Solid		12673
Bad		62

-----------------------------------------------------------------------
PostBuilding geometries takes 0.002 s
-----------------------------------------------------------------------
Defect ray count	0
FYI: CNarrowChannelRefiner::RedistributeLevel1_step_1: is finished
FYI: level1 statistics:
     level1_cnt_plus[1]=3143;		level1_cnt_minus[1]=0
     level1_cnt_plus[2]=2265;		level1_cnt_minus[2]=0
     level1_cnt_plus[3]=0;		level1_cnt_minus[3]=0
     level1_cnt_plus[4]=0;		level1_cnt_minus[4]=0
     level1_cnt_plus[5]=0;		level1_cnt_minus[5]=0
     level1_cnt_plus[6]=0;		level1_cnt_minus[6]=0
     level1_cnt_plus[7]=0;		level1_cnt_minus[7]=0
     level1_cnt_plus[8]=0;		level1_cnt_minus[8]=0
     level1_cnt_plus[9]=0;		level1_cnt_minus[9]=0
FYI: CNarrowChannelRefiner::RedistributeLevel1_step_2: is started
FYI: CNarrowChannelRefiner::RedistributeLevel1_step_2: is finished
FYI: level1 statistics:
     level1_cnt_plus[1]=6175;		level1_cnt_minus[1]=0
     level1_cnt_plus[2]=3715;		level1_cnt_minus[2]=0
     level1_cnt_plus[3]=0;		level1_cnt_minus[3]=0
     level1_cnt_plus[4]=0;		level1_cnt_minus[4]=0
     level1_cnt_plus[5]=0;		level1_cnt_minus[5]=0
     level1_cnt_plus[6]=0;		level1_cnt_minus[6]=0
     level1_cnt_plus[7]=0;		level1_cnt_minus[7]=0
     level1_cnt_plus[8]=0;		level1_cnt_minus[8]=0
     level1_cnt_plus[9]=0;		level1_cnt_minus[9]=0
FYI: CNarrowChannelRefiner::RedistributeLevel1_step_3: is started
FYI: CNarrowChannelRefiner::RedistributeLevel1_step_3: is finished
RedistributeLevel1 takes:
FYI: level1 statistics:
     level1_cnt_plus[1]=6175;		level1_cnt_minus[1]=2793
     level1_cnt_plus[2]=3715;		level1_cnt_minus[2]=772
     level1_cnt_plus[3]=0;		level1_cnt_minus[3]=0
     level1_cnt_plus[4]=0;		level1_cnt_minus[4]=0
     level1_cnt_plus[5]=0;		level1_cnt_minus[5]=0
     level1_cnt_plus[6]=0;		level1_cnt_minus[6]=0
     level1_cnt_plus[7]=0;		level1_cnt_minus[7]=0
     level1_cnt_plus[8]=0;		level1_cnt_minus[8]=0
     level1_cnt_plus[9]=0;		level1_cnt_minus[9]=0
-----------------------------------------------------------------------
MSH format builder (Iteration 0)
-----------------------------------------------------------------------
Memory Working Set Current = 57.00 Mb, Memory Working Set Peak = 68.54 Mb
Process Threads Number: 21
-----------------------------------------------------------------------
Loading geometries triangulation & x-stacks...OK
x-stacks size = 0.67 Mb
Total bricks count: 23880
-----------------------------------------------------------------------
MSH (Real Geometry) format constructor:
	Getting brick sets...OK (0.001 s)
	Min x-stack xeps = 2.64591e-06
	D / dh / eps [axis=0] = (0.12394, 0.000430211, 4.30211e-07)
	D / dh / eps [axis=1] = (0.0726606, 0.000454005, 4.54005e-07)
	D / dh / eps [axis=2] = (0.113848, 0.000444617, 4.44617e-07)
	Time (xeps): 0.000 s
Level 4
	Set (0)  size: 1776
	Set (0)  time: 0.031 s
	Set (1)  size: 1776
	Set (1)  time: 0.026 s
Level 3
	Set (0)  size: 2696
	Set (0)  time: 0.027 s
	Set (1)  size: 2700
	Set (1)  time: 0.026 s
Level 2
	Set (0)  size: 5134
	Set (0)  time: 0.038 s
	Set (1)  size: 5120
	Set (1)  time: 0.035 s
Level 1
	Set (0)  size: 1126
	Set (0)  time: 0.001 s
	Set (1)  size: 1125
	Set (1)  time: 0.001 s
Level 0
	Set (0)  size: 1214
	Set (0)  time: 0.001 s
	Set (1)  size: 1213
	Set (1)  time: 0.001 s
Result:
	Bricks number:                        23880

	Memory usage:                         5.001 MB
	Memory usage (per brick):             0.214 KB
	Construction time:                    0.189 s

	Topology features:
	------------------
	- High quality bricks                  99.99 % (23877)
	- Medium quality bricks                 0.01 % (3)
	- Bad quality bricks                    0.00 % (0)
	- Ribs corrected bricks                 0.00 % (0)
	- Points with geom-info (bricks)        0.06 % (15)
	- Points with closest-info (bricks)     0.02 % (5)
	- Triangulated by center (bricks)       0.73 % (175)
	- Facet w-faces mergings (bricks)       0.00 % (0)
	- To refine (bricks)                    0.00 % (0)

-----------------------------------------------------------------------
Memory Working Set Current = 89.59 Mb, Memory Working Set Peak = 89.59 Mb
Process Threads Number: 21
-----------------------------------------------------------------------
-----------------------------------------------------------------------
-----------------------------------------------------------------------
MSH --> BCF format (Iteration 0)...
BCF collector...(remove mode=0)
	Time (alloc counter per brick): 0.001 s
	Brick    count: 23880
	Av.f all count: 11608
	Av.s all count: 20987
	Av.f pid count: 8312
	Av.s pid count: 8649
	Faces fs count: 20210
	Faces ff count: 0
	Faces ss count: 0
	Faces bb count: 0
	Faces fe count: 0
	Faces se count: 2465
	Faces fw count: 22675
	Faces af count: 32055
	Faces as count: 65861
	Time (all count): 	0.004 s
	Time (bcf alloc): 	0.001 s
	Time (shifts alloc): 	0.001 s
	Time (shifts init): 	0.001 s
	Time (bcf fill): 	0.011 s
	Time (add av to faces): 0.000 s
	Time (add faces to av): 0.005 s
Time (bcf collect): 		0.026 s
	AV checker...
	Time (check av): 	0.009 s
	Subdomain checker...
		Subdomains construction time: 0.005 s.
		Subdomains sort time: 0.000 s.
			Subdomain 0 (geom_ind=0): 9414 av
			Subdomain 1 (geom_ind=0): 2194 av
			Subdomain 2 (geom_ind=1): 20987 av
		gi: 0, subdomains: 2, real bodies: 2
		gi: 1, subdomains: 1, real bodies: 0
		Defect subdomains: 0
	Time (check subdoms): 	0.005 s
Time (bcf iteration total): 	0.041 s
	Time (fw-nb): 		0.002 s
	Fixed mutual fw-nb:     11964 (bb: 0)
	Time (fw-nb mutual): 	0.002 s
	Time (fw-nb sort): 	0.000 s
	Fw-opt BEFORE total:    22675 (fs=20210, ff=0, ss=0)
	Fw-opt AFTER  total:    13525 (fs=11060, ff=0, ss=0, failed fw/br=11/0, big_curv=38, big_poly=0)
	Fw-opt RESULT:          9150 (res/(fs+ff+ss) = 45.27 %)
	Time (fw-opt): 		0.007 s
	Time (fw-re-order): 	0.002 s
	Time (fw-nb): 		0.009 s
	Fixed mutual fw-nb:     28303 (bb: 0)
	Time (fw-nb mutual): 	0.002 s
	Time (fw-nb sort): 	0.000 s
	Time (rfd fix): 	0.000 s
	Time (av convexity): 	0.004 s
	Time (av small volume): 0.000 s
	Time (diagonal fw-nb): 	0.019 s
	Fixed mutual fw-nb:     0 (bb: 0)
	Time (fw-nb mutual): 	0.001 s
	Time (fw-nb sort): 	0.000 s
	Fluid subdomains: 2
	Faces fw-nb diff sd:    0
	Time (fw-nb diff sd): 	0.002 s
Time (bcf calc): 		0.056 s
-----------------------------------------------------------------------
Time (bcf total): 		0.097 s
-----------------------------------------------------------------------
-----------------------------------------------------------------------
Mega-cv constructor for fluid...
	 387 av's is treated as thin
Relative size generator (threshold = 0.05)...
	Iteration 1 (small cluster count = 852)
	Iteration 2 (small cluster count = 343)
	Iteration 3 (small cluster count = 72)
	Iteration 4 (small cluster count = 17)
	Iteration 5 (small cluster count = 3)
	Iteration 6 (small cluster count = 0)
	 819 mega-cv's generated
	 28 mega-cv's removed
Relative size generator is completed OK (0.003 s)
Apply fa-rules to mega-cv clusters fixes...
	Fa-rule violation fixes:       13 of       13 (total cluster# =      799)
OK (0.001 s)
Convert clusters:
	 795 mega-cv's total
Mega-cv count: 795
Time (mega-cv fill): 	0.002 s
Time (mega-cv total): 	0.014 s
-----------------------------------------------------------------------
Mixing plane rotation regions: NO.
Sliding mesh rotation regions: NO.
Fluid/fluid faces: NO.
----------------------------------------------------------
BCF --> BCF.GEOMSUBDOM (bridge arrays):
MESH (0):
	Fluid Subdom Constructor: 2 subdom(s).
	Solid Subdom Constructor: 1 subdom(s).
	Net Asm Subdom Constructor: 0 subdom(s).
	GEOMSUBDOM (0): gi=0 fluid av=9414 cv=8773 fa=26046 fb=0 fw=8385 V=2.151523e-05
	Cache data...OK
	GEOMSUBDOM (1): gi=0 fluid av=2194 cv=1921 fa=6009 fb=0 fw=2675 V=2.206189e-06
	Cache data...OK
	GEOMSUBDOM (2): gi=1 solid av=20987 cv=20987 fa=65861 fb=0 fw=13525 V=1.001542e-03
	Cache data...OK
	Setting nb of w-faces...OK (0.006 s).
	Correcting nb of w-faces...
	Time(correct_fw_nb)=0.005 s

MESH (0) checking:
	GEOMSUBDOM (0):fa_s=0.0387745497750813 fb_s=0.0000000000000000 fw_s=0.0091548959561424 fw_nb=65532
	              :d_const(147)=1.04448e-10 d_linear(147)=6.18125e-10
	GEOMSUBDOM (1):fa_s=0.0044048974925217 fb_s=0.0000000000000000 fw_s=0.0016443762725588 fw_nb=21758
	              :d_const(360)=4.51505e-10 d_linear(360)=2.88101e-09
	GEOMSUBDOM (2):fa_s=0.4874632809707620 fb_s=0.0000000000000000 fw_s=0.0735755031797477 fw_nb=97714
	              :d_const(6131)=3.40744e-10 d_linear(5584)=1.12463e-06
MESH (0) checking: OK.
Time (MDS): 	0.058 s
----------------------------------------------------------

-----------------------------------------------------------------------
BCF CHECKSUM DATA (Mesh 0):

WARNING! 277 w-face(s) without RefFacesData.
BRICK |Level1| Sum:               17942
FACE_A Area Sum:   G.Fluid        0.0431794472676030
FACE_A Area Sum:   G.Solid        0.4874632809707619
FACE_W Area Sum:                  0.0735755031797477
FACE_W Nb   Sum:                  97714
FACE_W min curvatures sum:        -3338962.00322628
FACE_W max curvatures sum:        5778254.64783216
AV Max Disbalance(Const) :        4.51505e-10 (cid=12390, t={128, 5, 96}, avid=6154, pid=4447)
AV Max Disbalance(Linear):        1.12463e-06 (cid=7732, t={128, 5, 95}, avid=18458, pid=2660)
-----------------------------------------------------------------------


-----------------------------------------------------------------------
MESHER TOPOLOGY DATA:

BRICKS: Total                 23880
BRICKS: 1-CV                  15634
BRICKS: 2-CV                  7781
BRICKS: 3-CV                  461
BRICKS: 4-CV                  4
BRICKS: Bad                   0

AV:     G.Total               32595
AV:     G.Fluid               11608
AV:     G.Solid               20987

AV:     G.Fluid Thin Profile    3.44 % (399)
AV:     G.Solid Thin Profile    0.31 % (66)

AV:     G.Fluid Thin For Mega   3.33 % (387)
AV:     G.Solid Thin For Mega   0.27 % (57)

AV:     G.Fluid Non-Convex     23.93 % (2778)
AV:     G.Solid Non-Convex     16.94 % (3556)

AV:     G.Fluid Non-Ess-Convex      6.14 % (713)
AV:     G.Solid Non-Ess-Convex      6.22 % (1305)

FACE_A: G.Fluid          (af) 32055 (partially opened 17694)
FACE_A: G.Solid          (as) 65861 (partially opened 18390)

FACE_B: G.Total          (b)  0

FACE_W: G.Total                 13525       Brick/Bound
FACE_W: G.Fluid/Solid    (fs_g) 11060       0           
FACE_W: G.Fluid/Fluid    (ff_g) 0           0           
FACE_W: G.Solid/Solid    (ss_g) 0           0           
FACE_W: G.Fluid/External (fe_g) 0
FACE_W: G.Solid/External (se_g) 2465

AV/CV max fa count (on brick side):7
AV/CV max fw count:                7
AV/CV max fb count:                0
AV/CV max fw poly count:           49

MEMORY: Total                   11.352 MB
MEMORY: Per Brick               0.487 KB
-----------------------------------------------------------------------

-----------------------------------------------------------------------
Connectivities information:
	Number of conns: 0
-----------------------------------------------------------------------
	Time (gap size): 	0.028 s
-----------------------------------------------------------------------
Calculating curvature and tolerance criteria...
Curvature: min=0 max=3.1402
Tolerance: min=0 max=0.00044656
Calculating curvature and tolerance criteria takes 0.159 s
-----------------------------------------------------------------------
MESH Build(FS) finished. Time=1.615 s
-----------------------------------------------------------------------
Current CPU = 2 sec

Nx=18
Ny=10
Nz=16
Max BRICK Level=4
Mesh Level=4
-----------------CModelBodies2MeshMapper::CollectData started -------------------------------
-----------------CModelBodies2MeshMapper Report -------------------------------
FluidDomains 2 SolidDomains 1 VoidDomains 0 
Domains RefIndexes
Domain 0, Index count 19
Domain 1, Index count 42
Domain 2, Index count 61
----------------- -------------------------------
	ModelBodies
Total resolved Bodies 0 BodySets 0

--------------------------------------------------------------------------
	Positive geometry Bodies
Total resolved Bodies 2 BodySets 2
BodySet 0
	Bodies list:
			#0	Name: ;	ID: 17dd46a3-3f49-483f-a6b6-edef958b3075
	Domains list:		 1 
BodySet 1
	Bodies list:
			#0	Name: ;	ID: c85cd925-ccdc-47f2-8b62-850d0deed948
	Domains list:		 0 

--------------------------------------------------------------------------
	Fluid regions
Total resolved Bodies 2 BodySets 1
BodySet 0	Material: Water; 
	Bodies list:
			#0	Name: ;	ID: 17dd46a3-3f49-483f-a6b6-edef958b3075
			#1	Name: ;	ID: c85cd925-ccdc-47f2-8b62-850d0deed948
	Domains list:		 0 		 1 

--------------------------------------------------------------------------
-----------------CModelBodies2MeshMapper::CollectData finished successfully-------------------
Saving initial mesh in: N:\Downloads\GitHub\liquid-propellant-engine\2kN Heat Sink Engine\Simulation Only\1\Parametric Study 2\10\10.fld .
Storing results...
Estimated CPT size=5.580 MB.
	Time (write bcf): 1.103 s
OK
-----------------------------------------------------------------------
Memory Working Set Current = 105.77 Mb, Memory Working Set Peak = 105.77 Mb
Process Threads Number: 21
-----------------------------------------------------------------------
Cleaning memory...
		Time (free xsl):                    	0.003 s
Free Geometry DB takes 0.000 s
	Time (free bcf): 	0.011 s
		Time (free bcf mesh):               	0.027 s
	Time (free mesher data):              	0.033 s
Copying... OK
Mesh generation normally finished at	7.4.2021	14:7:6
Mesher CPU = 3 sec
Mesher is finished at	7.4.2021	14:7:6
-----------------------------------------------------------------------
Memory Working Set Current = 48.52 Mb, Memory Working Set Peak = 106.14 Mb
Process Threads Number: 21
-----------------------------------------------------------------------
Algebra Pool      : mem_usage = 0.75 Mb, allocated count = 0
Log ended at 07.04.2021	14:07:06
