Log started at 07.04.2021	13:56:44
Number of used processors (NPROC): 8.
Number of mesh partitions (NPART): 8.
Total Physical Memory = 15.96 Gb, Available Physical Memory = 10.11 Gb
Computer name:	MCAE01
Operating system:	Windows 10 (or higher) (Version 10.0.18363)

SOLIDWORKS 2020 SP4.0
Flow Simulation 2020  x64 / 4995 / MESHER ver. efd_dev.4663_05.07.2019 

Project: N:\Downloads\GitHub\liquid-propellant-engine\2kN Heat Sink Engine\Simulation Only\1\Parametric Study 2\5\5.xmlconfig
Configuration name: Default
Project name: Single Fluid (Water Substitute)
NGK: OFF
MBO: OFF

Mesh generation started:	7.4.2021	13:56:44
-----------------------------------------------------------------------
Mesher option run = eRunMesherNormal
-----------------------------------------------------------------------
Current CPU = 0 sec
-----------------------------------------------------------------------
Geometries initialization:
-----------------------------------------------------------------------
Loading mesh settings (global/local)...
-----------------------------------------------------------------------
Number of geometries from DB: 1
Geometry(0):
	Guid = {00000000-0000-0000-0000-000000000000}
	Fluid..
	1 Body.
	2 Real bodies.
	-- Bodyset 0 --
		Tolerance=3.3166e-05.
		103 Face(s).
			103 of b-spline type.
		0 Face(s) that have no ref faces
		13 Plane surface(s).
		33 Cylinder surface(s).
		5 Cone surface(s).
		4 Torus surface(s).
		48 B- surface(s).
		15020 Triangle(s).
		Getting triangle connectivities from DB: 0.001 s
		214 Edge(s).
			214 of b-spline type.
		BodyGeom reading: 0.022 s.
		61 Reference Face(s).
		10228 Reference Triangles.
		Getting triangle connectivities from DB (Ref): 0.001 s
		BodyGeom Ref reading: 0.002 s.
		Getting triangle connectivities from DB (Extra Triangulation): 0.002 s
Geometry(1):
	Solid.
	-- Bodyset 1 --
	Empty
-----------------------------------------------------------------------
Number of geometries in task: 2
Number of bodysets   in task: 2
-----------------------------------------------------------------------
	Making hash and connectivity for Bodyset ...
		CBodyGeom:
		Hash size: {18, 30, 16}.
		Mesh size: {18, 10, 16}.
		Hashing triangles...Ok.
			axis(0) tr sizes: average=64 max=4873
			axis(1) tr sizes: average=84 max=2856
			axis(2) tr sizes: average=56 max=4897
		Number of t-connected sets:3
			(0) size=12
			(1) size=8218 cavity
			(2) size=6790 cavity
		Done.
		CBodyGeomRef:
		Hashing triangles...Ok.
			axis(0) tr sizes: average=246 max=2298
			axis(1) tr sizes: average=200 max=2257
			axis(2) tr sizes: average=239 max=2553
		Done.
	0.014 s.
Geometries reading and preparing has taken 0.047 s.

Mapped triangles:
Hashing geometries triangles
	Triangles num=15020
	Triangles box={0.0238178  ,0.148539  ,0.145985  ,0.21339  ,0.102015  ,0.216581  }
		3d-hash size is 115048 bytes
Hashing peculiar surfaces triangles
	Triangles num=37
	Triangles box={0.0702151  ,0.0815803  ,0.185147  ,0.196579  ,0.215167  ,0.216361  }
		3d-hash size is 11980 bytes
	Triangles num=37
	Triangles box={0.024018  ,0.0307351  ,0.185147  ,0.196579  ,0.102187  ,0.111432  }
		3d-hash size is 11888 bytes
	Triangles num=37
	Triangles box={0.14367  ,0.148319  ,0.185147  ,0.196579  ,0.114046  ,0.124486  }
		3d-hash size is 11988 bytes
	Triangles num=37
	Triangles box={0.0773704  ,0.0888028  ,0.213256  ,0.213256  ,0.141572  ,0.153  }
		3d-hash size is 11952 bytes
	Triangles num=30
	Triangles box={0.0831231  ,0.0845875  ,0.14774  ,0.149237  ,0.141933  ,0.142147  }
		3d-hash size is 11648 bytes
	Triangles num=30
	Triangles box={0.0784758  ,0.0793933  ,0.14774  ,0.149237  ,0.143416  ,0.144577  }
		3d-hash size is 11684 bytes
	Triangles num=30
	Triangles box={0.0778954  ,0.0784423  ,0.14774  ,0.149237  ,0.148549  ,0.149924  }
		3d-hash size is 11648 bytes
	Triangles num=30
	Triangles box={0.0877369  ,0.0882838  ,0.14774  ,0.149237  ,0.144635  ,0.14601  }
		3d-hash size is 11684 bytes
	Triangles num=30
	Triangles box={0.0857921  ,0.0869533  ,0.14774  ,0.149237  ,0.142666  ,0.143583  }
		3d-hash size is 11684 bytes
	Triangles num=30
	Triangles box={0.0815917  ,0.0830561  ,0.14774  ,0.149237  ,0.152413  ,0.152627  }
		3d-hash size is 11648 bytes
	Triangles num=30
	Triangles box={0.0843588  ,0.085734  ,0.14774  ,0.149237  ,0.151927  ,0.152474  }
		3d-hash size is 11684 bytes
	Triangles num=30
	Triangles box={0.0792259  ,0.0803871  ,0.14774  ,0.149237  ,0.150976  ,0.151894  }
		3d-hash size is 11676 bytes
	Triangles num=30
	Triangles box={0.0867859  ,0.0877034  ,0.14774  ,0.149237  ,0.149982  ,0.151143  }
		3d-hash size is 11648 bytes
	Triangles num=30
	Triangles box={0.0804451  ,0.0818203  ,0.14774  ,0.149237  ,0.142085  ,0.142632  }
		3d-hash size is 11648 bytes
	Triangles num=30
	Triangles box={0.0882225  ,0.0884365  ,0.14774  ,0.149237  ,0.147313  ,0.148778  }
		3d-hash size is 11648 bytes
	Triangles num=30
	Triangles box={0.0777427  ,0.0779566  ,0.14774  ,0.149237  ,0.145782  ,0.147246  }
		3d-hash size is 11648 bytes
	Triangles num=78
	Triangles box={0.0769688  ,0.0892111  ,0.173621  ,0.173621  ,0.141158  ,0.153401  }
		3d-hash size is 11944 bytes
Mapped triangles processed in 0.023 s.
-----------------------------------------------------------------------
Getting sectors:
Number of sectors: 0
-----------------------------------------------------------------------
-----------------------------------------------------------------------

Current CPU = 0 sec

-----------------------------------------------------------------------
Mesh dimensions:
				I[0 ]=18
				I[1 ]=10
				I[2 ]=16

Comp. domain size:
				a[0  ]=0.0239423
				a[1  ]=0.148414
				a[2  ]=0.146052
				a[3  ]=0.213323
				a[4  ]=0.102129
				a[5  ]=0.216467

Fluid calculated			1
Solid calculated			0
-----------------------------------------------------------------------
MESH Build started...
-----------------------------------------------------------------------
Mesh LEVEL = 4
-----------------------------------------------------------------------
Setting regions...OK (0.000 s)
Base mesh info------------------
	2D flag  =0
	Period   =[0, 0, 0]
	Nx=18
		x[0]=0.0239423
		x[1]=0.0308596
		x[2]=0.0377747
		x[3]=0.0446898
		x[4]=0.0516049
		x[5]=0.05852
		x[6]=0.0654351
		x[7]=0.0723502
		x[8]=0.0792653
		x[9]=0.0861804
		x[10]=0.0930955
		x[11]=0.100011
		x[12]=0.106926
		x[13]=0.113841
		x[14]=0.120756
		x[15]=0.127671
		x[16]=0.134586
		x[17]=0.141501
		x[18]=0.148414
	Ny=10
		y[0]=0.146052
		y[1]=0.152781
		y[2]=0.159508
		y[3]=0.166235
		y[4]=0.172962
		y[5]=0.17969
		y[6]=0.186417
		y[7]=0.193144
		y[8]=0.199871
		y[9]=0.206598
		y[10]=0.213323
	Nz=16
		z[0]=0.102129
		z[1]=0.109277
		z[2]=0.116423
		z[3]=0.123569
		z[4]=0.130715
		z[5]=0.137861
		z[6]=0.145008
		z[7]=0.152154
		z[8]=0.1593
		z[9]=0.166446
		z[10]=0.173592
		z[11]=0.180738
		z[12]=0.187884
		z[13]=0.19503
		z[14]=0.202176
		z[15]=0.209322
		z[16]=0.216467
End of base mesh info---------
Input_mesh_settings--------------------------------
Settings 0----------------
	Scope: GLOBAL
	Type:	------MESHER_SETTINGS----------
	RefAllCells           =0
	RefFluidCells         =0
	RefPartCells          =0
	RefSolidCells         =0
	l_SSFR(Capture crit)  =4
	l_curv(Curvature crit)=0
	l_tol(Tolerance crit) =4
	  k_tol               =0.000377956
	UseChannelRef         =1
	  NCR_method          =0
	  l_NCR               =2
	  N_gap               =5
	  Use d_NCR_min       =0
	  Use d_NCR_max       =0
	IgnoreThinChannelsHeight         =0
	--END_OF_MESHER_SETTINGS-------
End of input mesh settings-------------------------

-----------------------------------------------------------------------
Building geometries:
-----------------------------------------------------------------------
Building body-set (0) of geometry Fluid.0.(0). ...

-----------------------------------------------------------------------
Refining by triangulation...
Refinement input: 2880 bricks
Setting regions...OK (0.000 s)
Setting regions...OK (0.000 s)
Setting regions...OK (0.000 s)
Setting regions...OK (0.000 s)
Setting regions...OK (0.000 s)
Refinement result: 19785 bricks (0.122 s)
Refinement input: 19785 bricks
Setting regions...OK (0.000 s)
Refinement result: 19799 bricks (0.007 s)
Collecting and processing rays...OK (0.084 s)
Capturing...OK (0.003 s)
Refining by triangulation takes 0.216 s
-----------------------------------------------------------------------

-----------------------------------------------------------------------
Refining peculiar surfaces...
Refinement input: 19799 bricks
Setting regions...OK (0.000 s)
Refinement result: 19848 bricks (0.002 s)
Refinement input: 19848 bricks
Setting regions...OK (0.000 s)
Refinement result: 19869 bricks (0.002 s)
Refinement input: 19869 bricks
Setting regions...OK (0.000 s)
Refinement result: 19911 bricks (0.002 s)
Refinement input: 19911 bricks
Setting regions...OK (0.000 s)
Refinement result: 19946 bricks (0.003 s)
Refinement input: 19946 bricks
Setting regions...OK (0.000 s)
Refinement result: 19995 bricks (0.002 s)
Refinement input: 19995 bricks
Setting regions...OK (0.000 s)
Refinement result: 20030 bricks (0.002 s)
Refinement input: 20030 bricks
Setting regions...OK (0.000 s)
Refinement result: 20114 bricks (0.003 s)
Refinement input: 20114 bricks
Setting regions...OK (0.000 s)
Refinement result: 20135 bricks (0.002 s)
Refinement input: 20135 bricks
Setting regions...OK (0.000 s)
Refinement result: 20142 bricks (0.002 s)
Refinement input: 20142 bricks
Setting regions...OK (0.000 s)
Refinement result: 20191 bricks (0.002 s)
Refinement input: 20191 bricks
Setting regions...OK (0.000 s)
Refinement result: 20205 bricks (0.002 s)
Refinement input: 20205 bricks
Setting regions...OK (0.000 s)
Refinement result: 20765 bricks (0.004 s)
12 surfaces refined
Refining peculiar surfaces takes 0.062 s
-----------------------------------------------------------------------
Collecting and processing rays...OK (0.011 s)
Capturing...OK (0.000 s)
Collecting and processing rays...OK (0.000 s)
Capturing...OK (0.000 s)
Collecting and processing rays...OK (0.000 s)
Capturing...OK (0.000 s)

-----------------------------------------------------------------------
Base mesh 1 Refining...
Refinement input: 20765 bricks
Refinement result: 20765 bricks (0.000 s)
Collecting and processing rays...OK (0.000 s)
Capturing...OK (0.000 s)
-----------------------------------------------------------------------
Refining channels...
FYI: CNarrowChannelRefiner::RefineChannels_PRLL
Refinement input: 20765 bricks
Setting regions...OK (0.000 s)
Refinement result: 22837 bricks (0.003 s)
Collecting and processing rays...OK (0.002 s)
Capturing...OK (0.000 s)
FYI: m_iteration_count = 0
FYI: level1 statistics:
     level1_cnt_plus[1]=2368;		level1_cnt_minus[1]=0
     level1_cnt_plus[2]=0;		level1_cnt_minus[2]=0
     level1_cnt_plus[3]=0;		level1_cnt_minus[3]=0
     level1_cnt_plus[4]=0;		level1_cnt_minus[4]=0
     level1_cnt_plus[5]=0;		level1_cnt_minus[5]=0
     level1_cnt_plus[6]=0;		level1_cnt_minus[6]=0
     level1_cnt_plus[7]=0;		level1_cnt_minus[7]=0
     level1_cnt_plus[8]=0;		level1_cnt_minus[8]=0
     level1_cnt_plus[9]=0;		level1_cnt_minus[9]=0
Refinement input: 22837 bricks
Setting regions...OK (0.000 s)
Refinement result: 23194 bricks (0.003 s)
Collecting and processing rays...OK (0.001 s)
Capturing...OK (0.000 s)
FYI: m_iteration_count = 1
FYI: level1 statistics:
     level1_cnt_plus[1]=2767;		level1_cnt_minus[1]=0
     level1_cnt_plus[2]=8;		level1_cnt_minus[2]=0
     level1_cnt_plus[3]=0;		level1_cnt_minus[3]=0
     level1_cnt_plus[4]=0;		level1_cnt_minus[4]=0
     level1_cnt_plus[5]=0;		level1_cnt_minus[5]=0
     level1_cnt_plus[6]=0;		level1_cnt_minus[6]=0
     level1_cnt_plus[7]=0;		level1_cnt_minus[7]=0
     level1_cnt_plus[8]=0;		level1_cnt_minus[8]=0
     level1_cnt_plus[9]=0;		level1_cnt_minus[9]=0
Refinement input: 23194 bricks
Setting regions...OK (0.000 s)
Refinement result: 23229 bricks (0.002 s)
Collecting and processing rays...OK (0.000 s)
Capturing...OK (0.000 s)
FYI: m_iteration_count = 2
FYI: level1 statistics:
     level1_cnt_plus[1]=2807;		level1_cnt_minus[1]=0
     level1_cnt_plus[2]=8;		level1_cnt_minus[2]=0
     level1_cnt_plus[3]=0;		level1_cnt_minus[3]=0
     level1_cnt_plus[4]=0;		level1_cnt_minus[4]=0
     level1_cnt_plus[5]=0;		level1_cnt_minus[5]=0
     level1_cnt_plus[6]=0;		level1_cnt_minus[6]=0
     level1_cnt_plus[7]=0;		level1_cnt_minus[7]=0
     level1_cnt_plus[8]=0;		level1_cnt_minus[8]=0
     level1_cnt_plus[9]=0;		level1_cnt_minus[9]=0
Refinement input: 23229 bricks
Setting regions...OK (0.000 s)
Refinement result: 23236 bricks (0.002 s)
Collecting and processing rays...OK (0.000 s)
Capturing...OK (0.000 s)
FYI: m_iteration_count = 3
FYI: level1 statistics:
     level1_cnt_plus[1]=2815;		level1_cnt_minus[1]=0
     level1_cnt_plus[2]=8;		level1_cnt_minus[2]=0
     level1_cnt_plus[3]=0;		level1_cnt_minus[3]=0
     level1_cnt_plus[4]=0;		level1_cnt_minus[4]=0
     level1_cnt_plus[5]=0;		level1_cnt_minus[5]=0
     level1_cnt_plus[6]=0;		level1_cnt_minus[6]=0
     level1_cnt_plus[7]=0;		level1_cnt_minus[7]=0
     level1_cnt_plus[8]=0;		level1_cnt_minus[8]=0
     level1_cnt_plus[9]=0;		level1_cnt_minus[9]=0
FYI: m_iteration_count = 4
FYI: level1 statistics:
     level1_cnt_plus[1]=2815;		level1_cnt_minus[1]=0
     level1_cnt_plus[2]=8;		level1_cnt_minus[2]=0
     level1_cnt_plus[3]=0;		level1_cnt_minus[3]=0
     level1_cnt_plus[4]=0;		level1_cnt_minus[4]=0
     level1_cnt_plus[5]=0;		level1_cnt_minus[5]=0
     level1_cnt_plus[6]=0;		level1_cnt_minus[6]=0
     level1_cnt_plus[7]=0;		level1_cnt_minus[7]=0
     level1_cnt_plus[8]=0;		level1_cnt_minus[8]=0
     level1_cnt_plus[9]=0;		level1_cnt_minus[9]=0
Refinement input: 23236 bricks
Setting regions...OK (0.000 s)
Refinement result: 27016 bricks (0.003 s)
Collecting and processing rays...OK (0.005 s)
Capturing...OK (0.001 s)
FYI: m_iteration_count = 5
FYI: level1 statistics:
     level1_cnt_plus[1]=7036;		level1_cnt_minus[1]=0
     level1_cnt_plus[2]=96;		level1_cnt_minus[2]=0
     level1_cnt_plus[3]=0;		level1_cnt_minus[3]=0
     level1_cnt_plus[4]=0;		level1_cnt_minus[4]=0
     level1_cnt_plus[5]=0;		level1_cnt_minus[5]=0
     level1_cnt_plus[6]=0;		level1_cnt_minus[6]=0
     level1_cnt_plus[7]=0;		level1_cnt_minus[7]=0
     level1_cnt_plus[8]=0;		level1_cnt_minus[8]=0
     level1_cnt_plus[9]=0;		level1_cnt_minus[9]=0
FYI: m_iteration_count = 6
FYI: level1 statistics:
     level1_cnt_plus[1]=7036;		level1_cnt_minus[1]=0
     level1_cnt_plus[2]=96;		level1_cnt_minus[2]=0
     level1_cnt_plus[3]=0;		level1_cnt_minus[3]=0
     level1_cnt_plus[4]=0;		level1_cnt_minus[4]=0
     level1_cnt_plus[5]=0;		level1_cnt_minus[5]=0
     level1_cnt_plus[6]=0;		level1_cnt_minus[6]=0
     level1_cnt_plus[7]=0;		level1_cnt_minus[7]=0
     level1_cnt_plus[8]=0;		level1_cnt_minus[8]=0
     level1_cnt_plus[9]=0;		level1_cnt_minus[9]=0
FYI: level1 statistics:
     level1_cnt_plus[1]=7036;		level1_cnt_minus[1]=0
     level1_cnt_plus[2]=96;		level1_cnt_minus[2]=0
     level1_cnt_plus[3]=0;		level1_cnt_minus[3]=0
     level1_cnt_plus[4]=0;		level1_cnt_minus[4]=0
     level1_cnt_plus[5]=0;		level1_cnt_minus[5]=0
     level1_cnt_plus[6]=0;		level1_cnt_minus[6]=0
     level1_cnt_plus[7]=0;		level1_cnt_minus[7]=0
     level1_cnt_plus[8]=0;		level1_cnt_minus[8]=0
     level1_cnt_plus[9]=0;		level1_cnt_minus[9]=0

-----------------------------------------------------------------------
U-shapes refinement...
Refinement input: 27016 bricks
Setting regions...OK (0.000 s)
Setting regions...OK (0.000 s)
Refinement result: 27415 bricks (0.011 s)
Collecting and processing rays...OK (0.008 s)
Capturing...OK (0.000 s)
-----------------------------------------------------------------------

-----------------------------------------------------------------------
Equi Distant Refiner:
Equi Distant Refiner takes 0.00 s
-----------------------------------------------------------------------
Building geometry takes 0.801 s
Geometry Fluid.0.
Total		27415
Partial	8347
Fluid		4795
Solid		14240
Bad		33

/-Ray Intersection---------------/ Time	0.469 s
Calls			10160
CorrectRay Calls	0



-----------------------------------------------------------------------
Building geometries takes 0.803 s
-----------------------------------------------------------------------

-----------------------------------------------------------------------
PostBuilding geometries:
-----------------------------------------------------------------------
PostBuilding body-set (0) geometry Fluid.0. (0)...
Collecting and processing rays...OK (0.000 s)
Capturing...OK (0.000 s)
PostBuilding geometry takes 0.001 s
Geometry Fluid.0.
Total		27415
Partial	8347
Fluid		4795
Solid		14240
Bad		33

-----------------------------------------------------------------------
PostBuilding geometries takes 0.002 s
-----------------------------------------------------------------------
Defect ray count	0
FYI: CNarrowChannelRefiner::RedistributeLevel1_step_1: is finished
FYI: level1 statistics:
     level1_cnt_plus[1]=1169;		level1_cnt_minus[1]=0
     level1_cnt_plus[2]=5946;		level1_cnt_minus[2]=0
     level1_cnt_plus[3]=0;		level1_cnt_minus[3]=0
     level1_cnt_plus[4]=0;		level1_cnt_minus[4]=0
     level1_cnt_plus[5]=0;		level1_cnt_minus[5]=0
     level1_cnt_plus[6]=0;		level1_cnt_minus[6]=0
     level1_cnt_plus[7]=0;		level1_cnt_minus[7]=0
     level1_cnt_plus[8]=0;		level1_cnt_minus[8]=0
     level1_cnt_plus[9]=0;		level1_cnt_minus[9]=0
FYI: CNarrowChannelRefiner::RedistributeLevel1_step_2: is started
FYI: CNarrowChannelRefiner::RedistributeLevel1_step_2: is finished
FYI: level1 statistics:
     level1_cnt_plus[1]=2016;		level1_cnt_minus[1]=0
     level1_cnt_plus[2]=10628;		level1_cnt_minus[2]=0
     level1_cnt_plus[3]=0;		level1_cnt_minus[3]=0
     level1_cnt_plus[4]=0;		level1_cnt_minus[4]=0
     level1_cnt_plus[5]=0;		level1_cnt_minus[5]=0
     level1_cnt_plus[6]=0;		level1_cnt_minus[6]=0
     level1_cnt_plus[7]=0;		level1_cnt_minus[7]=0
     level1_cnt_plus[8]=0;		level1_cnt_minus[8]=0
     level1_cnt_plus[9]=0;		level1_cnt_minus[9]=0
FYI: CNarrowChannelRefiner::RedistributeLevel1_step_3: is started
FYI: CNarrowChannelRefiner::RedistributeLevel1_step_3: is finished
RedistributeLevel1 takes:
FYI: level1 statistics:
     level1_cnt_plus[1]=2016;		level1_cnt_minus[1]=1528
     level1_cnt_plus[2]=10628;		level1_cnt_minus[2]=1194
     level1_cnt_plus[3]=0;		level1_cnt_minus[3]=0
     level1_cnt_plus[4]=0;		level1_cnt_minus[4]=0
     level1_cnt_plus[5]=0;		level1_cnt_minus[5]=0
     level1_cnt_plus[6]=0;		level1_cnt_minus[6]=0
     level1_cnt_plus[7]=0;		level1_cnt_minus[7]=0
     level1_cnt_plus[8]=0;		level1_cnt_minus[8]=0
     level1_cnt_plus[9]=0;		level1_cnt_minus[9]=0
-----------------------------------------------------------------------
MSH format builder (Iteration 0)
-----------------------------------------------------------------------
Memory Working Set Current = 57.57 Mb, Memory Working Set Peak = 72.63 Mb
Process Threads Number: 21
-----------------------------------------------------------------------
Loading geometries triangulation & x-stacks...OK
x-stacks size = 0.73 Mb
Total bricks count: 27415
-----------------------------------------------------------------------
MSH (Real Geometry) format constructor:
	Getting brick sets...OK (0.001 s)
	Min x-stack xeps = 1.13899e-05
	D / dh / eps [axis=0] = (0.124472, 0.000432058, 4.32058e-07)
	D / dh / eps [axis=1] = (0.0672709, 0.000420329, 4.20329e-07)
	D / dh / eps [axis=2] = (0.114337, 0.000446526, 4.46526e-07)
	Time (xeps): 0.000 s
Level 4
	Set (0)  size: 2296
	Set (0)  time: 0.038 s
	Set (1)  size: 2296
	Set (1)  time: 0.032 s
Level 3
	Set (0)  size: 2946
	Set (0)  time: 0.024 s
	Set (1)  size: 2952
	Set (1)  time: 0.024 s
Level 2
	Set (0)  size: 6155
	Set (0)  time: 0.042 s
	Set (1)  size: 6132
	Set (1)  time: 0.040 s
Level 1
	Set (0)  size: 1118
	Set (0)  time: 0.001 s
	Set (1)  size: 1125
	Set (1)  time: 0.001 s
Level 0
	Set (0)  size: 1205
	Set (0)  time: 0.001 s
	Set (1)  size: 1190
	Set (1)  time: 0.001 s
Result:
	Bricks number:                        27415

	Memory usage:                         5.309 MB
	Memory usage (per brick):             0.198 KB
	Construction time:                    0.206 s

	Topology features:
	------------------
	- High quality bricks                 100.00 % (27415)
	- Medium quality bricks                 0.00 % (0)
	- Bad quality bricks                    0.00 % (0)
	- Ribs corrected bricks                 0.00 % (0)
	- Points with geom-info (bricks)        0.01 % (3)
	- Points with closest-info (bricks)     0.03 % (8)
	- Triangulated by center (bricks)       0.73 % (201)
	- Facet w-faces mergings (bricks)       0.00 % (0)
	- To refine (bricks)                    0.00 % (0)

-----------------------------------------------------------------------
Memory Working Set Current = 90.21 Mb, Memory Working Set Peak = 90.21 Mb
Process Threads Number: 21
-----------------------------------------------------------------------
-----------------------------------------------------------------------
-----------------------------------------------------------------------
MSH --> BCF format (Iteration 0)...
BCF collector...(remove mode=0)
	Time (alloc counter per brick): 0.001 s
	Brick    count: 27415
	Av.f all count: 13651
	Av.s all count: 22975
	Av.f pid count: 8870
	Av.s pid count: 9151
	Faces fs count: 21392
	Faces ff count: 0
	Faces ss count: 0
	Faces bb count: 0
	Faces fe count: 0
	Faces se count: 2552
	Faces fw count: 23944
	Faces af count: 37865
	Faces as count: 72577
	Time (all count): 	0.005 s
	Time (bcf alloc): 	0.001 s
	Time (shifts alloc): 	0.002 s
	Time (shifts init): 	0.002 s
	Time (bcf fill): 	0.014 s
	Time (add av to faces): 0.000 s
	Time (add faces to av): 0.006 s
Time (bcf collect): 		0.031 s
	AV checker...
	Time (check av): 	0.013 s
	Subdomain checker...
		Subdomains construction time: 0.006 s.
		Subdomains sort time: 0.000 s.
			Subdomain 0 (geom_ind=0): 11208 av
			Subdomain 1 (geom_ind=0): 2443 av
			Subdomain 2 (geom_ind=1): 22975 av
		gi: 0, subdomains: 2, real bodies: 2
		gi: 1, subdomains: 1, real bodies: 0
		Defect subdomains: 0
	Time (check subdoms): 	0.007 s
Time (bcf iteration total): 	0.052 s
	Time (fw-nb): 		0.002 s
	Fixed mutual fw-nb:     12686 (bb: 0)
	Time (fw-nb mutual): 	0.003 s
	Time (fw-nb sort): 	0.000 s
	Fw-opt BEFORE total:    23944 (fs=21392, ff=0, ss=0)
	Fw-opt AFTER  total:    14253 (fs=11701, ff=0, ss=0, failed fw/br=2/1, big_curv=43, big_poly=0)
	Fw-opt RESULT:          9691 (res/(fs+ff+ss) = 45.30 %)
	Time (fw-opt): 		0.008 s
	Time (fw-re-order): 	0.003 s
	Time (fw-nb): 		0.010 s
	Fixed mutual fw-nb:     29821 (bb: 0)
	Time (fw-nb mutual): 	0.003 s
	Time (fw-nb sort): 	0.001 s
	Time (rfd fix): 	0.000 s
	Time (av convexity): 	0.005 s
	Time (av small volume): 0.001 s
	Time (diagonal fw-nb): 	0.021 s
	Fixed mutual fw-nb:     0 (bb: 0)
	Time (fw-nb mutual): 	0.001 s
	Time (fw-nb sort): 	0.001 s
	Fluid subdomains: 2
	Faces fw-nb diff sd:    0
	Time (fw-nb diff sd): 	0.003 s
Time (bcf calc): 		0.065 s
-----------------------------------------------------------------------
Time (bcf total): 		0.117 s
-----------------------------------------------------------------------
-----------------------------------------------------------------------
Mega-cv constructor for fluid...
	 338 av's is treated as thin
Relative size generator (threshold = 0.05)...
	Iteration 1 (small cluster count = 742)
	Iteration 2 (small cluster count = 302)
	Iteration 3 (small cluster count = 47)
	Iteration 4 (small cluster count = 4)
	Iteration 5 (small cluster count = 0)
	 709 mega-cv's generated
	 22 mega-cv's removed
Relative size generator is completed OK (0.003 s)
Apply fa-rules to mega-cv clusters fixes...
	Fa-rule violation fixes:       12 of       12 (total cluster# =      695)
OK (0.001 s)
Convert clusters:
	 689 mega-cv's total
Mega-cv count: 689
Time (mega-cv fill): 	0.002 s
Time (mega-cv total): 	0.019 s
-----------------------------------------------------------------------
Mixing plane rotation regions: NO.
Sliding mesh rotation regions: NO.
Fluid/fluid faces: NO.
----------------------------------------------------------
BCF --> BCF.GEOMSUBDOM (bridge arrays):
MESH (0):
	Fluid Subdom Constructor: 2 subdom(s).
	Solid Subdom Constructor: 1 subdom(s).
	Net Asm Subdom Constructor: 0 subdom(s).
	GEOMSUBDOM (0): gi=0 fluid av=11208 cv=10639 fa=31220 fb=0 fw=8876 V=2.859874e-05
	Cache data...OK
	GEOMSUBDOM (1): gi=0 fluid av=2443 cv=2255 fa=6645 fb=0 fw=2825 V=2.085718e-06
	Cache data...OK
	GEOMSUBDOM (2): gi=1 solid av=22975 cv=22975 fa=72577 fb=0 fw=14253 V=9.266983e-04
	Cache data...OK
	Setting nb of w-faces...OK (0.006 s).
	Correcting nb of w-faces...
	Time(correct_fw_nb)=0.005 s

MESH (0) checking:
	GEOMSUBDOM (0):fa_s=0.0514381142218625 fb_s=0.0000000000000000 fw_s=0.0102491762293958 fw_nb=69242
	              :d_const(274)=3.25231e-10 d_linear(274)=2.81213e-10
	GEOMSUBDOM (1):fa_s=0.0043280153732249 fb_s=0.0000000000000000 fw_s=0.0015522297453567 fw_nb=23100
	              :d_const(417)=1.89231e-13 d_linear(557)=7.66793e-13
	GEOMSUBDOM (2):fa_s=0.4660263501375383 fb_s=0.0000000000000000 fw_s=0.0723946933571707 fw_nb=103142
	              :d_const(680)=1.53628e-10 d_linear(680)=4.88084e-10
MESH (0) checking: OK.
Time (MDS): 	0.064 s
----------------------------------------------------------

-----------------------------------------------------------------------
BCF CHECKSUM DATA (Mesh 0):

WARNING! 275 w-face(s) without RefFacesData.
BRICK |Level1| Sum:               27188
FACE_A Area Sum:   G.Fluid        0.0557661295950874
FACE_A Area Sum:   G.Solid        0.4660263501375382
FACE_W Area Sum:                  0.0723946933571707
FACE_W Nb   Sum:                  103142
FACE_W min curvatures sum:        -3235998.70869827
FACE_W max curvatures sum:        5708855.95690775
AV Max Disbalance(Const) :        3.25231e-10 (cid=612, t={7, 119, 10}, avid=268, pid=223)
AV Max Disbalance(Linear):        4.88084e-10 (cid=616, t={7, 119, 11}, avid=14227, pid=232)
-----------------------------------------------------------------------


-----------------------------------------------------------------------
MESHER TOPOLOGY DATA:

BRICKS: Total                 27415
BRICKS: 1-CV                  18605
BRICKS: 2-CV                  8409
BRICKS: 3-CV                  401
BRICKS: Bad                   0

AV:     G.Total               36626
AV:     G.Fluid               13651
AV:     G.Solid               22975

AV:     G.Fluid Thin Profile    2.50 % (341)
AV:     G.Solid Thin Profile    0.26 % (60)

AV:     G.Fluid Thin For Mega   2.48 % (338)
AV:     G.Solid Thin For Mega   0.23 % (52)

AV:     G.Fluid Non-Convex     18.38 % (2509)
AV:     G.Solid Non-Convex     18.40 % (4228)

AV:     G.Fluid Non-Ess-Convex      5.61 % (766)
AV:     G.Solid Non-Ess-Convex      6.25 % (1437)

FACE_A: G.Fluid          (af) 37865 (partially opened 18767)
FACE_A: G.Solid          (as) 72577 (partially opened 19470)

FACE_B: G.Total          (b)  0

FACE_W: G.Total                 14253       Brick/Bound
FACE_W: G.Fluid/Solid    (fs_g) 11701       0           
FACE_W: G.Fluid/Fluid    (ff_g) 0           0           
FACE_W: G.Solid/Solid    (ss_g) 0           0           
FACE_W: G.Fluid/External (fe_g) 0
FACE_W: G.Solid/External (se_g) 2552

AV/CV max fa count (on brick side):6
AV/CV max fw count:                6
AV/CV max fb count:                0
AV/CV max fw poly count:           21

MEMORY: Total                   12.614 MB
MEMORY: Per Brick               0.471 KB
-----------------------------------------------------------------------

-----------------------------------------------------------------------
Connectivities information:
	Number of conns: 0
-----------------------------------------------------------------------
	Time (gap size): 	0.031 s
-----------------------------------------------------------------------
Calculating curvature and tolerance criteria...
Curvature: min=0 max=3.14055
Tolerance: min=0 max=0.000439458
Calculating curvature and tolerance criteria takes 0.162 s
-----------------------------------------------------------------------
MESH Build(FS) finished. Time=1.705 s
-----------------------------------------------------------------------
Current CPU = 2 sec

Nx=18
Ny=10
Nz=16
Max BRICK Level=4
Mesh Level=4
-----------------CModelBodies2MeshMapper::CollectData started -------------------------------
-----------------CModelBodies2MeshMapper Report -------------------------------
FluidDomains 2 SolidDomains 1 VoidDomains 0 
Domains RefIndexes
Domain 0, Index count 19
Domain 1, Index count 42
Domain 2, Index count 61
----------------- -------------------------------
	ModelBodies
Total resolved Bodies 0 BodySets 0

--------------------------------------------------------------------------
	Positive geometry Bodies
Total resolved Bodies 2 BodySets 2
BodySet 0
	Bodies list:
			#0	Name: ;	ID: 9c926d44-0a92-4408-a814-32c0d3aaa3bd
	Domains list:		 1 
BodySet 1
	Bodies list:
			#0	Name: ;	ID: 2f3b415d-64f8-4c10-a933-f46fe4d3fb93
	Domains list:		 0 

--------------------------------------------------------------------------
	Fluid regions
Total resolved Bodies 2 BodySets 1
BodySet 0	Material: Water; 
	Bodies list:
			#0	Name: ;	ID: 9c926d44-0a92-4408-a814-32c0d3aaa3bd
			#1	Name: ;	ID: 2f3b415d-64f8-4c10-a933-f46fe4d3fb93
	Domains list:		 0 		 1 

--------------------------------------------------------------------------
-----------------CModelBodies2MeshMapper::CollectData finished successfully-------------------
Saving initial mesh in: N:\Downloads\GitHub\liquid-propellant-engine\2kN Heat Sink Engine\Simulation Only\1\Parametric Study 2\5\5.fld .
Storing results...
Estimated CPT size=6.123 MB.
	Time (write bcf): 1.203 s
OK
-----------------------------------------------------------------------
Memory Working Set Current = 111.57 Mb, Memory Working Set Peak = 111.57 Mb
Process Threads Number: 21
-----------------------------------------------------------------------
Cleaning memory...
		Time (free xsl):                    	0.003 s
Free Geometry DB takes 0.000 s
	Time (free bcf): 	0.013 s
		Time (free bcf mesh):               	0.030 s
	Time (free mesher data):              	0.036 s
Copying... OK
Mesh generation normally finished at	7.4.2021	13:56:47
Mesher CPU = 3 sec
Mesher is finished at	7.4.2021	13:56:47
-----------------------------------------------------------------------
Memory Working Set Current = 48.79 Mb, Memory Working Set Peak = 111.95 Mb
Process Threads Number: 21
-----------------------------------------------------------------------
Algebra Pool      : mem_usage = 0.94 Mb, allocated count = 0
Log ended at 07.04.2021	13:56:47
